 278  0.00  132.2  100.00  0.18798E+10 334.9  -1.0 110.0  88.0  0.11221E+12 -0.10000E+01  0.19469E+10  0.40000E+09  65.2
 278  0.25  131.9  100.00  0.18800E+10 335.6  -1.0 110.0  87.9  0.11233E+12 -0.10000E+01  0.19469E+10  0.40000E+09  65.1
 278  0.50  131.5  100.00  0.18803E+10 336.2  -1.0 110.0  87.9  0.11225E+12 -0.10000E+01  0.19469E+10  0.40000E+09  65.0
 278  0.75  130.9  100.00  0.18807E+10 336.6  -1.0 110.0  87.9  0.11176E+12 -0.10000E+01  0.19469E+10  0.40000E+09  64.8
 278  1.00  130.0  100.00  0.18811E+10 336.8  -1.0 110.0  87.9  0.11070E+12 -0.10000E+01  0.19469E+10  0.40000E+09  64.6
 278  1.25  129.1  100.00  0.18817E+10 337.0  -1.0 110.0  87.9  0.10896E+12 -0.10000E+01  0.19469E+10  0.40000E+09  64.3
 278  1.50  127.9  100.00  0.18824E+10 336.9  -1.0 110.0  87.8  0.10647E+12 -0.10000E+01  0.19469E+10  0.40000E+09  64.0
 278  1.75  126.6  100.00  0.18833E+10 336.7  -1.0 110.0  87.8  0.10328E+12 -0.10000E+01  0.19469E+10  0.40000E+09  63.5
 278  2.00  125.2  100.00  0.18845E+10 336.3  -1.0 110.0  87.7  0.99503E+11 -0.10000E+01  0.19469E+10  0.40000E+09  63.0
 278  2.25  123.6  100.00  0.18858E+10 335.6  -1.0 110.0  87.6  0.95307E+11 -0.10000E+01  0.19469E+10  0.40000E+09  62.3
 278  2.50  122.0  100.00  0.18875E+10 334.7  -1.0 110.0  87.5  0.90931E+11 -0.10000E+01  0.19469E+10  0.40000E+09  61.5
 278  2.75  120.2  100.00  0.18895E+10 333.4  -1.0 110.0  87.4  0.86638E+11 -0.10000E+01  0.19469E+10  0.40000E+09  60.4
 278  3.00  118.3  100.00  0.18918E+10 331.7  -1.0 110.0  87.2  0.82698E+11 -0.10000E+01  0.19469E+10  0.40000E+09  59.2
 278  3.25  116.4  100.00  0.18945E+10 329.7  -1.0 110.0  87.0  0.79364E+11 -0.10000E+01  0.19469E+10  0.40000E+09  57.7
 278  3.50  114.4  100.00  0.18975E+10 327.2  -1.0 110.0  86.8  0.76867E+11 -0.10000E+01  0.19469E+10  0.40000E+09  55.9
 278  3.75  112.3  100.00  0.19008E+10 324.4  -1.0 110.0  86.5  0.75399E+11 -0.10000E+01  0.19469E+10  0.40000E+09  53.8
 278  4.00  110.2  100.00  0.19043E+10 321.2  -1.0 110.0  86.2  0.75122E+11 -0.10000E+01  0.19469E+10  0.40000E+09  51.4
 278  4.25  108.1  100.00  0.19079E+10 317.7  -1.0 110.0  85.9  0.76165E+11 -0.10000E+01  0.19469E+10  0.40000E+09  48.8
 278  4.50  105.9  100.00  0.19114E+10 313.9  -1.0 110.0  85.5  0.78635E+11 -0.10000E+01  0.19469E+10  0.40000E+09  45.9
 278  4.75  103.7  100.00  0.21968E+10 309.1  -1.0 110.0  85.1  0.82616E+11 -0.10000E+01  0.22426E+10  0.40000E+09  42.9
 278  5.00  101.4  100.00  0.29682E+10 303.2  -1.0 110.0  84.7  0.88175E+11 -0.10000E+01  0.30478E+10  0.40000E+09  39.9
 278  5.25   99.2  100.00  0.42490E+10 296.5  -1.0 110.0  84.2  0.95357E+11 -0.10000E+01  0.43887E+10  0.40000E+09  36.8
 278  5.50   96.9  100.00  0.62782E+10 289.1  -1.0 110.0  83.8  0.10418E+12 -0.10000E+01  0.65190E+10  0.40000E+09  34.0
 278  5.75   94.7  100.00  0.93409E+10 281.1  -1.0 110.0  83.4  0.11465E+12 -0.10000E+01  0.97420E+10  0.40000E+09  31.3
 278  6.00   92.4  100.00  0.13633E+11 272.5  -1.0 110.0  83.0  0.12674E+12 -0.10000E+01  0.14317E+11  0.40000E+09  28.9
 278  6.25   90.2  100.00  0.18721E+11 263.8  -1.0 110.0  82.7  0.14038E+12 -0.10000E+01  0.20268E+11  0.40000E+09  26.7
 278  6.50   87.9  100.00  0.24377E+11 255.3  -1.0 110.0  82.4  0.15552E+12 -0.10000E+01  0.27243E+11  0.40000E+09  24.9
 278  6.75   85.7  100.00  0.30111E+11 247.8  -1.0 110.0  82.1  0.17206E+12 -0.10000E+01  0.34646E+11  0.40000E+09  23.3
 278  7.00   83.6  100.00  0.35562E+11 241.7  -1.0 110.0  81.9  0.18990E+12 -0.10000E+01  0.41947E+11  0.40000E+09  22.0
 278  7.25   81.4  100.00  0.40566E+11 237.1  -1.0 110.0  81.7  0.20890E+12 -0.10000E+01  0.48847E+11  0.40000E+09  20.9
 278  7.50   79.3  100.00  0.45086E+11 233.9  -1.0 110.0  81.6  0.22891E+12 -0.10000E+01  0.55235E+11  0.40000E+09  20.0
 278  7.75   77.3  100.00  0.49147E+11 231.8  -1.0 110.0  81.5  0.24976E+12 -0.10000E+01  0.61101E+11  0.40000E+09  19.3
 278  8.00   75.3  100.00  0.52790E+11 230.7  -1.0 110.0  81.4  0.27119E+12 -0.10000E+01  0.66473E+11  0.40000E+09  18.8
 278  8.25   73.4  100.00  0.56055E+11 230.3  -1.0 110.0  81.3  0.29294E+12 -0.10000E+01  0.71387E+11  0.40000E+09  18.3
 278  8.50   71.6  100.00  0.58982E+11 230.4  -1.0 110.0  81.2  0.31464E+12 -0.10000E+01  0.75876E+11  0.40000E+09  17.9
 278  8.75   69.8  100.00  0.61600E+11 231.0  -1.0 110.0  81.2  0.33589E+12 -0.10000E+01  0.79970E+11  0.40000E+09  17.7
 278  9.00   68.1  100.00  0.63937E+11 231.9  -1.0 110.0  81.1  0.35627E+12 -0.10000E+01  0.83689E+11  0.40000E+09  17.4
 278  9.25   66.6  100.00  0.66016E+11 232.9  -1.0 110.0  81.1  0.37530E+12 -0.10000E+01  0.87052E+11  0.40000E+09  17.3
 278  9.50   65.1  100.00  0.67854E+11 234.0  -1.0 110.0  81.1  0.39254E+12 -0.10000E+01  0.90072E+11  0.40000E+09  17.1
 278  9.75   63.8  100.00  0.69467E+11 235.2  -1.0 110.0  81.1  0.40759E+12 -0.10000E+01  0.92761E+11  0.40000E+09  17.0
 278 10.00   62.5  100.00  0.70868E+11 236.2  -1.0 110.0  81.1  0.42015E+12 -0.10000E+01  0.95125E+11  0.40000E+09  16.9
 278 10.25   61.5  100.00  0.72232E+11 237.1  -1.0 110.0  81.0  0.43002E+12 -0.10000E+01  0.97171E+11  0.40373E+09  16.9
 278 10.50   60.5  100.00  0.74255E+11 237.9  -1.0 110.0  81.0  0.43716E+12 -0.10000E+01  0.98904E+11  0.42708E+09  16.8
 278 10.75   59.7  100.00  0.75861E+11 238.4  -1.0 110.0  81.0  0.44166E+12 -0.10000E+01  0.10033E+12  0.44553E+09  16.8
 278 11.00   59.1  100.00  0.77090E+11 238.7  -1.0 110.0  81.0  0.44373E+12 -0.10000E+01  0.10144E+12  0.45953E+09  16.8
 278 11.25   58.7  100.00  0.77967E+11 238.8  -1.0 110.0  81.0  0.44372E+12 -0.10000E+01  0.10226E+12  0.46945E+09  16.8
 278 11.50   58.4  100.00  0.78510E+11 238.8  -1.0 110.0  81.0  0.44204E+12 -0.10000E+01  0.10277E+12  0.47555E+09  16.7
 278 11.75   58.3  100.00  0.78729E+11 238.6  -1.0 110.0  81.0  0.43913E+12 -0.10000E+01  0.10297E+12  0.47800E+09  16.7
 278 12.00   58.3  100.00  0.78628E+11 238.3  -1.0 110.0  81.0  0.43544E+12 -0.10000E+01  0.10288E+12  0.47687E+09  16.7
 278 12.25   58.5  100.00  0.78205E+11 238.0  -1.0 110.0  81.0  0.43138E+12 -0.10000E+01  0.10248E+12  0.47212E+09  16.7
 278 12.50   58.9  100.00  0.77453E+11 237.7  -1.0 110.0  81.0  0.42728E+12 -0.10000E+01  0.10178E+12  0.46363E+09  16.8
 278 12.75   59.5  100.00  0.76356E+11 237.6  -1.0 110.0  81.0  0.42339E+12 -0.10000E+01  0.10077E+12  0.45117E+09  16.8
 278 13.00   60.2  100.00  0.74892E+11 237.6  -1.0 110.0  81.0  0.41988E+12 -0.10000E+01  0.99463E+11  0.43440E+09  16.8
 278 13.25   61.1  100.00  0.73027E+11 237.8  -1.0 110.0  81.0  0.41681E+12 -0.10000E+01  0.97843E+11  0.41290E+09  16.9
 278 13.50   62.1  100.00  0.71332E+11 238.2  -1.0 110.0  81.0  0.41417E+12 -0.10000E+01  0.95912E+11  0.40000E+09  16.9
 278 13.75   63.3  100.00  0.70006E+11 238.9  -1.0 110.0  81.1  0.41188E+12 -0.10000E+01  0.93664E+11  0.40000E+09  17.0
 278 14.00   64.6  100.00  0.68472E+11 239.7  -1.0 110.0  81.1  0.40981E+12 -0.10000E+01  0.91094E+11  0.40000E+09  17.1
 278 14.25   66.0  100.00  0.66717E+11 240.8  -1.0 110.0  81.1  0.40779E+12 -0.10000E+01  0.88195E+11  0.40000E+09  17.2
 278 14.50   67.6  100.00  0.64727E+11 242.1  -1.0 110.0  81.1  0.40566E+12 -0.10000E+01  0.84956E+11  0.40000E+09  17.4
 278 14.75   69.2  100.00  0.62485E+11 243.5  -1.0 110.0  81.2  0.40323E+12 -0.10000E+01  0.81366E+11  0.40000E+09  17.6
 278 15.00   70.9  100.00  0.59969E+11 245.1  -1.0 110.0  81.2  0.40036E+12 -0.10000E+01  0.77408E+11  0.40000E+09  17.8
 278 15.25   72.7  100.00  0.57156E+11 246.9  -1.0 110.0  81.3  0.39692E+12 -0.10000E+01  0.73061E+11  0.40000E+09  18.2
 278 15.50   74.6  100.00  0.54014E+11 248.8  -1.0 110.0  81.3  0.39280E+12 -0.10000E+01  0.68300E+11  0.40000E+09  18.6
 278 15.75   76.6  100.00  0.50508E+11 250.8  -1.0 110.0  81.4  0.38792E+12 -0.10000E+01  0.63092E+11  0.40000E+09  19.1
 278 16.00   78.6  100.00  0.46598E+11 253.1  -1.0 110.0  81.5  0.38223E+12 -0.10000E+01  0.57401E+11  0.40000E+09  19.7
 278 16.25   80.7  100.00  0.42241E+11 255.5  -1.0 110.0  81.7  0.37568E+12 -0.10000E+01  0.51194E+11  0.40000E+09  20.6
 278 16.50   82.8  100.00  0.37403E+11 258.1  -1.0 110.0  81.8  0.36825E+12 -0.10000E+01  0.44462E+11  0.40000E+09  21.6
 278 16.75   85.0  100.00  0.32091E+11 261.0  -1.0 110.0  82.0  0.35993E+12 -0.10000E+01  0.37269E+11  0.40000E+09  22.8
 278 17.00   87.2  100.00  0.26417E+11 264.1  -1.0 110.0  82.3  0.35072E+12 -0.10000E+01  0.29840E+11  0.40000E+09  24.3
 278 17.25   89.4  100.00  0.20669E+11 267.3  -1.0 110.0  82.6  0.34064E+12 -0.10000E+01  0.22630E+11  0.40000E+09  26.0
 278 17.50   91.6  100.00  0.15316E+11 270.5  -1.0 110.0  82.9  0.32971E+12 -0.10000E+01  0.16248E+11  0.40000E+09  28.1
 278 17.75   93.9  100.00  0.10694E+11 273.4  -1.0 110.0  83.2  0.31801E+12 -0.10000E+01  0.11167E+11  0.40000E+09  30.4
 278 18.00   96.1  100.00  0.72014E+10 276.2  -1.0 110.0  83.6  0.30560E+12 -0.10000E+01  0.74898E+10  0.40000E+09  33.0
 278 18.25   98.4  100.00  0.48438E+10 278.7  -1.0 110.0  84.1  0.29259E+12 -0.10000E+01  0.50126E+10  0.40000E+09  35.8
 278 18.50  100.7  100.00  0.33336E+10 281.1  -1.0 110.0  84.5  0.27912E+12 -0.10000E+01  0.34300E+10  0.40000E+09  38.8
 278 18.75  102.9  100.00  0.24103E+10 283.4  -1.0 110.0  84.9  0.26533E+12 -0.10000E+01  0.24652E+10  0.40000E+09  41.9
 278 19.00  105.1  100.00  0.19126E+10 285.7  -1.0 110.0  85.4  0.25141E+12 -0.10000E+01  0.19469E+10  0.40000E+09  44.9
 278 19.25  107.4  100.00  0.19091E+10 287.8  -1.0 110.0  85.8  0.23752E+12 -0.10000E+01  0.19469E+10  0.40000E+09  47.8
 278 19.50  109.5  100.00  0.19055E+10 290.1  -1.0 110.0  86.1  0.22384E+12 -0.10000E+01  0.19469E+10  0.40000E+09  50.6
 278 19.75  111.7  100.00  0.19020E+10 292.6  -1.0 110.0  86.4  0.21053E+12 -0.10000E+01  0.19469E+10  0.40000E+09  53.0
 278 20.00  113.8  100.00  0.18986E+10 295.4  -1.0 110.0  86.7  0.19776E+12 -0.10000E+01  0.19469E+10  0.40000E+09  55.2
 278 20.25  115.8  100.00  0.18955E+10 298.4  -1.0 110.0  87.0  0.18566E+12 -0.10000E+01  0.19469E+10  0.40000E+09  57.1
 278 20.50  117.8  100.00  0.18926E+10 301.5  -1.0 110.0  87.2  0.17433E+12 -0.10000E+01  0.19469E+10  0.40000E+09  58.7
 278 20.75  119.7  100.00  0.18902E+10 304.8  -1.0 110.0  87.3  0.16386E+12 -0.10000E+01  0.19469E+10  0.40000E+09  60.1
 278 21.00  121.5  100.00  0.18881E+10 308.1  -1.0 110.0  87.5  0.15434E+12 -0.10000E+01  0.19469E+10  0.40000E+09  61.2
 278 21.25  123.2  100.00  0.18863E+10 311.4  -1.0 110.0  87.6  0.14579E+12 -0.10000E+01  0.19469E+10  0.40000E+09  62.1
 278 21.50  124.8  100.00  0.18848E+10 314.6  -1.0 110.0  87.7  0.13825E+12 -0.10000E+01  0.19469E+10  0.40000E+09  62.8
 278 21.75  126.3  100.00  0.18836E+10 317.7  -1.0 110.0  87.7  0.13174E+12 -0.10000E+01  0.19469E+10  0.40000E+09  63.4
 278 22.00  127.7  100.00  0.18827E+10 320.6  -1.0 110.0  87.8  0.12625E+12 -0.10000E+01  0.19469E+10  0.40000E+09  63.9
 278 22.25  128.9  100.00  0.18819E+10 323.3  -1.0 110.0  87.8  0.12176E+12 -0.10000E+01  0.19469E+10  0.40000E+09  64.2
 278 22.50  130.0  100.00  0.18813E+10 325.7  -1.0 110.0  87.9  0.11823E+12 -0.10000E+01  0.19469E+10  0.40000E+09  64.5
 278 22.75  130.9  100.00  0.18808E+10 327.9  -1.0 110.0  87.9  0.11561E+12 -0.10000E+01  0.19469E+10  0.40000E+09  64.7
 278 23.00  131.6  100.00  0.18804E+10 329.8  -1.0 110.0  87.9  0.11380E+12 -0.10000E+01  0.19469E+10  0.40000E+09  64.9
 278 23.25  132.1  100.00  0.18801E+10 331.4  -1.0 110.0  87.9  0.11271E+12 -0.10000E+01  0.19469E+10  0.40000E+09  65.1
 278 23.50  132.5  100.00  0.18798E+10 332.8  -1.0 110.0  88.0  0.11220E+12 -0.10000E+01  0.19469E+10  0.40000E+09  65.2
 278 23.75  132.6  100.00  0.18796E+10 333.9  -1.0 110.0  88.0  0.11209E+12 -0.10000E+01  0.19469E+10  0.40000E+09  65.3
 278 24.00  132.6  100.00  0.18795E+10 334.9  -1.0 110.0  88.0  0.11221E+12 -0.10000E+01  0.19469E+10  0.40000E+09  65.3
