   1  7.00  100.2   70.00  0.55410E+07 282.5  -1.0 110.0  84.4  0.12309E+12 -0.10000E+01  0.43513E+10  0.40000E+09  37.9
   2  7.00  100.2   70.00  0.55780E+07 282.4  -1.0 110.0  84.4  0.12858E+12 -0.10000E+01  0.43565E+10  0.40000E+09  37.9
   3  7.00  100.1   70.00  0.56361E+07 282.4  -1.0 110.0  84.4  0.11904E+12 -0.10000E+01  0.43664E+10  0.40000E+09  37.9
   4  7.00  100.1   70.00  0.57154E+07 282.3  -1.0 110.0  84.4  0.11831E+12 -0.10000E+01  0.43813E+10  0.40000E+09  37.8
   5  7.00  100.1   70.00  0.58168E+07 282.2  -1.0 110.0  84.4  0.11758E+12 -0.10000E+01  0.44009E+10  0.40000E+09  37.8
   6  7.00  100.0   70.00  0.59408E+07 282.1  -1.0 110.0  84.4  0.11686E+12 -0.10000E+01  0.44255E+10  0.40000E+09  37.7
   7  7.00  100.0   70.00  0.60884E+07 282.0  -1.0 110.0  84.4  0.12188E+12 -0.10000E+01  0.44551E+10  0.40000E+09  37.7
   8  7.00   99.9   70.00  0.62606E+07 281.9  -1.0 110.0  84.3  0.11541E+12 -0.10000E+01  0.44902E+10  0.40000E+09  37.6
   9  7.00   99.9   70.00  0.64585E+07 281.8  -1.0 110.0  84.3  0.11470E+12 -0.10000E+01  0.45305E+10  0.40000E+09  37.5
  10  7.00   99.8   70.00  0.66835E+07 281.6  -1.0 110.0  84.3  0.11398E+12 -0.10000E+01  0.45766E+10  0.40000E+09  37.4
  11  7.00   99.7   70.00  0.69371E+07 281.5  -1.0 110.0  84.3  0.11327E+12 -0.10000E+01  0.46285E+10  0.40000E+09  37.3
  12  7.00   99.6   70.00  0.72208E+07 281.3  -1.0 110.0  84.3  0.11893E+12 -0.10000E+01  0.46864E+10  0.40000E+09  37.2
  13  7.00   99.6   70.00  0.75365E+07 281.2  -1.0 110.0  84.3  0.11702E+12 -0.10000E+01  0.47507E+10  0.40000E+09  37.1
  14  7.00   99.5   70.00  0.78861E+07 281.0  -1.0 110.0  84.3  0.11114E+12 -0.10000E+01  0.48216E+10  0.40000E+09  37.0
  15  7.00   99.4   70.00  0.82715E+07 280.8  -1.0 110.0  84.2  0.11043E+12 -0.10000E+01  0.48995E+10  0.40000E+09  36.8
  16  7.00   99.2   70.00  0.86949E+07 280.6  -1.0 110.0  84.2  0.11206E+12 -0.10000E+01  0.49850E+10  0.40000E+09  36.7
  17  7.00   99.1   70.00  0.91588E+07 280.4  -1.0 110.0  84.2  0.11370E+12 -0.10000E+01  0.50785E+10  0.40000E+09  36.5
  18  7.00   99.0   70.00  0.96654E+07 280.1  -1.0 110.0  84.2  0.11534E+12 -0.10000E+01  0.51798E+10  0.40000E+09  36.4
  19  7.00   98.9   70.00  0.10217E+08 279.9  -1.0 110.0  84.1  0.11700E+12 -0.10000E+01  0.52898E+10  0.40000E+09  36.2
  20  7.00   98.7   70.00  0.10817E+08 279.7  -1.0 110.0  84.1  0.11868E+12 -0.10000E+01  0.54086E+10  0.40000E+09  36.0
  21  7.00   98.6   70.00  0.11467E+08 279.4  -1.0 110.0  84.1  0.12416E+12 -0.10000E+01  0.55370E+10  0.40000E+09  35.8
  22  7.00   98.4   70.00  0.12170E+08 279.2  -1.0 110.0  84.1  0.12926E+12 -0.10000E+01  0.56754E+10  0.40000E+09  35.6
  23  7.00   98.3   70.00  0.12929E+08 278.9  -1.0 110.0  84.0  0.12631E+12 -0.10000E+01  0.58245E+10  0.40000E+09  35.4
  24  7.00   98.1   70.00  0.13746E+08 278.6  -1.0 110.0  84.0  0.12548E+12 -0.10000E+01  0.59849E+10  0.40000E+09  35.2
  25  7.00   98.0   70.00  0.14623E+08 278.3  -1.0 110.0  84.0  0.12722E+12 -0.10000E+01  0.61570E+10  0.40000E+09  35.0
  26  7.00   97.8   70.00  0.15564E+08 278.0  -1.0 110.0  83.9  0.12896E+12 -0.10000E+01  0.63419E+10  0.40000E+09  34.8
  27  7.00   97.6   70.00  0.16571E+08 277.6  -1.0 110.0  83.9  0.13071E+12 -0.10000E+01  0.65402E+10  0.40000E+09  34.6
  28  7.00   97.4   70.00  0.17645E+08 277.3  -1.0 110.0  83.9  0.13248E+12 -0.10000E+01  0.67529E+10  0.40000E+09  34.3
  29  7.00   97.2   70.00  0.18789E+08 277.0  -1.0 110.0  83.8  0.13426E+12 -0.10000E+01  0.69804E+10  0.40000E+09  34.1
  30  7.00   97.0   70.00  0.20004E+08 276.6  -1.0 110.0  83.8  0.13605E+12 -0.10000E+01  0.72240E+10  0.40000E+09  33.8
  31  7.00   96.8   70.00  0.21292E+08 276.2  -1.0 110.0  83.7  0.13786E+12 -0.10000E+01  0.74846E+10  0.40000E+09  33.6
  32  7.00   96.6   70.00  0.22654E+08 275.8  -1.0 110.0  83.7  0.13967E+12 -0.10000E+01  0.77633E+10  0.40000E+09  33.3
  33  7.00   96.4   70.00  0.24090E+08 275.4  -1.0 110.0  83.7  0.14150E+12 -0.10000E+01  0.80608E+10  0.40000E+09  33.1
  34  7.00   96.2   70.00  0.25600E+08 275.0  -1.0 110.0  83.6  0.14333E+12 -0.10000E+01  0.83785E+10  0.40000E+09  32.8
  35  7.00   95.9   70.00  0.27186E+08 274.5  -1.0 110.0  83.6  0.14518E+12 -0.10000E+01  0.87175E+10  0.40000E+09  32.5
  36  7.00   95.7   70.00  0.28845E+08 274.0  -1.0 110.0  83.5  0.14705E+12 -0.10000E+01  0.90791E+10  0.40000E+09  32.2
  37  7.00   95.4   70.00  0.30578E+08 273.6  -1.0 110.0  83.5  0.14892E+12 -0.10000E+01  0.94644E+10  0.40000E+09  32.0
  38  7.00   95.2   70.00  0.32383E+08 273.1  -1.0 110.0  83.4  0.15081E+12 -0.10000E+01  0.98745E+10  0.40000E+09  31.7
  39  7.00   94.9   70.00  0.34258E+08 272.6  -1.0 110.0  83.4  0.16266E+12 -0.10000E+01  0.10311E+11  0.40000E+09  31.4
  40  7.00   94.7   70.00  0.36200E+08 272.0  -1.0 110.0  83.4  0.15461E+12 -0.10000E+01  0.10775E+11  0.40000E+09  31.1
  41  7.00   94.4   70.00  0.38208E+08 271.5  -1.0 110.0  83.3  0.15653E+12 -0.10000E+01  0.11268E+11  0.40000E+09  30.8
  42  7.00   94.2   70.00  0.40277E+08 270.9  -1.0 110.0  83.3  0.15847E+12 -0.10000E+01  0.11791E+11  0.40000E+09  30.5
  43  7.00   93.9   70.00  0.42404E+08 270.3  -1.0 110.0  83.2  0.16041E+12 -0.10000E+01  0.12345E+11  0.40000E+09  30.2
  44  7.00   93.6   70.00  0.44586E+08 269.7  -1.0 110.0  83.2  0.16237E+12 -0.10000E+01  0.12932E+11  0.40000E+09  29.9
  45  7.00   93.3   70.00  0.46818E+08 269.0  -1.0 110.0  83.1  0.16434E+12 -0.10000E+01  0.13553E+11  0.40000E+09  29.6
  46  7.00   93.0   70.00  0.49096E+08 268.6  -1.0 110.0  83.1  0.16593E+12 -0.10000E+01  0.14208E+11  0.40000E+09  29.3
  47  7.00   92.7   70.00  0.51415E+08 268.1  -1.0 110.0  83.0  0.17151E+12 -0.10000E+01  0.14898E+11  0.40000E+09  29.0
  48  7.00   92.4   70.00  0.53769E+08 267.6  -1.0 110.0  83.0  0.16075E+12 -0.10000E+01  0.15625E+11  0.40000E+09  28.8
  49  7.00   92.1   70.00  0.56154E+08 267.1  -1.0 110.0  82.9  0.16430E+12 -0.10000E+01  0.16388E+11  0.40000E+09  28.5
  50  7.00   91.8   70.00  0.58565E+08 266.5  -1.0 110.0  82.9  0.17769E+12 -0.10000E+01  0.17189E+11  0.40000E+09  28.2
  51  7.00   91.5   70.00  0.60996E+08 266.0  -1.0 110.0  82.9  0.18047E+12 -0.10000E+01  0.18027E+11  0.40000E+09  27.9
  52  7.00   91.2   70.00  0.63442E+08 265.4  -1.0 110.0  82.8  0.17560E+12 -0.10000E+01  0.18902E+11  0.40000E+09  27.6
  53  7.00   90.9   70.00  0.65897E+08 264.7  -1.0 110.0  82.8  0.17724E+12 -0.10000E+01  0.19814E+11  0.40000E+09  27.3
  54  7.00   90.6   70.00  0.68357E+08 264.1  -1.0 110.0  82.7  0.17889E+12 -0.10000E+01  0.20761E+11  0.40000E+09  27.0
  55  7.00   90.3   70.00  0.70817E+08 263.5  -1.0 110.0  82.7  0.18054E+12 -0.10000E+01  0.21744E+11  0.40000E+09  26.7
  56  7.00   89.9   70.00  0.73271E+08 262.8  -1.0 110.0  82.6  0.18221E+12 -0.10000E+01  0.22761E+11  0.40000E+09  26.4
  57  7.00   89.6   70.00  0.75715E+08 262.1  -1.0 110.0  82.6  0.18388E+12 -0.10000E+01  0.23810E+11  0.40000E+09  26.2
  58  7.00   89.3   70.00  0.78143E+08 261.4  -1.0 110.0  82.5  0.18555E+12 -0.10000E+01  0.24890E+11  0.40000E+09  25.9
  59  7.00   88.9   70.00  0.80553E+08 260.6  -1.0 110.0  82.5  0.18724E+12 -0.10000E+01  0.25997E+11  0.40000E+09  25.6
  60  7.00   88.6   70.00  0.82940E+08 259.9  -1.0 110.0  82.4  0.18893E+12 -0.10000E+01  0.27131E+11  0.40000E+09  25.3
  61  7.00   88.3   70.00  0.85300E+08 259.2  -1.0 110.0  82.4  0.19063E+12 -0.10000E+01  0.28289E+11  0.40000E+09  25.1
  62  7.00   87.9   70.00  0.87629E+08 258.4  -1.0 110.0  82.4  0.19234E+12 -0.10000E+01  0.29468E+11  0.40000E+09  24.8
  63  7.00   87.6   70.00  0.89924E+08 257.6  -1.0 110.0  82.3  0.19406E+12 -0.10000E+01  0.30665E+11  0.40000E+09  24.6
  64  7.00   87.2   70.00  0.92183E+08 256.9  -1.0 110.0  82.3  0.19578E+12 -0.10000E+01  0.31878E+11  0.40000E+09  24.3
  65  7.00   86.9   70.00  0.94403E+08 256.1  -1.0 110.0  82.2  0.19751E+12 -0.10000E+01  0.33103E+11  0.40000E+09  24.1
  66  7.00   86.5   70.00  0.96581E+08 255.3  -1.0 110.0  82.2  0.19925E+12 -0.10000E+01  0.34339E+11  0.40000E+09  23.8
  67  7.00   86.2   70.00  0.98715E+08 254.6  -1.0 110.0  82.2  0.17246E+12 -0.10000E+01  0.35582E+11  0.40000E+09  23.6
  68  7.00   85.8   70.00  0.10080E+09 253.8  -1.0 110.0  82.1  0.20270E+12 -0.10000E+01  0.36831E+11  0.40000E+09  23.4
  69  7.00   85.5   70.00  0.10285E+09 253.0  -1.0 110.0  82.1  0.20451E+12 -0.10000E+01  0.38081E+11  0.40000E+09  23.1
  70  7.00   85.1   70.00  0.10484E+09 252.3  -1.0 110.0  82.1  0.20628E+12 -0.10000E+01  0.39332E+11  0.40000E+09  22.9
  71  7.00   84.7   70.00  0.10678E+09 251.6  -1.0 110.0  82.0  0.20806E+12 -0.10000E+01  0.40580E+11  0.40000E+09  22.7
  72  7.00   84.4   70.00  0.10868E+09 250.8  -1.0 110.0  82.0  0.21137E+12 -0.10000E+01  0.41825E+11  0.40000E+09  22.5
  73  7.00   84.0   70.00  0.11052E+09 250.1  -1.0 110.0  82.0  0.21163E+12 -0.10000E+01  0.43063E+11  0.40000E+09  22.3
  74  7.00   83.7   70.00  0.11232E+09 249.4  -1.0 110.0  81.9  0.21343E+12 -0.10000E+01  0.44295E+11  0.40000E+09  22.1
  75  7.00   83.3   70.00  0.11406E+09 248.7  -1.0 110.0  81.9  0.21484E+12 -0.10000E+01  0.45517E+11  0.40000E+09  21.9
  76  7.00   82.9   70.00  0.11575E+09 248.2  -1.0 110.0  81.9  0.20552E+12 -0.10000E+01  0.46727E+11  0.40000E+09  21.7
  77  7.00   82.6   70.00  0.11739E+09 247.8  -1.0 110.0  81.8  0.21017E+12 -0.10000E+01  0.47926E+11  0.40000E+09  21.5
  78  7.00   82.2   70.00  0.11898E+09 247.3  -1.0 110.0  81.8  0.22050E+12 -0.10000E+01  0.49112E+11  0.40000E+09  21.3
  79  7.00   81.8   70.00  0.12051E+09 246.9  -1.0 110.0  81.8  0.22127E+12 -0.10000E+01  0.50286E+11  0.40000E+09  21.1
  80  7.00   81.5   70.00  0.12200E+09 246.4  -1.0 110.0  81.7  0.22274E+12 -0.10000E+01  0.51444E+11  0.40000E+09  21.0
  81  7.00   81.1   70.00  0.12344E+09 246.0  -1.0 110.0  81.7  0.22431E+12 -0.10000E+01  0.52589E+11  0.40000E+09  20.8
  82  7.00   80.8   70.00  0.12483E+09 245.6  -1.0 110.0  81.7  0.22584E+12 -0.10000E+01  0.53718E+11  0.40000E+09  20.6
  83  7.00   80.4   70.00  0.12618E+09 245.3  -1.0 110.0  81.7  0.22738E+12 -0.10000E+01  0.54831E+11  0.40000E+09  20.5
  84  7.00   80.0   70.00  0.12747E+09 244.9  -1.0 110.0  81.6  0.22892E+12 -0.10000E+01  0.55928E+11  0.40000E+09  20.3
  85  7.00   79.7   70.00  0.12872E+09 244.6  -1.0 110.0  81.6  0.23047E+12 -0.10000E+01  0.57009E+11  0.40000E+09  20.2
  86  7.00   79.3   70.00  0.12993E+09 244.2  -1.0 110.0  81.6  0.23202E+12 -0.10000E+01  0.58073E+11  0.40000E+09  20.0
  87  7.00   79.0   70.00  0.13109E+09 243.9  -1.0 110.0  81.6  0.23358E+12 -0.10000E+01  0.59121E+11  0.40000E+09  19.9
  88  7.00   78.6   70.00  0.13221E+09 243.7  -1.0 110.0  81.5  0.23514E+12 -0.10000E+01  0.60152E+11  0.40000E+09  19.8
  89  7.00   78.3   70.00  0.13329E+09 243.4  -1.0 110.0  81.5  0.23670E+12 -0.10000E+01  0.61166E+11  0.40000E+09  19.6
  90  7.00   77.9   70.00  0.13433E+09 243.2  -1.0 110.0  81.5  0.23828E+12 -0.10000E+01  0.62164E+11  0.40000E+09  19.5
  91  7.00   77.6   70.00  0.13533E+09 242.9  -1.0 110.0  81.5  0.23985E+12 -0.10000E+01  0.63144E+11  0.40000E+09  19.4
  92  7.00   77.2   70.00  0.13629E+09 242.7  -1.0 110.0  81.5  0.24144E+12 -0.10000E+01  0.64108E+11  0.40000E+09  19.3
  93  7.00   76.9   70.00  0.13721E+09 242.5  -1.0 110.0  81.4  0.24302E+12 -0.10000E+01  0.65054E+11  0.40000E+09  19.2
  94  7.00   76.5   70.00  0.13810E+09 242.4  -1.0 110.0  81.4  0.22854E+12 -0.10000E+01  0.65985E+11  0.40000E+09  19.1
  95  7.00   76.2   70.00  0.13895E+09 242.2  -1.0 110.0  81.4  0.24623E+12 -0.10000E+01  0.66898E+11  0.40000E+09  19.0
  96  7.00   75.8   70.00  0.13977E+09 242.1  -1.0 110.0  81.4  0.24782E+12 -0.10000E+01  0.67795E+11  0.40000E+09  18.9
  97  7.00   75.5   70.00  0.14055E+09 242.0  -1.0 110.0  81.4  0.24943E+12 -0.10000E+01  0.68676E+11  0.40000E+09  18.8
  98  7.00   75.2   70.00  0.14131E+09 241.9  -1.0 110.0  81.4  0.25104E+12 -0.10000E+01  0.69540E+11  0.40000E+09  18.7
  99  7.00   74.8   70.00  0.14203E+09 241.8  -1.0 110.0  81.3  0.24045E+12 -0.10000E+01  0.70388E+11  0.40000E+09  18.6
 100  7.00   74.5   70.00  0.14273E+09 241.8  -1.0 110.0  81.3  0.25429E+12 -0.10000E+01  0.71220E+11  0.40000E+09  18.5
 101  7.00   74.2   70.00  0.14339E+09 241.8  -1.0 110.0  81.3  0.25592E+12 -0.10000E+01  0.72036E+11  0.40000E+09  18.4
 102  7.00   73.8   70.00  0.14403E+09 241.7  -1.0 110.0  81.3  0.25755E+12 -0.10000E+01  0.72835E+11  0.40000E+09  18.4
 103  7.00   73.5   70.00  0.14464E+09 241.8  -1.0 110.0  81.3  0.25919E+12 -0.10000E+01  0.73620E+11  0.40000E+09  18.3
 104  7.00   73.2   70.00  0.14523E+09 241.8  -1.0 110.0  81.3  0.24510E+12 -0.10000E+01  0.74388E+11  0.40000E+09  18.2
 105  7.00   72.9   70.00  0.14579E+09 241.8  -1.0 110.0  81.3  0.25502E+12 -0.10000E+01  0.75141E+11  0.40000E+09  18.1
 106  7.00   72.6   70.00  0.14633E+09 241.9  -1.0 110.0  81.3  0.25671E+12 -0.10000E+01  0.75879E+11  0.40000E+09  18.1
 107  7.00   72.2   70.00  0.14685E+09 242.1  -1.0 110.0  81.2  0.26597E+12 -0.10000E+01  0.76604E+11  0.40000E+09  18.0
 108  7.00   71.9   70.00  0.14734E+09 242.2  -1.0 110.0  81.2  0.26928E+12 -0.10000E+01  0.77315E+11  0.40000E+09  18.0
 109  7.00   71.6   70.00  0.14781E+09 242.5  -1.0 110.0  81.2  0.27074E+12 -0.10000E+01  0.78010E+11  0.40000E+09  17.9
 110  7.00   71.3   70.00  0.14827E+09 242.7  -1.0 110.0  81.2  0.27150E+12 -0.10000E+01  0.78690E+11  0.40000E+09  17.8
 111  7.00   71.0   70.00  0.14870E+09 242.9  -1.0 110.0  81.2  0.27336E+12 -0.10000E+01  0.79356E+11  0.40000E+09  17.8
 112  7.00   70.8   70.00  0.14912E+09 243.2  -1.0 110.0  81.2  0.27522E+12 -0.10000E+01  0.80007E+11  0.40000E+09  17.7
 113  7.00   70.5   70.00  0.14951E+09 243.5  -1.0 110.0  81.2  0.27709E+12 -0.10000E+01  0.80643E+11  0.40000E+09  17.7
 114  7.00   70.2   70.00  0.14989E+09 243.8  -1.0 110.0  81.2  0.27977E+12 -0.10000E+01  0.81264E+11  0.40000E+09  17.6
 115  7.00   69.9   70.00  0.15026E+09 244.1  -1.0 110.0  81.2  0.28135E+12 -0.10000E+01  0.81871E+11  0.40000E+09  17.6
 116  7.00   69.6   70.00  0.15060E+09 244.4  -1.0 110.0  81.2  0.28273E+12 -0.10000E+01  0.82464E+11  0.40000E+09  17.6
 117  7.00   69.4   70.00  0.15094E+09 244.7  -1.0 110.0  81.2  0.28462E+12 -0.10000E+01  0.83042E+11  0.40000E+09  17.5
 118  7.00   69.1   70.00  0.15125E+09 245.1  -1.0 110.0  81.2  0.28652E+12 -0.10000E+01  0.83606E+11  0.40000E+09  17.5
 119  7.00   68.8   70.00  0.15156E+09 245.4  -1.0 110.0  81.1  0.28843E+12 -0.10000E+01  0.84156E+11  0.40000E+09  17.4
 120  7.00   68.6   70.00  0.15185E+09 245.8  -1.0 110.0  81.1  0.29034E+12 -0.10000E+01  0.84692E+11  0.40000E+09  17.4
 121  7.00   68.3   70.00  0.15212E+09 246.2  -1.0 110.0  81.1  0.29226E+12 -0.10000E+01  0.85214E+11  0.40000E+09  17.4
 122  7.00   68.1   70.00  0.15239E+09 246.6  -1.0 110.0  81.1  0.29419E+12 -0.10000E+01  0.85722E+11  0.40000E+09  17.3
 123  7.00   67.8   70.00  0.15264E+09 247.1  -1.0 110.0  81.1  0.28219E+12 -0.10000E+01  0.86216E+11  0.40000E+09  17.3
 124  7.00   67.6   70.00  0.15288E+09 247.5  -1.0 110.0  81.1  0.27976E+12 -0.10000E+01  0.86696E+11  0.40000E+09  17.3
 125  7.00   67.4   70.00  0.15311E+09 247.9  -1.0 110.0  81.1  0.30000E+12 -0.10000E+01  0.87162E+11  0.40000E+09  17.2
 126  7.00   67.1   70.00  0.15333E+09 248.4  -1.0 110.0  81.1  0.30195E+12 -0.10000E+01  0.87615E+11  0.40000E+09  17.2
 127  7.00   66.9   70.00  0.15354E+09 248.9  -1.0 110.0  81.1  0.30391E+12 -0.10000E+01  0.88054E+11  0.40000E+09  17.2
 128  7.00   66.7   70.00  0.15374E+09 249.4  -1.0 110.0  81.1  0.30959E+12 -0.10000E+01  0.88479E+11  0.40000E+09  17.2
 129  7.00   66.5   70.00  0.15393E+09 249.9  -1.0 110.0  81.1  0.29196E+12 -0.10000E+01  0.88891E+11  0.40000E+09  17.1
 130  7.00   66.3   70.00  0.15411E+09 250.4  -1.0 110.0  81.1  0.20139E+12 -0.10000E+01  0.89289E+11  0.40000E+09  17.1
 131  7.00   66.1   70.00  0.15428E+09 250.9  -1.0 110.0  81.1  0.29558E+12 -0.10000E+01  0.89674E+11  0.40000E+09  17.1
 132  7.00   65.9   70.00  0.15445E+09 251.4  -1.0 110.0  81.1  0.31379E+12 -0.10000E+01  0.90046E+11  0.40000E+09  17.1
 133  7.00   65.7   70.00  0.15460E+09 252.0  -1.0 110.0  81.1  0.31578E+12 -0.10000E+01  0.90404E+11  0.40000E+09  17.1
 134  7.00   65.5   70.00  0.15475E+09 252.5  -1.0 110.0  81.1  0.31778E+12 -0.10000E+01  0.90750E+11  0.40000E+09  17.0
 135  7.00   65.3   70.00  0.15489E+09 253.1  -1.0 110.0  81.1  0.31979E+12 -0.10000E+01  0.91082E+11  0.40000E+09  17.0
 136  7.00   65.1   70.00  0.15503E+09 253.6  -1.0 110.0  81.1  0.32180E+12 -0.10000E+01  0.91401E+11  0.40000E+09  17.0
 137  7.00   65.0   70.00  0.15516E+09 253.6  -1.0 110.0  81.1  0.32357E+12 -0.10000E+01  0.91708E+11  0.40000E+09  17.0
 138  7.00   64.8   70.00  0.15528E+09 253.6  -1.0 110.0  81.1  0.32320E+12 -0.10000E+01  0.92003E+11  0.40000E+09  17.0
 139  7.00   64.7   70.00  0.15540E+09 253.6  -1.0 110.0  81.1  0.32424E+12 -0.10000E+01  0.92284E+11  0.40000E+09  17.0
 140  7.00   64.5   70.00  0.15550E+09 253.6  -1.0 110.0  81.1  0.32460E+12 -0.10000E+01  0.92553E+11  0.40000E+09  16.9
 141  7.00   64.4   70.00  0.15561E+09 253.6  -1.0 110.0  81.1  0.32530E+12 -0.10000E+01  0.92810E+11  0.40000E+09  16.9
 142  7.00   64.2   70.00  0.15571E+09 253.6  -1.0 110.0  81.1  0.32600E+12 -0.10000E+01  0.93053E+11  0.40000E+09  16.9
 143  7.00   64.1   70.00  0.15580E+09 253.7  -1.0 110.0  81.1  0.32703E+12 -0.10000E+01  0.93285E+11  0.40000E+09  16.9
 144  7.00   64.0   70.00  0.15599E+09 253.7  -1.0 110.0  81.1  0.32741E+12 -0.10000E+01  0.93503E+11  0.40025E+09  16.9
 145  7.00   63.8   70.00  0.15764E+09 253.8  -1.0 110.0  81.1  0.32811E+12 -0.10000E+01  0.93710E+11  0.40428E+09  16.9
 146  7.00   63.7   70.00  0.15920E+09 253.8  -1.0 110.0  81.1  0.32882E+12 -0.10000E+01  0.93904E+11  0.40807E+09  16.9
 147  7.00   63.6   70.00  0.16066E+09 253.9  -1.0 110.0  81.1  0.32952E+12 -0.10000E+01  0.94086E+11  0.41162E+09  16.9
 148  7.00   63.5   70.00  0.16203E+09 254.0  -1.0 110.0  81.0  0.33023E+12 -0.10000E+01  0.94256E+11  0.41494E+09  16.9
 149  7.00   63.4   70.00  0.16330E+09 254.1  -1.0 110.0  81.0  0.33093E+12 -0.10000E+01  0.94414E+11  0.41801E+09  16.9
 150  7.00   63.3   70.00  0.16448E+09 254.2  -1.0 110.0  81.0  0.33164E+12 -0.10000E+01  0.94561E+11  0.42086E+09  16.8
 151  7.00   63.3   70.00  0.16556E+09 254.3  -1.0 110.0  81.0  0.33235E+12 -0.10000E+01  0.94695E+11  0.42349E+09  16.8
 152  7.00   63.2   70.00  0.16656E+09 254.4  -1.0 110.0  81.0  0.33306E+12 -0.10000E+01  0.94818E+11  0.42589E+09  16.8
 153  7.00   63.1   70.00  0.16747E+09 254.5  -1.0 110.0  81.0  0.33377E+12 -0.10000E+01  0.94929E+11  0.42807E+09  16.8
 154  7.00   63.0   70.00  0.16829E+09 254.7  -1.0 110.0  81.0  0.33448E+12 -0.10000E+01  0.95029E+11  0.43003E+09  16.8
 155  7.00   63.0   70.00  0.16902E+09 254.8  -1.0 110.0  81.0  0.33519E+12 -0.10000E+01  0.95118E+11  0.43179E+09  16.8
 156  7.00   62.9   70.00  0.16967E+09 255.0  -1.0 110.0  81.0  0.33590E+12 -0.10000E+01  0.95195E+11  0.43333E+09  16.8
 157  7.00   62.9   70.00  0.17023E+09 255.1  -1.0 110.0  81.0  0.33662E+12 -0.10000E+01  0.95262E+11  0.43467E+09  16.8
 158  7.00   62.9   70.00  0.17072E+09 255.3  -1.0 110.0  81.0  0.27325E+12 -0.10000E+01  0.95317E+11  0.43581E+09  16.8
 159  7.00   62.8   70.00  0.17112E+09 255.4  -1.0 110.0  81.0  0.33616E+12 -0.10000E+01  0.95362E+11  0.43675E+09  16.8
 160  7.00   62.8   70.00  0.17144E+09 255.6  -1.0 110.0  81.0  0.33876E+12 -0.10000E+01  0.95395E+11  0.43750E+09  16.8
 161  7.00   62.8   70.00  0.17168E+09 255.8  -1.0 110.0  81.0  0.33948E+12 -0.10000E+01  0.95419E+11  0.43805E+09  16.8
 162  7.00   62.7   70.00  0.17184E+09 256.0  -1.0 110.0  81.0  0.34019E+12 -0.10000E+01  0.95431E+11  0.43840E+09  16.8
 163  7.00   62.7   70.00  0.17193E+09 256.2  -1.0 110.0  81.0  0.34091E+12 -0.10000E+01  0.95433E+11  0.43858E+09  16.8
 164  7.00   62.7   70.00  0.17194E+09 256.4  -1.0 110.0  81.0  0.34163E+12 -0.10000E+01  0.95425E+11  0.43856E+09  16.8
 165  7.00   62.7   70.00  0.17188E+09 256.6  -1.0 110.0  81.0  0.34154E+12 -0.10000E+01  0.95407E+11  0.43836E+09  16.8
 166  7.00   62.7   70.00  0.17174E+09 256.9  -1.0 110.0  81.0  0.34307E+12 -0.10000E+01  0.95379E+11  0.43798E+09  16.8
 167  7.00   62.7   70.00  0.17153E+09 257.1  -1.0 110.0  81.0  0.31160E+12 -0.10000E+01  0.95341E+11  0.43743E+09  16.8
 168  7.00   62.8   70.00  0.17124E+09 256.8  -1.0 110.0  81.0  0.34224E+12 -0.10000E+01  0.95292E+11  0.43668E+09  16.8
 169  7.00   62.8   70.00  0.17088E+09 256.5  -1.0 110.0  81.0  0.34071E+12 -0.10000E+01  0.95234E+11  0.43577E+09  16.8
 170  7.00   62.8   70.00  0.17045E+09 256.2  -1.0 110.0  81.0  0.33917E+12 -0.10000E+01  0.95166E+11  0.43468E+09  16.8
 171  7.00   62.8   70.00  0.16995E+09 255.9  -1.0 110.0  81.0  0.33764E+12 -0.10000E+01  0.95089E+11  0.43341E+09  16.8
 172  7.00   62.9   70.00  0.16938E+09 255.7  -1.0 110.0  81.0  0.33611E+12 -0.10000E+01  0.95002E+11  0.43198E+09  16.8
 173  7.00   62.9   70.00  0.16874E+09 255.4  -1.0 110.0  81.0  0.33459E+12 -0.10000E+01  0.94907E+11  0.43038E+09  16.8
 174  7.00   63.0   70.00  0.16803E+09 255.1  -1.0 110.0  81.0  0.33307E+12 -0.10000E+01  0.94801E+11  0.42861E+09  16.8
 175  7.00   63.0   70.00  0.16725E+09 254.8  -1.0 110.0  81.0  0.32852E+12 -0.10000E+01  0.94687E+11  0.42667E+09  16.8
 176  7.00   63.1   70.00  0.16641E+09 254.6  -1.0 110.0  81.0  0.32797E+12 -0.10000E+01  0.94564E+11  0.42457E+09  16.8
 177  7.00   63.1   70.00  0.16550E+09 254.3  -1.0 110.0  81.0  0.32853E+12 -0.10000E+01  0.94432E+11  0.42230E+09  16.8
 178  7.00   63.2   70.00  0.16452E+09 254.1  -1.0 110.0  81.0  0.32702E+12 -0.10000E+01  0.94292E+11  0.41988E+09  16.8
 179  7.00   63.3   70.00  0.16347E+09 253.8  -1.0 110.0  81.0  0.32499E+12 -0.10000E+01  0.94142E+11  0.41728E+09  16.8
 180  7.00   63.3   70.00  0.16236E+09 253.6  -1.0 110.0  81.0  0.32401E+12 -0.10000E+01  0.93985E+11  0.41453E+09  16.8
 181  7.00   63.4   70.00  0.16118E+09 253.4  -1.0 110.0  81.0  0.32252E+12 -0.10000E+01  0.93818E+11  0.41162E+09  16.8
 182  7.00   63.5   70.00  0.15994E+09 253.1  -1.0 110.0  81.0  0.32102E+12 -0.10000E+01  0.93644E+11  0.40854E+09  16.8
 183  7.00   63.6   70.00  0.15863E+09 252.9  -1.0 110.0  81.0  0.31953E+12 -0.10000E+01  0.93461E+11  0.40531E+09  16.8
 184  7.00   63.7   70.00  0.15726E+09 252.7  -1.0 110.0  81.0  0.31805E+12 -0.10000E+01  0.93269E+11  0.40192E+09  16.8
 185  7.00   63.8   70.00  0.15646E+09 252.5  -1.0 110.0  81.0  0.31657E+12 -0.10000E+01  0.93070E+11  0.40000E+09  16.8
 186  7.00   63.9   70.00  0.15640E+09 252.3  -1.0 110.0  81.0  0.31509E+12 -0.10000E+01  0.92863E+11  0.40000E+09  16.8
 187  7.00   64.0   70.00  0.15635E+09 252.1  -1.0 110.0  81.0  0.31361E+12 -0.10000E+01  0.92647E+11  0.40000E+09  16.8
 188  7.00   64.1   70.00  0.15629E+09 251.9  -1.0 110.0  81.0  0.31214E+12 -0.10000E+01  0.92424E+11  0.40000E+09  16.8
 189  7.00   64.2   70.00  0.15622E+09 251.7  -1.0 110.0  81.0  0.31067E+12 -0.10000E+01  0.92193E+11  0.40000E+09  16.9
 190  7.00   64.3   70.00  0.15615E+09 251.5  -1.0 110.0  81.0  0.29016E+12 -0.10000E+01  0.91954E+11  0.40000E+09  16.9
 191  7.00   64.4   70.00  0.15608E+09 251.3  -1.0 110.0  81.1  0.30157E+12 -0.10000E+01  0.91708E+11  0.40000E+09  16.9
 192  7.00   64.6   70.00  0.15600E+09 251.1  -1.0 110.0  81.1  0.30628E+12 -0.10000E+01  0.91454E+11  0.40000E+09  16.9
 193  7.00   64.7   70.00  0.15592E+09 251.0  -1.0 110.0  81.1  0.30483E+12 -0.10000E+01  0.91192E+11  0.40000E+09  16.9
 194  7.00   64.8   70.00  0.15583E+09 250.8  -1.0 110.0  81.1  0.30308E+12 -0.10000E+01  0.90923E+11  0.40000E+09  16.9
 195  7.00   65.0   70.00  0.15574E+09 250.6  -1.0 110.0  81.1  0.30165E+12 -0.10000E+01  0.90646E+11  0.40000E+09  16.9
 196  7.00   65.1   70.00  0.15565E+09 250.5  -1.0 110.0  81.1  0.30048E+12 -0.10000E+01  0.90362E+11  0.40000E+09  16.9
 197  7.00   65.2   70.00  0.15555E+09 250.3  -1.0 110.0  81.1  0.29904E+12 -0.10000E+01  0.90071E+11  0.40000E+09  16.9
 198  7.00   65.4   70.00  0.15544E+09 250.0  -1.0 110.0  81.1  0.29837E+12 -0.10000E+01  0.89773E+11  0.40000E+09  16.9
 199  7.00   65.5   70.00  0.15533E+09 249.6  -1.0 110.0  81.1  0.29769E+12 -0.10000E+01  0.89468E+11  0.40000E+09  17.0
 200  7.00   65.7   70.00  0.15521E+09 249.3  -1.0 110.0  81.1  0.29702E+12 -0.10000E+01  0.89155E+11  0.40000E+09  17.0
 201  7.00   65.8   70.00  0.15509E+09 249.0  -1.0 110.0  81.1  0.29634E+12 -0.10000E+01  0.88836E+11  0.40000E+09  17.0
 202  7.00   66.0   70.00  0.15496E+09 248.7  -1.0 110.0  81.1  0.29582E+12 -0.10000E+01  0.88509E+11  0.40000E+09  17.0
 203  7.00   66.2   70.00  0.15483E+09 248.3  -1.0 110.0  81.1  0.29500E+12 -0.10000E+01  0.88176E+11  0.40000E+09  17.0
 204  7.00   66.3   70.00  0.15469E+09 248.0  -1.0 110.0  81.1  0.29433E+12 -0.10000E+01  0.87835E+11  0.40000E+09  17.0
 205  7.00   66.5   70.00  0.15455E+09 247.7  -1.0 110.0  81.1  0.29366E+12 -0.10000E+01  0.87488E+11  0.40000E+09  17.1
 206  7.00   66.7   70.00  0.15439E+09 247.4  -1.0 110.0  81.1  0.29299E+12 -0.10000E+01  0.87134E+11  0.40000E+09  17.1
 207  7.00   66.8   70.00  0.15423E+09 247.1  -1.0 110.0  81.1  0.28874E+12 -0.10000E+01  0.86772E+11  0.40000E+09  17.1
 208  7.00   67.0   70.00  0.15407E+09 246.9  -1.0 110.0  81.1  0.29245E+12 -0.10000E+01  0.86405E+11  0.40000E+09  17.1
 209  7.00   67.2   70.00  0.15390E+09 246.6  -1.0 110.0  81.1  0.29098E+12 -0.10000E+01  0.86030E+11  0.40000E+09  17.1
 210  7.00   67.4   70.00  0.15372E+09 246.3  -1.0 110.0  81.1  0.29032E+12 -0.10000E+01  0.85649E+11  0.40000E+09  17.2
 211  7.00   67.6   70.00  0.15353E+09 246.1  -1.0 110.0  81.1  0.29218E+12 -0.10000E+01  0.85261E+11  0.40000E+09  17.2
 212  7.00   67.8   70.00  0.15334E+09 245.8  -1.0 110.0  81.1  0.28899E+12 -0.10000E+01  0.84866E+11  0.40000E+09  17.2
 213  7.00   67.9   70.00  0.15313E+09 245.6  -1.0 110.0  81.1  0.28832E+12 -0.10000E+01  0.84465E+11  0.40000E+09  17.2
 214  7.00   68.1   70.00  0.15292E+09 245.3  -1.0 110.0  81.1  0.28766E+12 -0.10000E+01  0.84057E+11  0.40000E+09  17.3
 215  7.00   68.3   70.00  0.15271E+09 245.1  -1.0 110.0  81.1  0.28700E+12 -0.10000E+01  0.83643E+11  0.40000E+09  17.3
 216  7.00   68.5   70.00  0.15248E+09 244.9  -1.0 110.0  81.1  0.26838E+12 -0.10000E+01  0.83222E+11  0.40000E+09  17.3
 217  7.00   68.7   70.00  0.15225E+09 244.6  -1.0 110.0  81.1  0.26421E+12 -0.10000E+01  0.82795E+11  0.40000E+09  17.3
 218  7.00   68.9   70.00  0.15200E+09 244.4  -1.0 110.0  81.1  0.28830E+12 -0.10000E+01  0.82361E+11  0.40000E+09  17.4
 219  7.00   69.1   70.00  0.15175E+09 244.2  -1.0 110.0  81.1  0.28684E+12 -0.10000E+01  0.81921E+11  0.40000E+09  17.4
 220  7.00   69.3   70.00  0.15149E+09 244.0  -1.0 110.0  81.2  0.28498E+12 -0.10000E+01  0.81475E+11  0.40000E+09  17.4
 221  7.00   69.5   70.00  0.15122E+09 243.8  -1.0 110.0  81.2  0.28304E+12 -0.10000E+01  0.81022E+11  0.40000E+09  17.5
 222  7.00   69.7   70.00  0.15094E+09 243.6  -1.0 110.0  81.2  0.28238E+12 -0.10000E+01  0.80563E+11  0.40000E+09  17.5
 223  7.00   70.0   70.00  0.15065E+09 243.4  -1.0 110.0  81.2  0.28350E+12 -0.10000E+01  0.80098E+11  0.40000E+09  17.5
 224  7.00   70.2   70.00  0.15036E+09 243.2  -1.0 110.0  81.2  0.28161E+12 -0.10000E+01  0.79626E+11  0.40000E+09  17.6
 225  7.00   70.4   70.00  0.15005E+09 243.0  -1.0 110.0  81.2  0.28041E+12 -0.10000E+01  0.79148E+11  0.40000E+09  17.6
 226  7.00   70.6   70.00  0.14973E+09 242.9  -1.0 110.0  81.2  0.27976E+12 -0.10000E+01  0.78663E+11  0.40000E+09  17.7
 227  7.00   70.8   70.00  0.14940E+09 242.7  -1.0 110.0  81.2  0.27910E+12 -0.10000E+01  0.78172E+11  0.40000E+09  17.7
 228  7.00   71.0   70.00  0.14907E+09 242.5  -1.0 110.0  81.2  0.27845E+12 -0.10000E+01  0.77675E+11  0.40000E+09  17.7
 229  7.00   71.3   70.00  0.14872E+09 242.3  -1.0 110.0  81.2  0.27692E+12 -0.10000E+01  0.77172E+11  0.40000E+09  17.8
 230  7.00   71.5   70.00  0.14836E+09 242.1  -1.0 110.0  81.2  0.27539E+12 -0.10000E+01  0.76663E+11  0.40000E+09  17.8
 231  7.00   71.7   70.00  0.14799E+09 241.9  -1.0 110.0  81.2  0.27386E+12 -0.10000E+01  0.76148E+11  0.40000E+09  17.9
 232  7.00   71.9   70.00  0.14761E+09 241.7  -1.0 110.0  81.2  0.27234E+12 -0.10000E+01  0.75626E+11  0.40000E+09  17.9
 233  7.00   72.2   70.00  0.14721E+09 241.5  -1.0 110.0  81.2  0.27082E+12 -0.10000E+01  0.75097E+11  0.40000E+09  18.0
 234  7.00   72.4   70.00  0.14681E+09 241.4  -1.0 110.0  81.2  0.26931E+12 -0.10000E+01  0.74562E+11  0.40000E+09  18.0
 235  7.00   72.6   70.00  0.14639E+09 241.2  -1.0 110.0  81.3  0.26780E+12 -0.10000E+01  0.74021E+11  0.40000E+09  18.1
 236  7.00   72.8   70.00  0.14597E+09 241.0  -1.0 110.0  81.3  0.26630E+12 -0.10000E+01  0.73473E+11  0.40000E+09  18.1
 237  7.00   73.1   70.00  0.14552E+09 240.9  -1.0 110.0  81.3  0.25083E+12 -0.10000E+01  0.72918E+11  0.40000E+09  18.2
 238  7.00   73.3   70.00  0.14507E+09 240.7  -1.0 110.0  81.3  0.26417E+12 -0.10000E+01  0.72357E+11  0.40000E+09  18.2
 239  7.00   73.6   70.00  0.14461E+09 240.6  -1.0 110.0  81.3  0.26181E+12 -0.10000E+01  0.71789E+11  0.40000E+09  18.3
 240  7.00   73.8   70.00  0.14413E+09 240.5  -1.0 110.0  81.3  0.26032E+12 -0.10000E+01  0.71214E+11  0.40000E+09  18.4
 241  7.00   74.0   70.00  0.14364E+09 240.3  -1.0 110.0  81.3  0.25884E+12 -0.10000E+01  0.70632E+11  0.40000E+09  18.4
 242  7.00   74.3   70.00  0.14313E+09 240.2  -1.0 110.0  81.3  0.25736E+12 -0.10000E+01  0.70043E+11  0.40000E+09  18.5
 243  7.00   74.5   70.00  0.14262E+09 240.1  -1.0 110.0  81.3  0.25589E+12 -0.10000E+01  0.69447E+11  0.40000E+09  18.5
 244  7.00   74.7   70.00  0.14208E+09 240.0  -1.0 110.0  81.3  0.25547E+12 -0.10000E+01  0.68844E+11  0.40000E+09  18.6
 245  7.00   75.0   70.00  0.14154E+09 239.9  -1.0 110.0  81.4  0.25295E+12 -0.10000E+01  0.68234E+11  0.40000E+09  18.7
 246  7.00   75.2   70.00  0.14098E+09 239.8  -1.0 110.0  81.4  0.21318E+12 -0.10000E+01  0.67616E+11  0.40000E+09  18.7
 247  7.00   75.5   70.00  0.14040E+09 239.8  -1.0 110.0  81.4  0.21193E+12 -0.10000E+01  0.66991E+11  0.40000E+09  18.8
 248  7.00   75.7   70.00  0.13981E+09 239.7  -1.0 110.0  81.4  0.21555E+12 -0.10000E+01  0.66358E+11  0.40000E+09  18.9
 249  7.00   76.0   70.00  0.13921E+09 239.7  -1.0 110.0  81.4  0.23338E+12 -0.10000E+01  0.65718E+11  0.40000E+09  19.0
 250  7.00   76.2   70.00  0.13858E+09 239.6  -1.0 110.0  81.4  0.24446E+12 -0.10000E+01  0.65070E+11  0.40000E+09  19.0
 251  7.00   76.5   70.00  0.13795E+09 239.6  -1.0 110.0  81.4  0.24430E+12 -0.10000E+01  0.64414E+11  0.40000E+09  19.1
 252  7.00   76.7   70.00  0.13729E+09 239.5  -1.0 110.0  81.4  0.24281E+12 -0.10000E+01  0.63750E+11  0.40000E+09  19.2
 253  7.00   77.0   70.00  0.13662E+09 239.5  -1.0 110.0  81.5  0.24137E+12 -0.10000E+01  0.63078E+11  0.40000E+09  19.3
 254  7.00   77.2   70.00  0.13594E+09 239.5  -1.0 110.0  81.5  0.23995E+12 -0.10000E+01  0.62398E+11  0.40000E+09  19.3
 255  7.00   77.5   70.00  0.13523E+09 239.5  -1.0 110.0  81.5  0.23852E+12 -0.10000E+01  0.61709E+11  0.40000E+09  19.4
 256  7.00   77.7   70.00  0.13451E+09 239.5  -1.0 110.0  81.5  0.23710E+12 -0.10000E+01  0.61012E+11  0.40000E+09  19.5
 257  7.00   78.0   70.00  0.13377E+09 239.6  -1.0 110.0  81.5  0.23569E+12 -0.10000E+01  0.60306E+11  0.40000E+09  19.6
 258  7.00   78.3   70.00  0.13301E+09 239.6  -1.0 110.0  81.5  0.23428E+12 -0.10000E+01  0.59591E+11  0.40000E+09  19.7
 259  7.00   78.5   70.00  0.13223E+09 239.6  -1.0 110.0  81.5  0.23287E+12 -0.10000E+01  0.58868E+11  0.40000E+09  19.8
 260  7.00   78.8   70.00  0.13143E+09 240.1  -1.0 110.0  81.6  0.23275E+12 -0.10000E+01  0.58140E+11  0.40000E+09  19.9
 261  7.00   79.0   70.00  0.13061E+09 240.5  -1.0 110.0  81.6  0.23263E+12 -0.10000E+01  0.57402E+11  0.40000E+09  20.0
 262  7.00   79.3   70.00  0.12977E+09 240.9  -1.0 110.0  81.6  0.23252E+12 -0.10000E+01  0.56655E+11  0.40000E+09  20.1
 263  7.00   79.6   70.00  0.12891E+09 241.4  -1.0 110.0  81.6  0.23240E+12 -0.10000E+01  0.55899E+11  0.40000E+09  20.2
 264  7.00   79.8   70.00  0.12803E+09 241.8  -1.0 110.0  81.6  0.23174E+12 -0.10000E+01  0.55134E+11  0.40000E+09  20.3
 265  7.00   80.1   70.00  0.12713E+09 242.3  -1.0 110.0  81.6  0.23161E+12 -0.10000E+01  0.54360E+11  0.40000E+09  20.4
 266  7.00   80.3   70.00  0.12621E+09 242.7  -1.0 110.0  81.7  0.23205E+12 -0.10000E+01  0.53576E+11  0.40000E+09  20.5
 267  7.00   80.6   70.00  0.12526E+09 243.1  -1.0 110.0  81.7  0.23193E+12 -0.10000E+01  0.52782E+11  0.40000E+09  20.6
 268  7.00   80.9   70.00  0.12429E+09 243.6  -1.0 110.0  81.7  0.23181E+12 -0.10000E+01  0.51980E+11  0.40000E+09  20.7
 269  7.00   81.1   70.00  0.12330E+09 244.0  -1.0 110.0  81.7  0.23170E+12 -0.10000E+01  0.51168E+11  0.40000E+09  20.8
 270  7.00   81.4   70.00  0.12228E+09 244.5  -1.0 110.0  81.7  0.22489E+12 -0.10000E+01  0.50346E+11  0.40000E+09  20.9
 271  7.00   81.7   70.00  0.12124E+09 245.0  -1.0 110.0  81.8  0.22255E+12 -0.10000E+01  0.49516E+11  0.40000E+09  21.1
 272  7.00   81.9   70.00  0.12017E+09 245.4  -1.0 110.0  81.8  0.20556E+12 -0.10000E+01  0.48677E+11  0.40000E+09  21.2
 273  7.00   82.2   70.00  0.11907E+09 245.9  -1.0 110.0  81.8  0.19779E+12 -0.10000E+01  0.47828E+11  0.40000E+09  21.3
 274  7.00   82.5   70.00  0.11796E+09 246.3  -1.0 110.0  81.8  0.20927E+12 -0.10000E+01  0.46971E+11  0.40000E+09  21.4
 275  7.00   82.8   70.00  0.11681E+09 246.8  -1.0 110.0  81.8  0.23099E+12 -0.10000E+01  0.46106E+11  0.40000E+09  21.6
 276  7.00   83.0   70.00  0.11564E+09 247.2  -1.0 110.0  81.9  0.23088E+12 -0.10000E+01  0.45232E+11  0.40000E+09  21.7
 277  7.00   83.3   70.00  0.11444E+09 247.7  -1.0 110.0  81.9  0.23076E+12 -0.10000E+01  0.44351E+11  0.40000E+09  21.8
 278  7.00   83.6   70.00  0.11321E+09 248.2  -1.0 110.0  81.9  0.23064E+12 -0.10000E+01  0.43462E+11  0.40000E+09  22.0
 279  7.00   83.8   70.00  0.11195E+09 248.6  -1.0 110.0  81.9  0.23053E+12 -0.10000E+01  0.42566E+11  0.40000E+09  22.1
 280  7.00   84.1   70.00  0.11067E+09 249.1  -1.0 110.0  81.9  0.23041E+12 -0.10000E+01  0.41664E+11  0.40000E+09  22.3
 281  7.00   84.4   70.00  0.10936E+09 249.5  -1.0 110.0  82.0  0.23029E+12 -0.10000E+01  0.40756E+11  0.40000E+09  22.4
 282  7.00   84.7   70.00  0.10802E+09 250.0  -1.0 110.0  82.0  0.23017E+12 -0.10000E+01  0.39842E+11  0.40000E+09  22.6
 283  7.00   84.9   70.00  0.10665E+09 250.4  -1.0 110.0  82.0  0.23006E+12 -0.10000E+01  0.38924E+11  0.40000E+09  22.7
 284  7.00   85.2   70.00  0.10525E+09 250.9  -1.0 110.0  82.0  0.22994E+12 -0.10000E+01  0.38002E+11  0.40000E+09  22.9
 285  7.00   85.5   70.00  0.10382E+09 251.3  -1.0 110.0  82.1  0.22982E+12 -0.10000E+01  0.37077E+11  0.40000E+09  23.0
 286  7.00   85.7   70.00  0.10236E+09 251.8  -1.0 110.0  82.1  0.22971E+12 -0.10000E+01  0.36150E+11  0.40000E+09  23.2
 287  7.00   86.0   70.00  0.10087E+09 252.2  -1.0 110.0  82.1  0.22959E+12 -0.10000E+01  0.35222E+11  0.40000E+09  23.4
 288  7.00   86.3   70.00  0.99354E+08 252.7  -1.0 110.0  82.2  0.22947E+12 -0.10000E+01  0.34294E+11  0.40000E+09  23.5
 289  7.00   86.6   70.00  0.97806E+08 253.1  -1.0 110.0  82.2  0.22936E+12 -0.10000E+01  0.33366E+11  0.40000E+09  23.7
 290  7.00   86.8   70.00  0.96229E+08 253.6  -1.0 110.0  82.2  0.22731E+12 -0.10000E+01  0.32441E+11  0.40000E+09  23.9
 291  7.00   87.1   70.00  0.94623E+08 254.1  -1.0 110.0  82.2  0.22528E+12 -0.10000E+01  0.31519E+11  0.40000E+09  24.0
 292  7.00   87.4   70.00  0.92988E+08 254.6  -1.0 110.0  82.3  0.22325E+12 -0.10000E+01  0.30601E+11  0.40000E+09  24.2
 293  7.00   87.6   70.00  0.91325E+08 255.1  -1.0 110.0  82.3  0.22124E+12 -0.10000E+01  0.29689E+11  0.40000E+09  24.4
 294  7.00   87.9   70.00  0.89634E+08 255.6  -1.0 110.0  82.3  0.21923E+12 -0.10000E+01  0.28784E+11  0.40000E+09  24.6
 295  7.00   88.2   70.00  0.87916E+08 256.2  -1.0 110.0  82.4  0.21723E+12 -0.10000E+01  0.27888E+11  0.40000E+09  24.8
 296  7.00   88.4   70.00  0.86171E+08 256.7  -1.0 110.0  82.4  0.21525E+12 -0.10000E+01  0.27001E+11  0.40000E+09  25.0
 297  7.00   88.7   70.00  0.84401E+08 257.2  -1.0 110.0  82.4  0.21327E+12 -0.10000E+01  0.26125E+11  0.40000E+09  25.2
 298  7.00   89.0   70.00  0.82606E+08 257.7  -1.0 110.0  82.5  0.21130E+12 -0.10000E+01  0.25262E+11  0.40000E+09  25.4
 299  7.00   89.2   70.00  0.80787E+08 258.2  -1.0 110.0  82.5  0.20934E+12 -0.10000E+01  0.24412E+11  0.40000E+09  25.6
 300  7.00   89.5   70.00  0.78946E+08 258.7  -1.0 110.0  82.5  0.20738E+12 -0.10000E+01  0.23576E+11  0.40000E+09  25.8
 301  7.00   89.8   70.00  0.77084E+08 259.3  -1.0 110.0  82.6  0.20544E+12 -0.10000E+01  0.22756E+11  0.40000E+09  26.0
 302  7.00   90.0   70.00  0.75203E+08 259.8  -1.0 110.0  82.6  0.20351E+12 -0.10000E+01  0.21953E+11  0.40000E+09  26.2
 303  7.00   90.3   70.00  0.73304E+08 260.3  -1.0 110.0  82.6  0.20158E+12 -0.10000E+01  0.21168E+11  0.40000E+09  26.4
 304  7.00   90.5   70.00  0.71389E+08 260.8  -1.0 110.0  82.7  0.19967E+12 -0.10000E+01  0.20401E+11  0.40000E+09  26.6
 305  7.00   90.8   70.00  0.69459E+08 261.3  -1.0 110.0  82.7  0.19776E+12 -0.10000E+01  0.19654E+11  0.40000E+09  26.9
 306  7.00   91.1   70.00  0.67518E+08 261.7  -1.0 110.0  82.7  0.19586E+12 -0.10000E+01  0.18927E+11  0.40000E+09  27.1
 307  7.00   91.3   70.00  0.65568E+08 262.2  -1.0 110.0  82.8  0.19398E+12 -0.10000E+01  0.18221E+11  0.40000E+09  27.3
 308  7.00   91.6   70.00  0.63609E+08 262.7  -1.0 110.0  82.8  0.19210E+12 -0.10000E+01  0.17535E+11  0.40000E+09  27.5
 309  7.00   91.8   70.00  0.61646E+08 263.2  -1.0 110.0  82.8  0.19023E+12 -0.10000E+01  0.16872E+11  0.40000E+09  27.8
 310  7.00   92.1   70.00  0.59681E+08 263.6  -1.0 110.0  82.9  0.18837E+12 -0.10000E+01  0.16230E+11  0.40000E+09  28.0
 311  7.00   92.3   70.00  0.57717E+08 264.0  -1.0 110.0  82.9  0.18652E+12 -0.10000E+01  0.15610E+11  0.40000E+09  28.2
 312  7.00   92.6   70.00  0.55756E+08 264.5  -1.0 110.0  83.0  0.18467E+12 -0.10000E+01  0.15011E+11  0.40000E+09  28.5
 313  7.00   92.8   70.00  0.53802E+08 264.9  -1.0 110.0  83.0  0.18284E+12 -0.10000E+01  0.14435E+11  0.40000E+09  28.7
 314  7.00   93.0   70.00  0.51857E+08 265.3  -1.0 110.0  83.0  0.18102E+12 -0.10000E+01  0.13881E+11  0.40000E+09  28.9
 315  7.00   93.3   70.00  0.49926E+08 265.7  -1.0 110.0  83.1  0.17920E+12 -0.10000E+01  0.13348E+11  0.40000E+09  29.2
 316  7.00   93.5   70.00  0.48009E+08 266.1  -1.0 110.0  83.1  0.17740E+12 -0.10000E+01  0.12837E+11  0.40000E+09  29.4
 317  7.00   93.7   70.00  0.46113E+08 266.5  -1.0 110.0  83.1  0.17560E+12 -0.10000E+01  0.12347E+11  0.40000E+09  29.7
 318  7.00   94.0   70.00  0.44239E+08 266.9  -1.0 110.0  83.2  0.17381E+12 -0.10000E+01  0.11877E+11  0.40000E+09  29.9
 319  7.00   94.2   70.00  0.42390E+08 267.3  -1.0 110.0  83.2  0.17203E+12 -0.10000E+01  0.11428E+11  0.40000E+09  30.2
 320  7.00   94.4   70.00  0.40570E+08 267.6  -1.0 110.0  83.3  0.17027E+12 -0.10000E+01  0.10998E+11  0.40000E+09  30.4
 321  7.00   94.7   70.00  0.38783E+08 268.0  -1.0 110.0  83.3  0.16801E+12 -0.10000E+01  0.10589E+11  0.40000E+09  30.7
 322  7.00   94.9   70.00  0.37030E+08 268.4  -1.0 110.0  83.3  0.16577E+12 -0.10000E+01  0.10198E+11  0.40000E+09  30.9
 323  7.00   95.1   70.00  0.35316E+08 268.8  -1.0 110.0  83.4  0.16354E+12 -0.10000E+01  0.98253E+10  0.40000E+09  31.2
 324  7.00   95.3   70.00  0.33642E+08 269.2  -1.0 110.0  83.4  0.16133E+12 -0.10000E+01  0.94702E+10  0.40000E+09  31.4
 325  7.00   95.5   70.00  0.32011E+08 269.6  -1.0 110.0  83.5  0.15913E+12 -0.10000E+01  0.91321E+10  0.40000E+09  31.7
 326  7.00   95.7   70.00  0.30427E+08 269.9  -1.0 110.0  83.5  0.15695E+12 -0.10000E+01  0.88104E+10  0.40000E+09  31.9
 327  7.00   95.9   70.00  0.28890E+08 270.3  -1.0 110.0  83.5  0.15478E+12 -0.10000E+01  0.85045E+10  0.40000E+09  32.2
 328  7.00   96.1   70.00  0.27403E+08 270.6  -1.0 110.0  83.6  0.15263E+12 -0.10000E+01  0.82139E+10  0.40000E+09  32.4
 329  7.00   96.3   70.00  0.25968E+08 271.0  -1.0 110.0  83.6  0.15049E+12 -0.10000E+01  0.79379E+10  0.40000E+09  32.6
 330  7.00   96.5   70.00  0.24586E+08 271.3  -1.0 110.0  83.6  0.14837E+12 -0.10000E+01  0.76761E+10  0.40000E+09  32.9
 331  7.00   96.7   70.00  0.23258E+08 271.6  -1.0 110.0  83.7  0.14626E+12 -0.10000E+01  0.74278E+10  0.40000E+09  33.1
 332  7.00   96.9   70.00  0.21986E+08 271.9  -1.0 110.0  83.7  0.14417E+12 -0.10000E+01  0.71924E+10  0.40000E+09  33.4
 333  7.00   97.1   70.00  0.20769E+08 272.2  -1.0 110.0  83.8  0.14209E+12 -0.10000E+01  0.69696E+10  0.40000E+09  33.6
 334  7.00   97.2   70.00  0.19608E+08 272.5  -1.0 110.0  83.8  0.14003E+12 -0.10000E+01  0.67586E+10  0.40000E+09  33.8
 335  7.00   97.4   70.00  0.18504E+08 272.8  -1.0 110.0  83.8  0.13799E+12 -0.10000E+01  0.65591E+10  0.40000E+09  34.0
 336  7.00   97.6   70.00  0.17456E+08 273.1  -1.0 110.0  83.9  0.13595E+12 -0.10000E+01  0.63705E+10  0.40000E+09  34.3
 337  7.00   97.8   70.00  0.16463E+08 273.4  -1.0 110.0  83.9  0.13394E+12 -0.10000E+01  0.61925E+10  0.40000E+09  34.5
 338  7.00   97.9   70.00  0.15525E+08 273.6  -1.0 110.0  83.9  0.13194E+12 -0.10000E+01  0.60243E+10  0.40000E+09  34.7
 339  7.00   98.1   70.00  0.14641E+08 273.9  -1.0 110.0  84.0  0.12995E+12 -0.10000E+01  0.58658E+10  0.40000E+09  34.9
 340  7.00   98.2   70.00  0.13809E+08 274.1  -1.0 110.0  84.0  0.12798E+12 -0.10000E+01  0.57164E+10  0.40000E+09  35.1
 341  7.00   98.4   70.00  0.13029E+08 274.4  -1.0 110.0  84.0  0.12602E+12 -0.10000E+01  0.55758E+10  0.40000E+09  35.3
 342  7.00   98.5   70.00  0.12300E+08 274.6  -1.0 110.0  84.0  0.12408E+12 -0.10000E+01  0.54436E+10  0.40000E+09  35.5
 343  7.00   98.6   70.00  0.11618E+08 274.8  -1.0 110.0  84.1  0.12216E+12 -0.10000E+01  0.53195E+10  0.40000E+09  35.7
 344  7.00   98.8   70.00  0.10984E+08 275.0  -1.0 110.0  84.1  0.12025E+12 -0.10000E+01  0.52030E+10  0.40000E+09  35.9
 345  7.00   98.9   70.00  0.10394E+08 275.2  -1.0 110.0  84.1  0.11835E+12 -0.10000E+01  0.50940E+10  0.40000E+09  36.1
 346  7.00   99.0   70.00  0.98478E+07 275.4  -1.0 110.0  84.2  0.11647E+12 -0.10000E+01  0.49919E+10  0.40000E+09  36.2
 347  7.00   99.1   70.00  0.93429E+07 275.6  -1.0 110.0  84.2  0.11460E+12 -0.10000E+01  0.48966E+10  0.40000E+09  36.4
 348  7.00   99.2   70.00  0.88776E+07 275.8  -1.0 110.0  84.2  0.11275E+12 -0.10000E+01  0.48078E+10  0.40000E+09  36.6
 349  7.00   99.3   70.00  0.84499E+07 276.0  -1.0 110.0  84.2  0.11092E+12 -0.10000E+01  0.47253E+10  0.40000E+09  36.7
 350  7.00   99.4   70.00  0.80582E+07 276.2  -1.0 110.0  84.2  0.10910E+12 -0.10000E+01  0.46488E+10  0.40000E+09  36.8
 351  7.00   99.5   70.00  0.77007E+07 276.2  -1.0 110.0  84.3  0.10892E+12 -0.10000E+01  0.45783E+10  0.40000E+09  37.0
 352  7.00   99.6   70.00  0.73756E+07 276.2  -1.0 110.0  84.3  0.10875E+12 -0.10000E+01  0.45134E+10  0.40000E+09  37.1
 353  7.00   99.7   70.00  0.70816E+07 276.3  -1.0 110.0  84.3  0.10858E+12 -0.10000E+01  0.44541E+10  0.40000E+09  37.2
 354  7.00   99.8   70.00  0.68169E+07 276.3  -1.0 110.0  84.3  0.10840E+12 -0.10000E+01  0.43998E+10  0.40000E+09  37.3
 355  7.00   99.8   70.00  0.65801E+07 276.3  -1.0 110.0  84.3  0.10823E+12 -0.10000E+01  0.43506E+10  0.40000E+09  37.4
 356  7.00   99.9   70.00  0.63700E+07 276.3  -1.0 110.0  84.3  0.10806E+12 -0.10000E+01  0.43064E+10  0.40000E+09  37.5
 357  7.00  100.0   70.00  0.61854E+07 276.3  -1.0 110.0  84.4  0.10789E+12 -0.10000E+01  0.42670E+10  0.40000E+09  37.6
 358  7.00  100.0   70.00  0.60252E+07 276.3  -1.0 110.0  84.4  0.10772E+12 -0.10000E+01  0.42323E+10  0.40000E+09  37.7
 359  7.00  100.1   70.00  0.58885E+07 276.2  -1.0 110.0  84.4  0.10754E+12 -0.10000E+01  0.42021E+10  0.40000E+09  37.7
 360  7.00  100.1   70.00  0.57744E+07 276.2  -1.0 110.0  84.4  0.10737E+12 -0.10000E+01  0.41766E+10  0.40000E+09  37.8
 361  7.00  100.1   70.00  0.56822E+07 276.2  -1.0 110.0  84.4  0.10720E+12 -0.10000E+01  0.41554E+10  0.40000E+09  37.8
 362  7.00  100.1   70.00  0.56114E+07 276.1  -1.0 110.0  84.4  0.10703E+12 -0.10000E+01  0.41386E+10  0.40000E+09  37.9
 363  7.00  100.2   70.00  0.55616E+07 276.1  -1.0 110.0  84.4  0.10686E+12 -0.10000E+01  0.41264E+10  0.40000E+09  37.9
 364  7.00  100.2   70.00  0.55324E+07 276.0  -1.0 110.0  84.4  0.10669E+12 -0.10000E+01  0.41184E+10  0.40000E+09  37.9
 365  7.00  100.2   70.00  0.55237E+07 276.0  -1.0 110.0  84.4  0.10652E+12 -0.10000E+01  0.41149E+10  0.40000E+09  37.9
