 309  0.00  142.9  100.00  0.18709E+10 333.7  -1.0 110.0  88.0  0.87622E+11 -0.10000E+01  0.19376E+10  0.40000E+09  65.4
 309  0.25  142.6  100.00  0.18710E+10 333.2  -1.0 110.0  88.0  0.89840E+11 -0.10000E+01  0.19376E+10  0.40000E+09  65.4
 309  0.50  142.0  100.00  0.18712E+10 332.5  -1.0 110.0  88.0  0.91843E+11 -0.10000E+01  0.19376E+10  0.40000E+09  65.3
 309  0.75  141.2  100.00  0.18713E+10 331.6  -1.0 110.0  88.0  0.93460E+11 -0.10000E+01  0.19376E+10  0.40000E+09  65.2
 309  1.00  140.2  100.00  0.18715E+10 330.7  -1.0 110.0  88.0  0.94515E+11 -0.10000E+01  0.19376E+10  0.40000E+09  65.2
 309  1.25  139.0  100.00  0.18718E+10 329.8  -1.0 110.0  87.9  0.94848E+11 -0.10000E+01  0.19376E+10  0.40000E+09  65.0
 309  1.50  137.6  100.00  0.18721E+10 328.9  -1.0 110.0  87.9  0.94333E+11 -0.10000E+01  0.19376E+10  0.40000E+09  64.9
 309  1.75  136.1  100.00  0.18725E+10 328.0  -1.0 110.0  87.9  0.92902E+11 -0.10000E+01  0.19376E+10  0.40000E+09  64.7
 309  2.00  134.5  100.00  0.18730E+10 327.1  -1.0 110.0  87.9  0.90556E+11 -0.10000E+01  0.19376E+10  0.40000E+09  64.5
 309  2.25  132.7  100.00  0.18736E+10 326.3  -1.0 110.0  87.8  0.87373E+11 -0.10000E+01  0.19376E+10  0.40000E+09  64.2
 309  2.50  130.8  100.00  0.18744E+10 325.5  -1.0 110.0  87.8  0.83513E+11 -0.10000E+01  0.19376E+10  0.40000E+09  63.8
 309  2.75  128.9  100.00  0.18754E+10 324.6  -1.0 110.0  87.7  0.79196E+11 -0.10000E+01  0.19376E+10  0.40000E+09  63.3
 309  3.00  126.9  100.00  0.18766E+10 323.7  -1.0 110.0  87.7  0.74690E+11 -0.10000E+01  0.19376E+10  0.40000E+09  62.7
 309  3.25  124.8  100.00  0.18781E+10 322.6  -1.0 110.0  87.6  0.70284E+11 -0.10000E+01  0.19376E+10  0.40000E+09  61.9
 309  3.50  122.7  100.00  0.18799E+10 321.2  -1.0 110.0  87.5  0.66261E+11 -0.10000E+01  0.19376E+10  0.40000E+09  61.0
 309  3.75  120.5  100.00  0.18821E+10 319.7  -1.0 110.0  87.3  0.62884E+11 -0.10000E+01  0.19376E+10  0.40000E+09  59.8
 309  4.00  118.3  100.00  0.18845E+10 317.8  -1.0 110.0  87.1  0.60384E+11 -0.10000E+01  0.19376E+10  0.40000E+09  58.5
 309  4.25  116.1  100.00  0.18874E+10 315.6  -1.0 110.0  86.9  0.58954E+11 -0.10000E+01  0.19376E+10  0.40000E+09  56.8
 309  4.50  113.8  100.00  0.18905E+10 313.1  -1.0 110.0  86.7  0.58762E+11 -0.10000E+01  0.19376E+10  0.40000E+09  54.9
 309  4.75  111.6  100.00  0.18938E+10 310.3  -1.0 110.0  86.4  0.59954E+11 -0.10000E+01  0.19376E+10  0.40000E+09  52.6
 309  5.00  109.3  100.00  0.18973E+10 307.1  -1.0 110.0  86.1  0.62666E+11 -0.10000E+01  0.19376E+10  0.40000E+09  50.1
 309  5.25  107.0  100.00  0.19009E+10 303.6  -1.0 110.0  85.7  0.67027E+11 -0.10000E+01  0.19376E+10  0.40000E+09  47.4
 309  5.50  104.8  100.00  0.20039E+10 299.5  -1.0 110.0  85.3  0.73160E+11 -0.10000E+01  0.20422E+10  0.40000E+09  44.4
 309  5.75  102.6  100.00  0.26093E+10 293.9  -1.0 110.0  84.9  0.81170E+11 -0.10000E+01  0.26737E+10  0.40000E+09  41.4
 309  6.00  100.4  100.00  0.36209E+10 287.7  -1.0 110.0  84.4  0.91140E+11 -0.10000E+01  0.37317E+10  0.40000E+09  38.4
 309  6.25   98.2  100.00  0.52196E+10 280.9  -1.0 110.0  84.0  0.10311E+12 -0.10000E+01  0.54080E+10  0.40000E+09  35.4
 309  6.50   96.0  100.00  0.76215E+10 273.7  -1.0 110.0  83.6  0.11707E+12 -0.10000E+01  0.79319E+10  0.40000E+09  32.6
 309  6.75   93.9  100.00  0.11037E+11 266.1  -1.0 110.0  83.2  0.13296E+12 -0.10000E+01  0.11527E+11  0.40000E+09  30.1
 309  7.00   91.8  100.00  0.15377E+11 258.5  -1.0 110.0  82.8  0.15066E+12 -0.10000E+01  0.16303E+11  0.40000E+09  27.8
 309  7.25   89.8  100.00  0.20294E+11 251.1  -1.0 110.0  82.5  0.17001E+12 -0.10000E+01  0.22129E+11  0.40000E+09  25.8
 309  7.50   87.8  100.00  0.25525E+11 244.4  -1.0 110.0  82.2  0.19079E+12 -0.10000E+01  0.28613E+11  0.40000E+09  24.1
 309  7.75   85.9  100.00  0.30691E+11 238.7  -1.0 110.0  82.0  0.21278E+12 -0.10000E+01  0.35267E+11  0.40000E+09  22.6
 309  8.00   84.1  100.00  0.35538E+11 234.0  -1.0 110.0  81.8  0.23570E+12 -0.10000E+01  0.41707E+11  0.40000E+09  21.4
 309  8.25   82.3  100.00  0.39949E+11 230.4  -1.0 110.0  81.6  0.25927E+12 -0.10000E+01  0.47717E+11  0.40000E+09  20.4
 309  8.50   80.6  100.00  0.43898E+11 227.7  -1.0 110.0  81.5  0.28319E+12 -0.10000E+01  0.53216E+11  0.40000E+09  19.7
 309  8.75   79.0  100.00  0.47404E+11 225.8  -1.0 110.0  81.4  0.30713E+12 -0.10000E+01  0.58191E+11  0.40000E+09  19.0
 309  9.00   77.5  100.00  0.50498E+11 224.5  -1.0 110.0  81.3  0.33078E+12 -0.10000E+01  0.62660E+11  0.40000E+09  18.5
 309  9.25   76.1  100.00  0.53215E+11 223.9  -1.0 110.0  81.3  0.35377E+12 -0.10000E+01  0.66651E+11  0.40000E+09  18.1
 309  9.50   74.8  100.00  0.55588E+11 223.6  -1.0 110.0  81.2  0.37577E+12 -0.10000E+01  0.70192E+11  0.40000E+09  17.8
 309  9.75   73.6  100.00  0.57645E+11 223.8  -1.0 110.0  81.2  0.39643E+12 -0.10000E+01  0.73306E+11  0.40000E+09  17.6
 309 10.00   72.6  100.00  0.59408E+11 224.2  -1.0 110.0  81.1  0.41545E+12 -0.10000E+01  0.76013E+11  0.40000E+09  17.4
 309 10.25   71.6  100.00  0.60899E+11 224.9  -1.0 110.0  81.1  0.43252E+12 -0.10000E+01  0.78328E+11  0.40000E+09  17.2
 309 10.50   70.8  100.00  0.62133E+11 225.7  -1.0 110.0  81.1  0.44744E+12 -0.10000E+01  0.80264E+11  0.40000E+09  17.1
 309 10.75   70.2  100.00  0.63122E+11 226.6  -1.0 110.0  81.1  0.46003E+12 -0.10000E+01  0.81830E+11  0.40000E+09  17.0
 309 11.00   69.7  100.00  0.63877E+11 227.6  -1.0 110.0  81.1  0.47023E+12 -0.10000E+01  0.83034E+11  0.40000E+09  17.0
 309 11.25   69.3  100.00  0.64405E+11 228.5  -1.0 110.0  81.0  0.47801E+12 -0.10000E+01  0.83880E+11  0.40000E+09  16.9
 309 11.50   69.1  100.00  0.64710E+11 229.4  -1.0 110.0  81.0  0.48346E+12 -0.10000E+01  0.84371E+11  0.40000E+09  16.9
 309 11.75   69.0  100.00  0.64797E+11 230.2  -1.0 110.0  81.0  0.48669E+12 -0.10000E+01  0.84511E+11  0.40000E+09  16.9
 309 12.00   69.1  100.00  0.64666E+11 230.9  -1.0 110.0  81.0  0.48786E+12 -0.10000E+01  0.84299E+11  0.40000E+09  16.9
 309 12.25   69.4  100.00  0.64315E+11 231.5  -1.0 110.0  81.1  0.48716E+12 -0.10000E+01  0.83735E+11  0.40000E+09  16.9
 309 12.50   69.8  100.00  0.63742E+11 232.1  -1.0 110.0  81.1  0.48475E+12 -0.10000E+01  0.82816E+11  0.40000E+09  17.0
 309 12.75   70.3  100.00  0.62940E+11 232.6  -1.0 110.0  81.1  0.48080E+12 -0.10000E+01  0.81538E+11  0.40000E+09  17.0
 309 13.00   71.0  100.00  0.61901E+11 233.0  -1.0 110.0  81.1  0.47541E+12 -0.10000E+01  0.79897E+11  0.40000E+09  17.1
 309 13.25   71.8  100.00  0.60616E+11 233.4  -1.0 110.0  81.1  0.46867E+12 -0.10000E+01  0.77883E+11  0.40000E+09  17.2
 309 13.50   72.8  100.00  0.59071E+11 233.8  -1.0 110.0  81.1  0.46060E+12 -0.10000E+01  0.75488E+11  0.40000E+09  17.4
 309 13.75   73.9  100.00  0.57248E+11 234.3  -1.0 110.0  81.2  0.45123E+12 -0.10000E+01  0.72698E+11  0.40000E+09  17.6
 309 14.00   75.1  100.00  0.55128E+11 234.9  -1.0 110.0  81.2  0.44053E+12 -0.10000E+01  0.69497E+11  0.40000E+09  17.9
 309 14.25   76.4  100.00  0.52686E+11 235.6  -1.0 110.0  81.3  0.42850E+12 -0.10000E+01  0.65864E+11  0.40000E+09  18.2
 309 14.50   77.8  100.00  0.49893E+11 236.5  -1.0 110.0  81.3  0.41514E+12 -0.10000E+01  0.61775E+11  0.40000E+09  18.6
 309 14.75   79.3  100.00  0.46716E+11 237.7  -1.0 110.0  81.4  0.40049E+12 -0.10000E+01  0.57201E+11  0.40000E+09  19.1
 309 15.00   80.9  100.00  0.43119E+11 239.1  -1.0 110.0  81.5  0.38463E+12 -0.10000E+01  0.52117E+11  0.40000E+09  19.8
 309 15.25   82.7  100.00  0.39071E+11 240.9  -1.0 110.0  81.7  0.36769E+12 -0.10000E+01  0.46506E+11  0.40000E+09  20.6
 309 15.50   84.4  100.00  0.34562E+11 243.0  -1.0 110.0  81.8  0.34983E+12 -0.10000E+01  0.40393E+11  0.40000E+09  21.6
 309 15.75   86.3  100.00  0.29631E+11 245.6  -1.0 110.0  82.1  0.33128E+12 -0.10000E+01  0.33881E+11  0.40000E+09  22.9
 309 16.00   88.2  100.00  0.24422E+11 248.6  -1.0 110.0  82.3  0.31227E+12 -0.10000E+01  0.27221E+11  0.40000E+09  24.4
 309 16.25   90.2  100.00  0.19219E+11 251.9  -1.0 110.0  82.6  0.29305E+12 -0.10000E+01  0.20831E+11  0.40000E+09  26.1
 309 16.50   92.3  100.00  0.14415E+11 255.3  -1.0 110.0  82.9  0.27389E+12 -0.10000E+01  0.15197E+11  0.40000E+09  28.2
 309 16.75   94.3  100.00  0.10219E+11 258.7  -1.0 110.0  83.3  0.25503E+12 -0.10000E+01  0.10666E+11  0.40000E+09  30.6
 309 17.00   96.5  100.00  0.70305E+10 262.0  -1.0 110.0  83.7  0.23669E+12 -0.10000E+01  0.73105E+10  0.40000E+09  33.2
 309 17.25   98.6  100.00  0.48169E+10 265.1  -1.0 110.0  84.1  0.21906E+12 -0.10000E+01  0.49854E+10  0.40000E+09  36.0
 309 17.50  100.8  100.00  0.33600E+10 268.1  -1.0 110.0  84.5  0.20229E+12 -0.10000E+01  0.34586E+10  0.40000E+09  39.0
 309 17.75  103.0  100.00  0.24488E+10 270.9  -1.0 110.0  85.0  0.18651E+12 -0.10000E+01  0.25061E+10  0.40000E+09  42.1
 309 18.00  105.3  100.00  0.19110E+10 273.7  -1.0 110.0  85.4  0.17181E+12 -0.10000E+01  0.19454E+10  0.40000E+09  45.1
 309 18.25  107.5  100.00  0.19001E+10 276.0  -1.0 110.0  85.8  0.15824E+12 -0.10000E+01  0.19376E+10  0.40000E+09  48.0
 309 18.50  109.8  100.00  0.18965E+10 278.4  -1.0 110.0  86.1  0.14582E+12 -0.10000E+01  0.19376E+10  0.40000E+09  50.7
 309 18.75  112.1  100.00  0.18931E+10 281.0  -1.0 110.0  86.5  0.13458E+12 -0.10000E+01  0.19376E+10  0.40000E+09  53.2
 309 19.00  114.3  100.00  0.18897E+10 283.8  -1.0 110.0  86.7  0.12450E+12 -0.10000E+01  0.19376E+10  0.40000E+09  55.3
 309 19.25  116.6  100.00  0.18867E+10 286.8  -1.0 110.0  87.0  0.11555E+12 -0.10000E+01  0.19376E+10  0.40000E+09  57.2
 309 19.50  118.8  100.00  0.18839E+10 290.0  -1.0 110.0  87.2  0.10769E+12 -0.10000E+01  0.19376E+10  0.40000E+09  58.8
 309 19.75  121.0  100.00  0.18815E+10 293.4  -1.0 110.0  87.3  0.10087E+12 -0.10000E+01  0.19376E+10  0.40000E+09  60.1
 309 20.00  123.2  100.00  0.18795E+10 296.9  -1.0 110.0  87.5  0.95041E+11 -0.10000E+01  0.19376E+10  0.40000E+09  61.2
 309 20.25  125.3  100.00  0.18777E+10 300.5  -1.0 110.0  87.6  0.90128E+11 -0.10000E+01  0.19376E+10  0.40000E+09  62.1
 309 20.50  127.4  100.00  0.18763E+10 304.2  -1.0 110.0  87.7  0.86067E+11 -0.10000E+01  0.19376E+10  0.40000E+09  62.8
 309 20.75  129.4  100.00  0.18752E+10 308.0  -1.0 110.0  87.7  0.82791E+11 -0.10000E+01  0.19376E+10  0.40000E+09  63.4
 309 21.00  131.3  100.00  0.18742E+10 311.7  -1.0 110.0  87.8  0.80234E+11 -0.10000E+01  0.19376E+10  0.40000E+09  63.9
 309 21.25  133.2  100.00  0.18734E+10 315.3  -1.0 110.0  87.8  0.78332E+11 -0.10000E+01  0.19376E+10  0.40000E+09  64.2
 309 21.50  134.9  100.00  0.18728E+10 318.8  -1.0 110.0  87.9  0.77029E+11 -0.10000E+01  0.19376E+10  0.40000E+09  64.5
 309 21.75  136.6  100.00  0.18724E+10 322.0  -1.0 110.0  87.9  0.76274E+11 -0.10000E+01  0.19376E+10  0.40000E+09  64.8
 309 22.00  138.1  100.00  0.18720E+10 324.9  -1.0 110.0  87.9  0.76024E+11 -0.10000E+01  0.19376E+10  0.40000E+09  64.9
 309 22.25  139.4  100.00  0.18717E+10 327.5  -1.0 110.0  87.9  0.76242E+11 -0.10000E+01  0.19376E+10  0.40000E+09  65.1
 309 22.50  140.6  100.00  0.18715E+10 329.6  -1.0 110.0  88.0  0.76896E+11 -0.10000E+01  0.19376E+10  0.40000E+09  65.2
 309 22.75  141.6  100.00  0.18713E+10 331.4  -1.0 110.0  88.0  0.77955E+11 -0.10000E+01  0.19376E+10  0.40000E+09  65.3
 309 23.00  142.4  100.00  0.18711E+10 332.6  -1.0 110.0  88.0  0.79382E+11 -0.10000E+01  0.19376E+10  0.40000E+09  65.3
 309 23.25  142.9  100.00  0.18710E+10 333.5  -1.0 110.0  88.0  0.81133E+11 -0.10000E+01  0.19376E+10  0.40000E+09  65.4
 309 23.50  143.3  100.00  0.18709E+10 333.9  -1.0 110.0  88.0  0.83149E+11 -0.10000E+01  0.19376E+10  0.40000E+09  65.4
 309 23.75  143.4  100.00  0.18709E+10 334.0  -1.0 110.0  88.0  0.85347E+11 -0.10000E+01  0.19376E+10  0.40000E+09  65.5
 309 24.00  143.2  100.00  0.18708E+10 333.7  -1.0 110.0  88.0  0.87622E+11 -0.10000E+01  0.19376E+10  0.40000E+09  65.5
