   1  4.00  126.6  100.00  0.20176E+10 310.5  -1.0 110.0  87.6  0.61573E+11 -0.10000E+01  0.20918E+10  0.40000E+09  62.6
   2  4.00  126.6  100.00  0.20177E+10 310.4  -1.0 110.0  87.6  0.61193E+11 -0.10000E+01  0.20920E+10  0.40000E+09  62.6
   3  4.00  126.6  100.00  0.20178E+10 310.3  -1.0 110.0  87.6  0.60814E+11 -0.10000E+01  0.20921E+10  0.40000E+09  62.6
   4  4.00  126.6  100.00  0.20180E+10 310.2  -1.0 110.0  87.6  0.60437E+11 -0.10000E+01  0.20923E+10  0.40000E+09  62.6
   5  4.00  126.6  100.00  0.20181E+10 310.0  -1.0 110.0  87.6  0.60061E+11 -0.10000E+01  0.20924E+10  0.40000E+09  62.6
   6  4.00  126.6  100.00  0.20183E+10 309.9  -1.0 110.0  87.6  0.59686E+11 -0.10000E+01  0.20925E+10  0.40000E+09  62.6
   7  4.00  126.5  100.00  0.20185E+10 309.8  -1.0 110.0  87.6  0.59312E+11 -0.10000E+01  0.20927E+10  0.40000E+09  62.5
   8  4.00  126.5  100.00  0.20186E+10 309.7  -1.0 110.0  87.6  0.58939E+11 -0.10000E+01  0.20928E+10  0.40000E+09  62.5
   9  4.00  126.4  100.00  0.20188E+10 309.5  -1.0 110.0  87.6  0.58568E+11 -0.10000E+01  0.20930E+10  0.40000E+09  62.5
  10  4.00  126.4  100.00  0.20190E+10 309.4  -1.0 110.0  87.6  0.58197E+11 -0.10000E+01  0.20931E+10  0.40000E+09  62.5
  11  4.00  126.3  100.00  0.20192E+10 309.3  -1.0 110.0  87.6  0.57828E+11 -0.10000E+01  0.20933E+10  0.40000E+09  62.5
  12  4.00  126.2  100.00  0.20194E+10 309.1  -1.0 110.0  87.6  0.57460E+11 -0.10000E+01  0.20934E+10  0.40000E+09  62.4
  13  4.00  126.2  100.00  0.20196E+10 309.0  -1.0 110.0  87.6  0.57094E+11 -0.10000E+01  0.20935E+10  0.40000E+09  62.4
  14  4.00  126.1  100.00  0.20198E+10 308.9  -1.0 110.0  87.6  0.56728E+11 -0.10000E+01  0.20937E+10  0.40000E+09  62.4
  15  4.00  126.0  100.00  0.20200E+10 308.7  -1.0 110.0  87.6  0.56364E+11 -0.10000E+01  0.20938E+10  0.40000E+09  62.3
  16  4.00  125.9  100.00  0.20196E+10 309.2  -1.0 110.0  87.6  0.56655E+11 -0.10000E+01  0.20933E+10  0.40000E+09  62.3
  17  4.00  125.8  100.00  0.20192E+10 309.7  -1.0 110.0  87.6  0.56946E+11 -0.10000E+01  0.20927E+10  0.40000E+09  62.3
  18  4.00  125.6  100.00  0.20188E+10 310.2  -1.0 110.0  87.6  0.57239E+11 -0.10000E+01  0.20922E+10  0.40000E+09  62.2
  19  4.00  125.5  100.00  0.20185E+10 310.7  -1.0 110.0  87.6  0.57532E+11 -0.10000E+01  0.20917E+10  0.40000E+09  62.2
  20  4.00  125.4  100.00  0.20181E+10 311.1  -1.0 110.0  87.6  0.57826E+11 -0.10000E+01  0.20911E+10  0.40000E+09  62.1
  21  4.00  125.3  100.00  0.20177E+10 311.6  -1.0 110.0  87.6  0.58120E+11 -0.10000E+01  0.20906E+10  0.40000E+09  62.1
  22  4.00  125.1  100.00  0.20174E+10 312.1  -1.0 110.0  87.6  0.58416E+11 -0.10000E+01  0.20900E+10  0.40000E+09  62.0
  23  4.00  125.0  100.00  0.20170E+10 312.6  -1.0 110.0  87.6  0.58712E+11 -0.10000E+01  0.20895E+10  0.40000E+09  62.0
  24  4.00  124.8  100.00  0.20167E+10 313.1  -1.0 110.0  87.6  0.59009E+11 -0.10000E+01  0.20890E+10  0.40000E+09  61.9
  25  4.00  124.6  100.00  0.20163E+10 313.5  -1.0 110.0  87.6  0.59306E+11 -0.10000E+01  0.20884E+10  0.40000E+09  61.8
  26  4.00  124.5  100.00  0.20160E+10 314.0  -1.0 110.0  87.5  0.59605E+11 -0.10000E+01  0.20879E+10  0.40000E+09  61.8
  27  4.00  124.3  100.00  0.20157E+10 314.5  -1.0 110.0  87.5  0.59904E+11 -0.10000E+01  0.20873E+10  0.40000E+09  61.7
  28  4.00  124.1  100.00  0.20153E+10 315.0  -1.0 110.0  87.5  0.60204E+11 -0.10000E+01  0.20868E+10  0.40000E+09  61.6
  29  4.00  123.9  100.00  0.20150E+10 315.5  -1.0 110.0  87.5  0.60505E+11 -0.10000E+01  0.20862E+10  0.40000E+09  61.5
  30  4.00  123.7  100.00  0.20147E+10 316.0  -1.0 110.0  87.5  0.60806E+11 -0.10000E+01  0.20857E+10  0.40000E+09  61.5
  31  4.00  123.5  100.00  0.20144E+10 316.5  -1.0 110.0  87.5  0.61108E+11 -0.10000E+01  0.20852E+10  0.40000E+09  61.4
  32  4.00  123.3  100.00  0.20142E+10 317.0  -1.0 110.0  87.5  0.61411E+11 -0.10000E+01  0.20846E+10  0.40000E+09  61.3
  33  4.00  123.1  100.00  0.20139E+10 317.4  -1.0 110.0  87.5  0.61715E+11 -0.10000E+01  0.20841E+10  0.40000E+09  61.2
  34  4.00  122.9  100.00  0.20136E+10 317.9  -1.0 110.0  87.5  0.62019E+11 -0.10000E+01  0.20835E+10  0.40000E+09  61.1
  35  4.00  122.6  100.00  0.20134E+10 318.4  -1.0 110.0  87.4  0.62324E+11 -0.10000E+01  0.20830E+10  0.40000E+09  61.0
  36  4.00  122.4  100.00  0.20131E+10 318.9  -1.0 110.0  87.4  0.62630E+11 -0.10000E+01  0.20825E+10  0.40000E+09  60.9
  37  4.00  122.2  100.00  0.20129E+10 319.4  -1.0 110.0  87.4  0.62937E+11 -0.10000E+01  0.20819E+10  0.40000E+09  60.8
  38  4.00  121.9  100.00  0.20127E+10 319.9  -1.0 110.0  87.4  0.63244E+11 -0.10000E+01  0.20814E+10  0.40000E+09  60.6
  39  4.00  121.7  100.00  0.20124E+10 320.4  -1.0 110.0  87.4  0.63552E+11 -0.10000E+01  0.20808E+10  0.40000E+09  60.5
  40  4.00  121.4  100.00  0.20122E+10 320.9  -1.0 110.0  87.4  0.63861E+11 -0.10000E+01  0.20803E+10  0.40000E+09  60.4
  41  4.00  121.1  100.00  0.20120E+10 321.4  -1.0 110.0  87.4  0.64171E+11 -0.10000E+01  0.20798E+10  0.40000E+09  60.3
  42  4.00  120.9  100.00  0.20119E+10 321.9  -1.0 110.0  87.3  0.64481E+11 -0.10000E+01  0.20792E+10  0.40000E+09  60.1
  43  4.00  120.6  100.00  0.20117E+10 322.4  -1.0 110.0  87.3  0.64792E+11 -0.10000E+01  0.20787E+10  0.40000E+09  60.0
  44  4.00  120.3  100.00  0.20115E+10 322.9  -1.0 110.0  87.3  0.65104E+11 -0.10000E+01  0.20781E+10  0.40000E+09  59.8
  45  4.00  120.0  100.00  0.20114E+10 323.4  -1.0 110.0  87.3  0.65417E+11 -0.10000E+01  0.20776E+10  0.40000E+09  59.7
  46  4.00  119.7  100.00  0.20110E+10 323.6  -1.0 110.0  87.3  0.65933E+11 -0.10000E+01  0.20768E+10  0.40000E+09  59.5
  47  4.00  119.5  100.00  0.20106E+10 323.9  -1.0 110.0  87.2  0.66451E+11 -0.10000E+01  0.20760E+10  0.40000E+09  59.3
  48  4.00  119.2  100.00  0.20102E+10 324.1  -1.0 110.0  87.2  0.66971E+11 -0.10000E+01  0.20752E+10  0.40000E+09  59.2
  49  4.00  118.8  100.00  0.20099E+10 324.3  -1.0 110.0  87.2  0.67493E+11 -0.10000E+01  0.20743E+10  0.40000E+09  59.0
  50  4.00  118.5  100.00  0.20095E+10 324.6  -1.0 110.0  87.2  0.68017E+11 -0.10000E+01  0.20735E+10  0.40000E+09  58.8
  51  4.00  118.2  100.00  0.20092E+10 324.8  -1.0 110.0  87.2  0.68544E+11 -0.10000E+01  0.20727E+10  0.40000E+09  58.6
  52  4.00  117.9  100.00  0.20089E+10 325.1  -1.0 110.0  87.1  0.69072E+11 -0.10000E+01  0.20719E+10  0.40000E+09  58.4
  53  4.00  117.6  100.00  0.20086E+10 325.3  -1.0 110.0  87.1  0.69602E+11 -0.10000E+01  0.20711E+10  0.40000E+09  58.2
  54  4.00  117.3  100.00  0.20083E+10 325.5  -1.0 110.0  87.1  0.70134E+11 -0.10000E+01  0.20703E+10  0.40000E+09  57.9
  55  4.00  116.9  100.00  0.20080E+10 325.8  -1.0 110.0  87.0  0.70669E+11 -0.10000E+01  0.20695E+10  0.40000E+09  57.7
  56  4.00  116.6  100.00  0.20077E+10 326.0  -1.0 110.0  87.0  0.71205E+11 -0.10000E+01  0.20687E+10  0.40000E+09  57.5
  57  4.00  116.3  100.00  0.20075E+10 326.2  -1.0 110.0  87.0  0.71743E+11 -0.10000E+01  0.20679E+10  0.40000E+09  57.2
  58  4.00  115.9  100.00  0.20072E+10 326.5  -1.0 110.0  87.0  0.72284E+11 -0.10000E+01  0.20670E+10  0.40000E+09  57.0
  59  4.00  115.6  100.00  0.20070E+10 326.7  -1.0 110.0  86.9  0.72826E+11 -0.10000E+01  0.20662E+10  0.40000E+09  56.7
  60  4.00  115.2  100.00  0.20067E+10 327.0  -1.0 110.0  86.9  0.73371E+11 -0.10000E+01  0.20654E+10  0.40000E+09  56.4
  61  4.00  114.9  100.00  0.20065E+10 327.2  -1.0 110.0  86.8  0.73917E+11 -0.10000E+01  0.20646E+10  0.40000E+09  56.2
  62  4.00  114.5  100.00  0.20063E+10 327.4  -1.0 110.0  86.8  0.74466E+11 -0.10000E+01  0.20638E+10  0.40000E+09  55.9
  63  4.00  114.2  100.00  0.20061E+10 327.7  -1.0 110.0  86.8  0.75017E+11 -0.10000E+01  0.20630E+10  0.40000E+09  55.6
  64  4.00  113.8  100.00  0.20060E+10 327.9  -1.0 110.0  86.7  0.75569E+11 -0.10000E+01  0.20622E+10  0.40000E+09  55.3
  65  4.00  113.5  100.00  0.20058E+10 328.1  -1.0 110.0  86.7  0.76124E+11 -0.10000E+01  0.20614E+10  0.40000E+09  55.0
  66  4.00  113.1  100.00  0.20056E+10 328.4  -1.0 110.0  86.7  0.76681E+11 -0.10000E+01  0.20606E+10  0.40000E+09  54.6
  67  4.00  112.8  100.00  0.20055E+10 328.6  -1.0 110.0  86.6  0.77239E+11 -0.10000E+01  0.20597E+10  0.40000E+09  54.3
  68  4.00  112.4  100.00  0.20053E+10 328.8  -1.0 110.0  86.6  0.77800E+11 -0.10000E+01  0.20589E+10  0.40000E+09  53.9
  69  4.00  112.0  100.00  0.20052E+10 329.1  -1.0 110.0  86.5  0.78363E+11 -0.10000E+01  0.20581E+10  0.40000E+09  53.6
  70  4.00  111.7  100.00  0.20051E+10 329.3  -1.0 110.0  86.5  0.78928E+11 -0.10000E+01  0.20573E+10  0.40000E+09  53.2
  71  4.00  111.3  100.00  0.20050E+10 329.6  -1.0 110.0  86.4  0.79494E+11 -0.10000E+01  0.20565E+10  0.40000E+09  52.8
  72  4.00  110.9  100.00  0.20049E+10 329.8  -1.0 110.0  86.4  0.80063E+11 -0.10000E+01  0.20557E+10  0.40000E+09  52.5
  73  4.00  110.6  100.00  0.20047E+10 330.0  -1.0 110.0  86.3  0.80634E+11 -0.10000E+01  0.20549E+10  0.40000E+09  52.1
  74  4.00  110.2  100.00  0.20046E+10 330.3  -1.0 110.0  86.3  0.81207E+11 -0.10000E+01  0.20541E+10  0.40000E+09  51.7
  75  4.00  109.8  100.00  0.20048E+10 330.0  -1.0 110.0  86.2  0.81873E+11 -0.10000E+01  0.20536E+10  0.40000E+09  51.2
  76  4.00  109.4  100.00  0.20050E+10 329.7  -1.0 110.0  86.2  0.82541E+11 -0.10000E+01  0.20530E+10  0.40000E+09  50.8
  77  4.00  109.1  100.00  0.20052E+10 329.4  -1.0 110.0  86.1  0.83212E+11 -0.10000E+01  0.20525E+10  0.40000E+09  50.4
  78  4.00  108.7  100.00  0.20054E+10 329.1  -1.0 110.0  86.0  0.83886E+11 -0.10000E+01  0.20520E+10  0.40000E+09  49.9
  79  4.00  108.3  100.00  0.20056E+10 328.8  -1.0 110.0  86.0  0.84562E+11 -0.10000E+01  0.20515E+10  0.40000E+09  49.5
  80  4.00  108.0  100.00  0.20058E+10 328.5  -1.0 110.0  85.9  0.85242E+11 -0.10000E+01  0.20510E+10  0.40000E+09  49.0
  81  4.00  107.6  100.00  0.20060E+10 328.2  -1.0 110.0  85.9  0.85924E+11 -0.10000E+01  0.20504E+10  0.40000E+09  48.5
  82  4.00  107.2  100.00  0.20062E+10 327.9  -1.0 110.0  85.8  0.86608E+11 -0.10000E+01  0.20499E+10  0.40000E+09  48.1
  83  4.00  106.8  100.00  0.20064E+10 327.7  -1.0 110.0  85.7  0.87295E+11 -0.10000E+01  0.20494E+10  0.40000E+09  47.6
  84  4.00  106.5  100.00  0.20066E+10 327.4  -1.0 110.0  85.7  0.87986E+11 -0.10000E+01  0.20489E+10  0.40000E+09  47.1
  85  4.00  106.1  100.00  0.20068E+10 327.1  -1.0 110.0  85.6  0.88678E+11 -0.10000E+01  0.20483E+10  0.40000E+09  46.6
  86  4.00  105.7  100.00  0.20069E+10 326.8  -1.0 110.0  85.5  0.89374E+11 -0.10000E+01  0.20478E+10  0.40000E+09  46.1
  87  4.00  105.4  100.00  0.20071E+10 326.5  -1.0 110.0  85.5  0.90072E+11 -0.10000E+01  0.20473E+10  0.40000E+09  45.6
  88  4.00  105.0  100.00  0.20073E+10 326.2  -1.0 110.0  85.4  0.90773E+11 -0.10000E+01  0.20468E+10  0.40000E+09  45.0
  89  4.00  104.6  100.00  0.20075E+10 325.9  -1.0 110.0  85.3  0.91477E+11 -0.10000E+01  0.20463E+10  0.40000E+09  44.5
  90  4.00  104.3  100.00  0.20497E+10 325.5  -1.0 110.0  85.3  0.92184E+11 -0.10000E+01  0.20899E+10  0.40000E+09  44.0
  91  4.00  103.9  100.00  0.21335E+10 325.0  -1.0 110.0  85.2  0.92893E+11 -0.10000E+01  0.21772E+10  0.40000E+09  43.5
  92  4.00  103.5  100.00  0.22251E+10 324.5  -1.0 110.0  85.1  0.93605E+11 -0.10000E+01  0.22727E+10  0.40000E+09  42.9
  93  4.00  103.2  100.00  0.23246E+10 323.9  -1.0 110.0  85.0  0.94319E+11 -0.10000E+01  0.23764E+10  0.40000E+09  42.4
  94  4.00  102.8  100.00  0.24329E+10 323.4  -1.0 110.0  85.0  0.95036E+11 -0.10000E+01  0.24894E+10  0.40000E+09  41.8
  95  4.00  102.5  100.00  0.25500E+10 322.8  -1.0 110.0  84.9  0.95757E+11 -0.10000E+01  0.26115E+10  0.40000E+09  41.3
  96  4.00  102.1  100.00  0.26766E+10 322.2  -1.0 110.0  84.8  0.96479E+11 -0.10000E+01  0.27436E+10  0.40000E+09  40.7
  97  4.00  101.7  100.00  0.28133E+10 321.6  -1.0 110.0  84.7  0.97205E+11 -0.10000E+01  0.28863E+10  0.40000E+09  40.2
  98  4.00  101.4  100.00  0.29603E+10 321.0  -1.0 110.0  84.7  0.97933E+11 -0.10000E+01  0.30398E+10  0.40000E+09  39.6
  99  4.00  101.0  100.00  0.31183E+10 320.4  -1.0 110.0  84.6  0.98664E+11 -0.10000E+01  0.32048E+10  0.40000E+09  39.1
 100  4.00  100.7  100.00  0.32876E+10 319.7  -1.0 110.0  84.5  0.99398E+11 -0.10000E+01  0.33816E+10  0.40000E+09  38.5
 101  4.00  100.4  100.00  0.34687E+10 319.1  -1.0 110.0  84.4  0.10013E+12 -0.10000E+01  0.35708E+10  0.40000E+09  38.0
 102  4.00  100.0  100.00  0.36619E+10 318.4  -1.0 110.0  84.4  0.10087E+12 -0.10000E+01  0.37727E+10  0.40000E+09  37.4
 103  4.00   99.7  100.00  0.38679E+10 317.7  -1.0 110.0  84.3  0.10161E+12 -0.10000E+01  0.39881E+10  0.40000E+09  36.9
 104  4.00   99.3  100.00  0.40866E+10 317.0  -1.0 110.0  84.2  0.10236E+12 -0.10000E+01  0.42167E+10  0.40000E+09  36.3
 105  4.00   99.0  100.00  0.43189E+10 316.3  -1.0 110.0  84.1  0.10311E+12 -0.10000E+01  0.44597E+10  0.40000E+09  35.8
 106  4.00   98.7  100.00  0.45648E+10 315.9  -1.0 110.0  84.1  0.10503E+12 -0.10000E+01  0.47169E+10  0.40000E+09  35.3
 107  4.00   98.4  100.00  0.48247E+10 315.5  -1.0 110.0  84.0  0.10698E+12 -0.10000E+01  0.49888E+10  0.40000E+09  34.7
 108  4.00   98.0  100.00  0.50989E+10 315.1  -1.0 110.0  83.9  0.10894E+12 -0.10000E+01  0.52757E+10  0.40000E+09  34.2
 109  4.00   97.7  100.00  0.53876E+10 314.7  -1.0 110.0  83.8  0.11092E+12 -0.10000E+01  0.55778E+10  0.40000E+09  33.7
 110  4.00   97.4  100.00  0.56909E+10 314.3  -1.0 110.0  83.8  0.11292E+12 -0.10000E+01  0.58952E+10  0.40000E+09  33.2
 111  4.00   97.1  100.00  0.60089E+10 313.9  -1.0 110.0  83.7  0.11494E+12 -0.10000E+01  0.62280E+10  0.40000E+09  32.7
 112  4.00   96.8  100.00  0.63417E+10 313.4  -1.0 110.0  83.6  0.11698E+12 -0.10000E+01  0.65763E+10  0.40000E+09  32.2
 113  4.00   96.5  100.00  0.66891E+10 313.0  -1.0 110.0  83.5  0.11903E+12 -0.10000E+01  0.69400E+10  0.40000E+09  31.7
 114  4.00   96.2  100.00  0.70512E+10 312.5  -1.0 110.0  83.5  0.12110E+12 -0.10000E+01  0.73191E+10  0.40000E+09  31.2
 115  4.00   95.9  100.00  0.74278E+10 312.1  -1.0 110.0  83.4  0.12319E+12 -0.10000E+01  0.77134E+10  0.40000E+09  30.8
 116  4.00   95.6  100.00  0.78185E+10 311.6  -1.0 110.0  83.3  0.12529E+12 -0.10000E+01  0.81223E+10  0.40000E+09  30.3
 117  4.00   95.3  100.00  0.82228E+10 311.2  -1.0 110.0  83.3  0.12742E+12 -0.10000E+01  0.85457E+10  0.40000E+09  29.9
 118  4.00   95.0  100.00  0.86405E+10 310.7  -1.0 110.0  83.2  0.12956E+12 -0.10000E+01  0.89830E+10  0.40000E+09  29.4
 119  4.00   94.7  100.00  0.90709E+10 310.2  -1.0 110.0  83.1  0.13172E+12 -0.10000E+01  0.94336E+10  0.40000E+09  29.0
 120  4.00   94.5  100.00  0.95134E+10 309.8  -1.0 110.0  83.1  0.13390E+12 -0.10000E+01  0.98969E+10  0.40000E+09  28.5
 121  4.00   94.2  100.00  0.99673E+10 309.3  -1.0 110.0  83.0  0.13609E+12 -0.10000E+01  0.10372E+11  0.40000E+09  28.1
 122  4.00   93.9  100.00  0.10432E+11 308.9  -1.0 110.0  82.9  0.13831E+12 -0.10000E+01  0.10858E+11  0.40000E+09  27.7
 123  4.00   93.7  100.00  0.10906E+11 308.4  -1.0 110.0  82.9  0.14054E+12 -0.10000E+01  0.11354E+11  0.40000E+09  27.3
 124  4.00   93.4  100.00  0.11388E+11 307.9  -1.0 110.0  82.8  0.14279E+12 -0.10000E+01  0.11859E+11  0.40000E+09  27.0
 125  4.00   93.1  100.00  0.11878E+11 307.5  -1.0 110.0  82.8  0.14505E+12 -0.10000E+01  0.12373E+11  0.40000E+09  26.6
 126  4.00   92.9  100.00  0.12375E+11 307.1  -1.0 110.0  82.7  0.14734E+12 -0.10000E+01  0.12892E+11  0.40000E+09  26.2
 127  4.00   92.7  100.00  0.12877E+11 306.6  -1.0 110.0  82.7  0.14964E+12 -0.10000E+01  0.13417E+11  0.40000E+09  25.9
 128  4.00   92.4  100.00  0.13382E+11 306.2  -1.0 110.0  82.6  0.15196E+12 -0.10000E+01  0.13947E+11  0.40000E+09  25.5
 129  4.00   92.2  100.00  0.13881E+11 305.8  -1.0 110.0  82.6  0.15430E+12 -0.10000E+01  0.14479E+11  0.40000E+09  25.2
 130  4.00   92.0  100.00  0.14360E+11 305.4  -1.0 110.0  82.5  0.15666E+12 -0.10000E+01  0.15012E+11  0.40000E+09  24.9
 131  4.00   91.7  100.00  0.14837E+11 305.0  -1.0 110.0  82.5  0.15903E+12 -0.10000E+01  0.15546E+11  0.40000E+09  24.6
 132  4.00   91.5  100.00  0.15311E+11 304.6  -1.0 110.0  82.4  0.16142E+12 -0.10000E+01  0.16078E+11  0.40000E+09  24.3
 133  4.00   91.3  100.00  0.15782E+11 304.3  -1.0 110.0  82.4  0.16383E+12 -0.10000E+01  0.16608E+11  0.40000E+09  24.0
 134  4.00   91.1  100.00  0.16247E+11 303.9  -1.0 110.0  82.3  0.16626E+12 -0.10000E+01  0.17134E+11  0.40000E+09  23.7
 135  4.00   90.9  100.00  0.16706E+11 303.6  -1.0 110.0  82.3  0.16870E+12 -0.10000E+01  0.17655E+11  0.40000E+09  23.4
 136  4.00   90.7  100.00  0.17158E+11 303.2  -1.0 110.0  82.2  0.17006E+12 -0.10000E+01  0.18169E+11  0.40000E+09  23.2
 137  4.00   90.5  100.00  0.17601E+11 302.8  -1.0 110.0  82.2  0.17142E+12 -0.10000E+01  0.18675E+11  0.40000E+09  22.9
 138  4.00   90.4  100.00  0.18036E+11 302.4  -1.0 110.0  82.2  0.17279E+12 -0.10000E+01  0.19173E+11  0.40000E+09  22.7
 139  4.00   90.2  100.00  0.18460E+11 302.0  -1.0 110.0  82.1  0.17417E+12 -0.10000E+01  0.19660E+11  0.40000E+09  22.5
 140  4.00   90.0  100.00  0.18874E+11 301.7  -1.0 110.0  82.1  0.17555E+12 -0.10000E+01  0.20136E+11  0.40000E+09  22.3
 141  4.00   89.8  100.00  0.19277E+11 301.3  -1.0 110.0  82.1  0.17693E+12 -0.10000E+01  0.20601E+11  0.40000E+09  22.0
 142  4.00   89.7  100.00  0.19667E+11 301.0  -1.0 110.0  82.0  0.17832E+12 -0.10000E+01  0.21052E+11  0.40000E+09  21.8
 143  4.00   89.5  100.00  0.20044E+11 300.7  -1.0 110.0  82.0  0.17972E+12 -0.10000E+01  0.21490E+11  0.40000E+09  21.7
 144  4.00   89.4  100.00  0.20408E+11 300.4  -1.0 110.0  82.0  0.18112E+12 -0.10000E+01  0.21913E+11  0.40000E+09  21.5
 145  4.00   89.3  100.00  0.20759E+11 300.2  -1.0 110.0  81.9  0.18252E+12 -0.10000E+01  0.22321E+11  0.40000E+09  21.3
 146  4.00   89.1  100.00  0.21095E+11 299.9  -1.0 110.0  81.9  0.18393E+12 -0.10000E+01  0.22713E+11  0.40000E+09  21.1
 147  4.00   89.0  100.00  0.21416E+11 299.7  -1.0 110.0  81.9  0.18535E+12 -0.10000E+01  0.23089E+11  0.40000E+09  21.0
 148  4.00   88.9  100.00  0.21723E+11 299.5  -1.0 110.0  81.9  0.18677E+12 -0.10000E+01  0.23447E+11  0.40000E+09  20.8
 149  4.00   88.8  100.00  0.22014E+11 299.3  -1.0 110.0  81.8  0.18820E+12 -0.10000E+01  0.23788E+11  0.40000E+09  20.7
 150  4.00   88.7  100.00  0.22289E+11 299.2  -1.0 110.0  81.8  0.18963E+12 -0.10000E+01  0.24111E+11  0.40000E+09  20.5
 151  4.00   88.6  100.00  0.22549E+11 299.0  -1.0 110.0  81.8  0.19107E+12 -0.10000E+01  0.24416E+11  0.40000E+09  20.4
 152  4.00   88.5  100.00  0.22792E+11 298.9  -1.0 110.0  81.8  0.19252E+12 -0.10000E+01  0.24702E+11  0.40000E+09  20.3
 153  4.00   88.4  100.00  0.23019E+11 298.8  -1.0 110.0  81.8  0.19397E+12 -0.10000E+01  0.24969E+11  0.40000E+09  20.2
 154  4.00   88.3  100.00  0.23230E+11 298.7  -1.0 110.0  81.8  0.19542E+12 -0.10000E+01  0.25217E+11  0.40000E+09  20.1
 155  4.00   88.2  100.00  0.23425E+11 298.7  -1.0 110.0  81.7  0.19688E+12 -0.10000E+01  0.25446E+11  0.40000E+09  20.0
 156  4.00   88.2  100.00  0.23603E+11 298.6  -1.0 110.0  81.7  0.19835E+12 -0.10000E+01  0.25655E+11  0.40000E+09  19.9
 157  4.00   88.1  100.00  0.23765E+11 298.6  -1.0 110.0  81.7  0.19982E+12 -0.10000E+01  0.25845E+11  0.40000E+09  19.8
 158  4.00   88.0  100.00  0.23910E+11 298.6  -1.0 110.0  81.7  0.20130E+12 -0.10000E+01  0.26016E+11  0.40000E+09  19.7
 159  4.00   88.0  100.00  0.24039E+11 298.6  -1.0 110.0  81.7  0.20278E+12 -0.10000E+01  0.26167E+11  0.40000E+09  19.6
 160  4.00   88.0  100.00  0.24151E+11 298.6  -1.0 110.0  81.7  0.20427E+12 -0.10000E+01  0.26298E+11  0.40000E+09  19.6
 161  4.00   87.9  100.00  0.24247E+11 298.6  -1.0 110.0  81.7  0.20576E+12 -0.10000E+01  0.26410E+11  0.40000E+09  19.5
 162  4.00   87.9  100.00  0.24326E+11 298.7  -1.0 110.0  81.7  0.20726E+12 -0.10000E+01  0.26502E+11  0.40000E+09  19.5
 163  4.00   87.9  100.00  0.24389E+11 298.8  -1.0 110.0  81.7  0.20876E+12 -0.10000E+01  0.26574E+11  0.40000E+09  19.4
 164  4.00   87.8  100.00  0.24435E+11 298.9  -1.0 110.0  81.6  0.21027E+12 -0.10000E+01  0.26628E+11  0.40000E+09  19.4
 165  4.00   87.8  100.00  0.24465E+11 299.0  -1.0 110.0  81.6  0.21179E+12 -0.10000E+01  0.26662E+11  0.40000E+09  19.3
 166  4.00   87.8  100.00  0.24480E+11 299.1  -1.0 110.0  81.6  0.21331E+12 -0.10000E+01  0.26676E+11  0.40000E+09  19.3
 167  4.00   87.8  100.00  0.24478E+11 298.9  -1.0 110.0  81.6  0.21201E+12 -0.10000E+01  0.26672E+11  0.40000E+09  19.3
 168  4.00   87.8  100.00  0.24460E+11 298.7  -1.0 110.0  81.6  0.21071E+12 -0.10000E+01  0.26648E+11  0.40000E+09  19.3
 169  4.00   87.8  100.00  0.24426E+11 298.5  -1.0 110.0  81.6  0.20942E+12 -0.10000E+01  0.26606E+11  0.40000E+09  19.3
 170  4.00   87.9  100.00  0.24377E+11 298.4  -1.0 110.0  81.6  0.20813E+12 -0.10000E+01  0.26546E+11  0.40000E+09  19.3
 171  4.00   87.9  100.00  0.24312E+11 298.2  -1.0 110.0  81.6  0.20685E+12 -0.10000E+01  0.26467E+11  0.40000E+09  19.3
 172  4.00   87.9  100.00  0.24232E+11 298.1  -1.0 110.0  81.6  0.20557E+12 -0.10000E+01  0.26369E+11  0.40000E+09  19.3
 173  4.00   87.9  100.00  0.24137E+11 298.0  -1.0 110.0  81.6  0.20429E+12 -0.10000E+01  0.26254E+11  0.40000E+09  19.3
 174  4.00   88.0  100.00  0.24026E+11 297.9  -1.0 110.0  81.6  0.20302E+12 -0.10000E+01  0.26121E+11  0.40000E+09  19.3
 175  4.00   88.0  100.00  0.23901E+11 297.8  -1.0 110.0  81.7  0.20175E+12 -0.10000E+01  0.25971E+11  0.40000E+09  19.4
 176  4.00   88.1  100.00  0.23761E+11 297.8  -1.0 110.0  81.7  0.20049E+12 -0.10000E+01  0.25803E+11  0.40000E+09  19.4
 177  4.00   88.1  100.00  0.23607E+11 297.7  -1.0 110.0  81.7  0.19922E+12 -0.10000E+01  0.25619E+11  0.40000E+09  19.5
 178  4.00   88.2  100.00  0.23438E+11 297.7  -1.0 110.0  81.7  0.19797E+12 -0.10000E+01  0.25418E+11  0.40000E+09  19.5
 179  4.00   88.3  100.00  0.23256E+11 297.7  -1.0 110.0  81.7  0.19672E+12 -0.10000E+01  0.25201E+11  0.40000E+09  19.6
 180  4.00   88.4  100.00  0.23059E+11 297.7  -1.0 110.0  81.7  0.19547E+12 -0.10000E+01  0.24968E+11  0.40000E+09  19.6
 181  4.00   88.4  100.00  0.22849E+11 297.7  -1.0 110.0  81.7  0.19422E+12 -0.10000E+01  0.24719E+11  0.40000E+09  19.7
 182  4.00   88.5  100.00  0.22626E+11 297.7  -1.0 110.0  81.7  0.19298E+12 -0.10000E+01  0.24455E+11  0.40000E+09  19.8
 183  4.00   88.6  100.00  0.22389E+11 297.7  -1.0 110.0  81.7  0.19174E+12 -0.10000E+01  0.24176E+11  0.40000E+09  19.9
 184  4.00   88.7  100.00  0.22140E+11 297.8  -1.0 110.0  81.8  0.19051E+12 -0.10000E+01  0.23882E+11  0.40000E+09  20.0
 185  4.00   88.8  100.00  0.21878E+11 297.9  -1.0 110.0  81.8  0.18928E+12 -0.10000E+01  0.23575E+11  0.40000E+09  20.1
 186  4.00   88.9  100.00  0.21605E+11 298.0  -1.0 110.0  81.8  0.18806E+12 -0.10000E+01  0.23254E+11  0.40000E+09  20.2
 187  4.00   89.0  100.00  0.21319E+11 298.1  -1.0 110.0  81.8  0.18684E+12 -0.10000E+01  0.22920E+11  0.40000E+09  20.3
 188  4.00   89.1  100.00  0.21022E+11 298.2  -1.0 110.0  81.8  0.18562E+12 -0.10000E+01  0.22573E+11  0.40000E+09  20.5
 189  4.00   89.2  100.00  0.20715E+11 298.3  -1.0 110.0  81.9  0.18441E+12 -0.10000E+01  0.22215E+11  0.40000E+09  20.6
 190  4.00   89.4  100.00  0.20396E+11 298.5  -1.0 110.0  81.9  0.18320E+12 -0.10000E+01  0.21845E+11  0.40000E+09  20.7
 191  4.00   89.5  100.00  0.20068E+11 298.6  -1.0 110.0  81.9  0.18199E+12 -0.10000E+01  0.21464E+11  0.40000E+09  20.9
 192  4.00   89.6  100.00  0.19729E+11 298.8  -1.0 110.0  81.9  0.18079E+12 -0.10000E+01  0.21072E+11  0.40000E+09  21.1
 193  4.00   89.8  100.00  0.19382E+11 299.0  -1.0 110.0  82.0  0.17960E+12 -0.10000E+01  0.20671E+11  0.40000E+09  21.2
 194  4.00   89.9  100.00  0.19026E+11 299.2  -1.0 110.0  82.0  0.17840E+12 -0.10000E+01  0.20261E+11  0.40000E+09  21.4
 195  4.00   90.1  100.00  0.18662E+11 299.4  -1.0 110.0  82.0  0.17721E+12 -0.10000E+01  0.19843E+11  0.40000E+09  21.6
 196  4.00   90.2  100.00  0.18290E+11 299.6  -1.0 110.0  82.0  0.17603E+12 -0.10000E+01  0.19418E+11  0.40000E+09  21.8
 197  4.00   90.4  100.00  0.17912E+11 299.8  -1.0 110.0  82.1  0.17428E+12 -0.10000E+01  0.18986E+11  0.40000E+09  22.0
 198  4.00   90.5  100.00  0.17527E+11 299.9  -1.0 110.0  82.1  0.17253E+12 -0.10000E+01  0.18547E+11  0.40000E+09  22.2
 199  4.00   90.7  100.00  0.17137E+11 300.1  -1.0 110.0  82.1  0.17080E+12 -0.10000E+01  0.18104E+11  0.40000E+09  22.4
 200  4.00   90.8  100.00  0.16742E+11 300.4  -1.0 110.0  82.2  0.16907E+12 -0.10000E+01  0.17656E+11  0.40000E+09  22.6
 201  4.00   91.0  100.00  0.16342E+11 300.6  -1.0 110.0  82.2  0.16736E+12 -0.10000E+01  0.17205E+11  0.40000E+09  22.9
 202  4.00   91.2  100.00  0.15939E+11 300.8  -1.0 110.0  82.3  0.16565E+12 -0.10000E+01  0.16751E+11  0.40000E+09  23.1
 203  4.00   91.4  100.00  0.15532E+11 301.0  -1.0 110.0  82.3  0.16395E+12 -0.10000E+01  0.16294E+11  0.40000E+09  23.4
 204  4.00   91.6  100.00  0.15124E+11 301.3  -1.0 110.0  82.3  0.16226E+12 -0.10000E+01  0.15837E+11  0.40000E+09  23.6
 205  4.00   91.7  100.00  0.14714E+11 301.5  -1.0 110.0  82.4  0.16058E+12 -0.10000E+01  0.15380E+11  0.40000E+09  23.9
 206  4.00   91.9  100.00  0.14303E+11 301.8  -1.0 110.0  82.4  0.15890E+12 -0.10000E+01  0.14923E+11  0.40000E+09  24.2
 207  4.00   92.1  100.00  0.13892E+11 302.0  -1.0 110.0  82.5  0.15724E+12 -0.10000E+01  0.14468E+11  0.40000E+09  24.4
 208  4.00   92.3  100.00  0.13459E+11 302.3  -1.0 110.0  82.5  0.15558E+12 -0.10000E+01  0.14015E+11  0.40000E+09  24.7
 209  4.00   92.5  100.00  0.13028E+11 302.6  -1.0 110.0  82.6  0.15394E+12 -0.10000E+01  0.13565E+11  0.40000E+09  25.0
 210  4.00   92.7  100.00  0.12601E+11 302.9  -1.0 110.0  82.6  0.15230E+12 -0.10000E+01  0.13119E+11  0.40000E+09  25.4
 211  4.00   92.9  100.00  0.12179E+11 303.1  -1.0 110.0  82.7  0.15067E+12 -0.10000E+01  0.12678E+11  0.40000E+09  25.7
 212  4.00   93.1  100.00  0.11762E+11 303.4  -1.0 110.0  82.7  0.14905E+12 -0.10000E+01  0.12242E+11  0.40000E+09  26.0
 213  4.00   93.3  100.00  0.11351E+11 303.7  -1.0 110.0  82.8  0.14744E+12 -0.10000E+01  0.11812E+11  0.40000E+09  26.3
 214  4.00   93.6  100.00  0.10946E+11 304.0  -1.0 110.0  82.8  0.14583E+12 -0.10000E+01  0.11389E+11  0.40000E+09  26.7
 215  4.00   93.8  100.00  0.10548E+11 304.3  -1.0 110.0  82.9  0.14424E+12 -0.10000E+01  0.10973E+11  0.40000E+09  27.0
 216  4.00   94.0  100.00  0.10158E+11 304.6  -1.0 110.0  82.9  0.14265E+12 -0.10000E+01  0.10565E+11  0.40000E+09  27.4
 217  4.00   94.2  100.00  0.97763E+10 304.8  -1.0 110.0  83.0  0.14108E+12 -0.10000E+01  0.10166E+11  0.40000E+09  27.7
 218  4.00   94.4  100.00  0.94029E+10 305.1  -1.0 110.0  83.0  0.13951E+12 -0.10000E+01  0.97755E+10  0.40000E+09  28.1
 219  4.00   94.7  100.00  0.90385E+10 305.4  -1.0 110.0  83.1  0.13795E+12 -0.10000E+01  0.93945E+10  0.40000E+09  28.5
 220  4.00   94.9  100.00  0.86833E+10 305.7  -1.0 110.0  83.1  0.13640E+12 -0.10000E+01  0.90231E+10  0.40000E+09  28.9
 221  4.00   95.1  100.00  0.83378E+10 305.9  -1.0 110.0  83.2  0.13486E+12 -0.10000E+01  0.86618E+10  0.40000E+09  29.3
 222  4.00   95.4  100.00  0.80019E+10 306.2  -1.0 110.0  83.2  0.13333E+12 -0.10000E+01  0.83106E+10  0.40000E+09  29.6
 223  4.00   95.6  100.00  0.76762E+10 306.5  -1.0 110.0  83.3  0.13180E+12 -0.10000E+01  0.79700E+10  0.40000E+09  30.0
 224  4.00   95.8  100.00  0.73607E+10 306.7  -1.0 110.0  83.4  0.13029E+12 -0.10000E+01  0.76399E+10  0.40000E+09  30.4
 225  4.00   96.1  100.00  0.70555E+10 307.0  -1.0 110.0  83.4  0.12878E+12 -0.10000E+01  0.73208E+10  0.40000E+09  30.8
 226  4.00   96.3  100.00  0.67606E+10 307.2  -1.0 110.0  83.5  0.12728E+12 -0.10000E+01  0.70124E+10  0.40000E+09  31.3
 227  4.00   96.6  100.00  0.64761E+10 307.5  -1.0 110.0  83.5  0.12579E+12 -0.10000E+01  0.67148E+10  0.40000E+09  31.7
 228  4.00   96.8  100.00  0.62021E+10 307.9  -1.0 110.0  83.6  0.12454E+12 -0.10000E+01  0.64282E+10  0.40000E+09  32.1
 229  4.00   97.1  100.00  0.59384E+10 308.3  -1.0 110.0  83.7  0.12330E+12 -0.10000E+01  0.61524E+10  0.40000E+09  32.5
 230  4.00   97.3  100.00  0.56850E+10 308.6  -1.0 110.0  83.7  0.12207E+12 -0.10000E+01  0.58874E+10  0.40000E+09  32.9
 231  4.00   97.6  100.00  0.54417E+10 309.0  -1.0 110.0  83.8  0.12084E+12 -0.10000E+01  0.56330E+10  0.40000E+09  33.4
 232  4.00   97.8  100.00  0.52084E+10 309.4  -1.0 110.0  83.8  0.11962E+12 -0.10000E+01  0.53890E+10  0.40000E+09  33.8
 233  4.00   98.1  100.00  0.49850E+10 309.8  -1.0 110.0  83.9  0.11840E+12 -0.10000E+01  0.51554E+10  0.40000E+09  34.2
 234  4.00   98.3  100.00  0.47713E+10 310.1  -1.0 110.0  84.0  0.11719E+12 -0.10000E+01  0.49319E+10  0.40000E+09  34.6
 235  4.00   98.6  100.00  0.45670E+10 310.5  -1.0 110.0  84.0  0.11599E+12 -0.10000E+01  0.47183E+10  0.40000E+09  35.1
 236  4.00   98.8  100.00  0.43719E+10 310.8  -1.0 110.0  84.1  0.11479E+12 -0.10000E+01  0.45143E+10  0.40000E+09  35.5
 237  4.00   99.1  100.00  0.41858E+10 311.2  -1.0 110.0  84.1  0.11360E+12 -0.10000E+01  0.43197E+10  0.40000E+09  35.9
 238  4.00   99.4  100.00  0.40087E+10 311.5  -1.0 110.0  84.2  0.11242E+12 -0.10000E+01  0.41346E+10  0.40000E+09  36.4
 239  4.00   99.6  100.00  0.38401E+10 311.8  -1.0 110.0  84.3  0.11124E+12 -0.10000E+01  0.39584E+10  0.40000E+09  36.8
 240  4.00   99.9  100.00  0.36796E+10 312.1  -1.0 110.0  84.3  0.11007E+12 -0.10000E+01  0.37907E+10  0.40000E+09  37.2
 241  4.00  100.2  100.00  0.35272E+10 312.4  -1.0 110.0  84.4  0.10890E+12 -0.10000E+01  0.36314E+10  0.40000E+09  37.6
 242  4.00  100.4  100.00  0.33828E+10 312.7  -1.0 110.0  84.4  0.10774E+12 -0.10000E+01  0.34806E+10  0.40000E+09  38.1
 243  4.00  100.7  100.00  0.32458E+10 313.0  -1.0 110.0  84.5  0.10659E+12 -0.10000E+01  0.33375E+10  0.40000E+09  38.5
 244  4.00  100.9  100.00  0.31161E+10 313.3  -1.0 110.0  84.6  0.10544E+12 -0.10000E+01  0.32019E+10  0.40000E+09  38.9
 245  4.00  101.2  100.00  0.29934E+10 313.6  -1.0 110.0  84.6  0.10430E+12 -0.10000E+01  0.30739E+10  0.40000E+09  39.3
 246  4.00  101.5  100.00  0.28774E+10 313.9  -1.0 110.0  84.7  0.10316E+12 -0.10000E+01  0.29527E+10  0.40000E+09  39.8
 247  4.00  101.7  100.00  0.27680E+10 314.1  -1.0 110.0  84.7  0.10203E+12 -0.10000E+01  0.28385E+10  0.40000E+09  40.2
 248  4.00  102.0  100.00  0.26646E+10 314.4  -1.0 110.0  84.8  0.10091E+12 -0.10000E+01  0.27306E+10  0.40000E+09  40.6
 249  4.00  102.3  100.00  0.25674E+10 314.6  -1.0 110.0  84.9  0.99794E+11 -0.10000E+01  0.26292E+10  0.40000E+09  41.0
 250  4.00  102.6  100.00  0.24760E+10 314.8  -1.0 110.0  84.9  0.98685E+11 -0.10000E+01  0.25339E+10  0.40000E+09  41.4
 251  4.00  102.8  100.00  0.23896E+10 315.1  -1.0 110.0  85.0  0.97581E+11 -0.10000E+01  0.24438E+10  0.40000E+09  41.8
 252  4.00  103.1  100.00  0.23090E+10 315.3  -1.0 110.0  85.0  0.96483E+11 -0.10000E+01  0.23597E+10  0.40000E+09  42.2
 253  4.00  103.4  100.00  0.22333E+10 315.5  -1.0 110.0  85.1  0.95391E+11 -0.10000E+01  0.22808E+10  0.40000E+09  42.6
 254  4.00  103.6  100.00  0.21621E+10 315.7  -1.0 110.0  85.1  0.94306E+11 -0.10000E+01  0.22065E+10  0.40000E+09  43.0
 255  4.00  103.9  100.00  0.20958E+10 315.9  -1.0 110.0  85.2  0.93227E+11 -0.10000E+01  0.21375E+10  0.40000E+09  43.4
 256  4.00  104.2  100.00  0.20336E+10 316.1  -1.0 110.0  85.2  0.92153E+11 -0.10000E+01  0.20727E+10  0.40000E+09  43.8
 257  4.00  104.5  100.00  0.19755E+10 316.3  -1.0 110.0  85.3  0.91086E+11 -0.10000E+01  0.20122E+10  0.40000E+09  44.2
 258  4.00  104.7  100.00  0.19213E+10 316.4  -1.0 110.0  85.3  0.90026E+11 -0.10000E+01  0.19558E+10  0.40000E+09  44.6
 259  4.00  105.0  100.00  0.19185E+10 316.7  -1.0 110.0  85.4  0.89248E+11 -0.10000E+01  0.19533E+10  0.40000E+09  45.0
 260  4.00  105.3  100.00  0.19177E+10 316.9  -1.0 110.0  85.4  0.88475E+11 -0.10000E+01  0.19529E+10  0.40000E+09  45.3
 261  4.00  105.6  100.00  0.19170E+10 317.2  -1.0 110.0  85.5  0.87704E+11 -0.10000E+01  0.19526E+10  0.40000E+09  45.7
 262  4.00  105.8  100.00  0.19162E+10 317.4  -1.0 110.0  85.5  0.86937E+11 -0.10000E+01  0.19522E+10  0.40000E+09  46.1
 263  4.00  106.1  100.00  0.19155E+10 317.7  -1.0 110.0  85.6  0.86173E+11 -0.10000E+01  0.19519E+10  0.40000E+09  46.5
 264  4.00  106.4  100.00  0.19147E+10 317.9  -1.0 110.0  85.6  0.85413E+11 -0.10000E+01  0.19516E+10  0.40000E+09  46.8
 265  4.00  106.7  100.00  0.19140E+10 318.1  -1.0 110.0  85.7  0.84656E+11 -0.10000E+01  0.19512E+10  0.40000E+09  47.2
 266  4.00  106.9  100.00  0.19132E+10 318.4  -1.0 110.0  85.7  0.83903E+11 -0.10000E+01  0.19509E+10  0.40000E+09  47.5
 267  4.00  107.2  100.00  0.19125E+10 318.6  -1.0 110.0  85.8  0.83152E+11 -0.10000E+01  0.19506E+10  0.40000E+09  47.9
 268  4.00  107.5  100.00  0.19117E+10 318.9  -1.0 110.0  85.8  0.82405E+11 -0.10000E+01  0.19502E+10  0.40000E+09  48.2
 269  4.00  107.8  100.00  0.19110E+10 319.1  -1.0 110.0  85.9  0.81662E+11 -0.10000E+01  0.19499E+10  0.40000E+09  48.5
 270  4.00  108.0  100.00  0.19103E+10 319.3  -1.0 110.0  85.9  0.80922E+11 -0.10000E+01  0.19496E+10  0.40000E+09  48.9
 271  4.00  108.3  100.00  0.19095E+10 319.6  -1.0 110.0  85.9  0.80185E+11 -0.10000E+01  0.19492E+10  0.40000E+09  49.2
 272  4.00  108.6  100.00  0.19088E+10 319.8  -1.0 110.0  86.0  0.79452E+11 -0.10000E+01  0.19489E+10  0.40000E+09  49.5
 273  4.00  108.9  100.00  0.19080E+10 320.1  -1.0 110.0  86.0  0.78722E+11 -0.10000E+01  0.19485E+10  0.40000E+09  49.9
 274  4.00  109.1  100.00  0.19073E+10 320.3  -1.0 110.0  86.1  0.77995E+11 -0.10000E+01  0.19482E+10  0.40000E+09  50.2
 275  4.00  109.4  100.00  0.19065E+10 320.5  -1.0 110.0  86.1  0.77272E+11 -0.10000E+01  0.19479E+10  0.40000E+09  50.5
 276  4.00  109.7  100.00  0.19058E+10 320.8  -1.0 110.0  86.2  0.76552E+11 -0.10000E+01  0.19475E+10  0.40000E+09  50.8
 277  4.00  109.9  100.00  0.19051E+10 321.0  -1.0 110.0  86.2  0.75835E+11 -0.10000E+01  0.19472E+10  0.40000E+09  51.1
 278  4.00  110.2  100.00  0.19043E+10 321.2  -1.0 110.0  86.2  0.75122E+11 -0.10000E+01  0.19469E+10  0.40000E+09  51.4
 279  4.00  110.5  100.00  0.19036E+10 321.5  -1.0 110.0  86.3  0.74412E+11 -0.10000E+01  0.19465E+10  0.40000E+09  51.7
 280  4.00  110.8  100.00  0.19029E+10 321.7  -1.0 110.0  86.3  0.73706E+11 -0.10000E+01  0.19462E+10  0.40000E+09  52.0
 281  4.00  111.0  100.00  0.19022E+10 322.0  -1.0 110.0  86.3  0.73003E+11 -0.10000E+01  0.19458E+10  0.40000E+09  52.3
 282  4.00  111.3  100.00  0.19014E+10 322.2  -1.0 110.0  86.4  0.72304E+11 -0.10000E+01  0.19455E+10  0.40000E+09  52.5
 283  4.00  111.6  100.00  0.19007E+10 322.4  -1.0 110.0  86.4  0.71607E+11 -0.10000E+01  0.19452E+10  0.40000E+09  52.8
 284  4.00  111.9  100.00  0.19000E+10 322.7  -1.0 110.0  86.5  0.70914E+11 -0.10000E+01  0.19448E+10  0.40000E+09  53.1
 285  4.00  112.1  100.00  0.18993E+10 322.9  -1.0 110.0  86.5  0.70225E+11 -0.10000E+01  0.19445E+10  0.40000E+09  53.4
 286  4.00  112.4  100.00  0.18986E+10 323.1  -1.0 110.0  86.5  0.69538E+11 -0.10000E+01  0.19442E+10  0.40000E+09  53.6
 287  4.00  112.7  100.00  0.18979E+10 323.4  -1.0 110.0  86.6  0.68855E+11 -0.10000E+01  0.19438E+10  0.40000E+09  53.9
 288  4.00  112.9  100.00  0.18972E+10 323.6  -1.0 110.0  86.6  0.68176E+11 -0.10000E+01  0.19435E+10  0.40000E+09  54.1
 289  4.00  113.2  100.00  0.18965E+10 323.3  -1.0 110.0  86.6  0.67794E+11 -0.10000E+01  0.19432E+10  0.40000E+09  54.4
 290  4.00  113.5  100.00  0.18959E+10 323.0  -1.0 110.0  86.7  0.67413E+11 -0.10000E+01  0.19429E+10  0.40000E+09  54.6
 291  4.00  113.7  100.00  0.18952E+10 322.8  -1.0 110.0  86.7  0.67033E+11 -0.10000E+01  0.19427E+10  0.40000E+09  54.9
 292  4.00  114.0  100.00  0.18946E+10 322.5  -1.0 110.0  86.7  0.66655E+11 -0.10000E+01  0.19424E+10  0.40000E+09  55.1
 293  4.00  114.3  100.00  0.18940E+10 322.2  -1.0 110.0  86.7  0.66277E+11 -0.10000E+01  0.19421E+10  0.40000E+09  55.3
 294  4.00  114.5  100.00  0.18933E+10 321.9  -1.0 110.0  86.8  0.65901E+11 -0.10000E+01  0.19418E+10  0.40000E+09  55.6
 295  4.00  114.8  100.00  0.18927E+10 321.7  -1.0 110.0  86.8  0.65526E+11 -0.10000E+01  0.19415E+10  0.40000E+09  55.8
 296  4.00  115.0  100.00  0.18921E+10 321.4  -1.0 110.0  86.8  0.65151E+11 -0.10000E+01  0.19413E+10  0.40000E+09  56.0
 297  4.00  115.3  100.00  0.18915E+10 321.1  -1.0 110.0  86.9  0.64778E+11 -0.10000E+01  0.19410E+10  0.40000E+09  56.2
 298  4.00  115.6  100.00  0.18909E+10 320.8  -1.0 110.0  86.9  0.64406E+11 -0.10000E+01  0.19407E+10  0.40000E+09  56.4
 299  4.00  115.8  100.00  0.18903E+10 320.5  -1.0 110.0  86.9  0.64035E+11 -0.10000E+01  0.19404E+10  0.40000E+09  56.6
 300  4.00  116.1  100.00  0.18897E+10 320.3  -1.0 110.0  86.9  0.63665E+11 -0.10000E+01  0.19401E+10  0.40000E+09  56.8
 301  4.00  116.3  100.00  0.18891E+10 320.0  -1.0 110.0  87.0  0.63296E+11 -0.10000E+01  0.19399E+10  0.40000E+09  57.0
 302  4.00  116.6  100.00  0.18885E+10 319.7  -1.0 110.0  87.0  0.62928E+11 -0.10000E+01  0.19396E+10  0.40000E+09  57.2
 303  4.00  116.8  100.00  0.18879E+10 319.4  -1.0 110.0  87.0  0.62562E+11 -0.10000E+01  0.19393E+10  0.40000E+09  57.4
 304  4.00  117.1  100.00  0.18873E+10 319.2  -1.0 110.0  87.0  0.62196E+11 -0.10000E+01  0.19390E+10  0.40000E+09  57.6
 305  4.00  117.3  100.00  0.18868E+10 318.9  -1.0 110.0  87.1  0.61831E+11 -0.10000E+01  0.19387E+10  0.40000E+09  57.8
 306  4.00  117.6  100.00  0.18862E+10 318.6  -1.0 110.0  87.1  0.61468E+11 -0.10000E+01  0.19385E+10  0.40000E+09  58.0
 307  4.00  117.8  100.00  0.18856E+10 318.3  -1.0 110.0  87.1  0.61105E+11 -0.10000E+01  0.19382E+10  0.40000E+09  58.1
 308  4.00  118.0  100.00  0.18851E+10 318.1  -1.0 110.0  87.1  0.60744E+11 -0.10000E+01  0.19379E+10  0.40000E+09  58.3
 309  4.00  118.3  100.00  0.18845E+10 317.8  -1.0 110.0  87.1  0.60384E+11 -0.10000E+01  0.19376E+10  0.40000E+09  58.5
 310  4.00  118.5  100.00  0.18840E+10 317.5  -1.0 110.0  87.2  0.60025E+11 -0.10000E+01  0.19374E+10  0.40000E+09  58.6
 311  4.00  118.8  100.00  0.18835E+10 317.2  -1.0 110.0  87.2  0.59666E+11 -0.10000E+01  0.19371E+10  0.40000E+09  58.8
 312  4.00  119.0  100.00  0.18829E+10 317.0  -1.0 110.0  87.2  0.59309E+11 -0.10000E+01  0.19368E+10  0.40000E+09  58.9
 313  4.00  119.2  100.00  0.18824E+10 316.7  -1.0 110.0  87.2  0.58953E+11 -0.10000E+01  0.19365E+10  0.40000E+09  59.1
 314  4.00  119.5  100.00  0.18819E+10 316.4  -1.0 110.0  87.2  0.58598E+11 -0.10000E+01  0.19362E+10  0.40000E+09  59.2
 315  4.00  119.7  100.00  0.18814E+10 316.1  -1.0 110.0  87.3  0.58244E+11 -0.10000E+01  0.19360E+10  0.40000E+09  59.4
 316  4.00  119.9  100.00  0.18808E+10 315.9  -1.0 110.0  87.3  0.57892E+11 -0.10000E+01  0.19357E+10  0.40000E+09  59.5
 317  4.00  120.1  100.00  0.18803E+10 315.6  -1.0 110.0  87.3  0.57540E+11 -0.10000E+01  0.19354E+10  0.40000E+09  59.6
 318  4.00  120.4  100.00  0.18798E+10 315.3  -1.0 110.0  87.3  0.57189E+11 -0.10000E+01  0.19351E+10  0.40000E+09  59.8
 319  4.00  120.6  100.00  0.18793E+10 315.0  -1.0 110.0  87.3  0.56840E+11 -0.10000E+01  0.19348E+10  0.40000E+09  59.9
 320  4.00  120.8  100.00  0.18788E+10 314.8  -1.0 110.0  87.3  0.56851E+11 -0.10000E+01  0.19345E+10  0.40000E+09  60.0
 321  4.00  121.0  100.00  0.18782E+10 314.6  -1.0 110.0  87.4  0.56862E+11 -0.10000E+01  0.19341E+10  0.40000E+09  60.2
 322  4.00  121.2  100.00  0.18776E+10 314.5  -1.0 110.0  87.4  0.56874E+11 -0.10000E+01  0.19337E+10  0.40000E+09  60.3
 323  4.00  121.4  100.00  0.18770E+10 314.3  -1.0 110.0  87.4  0.56885E+11 -0.10000E+01  0.19333E+10  0.40000E+09  60.4
 324  4.00  121.7  100.00  0.18765E+10 314.1  -1.0 110.0  87.4  0.56897E+11 -0.10000E+01  0.19329E+10  0.40000E+09  60.5
 325  4.00  121.9  100.00  0.18759E+10 313.9  -1.0 110.0  87.4  0.56908E+11 -0.10000E+01  0.19325E+10  0.40000E+09  60.6
 326  4.00  122.1  100.00  0.18754E+10 313.7  -1.0 110.0  87.4  0.56919E+11 -0.10000E+01  0.19322E+10  0.40000E+09  60.7
 327  4.00  122.3  100.00  0.18748E+10 313.5  -1.0 110.0  87.4  0.56931E+11 -0.10000E+01  0.19318E+10  0.40000E+09  60.8
 328  4.00  122.5  100.00  0.18743E+10 313.3  -1.0 110.0  87.4  0.56942E+11 -0.10000E+01  0.19314E+10  0.40000E+09  60.9
 329  4.00  122.7  100.00  0.18738E+10 313.1  -1.0 110.0  87.5  0.56954E+11 -0.10000E+01  0.19310E+10  0.40000E+09  61.0
 330  4.00  122.8  100.00  0.18732E+10 312.9  -1.0 110.0  87.5  0.56965E+11 -0.10000E+01  0.19306E+10  0.40000E+09  61.1
 331  4.00  123.0  100.00  0.18727E+10 312.7  -1.0 110.0  87.5  0.56977E+11 -0.10000E+01  0.19302E+10  0.40000E+09  61.2
 332  4.00  123.2  100.00  0.18722E+10 312.5  -1.0 110.0  87.5  0.56988E+11 -0.10000E+01  0.19298E+10  0.40000E+09  61.3
 333  4.00  123.4  100.00  0.18717E+10 312.3  -1.0 110.0  87.5  0.56999E+11 -0.10000E+01  0.19295E+10  0.40000E+09  61.4
 334  4.00  123.6  100.00  0.18712E+10 312.1  -1.0 110.0  87.5  0.57011E+11 -0.10000E+01  0.19291E+10  0.40000E+09  61.4
 335  4.00  123.7  100.00  0.18707E+10 311.9  -1.0 110.0  87.5  0.57022E+11 -0.10000E+01  0.19287E+10  0.40000E+09  61.5
 336  4.00  123.9  100.00  0.18702E+10 311.7  -1.0 110.0  87.5  0.57034E+11 -0.10000E+01  0.19283E+10  0.40000E+09  61.6
 337  4.00  124.1  100.00  0.18697E+10 311.5  -1.0 110.0  87.5  0.57045E+11 -0.10000E+01  0.19279E+10  0.40000E+09  61.7
 338  4.00  124.2  100.00  0.18692E+10 311.4  -1.0 110.0  87.5  0.57057E+11 -0.10000E+01  0.19275E+10  0.40000E+09  61.7
 339  4.00  124.4  100.00  0.18687E+10 311.2  -1.0 110.0  87.6  0.57068E+11 -0.10000E+01  0.19272E+10  0.40000E+09  61.8
 340  4.00  124.5  100.00  0.18683E+10 311.0  -1.0 110.0  87.6  0.57080E+11 -0.10000E+01  0.19268E+10  0.40000E+09  61.8
 341  4.00  124.7  100.00  0.18678E+10 310.8  -1.0 110.0  87.6  0.57091E+11 -0.10000E+01  0.19264E+10  0.40000E+09  61.9
 342  4.00  124.8  100.00  0.18673E+10 310.6  -1.0 110.0  87.6  0.57102E+11 -0.10000E+01  0.19260E+10  0.40000E+09  62.0
 343  4.00  125.0  100.00  0.18669E+10 310.4  -1.0 110.0  87.6  0.57114E+11 -0.10000E+01  0.19256E+10  0.40000E+09  62.0
 344  4.00  125.1  100.00  0.18664E+10 310.2  -1.0 110.0  87.6  0.57125E+11 -0.10000E+01  0.19252E+10  0.40000E+09  62.1
 345  4.00  125.2  100.00  0.18660E+10 310.0  -1.0 110.0  87.6  0.57137E+11 -0.10000E+01  0.19249E+10  0.40000E+09  62.1
 346  4.00  125.4  100.00  0.18655E+10 309.8  -1.0 110.0  87.6  0.57148E+11 -0.10000E+01  0.19245E+10  0.40000E+09  62.2
 347  4.00  125.5  100.00  0.18651E+10 309.6  -1.0 110.0  87.6  0.57160E+11 -0.10000E+01  0.19241E+10  0.40000E+09  62.2
 348  4.00  125.6  100.00  0.18647E+10 309.4  -1.0 110.0  87.6  0.57171E+11 -0.10000E+01  0.19237E+10  0.40000E+09  62.2
 349  4.00  125.7  100.00  0.18642E+10 309.2  -1.0 110.0  87.6  0.57183E+11 -0.10000E+01  0.19233E+10  0.40000E+09  62.3
 350  4.00  125.8  100.00  0.18638E+10 309.0  -1.0 110.0  87.6  0.56671E+11 -0.10000E+01  0.19230E+10  0.40000E+09  62.3
 351  4.00  125.9  100.00  0.18634E+10 308.8  -1.0 110.0  87.6  0.56162E+11 -0.10000E+01  0.19226E+10  0.40000E+09  62.4
 352  4.00  126.0  100.00  0.18630E+10 308.6  -1.0 110.0  87.6  0.55655E+11 -0.10000E+01  0.19222E+10  0.40000E+09  62.4
 353  4.00  126.1  100.00  0.18626E+10 308.4  -1.0 110.0  87.6  0.55150E+11 -0.10000E+01  0.19218E+10  0.40000E+09  62.4
 354  4.00  126.2  100.00  0.18622E+10 308.2  -1.0 110.0  87.6  0.54647E+11 -0.10000E+01  0.19215E+10  0.40000E+09  62.4
 355  4.00  126.2  100.00  0.18619E+10 308.0  -1.0 110.0  87.6  0.54147E+11 -0.10000E+01  0.19211E+10  0.40000E+09  62.5
 356  4.00  126.3  100.00  0.18615E+10 307.8  -1.0 110.0  87.6  0.53649E+11 -0.10000E+01  0.19207E+10  0.40000E+09  62.5
 357  4.00  126.4  100.00  0.18611E+10 307.6  -1.0 110.0  87.6  0.53154E+11 -0.10000E+01  0.19204E+10  0.40000E+09  62.5
 358  4.00  126.4  100.00  0.18607E+10 307.4  -1.0 110.0  87.6  0.52660E+11 -0.10000E+01  0.19200E+10  0.40000E+09  62.5
 359  4.00  126.5  100.00  0.18604E+10 307.2  -1.0 110.0  87.6  0.52169E+11 -0.10000E+01  0.19196E+10  0.40000E+09  62.5
 360  4.00  126.5  100.00  0.18600E+10 307.0  -1.0 110.0  87.6  0.51681E+11 -0.10000E+01  0.19192E+10  0.40000E+09  62.6
 361  4.00  126.6  100.00  0.18596E+10 306.8  -1.0 110.0  87.6  0.51194E+11 -0.10000E+01  0.19189E+10  0.40000E+09  62.6
 362  4.00  126.6  100.00  0.18593E+10 306.6  -1.0 110.0  87.6  0.50710E+11 -0.10000E+01  0.19185E+10  0.40000E+09  62.6
 363  4.00  126.6  100.00  0.18589E+10 306.3  -1.0 110.0  87.6  0.50229E+11 -0.10000E+01  0.19181E+10  0.40000E+09  62.6
 364  4.00  126.6  100.00  0.18586E+10 306.1  -1.0 110.0  87.6  0.49749E+11 -0.10000E+01  0.19178E+10  0.40000E+09  62.6
 365  4.00  126.6  100.00  0.18582E+10 305.9  -1.0 110.0  87.6  0.49272E+11 -0.10000E+01  0.19174E+10  0.40000E+09  62.6
