   1 20.00  125.4  100.00  0.20186E+10 296.3  -1.0 110.0  87.6  0.74507E+11 -0.10000E+01  0.20918E+10  0.40000E+09  62.2
   2 20.00  125.3  100.00  0.20188E+10 296.1  -1.0 110.0  87.6  0.74653E+11 -0.10000E+01  0.20920E+10  0.40000E+09  62.1
   3 20.00  125.1  100.00  0.20191E+10 295.9  -1.0 110.0  87.6  0.74799E+11 -0.10000E+01  0.20921E+10  0.40000E+09  62.1
   4 20.00  124.9  100.00  0.20194E+10 295.6  -1.0 110.0  87.6  0.74945E+11 -0.10000E+01  0.20923E+10  0.40000E+09  62.0
   5 20.00  124.8  100.00  0.20196E+10 295.4  -1.0 110.0  87.6  0.75091E+11 -0.10000E+01  0.20924E+10  0.40000E+09  61.9
   6 20.00  124.6  100.00  0.20199E+10 295.2  -1.0 110.0  87.6  0.75237E+11 -0.10000E+01  0.20925E+10  0.40000E+09  61.9
   7 20.00  124.5  100.00  0.20202E+10 295.0  -1.0 110.0  87.6  0.75384E+11 -0.10000E+01  0.20927E+10  0.40000E+09  61.8
   8 20.00  124.3  100.00  0.20205E+10 294.7  -1.0 110.0  87.5  0.75530E+11 -0.10000E+01  0.20928E+10  0.40000E+09  61.7
   9 20.00  124.1  100.00  0.20208E+10 294.5  -1.0 110.0  87.5  0.75677E+11 -0.10000E+01  0.20930E+10  0.40000E+09  61.7
  10 20.00  123.9  100.00  0.20211E+10 294.3  -1.0 110.0  87.5  0.75823E+11 -0.10000E+01  0.20931E+10  0.40000E+09  61.6
  11 20.00  123.8  100.00  0.20215E+10 294.1  -1.0 110.0  87.5  0.75970E+11 -0.10000E+01  0.20933E+10  0.40000E+09  61.5
  12 20.00  123.6  100.00  0.20218E+10 293.8  -1.0 110.0  87.5  0.76117E+11 -0.10000E+01  0.20934E+10  0.40000E+09  61.4
  13 20.00  123.4  100.00  0.20221E+10 293.6  -1.0 110.0  87.5  0.76265E+11 -0.10000E+01  0.20935E+10  0.40000E+09  61.3
  14 20.00  123.2  100.00  0.20225E+10 293.4  -1.0 110.0  87.5  0.76412E+11 -0.10000E+01  0.20937E+10  0.40000E+09  61.2
  15 20.00  123.0  100.00  0.20228E+10 293.2  -1.0 110.0  87.5  0.76560E+11 -0.10000E+01  0.20938E+10  0.40000E+09  61.2
  16 20.00  122.8  100.00  0.20225E+10 293.2  -1.0 110.0  87.5  0.78466E+11 -0.10000E+01  0.20933E+10  0.40000E+09  61.1
  17 20.00  122.6  100.00  0.20223E+10 293.3  -1.0 110.0  87.4  0.80395E+11 -0.10000E+01  0.20927E+10  0.40000E+09  61.0
  18 20.00  122.4  100.00  0.20220E+10 293.4  -1.0 110.0  87.4  0.82348E+11 -0.10000E+01  0.20922E+10  0.40000E+09  60.9
  19 20.00  122.1  100.00  0.20218E+10 293.5  -1.0 110.0  87.4  0.84325E+11 -0.10000E+01  0.20917E+10  0.40000E+09  60.7
  20 20.00  121.9  100.00  0.20215E+10 293.5  -1.0 110.0  87.4  0.86325E+11 -0.10000E+01  0.20911E+10  0.40000E+09  60.6
  21 20.00  121.7  100.00  0.20213E+10 293.6  -1.0 110.0  87.4  0.88348E+11 -0.10000E+01  0.20906E+10  0.40000E+09  60.5
  22 20.00  121.5  100.00  0.20211E+10 293.7  -1.0 110.0  87.4  0.90394E+11 -0.10000E+01  0.20900E+10  0.40000E+09  60.4
  23 20.00  121.3  100.00  0.20209E+10 293.7  -1.0 110.0  87.4  0.92465E+11 -0.10000E+01  0.20895E+10  0.40000E+09  60.3
  24 20.00  121.0  100.00  0.20206E+10 293.8  -1.0 110.0  87.4  0.94558E+11 -0.10000E+01  0.20890E+10  0.40000E+09  60.2
  25 20.00  120.8  100.00  0.20204E+10 293.8  -1.0 110.0  87.3  0.96675E+11 -0.10000E+01  0.20884E+10  0.40000E+09  60.0
  26 20.00  120.6  100.00  0.20202E+10 293.9  -1.0 110.0  87.3  0.98816E+11 -0.10000E+01  0.20879E+10  0.40000E+09  59.9
  27 20.00  120.3  100.00  0.20201E+10 293.9  -1.0 110.0  87.3  0.10098E+12 -0.10000E+01  0.20873E+10  0.40000E+09  59.8
  28 20.00  120.1  100.00  0.20199E+10 293.9  -1.0 110.0  87.3  0.10317E+12 -0.10000E+01  0.20868E+10  0.40000E+09  59.6
  29 20.00  119.9  100.00  0.20197E+10 294.0  -1.0 110.0  87.3  0.10538E+12 -0.10000E+01  0.20862E+10  0.40000E+09  59.5
  30 20.00  119.6  100.00  0.20195E+10 294.0  -1.0 110.0  87.2  0.10761E+12 -0.10000E+01  0.20857E+10  0.40000E+09  59.3
  31 20.00  119.4  100.00  0.20194E+10 294.1  -1.0 110.0  87.2  0.10987E+12 -0.10000E+01  0.20852E+10  0.40000E+09  59.2
  32 20.00  119.1  100.00  0.20192E+10 294.1  -1.0 110.0  87.2  0.11215E+12 -0.10000E+01  0.20846E+10  0.40000E+09  59.0
  33 20.00  118.9  100.00  0.20191E+10 294.1  -1.0 110.0  87.2  0.11446E+12 -0.10000E+01  0.20841E+10  0.40000E+09  58.9
  34 20.00  118.6  100.00  0.20189E+10 294.2  -1.0 110.0  87.2  0.11678E+12 -0.10000E+01  0.20835E+10  0.40000E+09  58.7
  35 20.00  118.4  100.00  0.20188E+10 294.2  -1.0 110.0  87.1  0.11914E+12 -0.10000E+01  0.20830E+10  0.40000E+09  58.5
  36 20.00  118.1  100.00  0.20186E+10 294.2  -1.0 110.0  87.1  0.12151E+12 -0.10000E+01  0.20825E+10  0.40000E+09  58.3
  37 20.00  117.9  100.00  0.20185E+10 294.2  -1.0 110.0  87.1  0.12391E+12 -0.10000E+01  0.20819E+10  0.40000E+09  58.2
  38 20.00  117.6  100.00  0.20184E+10 294.2  -1.0 110.0  87.1  0.12633E+12 -0.10000E+01  0.20814E+10  0.40000E+09  58.0
  39 20.00  117.3  100.00  0.20183E+10 294.3  -1.0 110.0  87.1  0.12878E+12 -0.10000E+01  0.20808E+10  0.40000E+09  57.8
  40 20.00  117.1  100.00  0.20182E+10 294.3  -1.0 110.0  87.0  0.13124E+12 -0.10000E+01  0.20803E+10  0.40000E+09  57.6
  41 20.00  116.8  100.00  0.20181E+10 294.3  -1.0 110.0  87.0  0.13374E+12 -0.10000E+01  0.20798E+10  0.40000E+09  57.4
  42 20.00  116.6  100.00  0.20180E+10 294.3  -1.0 110.0  87.0  0.13625E+12 -0.10000E+01  0.20792E+10  0.40000E+09  57.2
  43 20.00  116.3  100.00  0.20179E+10 294.3  -1.0 110.0  87.0  0.13879E+12 -0.10000E+01  0.20787E+10  0.40000E+09  57.0
  44 20.00  116.0  100.00  0.20178E+10 294.3  -1.0 110.0  86.9  0.14135E+12 -0.10000E+01  0.20781E+10  0.40000E+09  56.8
  45 20.00  115.8  100.00  0.20178E+10 294.4  -1.0 110.0  86.9  0.14394E+12 -0.10000E+01  0.20776E+10  0.40000E+09  56.6
  46 20.00  115.5  100.00  0.20174E+10 294.6  -1.0 110.0  86.9  0.14676E+12 -0.10000E+01  0.20768E+10  0.40000E+09  56.4
  47 20.00  115.2  100.00  0.20171E+10 294.8  -1.0 110.0  86.8  0.14960E+12 -0.10000E+01  0.20760E+10  0.40000E+09  56.1
  48 20.00  114.9  100.00  0.20168E+10 295.1  -1.0 110.0  86.8  0.15248E+12 -0.10000E+01  0.20752E+10  0.40000E+09  55.9
  49 20.00  114.7  100.00  0.20165E+10 295.3  -1.0 110.0  86.8  0.15538E+12 -0.10000E+01  0.20743E+10  0.40000E+09  55.7
  50 20.00  114.4  100.00  0.20162E+10 295.6  -1.0 110.0  86.8  0.15831E+12 -0.10000E+01  0.20735E+10  0.40000E+09  55.5
  51 20.00  114.1  100.00  0.20159E+10 295.8  -1.0 110.0  86.7  0.16127E+12 -0.10000E+01  0.20727E+10  0.40000E+09  55.2
  52 20.00  113.8  100.00  0.20156E+10 296.0  -1.0 110.0  86.7  0.16425E+12 -0.10000E+01  0.20719E+10  0.40000E+09  55.0
  53 20.00  113.6  100.00  0.20153E+10 296.3  -1.0 110.0  86.7  0.16726E+12 -0.10000E+01  0.20711E+10  0.40000E+09  54.7
  54 20.00  113.3  100.00  0.20150E+10 296.5  -1.0 110.0  86.6  0.17030E+12 -0.10000E+01  0.20703E+10  0.40000E+09  54.5
  55 20.00  113.0  100.00  0.20147E+10 296.8  -1.0 110.0  86.6  0.17336E+12 -0.10000E+01  0.20695E+10  0.40000E+09  54.2
  56 20.00  112.7  100.00  0.20145E+10 297.0  -1.0 110.0  86.6  0.17646E+12 -0.10000E+01  0.20687E+10  0.40000E+09  53.9
  57 20.00  112.4  100.00  0.20142E+10 297.2  -1.0 110.0  86.5  0.17958E+12 -0.10000E+01  0.20679E+10  0.40000E+09  53.7
  58 20.00  112.1  100.00  0.20139E+10 297.5  -1.0 110.0  86.5  0.18272E+12 -0.10000E+01  0.20670E+10  0.40000E+09  53.4
  59 20.00  111.9  100.00  0.20137E+10 297.7  -1.0 110.0  86.5  0.18590E+12 -0.10000E+01  0.20662E+10  0.40000E+09  53.1
  60 20.00  111.6  100.00  0.20134E+10 297.9  -1.0 110.0  86.4  0.18910E+12 -0.10000E+01  0.20654E+10  0.40000E+09  52.8
  61 20.00  111.3  100.00  0.20131E+10 298.1  -1.0 110.0  86.4  0.19233E+12 -0.10000E+01  0.20646E+10  0.40000E+09  52.5
  62 20.00  111.0  100.00  0.20129E+10 298.4  -1.0 110.0  86.3  0.19559E+12 -0.10000E+01  0.20638E+10  0.40000E+09  52.2
  63 20.00  110.7  100.00  0.20126E+10 298.6  -1.0 110.0  86.3  0.19887E+12 -0.10000E+01  0.20630E+10  0.40000E+09  51.9
  64 20.00  110.4  100.00  0.20124E+10 298.8  -1.0 110.0  86.3  0.20218E+12 -0.10000E+01  0.20622E+10  0.40000E+09  51.6
  65 20.00  110.1  100.00  0.20121E+10 299.1  -1.0 110.0  86.2  0.20552E+12 -0.10000E+01  0.20614E+10  0.40000E+09  51.3
  66 20.00  109.9  100.00  0.20118E+10 299.3  -1.0 110.0  86.2  0.20889E+12 -0.10000E+01  0.20606E+10  0.40000E+09  51.0
  67 20.00  109.6  100.00  0.20116E+10 299.5  -1.0 110.0  86.1  0.21228E+12 -0.10000E+01  0.20597E+10  0.40000E+09  50.7
  68 20.00  109.3  100.00  0.20113E+10 299.7  -1.0 110.0  86.1  0.21570E+12 -0.10000E+01  0.20589E+10  0.40000E+09  50.4
  69 20.00  109.0  100.00  0.20111E+10 300.0  -1.0 110.0  86.1  0.21915E+12 -0.10000E+01  0.20581E+10  0.40000E+09  50.0
  70 20.00  108.7  100.00  0.20108E+10 300.2  -1.0 110.0  86.0  0.22263E+12 -0.10000E+01  0.20573E+10  0.40000E+09  49.7
  71 20.00  108.4  100.00  0.20106E+10 300.4  -1.0 110.0  86.0  0.22613E+12 -0.10000E+01  0.20565E+10  0.40000E+09  49.4
  72 20.00  108.1  100.00  0.20103E+10 300.6  -1.0 110.0  85.9  0.22966E+12 -0.10000E+01  0.20557E+10  0.40000E+09  49.0
  73 20.00  107.8  100.00  0.20101E+10 300.9  -1.0 110.0  85.9  0.23322E+12 -0.10000E+01  0.20549E+10  0.40000E+09  48.7
  74 20.00  107.6  100.00  0.20098E+10 301.1  -1.0 110.0  85.8  0.23680E+12 -0.10000E+01  0.20541E+10  0.40000E+09  48.3
  75 20.00  107.3  100.00  0.20099E+10 301.1  -1.0 110.0  85.8  0.23948E+12 -0.10000E+01  0.20536E+10  0.40000E+09  47.9
  76 20.00  107.0  100.00  0.20099E+10 301.2  -1.0 110.0  85.7  0.24217E+12 -0.10000E+01  0.20530E+10  0.40000E+09  47.6
  77 20.00  106.7  100.00  0.20099E+10 301.2  -1.0 110.0  85.7  0.24488E+12 -0.10000E+01  0.20525E+10  0.40000E+09  47.2
  78 20.00  106.4  100.00  0.20099E+10 301.2  -1.0 110.0  85.6  0.24760E+12 -0.10000E+01  0.20520E+10  0.40000E+09  46.8
  79 20.00  106.1  100.00  0.20100E+10 301.3  -1.0 110.0  85.6  0.25034E+12 -0.10000E+01  0.20515E+10  0.40000E+09  46.5
  80 20.00  105.8  100.00  0.20100E+10 301.3  -1.0 110.0  85.5  0.25310E+12 -0.10000E+01  0.20510E+10  0.40000E+09  46.1
  81 20.00  105.5  100.00  0.20100E+10 301.3  -1.0 110.0  85.5  0.25586E+12 -0.10000E+01  0.20504E+10  0.40000E+09  45.7
  82 20.00  105.3  100.00  0.20100E+10 301.4  -1.0 110.0  85.4  0.25865E+12 -0.10000E+01  0.20499E+10  0.40000E+09  45.3
  83 20.00  105.0  100.00  0.20100E+10 301.4  -1.0 110.0  85.4  0.26144E+12 -0.10000E+01  0.20494E+10  0.40000E+09  44.9
  84 20.00  104.7  100.00  0.20100E+10 301.4  -1.0 110.0  85.3  0.26426E+12 -0.10000E+01  0.20489E+10  0.40000E+09  44.5
  85 20.00  104.4  100.00  0.20285E+10 301.4  -1.0 110.0  85.3  0.26708E+12 -0.10000E+01  0.20677E+10  0.40000E+09  44.1
  86 20.00  104.1  100.00  0.20913E+10 301.4  -1.0 110.0  85.2  0.26993E+12 -0.10000E+01  0.21332E+10  0.40000E+09  43.7
  87 20.00  103.8  100.00  0.21586E+10 301.4  -1.0 110.0  85.2  0.27278E+12 -0.10000E+01  0.22033E+10  0.40000E+09  43.3
  88 20.00  103.5  100.00  0.22307E+10 301.3  -1.0 110.0  85.1  0.27566E+12 -0.10000E+01  0.22784E+10  0.40000E+09  42.9
  89 20.00  103.3  100.00  0.23080E+10 301.3  -1.0 110.0  85.0  0.27855E+12 -0.10000E+01  0.23590E+10  0.40000E+09  42.5
  90 20.00  103.0  100.00  0.23907E+10 301.2  -1.0 110.0  85.0  0.28145E+12 -0.10000E+01  0.24453E+10  0.40000E+09  42.0
  91 20.00  102.7  100.00  0.24789E+10 301.1  -1.0 110.0  84.9  0.28437E+12 -0.10000E+01  0.25373E+10  0.40000E+09  41.6
  92 20.00  102.4  100.00  0.25731E+10 301.1  -1.0 110.0  84.9  0.28730E+12 -0.10000E+01  0.26355E+10  0.40000E+09  41.2
  93 20.00  102.1  100.00  0.26731E+10 301.0  -1.0 110.0  84.8  0.29025E+12 -0.10000E+01  0.27400E+10  0.40000E+09  40.8
  94 20.00  101.8  100.00  0.27799E+10 300.9  -1.0 110.0  84.8  0.29321E+12 -0.10000E+01  0.28515E+10  0.40000E+09  40.3
  95 20.00  101.6  100.00  0.28933E+10 300.9  -1.0 110.0  84.7  0.29619E+12 -0.10000E+01  0.29698E+10  0.40000E+09  39.9
  96 20.00  101.3  100.00  0.30136E+10 300.8  -1.0 110.0  84.6  0.29918E+12 -0.10000E+01  0.30954E+10  0.40000E+09  39.5
  97 20.00  101.0  100.00  0.31410E+10 300.7  -1.0 110.0  84.6  0.30219E+12 -0.10000E+01  0.32285E+10  0.40000E+09  39.0
  98 20.00  100.7  100.00  0.32762E+10 300.6  -1.0 110.0  84.5  0.30522E+12 -0.10000E+01  0.33698E+10  0.40000E+09  38.6
  99 20.00  100.5  100.00  0.34190E+10 300.5  -1.0 110.0  84.5  0.30826E+12 -0.10000E+01  0.35190E+10  0.40000E+09  38.2
 100 20.00  100.2  100.00  0.35700E+10 300.4  -1.0 110.0  84.4  0.31131E+12 -0.10000E+01  0.36768E+10  0.40000E+09  37.7
 101 20.00   99.9  100.00  0.37295E+10 300.3  -1.0 110.0  84.3  0.31438E+12 -0.10000E+01  0.38435E+10  0.40000E+09  37.3
 102 20.00   99.6  100.00  0.38975E+10 300.2  -1.0 110.0  84.3  0.31746E+12 -0.10000E+01  0.40191E+10  0.40000E+09  36.8
 103 20.00   99.4  100.00  0.40746E+10 300.1  -1.0 110.0  84.2  0.32056E+12 -0.10000E+01  0.42043E+10  0.40000E+09  36.4
 104 20.00   99.1  100.00  0.42607E+10 300.0  -1.0 110.0  84.1  0.32367E+12 -0.10000E+01  0.43989E+10  0.40000E+09  35.9
 105 20.00   98.8  100.00  0.44565E+10 299.9  -1.0 110.0  84.1  0.32680E+12 -0.10000E+01  0.46036E+10  0.40000E+09  35.5
 106 20.00   98.6  100.00  0.46618E+10 299.6  -1.0 110.0  84.0  0.33005E+12 -0.10000E+01  0.48184E+10  0.40000E+09  35.1
 107 20.00   98.3  100.00  0.48772E+10 299.3  -1.0 110.0  84.0  0.33331E+12 -0.10000E+01  0.50436E+10  0.40000E+09  34.6
 108 20.00   98.0  100.00  0.51028E+10 299.0  -1.0 110.0  83.9  0.33658E+12 -0.10000E+01  0.52796E+10  0.40000E+09  34.2
 109 20.00   97.8  100.00  0.53388E+10 298.7  -1.0 110.0  83.8  0.33987E+12 -0.10000E+01  0.55266E+10  0.40000E+09  33.7
 110 20.00   97.5  100.00  0.55855E+10 298.4  -1.0 110.0  83.8  0.34318E+12 -0.10000E+01  0.57847E+10  0.40000E+09  33.3
 111 20.00   97.2  100.00  0.58431E+10 298.1  -1.0 110.0  83.7  0.34651E+12 -0.10000E+01  0.60541E+10  0.40000E+09  32.9
 112 20.00   97.0  100.00  0.61114E+10 297.8  -1.0 110.0  83.7  0.34984E+12 -0.10000E+01  0.63348E+10  0.40000E+09  32.4
 113 20.00   96.7  100.00  0.63908E+10 297.5  -1.0 110.0  83.6  0.35320E+12 -0.10000E+01  0.66271E+10  0.40000E+09  32.0
 114 20.00   96.5  100.00  0.66815E+10 297.2  -1.0 110.0  83.5  0.35657E+12 -0.10000E+01  0.69313E+10  0.40000E+09  31.6
 115 20.00   96.2  100.00  0.69833E+10 296.9  -1.0 110.0  83.5  0.35996E+12 -0.10000E+01  0.72470E+10  0.40000E+09  31.2
 116 20.00   96.0  100.00  0.72963E+10 296.6  -1.0 110.0  83.4  0.36336E+12 -0.10000E+01  0.75745E+10  0.40000E+09  30.8
 117 20.00   95.7  100.00  0.76205E+10 296.3  -1.0 110.0  83.3  0.36678E+12 -0.10000E+01  0.79137E+10  0.40000E+09  30.3
 118 20.00   95.5  100.00  0.79559E+10 296.0  -1.0 110.0  83.3  0.37022E+12 -0.10000E+01  0.82646E+10  0.40000E+09  29.9
 119 20.00   95.2  100.00  0.83021E+10 295.7  -1.0 110.0  83.2  0.37367E+12 -0.10000E+01  0.86268E+10  0.40000E+09  29.5
 120 20.00   95.0  100.00  0.86591E+10 295.3  -1.0 110.0  83.2  0.37714E+12 -0.10000E+01  0.90003E+10  0.40000E+09  29.1
 121 20.00   94.8  100.00  0.90267E+10 295.0  -1.0 110.0  83.1  0.38062E+12 -0.10000E+01  0.93848E+10  0.40000E+09  28.7
 122 20.00   94.5  100.00  0.94046E+10 294.7  -1.0 110.0  83.1  0.38412E+12 -0.10000E+01  0.97801E+10  0.40000E+09  28.4
 123 20.00   94.3  100.00  0.97925E+10 294.4  -1.0 110.0  83.0  0.38764E+12 -0.10000E+01  0.10186E+11  0.40000E+09  28.0
 124 20.00   94.0  100.00  0.10190E+11 294.1  -1.0 110.0  82.9  0.39117E+12 -0.10000E+01  0.10601E+11  0.40000E+09  27.6
 125 20.00   93.8  100.00  0.10596E+11 293.8  -1.0 110.0  82.9  0.39472E+12 -0.10000E+01  0.11026E+11  0.40000E+09  27.2
 126 20.00   93.6  100.00  0.11011E+11 293.4  -1.0 110.0  82.8  0.39828E+12 -0.10000E+01  0.11461E+11  0.40000E+09  26.9
 127 20.00   93.4  100.00  0.11434E+11 293.1  -1.0 110.0  82.8  0.40186E+12 -0.10000E+01  0.11903E+11  0.40000E+09  26.5
 128 20.00   93.1  100.00  0.11865E+11 292.8  -1.0 110.0  82.7  0.40546E+12 -0.10000E+01  0.12353E+11  0.40000E+09  26.2
 129 20.00   92.9  100.00  0.12302E+11 292.5  -1.0 110.0  82.7  0.40907E+12 -0.10000E+01  0.12810E+11  0.40000E+09  25.8
 130 20.00   92.7  100.00  0.12745E+11 292.2  -1.0 110.0  82.6  0.41270E+12 -0.10000E+01  0.13274E+11  0.40000E+09  25.5
 131 20.00   92.5  100.00  0.13194E+11 291.9  -1.0 110.0  82.6  0.41634E+12 -0.10000E+01  0.13742E+11  0.40000E+09  25.2
 132 20.00   92.3  100.00  0.13647E+11 291.6  -1.0 110.0  82.5  0.42000E+12 -0.10000E+01  0.14216E+11  0.40000E+09  24.9
 133 20.00   92.1  100.00  0.14087E+11 291.3  -1.0 110.0  82.5  0.42368E+12 -0.10000E+01  0.14693E+11  0.40000E+09  24.6
 134 20.00   91.9  100.00  0.14519E+11 291.0  -1.0 110.0  82.4  0.42737E+12 -0.10000E+01  0.15173E+11  0.40000E+09  24.3
 135 20.00   91.7  100.00  0.14951E+11 290.7  -1.0 110.0  82.4  0.43108E+12 -0.10000E+01  0.15655E+11  0.40000E+09  24.0
 136 20.00   91.5  100.00  0.15383E+11 290.4  -1.0 110.0  82.3  0.43104E+12 -0.10000E+01  0.16138E+11  0.40000E+09  23.7
 137 20.00   91.3  100.00  0.15813E+11 290.2  -1.0 110.0  82.3  0.43101E+12 -0.10000E+01  0.16621E+11  0.40000E+09  23.5
 138 20.00   91.1  100.00  0.16241E+11 289.9  -1.0 110.0  82.3  0.43097E+12 -0.10000E+01  0.17104E+11  0.40000E+09  23.2
 139 20.00   90.9  100.00  0.16666E+11 289.7  -1.0 110.0  82.2  0.43094E+12 -0.10000E+01  0.17584E+11  0.40000E+09  22.9
 140 20.00   90.8  100.00  0.17087E+11 289.4  -1.0 110.0  82.2  0.43090E+12 -0.10000E+01  0.18062E+11  0.40000E+09  22.7
 141 20.00   90.6  100.00  0.17504E+11 289.2  -1.0 110.0  82.1  0.43087E+12 -0.10000E+01  0.18536E+11  0.40000E+09  22.5
 142 20.00   90.4  100.00  0.17915E+11 289.0  -1.0 110.0  82.1  0.43083E+12 -0.10000E+01  0.19005E+11  0.40000E+09  22.2
 143 20.00   90.2  100.00  0.18321E+11 288.7  -1.0 110.0  82.1  0.43079E+12 -0.10000E+01  0.19469E+11  0.40000E+09  22.0
 144 20.00   90.1  100.00  0.18719E+11 288.5  -1.0 110.0  82.0  0.43076E+12 -0.10000E+01  0.19926E+11  0.40000E+09  21.8
 145 20.00   89.9  100.00  0.19111E+11 288.3  -1.0 110.0  82.0  0.43072E+12 -0.10000E+01  0.20377E+11  0.40000E+09  21.6
 146 20.00   89.8  100.00  0.19494E+11 288.0  -1.0 110.0  82.0  0.43069E+12 -0.10000E+01  0.20819E+11  0.40000E+09  21.4
 147 20.00   89.6  100.00  0.19869E+11 287.8  -1.0 110.0  82.0  0.43065E+12 -0.10000E+01  0.21252E+11  0.40000E+09  21.2
 148 20.00   89.5  100.00  0.20234E+11 287.6  -1.0 110.0  81.9  0.43062E+12 -0.10000E+01  0.21676E+11  0.40000E+09  21.1
 149 20.00   89.3  100.00  0.20590E+11 287.4  -1.0 110.0  81.9  0.43058E+12 -0.10000E+01  0.22090E+11  0.40000E+09  20.9
 150 20.00   89.2  100.00  0.20936E+11 287.2  -1.0 110.0  81.9  0.43055E+12 -0.10000E+01  0.22492E+11  0.40000E+09  20.7
 151 20.00   89.1  100.00  0.21271E+11 287.0  -1.0 110.0  81.8  0.43051E+12 -0.10000E+01  0.22883E+11  0.40000E+09  20.6
 152 20.00   88.9  100.00  0.21595E+11 286.8  -1.0 110.0  81.8  0.43048E+12 -0.10000E+01  0.23262E+11  0.40000E+09  20.5
 153 20.00   88.8  100.00  0.21907E+11 286.6  -1.0 110.0  81.8  0.43044E+12 -0.10000E+01  0.23628E+11  0.40000E+09  20.3
 154 20.00   88.7  100.00  0.22207E+11 286.4  -1.0 110.0  81.8  0.43040E+12 -0.10000E+01  0.23981E+11  0.40000E+09  20.2
 155 20.00   88.6  100.00  0.22495E+11 286.2  -1.0 110.0  81.8  0.43037E+12 -0.10000E+01  0.24321E+11  0.40000E+09  20.1
 156 20.00   88.5  100.00  0.22770E+11 286.1  -1.0 110.0  81.7  0.43033E+12 -0.10000E+01  0.24645E+11  0.40000E+09  20.0
 157 20.00   88.4  100.00  0.23032E+11 285.9  -1.0 110.0  81.7  0.43030E+12 -0.10000E+01  0.24956E+11  0.40000E+09  19.9
 158 20.00   88.3  100.00  0.23281E+11 285.7  -1.0 110.0  81.7  0.43026E+12 -0.10000E+01  0.25251E+11  0.40000E+09  19.8
 159 20.00   88.2  100.00  0.23517E+11 285.6  -1.0 110.0  81.7  0.43023E+12 -0.10000E+01  0.25531E+11  0.40000E+09  19.7
 160 20.00   88.1  100.00  0.23739E+11 285.4  -1.0 110.0  81.7  0.43019E+12 -0.10000E+01  0.25795E+11  0.40000E+09  19.6
 161 20.00   88.0  100.00  0.23947E+11 285.3  -1.0 110.0  81.7  0.43016E+12 -0.10000E+01  0.26043E+11  0.40000E+09  19.5
 162 20.00   88.0  100.00  0.24141E+11 285.2  -1.0 110.0  81.7  0.43012E+12 -0.10000E+01  0.26274E+11  0.40000E+09  19.5
 163 20.00   87.9  100.00  0.24320E+11 285.0  -1.0 110.0  81.7  0.43009E+12 -0.10000E+01  0.26489E+11  0.40000E+09  19.4
 164 20.00   87.8  100.00  0.24485E+11 284.9  -1.0 110.0  81.6  0.43005E+12 -0.10000E+01  0.26687E+11  0.40000E+09  19.3
 165 20.00   87.8  100.00  0.24636E+11 284.8  -1.0 110.0  81.6  0.43001E+12 -0.10000E+01  0.26868E+11  0.40000E+09  19.3
 166 20.00   87.7  100.00  0.24772E+11 284.7  -1.0 110.0  81.6  0.42998E+12 -0.10000E+01  0.27031E+11  0.40000E+09  19.3
 167 20.00   87.7  100.00  0.24892E+11 284.4  -1.0 110.0  81.6  0.42847E+12 -0.10000E+01  0.27177E+11  0.40000E+09  19.2
 168 20.00   87.6  100.00  0.24998E+11 284.2  -1.0 110.0  81.6  0.42695E+12 -0.10000E+01  0.27305E+11  0.40000E+09  19.2
 169 20.00   87.6  100.00  0.25089E+11 284.0  -1.0 110.0  81.6  0.42545E+12 -0.10000E+01  0.27415E+11  0.40000E+09  19.2
 170 20.00   87.6  100.00  0.25164E+11 283.7  -1.0 110.0  81.6  0.42394E+12 -0.10000E+01  0.27507E+11  0.40000E+09  19.2
 171 20.00   87.5  100.00  0.25224E+11 283.5  -1.0 110.0  81.6  0.42244E+12 -0.10000E+01  0.27581E+11  0.40000E+09  19.2
 172 20.00   87.5  100.00  0.25269E+11 283.3  -1.0 110.0  81.6  0.42094E+12 -0.10000E+01  0.27636E+11  0.40000E+09  19.2
 173 20.00   87.5  100.00  0.25298E+11 283.1  -1.0 110.0  81.6  0.41944E+12 -0.10000E+01  0.27673E+11  0.40000E+09  19.2
 174 20.00   87.5  100.00  0.25312E+11 282.9  -1.0 110.0  81.6  0.41795E+12 -0.10000E+01  0.27692E+11  0.40000E+09  19.2
 175 20.00   87.5  100.00  0.25310E+11 282.7  -1.0 110.0  81.6  0.41646E+12 -0.10000E+01  0.27692E+11  0.40000E+09  19.2
 176 20.00   87.5  100.00  0.25293E+11 282.5  -1.0 110.0  81.6  0.41497E+12 -0.10000E+01  0.27672E+11  0.40000E+09  19.2
 177 20.00   87.5  100.00  0.25259E+11 282.3  -1.0 110.0  81.6  0.41348E+12 -0.10000E+01  0.27635E+11  0.40000E+09  19.3
 178 20.00   87.5  100.00  0.25210E+11 282.1  -1.0 110.0  81.6  0.41200E+12 -0.10000E+01  0.27578E+11  0.40000E+09  19.3
 179 20.00   87.6  100.00  0.25145E+11 281.9  -1.0 110.0  81.6  0.41052E+12 -0.10000E+01  0.27502E+11  0.40000E+09  19.3
 180 20.00   87.6  100.00  0.25064E+11 281.8  -1.0 110.0  81.6  0.40904E+12 -0.10000E+01  0.27407E+11  0.40000E+09  19.4
 181 20.00   87.6  100.00  0.24967E+11 281.6  -1.0 110.0  81.6  0.40756E+12 -0.10000E+01  0.27293E+11  0.40000E+09  19.4
 182 20.00   87.7  100.00  0.24855E+11 281.5  -1.0 110.0  81.7  0.40609E+12 -0.10000E+01  0.27160E+11  0.40000E+09  19.5
 183 20.00   87.7  100.00  0.24726E+11 281.3  -1.0 110.0  81.7  0.40462E+12 -0.10000E+01  0.27008E+11  0.40000E+09  19.6
 184 20.00   87.8  100.00  0.24581E+11 281.2  -1.0 110.0  81.7  0.40315E+12 -0.10000E+01  0.26836E+11  0.40000E+09  19.6
 185 20.00   87.8  100.00  0.24420E+11 281.1  -1.0 110.0  81.7  0.40168E+12 -0.10000E+01  0.26646E+11  0.40000E+09  19.7
 186 20.00   87.9  100.00  0.24243E+11 281.0  -1.0 110.0  81.7  0.40022E+12 -0.10000E+01  0.26437E+11  0.40000E+09  19.8
 187 20.00   88.0  100.00  0.24051E+11 280.9  -1.0 110.0  81.7  0.39876E+12 -0.10000E+01  0.26208E+11  0.40000E+09  19.9
 188 20.00   88.0  100.00  0.23842E+11 280.8  -1.0 110.0  81.7  0.39730E+12 -0.10000E+01  0.25962E+11  0.40000E+09  20.0
 189 20.00   88.1  100.00  0.23618E+11 280.7  -1.0 110.0  81.8  0.39585E+12 -0.10000E+01  0.25696E+11  0.40000E+09  20.1
 190 20.00   88.2  100.00  0.23377E+11 280.6  -1.0 110.0  81.8  0.39440E+12 -0.10000E+01  0.25412E+11  0.40000E+09  20.2
 191 20.00   88.3  100.00  0.23121E+11 280.5  -1.0 110.0  81.8  0.39295E+12 -0.10000E+01  0.25109E+11  0.40000E+09  20.3
 192 20.00   88.4  100.00  0.22850E+11 280.4  -1.0 110.0  81.8  0.39150E+12 -0.10000E+01  0.24789E+11  0.40000E+09  20.5
 193 20.00   88.5  100.00  0.22563E+11 280.4  -1.0 110.0  81.8  0.39006E+12 -0.10000E+01  0.24450E+11  0.40000E+09  20.6
 194 20.00   88.6  100.00  0.22261E+11 280.3  -1.0 110.0  81.9  0.38862E+12 -0.10000E+01  0.24095E+11  0.40000E+09  20.7
 195 20.00   88.7  100.00  0.21944E+11 280.3  -1.0 110.0  81.9  0.38718E+12 -0.10000E+01  0.23722E+11  0.40000E+09  20.9
 196 20.00   88.9  100.00  0.21612E+11 280.2  -1.0 110.0  81.9  0.38574E+12 -0.10000E+01  0.23332E+11  0.40000E+09  21.1
 197 20.00   89.0  100.00  0.21267E+11 280.4  -1.0 110.0  81.9  0.38590E+12 -0.10000E+01  0.22927E+11  0.40000E+09  21.2
 198 20.00   89.1  100.00  0.20907E+11 280.5  -1.0 110.0  82.0  0.38605E+12 -0.10000E+01  0.22506E+11  0.40000E+09  21.4
 199 20.00   89.3  100.00  0.20534E+11 280.7  -1.0 110.0  82.0  0.38620E+12 -0.10000E+01  0.22071E+11  0.40000E+09  21.6
 200 20.00   89.4  100.00  0.20147E+11 280.9  -1.0 110.0  82.0  0.38636E+12 -0.10000E+01  0.21620E+11  0.40000E+09  21.8
 201 20.00   89.6  100.00  0.19748E+11 281.0  -1.0 110.0  82.0  0.38651E+12 -0.10000E+01  0.21156E+11  0.40000E+09  22.0
 202 20.00   89.8  100.00  0.19337E+11 281.2  -1.0 110.0  82.1  0.38667E+12 -0.10000E+01  0.20679E+11  0.40000E+09  22.2
 203 20.00   89.9  100.00  0.18914E+11 281.4  -1.0 110.0  82.1  0.38682E+12 -0.10000E+01  0.20190E+11  0.40000E+09  22.4
 204 20.00   90.1  100.00  0.18481E+11 281.6  -1.0 110.0  82.1  0.38698E+12 -0.10000E+01  0.19690E+11  0.40000E+09  22.6
 205 20.00   90.3  100.00  0.18037E+11 281.8  -1.0 110.0  82.2  0.38713E+12 -0.10000E+01  0.19180E+11  0.40000E+09  22.8
 206 20.00   90.5  100.00  0.17584E+11 282.0  -1.0 110.0  82.2  0.38729E+12 -0.10000E+01  0.18661E+11  0.40000E+09  23.1
 207 20.00   90.7  100.00  0.17123E+11 282.2  -1.0 110.0  82.3  0.38744E+12 -0.10000E+01  0.18134E+11  0.40000E+09  23.3
 208 20.00   90.9  100.00  0.16654E+11 282.4  -1.0 110.0  82.3  0.38760E+12 -0.10000E+01  0.17600E+11  0.40000E+09  23.6
 209 20.00   91.1  100.00  0.16179E+11 282.6  -1.0 110.0  82.3  0.38775E+12 -0.10000E+01  0.17060E+11  0.40000E+09  23.8
 210 20.00   91.3  100.00  0.15698E+11 282.8  -1.0 110.0  82.4  0.38791E+12 -0.10000E+01  0.16517E+11  0.40000E+09  24.1
 211 20.00   91.5  100.00  0.15213E+11 283.1  -1.0 110.0  82.4  0.38806E+12 -0.10000E+01  0.15970E+11  0.40000E+09  24.4
 212 20.00   91.7  100.00  0.14724E+11 283.3  -1.0 110.0  82.5  0.38822E+12 -0.10000E+01  0.15422E+11  0.40000E+09  24.7
 213 20.00   92.0  100.00  0.14234E+11 283.5  -1.0 110.0  82.5  0.38837E+12 -0.10000E+01  0.14873E+11  0.40000E+09  25.0
 214 20.00   92.2  100.00  0.13742E+11 283.7  -1.0 110.0  82.6  0.38853E+12 -0.10000E+01  0.14326E+11  0.40000E+09  25.4
 215 20.00   92.4  100.00  0.13224E+11 283.9  -1.0 110.0  82.6  0.38868E+12 -0.10000E+01  0.13781E+11  0.40000E+09  25.7
 216 20.00   92.7  100.00  0.12707E+11 284.2  -1.0 110.0  82.7  0.38884E+12 -0.10000E+01  0.13240E+11  0.40000E+09  26.0
 217 20.00   92.9  100.00  0.12196E+11 284.4  -1.0 110.0  82.7  0.38899E+12 -0.10000E+01  0.12705E+11  0.40000E+09  26.4
 218 20.00   93.2  100.00  0.11690E+11 284.6  -1.0 110.0  82.8  0.38915E+12 -0.10000E+01  0.12176E+11  0.40000E+09  26.8
 219 20.00   93.4  100.00  0.11192E+11 284.8  -1.0 110.0  82.9  0.38930E+12 -0.10000E+01  0.11654E+11  0.40000E+09  27.1
 220 20.00   93.7  100.00  0.10703E+11 285.1  -1.0 110.0  82.9  0.38946E+12 -0.10000E+01  0.11142E+11  0.40000E+09  27.5
 221 20.00   94.0  100.00  0.10223E+11 285.3  -1.0 110.0  83.0  0.38961E+12 -0.10000E+01  0.10640E+11  0.40000E+09  27.9
 222 20.00   94.2  100.00  0.97541E+10 285.5  -1.0 110.0  83.0  0.38977E+12 -0.10000E+01  0.10148E+11  0.40000E+09  28.3
 223 20.00   94.5  100.00  0.92964E+10 285.7  -1.0 110.0  83.1  0.38992E+12 -0.10000E+01  0.96693E+10  0.40000E+09  28.7
 224 20.00   94.8  100.00  0.88511E+10 285.9  -1.0 110.0  83.2  0.39008E+12 -0.10000E+01  0.92030E+10  0.40000E+09  29.2
 225 20.00   95.1  100.00  0.84188E+10 286.1  -1.0 110.0  83.2  0.39024E+12 -0.10000E+01  0.87504E+10  0.40000E+09  29.6
 226 20.00   95.4  100.00  0.80003E+10 286.3  -1.0 110.0  83.3  0.39039E+12 -0.10000E+01  0.83121E+10  0.40000E+09  30.1
 227 20.00   95.7  100.00  0.75958E+10 286.5  -1.0 110.0  83.4  0.39055E+12 -0.10000E+01  0.78886E+10  0.40000E+09  30.5
 228 20.00   96.0  100.00  0.72061E+10 287.0  -1.0 110.0  83.4  0.38717E+12 -0.10000E+01  0.74806E+10  0.40000E+09  31.0
 229 20.00   96.3  100.00  0.68312E+10 287.4  -1.0 110.0  83.5  0.38380E+12 -0.10000E+01  0.70881E+10  0.40000E+09  31.5
 230 20.00   96.6  100.00  0.64715E+10 287.8  -1.0 110.0  83.6  0.38045E+12 -0.10000E+01  0.67116E+10  0.40000E+09  32.0
 231 20.00   96.9  100.00  0.61270E+10 288.3  -1.0 110.0  83.6  0.37712E+12 -0.10000E+01  0.63509E+10  0.40000E+09  32.4
 232 20.00   97.2  100.00  0.57979E+10 288.7  -1.0 110.0  83.7  0.37380E+12 -0.10000E+01  0.60065E+10  0.40000E+09  33.0
 233 20.00   97.5  100.00  0.54840E+10 289.1  -1.0 110.0  83.8  0.37050E+12 -0.10000E+01  0.56780E+10  0.40000E+09  33.5
 234 20.00   97.9  100.00  0.51854E+10 289.6  -1.0 110.0  83.9  0.36721E+12 -0.10000E+01  0.53655E+10  0.40000E+09  34.0
 235 20.00   98.2  100.00  0.49018E+10 290.0  -1.0 110.0  83.9  0.36393E+12 -0.10000E+01  0.50688E+10  0.40000E+09  34.5
 236 20.00   98.5  100.00  0.46331E+10 290.4  -1.0 110.0  84.0  0.36067E+12 -0.10000E+01  0.47877E+10  0.40000E+09  35.0
 237 20.00   98.8  100.00  0.43789E+10 290.8  -1.0 110.0  84.1  0.35743E+12 -0.10000E+01  0.45218E+10  0.40000E+09  35.6
 238 20.00   99.2  100.00  0.41390E+10 291.3  -1.0 110.0  84.2  0.35420E+12 -0.10000E+01  0.42710E+10  0.40000E+09  36.1
 239 20.00   99.5  100.00  0.39131E+10 291.7  -1.0 110.0  84.2  0.35098E+12 -0.10000E+01  0.40347E+10  0.40000E+09  36.6
 240 20.00   99.9  100.00  0.37006E+10 292.1  -1.0 110.0  84.3  0.34778E+12 -0.10000E+01  0.38127E+10  0.40000E+09  37.2
 241 20.00  100.2  100.00  0.35013E+10 292.5  -1.0 110.0  84.4  0.34459E+12 -0.10000E+01  0.36044E+10  0.40000E+09  37.7
 242 20.00  100.5  100.00  0.33145E+10 292.9  -1.0 110.0  84.5  0.34142E+12 -0.10000E+01  0.34092E+10  0.40000E+09  38.3
 243 20.00  100.9  100.00  0.31402E+10 293.3  -1.0 110.0  84.6  0.33826E+12 -0.10000E+01  0.32272E+10  0.40000E+09  38.8
 244 20.00  101.2  100.00  0.29775E+10 293.6  -1.0 110.0  84.6  0.33512E+12 -0.10000E+01  0.30572E+10  0.40000E+09  39.4
 245 20.00  101.6  100.00  0.28261E+10 294.0  -1.0 110.0  84.7  0.33199E+12 -0.10000E+01  0.28992E+10  0.40000E+09  39.9
 246 20.00  102.0  100.00  0.26855E+10 294.4  -1.0 110.0  84.8  0.32888E+12 -0.10000E+01  0.27525E+10  0.40000E+09  40.5
 247 20.00  102.3  100.00  0.25552E+10 294.8  -1.0 110.0  84.9  0.32578E+12 -0.10000E+01  0.26165E+10  0.40000E+09  41.1
 248 20.00  102.7  100.00  0.24346E+10 295.1  -1.0 110.0  84.9  0.32269E+12 -0.10000E+01  0.24908E+10  0.40000E+09  41.6
 249 20.00  103.0  100.00  0.23237E+10 295.5  -1.0 110.0  85.0  0.31962E+12 -0.10000E+01  0.23751E+10  0.40000E+09  42.2
 250 20.00  103.4  100.00  0.22213E+10 295.9  -1.0 110.0  85.1  0.31657E+12 -0.10000E+01  0.22683E+10  0.40000E+09  42.7
 251 20.00  103.8  100.00  0.21272E+10 296.2  -1.0 110.0  85.2  0.31353E+12 -0.10000E+01  0.21703E+10  0.40000E+09  43.3
 252 20.00  104.1  100.00  0.20410E+10 296.6  -1.0 110.0  85.2  0.31050E+12 -0.10000E+01  0.20805E+10  0.40000E+09  43.8
 253 20.00  104.5  100.00  0.19624E+10 296.9  -1.0 110.0  85.3  0.30749E+12 -0.10000E+01  0.19987E+10  0.40000E+09  44.3
 254 20.00  104.9  100.00  0.19205E+10 297.2  -1.0 110.0  85.4  0.30449E+12 -0.10000E+01  0.19553E+10  0.40000E+09  44.9
 255 20.00  105.2  100.00  0.19195E+10 297.5  -1.0 110.0  85.4  0.30151E+12 -0.10000E+01  0.19549E+10  0.40000E+09  45.4
 256 20.00  105.6  100.00  0.19185E+10 297.7  -1.0 110.0  85.5  0.29854E+12 -0.10000E+01  0.19544E+10  0.40000E+09  45.9
 257 20.00  106.0  100.00  0.19175E+10 298.0  -1.0 110.0  85.6  0.29559E+12 -0.10000E+01  0.19540E+10  0.40000E+09  46.4
 258 20.00  106.4  100.00  0.19165E+10 298.2  -1.0 110.0  85.7  0.29265E+12 -0.10000E+01  0.19536E+10  0.40000E+09  46.9
 259 20.00  106.7  100.00  0.19155E+10 298.1  -1.0 110.0  85.7  0.28747E+12 -0.10000E+01  0.19533E+10  0.40000E+09  47.4
 260 20.00  107.1  100.00  0.19146E+10 298.0  -1.0 110.0  85.8  0.28233E+12 -0.10000E+01  0.19529E+10  0.40000E+09  47.9
 261 20.00  107.5  100.00  0.19137E+10 297.8  -1.0 110.0  85.8  0.27724E+12 -0.10000E+01  0.19526E+10  0.40000E+09  48.4
 262 20.00  107.8  100.00  0.19127E+10 297.7  -1.0 110.0  85.9  0.27219E+12 -0.10000E+01  0.19522E+10  0.40000E+09  48.9
 263 20.00  108.2  100.00  0.19118E+10 297.6  -1.0 110.0  86.0  0.26719E+12 -0.10000E+01  0.19519E+10  0.40000E+09  49.3
 264 20.00  108.6  100.00  0.19109E+10 297.4  -1.0 110.0  86.0  0.26224E+12 -0.10000E+01  0.19516E+10  0.40000E+09  49.8
 265 20.00  109.0  100.00  0.19100E+10 297.3  -1.0 110.0  86.1  0.25733E+12 -0.10000E+01  0.19512E+10  0.40000E+09  50.3
 266 20.00  109.3  100.00  0.19090E+10 297.1  -1.0 110.0  86.1  0.25247E+12 -0.10000E+01  0.19509E+10  0.40000E+09  50.7
 267 20.00  109.7  100.00  0.19081E+10 297.0  -1.0 110.0  86.2  0.24766E+12 -0.10000E+01  0.19506E+10  0.40000E+09  51.1
 268 20.00  110.1  100.00  0.19072E+10 296.9  -1.0 110.0  86.3  0.24289E+12 -0.10000E+01  0.19502E+10  0.40000E+09  51.5
 269 20.00  110.5  100.00  0.19063E+10 296.7  -1.0 110.0  86.3  0.23817E+12 -0.10000E+01  0.19499E+10  0.40000E+09  52.0
 270 20.00  110.8  100.00  0.19054E+10 296.6  -1.0 110.0  86.4  0.23350E+12 -0.10000E+01  0.19496E+10  0.40000E+09  52.4
 271 20.00  111.2  100.00  0.19045E+10 296.4  -1.0 110.0  86.4  0.22887E+12 -0.10000E+01  0.19492E+10  0.40000E+09  52.8
 272 20.00  111.6  100.00  0.19037E+10 296.3  -1.0 110.0  86.5  0.22428E+12 -0.10000E+01  0.19489E+10  0.40000E+09  53.1
 273 20.00  111.9  100.00  0.19028E+10 296.1  -1.0 110.0  86.5  0.21975E+12 -0.10000E+01  0.19485E+10  0.40000E+09  53.5
 274 20.00  112.3  100.00  0.19019E+10 296.0  -1.0 110.0  86.6  0.21526E+12 -0.10000E+01  0.19482E+10  0.40000E+09  53.9
 275 20.00  112.7  100.00  0.19011E+10 295.8  -1.0 110.0  86.6  0.21082E+12 -0.10000E+01  0.19479E+10  0.40000E+09  54.2
 276 20.00  113.0  100.00  0.19002E+10 295.7  -1.0 110.0  86.6  0.20642E+12 -0.10000E+01  0.19475E+10  0.40000E+09  54.6
 277 20.00  113.4  100.00  0.18994E+10 295.5  -1.0 110.0  86.7  0.20207E+12 -0.10000E+01  0.19472E+10  0.40000E+09  54.9
 278 20.00  113.8  100.00  0.18986E+10 295.4  -1.0 110.0  86.7  0.19776E+12 -0.10000E+01  0.19469E+10  0.40000E+09  55.2
 279 20.00  114.1  100.00  0.18978E+10 295.2  -1.0 110.0  86.8  0.19351E+12 -0.10000E+01  0.19465E+10  0.40000E+09  55.5
 280 20.00  114.5  100.00  0.18970E+10 295.1  -1.0 110.0  86.8  0.18929E+12 -0.10000E+01  0.19462E+10  0.40000E+09  55.8
 281 20.00  114.8  100.00  0.18962E+10 294.9  -1.0 110.0  86.8  0.18513E+12 -0.10000E+01  0.19458E+10  0.40000E+09  56.1
 282 20.00  115.2  100.00  0.18954E+10 294.8  -1.0 110.0  86.9  0.18101E+12 -0.10000E+01  0.19455E+10  0.40000E+09  56.4
 283 20.00  115.5  100.00  0.18946E+10 294.6  -1.0 110.0  86.9  0.17694E+12 -0.10000E+01  0.19452E+10  0.40000E+09  56.7
 284 20.00  115.9  100.00  0.18939E+10 294.5  -1.0 110.0  86.9  0.17291E+12 -0.10000E+01  0.19448E+10  0.40000E+09  57.0
 285 20.00  116.2  100.00  0.18931E+10 294.3  -1.0 110.0  87.0  0.16893E+12 -0.10000E+01  0.19445E+10  0.40000E+09  57.2
 286 20.00  116.6  100.00  0.18924E+10 294.1  -1.0 110.0  87.0  0.16500E+12 -0.10000E+01  0.19442E+10  0.40000E+09  57.5
 287 20.00  116.9  100.00  0.18916E+10 294.0  -1.0 110.0  87.0  0.16111E+12 -0.10000E+01  0.19438E+10  0.40000E+09  57.7
 288 20.00  117.2  100.00  0.18909E+10 293.8  -1.0 110.0  87.1  0.15727E+12 -0.10000E+01  0.19435E+10  0.40000E+09  57.9
 289 20.00  117.6  100.00  0.18903E+10 294.0  -1.0 110.0  87.1  0.15395E+12 -0.10000E+01  0.19432E+10  0.40000E+09  58.2
 290 20.00  117.9  100.00  0.18896E+10 294.1  -1.0 110.0  87.1  0.15067E+12 -0.10000E+01  0.19429E+10  0.40000E+09  58.4
 291 20.00  118.2  100.00  0.18890E+10 294.3  -1.0 110.0  87.2  0.14742E+12 -0.10000E+01  0.19427E+10  0.40000E+09  58.6
 292 20.00  118.5  100.00  0.18884E+10 294.5  -1.0 110.0  87.2  0.14421E+12 -0.10000E+01  0.19424E+10  0.40000E+09  58.8
 293 20.00  118.8  100.00  0.18878E+10 294.6  -1.0 110.0  87.2  0.14104E+12 -0.10000E+01  0.19421E+10  0.40000E+09  59.0
 294 20.00  119.1  100.00  0.18872E+10 294.8  -1.0 110.0  87.2  0.13790E+12 -0.10000E+01  0.19418E+10  0.40000E+09  59.2
 295 20.00  119.4  100.00  0.18866E+10 294.9  -1.0 110.0  87.2  0.13479E+12 -0.10000E+01  0.19415E+10  0.40000E+09  59.3
 296 20.00  119.7  100.00  0.18860E+10 295.1  -1.0 110.0  87.3  0.13173E+12 -0.10000E+01  0.19413E+10  0.40000E+09  59.5
 297 20.00  120.0  100.00  0.18855E+10 295.2  -1.0 110.0  87.3  0.12869E+12 -0.10000E+01  0.19410E+10  0.40000E+09  59.7
 298 20.00  120.3  100.00  0.18849E+10 295.4  -1.0 110.0  87.3  0.12569E+12 -0.10000E+01  0.19407E+10  0.40000E+09  59.8
 299 20.00  120.6  100.00  0.18844E+10 295.5  -1.0 110.0  87.3  0.12273E+12 -0.10000E+01  0.19404E+10  0.40000E+09  60.0
 300 20.00  120.9  100.00  0.18839E+10 295.7  -1.0 110.0  87.3  0.11980E+12 -0.10000E+01  0.19401E+10  0.40000E+09  60.1
 301 20.00  121.2  100.00  0.18833E+10 295.8  -1.0 110.0  87.4  0.11691E+12 -0.10000E+01  0.19399E+10  0.40000E+09  60.3
 302 20.00  121.4  100.00  0.18828E+10 296.0  -1.0 110.0  87.4  0.11405E+12 -0.10000E+01  0.19396E+10  0.40000E+09  60.4
 303 20.00  121.7  100.00  0.18823E+10 296.1  -1.0 110.0  87.4  0.11123E+12 -0.10000E+01  0.19393E+10  0.40000E+09  60.6
 304 20.00  122.0  100.00  0.18818E+10 296.2  -1.0 110.0  87.4  0.10844E+12 -0.10000E+01  0.19390E+10  0.40000E+09  60.7
 305 20.00  122.2  100.00  0.18813E+10 296.4  -1.0 110.0  87.4  0.10569E+12 -0.10000E+01  0.19387E+10  0.40000E+09  60.8
 306 20.00  122.5  100.00  0.18809E+10 296.5  -1.0 110.0  87.4  0.10298E+12 -0.10000E+01  0.19385E+10  0.40000E+09  60.9
 307 20.00  122.7  100.00  0.18804E+10 296.6  -1.0 110.0  87.5  0.10030E+12 -0.10000E+01  0.19382E+10  0.40000E+09  61.0
 308 20.00  123.0  100.00  0.18799E+10 296.8  -1.0 110.0  87.5  0.97651E+11 -0.10000E+01  0.19379E+10  0.40000E+09  61.1
 309 20.00  123.2  100.00  0.18795E+10 296.9  -1.0 110.0  87.5  0.95041E+11 -0.10000E+01  0.19376E+10  0.40000E+09  61.2
 310 20.00  123.4  100.00  0.18790E+10 297.0  -1.0 110.0  87.5  0.92467E+11 -0.10000E+01  0.19374E+10  0.40000E+09  61.3
 311 20.00  123.6  100.00  0.18786E+10 297.1  -1.0 110.0  87.5  0.89928E+11 -0.10000E+01  0.19371E+10  0.40000E+09  61.4
 312 20.00  123.8  100.00  0.18782E+10 297.2  -1.0 110.0  87.5  0.87424E+11 -0.10000E+01  0.19368E+10  0.40000E+09  61.5
 313 20.00  124.0  100.00  0.18777E+10 297.3  -1.0 110.0  87.5  0.84956E+11 -0.10000E+01  0.19365E+10  0.40000E+09  61.6
 314 20.00  124.2  100.00  0.18773E+10 297.4  -1.0 110.0  87.5  0.82523E+11 -0.10000E+01  0.19362E+10  0.40000E+09  61.7
 315 20.00  124.4  100.00  0.18769E+10 297.5  -1.0 110.0  87.5  0.80125E+11 -0.10000E+01  0.19360E+10  0.40000E+09  61.8
 316 20.00  124.6  100.00  0.18765E+10 297.6  -1.0 110.0  87.6  0.77763E+11 -0.10000E+01  0.19357E+10  0.40000E+09  61.8
 317 20.00  124.8  100.00  0.18761E+10 297.7  -1.0 110.0  87.6  0.75436E+11 -0.10000E+01  0.19354E+10  0.40000E+09  61.9
 318 20.00  125.0  100.00  0.18757E+10 297.8  -1.0 110.0  87.6  0.73144E+11 -0.10000E+01  0.19351E+10  0.40000E+09  62.0
 319 20.00  125.1  100.00  0.18754E+10 297.8  -1.0 110.0  87.6  0.70888E+11 -0.10000E+01  0.19348E+10  0.40000E+09  62.0
 320 20.00  125.3  100.00  0.18749E+10 297.8  -1.0 110.0  87.6  0.70237E+11 -0.10000E+01  0.19345E+10  0.40000E+09  62.1
 321 20.00  125.5  100.00  0.18744E+10 297.8  -1.0 110.0  87.6  0.69589E+11 -0.10000E+01  0.19341E+10  0.40000E+09  62.1
 322 20.00  125.6  100.00  0.18740E+10 297.8  -1.0 110.0  87.6  0.68943E+11 -0.10000E+01  0.19337E+10  0.40000E+09  62.2
 323 20.00  125.8  100.00  0.18735E+10 297.8  -1.0 110.0  87.6  0.68301E+11 -0.10000E+01  0.19333E+10  0.40000E+09  62.2
 324 20.00  125.9  100.00  0.18731E+10 297.7  -1.0 110.0  87.6  0.67662E+11 -0.10000E+01  0.19329E+10  0.40000E+09  62.3
 325 20.00  126.0  100.00  0.18726E+10 297.7  -1.0 110.0  87.6  0.67026E+11 -0.10000E+01  0.19325E+10  0.40000E+09  62.3
 326 20.00  126.1  100.00  0.18722E+10 297.7  -1.0 110.0  87.6  0.66393E+11 -0.10000E+01  0.19322E+10  0.40000E+09  62.4
 327 20.00  126.2  100.00  0.18718E+10 297.7  -1.0 110.0  87.6  0.65762E+11 -0.10000E+01  0.19318E+10  0.40000E+09  62.4
 328 20.00  126.4  100.00  0.18713E+10 297.7  -1.0 110.0  87.6  0.65135E+11 -0.10000E+01  0.19314E+10  0.40000E+09  62.5
 329 20.00  126.5  100.00  0.18709E+10 297.6  -1.0 110.0  87.6  0.64511E+11 -0.10000E+01  0.19310E+10  0.40000E+09  62.5
 330 20.00  126.5  100.00  0.18705E+10 297.6  -1.0 110.0  87.6  0.63890E+11 -0.10000E+01  0.19306E+10  0.40000E+09  62.5
 331 20.00  126.6  100.00  0.18701E+10 297.6  -1.0 110.0  87.6  0.63272E+11 -0.10000E+01  0.19302E+10  0.40000E+09  62.6
 332 20.00  126.7  100.00  0.18697E+10 297.6  -1.0 110.0  87.6  0.62657E+11 -0.10000E+01  0.19298E+10  0.40000E+09  62.6
 333 20.00  126.8  100.00  0.18693E+10 297.5  -1.0 110.0  87.7  0.62044E+11 -0.10000E+01  0.19295E+10  0.40000E+09  62.6
 334 20.00  126.8  100.00  0.18689E+10 297.5  -1.0 110.0  87.7  0.61435E+11 -0.10000E+01  0.19291E+10  0.40000E+09  62.6
 335 20.00  126.9  100.00  0.18685E+10 297.5  -1.0 110.0  87.7  0.60829E+11 -0.10000E+01  0.19287E+10  0.40000E+09  62.7
 336 20.00  127.0  100.00  0.18681E+10 297.5  -1.0 110.0  87.7  0.60226E+11 -0.10000E+01  0.19283E+10  0.40000E+09  62.7
 337 20.00  127.0  100.00  0.18677E+10 297.4  -1.0 110.0  87.7  0.59626E+11 -0.10000E+01  0.19279E+10  0.40000E+09  62.7
 338 20.00  127.0  100.00  0.18673E+10 297.4  -1.0 110.0  87.7  0.59028E+11 -0.10000E+01  0.19275E+10  0.40000E+09  62.7
 339 20.00  127.1  100.00  0.18670E+10 297.4  -1.0 110.0  87.7  0.58435E+11 -0.10000E+01  0.19272E+10  0.40000E+09  62.7
 340 20.00  127.1  100.00  0.18666E+10 297.3  -1.0 110.0  87.7  0.57844E+11 -0.10000E+01  0.19268E+10  0.40000E+09  62.7
 341 20.00  127.1  100.00  0.18662E+10 297.3  -1.0 110.0  87.7  0.57255E+11 -0.10000E+01  0.19264E+10  0.40000E+09  62.7
 342 20.00  127.1  100.00  0.18659E+10 297.3  -1.0 110.0  87.7  0.56670E+11 -0.10000E+01  0.19260E+10  0.40000E+09  62.7
 343 20.00  127.1  100.00  0.18655E+10 297.2  -1.0 110.0  87.7  0.56088E+11 -0.10000E+01  0.19256E+10  0.40000E+09  62.7
 344 20.00  127.1  100.00  0.18651E+10 297.2  -1.0 110.0  87.7  0.55509E+11 -0.10000E+01  0.19252E+10  0.40000E+09  62.7
 345 20.00  127.1  100.00  0.18648E+10 297.2  -1.0 110.0  87.7  0.54933E+11 -0.10000E+01  0.19249E+10  0.40000E+09  62.7
 346 20.00  127.1  100.00  0.18644E+10 297.1  -1.0 110.0  87.7  0.54360E+11 -0.10000E+01  0.19245E+10  0.40000E+09  62.7
 347 20.00  127.1  100.00  0.18641E+10 297.1  -1.0 110.0  87.7  0.53790E+11 -0.10000E+01  0.19241E+10  0.40000E+09  62.7
 348 20.00  127.0  100.00  0.18638E+10 297.1  -1.0 110.0  87.7  0.53222E+11 -0.10000E+01  0.19237E+10  0.40000E+09  62.7
 349 20.00  127.0  100.00  0.18634E+10 297.0  -1.0 110.0  87.7  0.52658E+11 -0.10000E+01  0.19233E+10  0.40000E+09  62.7
 350 20.00  126.9  100.00  0.18631E+10 296.7  -1.0 110.0  87.7  0.52661E+11 -0.10000E+01  0.19230E+10  0.40000E+09  62.7
 351 20.00  126.9  100.00  0.18628E+10 296.4  -1.0 110.0  87.7  0.52664E+11 -0.10000E+01  0.19226E+10  0.40000E+09  62.7
 352 20.00  126.8  100.00  0.18625E+10 296.1  -1.0 110.0  87.7  0.52666E+11 -0.10000E+01  0.19222E+10  0.40000E+09  62.7
 353 20.00  126.8  100.00  0.18622E+10 295.9  -1.0 110.0  87.7  0.52669E+11 -0.10000E+01  0.19218E+10  0.40000E+09  62.6
 354 20.00  126.7  100.00  0.18619E+10 295.6  -1.0 110.0  87.7  0.52671E+11 -0.10000E+01  0.19215E+10  0.40000E+09  62.6
 355 20.00  126.6  100.00  0.18616E+10 295.3  -1.0 110.0  87.7  0.52673E+11 -0.10000E+01  0.19211E+10  0.40000E+09  62.6
 356 20.00  126.6  100.00  0.18613E+10 295.0  -1.0 110.0  87.6  0.52676E+11 -0.10000E+01  0.19207E+10  0.40000E+09  62.6
 357 20.00  126.5  100.00  0.18610E+10 294.7  -1.0 110.0  87.6  0.52678E+11 -0.10000E+01  0.19204E+10  0.40000E+09  62.5
 358 20.00  126.4  100.00  0.18608E+10 294.4  -1.0 110.0  87.6  0.52681E+11 -0.10000E+01  0.19200E+10  0.40000E+09  62.5
 359 20.00  126.3  100.00  0.18605E+10 294.1  -1.0 110.0  87.6  0.52683E+11 -0.10000E+01  0.19196E+10  0.40000E+09  62.5
 360 20.00  126.2  100.00  0.18602E+10 293.8  -1.0 110.0  87.6  0.52686E+11 -0.10000E+01  0.19192E+10  0.40000E+09  62.4
 361 20.00  126.1  100.00  0.18599E+10 293.5  -1.0 110.0  87.6  0.52688E+11 -0.10000E+01  0.19189E+10  0.40000E+09  62.4
 362 20.00  125.9  100.00  0.18597E+10 293.2  -1.0 110.0  87.6  0.52691E+11 -0.10000E+01  0.19185E+10  0.40000E+09  62.4
 363 20.00  125.8  100.00  0.18594E+10 292.9  -1.0 110.0  87.6  0.52693E+11 -0.10000E+01  0.19181E+10  0.40000E+09  62.3
 364 20.00  125.7  100.00  0.18592E+10 292.6  -1.0 110.0  87.6  0.52696E+11 -0.10000E+01  0.19178E+10  0.40000E+09  62.3
 365 20.00  125.6  100.00  0.18589E+10 292.3  -1.0 110.0  87.6  0.52698E+11 -0.10000E+01  0.19174E+10  0.40000E+09  62.2
