   1  7.00  100.2   90.00  0.14872E+10 282.5  -1.0 110.0  84.4  0.12309E+12 -0.10000E+01  0.43513E+10  0.40000E+09  37.9
   2  7.00  100.2   90.00  0.14886E+10 282.4  -1.0 110.0  84.4  0.12858E+12 -0.10000E+01  0.43565E+10  0.40000E+09  37.9
   3  7.00  100.1   90.00  0.14909E+10 282.4  -1.0 110.0  84.4  0.11904E+12 -0.10000E+01  0.43664E+10  0.40000E+09  37.9
   4  7.00  100.1   90.00  0.14941E+10 282.3  -1.0 110.0  84.4  0.11831E+12 -0.10000E+01  0.43813E+10  0.40000E+09  37.8
   5  7.00  100.1   90.00  0.14982E+10 282.2  -1.0 110.0  84.4  0.11758E+12 -0.10000E+01  0.44009E+10  0.40000E+09  37.8
   6  7.00  100.0   90.00  0.15033E+10 282.1  -1.0 110.0  84.4  0.11686E+12 -0.10000E+01  0.44255E+10  0.40000E+09  37.7
   7  7.00  100.0   90.00  0.15093E+10 282.0  -1.0 110.0  84.4  0.12188E+12 -0.10000E+01  0.44551E+10  0.40000E+09  37.7
   8  7.00   99.9   90.00  0.15164E+10 281.9  -1.0 110.0  84.3  0.11541E+12 -0.10000E+01  0.44902E+10  0.40000E+09  37.6
   9  7.00   99.9   90.00  0.15245E+10 281.8  -1.0 110.0  84.3  0.11470E+12 -0.10000E+01  0.45305E+10  0.40000E+09  37.5
  10  7.00   99.8   90.00  0.15336E+10 281.6  -1.0 110.0  84.3  0.11398E+12 -0.10000E+01  0.45766E+10  0.40000E+09  37.4
  11  7.00   99.7   90.00  0.15439E+10 281.5  -1.0 110.0  84.3  0.11327E+12 -0.10000E+01  0.46285E+10  0.40000E+09  37.3
  12  7.00   99.6   90.00  0.15552E+10 281.3  -1.0 110.0  84.3  0.11893E+12 -0.10000E+01  0.46864E+10  0.40000E+09  37.2
  13  7.00   99.6   90.00  0.15677E+10 281.2  -1.0 110.0  84.3  0.11702E+12 -0.10000E+01  0.47507E+10  0.40000E+09  37.1
  14  7.00   99.5   90.00  0.15815E+10 281.0  -1.0 110.0  84.3  0.11114E+12 -0.10000E+01  0.48216E+10  0.40000E+09  37.0
  15  7.00   99.4   90.00  0.15966E+10 280.8  -1.0 110.0  84.2  0.11043E+12 -0.10000E+01  0.48995E+10  0.40000E+09  36.8
  16  7.00   99.2   90.00  0.16130E+10 280.6  -1.0 110.0  84.2  0.11206E+12 -0.10000E+01  0.49850E+10  0.40000E+09  36.7
  17  7.00   99.1   90.00  0.16308E+10 280.4  -1.0 110.0  84.2  0.11370E+12 -0.10000E+01  0.50785E+10  0.40000E+09  36.5
  18  7.00   99.0   90.00  0.16501E+10 280.1  -1.0 110.0  84.2  0.11534E+12 -0.10000E+01  0.51798E+10  0.40000E+09  36.4
  19  7.00   98.9   90.00  0.16710E+10 279.9  -1.0 110.0  84.1  0.11700E+12 -0.10000E+01  0.52898E+10  0.40000E+09  36.2
  20  7.00   98.7   90.00  0.16935E+10 279.7  -1.0 110.0  84.1  0.11868E+12 -0.10000E+01  0.54086E+10  0.40000E+09  36.0
  21  7.00   98.6   90.00  0.17177E+10 279.4  -1.0 110.0  84.1  0.12416E+12 -0.10000E+01  0.55370E+10  0.40000E+09  35.8
  22  7.00   98.4   90.00  0.17436E+10 279.2  -1.0 110.0  84.1  0.12926E+12 -0.10000E+01  0.56754E+10  0.40000E+09  35.6
  23  7.00   98.3   90.00  0.17715E+10 278.9  -1.0 110.0  84.0  0.12631E+12 -0.10000E+01  0.58245E+10  0.40000E+09  35.4
  24  7.00   98.1   90.00  0.18014E+10 278.6  -1.0 110.0  84.0  0.12548E+12 -0.10000E+01  0.59849E+10  0.40000E+09  35.2
  25  7.00   98.0   90.00  0.18333E+10 278.3  -1.0 110.0  84.0  0.12722E+12 -0.10000E+01  0.61570E+10  0.40000E+09  35.0
  26  7.00   97.8   90.00  0.18675E+10 278.0  -1.0 110.0  83.9  0.12896E+12 -0.10000E+01  0.63419E+10  0.40000E+09  34.8
  27  7.00   97.6   90.00  0.19040E+10 277.6  -1.0 110.0  83.9  0.13071E+12 -0.10000E+01  0.65402E+10  0.40000E+09  34.6
  28  7.00   97.4   90.00  0.19430E+10 277.3  -1.0 110.0  83.9  0.13248E+12 -0.10000E+01  0.67529E+10  0.40000E+09  34.3
  29  7.00   97.2   90.00  0.19846E+10 277.0  -1.0 110.0  83.8  0.13426E+12 -0.10000E+01  0.69804E+10  0.40000E+09  34.1
  30  7.00   97.0   90.00  0.20290E+10 276.6  -1.0 110.0  83.8  0.13605E+12 -0.10000E+01  0.72240E+10  0.40000E+09  33.8
  31  7.00   96.8   90.00  0.20762E+10 276.2  -1.0 110.0  83.7  0.13786E+12 -0.10000E+01  0.74846E+10  0.40000E+09  33.6
  32  7.00   96.6   90.00  0.21265E+10 275.8  -1.0 110.0  83.7  0.13967E+12 -0.10000E+01  0.77633E+10  0.40000E+09  33.3
  33  7.00   96.4   90.00  0.21799E+10 275.4  -1.0 110.0  83.7  0.14150E+12 -0.10000E+01  0.80608E+10  0.40000E+09  33.1
  34  7.00   96.2   90.00  0.22368E+10 275.0  -1.0 110.0  83.6  0.14333E+12 -0.10000E+01  0.83785E+10  0.40000E+09  32.8
  35  7.00   95.9   90.00  0.22972E+10 274.5  -1.0 110.0  83.6  0.14518E+12 -0.10000E+01  0.87175E+10  0.40000E+09  32.5
  36  7.00   95.7   90.00  0.23613E+10 274.0  -1.0 110.0  83.5  0.14705E+12 -0.10000E+01  0.90791E+10  0.40000E+09  32.2
  37  7.00   95.4   90.00  0.24293E+10 273.6  -1.0 110.0  83.5  0.14892E+12 -0.10000E+01  0.94644E+10  0.40000E+09  32.0
  38  7.00   95.2   90.00  0.25015E+10 273.1  -1.0 110.0  83.4  0.15081E+12 -0.10000E+01  0.98745E+10  0.40000E+09  31.7
  39  7.00   94.9   90.00  0.25779E+10 272.6  -1.0 110.0  83.4  0.16266E+12 -0.10000E+01  0.10311E+11  0.40000E+09  31.4
  40  7.00   94.7   90.00  0.26587E+10 272.0  -1.0 110.0  83.4  0.15461E+12 -0.10000E+01  0.10775E+11  0.40000E+09  31.1
  41  7.00   94.4   90.00  0.27443E+10 271.5  -1.0 110.0  83.3  0.15653E+12 -0.10000E+01  0.11268E+11  0.40000E+09  30.8
  42  7.00   94.2   90.00  0.28347E+10 270.9  -1.0 110.0  83.3  0.15847E+12 -0.10000E+01  0.11791E+11  0.40000E+09  30.5
  43  7.00   93.9   90.00  0.29301E+10 270.3  -1.0 110.0  83.2  0.16041E+12 -0.10000E+01  0.12345E+11  0.40000E+09  30.2
  44  7.00   93.6   90.00  0.30307E+10 269.7  -1.0 110.0  83.2  0.16237E+12 -0.10000E+01  0.12932E+11  0.40000E+09  29.9
  45  7.00   93.3   90.00  0.31324E+10 269.0  -1.0 110.0  83.1  0.16434E+12 -0.10000E+01  0.13553E+11  0.40000E+09  29.6
  46  7.00   93.0   90.00  0.32000E+10 268.6  -1.0 110.0  83.1  0.16593E+12 -0.10000E+01  0.14208E+11  0.40000E+09  29.3
  47  7.00   92.7   90.00  0.32694E+10 268.1  -1.0 110.0  83.0  0.17151E+12 -0.10000E+01  0.14898E+11  0.40000E+09  29.0
  48  7.00   92.4   90.00  0.33404E+10 267.6  -1.0 110.0  83.0  0.16075E+12 -0.10000E+01  0.15625E+11  0.40000E+09  28.8
  49  7.00   92.1   90.00  0.34131E+10 267.1  -1.0 110.0  82.9  0.16430E+12 -0.10000E+01  0.16388E+11  0.40000E+09  28.5
  50  7.00   91.8   90.00  0.34873E+10 266.5  -1.0 110.0  82.9  0.17769E+12 -0.10000E+01  0.17189E+11  0.40000E+09  28.2
  51  7.00   91.5   90.00  0.35631E+10 266.0  -1.0 110.0  82.9  0.18047E+12 -0.10000E+01  0.18027E+11  0.40000E+09  27.9
  52  7.00   91.2   90.00  0.36402E+10 265.4  -1.0 110.0  82.8  0.17560E+12 -0.10000E+01  0.18902E+11  0.40000E+09  27.6
  53  7.00   90.9   90.00  0.37188E+10 264.7  -1.0 110.0  82.8  0.17724E+12 -0.10000E+01  0.19814E+11  0.40000E+09  27.3
  54  7.00   90.6   90.00  0.37986E+10 264.1  -1.0 110.0  82.7  0.17889E+12 -0.10000E+01  0.20761E+11  0.40000E+09  27.0
  55  7.00   90.3   90.00  0.38797E+10 263.5  -1.0 110.0  82.7  0.18054E+12 -0.10000E+01  0.21744E+11  0.40000E+09  26.7
  56  7.00   89.9   90.00  0.39617E+10 262.8  -1.0 110.0  82.6  0.18221E+12 -0.10000E+01  0.22761E+11  0.40000E+09  26.4
  57  7.00   89.6   90.00  0.40448E+10 262.1  -1.0 110.0  82.6  0.18388E+12 -0.10000E+01  0.23810E+11  0.40000E+09  26.2
  58  7.00   89.3   90.00  0.41287E+10 261.4  -1.0 110.0  82.5  0.18555E+12 -0.10000E+01  0.24890E+11  0.40000E+09  25.9
  59  7.00   88.9   90.00  0.42134E+10 260.6  -1.0 110.0  82.5  0.18724E+12 -0.10000E+01  0.25997E+11  0.40000E+09  25.6
  60  7.00   88.6   90.00  0.42987E+10 259.9  -1.0 110.0  82.4  0.18893E+12 -0.10000E+01  0.27131E+11  0.40000E+09  25.3
  61  7.00   88.3   90.00  0.43845E+10 259.2  -1.0 110.0  82.4  0.19063E+12 -0.10000E+01  0.28289E+11  0.40000E+09  25.1
  62  7.00   87.9   90.00  0.44706E+10 258.4  -1.0 110.0  82.4  0.19234E+12 -0.10000E+01  0.29468E+11  0.40000E+09  24.8
  63  7.00   87.6   90.00  0.45571E+10 257.6  -1.0 110.0  82.3  0.19406E+12 -0.10000E+01  0.30665E+11  0.40000E+09  24.6
  64  7.00   87.2   90.00  0.46437E+10 256.9  -1.0 110.0  82.3  0.19578E+12 -0.10000E+01  0.31878E+11  0.40000E+09  24.3
  65  7.00   86.9   90.00  0.47303E+10 256.1  -1.0 110.0  82.2  0.19751E+12 -0.10000E+01  0.33103E+11  0.40000E+09  24.1
  66  7.00   86.5   90.00  0.48168E+10 255.3  -1.0 110.0  82.2  0.19925E+12 -0.10000E+01  0.34339E+11  0.40000E+09  23.8
  67  7.00   86.2   90.00  0.49032E+10 254.6  -1.0 110.0  82.2  0.17246E+12 -0.10000E+01  0.35582E+11  0.40000E+09  23.6
  68  7.00   85.8   90.00  0.49892E+10 253.8  -1.0 110.0  82.1  0.20270E+12 -0.10000E+01  0.36831E+11  0.40000E+09  23.4
  69  7.00   85.5   90.00  0.50748E+10 253.0  -1.0 110.0  82.1  0.20451E+12 -0.10000E+01  0.38081E+11  0.40000E+09  23.1
  70  7.00   85.1   90.00  0.51598E+10 252.3  -1.0 110.0  82.1  0.20628E+12 -0.10000E+01  0.39332E+11  0.40000E+09  22.9
  71  7.00   84.7   90.00  0.52442E+10 251.6  -1.0 110.0  82.0  0.20806E+12 -0.10000E+01  0.40580E+11  0.40000E+09  22.7
  72  7.00   84.4   90.00  0.53280E+10 250.8  -1.0 110.0  82.0  0.21137E+12 -0.10000E+01  0.41825E+11  0.40000E+09  22.5
  73  7.00   84.0   90.00  0.54109E+10 250.1  -1.0 110.0  82.0  0.21163E+12 -0.10000E+01  0.43063E+11  0.40000E+09  22.3
  74  7.00   83.7   90.00  0.54929E+10 249.4  -1.0 110.0  81.9  0.21343E+12 -0.10000E+01  0.44295E+11  0.40000E+09  22.1
  75  7.00   83.3   90.00  0.55739E+10 248.7  -1.0 110.0  81.9  0.21484E+12 -0.10000E+01  0.45517E+11  0.40000E+09  21.9
  76  7.00   82.9   90.00  0.56540E+10 248.2  -1.0 110.0  81.9  0.20552E+12 -0.10000E+01  0.46727E+11  0.40000E+09  21.7
  77  7.00   82.6   90.00  0.57329E+10 247.8  -1.0 110.0  81.8  0.21017E+12 -0.10000E+01  0.47926E+11  0.40000E+09  21.5
  78  7.00   82.2   90.00  0.58106E+10 247.3  -1.0 110.0  81.8  0.22050E+12 -0.10000E+01  0.49112E+11  0.40000E+09  21.3
  79  7.00   81.8   90.00  0.58871E+10 246.9  -1.0 110.0  81.8  0.22127E+12 -0.10000E+01  0.50286E+11  0.40000E+09  21.1
  80  7.00   81.5   90.00  0.59624E+10 246.4  -1.0 110.0  81.7  0.22274E+12 -0.10000E+01  0.51444E+11  0.40000E+09  21.0
  81  7.00   81.1   90.00  0.60363E+10 246.0  -1.0 110.0  81.7  0.22431E+12 -0.10000E+01  0.52589E+11  0.40000E+09  20.8
  82  7.00   80.8   90.00  0.61089E+10 245.6  -1.0 110.0  81.7  0.22584E+12 -0.10000E+01  0.53718E+11  0.40000E+09  20.6
  83  7.00   80.4   90.00  0.61801E+10 245.3  -1.0 110.0  81.7  0.22738E+12 -0.10000E+01  0.54831E+11  0.40000E+09  20.5
  84  7.00   80.0   90.00  0.62499E+10 244.9  -1.0 110.0  81.6  0.22892E+12 -0.10000E+01  0.55928E+11  0.40000E+09  20.3
  85  7.00   79.7   90.00  0.63183E+10 244.6  -1.0 110.0  81.6  0.23047E+12 -0.10000E+01  0.57009E+11  0.40000E+09  20.2
  86  7.00   79.3   90.00  0.63852E+10 244.2  -1.0 110.0  81.6  0.23202E+12 -0.10000E+01  0.58073E+11  0.40000E+09  20.0
  87  7.00   79.0   90.00  0.64506E+10 243.9  -1.0 110.0  81.6  0.23358E+12 -0.10000E+01  0.59121E+11  0.40000E+09  19.9
  88  7.00   78.6   90.00  0.65145E+10 243.7  -1.0 110.0  81.5  0.23514E+12 -0.10000E+01  0.60152E+11  0.40000E+09  19.8
  89  7.00   78.3   90.00  0.65769E+10 243.4  -1.0 110.0  81.5  0.23670E+12 -0.10000E+01  0.61166E+11  0.40000E+09  19.6
  90  7.00   77.9   90.00  0.66378E+10 243.2  -1.0 110.0  81.5  0.23828E+12 -0.10000E+01  0.62164E+11  0.40000E+09  19.5
  91  7.00   77.6   90.00  0.66972E+10 242.9  -1.0 110.0  81.5  0.23985E+12 -0.10000E+01  0.63144E+11  0.40000E+09  19.4
  92  7.00   77.2   90.00  0.67552E+10 242.7  -1.0 110.0  81.5  0.24144E+12 -0.10000E+01  0.64108E+11  0.40000E+09  19.3
  93  7.00   76.9   90.00  0.68116E+10 242.5  -1.0 110.0  81.4  0.24302E+12 -0.10000E+01  0.65054E+11  0.40000E+09  19.2
  94  7.00   76.5   90.00  0.68665E+10 242.4  -1.0 110.0  81.4  0.22854E+12 -0.10000E+01  0.65985E+11  0.40000E+09  19.1
  95  7.00   76.2   90.00  0.69199E+10 242.2  -1.0 110.0  81.4  0.24623E+12 -0.10000E+01  0.66898E+11  0.40000E+09  19.0
  96  7.00   75.8   90.00  0.69719E+10 242.1  -1.0 110.0  81.4  0.24782E+12 -0.10000E+01  0.67795E+11  0.40000E+09  18.9
  97  7.00   75.5   90.00  0.70224E+10 242.0  -1.0 110.0  81.4  0.24943E+12 -0.10000E+01  0.68676E+11  0.40000E+09  18.8
  98  7.00   75.2   90.00  0.70715E+10 241.9  -1.0 110.0  81.4  0.25104E+12 -0.10000E+01  0.69540E+11  0.40000E+09  18.7
  99  7.00   74.8   90.00  0.71191E+10 241.8  -1.0 110.0  81.3  0.24045E+12 -0.10000E+01  0.70388E+11  0.40000E+09  18.6
 100  7.00   74.5   90.00  0.71654E+10 241.8  -1.0 110.0  81.3  0.25429E+12 -0.10000E+01  0.71220E+11  0.40000E+09  18.5
 101  7.00   74.2   90.00  0.72102E+10 241.8  -1.0 110.0  81.3  0.25592E+12 -0.10000E+01  0.72036E+11  0.40000E+09  18.4
 102  7.00   73.8   90.00  0.72537E+10 241.7  -1.0 110.0  81.3  0.25755E+12 -0.10000E+01  0.72835E+11  0.40000E+09  18.4
 103  7.00   73.5   90.00  0.72959E+10 241.8  -1.0 110.0  81.3  0.25919E+12 -0.10000E+01  0.73620E+11  0.40000E+09  18.3
 104  7.00   73.2   90.00  0.73367E+10 241.8  -1.0 110.0  81.3  0.24510E+12 -0.10000E+01  0.74388E+11  0.40000E+09  18.2
 105  7.00   72.9   90.00  0.73762E+10 241.8  -1.0 110.0  81.3  0.25502E+12 -0.10000E+01  0.75141E+11  0.40000E+09  18.1
 106  7.00   72.6   90.00  0.74145E+10 241.9  -1.0 110.0  81.3  0.25671E+12 -0.10000E+01  0.75879E+11  0.40000E+09  18.1
 107  7.00   72.2   90.00  0.74516E+10 242.1  -1.0 110.0  81.2  0.26597E+12 -0.10000E+01  0.76604E+11  0.40000E+09  18.0
 108  7.00   71.9   90.00  0.74875E+10 242.2  -1.0 110.0  81.2  0.26928E+12 -0.10000E+01  0.77315E+11  0.40000E+09  18.0
 109  7.00   71.6   90.00  0.75221E+10 242.5  -1.0 110.0  81.2  0.27074E+12 -0.10000E+01  0.78010E+11  0.40000E+09  17.9
 110  7.00   71.3   90.00  0.75556E+10 242.7  -1.0 110.0  81.2  0.27150E+12 -0.10000E+01  0.78690E+11  0.40000E+09  17.8
 111  7.00   71.0   90.00  0.75880E+10 242.9  -1.0 110.0  81.2  0.27336E+12 -0.10000E+01  0.79356E+11  0.40000E+09  17.8
 112  7.00   70.8   90.00  0.76193E+10 243.2  -1.0 110.0  81.2  0.27522E+12 -0.10000E+01  0.80007E+11  0.40000E+09  17.7
 113  7.00   70.5   90.00  0.76494E+10 243.5  -1.0 110.0  81.2  0.27709E+12 -0.10000E+01  0.80643E+11  0.40000E+09  17.7
 114  7.00   70.2   90.00  0.76786E+10 243.8  -1.0 110.0  81.2  0.27977E+12 -0.10000E+01  0.81264E+11  0.40000E+09  17.6
 115  7.00   69.9   90.00  0.77067E+10 244.1  -1.0 110.0  81.2  0.28135E+12 -0.10000E+01  0.81871E+11  0.40000E+09  17.6
 116  7.00   69.6   90.00  0.77337E+10 244.4  -1.0 110.0  81.2  0.28273E+12 -0.10000E+01  0.82464E+11  0.40000E+09  17.6
 117  7.00   69.4   90.00  0.77599E+10 244.7  -1.0 110.0  81.2  0.28462E+12 -0.10000E+01  0.83042E+11  0.40000E+09  17.5
 118  7.00   69.1   90.00  0.77850E+10 245.1  -1.0 110.0  81.2  0.28652E+12 -0.10000E+01  0.83606E+11  0.40000E+09  17.5
 119  7.00   68.8   90.00  0.78093E+10 245.4  -1.0 110.0  81.1  0.28843E+12 -0.10000E+01  0.84156E+11  0.40000E+09  17.4
 120  7.00   68.6   90.00  0.78326E+10 245.8  -1.0 110.0  81.1  0.29034E+12 -0.10000E+01  0.84692E+11  0.40000E+09  17.4
 121  7.00   68.3   90.00  0.78550E+10 246.2  -1.0 110.0  81.1  0.29226E+12 -0.10000E+01  0.85214E+11  0.40000E+09  17.4
 122  7.00   68.1   90.00  0.78767E+10 246.6  -1.0 110.0  81.1  0.29419E+12 -0.10000E+01  0.85722E+11  0.40000E+09  17.3
 123  7.00   67.8   90.00  0.78974E+10 247.1  -1.0 110.0  81.1  0.28219E+12 -0.10000E+01  0.86216E+11  0.40000E+09  17.3
 124  7.00   67.6   90.00  0.79174E+10 247.5  -1.0 110.0  81.1  0.27976E+12 -0.10000E+01  0.86696E+11  0.40000E+09  17.3
 125  7.00   67.4   90.00  0.79366E+10 247.9  -1.0 110.0  81.1  0.30000E+12 -0.10000E+01  0.87162E+11  0.40000E+09  17.2
 126  7.00   67.1   90.00  0.79550E+10 248.4  -1.0 110.0  81.1  0.30195E+12 -0.10000E+01  0.87615E+11  0.40000E+09  17.2
 127  7.00   66.9   90.00  0.79727E+10 248.9  -1.0 110.0  81.1  0.30391E+12 -0.10000E+01  0.88054E+11  0.40000E+09  17.2
 128  7.00   66.7   90.00  0.79897E+10 249.4  -1.0 110.0  81.1  0.30959E+12 -0.10000E+01  0.88479E+11  0.40000E+09  17.2
 129  7.00   66.5   90.00  0.80060E+10 249.9  -1.0 110.0  81.1  0.29196E+12 -0.10000E+01  0.88891E+11  0.40000E+09  17.1
 130  7.00   66.3   90.00  0.80216E+10 250.4  -1.0 110.0  81.1  0.20139E+12 -0.10000E+01  0.89289E+11  0.40000E+09  17.1
 131  7.00   66.1   90.00  0.80365E+10 250.9  -1.0 110.0  81.1  0.29558E+12 -0.10000E+01  0.89674E+11  0.40000E+09  17.1
 132  7.00   65.9   90.00  0.80509E+10 251.4  -1.0 110.0  81.1  0.31379E+12 -0.10000E+01  0.90046E+11  0.40000E+09  17.1
 133  7.00   65.7   90.00  0.80646E+10 252.0  -1.0 110.0  81.1  0.31578E+12 -0.10000E+01  0.90404E+11  0.40000E+09  17.1
 134  7.00   65.5   90.00  0.80776E+10 252.5  -1.0 110.0  81.1  0.31778E+12 -0.10000E+01  0.90750E+11  0.40000E+09  17.0
 135  7.00   65.3   90.00  0.80902E+10 253.1  -1.0 110.0  81.1  0.31979E+12 -0.10000E+01  0.91082E+11  0.40000E+09  17.0
 136  7.00   65.1   90.00  0.81021E+10 253.6  -1.0 110.0  81.1  0.32180E+12 -0.10000E+01  0.91401E+11  0.40000E+09  17.0
 137  7.00   65.0   90.00  0.81135E+10 253.6  -1.0 110.0  81.1  0.32357E+12 -0.10000E+01  0.91708E+11  0.40000E+09  17.0
 138  7.00   64.8   90.00  0.81244E+10 253.6  -1.0 110.0  81.1  0.32320E+12 -0.10000E+01  0.92003E+11  0.40000E+09  17.0
 139  7.00   64.7   90.00  0.81348E+10 253.6  -1.0 110.0  81.1  0.32424E+12 -0.10000E+01  0.92284E+11  0.40000E+09  17.0
 140  7.00   64.5   90.00  0.81446E+10 253.6  -1.0 110.0  81.1  0.32460E+12 -0.10000E+01  0.92553E+11  0.40000E+09  16.9
 141  7.00   64.4   90.00  0.81540E+10 253.6  -1.0 110.0  81.1  0.32530E+12 -0.10000E+01  0.92810E+11  0.40000E+09  16.9
 142  7.00   64.2   90.00  0.81629E+10 253.6  -1.0 110.0  81.1  0.32600E+12 -0.10000E+01  0.93053E+11  0.40000E+09  16.9
 143  7.00   64.1   90.00  0.81713E+10 253.7  -1.0 110.0  81.1  0.32703E+12 -0.10000E+01  0.93285E+11  0.40000E+09  16.9
 144  7.00   64.0   90.00  0.81837E+10 253.7  -1.0 110.0  81.1  0.32741E+12 -0.10000E+01  0.93503E+11  0.40025E+09  16.9
 145  7.00   63.8   90.00  0.82637E+10 253.8  -1.0 110.0  81.1  0.32811E+12 -0.10000E+01  0.93710E+11  0.40428E+09  16.9
 146  7.00   63.7   90.00  0.83388E+10 253.8  -1.0 110.0  81.1  0.32882E+12 -0.10000E+01  0.93904E+11  0.40807E+09  16.9
 147  7.00   63.6   90.00  0.84092E+10 253.9  -1.0 110.0  81.1  0.32952E+12 -0.10000E+01  0.94086E+11  0.41162E+09  16.9
 148  7.00   63.5   90.00  0.84749E+10 254.0  -1.0 110.0  81.0  0.33023E+12 -0.10000E+01  0.94256E+11  0.41494E+09  16.9
 149  7.00   63.4   90.00  0.85360E+10 254.1  -1.0 110.0  81.0  0.33093E+12 -0.10000E+01  0.94414E+11  0.41801E+09  16.9
 150  7.00   63.3   90.00  0.85927E+10 254.2  -1.0 110.0  81.0  0.33164E+12 -0.10000E+01  0.94561E+11  0.42086E+09  16.8
 151  7.00   63.3   90.00  0.86449E+10 254.3  -1.0 110.0  81.0  0.33235E+12 -0.10000E+01  0.94695E+11  0.42349E+09  16.8
 152  7.00   63.2   90.00  0.86928E+10 254.4  -1.0 110.0  81.0  0.33306E+12 -0.10000E+01  0.94818E+11  0.42589E+09  16.8
 153  7.00   63.1   90.00  0.87365E+10 254.5  -1.0 110.0  81.0  0.33377E+12 -0.10000E+01  0.94929E+11  0.42807E+09  16.8
 154  7.00   63.0   90.00  0.87758E+10 254.7  -1.0 110.0  81.0  0.33448E+12 -0.10000E+01  0.95029E+11  0.43003E+09  16.8
 155  7.00   63.0   90.00  0.88111E+10 254.8  -1.0 110.0  81.0  0.33519E+12 -0.10000E+01  0.95118E+11  0.43179E+09  16.8
 156  7.00   62.9   90.00  0.88423E+10 255.0  -1.0 110.0  81.0  0.33590E+12 -0.10000E+01  0.95195E+11  0.43333E+09  16.8
 157  7.00   62.9   90.00  0.88695E+10 255.1  -1.0 110.0  81.0  0.33662E+12 -0.10000E+01  0.95262E+11  0.43467E+09  16.8
 158  7.00   62.9   90.00  0.88928E+10 255.3  -1.0 110.0  81.0  0.27325E+12 -0.10000E+01  0.95317E+11  0.43581E+09  16.8
 159  7.00   62.8   90.00  0.89121E+10 255.4  -1.0 110.0  81.0  0.33616E+12 -0.10000E+01  0.95362E+11  0.43675E+09  16.8
 160  7.00   62.8   90.00  0.89276E+10 255.6  -1.0 110.0  81.0  0.33876E+12 -0.10000E+01  0.95395E+11  0.43750E+09  16.8
 161  7.00   62.8   90.00  0.89393E+10 255.8  -1.0 110.0  81.0  0.33948E+12 -0.10000E+01  0.95419E+11  0.43805E+09  16.8
 162  7.00   62.7   90.00  0.89474E+10 256.0  -1.0 110.0  81.0  0.34019E+12 -0.10000E+01  0.95431E+11  0.43840E+09  16.8
 163  7.00   62.7   90.00  0.89517E+10 256.2  -1.0 110.0  81.0  0.34091E+12 -0.10000E+01  0.95433E+11  0.43858E+09  16.8
 164  7.00   62.7   90.00  0.89524E+10 256.4  -1.0 110.0  81.0  0.34163E+12 -0.10000E+01  0.95425E+11  0.43856E+09  16.8
 165  7.00   62.7   90.00  0.89495E+10 256.6  -1.0 110.0  81.0  0.34154E+12 -0.10000E+01  0.95407E+11  0.43836E+09  16.8
 166  7.00   62.7   90.00  0.89430E+10 256.9  -1.0 110.0  81.0  0.34307E+12 -0.10000E+01  0.95379E+11  0.43798E+09  16.8
 167  7.00   62.7   90.00  0.89331E+10 257.1  -1.0 110.0  81.0  0.31160E+12 -0.10000E+01  0.95341E+11  0.43743E+09  16.8
 168  7.00   62.8   90.00  0.89196E+10 256.8  -1.0 110.0  81.0  0.34224E+12 -0.10000E+01  0.95292E+11  0.43668E+09  16.8
 169  7.00   62.8   90.00  0.89026E+10 256.5  -1.0 110.0  81.0  0.34071E+12 -0.10000E+01  0.95234E+11  0.43577E+09  16.8
 170  7.00   62.8   90.00  0.88821E+10 256.2  -1.0 110.0  81.0  0.33917E+12 -0.10000E+01  0.95166E+11  0.43468E+09  16.8
 171  7.00   62.8   90.00  0.88583E+10 255.9  -1.0 110.0  81.0  0.33764E+12 -0.10000E+01  0.95089E+11  0.43341E+09  16.8
 172  7.00   62.9   90.00  0.88312E+10 255.7  -1.0 110.0  81.0  0.33611E+12 -0.10000E+01  0.95002E+11  0.43198E+09  16.8
 173  7.00   62.9   90.00  0.88007E+10 255.4  -1.0 110.0  81.0  0.33459E+12 -0.10000E+01  0.94907E+11  0.43038E+09  16.8
 174  7.00   63.0   90.00  0.87670E+10 255.1  -1.0 110.0  81.0  0.33307E+12 -0.10000E+01  0.94801E+11  0.42861E+09  16.8
 175  7.00   63.0   90.00  0.87299E+10 254.8  -1.0 110.0  81.0  0.32852E+12 -0.10000E+01  0.94687E+11  0.42667E+09  16.8
 176  7.00   63.1   90.00  0.86895E+10 254.6  -1.0 110.0  81.0  0.32797E+12 -0.10000E+01  0.94564E+11  0.42457E+09  16.8
 177  7.00   63.1   90.00  0.86460E+10 254.3  -1.0 110.0  81.0  0.32853E+12 -0.10000E+01  0.94432E+11  0.42230E+09  16.8
 178  7.00   63.2   90.00  0.85991E+10 254.1  -1.0 110.0  81.0  0.32702E+12 -0.10000E+01  0.94292E+11  0.41988E+09  16.8
 179  7.00   63.3   90.00  0.85490E+10 253.8  -1.0 110.0  81.0  0.32499E+12 -0.10000E+01  0.94142E+11  0.41728E+09  16.8
 180  7.00   63.3   90.00  0.84958E+10 253.6  -1.0 110.0  81.0  0.32401E+12 -0.10000E+01  0.93985E+11  0.41453E+09  16.8
 181  7.00   63.4   90.00  0.84393E+10 253.4  -1.0 110.0  81.0  0.32252E+12 -0.10000E+01  0.93818E+11  0.41162E+09  16.8
 182  7.00   63.5   90.00  0.83796E+10 253.1  -1.0 110.0  81.0  0.32102E+12 -0.10000E+01  0.93644E+11  0.40854E+09  16.8
 183  7.00   63.6   90.00  0.83167E+10 252.9  -1.0 110.0  81.0  0.31953E+12 -0.10000E+01  0.93461E+11  0.40531E+09  16.8
 184  7.00   63.7   90.00  0.82507E+10 252.7  -1.0 110.0  81.0  0.31805E+12 -0.10000E+01  0.93269E+11  0.40192E+09  16.8
 185  7.00   63.8   90.00  0.82108E+10 252.5  -1.0 110.0  81.0  0.31657E+12 -0.10000E+01  0.93070E+11  0.40000E+09  16.8
 186  7.00   63.9   90.00  0.82052E+10 252.3  -1.0 110.0  81.0  0.31509E+12 -0.10000E+01  0.92863E+11  0.40000E+09  16.8
 187  7.00   64.0   90.00  0.81992E+10 252.1  -1.0 110.0  81.0  0.31361E+12 -0.10000E+01  0.92647E+11  0.40000E+09  16.8
 188  7.00   64.1   90.00  0.81929E+10 251.9  -1.0 110.0  81.0  0.31214E+12 -0.10000E+01  0.92424E+11  0.40000E+09  16.8
 189  7.00   64.2   90.00  0.81862E+10 251.7  -1.0 110.0  81.0  0.31067E+12 -0.10000E+01  0.92193E+11  0.40000E+09  16.9
 190  7.00   64.3   90.00  0.81792E+10 251.5  -1.0 110.0  81.0  0.29016E+12 -0.10000E+01  0.91954E+11  0.40000E+09  16.9
 191  7.00   64.4   90.00  0.81719E+10 251.3  -1.0 110.0  81.1  0.30157E+12 -0.10000E+01  0.91708E+11  0.40000E+09  16.9
 192  7.00   64.6   90.00  0.81641E+10 251.1  -1.0 110.0  81.1  0.30628E+12 -0.10000E+01  0.91454E+11  0.40000E+09  16.9
 193  7.00   64.7   90.00  0.81560E+10 251.0  -1.0 110.0  81.1  0.30483E+12 -0.10000E+01  0.91192E+11  0.40000E+09  16.9
 194  7.00   64.8   90.00  0.81476E+10 250.8  -1.0 110.0  81.1  0.30308E+12 -0.10000E+01  0.90923E+11  0.40000E+09  16.9
 195  7.00   65.0   90.00  0.81388E+10 250.6  -1.0 110.0  81.1  0.30165E+12 -0.10000E+01  0.90646E+11  0.40000E+09  16.9
 196  7.00   65.1   90.00  0.81295E+10 250.5  -1.0 110.0  81.1  0.30048E+12 -0.10000E+01  0.90362E+11  0.40000E+09  16.9
 197  7.00   65.2   90.00  0.81200E+10 250.3  -1.0 110.0  81.1  0.29904E+12 -0.10000E+01  0.90071E+11  0.40000E+09  16.9
 198  7.00   65.4   90.00  0.81100E+10 250.0  -1.0 110.0  81.1  0.29837E+12 -0.10000E+01  0.89773E+11  0.40000E+09  16.9
 199  7.00   65.5   90.00  0.80996E+10 249.6  -1.0 110.0  81.1  0.29769E+12 -0.10000E+01  0.89468E+11  0.40000E+09  17.0
 200  7.00   65.7   90.00  0.80888E+10 249.3  -1.0 110.0  81.1  0.29702E+12 -0.10000E+01  0.89155E+11  0.40000E+09  17.0
 201  7.00   65.8   90.00  0.80776E+10 249.0  -1.0 110.0  81.1  0.29634E+12 -0.10000E+01  0.88836E+11  0.40000E+09  17.0
 202  7.00   66.0   90.00  0.80659E+10 248.7  -1.0 110.0  81.1  0.29582E+12 -0.10000E+01  0.88509E+11  0.40000E+09  17.0
 203  7.00   66.2   90.00  0.80538E+10 248.3  -1.0 110.0  81.1  0.29500E+12 -0.10000E+01  0.88176E+11  0.40000E+09  17.0
 204  7.00   66.3   90.00  0.80412E+10 248.0  -1.0 110.0  81.1  0.29433E+12 -0.10000E+01  0.87835E+11  0.40000E+09  17.0
 205  7.00   66.5   90.00  0.80283E+10 247.7  -1.0 110.0  81.1  0.29366E+12 -0.10000E+01  0.87488E+11  0.40000E+09  17.1
 206  7.00   66.7   90.00  0.80148E+10 247.4  -1.0 110.0  81.1  0.29299E+12 -0.10000E+01  0.87134E+11  0.40000E+09  17.1
 207  7.00   66.8   90.00  0.80009E+10 247.1  -1.0 110.0  81.1  0.28874E+12 -0.10000E+01  0.86772E+11  0.40000E+09  17.1
 208  7.00   67.0   90.00  0.79865E+10 246.9  -1.0 110.0  81.1  0.29245E+12 -0.10000E+01  0.86405E+11  0.40000E+09  17.1
 209  7.00   67.2   90.00  0.79716E+10 246.6  -1.0 110.0  81.1  0.29098E+12 -0.10000E+01  0.86030E+11  0.40000E+09  17.1
 210  7.00   67.4   90.00  0.79562E+10 246.3  -1.0 110.0  81.1  0.29032E+12 -0.10000E+01  0.85649E+11  0.40000E+09  17.2
 211  7.00   67.6   90.00  0.79404E+10 246.1  -1.0 110.0  81.1  0.29218E+12 -0.10000E+01  0.85261E+11  0.40000E+09  17.2
 212  7.00   67.8   90.00  0.79240E+10 245.8  -1.0 110.0  81.1  0.28899E+12 -0.10000E+01  0.84866E+11  0.40000E+09  17.2
 213  7.00   67.9   90.00  0.79072E+10 245.6  -1.0 110.0  81.1  0.28832E+12 -0.10000E+01  0.84465E+11  0.40000E+09  17.2
 214  7.00   68.1   90.00  0.78897E+10 245.3  -1.0 110.0  81.1  0.28766E+12 -0.10000E+01  0.84057E+11  0.40000E+09  17.3
 215  7.00   68.3   90.00  0.78718E+10 245.1  -1.0 110.0  81.1  0.28700E+12 -0.10000E+01  0.83643E+11  0.40000E+09  17.3
 216  7.00   68.5   90.00  0.78534E+10 244.9  -1.0 110.0  81.1  0.26838E+12 -0.10000E+01  0.83222E+11  0.40000E+09  17.3
 217  7.00   68.7   90.00  0.78344E+10 244.6  -1.0 110.0  81.1  0.26421E+12 -0.10000E+01  0.82795E+11  0.40000E+09  17.3
 218  7.00   68.9   90.00  0.78149E+10 244.4  -1.0 110.0  81.1  0.28830E+12 -0.10000E+01  0.82361E+11  0.40000E+09  17.4
 219  7.00   69.1   90.00  0.77947E+10 244.2  -1.0 110.0  81.1  0.28684E+12 -0.10000E+01  0.81921E+11  0.40000E+09  17.4
 220  7.00   69.3   90.00  0.77741E+10 244.0  -1.0 110.0  81.2  0.28498E+12 -0.10000E+01  0.81475E+11  0.40000E+09  17.4
 221  7.00   69.5   90.00  0.77529E+10 243.8  -1.0 110.0  81.2  0.28304E+12 -0.10000E+01  0.81022E+11  0.40000E+09  17.5
 222  7.00   69.7   90.00  0.77312E+10 243.6  -1.0 110.0  81.2  0.28238E+12 -0.10000E+01  0.80563E+11  0.40000E+09  17.5
 223  7.00   70.0   90.00  0.77089E+10 243.4  -1.0 110.0  81.2  0.28350E+12 -0.10000E+01  0.80098E+11  0.40000E+09  17.5
 224  7.00   70.2   90.00  0.76860E+10 243.2  -1.0 110.0  81.2  0.28161E+12 -0.10000E+01  0.79626E+11  0.40000E+09  17.6
 225  7.00   70.4   90.00  0.76625E+10 243.0  -1.0 110.0  81.2  0.28041E+12 -0.10000E+01  0.79148E+11  0.40000E+09  17.6
 226  7.00   70.6   90.00  0.76384E+10 242.9  -1.0 110.0  81.2  0.27976E+12 -0.10000E+01  0.78663E+11  0.40000E+09  17.7
 227  7.00   70.8   90.00  0.76138E+10 242.7  -1.0 110.0  81.2  0.27910E+12 -0.10000E+01  0.78172E+11  0.40000E+09  17.7
 228  7.00   71.0   90.00  0.75886E+10 242.5  -1.0 110.0  81.2  0.27845E+12 -0.10000E+01  0.77675E+11  0.40000E+09  17.7
 229  7.00   71.3   90.00  0.75628E+10 242.3  -1.0 110.0  81.2  0.27692E+12 -0.10000E+01  0.77172E+11  0.40000E+09  17.8
 230  7.00   71.5   90.00  0.75363E+10 242.1  -1.0 110.0  81.2  0.27539E+12 -0.10000E+01  0.76663E+11  0.40000E+09  17.8
 231  7.00   71.7   90.00  0.75094E+10 241.9  -1.0 110.0  81.2  0.27386E+12 -0.10000E+01  0.76148E+11  0.40000E+09  17.9
 232  7.00   71.9   90.00  0.74818E+10 241.7  -1.0 110.0  81.2  0.27234E+12 -0.10000E+01  0.75626E+11  0.40000E+09  17.9
 233  7.00   72.2   90.00  0.74536E+10 241.5  -1.0 110.0  81.2  0.27082E+12 -0.10000E+01  0.75097E+11  0.40000E+09  18.0
 234  7.00   72.4   90.00  0.74248E+10 241.4  -1.0 110.0  81.2  0.26931E+12 -0.10000E+01  0.74562E+11  0.40000E+09  18.0
 235  7.00   72.6   90.00  0.73953E+10 241.2  -1.0 110.0  81.3  0.26780E+12 -0.10000E+01  0.74021E+11  0.40000E+09  18.1
 236  7.00   72.8   90.00  0.73653E+10 241.0  -1.0 110.0  81.3  0.26630E+12 -0.10000E+01  0.73473E+11  0.40000E+09  18.1
 237  7.00   73.1   90.00  0.73346E+10 240.9  -1.0 110.0  81.3  0.25083E+12 -0.10000E+01  0.72918E+11  0.40000E+09  18.2
 238  7.00   73.3   90.00  0.73034E+10 240.7  -1.0 110.0  81.3  0.26417E+12 -0.10000E+01  0.72357E+11  0.40000E+09  18.2
 239  7.00   73.6   90.00  0.72715E+10 240.6  -1.0 110.0  81.3  0.26181E+12 -0.10000E+01  0.71789E+11  0.40000E+09  18.3
 240  7.00   73.8   90.00  0.72389E+10 240.5  -1.0 110.0  81.3  0.26032E+12 -0.10000E+01  0.71214E+11  0.40000E+09  18.4
 241  7.00   74.0   90.00  0.72058E+10 240.3  -1.0 110.0  81.3  0.25884E+12 -0.10000E+01  0.70632E+11  0.40000E+09  18.4
 242  7.00   74.3   90.00  0.71720E+10 240.2  -1.0 110.0  81.3  0.25736E+12 -0.10000E+01  0.70043E+11  0.40000E+09  18.5
 243  7.00   74.5   90.00  0.71376E+10 240.1  -1.0 110.0  81.3  0.25589E+12 -0.10000E+01  0.69447E+11  0.40000E+09  18.5
 244  7.00   74.7   90.00  0.71026E+10 240.0  -1.0 110.0  81.3  0.25547E+12 -0.10000E+01  0.68844E+11  0.40000E+09  18.6
 245  7.00   75.0   90.00  0.70669E+10 239.9  -1.0 110.0  81.4  0.25295E+12 -0.10000E+01  0.68234E+11  0.40000E+09  18.7
 246  7.00   75.2   90.00  0.70306E+10 239.8  -1.0 110.0  81.4  0.21318E+12 -0.10000E+01  0.67616E+11  0.40000E+09  18.7
 247  7.00   75.5   90.00  0.69936E+10 239.8  -1.0 110.0  81.4  0.21193E+12 -0.10000E+01  0.66991E+11  0.40000E+09  18.8
 248  7.00   75.7   90.00  0.69560E+10 239.7  -1.0 110.0  81.4  0.21555E+12 -0.10000E+01  0.66358E+11  0.40000E+09  18.9
 249  7.00   76.0   90.00  0.69177E+10 239.7  -1.0 110.0  81.4  0.23338E+12 -0.10000E+01  0.65718E+11  0.40000E+09  19.0
 250  7.00   76.2   90.00  0.68788E+10 239.6  -1.0 110.0  81.4  0.24446E+12 -0.10000E+01  0.65070E+11  0.40000E+09  19.0
 251  7.00   76.5   90.00  0.68392E+10 239.6  -1.0 110.0  81.4  0.24430E+12 -0.10000E+01  0.64414E+11  0.40000E+09  19.1
 252  7.00   76.7   90.00  0.67990E+10 239.5  -1.0 110.0  81.4  0.24281E+12 -0.10000E+01  0.63750E+11  0.40000E+09  19.2
 253  7.00   77.0   90.00  0.67581E+10 239.5  -1.0 110.0  81.5  0.24137E+12 -0.10000E+01  0.63078E+11  0.40000E+09  19.3
 254  7.00   77.2   90.00  0.67165E+10 239.5  -1.0 110.0  81.5  0.23995E+12 -0.10000E+01  0.62398E+11  0.40000E+09  19.3
 255  7.00   77.5   90.00  0.66743E+10 239.5  -1.0 110.0  81.5  0.23852E+12 -0.10000E+01  0.61709E+11  0.40000E+09  19.4
 256  7.00   77.7   90.00  0.66313E+10 239.5  -1.0 110.0  81.5  0.23710E+12 -0.10000E+01  0.61012E+11  0.40000E+09  19.5
 257  7.00   78.0   90.00  0.65877E+10 239.6  -1.0 110.0  81.5  0.23569E+12 -0.10000E+01  0.60306E+11  0.40000E+09  19.6
 258  7.00   78.3   90.00  0.65434E+10 239.6  -1.0 110.0  81.5  0.23428E+12 -0.10000E+01  0.59591E+11  0.40000E+09  19.7
 259  7.00   78.5   90.00  0.64985E+10 239.6  -1.0 110.0  81.5  0.23287E+12 -0.10000E+01  0.58868E+11  0.40000E+09  19.8
 260  7.00   78.8   90.00  0.64529E+10 240.1  -1.0 110.0  81.6  0.23275E+12 -0.10000E+01  0.58140E+11  0.40000E+09  19.9
 261  7.00   79.0   90.00  0.64065E+10 240.5  -1.0 110.0  81.6  0.23263E+12 -0.10000E+01  0.57402E+11  0.40000E+09  20.0
 262  7.00   79.3   90.00  0.63595E+10 240.9  -1.0 110.0  81.6  0.23252E+12 -0.10000E+01  0.56655E+11  0.40000E+09  20.1
 263  7.00   79.6   90.00  0.63119E+10 241.4  -1.0 110.0  81.6  0.23240E+12 -0.10000E+01  0.55899E+11  0.40000E+09  20.2
 264  7.00   79.8   90.00  0.62635E+10 241.8  -1.0 110.0  81.6  0.23174E+12 -0.10000E+01  0.55134E+11  0.40000E+09  20.3
 265  7.00   80.1   90.00  0.62144E+10 242.3  -1.0 110.0  81.6  0.23161E+12 -0.10000E+01  0.54360E+11  0.40000E+09  20.4
 266  7.00   80.3   90.00  0.61646E+10 242.7  -1.0 110.0  81.7  0.23205E+12 -0.10000E+01  0.53576E+11  0.40000E+09  20.5
 267  7.00   80.6   90.00  0.61141E+10 243.1  -1.0 110.0  81.7  0.23193E+12 -0.10000E+01  0.52782E+11  0.40000E+09  20.6
 268  7.00   80.9   90.00  0.60629E+10 243.6  -1.0 110.0  81.7  0.23181E+12 -0.10000E+01  0.51980E+11  0.40000E+09  20.7
 269  7.00   81.1   90.00  0.60110E+10 244.0  -1.0 110.0  81.7  0.23170E+12 -0.10000E+01  0.51168E+11  0.40000E+09  20.8
 270  7.00   81.4   90.00  0.59585E+10 244.5  -1.0 110.0  81.7  0.22489E+12 -0.10000E+01  0.50346E+11  0.40000E+09  20.9
 271  7.00   81.7   90.00  0.59052E+10 245.0  -1.0 110.0  81.8  0.22255E+12 -0.10000E+01  0.49516E+11  0.40000E+09  21.1
 272  7.00   81.9   90.00  0.58512E+10 245.4  -1.0 110.0  81.8  0.20556E+12 -0.10000E+01  0.48677E+11  0.40000E+09  21.2
 273  7.00   82.2   90.00  0.57966E+10 245.9  -1.0 110.0  81.8  0.19779E+12 -0.10000E+01  0.47828E+11  0.40000E+09  21.3
 274  7.00   82.5   90.00  0.57413E+10 246.3  -1.0 110.0  81.8  0.20927E+12 -0.10000E+01  0.46971E+11  0.40000E+09  21.4
 275  7.00   82.8   90.00  0.56853E+10 246.8  -1.0 110.0  81.8  0.23099E+12 -0.10000E+01  0.46106E+11  0.40000E+09  21.6
 276  7.00   83.0   90.00  0.56287E+10 247.2  -1.0 110.0  81.9  0.23088E+12 -0.10000E+01  0.45232E+11  0.40000E+09  21.7
 277  7.00   83.3   90.00  0.55714E+10 247.7  -1.0 110.0  81.9  0.23076E+12 -0.10000E+01  0.44351E+11  0.40000E+09  21.8
 278  7.00   83.6   90.00  0.55135E+10 248.2  -1.0 110.0  81.9  0.23064E+12 -0.10000E+01  0.43462E+11  0.40000E+09  22.0
 279  7.00   83.8   90.00  0.54549E+10 248.6  -1.0 110.0  81.9  0.23053E+12 -0.10000E+01  0.42566E+11  0.40000E+09  22.1
 280  7.00   84.1   90.00  0.53958E+10 249.1  -1.0 110.0  81.9  0.23041E+12 -0.10000E+01  0.41664E+11  0.40000E+09  22.3
 281  7.00   84.4   90.00  0.53361E+10 249.5  -1.0 110.0  82.0  0.23029E+12 -0.10000E+01  0.40756E+11  0.40000E+09  22.4
 282  7.00   84.7   90.00  0.52757E+10 250.0  -1.0 110.0  82.0  0.23017E+12 -0.10000E+01  0.39842E+11  0.40000E+09  22.6
 283  7.00   84.9   90.00  0.52149E+10 250.4  -1.0 110.0  82.0  0.23006E+12 -0.10000E+01  0.38924E+11  0.40000E+09  22.7
 284  7.00   85.2   90.00  0.51535E+10 250.9  -1.0 110.0  82.0  0.22994E+12 -0.10000E+01  0.38002E+11  0.40000E+09  22.9
 285  7.00   85.5   90.00  0.50916E+10 251.3  -1.0 110.0  82.1  0.22982E+12 -0.10000E+01  0.37077E+11  0.40000E+09  23.0
 286  7.00   85.7   90.00  0.50292E+10 251.8  -1.0 110.0  82.1  0.22971E+12 -0.10000E+01  0.36150E+11  0.40000E+09  23.2
 287  7.00   86.0   90.00  0.49664E+10 252.2  -1.0 110.0  82.1  0.22959E+12 -0.10000E+01  0.35222E+11  0.40000E+09  23.4
 288  7.00   86.3   90.00  0.49032E+10 252.7  -1.0 110.0  82.2  0.22947E+12 -0.10000E+01  0.34294E+11  0.40000E+09  23.5
 289  7.00   86.6   90.00  0.48395E+10 253.1  -1.0 110.0  82.2  0.22936E+12 -0.10000E+01  0.33366E+11  0.40000E+09  23.7
 290  7.00   86.8   90.00  0.47755E+10 253.6  -1.0 110.0  82.2  0.22731E+12 -0.10000E+01  0.32441E+11  0.40000E+09  23.9
 291  7.00   87.1   90.00  0.47112E+10 254.1  -1.0 110.0  82.2  0.22528E+12 -0.10000E+01  0.31519E+11  0.40000E+09  24.0
 292  7.00   87.4   90.00  0.46466E+10 254.6  -1.0 110.0  82.3  0.22325E+12 -0.10000E+01  0.30601E+11  0.40000E+09  24.2
 293  7.00   87.6   90.00  0.45818E+10 255.1  -1.0 110.0  82.3  0.22124E+12 -0.10000E+01  0.29689E+11  0.40000E+09  24.4
 294  7.00   87.9   90.00  0.45169E+10 255.6  -1.0 110.0  82.3  0.21923E+12 -0.10000E+01  0.28784E+11  0.40000E+09  24.6
 295  7.00   88.2   90.00  0.44517E+10 256.2  -1.0 110.0  82.4  0.21723E+12 -0.10000E+01  0.27888E+11  0.40000E+09  24.8
 296  7.00   88.4   90.00  0.43865E+10 256.7  -1.0 110.0  82.4  0.21525E+12 -0.10000E+01  0.27001E+11  0.40000E+09  25.0
 297  7.00   88.7   90.00  0.43212E+10 257.2  -1.0 110.0  82.4  0.21327E+12 -0.10000E+01  0.26125E+11  0.40000E+09  25.2
 298  7.00   89.0   90.00  0.42559E+10 257.7  -1.0 110.0  82.5  0.21130E+12 -0.10000E+01  0.25262E+11  0.40000E+09  25.4
 299  7.00   89.2   90.00  0.41907E+10 258.2  -1.0 110.0  82.5  0.20934E+12 -0.10000E+01  0.24412E+11  0.40000E+09  25.6
 300  7.00   89.5   90.00  0.41255E+10 258.7  -1.0 110.0  82.5  0.20738E+12 -0.10000E+01  0.23576E+11  0.40000E+09  25.8
 301  7.00   89.8   90.00  0.40606E+10 259.3  -1.0 110.0  82.6  0.20544E+12 -0.10000E+01  0.22756E+11  0.40000E+09  26.0
 302  7.00   90.0   90.00  0.39958E+10 259.8  -1.0 110.0  82.6  0.20351E+12 -0.10000E+01  0.21953E+11  0.40000E+09  26.2
 303  7.00   90.3   90.00  0.39314E+10 260.3  -1.0 110.0  82.6  0.20158E+12 -0.10000E+01  0.21168E+11  0.40000E+09  26.4
 304  7.00   90.5   90.00  0.38672E+10 260.8  -1.0 110.0  82.7  0.19967E+12 -0.10000E+01  0.20401E+11  0.40000E+09  26.6
 305  7.00   90.8   90.00  0.38034E+10 261.3  -1.0 110.0  82.7  0.19776E+12 -0.10000E+01  0.19654E+11  0.40000E+09  26.9
 306  7.00   91.1   90.00  0.37400E+10 261.7  -1.0 110.0  82.7  0.19586E+12 -0.10000E+01  0.18927E+11  0.40000E+09  27.1
 307  7.00   91.3   90.00  0.36772E+10 262.2  -1.0 110.0  82.8  0.19398E+12 -0.10000E+01  0.18221E+11  0.40000E+09  27.3
 308  7.00   91.6   90.00  0.36148E+10 262.7  -1.0 110.0  82.8  0.19210E+12 -0.10000E+01  0.17535E+11  0.40000E+09  27.5
 309  7.00   91.8   90.00  0.35531E+10 263.2  -1.0 110.0  82.8  0.19023E+12 -0.10000E+01  0.16872E+11  0.40000E+09  27.8
 310  7.00   92.1   90.00  0.34920E+10 263.6  -1.0 110.0  82.9  0.18837E+12 -0.10000E+01  0.16230E+11  0.40000E+09  28.0
 311  7.00   92.3   90.00  0.34315E+10 264.0  -1.0 110.0  82.9  0.18652E+12 -0.10000E+01  0.15610E+11  0.40000E+09  28.2
 312  7.00   92.6   90.00  0.33718E+10 264.5  -1.0 110.0  83.0  0.18467E+12 -0.10000E+01  0.15011E+11  0.40000E+09  28.5
 313  7.00   92.8   90.00  0.33129E+10 264.9  -1.0 110.0  83.0  0.18284E+12 -0.10000E+01  0.14435E+11  0.40000E+09  28.7
 314  7.00   93.0   90.00  0.32548E+10 265.3  -1.0 110.0  83.0  0.18102E+12 -0.10000E+01  0.13881E+11  0.40000E+09  28.9
 315  7.00   93.3   90.00  0.31798E+10 265.7  -1.0 110.0  83.1  0.17920E+12 -0.10000E+01  0.13348E+11  0.40000E+09  29.2
 316  7.00   93.5   90.00  0.30896E+10 266.1  -1.0 110.0  83.1  0.17740E+12 -0.10000E+01  0.12837E+11  0.40000E+09  29.4
 317  7.00   93.7   90.00  0.30028E+10 266.5  -1.0 110.0  83.1  0.17560E+12 -0.10000E+01  0.12347E+11  0.40000E+09  29.7
 318  7.00   94.0   90.00  0.29192E+10 266.9  -1.0 110.0  83.2  0.17381E+12 -0.10000E+01  0.11877E+11  0.40000E+09  29.9
 319  7.00   94.2   90.00  0.28389E+10 267.3  -1.0 110.0  83.2  0.17203E+12 -0.10000E+01  0.11428E+11  0.40000E+09  30.2
 320  7.00   94.4   90.00  0.27618E+10 267.6  -1.0 110.0  83.3  0.17027E+12 -0.10000E+01  0.10998E+11  0.40000E+09  30.4
 321  7.00   94.7   90.00  0.26880E+10 268.0  -1.0 110.0  83.3  0.16801E+12 -0.10000E+01  0.10589E+11  0.40000E+09  30.7
 322  7.00   94.9   90.00  0.26171E+10 268.4  -1.0 110.0  83.3  0.16577E+12 -0.10000E+01  0.10198E+11  0.40000E+09  30.9
 323  7.00   95.1   90.00  0.25493E+10 268.8  -1.0 110.0  83.4  0.16354E+12 -0.10000E+01  0.98253E+10  0.40000E+09  31.2
 324  7.00   95.3   90.00  0.24844E+10 269.2  -1.0 110.0  83.4  0.16133E+12 -0.10000E+01  0.94702E+10  0.40000E+09  31.4
 325  7.00   95.5   90.00  0.24223E+10 269.6  -1.0 110.0  83.5  0.15913E+12 -0.10000E+01  0.91321E+10  0.40000E+09  31.7
 326  7.00   95.7   90.00  0.23630E+10 269.9  -1.0 110.0  83.5  0.15695E+12 -0.10000E+01  0.88104E+10  0.40000E+09  31.9
 327  7.00   95.9   90.00  0.23063E+10 270.3  -1.0 110.0  83.5  0.15478E+12 -0.10000E+01  0.85045E+10  0.40000E+09  32.2
 328  7.00   96.1   90.00  0.22523E+10 270.6  -1.0 110.0  83.6  0.15263E+12 -0.10000E+01  0.82139E+10  0.40000E+09  32.4
 329  7.00   96.3   90.00  0.22008E+10 271.0  -1.0 110.0  83.6  0.15049E+12 -0.10000E+01  0.79379E+10  0.40000E+09  32.6
 330  7.00   96.5   90.00  0.21517E+10 271.3  -1.0 110.0  83.6  0.14837E+12 -0.10000E+01  0.76761E+10  0.40000E+09  32.9
 331  7.00   96.7   90.00  0.21050E+10 271.6  -1.0 110.0  83.7  0.14626E+12 -0.10000E+01  0.74278E+10  0.40000E+09  33.1
 332  7.00   96.9   90.00  0.20605E+10 271.9  -1.0 110.0  83.7  0.14417E+12 -0.10000E+01  0.71924E+10  0.40000E+09  33.4
 333  7.00   97.1   90.00  0.20183E+10 272.2  -1.0 110.0  83.8  0.14209E+12 -0.10000E+01  0.69696E+10  0.40000E+09  33.6
 334  7.00   97.2   90.00  0.19782E+10 272.5  -1.0 110.0  83.8  0.14003E+12 -0.10000E+01  0.67586E+10  0.40000E+09  33.8
 335  7.00   97.4   90.00  0.19401E+10 272.8  -1.0 110.0  83.8  0.13799E+12 -0.10000E+01  0.65591E+10  0.40000E+09  34.0
 336  7.00   97.6   90.00  0.19041E+10 273.1  -1.0 110.0  83.9  0.13595E+12 -0.10000E+01  0.63705E+10  0.40000E+09  34.3
 337  7.00   97.8   90.00  0.18699E+10 273.4  -1.0 110.0  83.9  0.13394E+12 -0.10000E+01  0.61925E+10  0.40000E+09  34.5
 338  7.00   97.9   90.00  0.18376E+10 273.6  -1.0 110.0  83.9  0.13194E+12 -0.10000E+01  0.60243E+10  0.40000E+09  34.7
 339  7.00   98.1   90.00  0.18071E+10 273.9  -1.0 110.0  84.0  0.12995E+12 -0.10000E+01  0.58658E+10  0.40000E+09  34.9
 340  7.00   98.2   90.00  0.17782E+10 274.1  -1.0 110.0  84.0  0.12798E+12 -0.10000E+01  0.57164E+10  0.40000E+09  35.1
 341  7.00   98.4   90.00  0.17510E+10 274.4  -1.0 110.0  84.0  0.12602E+12 -0.10000E+01  0.55758E+10  0.40000E+09  35.3
 342  7.00   98.5   90.00  0.17254E+10 274.6  -1.0 110.0  84.0  0.12408E+12 -0.10000E+01  0.54436E+10  0.40000E+09  35.5
 343  7.00   98.6   90.00  0.17013E+10 274.8  -1.0 110.0  84.1  0.12216E+12 -0.10000E+01  0.53195E+10  0.40000E+09  35.7
 344  7.00   98.8   90.00  0.16787E+10 275.0  -1.0 110.0  84.1  0.12025E+12 -0.10000E+01  0.52030E+10  0.40000E+09  35.9
 345  7.00   98.9   90.00  0.16575E+10 275.2  -1.0 110.0  84.1  0.11835E+12 -0.10000E+01  0.50940E+10  0.40000E+09  36.1
 346  7.00   99.0   90.00  0.16376E+10 275.4  -1.0 110.0  84.2  0.11647E+12 -0.10000E+01  0.49919E+10  0.40000E+09  36.2
 347  7.00   99.1   90.00  0.16190E+10 275.6  -1.0 110.0  84.2  0.11460E+12 -0.10000E+01  0.48966E+10  0.40000E+09  36.4
 348  7.00   99.2   90.00  0.16018E+10 275.8  -1.0 110.0  84.2  0.11275E+12 -0.10000E+01  0.48078E+10  0.40000E+09  36.6
 349  7.00   99.3   90.00  0.15857E+10 276.0  -1.0 110.0  84.2  0.11092E+12 -0.10000E+01  0.47253E+10  0.40000E+09  36.7
 350  7.00   99.4   90.00  0.15708E+10 276.2  -1.0 110.0  84.2  0.10910E+12 -0.10000E+01  0.46488E+10  0.40000E+09  36.8
 351  7.00   99.5   90.00  0.15570E+10 276.2  -1.0 110.0  84.3  0.10892E+12 -0.10000E+01  0.45783E+10  0.40000E+09  37.0
 352  7.00   99.6   90.00  0.15444E+10 276.2  -1.0 110.0  84.3  0.10875E+12 -0.10000E+01  0.45134E+10  0.40000E+09  37.1
 353  7.00   99.7   90.00  0.15328E+10 276.3  -1.0 110.0  84.3  0.10858E+12 -0.10000E+01  0.44541E+10  0.40000E+09  37.2
 354  7.00   99.8   90.00  0.15223E+10 276.3  -1.0 110.0  84.3  0.10840E+12 -0.10000E+01  0.43998E+10  0.40000E+09  37.3
 355  7.00   99.8   90.00  0.15128E+10 276.3  -1.0 110.0  84.3  0.10823E+12 -0.10000E+01  0.43506E+10  0.40000E+09  37.4
 356  7.00   99.9   90.00  0.15042E+10 276.3  -1.0 110.0  84.3  0.10806E+12 -0.10000E+01  0.43064E+10  0.40000E+09  37.5
 357  7.00  100.0   90.00  0.14966E+10 276.3  -1.0 110.0  84.4  0.10789E+12 -0.10000E+01  0.42670E+10  0.40000E+09  37.6
 358  7.00  100.0   90.00  0.14899E+10 276.3  -1.0 110.0  84.4  0.10772E+12 -0.10000E+01  0.42323E+10  0.40000E+09  37.7
 359  7.00  100.1   90.00  0.14842E+10 276.2  -1.0 110.0  84.4  0.10754E+12 -0.10000E+01  0.42021E+10  0.40000E+09  37.7
 360  7.00  100.1   90.00  0.14793E+10 276.2  -1.0 110.0  84.4  0.10737E+12 -0.10000E+01  0.41766E+10  0.40000E+09  37.8
 361  7.00  100.1   90.00  0.14753E+10 276.2  -1.0 110.0  84.4  0.10720E+12 -0.10000E+01  0.41554E+10  0.40000E+09  37.8
 362  7.00  100.1   90.00  0.14722E+10 276.1  -1.0 110.0  84.4  0.10703E+12 -0.10000E+01  0.41386E+10  0.40000E+09  37.9
 363  7.00  100.2   90.00  0.14700E+10 276.1  -1.0 110.0  84.4  0.10686E+12 -0.10000E+01  0.41264E+10  0.40000E+09  37.9
 364  7.00  100.2   90.00  0.14686E+10 276.0  -1.0 110.0  84.4  0.10669E+12 -0.10000E+01  0.41184E+10  0.40000E+09  37.9
 365  7.00  100.2   90.00  0.14681E+10 276.0  -1.0 110.0  84.4  0.10652E+12 -0.10000E+01  0.41149E+10  0.40000E+09  37.9
