   1 18.00  107.5  100.00  0.20455E+10 276.3  -1.0 110.0  85.8  0.13559E+12 -0.10000E+01  0.20918E+10  0.40000E+09  48.2
   2 18.00  107.3  100.00  0.20459E+10 276.1  -1.0 110.0  85.8  0.13661E+12 -0.10000E+01  0.20920E+10  0.40000E+09  48.0
   3 18.00  107.2  100.00  0.20463E+10 275.8  -1.0 110.0  85.8  0.13764E+12 -0.10000E+01  0.20921E+10  0.40000E+09  47.8
   4 18.00  107.0  100.00  0.20468E+10 275.5  -1.0 110.0  85.8  0.13868E+12 -0.10000E+01  0.20923E+10  0.40000E+09  47.6
   5 18.00  106.9  100.00  0.20472E+10 275.3  -1.0 110.0  85.7  0.13972E+12 -0.10000E+01  0.20924E+10  0.40000E+09  47.4
   6 18.00  106.7  100.00  0.20477E+10 275.0  -1.0 110.0  85.7  0.14076E+12 -0.10000E+01  0.20925E+10  0.40000E+09  47.2
   7 18.00  106.5  100.00  0.20482E+10 274.7  -1.0 110.0  85.7  0.14181E+12 -0.10000E+01  0.20927E+10  0.40000E+09  47.0
   8 18.00  106.4  100.00  0.20487E+10 274.5  -1.0 110.0  85.6  0.14286E+12 -0.10000E+01  0.20928E+10  0.40000E+09  46.7
   9 18.00  106.2  100.00  0.20492E+10 274.2  -1.0 110.0  85.6  0.14391E+12 -0.10000E+01  0.20930E+10  0.40000E+09  46.5
  10 18.00  106.0  100.00  0.20497E+10 273.9  -1.0 110.0  85.6  0.14497E+12 -0.10000E+01  0.20931E+10  0.40000E+09  46.2
  11 18.00  105.8  100.00  0.20502E+10 273.7  -1.0 110.0  85.5  0.14603E+12 -0.10000E+01  0.20933E+10  0.40000E+09  46.0
  12 18.00  105.6  100.00  0.20507E+10 273.4  -1.0 110.0  85.5  0.14710E+12 -0.10000E+01  0.20934E+10  0.40000E+09  45.7
  13 18.00  105.5  100.00  0.20512E+10 273.1  -1.0 110.0  85.5  0.14817E+12 -0.10000E+01  0.20935E+10  0.40000E+09  45.5
  14 18.00  105.3  100.00  0.20517E+10 272.9  -1.0 110.0  85.4  0.14924E+12 -0.10000E+01  0.20937E+10  0.40000E+09  45.2
  15 18.00  105.1  100.00  0.20613E+10 272.6  -1.0 110.0  85.4  0.15032E+12 -0.10000E+01  0.21033E+10  0.40000E+09  44.9
  16 18.00  104.9  100.00  0.21003E+10 272.6  -1.0 110.0  85.3  0.15326E+12 -0.10000E+01  0.21440E+10  0.40000E+09  44.6
  17 18.00  104.6  100.00  0.21425E+10 272.7  -1.0 110.0  85.3  0.15622E+12 -0.10000E+01  0.21879E+10  0.40000E+09  44.3
  18 18.00  104.4  100.00  0.21879E+10 272.7  -1.0 110.0  85.3  0.15921E+12 -0.10000E+01  0.22352E+10  0.40000E+09  44.0
  19 18.00  104.2  100.00  0.22364E+10 272.8  -1.0 110.0  85.2  0.16224E+12 -0.10000E+01  0.22857E+10  0.40000E+09  43.7
  20 18.00  104.0  100.00  0.22885E+10 272.8  -1.0 110.0  85.2  0.16529E+12 -0.10000E+01  0.23401E+10  0.40000E+09  43.4
  21 18.00  103.8  100.00  0.23442E+10 272.8  -1.0 110.0  85.1  0.16836E+12 -0.10000E+01  0.23982E+10  0.40000E+09  43.1
  22 18.00  103.6  100.00  0.24040E+10 272.8  -1.0 110.0  85.1  0.17147E+12 -0.10000E+01  0.24606E+10  0.40000E+09  42.8
  23 18.00  103.3  100.00  0.24683E+10 272.8  -1.0 110.0  85.0  0.17461E+12 -0.10000E+01  0.25276E+10  0.40000E+09  42.5
  24 18.00  103.1  100.00  0.25368E+10 272.8  -1.0 110.0  85.0  0.17777E+12 -0.10000E+01  0.25992E+10  0.40000E+09  42.2
  25 18.00  102.9  100.00  0.26100E+10 272.9  -1.0 110.0  84.9  0.18096E+12 -0.10000E+01  0.26756E+10  0.40000E+09  41.9
  26 18.00  102.6  100.00  0.26888E+10 272.9  -1.0 110.0  84.9  0.18418E+12 -0.10000E+01  0.27579E+10  0.40000E+09  41.5
  27 18.00  102.4  100.00  0.27725E+10 272.9  -1.0 110.0  84.9  0.18743E+12 -0.10000E+01  0.28452E+10  0.40000E+09  41.2
  28 18.00  102.2  100.00  0.28620E+10 272.8  -1.0 110.0  84.8  0.19071E+12 -0.10000E+01  0.29388E+10  0.40000E+09  40.9
  29 18.00  101.9  100.00  0.29574E+10 272.8  -1.0 110.0  84.8  0.19401E+12 -0.10000E+01  0.30385E+10  0.40000E+09  40.5
  30 18.00  101.7  100.00  0.30593E+10 272.8  -1.0 110.0  84.7  0.19735E+12 -0.10000E+01  0.31450E+10  0.40000E+09  40.2
  31 18.00  101.4  100.00  0.31677E+10 272.8  -1.0 110.0  84.7  0.20071E+12 -0.10000E+01  0.32584E+10  0.40000E+09  39.9
  32 18.00  101.2  100.00  0.32833E+10 272.8  -1.0 110.0  84.6  0.20410E+12 -0.10000E+01  0.33794E+10  0.40000E+09  39.5
  33 18.00  100.9  100.00  0.34064E+10 272.7  -1.0 110.0  84.6  0.20752E+12 -0.10000E+01  0.35082E+10  0.40000E+09  39.2
  34 18.00  100.7  100.00  0.35374E+10 272.7  -1.0 110.0  84.5  0.21097E+12 -0.10000E+01  0.36453E+10  0.40000E+09  38.8
  35 18.00  100.4  100.00  0.36767E+10 272.7  -1.0 110.0  84.5  0.21444E+12 -0.10000E+01  0.37911E+10  0.40000E+09  38.5
  36 18.00  100.2  100.00  0.38246E+10 272.6  -1.0 110.0  84.4  0.21795E+12 -0.10000E+01  0.39460E+10  0.40000E+09  38.1
  37 18.00   99.9  100.00  0.39816E+10 272.6  -1.0 110.0  84.4  0.22148E+12 -0.10000E+01  0.41105E+10  0.40000E+09  37.8
  38 18.00   99.7  100.00  0.41482E+10 272.5  -1.0 110.0  84.3  0.22504E+12 -0.10000E+01  0.42852E+10  0.40000E+09  37.5
  39 18.00   99.4  100.00  0.43250E+10 272.5  -1.0 110.0  84.3  0.22863E+12 -0.10000E+01  0.44705E+10  0.40000E+09  37.1
  40 18.00   99.1  100.00  0.45123E+10 272.4  -1.0 110.0  84.2  0.23225E+12 -0.10000E+01  0.46670E+10  0.40000E+09  36.8
  41 18.00   98.9  100.00  0.47108E+10 272.3  -1.0 110.0  84.2  0.23590E+12 -0.10000E+01  0.48752E+10  0.40000E+09  36.4
  42 18.00   98.6  100.00  0.49208E+10 272.2  -1.0 110.0  84.1  0.23957E+12 -0.10000E+01  0.50956E+10  0.40000E+09  36.1
  43 18.00   98.4  100.00  0.51432E+10 272.2  -1.0 110.0  84.1  0.24328E+12 -0.10000E+01  0.53290E+10  0.40000E+09  35.7
  44 18.00   98.1  100.00  0.53781E+10 272.1  -1.0 110.0  84.0  0.24701E+12 -0.10000E+01  0.55757E+10  0.40000E+09  35.4
  45 18.00   97.8  100.00  0.56261E+10 272.0  -1.0 110.0  84.0  0.25077E+12 -0.10000E+01  0.58362E+10  0.40000E+09  35.1
  46 18.00   97.6  100.00  0.58878E+10 272.0  -1.0 110.0  83.9  0.25454E+12 -0.10000E+01  0.61111E+10  0.40000E+09  34.7
  47 18.00   97.3  100.00  0.61637E+10 272.0  -1.0 110.0  83.9  0.25834E+12 -0.10000E+01  0.64012E+10  0.40000E+09  34.4
  48 18.00   97.0  100.00  0.64546E+10 272.0  -1.0 110.0  83.8  0.26217E+12 -0.10000E+01  0.67070E+10  0.40000E+09  34.1
  49 18.00   96.7  100.00  0.67610E+10 272.0  -1.0 110.0  83.8  0.26603E+12 -0.10000E+01  0.70292E+10  0.40000E+09  33.7
  50 18.00   96.5  100.00  0.70834E+10 272.0  -1.0 110.0  83.7  0.26991E+12 -0.10000E+01  0.73683E+10  0.40000E+09  33.4
  51 18.00   96.2  100.00  0.74224E+10 272.0  -1.0 110.0  83.7  0.27382E+12 -0.10000E+01  0.77249E+10  0.40000E+09  33.1
  52 18.00   95.9  100.00  0.77784E+10 272.0  -1.0 110.0  83.6  0.27776E+12 -0.10000E+01  0.80996E+10  0.40000E+09  32.7
  53 18.00   95.7  100.00  0.81521E+10 272.0  -1.0 110.0  83.6  0.28173E+12 -0.10000E+01  0.84930E+10  0.40000E+09  32.4
  54 18.00   95.4  100.00  0.85439E+10 271.9  -1.0 110.0  83.5  0.28573E+12 -0.10000E+01  0.89055E+10  0.40000E+09  32.1
  55 18.00   95.1  100.00  0.89543E+10 271.9  -1.0 110.0  83.5  0.28976E+12 -0.10000E+01  0.93378E+10  0.40000E+09  31.8
  56 18.00   94.8  100.00  0.93836E+10 271.9  -1.0 110.0  83.4  0.29381E+12 -0.10000E+01  0.97901E+10  0.40000E+09  31.5
  57 18.00   94.6  100.00  0.98324E+10 271.8  -1.0 110.0  83.4  0.29789E+12 -0.10000E+01  0.10263E+11  0.40000E+09  31.2
  58 18.00   94.3  100.00  0.10301E+11 271.8  -1.0 110.0  83.3  0.30200E+12 -0.10000E+01  0.10756E+11  0.40000E+09  30.9
  59 18.00   94.0  100.00  0.10789E+11 271.7  -1.0 110.0  83.3  0.30614E+12 -0.10000E+01  0.11271E+11  0.40000E+09  30.5
  60 18.00   93.7  100.00  0.11297E+11 271.7  -1.0 110.0  83.2  0.31031E+12 -0.10000E+01  0.11807E+11  0.40000E+09  30.2
  61 18.00   93.5  100.00  0.11826E+11 271.6  -1.0 110.0  83.2  0.31450E+12 -0.10000E+01  0.12364E+11  0.40000E+09  29.9
  62 18.00   93.2  100.00  0.12375E+11 271.5  -1.0 110.0  83.1  0.31872E+12 -0.10000E+01  0.12943E+11  0.40000E+09  29.7
  63 18.00   92.9  100.00  0.12944E+11 271.5  -1.0 110.0  83.1  0.32298E+12 -0.10000E+01  0.13543E+11  0.40000E+09  29.4
  64 18.00   92.6  100.00  0.13493E+11 271.4  -1.0 110.0  83.0  0.32725E+12 -0.10000E+01  0.14164E+11  0.40000E+09  29.1
  65 18.00   92.3  100.00  0.14057E+11 271.3  -1.0 110.0  83.0  0.33156E+12 -0.10000E+01  0.14806E+11  0.40000E+09  28.8
  66 18.00   92.1  100.00  0.14635E+11 271.3  -1.0 110.0  83.0  0.33590E+12 -0.10000E+01  0.15469E+11  0.40000E+09  28.5
  67 18.00   91.8  100.00  0.15226E+11 271.2  -1.0 110.0  82.9  0.34026E+12 -0.10000E+01  0.16152E+11  0.40000E+09  28.2
  68 18.00   91.5  100.00  0.15830E+11 271.1  -1.0 110.0  82.9  0.34465E+12 -0.10000E+01  0.16854E+11  0.40000E+09  28.0
  69 18.00   91.2  100.00  0.16447E+11 271.1  -1.0 110.0  82.8  0.34907E+12 -0.10000E+01  0.17575E+11  0.40000E+09  27.7
  70 18.00   91.0  100.00  0.17074E+11 271.0  -1.0 110.0  82.8  0.35352E+12 -0.10000E+01  0.18314E+11  0.40000E+09  27.4
  71 18.00   90.7  100.00  0.17712E+11 270.9  -1.0 110.0  82.7  0.35800E+12 -0.10000E+01  0.19069E+11  0.40000E+09  27.2
  72 18.00   90.4  100.00  0.18359E+11 270.8  -1.0 110.0  82.7  0.36250E+12 -0.10000E+01  0.19841E+11  0.40000E+09  26.9
  73 18.00   90.1  100.00  0.19015E+11 270.7  -1.0 110.0  82.7  0.36703E+12 -0.10000E+01  0.20628E+11  0.40000E+09  26.6
  74 18.00   89.9  100.00  0.19678E+11 270.7  -1.0 110.0  82.6  0.37159E+12 -0.10000E+01  0.21428E+11  0.40000E+09  26.4
  75 18.00   89.6  100.00  0.20348E+11 270.8  -1.0 110.0  82.6  0.37289E+12 -0.10000E+01  0.22243E+11  0.40000E+09  26.1
  76 18.00   89.3  100.00  0.21024E+11 270.9  -1.0 110.0  82.5  0.37419E+12 -0.10000E+01  0.23069E+11  0.40000E+09  25.9
  77 18.00   89.1  100.00  0.21704E+11 271.0  -1.0 110.0  82.5  0.37549E+12 -0.10000E+01  0.23905E+11  0.40000E+09  25.7
  78 18.00   88.8  100.00  0.22387E+11 271.1  -1.0 110.0  82.5  0.37679E+12 -0.10000E+01  0.24750E+11  0.40000E+09  25.4
  79 18.00   88.5  100.00  0.23073E+11 271.2  -1.0 110.0  82.4  0.37809E+12 -0.10000E+01  0.25603E+11  0.40000E+09  25.2
  80 18.00   88.2  100.00  0.23760E+11 271.3  -1.0 110.0  82.4  0.37940E+12 -0.10000E+01  0.26462E+11  0.40000E+09  25.0
  81 18.00   88.0  100.00  0.24448E+11 271.4  -1.0 110.0  82.4  0.38070E+12 -0.10000E+01  0.27326E+11  0.40000E+09  24.7
  82 18.00   87.7  100.00  0.25135E+11 271.5  -1.0 110.0  82.3  0.38201E+12 -0.10000E+01  0.28194E+11  0.40000E+09  24.5
  83 18.00   87.4  100.00  0.25821E+11 271.6  -1.0 110.0  82.3  0.38333E+12 -0.10000E+01  0.29064E+11  0.40000E+09  24.3
  84 18.00   87.2  100.00  0.26505E+11 271.7  -1.0 110.0  82.3  0.38464E+12 -0.10000E+01  0.29936E+11  0.40000E+09  24.1
  85 18.00   86.9  100.00  0.27186E+11 271.8  -1.0 110.0  82.2  0.38596E+12 -0.10000E+01  0.30808E+11  0.40000E+09  23.9
  86 18.00   86.6  100.00  0.27863E+11 271.9  -1.0 110.0  82.2  0.38728E+12 -0.10000E+01  0.31679E+11  0.40000E+09  23.7
  87 18.00   86.4  100.00  0.28536E+11 272.1  -1.0 110.0  82.2  0.38860E+12 -0.10000E+01  0.32549E+11  0.40000E+09  23.5
  88 18.00   86.1  100.00  0.29205E+11 272.2  -1.0 110.0  82.1  0.38992E+12 -0.10000E+01  0.33416E+11  0.40000E+09  23.3
  89 18.00   85.8  100.00  0.29868E+11 272.3  -1.0 110.0  82.1  0.39125E+12 -0.10000E+01  0.34279E+11  0.40000E+09  23.1
  90 18.00   85.6  100.00  0.30526E+11 272.4  -1.0 110.0  82.1  0.39258E+12 -0.10000E+01  0.35138E+11  0.40000E+09  22.9
  91 18.00   85.3  100.00  0.31177E+11 272.6  -1.0 110.0  82.0  0.39391E+12 -0.10000E+01  0.35993E+11  0.40000E+09  22.7
  92 18.00   85.1  100.00  0.31822E+11 272.7  -1.0 110.0  82.0  0.39524E+12 -0.10000E+01  0.36841E+11  0.40000E+09  22.5
  93 18.00   84.8  100.00  0.32461E+11 272.8  -1.0 110.0  82.0  0.39658E+12 -0.10000E+01  0.37683E+11  0.40000E+09  22.3
  94 18.00   84.5  100.00  0.33092E+11 273.0  -1.0 110.0  82.0  0.39791E+12 -0.10000E+01  0.38519E+11  0.40000E+09  22.2
  95 18.00   84.3  100.00  0.33715E+11 273.1  -1.0 110.0  81.9  0.39925E+12 -0.10000E+01  0.39347E+11  0.40000E+09  22.0
  96 18.00   84.0  100.00  0.34332E+11 273.3  -1.0 110.0  81.9  0.40060E+12 -0.10000E+01  0.40167E+11  0.40000E+09  21.8
  97 18.00   83.8  100.00  0.34940E+11 273.4  -1.0 110.0  81.9  0.40194E+12 -0.10000E+01  0.40980E+11  0.40000E+09  21.7
  98 18.00   83.5  100.00  0.35541E+11 273.6  -1.0 110.0  81.8  0.40329E+12 -0.10000E+01  0.41784E+11  0.40000E+09  21.5
  99 18.00   83.3  100.00  0.36134E+11 273.8  -1.0 110.0  81.8  0.40463E+12 -0.10000E+01  0.42580E+11  0.40000E+09  21.3
 100 18.00   83.0  100.00  0.36719E+11 273.9  -1.0 110.0  81.8  0.40599E+12 -0.10000E+01  0.43366E+11  0.40000E+09  21.2
 101 18.00   82.8  100.00  0.37295E+11 274.1  -1.0 110.0  81.8  0.40734E+12 -0.10000E+01  0.44144E+11  0.40000E+09  21.0
 102 18.00   82.5  100.00  0.37864E+11 274.3  -1.0 110.0  81.7  0.40869E+12 -0.10000E+01  0.44912E+11  0.40000E+09  20.9
 103 18.00   82.3  100.00  0.38424E+11 274.5  -1.0 110.0  81.7  0.41005E+12 -0.10000E+01  0.45671E+11  0.40000E+09  20.8
 104 18.00   82.0  100.00  0.38976E+11 274.7  -1.0 110.0  81.7  0.41141E+12 -0.10000E+01  0.46421E+11  0.40000E+09  20.6
 105 18.00   81.8  100.00  0.39520E+11 274.9  -1.0 110.0  81.7  0.41277E+12 -0.10000E+01  0.47160E+11  0.40000E+09  20.5
 106 18.00   81.5  100.00  0.40055E+11 274.8  -1.0 110.0  81.7  0.41289E+12 -0.10000E+01  0.47890E+11  0.40000E+09  20.3
 107 18.00   81.3  100.00  0.40582E+11 274.7  -1.0 110.0  81.6  0.41300E+12 -0.10000E+01  0.48610E+11  0.40000E+09  20.2
 108 18.00   81.1  100.00  0.41101E+11 274.6  -1.0 110.0  81.6  0.41311E+12 -0.10000E+01  0.49320E+11  0.40000E+09  20.1
 109 18.00   80.8  100.00  0.41612E+11 274.5  -1.0 110.0  81.6  0.41322E+12 -0.10000E+01  0.50020E+11  0.40000E+09  20.0
 110 18.00   80.6  100.00  0.42114E+11 274.4  -1.0 110.0  81.6  0.41333E+12 -0.10000E+01  0.50711E+11  0.40000E+09  19.8
 111 18.00   80.4  100.00  0.42608E+11 274.4  -1.0 110.0  81.6  0.41345E+12 -0.10000E+01  0.51391E+11  0.40000E+09  19.7
 112 18.00   80.1  100.00  0.43094E+11 274.3  -1.0 110.0  81.5  0.41356E+12 -0.10000E+01  0.52062E+11  0.40000E+09  19.6
 113 18.00   79.9  100.00  0.43573E+11 274.2  -1.0 110.0  81.5  0.41367E+12 -0.10000E+01  0.52723E+11  0.40000E+09  19.5
 114 18.00   79.7  100.00  0.44043E+11 274.2  -1.0 110.0  81.5  0.41378E+12 -0.10000E+01  0.53374E+11  0.40000E+09  19.4
 115 18.00   79.4  100.00  0.44505E+11 274.1  -1.0 110.0  81.5  0.41389E+12 -0.10000E+01  0.54015E+11  0.40000E+09  19.3
 116 18.00   79.2  100.00  0.44959E+11 274.0  -1.0 110.0  81.5  0.41401E+12 -0.10000E+01  0.54646E+11  0.40000E+09  19.2
 117 18.00   79.0  100.00  0.45405E+11 274.0  -1.0 110.0  81.4  0.41412E+12 -0.10000E+01  0.55267E+11  0.40000E+09  19.1
 118 18.00   78.8  100.00  0.45843E+11 273.9  -1.0 110.0  81.4  0.41423E+12 -0.10000E+01  0.55879E+11  0.40000E+09  19.0
 119 18.00   78.5  100.00  0.46274E+11 273.9  -1.0 110.0  81.4  0.41434E+12 -0.10000E+01  0.56481E+11  0.40000E+09  18.9
 120 18.00   78.3  100.00  0.46696E+11 273.8  -1.0 110.0  81.4  0.41445E+12 -0.10000E+01  0.57073E+11  0.40000E+09  18.8
 121 18.00   78.1  100.00  0.47111E+11 273.8  -1.0 110.0  81.4  0.41457E+12 -0.10000E+01  0.57655E+11  0.40000E+09  18.7
 122 18.00   77.9  100.00  0.47518E+11 273.7  -1.0 110.0  81.4  0.41468E+12 -0.10000E+01  0.58227E+11  0.40000E+09  18.6
 123 18.00   77.7  100.00  0.47917E+11 273.7  -1.0 110.0  81.4  0.41479E+12 -0.10000E+01  0.58789E+11  0.40000E+09  18.6
 124 18.00   77.5  100.00  0.48308E+11 273.7  -1.0 110.0  81.3  0.41490E+12 -0.10000E+01  0.59342E+11  0.40000E+09  18.5
 125 18.00   77.2  100.00  0.48692E+11 273.6  -1.0 110.0  81.3  0.41502E+12 -0.10000E+01  0.59884E+11  0.40000E+09  18.4
 126 18.00   77.0  100.00  0.49067E+11 273.6  -1.0 110.0  81.3  0.41513E+12 -0.10000E+01  0.60417E+11  0.40000E+09  18.3
 127 18.00   76.8  100.00  0.49436E+11 273.6  -1.0 110.0  81.3  0.41524E+12 -0.10000E+01  0.60940E+11  0.40000E+09  18.3
 128 18.00   76.6  100.00  0.49796E+11 273.6  -1.0 110.0  81.3  0.41535E+12 -0.10000E+01  0.61453E+11  0.40000E+09  18.2
 129 18.00   76.4  100.00  0.50149E+11 273.6  -1.0 110.0  81.3  0.41546E+12 -0.10000E+01  0.61956E+11  0.40000E+09  18.1
 130 18.00   76.2  100.00  0.50494E+11 273.6  -1.0 110.0  81.3  0.41558E+12 -0.10000E+01  0.62449E+11  0.40000E+09  18.1
 131 18.00   76.0  100.00  0.50831E+11 273.5  -1.0 110.0  81.3  0.41569E+12 -0.10000E+01  0.62933E+11  0.40000E+09  18.0
 132 18.00   75.9  100.00  0.51161E+11 273.5  -1.0 110.0  81.3  0.41580E+12 -0.10000E+01  0.63406E+11  0.40000E+09  17.9
 133 18.00   75.7  100.00  0.51483E+11 273.5  -1.0 110.0  81.2  0.41591E+12 -0.10000E+01  0.63869E+11  0.40000E+09  17.9
 134 18.00   75.5  100.00  0.51798E+11 273.5  -1.0 110.0  81.2  0.41603E+12 -0.10000E+01  0.64323E+11  0.40000E+09  17.8
 135 18.00   75.3  100.00  0.52105E+11 273.6  -1.0 110.0  81.2  0.41614E+12 -0.10000E+01  0.64766E+11  0.40000E+09  17.8
 136 18.00   75.1  100.00  0.52404E+11 273.4  -1.0 110.0  81.2  0.41493E+12 -0.10000E+01  0.65199E+11  0.40000E+09  17.7
 137 18.00   74.9  100.00  0.52695E+11 273.3  -1.0 110.0  81.2  0.41373E+12 -0.10000E+01  0.65622E+11  0.40000E+09  17.7
 138 18.00   74.8  100.00  0.52979E+11 273.1  -1.0 110.0  81.2  0.41253E+12 -0.10000E+01  0.66034E+11  0.40000E+09  17.6
 139 18.00   74.6  100.00  0.53256E+11 273.0  -1.0 110.0  81.2  0.41133E+12 -0.10000E+01  0.66437E+11  0.40000E+09  17.6
 140 18.00   74.4  100.00  0.53525E+11 272.9  -1.0 110.0  81.2  0.41013E+12 -0.10000E+01  0.66829E+11  0.40000E+09  17.6
 141 18.00   74.3  100.00  0.53786E+11 272.7  -1.0 110.0  81.2  0.40893E+12 -0.10000E+01  0.67211E+11  0.40000E+09  17.5
 142 18.00   74.1  100.00  0.54040E+11 272.6  -1.0 110.0  81.2  0.40773E+12 -0.10000E+01  0.67583E+11  0.40000E+09  17.5
 143 18.00   74.0  100.00  0.54286E+11 272.5  -1.0 110.0  81.2  0.40654E+12 -0.10000E+01  0.67945E+11  0.40000E+09  17.4
 144 18.00   73.8  100.00  0.54525E+11 272.4  -1.0 110.0  81.2  0.40535E+12 -0.10000E+01  0.68296E+11  0.40000E+09  17.4
 145 18.00   73.7  100.00  0.54756E+11 272.3  -1.0 110.0  81.2  0.40416E+12 -0.10000E+01  0.68637E+11  0.40000E+09  17.4
 146 18.00   73.5  100.00  0.54980E+11 272.1  -1.0 110.0  81.2  0.40297E+12 -0.10000E+01  0.68968E+11  0.40000E+09  17.3
 147 18.00   73.4  100.00  0.55196E+11 272.0  -1.0 110.0  81.1  0.40178E+12 -0.10000E+01  0.69288E+11  0.40000E+09  17.3
 148 18.00   73.2  100.00  0.55405E+11 271.9  -1.0 110.0  81.1  0.40060E+12 -0.10000E+01  0.69598E+11  0.40000E+09  17.3
 149 18.00   73.1  100.00  0.55607E+11 271.8  -1.0 110.0  81.1  0.39942E+12 -0.10000E+01  0.69898E+11  0.40000E+09  17.3
 150 18.00   73.0  100.00  0.55801E+11 271.7  -1.0 110.0  81.1  0.39823E+12 -0.10000E+01  0.70187E+11  0.40000E+09  17.2
 151 18.00   72.9  100.00  0.55988E+11 271.6  -1.0 110.0  81.1  0.39705E+12 -0.10000E+01  0.70465E+11  0.40000E+09  17.2
 152 18.00   72.7  100.00  0.56167E+11 271.5  -1.0 110.0  81.1  0.39588E+12 -0.10000E+01  0.70733E+11  0.40000E+09  17.2
 153 18.00   72.6  100.00  0.56339E+11 271.4  -1.0 110.0  81.1  0.39470E+12 -0.10000E+01  0.70990E+11  0.40000E+09  17.2
 154 18.00   72.5  100.00  0.56503E+11 271.3  -1.0 110.0  81.1  0.39353E+12 -0.10000E+01  0.71237E+11  0.40000E+09  17.2
 155 18.00   72.4  100.00  0.56660E+11 271.2  -1.0 110.0  81.1  0.39235E+12 -0.10000E+01  0.71473E+11  0.40000E+09  17.1
 156 18.00   72.3  100.00  0.56810E+11 271.1  -1.0 110.0  81.1  0.39118E+12 -0.10000E+01  0.71698E+11  0.40000E+09  17.1
 157 18.00   72.2  100.00  0.56952E+11 271.0  -1.0 110.0  81.1  0.39001E+12 -0.10000E+01  0.71913E+11  0.40000E+09  17.1
 158 18.00   72.1  100.00  0.57087E+11 271.0  -1.0 110.0  81.1  0.38885E+12 -0.10000E+01  0.72117E+11  0.40000E+09  17.1
 159 18.00   72.0  100.00  0.57214E+11 270.9  -1.0 110.0  81.1  0.38768E+12 -0.10000E+01  0.72310E+11  0.40000E+09  17.1
 160 18.00   71.9  100.00  0.57334E+11 270.8  -1.0 110.0  81.1  0.38652E+12 -0.10000E+01  0.72492E+11  0.40000E+09  17.1
 161 18.00   71.9  100.00  0.57446E+11 270.7  -1.0 110.0  81.1  0.38535E+12 -0.10000E+01  0.72664E+11  0.40000E+09  17.0
 162 18.00   71.8  100.00  0.57552E+11 270.7  -1.0 110.0  81.1  0.38419E+12 -0.10000E+01  0.72824E+11  0.40000E+09  17.0
 163 18.00   71.7  100.00  0.57649E+11 270.6  -1.0 110.0  81.1  0.38304E+12 -0.10000E+01  0.72974E+11  0.40000E+09  17.0
 164 18.00   71.6  100.00  0.57740E+11 270.6  -1.0 110.0  81.1  0.38188E+12 -0.10000E+01  0.73112E+11  0.40000E+09  17.0
 165 18.00   71.6  100.00  0.57823E+11 270.5  -1.0 110.0  81.1  0.38072E+12 -0.10000E+01  0.73239E+11  0.40000E+09  17.0
 166 18.00   71.5  100.00  0.57898E+11 270.5  -1.0 110.0  81.1  0.37957E+12 -0.10000E+01  0.73355E+11  0.40000E+09  17.0
 167 18.00   71.5  100.00  0.57966E+11 270.2  -1.0 110.0  81.1  0.37819E+12 -0.10000E+01  0.73460E+11  0.40000E+09  17.0
 168 18.00   71.4  100.00  0.58026E+11 269.9  -1.0 110.0  81.1  0.37681E+12 -0.10000E+01  0.73553E+11  0.40000E+09  17.0
 169 18.00   71.4  100.00  0.58078E+11 269.6  -1.0 110.0  81.1  0.37544E+12 -0.10000E+01  0.73636E+11  0.40000E+09  17.0
 170 18.00   71.4  100.00  0.58123E+11 269.3  -1.0 110.0  81.1  0.37407E+12 -0.10000E+01  0.73706E+11  0.40000E+09  17.0
 171 18.00   71.3  100.00  0.58161E+11 269.0  -1.0 110.0  81.1  0.37270E+12 -0.10000E+01  0.73765E+11  0.40000E+09  17.0
 172 18.00   71.3  100.00  0.58191E+11 268.7  -1.0 110.0  81.1  0.37133E+12 -0.10000E+01  0.73813E+11  0.40000E+09  17.0
 173 18.00   71.3  100.00  0.58213E+11 268.5  -1.0 110.0  81.1  0.36997E+12 -0.10000E+01  0.73849E+11  0.40000E+09  17.0
 174 18.00   71.3  100.00  0.58227E+11 268.2  -1.0 110.0  81.1  0.36861E+12 -0.10000E+01  0.73873E+11  0.40000E+09  17.0
 175 18.00   71.3  100.00  0.58234E+11 267.9  -1.0 110.0  81.1  0.36725E+12 -0.10000E+01  0.73886E+11  0.40000E+09  17.0
 176 18.00   71.3  100.00  0.58232E+11 267.7  -1.0 110.0  81.1  0.36590E+12 -0.10000E+01  0.73887E+11  0.40000E+09  17.0
 177 18.00   71.3  100.00  0.58223E+11 267.4  -1.0 110.0  81.1  0.36454E+12 -0.10000E+01  0.73875E+11  0.40000E+09  17.0
 178 18.00   71.3  100.00  0.58206E+11 267.2  -1.0 110.0  81.1  0.36319E+12 -0.10000E+01  0.73852E+11  0.40000E+09  17.0
 179 18.00   71.3  100.00  0.58181E+11 266.9  -1.0 110.0  81.1  0.36184E+12 -0.10000E+01  0.73816E+11  0.40000E+09  17.0
 180 18.00   71.3  100.00  0.58147E+11 266.7  -1.0 110.0  81.1  0.36050E+12 -0.10000E+01  0.73769E+11  0.40000E+09  17.0
 181 18.00   71.3  100.00  0.58106E+11 266.5  -1.0 110.0  81.1  0.35915E+12 -0.10000E+01  0.73709E+11  0.40000E+09  17.0
 182 18.00   71.3  100.00  0.58056E+11 266.3  -1.0 110.0  81.1  0.35781E+12 -0.10000E+01  0.73636E+11  0.40000E+09  17.0
 183 18.00   71.4  100.00  0.57998E+11 266.0  -1.0 110.0  81.1  0.35647E+12 -0.10000E+01  0.73551E+11  0.40000E+09  17.1
 184 18.00   71.4  100.00  0.57932E+11 265.8  -1.0 110.0  81.1  0.35514E+12 -0.10000E+01  0.73453E+11  0.40000E+09  17.1
 185 18.00   71.5  100.00  0.57857E+11 265.6  -1.0 110.0  81.1  0.35380E+12 -0.10000E+01  0.73342E+11  0.40000E+09  17.1
 186 18.00   71.5  100.00  0.57774E+11 265.4  -1.0 110.0  81.1  0.35247E+12 -0.10000E+01  0.73219E+11  0.40000E+09  17.1
 187 18.00   71.6  100.00  0.57682E+11 265.2  -1.0 110.0  81.1  0.35114E+12 -0.10000E+01  0.73082E+11  0.40000E+09  17.1
 188 18.00   71.6  100.00  0.57581E+11 265.1  -1.0 110.0  81.1  0.34982E+12 -0.10000E+01  0.72932E+11  0.40000E+09  17.1
 189 18.00   71.7  100.00  0.57471E+11 264.9  -1.0 110.0  81.1  0.34849E+12 -0.10000E+01  0.72769E+11  0.40000E+09  17.1
 190 18.00   71.8  100.00  0.57353E+11 264.7  -1.0 110.0  81.1  0.34717E+12 -0.10000E+01  0.72593E+11  0.40000E+09  17.2
 191 18.00   71.9  100.00  0.57225E+11 264.5  -1.0 110.0  81.1  0.34585E+12 -0.10000E+01  0.72402E+11  0.40000E+09  17.2
 192 18.00   72.0  100.00  0.57088E+11 264.4  -1.0 110.0  81.1  0.34454E+12 -0.10000E+01  0.72199E+11  0.40000E+09  17.2
 193 18.00   72.1  100.00  0.56942E+11 264.2  -1.0 110.0  81.1  0.34322E+12 -0.10000E+01  0.71981E+11  0.40000E+09  17.2
 194 18.00   72.2  100.00  0.56786E+11 264.1  -1.0 110.0  81.1  0.34191E+12 -0.10000E+01  0.71749E+11  0.40000E+09  17.2
 195 18.00   72.3  100.00  0.56621E+11 264.0  -1.0 110.0  81.1  0.34060E+12 -0.10000E+01  0.71504E+11  0.40000E+09  17.3
 196 18.00   72.4  100.00  0.56447E+11 263.9  -1.0 110.0  81.1  0.33930E+12 -0.10000E+01  0.71244E+11  0.40000E+09  17.3
 197 18.00   72.5  100.00  0.56263E+11 264.0  -1.0 110.0  81.1  0.34043E+12 -0.10000E+01  0.70971E+11  0.40000E+09  17.3
 198 18.00   72.6  100.00  0.56070E+11 264.2  -1.0 110.0  81.1  0.34156E+12 -0.10000E+01  0.70684E+11  0.40000E+09  17.3
 199 18.00   72.7  100.00  0.55867E+11 264.4  -1.0 110.0  81.2  0.34269E+12 -0.10000E+01  0.70383E+11  0.40000E+09  17.4
 200 18.00   72.9  100.00  0.55653E+11 264.6  -1.0 110.0  81.2  0.34383E+12 -0.10000E+01  0.70066E+11  0.40000E+09  17.4
 201 18.00   73.0  100.00  0.55429E+11 264.8  -1.0 110.0  81.2  0.34497E+12 -0.10000E+01  0.69735E+11  0.40000E+09  17.4
 202 18.00   73.2  100.00  0.55195E+11 265.0  -1.0 110.0  81.2  0.34610E+12 -0.10000E+01  0.69388E+11  0.40000E+09  17.5
 203 18.00   73.3  100.00  0.54950E+11 265.2  -1.0 110.0  81.2  0.34725E+12 -0.10000E+01  0.69026E+11  0.40000E+09  17.5
 204 18.00   73.5  100.00  0.54694E+11 265.4  -1.0 110.0  81.2  0.34839E+12 -0.10000E+01  0.68649E+11  0.40000E+09  17.5
 205 18.00   73.7  100.00  0.54428E+11 265.6  -1.0 110.0  81.2  0.34953E+12 -0.10000E+01  0.68257E+11  0.40000E+09  17.6
 206 18.00   73.8  100.00  0.54151E+11 265.8  -1.0 110.0  81.2  0.35068E+12 -0.10000E+01  0.67848E+11  0.40000E+09  17.6
 207 18.00   74.0  100.00  0.53862E+11 266.0  -1.0 110.0  81.2  0.35183E+12 -0.10000E+01  0.67424E+11  0.40000E+09  17.7
 208 18.00   74.2  100.00  0.53562E+11 266.2  -1.0 110.0  81.2  0.35298E+12 -0.10000E+01  0.66984E+11  0.40000E+09  17.7
 209 18.00   74.4  100.00  0.53251E+11 266.5  -1.0 110.0  81.2  0.35413E+12 -0.10000E+01  0.66528E+11  0.40000E+09  17.8
 210 18.00   74.6  100.00  0.52927E+11 266.7  -1.0 110.0  81.2  0.35529E+12 -0.10000E+01  0.66056E+11  0.40000E+09  17.8
 211 18.00   74.8  100.00  0.52593E+11 266.9  -1.0 110.0  81.2  0.35644E+12 -0.10000E+01  0.65567E+11  0.40000E+09  17.9
 212 18.00   75.0  100.00  0.52246E+11 267.2  -1.0 110.0  81.2  0.35760E+12 -0.10000E+01  0.65062E+11  0.40000E+09  17.9
 213 18.00   75.2  100.00  0.51887E+11 267.4  -1.0 110.0  81.3  0.35876E+12 -0.10000E+01  0.64540E+11  0.40000E+09  18.0
 214 18.00   75.4  100.00  0.51516E+11 267.7  -1.0 110.0  81.3  0.35992E+12 -0.10000E+01  0.64002E+11  0.40000E+09  18.0
 215 18.00   75.6  100.00  0.51132E+11 267.9  -1.0 110.0  81.3  0.36109E+12 -0.10000E+01  0.63446E+11  0.40000E+09  18.1
 216 18.00   75.9  100.00  0.50736E+11 268.2  -1.0 110.0  81.3  0.36225E+12 -0.10000E+01  0.62874E+11  0.40000E+09  18.2
 217 18.00   76.1  100.00  0.50327E+11 268.4  -1.0 110.0  81.3  0.36342E+12 -0.10000E+01  0.62284E+11  0.40000E+09  18.2
 218 18.00   76.3  100.00  0.49905E+11 268.7  -1.0 110.0  81.3  0.36459E+12 -0.10000E+01  0.61677E+11  0.40000E+09  18.3
 219 18.00   76.6  100.00  0.49470E+11 269.0  -1.0 110.0  81.3  0.36576E+12 -0.10000E+01  0.61052E+11  0.40000E+09  18.4
 220 18.00   76.8  100.00  0.49021E+11 269.2  -1.0 110.0  81.3  0.36693E+12 -0.10000E+01  0.60410E+11  0.40000E+09  18.5
 221 18.00   77.1  100.00  0.48559E+11 269.5  -1.0 110.0  81.4  0.36811E+12 -0.10000E+01  0.59750E+11  0.40000E+09  18.5
 222 18.00   77.3  100.00  0.48084E+11 269.8  -1.0 110.0  81.4  0.36928E+12 -0.10000E+01  0.59072E+11  0.40000E+09  18.6
 223 18.00   77.6  100.00  0.47595E+11 270.1  -1.0 110.0  81.4  0.37046E+12 -0.10000E+01  0.58376E+11  0.40000E+09  18.7
 224 18.00   77.9  100.00  0.47091E+11 270.4  -1.0 110.0  81.4  0.37164E+12 -0.10000E+01  0.57662E+11  0.40000E+09  18.8
 225 18.00   78.1  100.00  0.46574E+11 270.6  -1.0 110.0  81.4  0.37282E+12 -0.10000E+01  0.56929E+11  0.40000E+09  18.9
 226 18.00   78.4  100.00  0.46042E+11 270.9  -1.0 110.0  81.4  0.37401E+12 -0.10000E+01  0.56178E+11  0.40000E+09  19.0
 227 18.00   78.7  100.00  0.45495E+11 271.2  -1.0 110.0  81.4  0.37519E+12 -0.10000E+01  0.55409E+11  0.40000E+09  19.1
 228 18.00   79.0  100.00  0.44935E+11 271.4  -1.0 110.0  81.5  0.37501E+12 -0.10000E+01  0.54622E+11  0.40000E+09  19.2
 229 18.00   79.3  100.00  0.44359E+11 271.5  -1.0 110.0  81.5  0.37484E+12 -0.10000E+01  0.53816E+11  0.40000E+09  19.3
 230 18.00   79.5  100.00  0.43769E+11 271.6  -1.0 110.0  81.5  0.37466E+12 -0.10000E+01  0.52991E+11  0.40000E+09  19.5
 231 18.00   79.8  100.00  0.43163E+11 271.8  -1.0 110.0  81.5  0.37448E+12 -0.10000E+01  0.52148E+11  0.40000E+09  19.6
 232 18.00   80.1  100.00  0.42542E+11 271.9  -1.0 110.0  81.6  0.37430E+12 -0.10000E+01  0.51285E+11  0.40000E+09  19.7
 233 18.00   80.5  100.00  0.41906E+11 272.1  -1.0 110.0  81.6  0.37412E+12 -0.10000E+01  0.50403E+11  0.40000E+09  19.9
 234 18.00   80.8  100.00  0.41254E+11 272.2  -1.0 110.0  81.6  0.37394E+12 -0.10000E+01  0.49503E+11  0.40000E+09  20.0
 235 18.00   81.1  100.00  0.40586E+11 272.4  -1.0 110.0  81.6  0.37377E+12 -0.10000E+01  0.48583E+11  0.40000E+09  20.2
 236 18.00   81.4  100.00  0.39902E+11 272.6  -1.0 110.0  81.6  0.37359E+12 -0.10000E+01  0.47644E+11  0.40000E+09  20.3
 237 18.00   81.7  100.00  0.39202E+11 272.7  -1.0 110.0  81.7  0.37341E+12 -0.10000E+01  0.46687E+11  0.40000E+09  20.5
 238 18.00   82.0  100.00  0.38487E+11 272.9  -1.0 110.0  81.7  0.37323E+12 -0.10000E+01  0.45711E+11  0.40000E+09  20.6
 239 18.00   82.4  100.00  0.37756E+11 273.1  -1.0 110.0  81.7  0.37305E+12 -0.10000E+01  0.44717E+11  0.40000E+09  20.8
 240 18.00   82.7  100.00  0.37009E+11 273.3  -1.0 110.0  81.8  0.37288E+12 -0.10000E+01  0.43705E+11  0.40000E+09  21.0
 241 18.00   83.0  100.00  0.36246E+11 273.5  -1.0 110.0  81.8  0.37270E+12 -0.10000E+01  0.42675E+11  0.40000E+09  21.2
 242 18.00   83.3  100.00  0.35468E+11 273.7  -1.0 110.0  81.8  0.37252E+12 -0.10000E+01  0.41629E+11  0.40000E+09  21.4
 243 18.00   83.7  100.00  0.34674E+11 274.0  -1.0 110.0  81.9  0.37234E+12 -0.10000E+01  0.40566E+11  0.40000E+09  21.6
 244 18.00   84.0  100.00  0.33866E+11 274.2  -1.0 110.0  81.9  0.37216E+12 -0.10000E+01  0.39487E+11  0.40000E+09  21.8
 245 18.00   84.4  100.00  0.33043E+11 274.4  -1.0 110.0  81.9  0.37199E+12 -0.10000E+01  0.38394E+11  0.40000E+09  22.0
 246 18.00   84.7  100.00  0.32207E+11 274.6  -1.0 110.0  82.0  0.37181E+12 -0.10000E+01  0.37287E+11  0.40000E+09  22.2
 247 18.00   85.0  100.00  0.31357E+11 274.9  -1.0 110.0  82.0  0.37163E+12 -0.10000E+01  0.36168E+11  0.40000E+09  22.4
 248 18.00   85.4  100.00  0.30495E+11 275.1  -1.0 110.0  82.0  0.37145E+12 -0.10000E+01  0.35038E+11  0.40000E+09  22.7
 249 18.00   85.7  100.00  0.29622E+11 275.3  -1.0 110.0  82.1  0.37127E+12 -0.10000E+01  0.33899E+11  0.40000E+09  22.9
 250 18.00   86.1  100.00  0.28738E+11 275.6  -1.0 110.0  82.1  0.37110E+12 -0.10000E+01  0.32752E+11  0.40000E+09  23.2
 251 18.00   86.4  100.00  0.27845E+11 275.8  -1.0 110.0  82.2  0.37092E+12 -0.10000E+01  0.31600E+11  0.40000E+09  23.4
 252 18.00   86.8  100.00  0.26944E+11 276.1  -1.0 110.0  82.2  0.37074E+12 -0.10000E+01  0.30445E+11  0.40000E+09  23.7
 253 18.00   87.2  100.00  0.26038E+11 276.3  -1.0 110.0  82.2  0.37056E+12 -0.10000E+01  0.29290E+11  0.40000E+09  24.0
 254 18.00   87.5  100.00  0.25127E+11 276.6  -1.0 110.0  82.3  0.37039E+12 -0.10000E+01  0.28136E+11  0.40000E+09  24.2
 255 18.00   87.9  100.00  0.24214E+11 276.8  -1.0 110.0  82.3  0.37021E+12 -0.10000E+01  0.26987E+11  0.40000E+09  24.5
 256 18.00   88.2  100.00  0.23301E+11 277.1  -1.0 110.0  82.4  0.37003E+12 -0.10000E+01  0.25846E+11  0.40000E+09  24.8
 257 18.00   88.6  100.00  0.22390E+11 277.3  -1.0 110.0  82.4  0.36985E+12 -0.10000E+01  0.24715E+11  0.40000E+09  25.1
 258 18.00   88.9  100.00  0.21484E+11 277.6  -1.0 110.0  82.5  0.36968E+12 -0.10000E+01  0.23598E+11  0.40000E+09  25.4
 259 18.00   89.3  100.00  0.20584E+11 277.5  -1.0 110.0  82.5  0.36633E+12 -0.10000E+01  0.22498E+11  0.40000E+09  25.8
 260 18.00   89.7  100.00  0.19694E+11 277.5  -1.0 110.0  82.6  0.36299E+12 -0.10000E+01  0.21419E+11  0.40000E+09  26.1
 261 18.00   90.0  100.00  0.18815E+11 277.5  -1.0 110.0  82.6  0.35968E+12 -0.10000E+01  0.20362E+11  0.40000E+09  26.4
 262 18.00   90.4  100.00  0.17951E+11 277.5  -1.0 110.0  82.7  0.35637E+12 -0.10000E+01  0.19330E+11  0.40000E+09  26.8
 263 18.00   90.8  100.00  0.17103E+11 277.5  -1.0 110.0  82.7  0.35309E+12 -0.10000E+01  0.18327E+11  0.40000E+09  27.1
 264 18.00   91.1  100.00  0.16274E+11 277.4  -1.0 110.0  82.8  0.34981E+12 -0.10000E+01  0.17354E+11  0.40000E+09  27.5
 265 18.00   91.5  100.00  0.15466E+11 277.4  -1.0 110.0  82.9  0.34656E+12 -0.10000E+01  0.16413E+11  0.40000E+09  27.8
 266 18.00   91.9  100.00  0.14680E+11 277.4  -1.0 110.0  82.9  0.34331E+12 -0.10000E+01  0.15507E+11  0.40000E+09  28.2
 267 18.00   92.2  100.00  0.13919E+11 277.3  -1.0 110.0  83.0  0.34009E+12 -0.10000E+01  0.14637E+11  0.40000E+09  28.6
 268 18.00   92.6  100.00  0.13184E+11 277.3  -1.0 110.0  83.0  0.33687E+12 -0.10000E+01  0.13803E+11  0.40000E+09  28.9
 269 18.00   92.9  100.00  0.12439E+11 277.2  -1.0 110.0  83.1  0.33368E+12 -0.10000E+01  0.13006E+11  0.40000E+09  29.3
 270 18.00   93.3  100.00  0.11719E+11 277.1  -1.0 110.0  83.1  0.33050E+12 -0.10000E+01  0.12247E+11  0.40000E+09  29.7
 271 18.00   93.7  100.00  0.11035E+11 277.0  -1.0 110.0  83.2  0.32733E+12 -0.10000E+01  0.11526E+11  0.40000E+09  30.1
 272 18.00   94.0  100.00  0.10386E+11 276.9  -1.0 110.0  83.3  0.32418E+12 -0.10000E+01  0.10842E+11  0.40000E+09  30.5
 273 18.00   94.4  100.00  0.97725E+10 276.8  -1.0 110.0  83.3  0.32104E+12 -0.10000E+01  0.10196E+11  0.40000E+09  30.9
 274 18.00   94.7  100.00  0.91933E+10 276.7  -1.0 110.0  83.4  0.31792E+12 -0.10000E+01  0.95860E+10  0.40000E+09  31.3
 275 18.00   95.1  100.00  0.86475E+10 276.6  -1.0 110.0  83.5  0.31482E+12 -0.10000E+01  0.90115E+10  0.40000E+09  31.8
 276 18.00   95.4  100.00  0.81344E+10 276.5  -1.0 110.0  83.5  0.31173E+12 -0.10000E+01  0.84714E+10  0.40000E+09  32.2
 277 18.00   95.8  100.00  0.76528E+10 276.3  -1.0 110.0  83.6  0.30865E+12 -0.10000E+01  0.79646E+10  0.40000E+09  32.6
 278 18.00   96.1  100.00  0.72014E+10 276.2  -1.0 110.0  83.6  0.30560E+12 -0.10000E+01  0.74898E+10  0.40000E+09  33.0
 279 18.00   96.5  100.00  0.67790E+10 276.0  -1.0 110.0  83.7  0.30255E+12 -0.10000E+01  0.70456E+10  0.40000E+09  33.4
 280 18.00   96.8  100.00  0.63842E+10 275.8  -1.0 110.0  83.8  0.29952E+12 -0.10000E+01  0.66306E+10  0.40000E+09  33.9
 281 18.00   97.2  100.00  0.60158E+10 275.7  -1.0 110.0  83.8  0.29651E+12 -0.10000E+01  0.62434E+10  0.40000E+09  34.3
 282 18.00   97.5  100.00  0.56723E+10 275.5  -1.0 110.0  83.9  0.29351E+12 -0.10000E+01  0.58826E+10  0.40000E+09  34.7
 283 18.00   97.9  100.00  0.53525E+10 275.3  -1.0 110.0  84.0  0.29053E+12 -0.10000E+01  0.55468E+10  0.40000E+09  35.2
 284 18.00   98.2  100.00  0.50549E+10 275.1  -1.0 110.0  84.0  0.28756E+12 -0.10000E+01  0.52344E+10  0.40000E+09  35.6
 285 18.00   98.5  100.00  0.47785E+10 274.8  -1.0 110.0  84.1  0.28461E+12 -0.10000E+01  0.49444E+10  0.40000E+09  36.0
 286 18.00   98.9  100.00  0.45218E+10 274.6  -1.0 110.0  84.2  0.28167E+12 -0.10000E+01  0.46751E+10  0.40000E+09  36.4
 287 18.00   99.2  100.00  0.42836E+10 274.4  -1.0 110.0  84.2  0.27875E+12 -0.10000E+01  0.44253E+10  0.40000E+09  36.9
 288 18.00   99.5  100.00  0.40629E+10 274.1  -1.0 110.0  84.3  0.27584E+12 -0.10000E+01  0.41940E+10  0.40000E+09  37.3
 289 18.00   99.8  100.00  0.38585E+10 274.2  -1.0 110.0  84.3  0.27033E+12 -0.10000E+01  0.39798E+10  0.40000E+09  37.7
 290 18.00  100.1  100.00  0.36692E+10 274.2  -1.0 110.0  84.4  0.26488E+12 -0.10000E+01  0.37817E+10  0.40000E+09  38.1
 291 18.00  100.4  100.00  0.34943E+10 274.2  -1.0 110.0  84.5  0.25948E+12 -0.10000E+01  0.35985E+10  0.40000E+09  38.6
 292 18.00  100.8  100.00  0.33326E+10 274.2  -1.0 110.0  84.5  0.25413E+12 -0.10000E+01  0.34293E+10  0.40000E+09  39.0
 293 18.00  101.1  100.00  0.31832E+10 274.3  -1.0 110.0  84.6  0.24885E+12 -0.10000E+01  0.32730E+10  0.40000E+09  39.4
 294 18.00  101.4  100.00  0.30453E+10 274.3  -1.0 110.0  84.6  0.24362E+12 -0.10000E+01  0.31288E+10  0.40000E+09  39.8
 295 18.00  101.7  100.00  0.29181E+10 274.3  -1.0 110.0  84.7  0.23844E+12 -0.10000E+01  0.29959E+10  0.40000E+09  40.2
 296 18.00  101.9  100.00  0.28010E+10 274.3  -1.0 110.0  84.8  0.23332E+12 -0.10000E+01  0.28735E+10  0.40000E+09  40.6
 297 18.00  102.2  100.00  0.26931E+10 274.2  -1.0 110.0  84.8  0.22825E+12 -0.10000E+01  0.27608E+10  0.40000E+09  41.0
 298 18.00  102.5  100.00  0.25935E+10 274.2  -1.0 110.0  84.9  0.22324E+12 -0.10000E+01  0.26568E+10  0.40000E+09  41.3
 299 18.00  102.8  100.00  0.25021E+10 274.2  -1.0 110.0  84.9  0.21829E+12 -0.10000E+01  0.25614E+10  0.40000E+09  41.7
 300 18.00  103.1  100.00  0.24178E+10 274.2  -1.0 110.0  85.0  0.21339E+12 -0.10000E+01  0.24735E+10  0.40000E+09  42.1
 301 18.00  103.3  100.00  0.23403E+10 274.1  -1.0 110.0  85.0  0.20855E+12 -0.10000E+01  0.23927E+10  0.40000E+09  42.5
 302 18.00  103.6  100.00  0.22693E+10 274.1  -1.0 110.0  85.1  0.20376E+12 -0.10000E+01  0.23186E+10  0.40000E+09  42.8
 303 18.00  103.9  100.00  0.22040E+10 274.1  -1.0 110.0  85.1  0.19903E+12 -0.10000E+01  0.22505E+10  0.40000E+09  43.2
 304 18.00  104.1  100.00  0.21440E+10 274.0  -1.0 110.0  85.2  0.19435E+12 -0.10000E+01  0.21881E+10  0.40000E+09  43.5
 305 18.00  104.4  100.00  0.20890E+10 273.9  -1.0 110.0  85.2  0.18973E+12 -0.10000E+01  0.21308E+10  0.40000E+09  43.8
 306 18.00  104.6  100.00  0.20385E+10 273.9  -1.0 110.0  85.3  0.18517E+12 -0.10000E+01  0.20781E+10  0.40000E+09  44.2
 307 18.00  104.8  100.00  0.19921E+10 273.8  -1.0 110.0  85.3  0.18066E+12 -0.10000E+01  0.20299E+10  0.40000E+09  44.5
 308 18.00  105.1  100.00  0.19500E+10 273.8  -1.0 110.0  85.4  0.17621E+12 -0.10000E+01  0.19860E+10  0.40000E+09  44.8
 309 18.00  105.3  100.00  0.19110E+10 273.7  -1.0 110.0  85.4  0.17181E+12 -0.10000E+01  0.19454E+10  0.40000E+09  45.1
 310 18.00  105.5  100.00  0.19030E+10 273.6  -1.0 110.0  85.4  0.16747E+12 -0.10000E+01  0.19374E+10  0.40000E+09  45.4
 311 18.00  105.7  100.00  0.19023E+10 273.4  -1.0 110.0  85.5  0.16318E+12 -0.10000E+01  0.19371E+10  0.40000E+09  45.7
 312 18.00  105.9  100.00  0.19018E+10 273.3  -1.0 110.0  85.5  0.15895E+12 -0.10000E+01  0.19368E+10  0.40000E+09  46.0
 313 18.00  106.1  100.00  0.19012E+10 273.2  -1.0 110.0  85.5  0.15477E+12 -0.10000E+01  0.19365E+10  0.40000E+09  46.2
 314 18.00  106.3  100.00  0.19006E+10 273.0  -1.0 110.0  85.6  0.15065E+12 -0.10000E+01  0.19362E+10  0.40000E+09  46.5
 315 18.00  106.5  100.00  0.19000E+10 272.9  -1.0 110.0  85.6  0.14659E+12 -0.10000E+01  0.19360E+10  0.40000E+09  46.7
 316 18.00  106.7  100.00  0.18995E+10 272.8  -1.0 110.0  85.7  0.14258E+12 -0.10000E+01  0.19357E+10  0.40000E+09  47.0
 317 18.00  106.9  100.00  0.18989E+10 272.6  -1.0 110.0  85.7  0.13862E+12 -0.10000E+01  0.19354E+10  0.40000E+09  47.2
 318 18.00  107.0  100.00  0.18984E+10 272.5  -1.0 110.0  85.7  0.13473E+12 -0.10000E+01  0.19351E+10  0.40000E+09  47.4
 319 18.00  107.2  100.00  0.18978E+10 272.3  -1.0 110.0  85.7  0.13088E+12 -0.10000E+01  0.19348E+10  0.40000E+09  47.7
 320 18.00  107.4  100.00  0.18972E+10 272.5  -1.0 110.0  85.8  0.12881E+12 -0.10000E+01  0.19345E+10  0.40000E+09  47.9
 321 18.00  107.5  100.00  0.18966E+10 272.7  -1.0 110.0  85.8  0.12675E+12 -0.10000E+01  0.19341E+10  0.40000E+09  48.1
 322 18.00  107.7  100.00  0.18960E+10 272.9  -1.0 110.0  85.8  0.12471E+12 -0.10000E+01  0.19337E+10  0.40000E+09  48.3
 323 18.00  107.8  100.00  0.18954E+10 273.1  -1.0 110.0  85.9  0.12268E+12 -0.10000E+01  0.19333E+10  0.40000E+09  48.5
 324 18.00  107.9  100.00  0.18948E+10 273.3  -1.0 110.0  85.9  0.12068E+12 -0.10000E+01  0.19329E+10  0.40000E+09  48.6
 325 18.00  108.1  100.00  0.18942E+10 273.5  -1.0 110.0  85.9  0.11868E+12 -0.10000E+01  0.19325E+10  0.40000E+09  48.8
 326 18.00  108.2  100.00  0.18936E+10 273.7  -1.0 110.0  85.9  0.11671E+12 -0.10000E+01  0.19322E+10  0.40000E+09  48.9
 327 18.00  108.3  100.00  0.18931E+10 273.9  -1.0 110.0  85.9  0.11475E+12 -0.10000E+01  0.19318E+10  0.40000E+09  49.1
 328 18.00  108.4  100.00  0.18925E+10 274.0  -1.0 110.0  86.0  0.11281E+12 -0.10000E+01  0.19314E+10  0.40000E+09  49.2
 329 18.00  108.5  100.00  0.18920E+10 274.2  -1.0 110.0  86.0  0.11088E+12 -0.10000E+01  0.19310E+10  0.40000E+09  49.4
 330 18.00  108.6  100.00  0.18914E+10 274.4  -1.0 110.0  86.0  0.10897E+12 -0.10000E+01  0.19306E+10  0.40000E+09  49.5
 331 18.00  108.7  100.00  0.18909E+10 274.6  -1.0 110.0  86.0  0.10708E+12 -0.10000E+01  0.19302E+10  0.40000E+09  49.6
 332 18.00  108.7  100.00  0.18904E+10 274.8  -1.0 110.0  86.0  0.10520E+12 -0.10000E+01  0.19298E+10  0.40000E+09  49.7
 333 18.00  108.8  100.00  0.18899E+10 275.0  -1.0 110.0  86.0  0.10334E+12 -0.10000E+01  0.19295E+10  0.40000E+09  49.8
 334 18.00  108.9  100.00  0.18895E+10 275.1  -1.0 110.0  86.1  0.10150E+12 -0.10000E+01  0.19291E+10  0.40000E+09  49.9
 335 18.00  108.9  100.00  0.18890E+10 275.3  -1.0 110.0  86.1  0.99675E+11 -0.10000E+01  0.19287E+10  0.40000E+09  50.0
 336 18.00  109.0  100.00  0.18885E+10 275.5  -1.0 110.0  86.1  0.97865E+11 -0.10000E+01  0.19283E+10  0.40000E+09  50.0
 337 18.00  109.0  100.00  0.18881E+10 275.7  -1.0 110.0  86.1  0.96072E+11 -0.10000E+01  0.19279E+10  0.40000E+09  50.1
 338 18.00  109.1  100.00  0.18876E+10 275.8  -1.0 110.0  86.1  0.94295E+11 -0.10000E+01  0.19275E+10  0.40000E+09  50.2
 339 18.00  109.1  100.00  0.18872E+10 276.0  -1.0 110.0  86.1  0.92536E+11 -0.10000E+01  0.19272E+10  0.40000E+09  50.2
 340 18.00  109.1  100.00  0.18868E+10 276.2  -1.0 110.0  86.1  0.90793E+11 -0.10000E+01  0.19268E+10  0.40000E+09  50.2
 341 18.00  109.1  100.00  0.18864E+10 276.4  -1.0 110.0  86.1  0.89065E+11 -0.10000E+01  0.19264E+10  0.40000E+09  50.3
 342 18.00  109.2  100.00  0.18860E+10 276.5  -1.0 110.0  86.1  0.87356E+11 -0.10000E+01  0.19260E+10  0.40000E+09  50.3
 343 18.00  109.2  100.00  0.18856E+10 276.7  -1.0 110.0  86.1  0.85662E+11 -0.10000E+01  0.19256E+10  0.40000E+09  50.3
 344 18.00  109.2  100.00  0.18852E+10 276.9  -1.0 110.0  86.1  0.83985E+11 -0.10000E+01  0.19252E+10  0.40000E+09  50.3
 345 18.00  109.1  100.00  0.18849E+10 277.0  -1.0 110.0  86.1  0.82324E+11 -0.10000E+01  0.19249E+10  0.40000E+09  50.3
 346 18.00  109.1  100.00  0.18845E+10 277.2  -1.0 110.0  86.1  0.80680E+11 -0.10000E+01  0.19245E+10  0.40000E+09  50.3
 347 18.00  109.1  100.00  0.18842E+10 277.3  -1.0 110.0  86.1  0.79053E+11 -0.10000E+01  0.19241E+10  0.40000E+09  50.3
 348 18.00  109.1  100.00  0.18839E+10 277.5  -1.0 110.0  86.1  0.77442E+11 -0.10000E+01  0.19237E+10  0.40000E+09  50.2
 349 18.00  109.0  100.00  0.18836E+10 277.7  -1.0 110.0  86.1  0.75848E+11 -0.10000E+01  0.19233E+10  0.40000E+09  50.2
 350 18.00  109.0  100.00  0.18833E+10 277.3  -1.0 110.0  86.1  0.76430E+11 -0.10000E+01  0.19230E+10  0.40000E+09  50.1
 351 18.00  109.0  100.00  0.18830E+10 277.0  -1.0 110.0  86.1  0.77015E+11 -0.10000E+01  0.19226E+10  0.40000E+09  50.1
 352 18.00  108.9  100.00  0.18827E+10 276.7  -1.0 110.0  86.1  0.77601E+11 -0.10000E+01  0.19222E+10  0.40000E+09  50.0
 353 18.00  108.8  100.00  0.18825E+10 276.3  -1.0 110.0  86.1  0.78190E+11 -0.10000E+01  0.19218E+10  0.40000E+09  50.0
 354 18.00  108.8  100.00  0.18822E+10 276.0  -1.0 110.0  86.1  0.78781E+11 -0.10000E+01  0.19215E+10  0.40000E+09  49.9
 355 18.00  108.7  100.00  0.18820E+10 275.7  -1.0 110.0  86.0  0.79374E+11 -0.10000E+01  0.19211E+10  0.40000E+09  49.8
 356 18.00  108.6  100.00  0.18818E+10 275.4  -1.0 110.0  86.0  0.79969E+11 -0.10000E+01  0.19207E+10  0.40000E+09  49.7
 357 18.00  108.5  100.00  0.18816E+10 275.0  -1.0 110.0  86.0  0.80567E+11 -0.10000E+01  0.19204E+10  0.40000E+09  49.6
 358 18.00  108.4  100.00  0.18814E+10 274.7  -1.0 110.0  86.0  0.81166E+11 -0.10000E+01  0.19200E+10  0.40000E+09  49.5
 359 18.00  108.3  100.00  0.18812E+10 274.4  -1.0 110.0  86.0  0.81768E+11 -0.10000E+01  0.19196E+10  0.40000E+09  49.3
 360 18.00  108.2  100.00  0.18810E+10 274.0  -1.0 110.0  86.0  0.82373E+11 -0.10000E+01  0.19192E+10  0.40000E+09  49.2
 361 18.00  108.1  100.00  0.18808E+10 273.7  -1.0 110.0  85.9  0.82979E+11 -0.10000E+01  0.19189E+10  0.40000E+09  49.1
 362 18.00  108.0  100.00  0.18807E+10 273.4  -1.0 110.0  85.9  0.83588E+11 -0.10000E+01  0.19185E+10  0.40000E+09  48.9
 363 18.00  107.9  100.00  0.18805E+10 273.1  -1.0 110.0  85.9  0.84199E+11 -0.10000E+01  0.19181E+10  0.40000E+09  48.8
 364 18.00  107.8  100.00  0.18804E+10 272.7  -1.0 110.0  85.9  0.84812E+11 -0.10000E+01  0.19178E+10  0.40000E+09  48.6
 365 18.00  107.6  100.00  0.18802E+10 272.4  -1.0 110.0  85.9  0.85427E+11 -0.10000E+01  0.19174E+10  0.40000E+09  48.4
