   1 17.00   99.0  100.00  0.48088E+10 262.9  -1.0 110.0  84.2  0.20546E+12 -0.10000E+01  0.49791E+10  0.40000E+09  36.3
   2 17.00   98.9  100.00  0.49221E+10 262.7  -1.0 110.0  84.1  0.20712E+12 -0.10000E+01  0.50979E+10  0.40000E+09  36.1
   3 17.00   98.7  100.00  0.50431E+10 262.4  -1.0 110.0  84.1  0.20877E+12 -0.10000E+01  0.52248E+10  0.40000E+09  35.9
   4 17.00   98.6  100.00  0.51719E+10 262.1  -1.0 110.0  84.1  0.21044E+12 -0.10000E+01  0.53600E+10  0.40000E+09  35.7
   5 17.00   98.4  100.00  0.53095E+10 261.8  -1.0 110.0  84.0  0.21211E+12 -0.10000E+01  0.55043E+10  0.40000E+09  35.4
   6 17.00   98.3  100.00  0.54555E+10 261.5  -1.0 110.0  84.0  0.21378E+12 -0.10000E+01  0.56576E+10  0.40000E+09  35.2
   7 17.00   98.1  100.00  0.56108E+10 261.2  -1.0 110.0  84.0  0.21547E+12 -0.10000E+01  0.58206E+10  0.40000E+09  35.0
   8 17.00   97.9  100.00  0.57759E+10 260.9  -1.0 110.0  83.9  0.21716E+12 -0.10000E+01  0.59939E+10  0.40000E+09  34.8
   9 17.00   97.8  100.00  0.59512E+10 260.6  -1.0 110.0  83.9  0.21886E+12 -0.10000E+01  0.61780E+10  0.40000E+09  34.5
  10 17.00   97.6  100.00  0.61371E+10 260.2  -1.0 110.0  83.9  0.22056E+12 -0.10000E+01  0.63732E+10  0.40000E+09  34.3
  11 17.00   97.4  100.00  0.63341E+10 259.9  -1.0 110.0  83.8  0.22227E+12 -0.10000E+01  0.65802E+10  0.40000E+09  34.0
  12 17.00   97.2  100.00  0.65430E+10 259.6  -1.0 110.0  83.8  0.22399E+12 -0.10000E+01  0.67996E+10  0.40000E+09  33.8
  13 17.00   97.0  100.00  0.67639E+10 259.2  -1.0 110.0  83.7  0.22571E+12 -0.10000E+01  0.70317E+10  0.40000E+09  33.5
  14 17.00   96.8  100.00  0.69978E+10 258.9  -1.0 110.0  83.7  0.22744E+12 -0.10000E+01  0.72776E+10  0.40000E+09  33.3
  15 17.00   96.6  100.00  0.72452E+10 258.5  -1.0 110.0  83.7  0.22918E+12 -0.10000E+01  0.75376E+10  0.40000E+09  33.0
  16 17.00   96.4  100.00  0.75055E+10 258.5  -1.0 110.0  83.6  0.23183E+12 -0.10000E+01  0.78113E+10  0.40000E+09  32.8
  17 17.00   96.2  100.00  0.77803E+10 258.4  -1.0 110.0  83.6  0.23449E+12 -0.10000E+01  0.81004E+10  0.40000E+09  32.5
  18 17.00   96.0  100.00  0.80705E+10 258.4  -1.0 110.0  83.5  0.23717E+12 -0.10000E+01  0.84055E+10  0.40000E+09  32.3
  19 17.00   95.8  100.00  0.83763E+10 258.3  -1.0 110.0  83.5  0.23986E+12 -0.10000E+01  0.87273E+10  0.40000E+09  32.0
  20 17.00   95.5  100.00  0.86988E+10 258.2  -1.0 110.0  83.5  0.24257E+12 -0.10000E+01  0.90667E+10  0.40000E+09  31.7
  21 17.00   95.3  100.00  0.90382E+10 258.1  -1.0 110.0  83.4  0.24529E+12 -0.10000E+01  0.94238E+10  0.40000E+09  31.5
  22 17.00   95.1  100.00  0.93953E+10 258.0  -1.0 110.0  83.4  0.24803E+12 -0.10000E+01  0.97998E+10  0.40000E+09  31.2
  23 17.00   94.9  100.00  0.97708E+10 257.9  -1.0 110.0  83.3  0.25078E+12 -0.10000E+01  0.10195E+11  0.40000E+09  30.9
  24 17.00   94.6  100.00  0.10165E+11 257.8  -1.0 110.0  83.3  0.25355E+12 -0.10000E+01  0.10611E+11  0.40000E+09  30.7
  25 17.00   94.4  100.00  0.10579E+11 257.7  -1.0 110.0  83.3  0.25633E+12 -0.10000E+01  0.11047E+11  0.40000E+09  30.4
  26 17.00   94.1  100.00  0.11013E+11 257.6  -1.0 110.0  83.2  0.25913E+12 -0.10000E+01  0.11504E+11  0.40000E+09  30.1
  27 17.00   93.9  100.00  0.11468E+11 257.5  -1.0 110.0  83.2  0.26194E+12 -0.10000E+01  0.11983E+11  0.40000E+09  29.9
  28 17.00   93.7  100.00  0.11943E+11 257.4  -1.0 110.0  83.1  0.26477E+12 -0.10000E+01  0.12484E+11  0.40000E+09  29.6
  29 17.00   93.4  100.00  0.12440E+11 257.2  -1.0 110.0  83.1  0.26762E+12 -0.10000E+01  0.13008E+11  0.40000E+09  29.4
  30 17.00   93.2  100.00  0.12959E+11 257.1  -1.0 110.0  83.1  0.27048E+12 -0.10000E+01  0.13555E+11  0.40000E+09  29.1
  31 17.00   92.9  100.00  0.13466E+11 256.9  -1.0 110.0  83.0  0.27335E+12 -0.10000E+01  0.14125E+11  0.40000E+09  28.8
  32 17.00   92.6  100.00  0.13989E+11 256.8  -1.0 110.0  83.0  0.27624E+12 -0.10000E+01  0.14719E+11  0.40000E+09  28.6
  33 17.00   92.4  100.00  0.14528E+11 256.6  -1.0 110.0  82.9  0.27915E+12 -0.10000E+01  0.15337E+11  0.40000E+09  28.3
  34 17.00   92.1  100.00  0.15085E+11 256.4  -1.0 110.0  82.9  0.28207E+12 -0.10000E+01  0.15978E+11  0.40000E+09  28.1
  35 17.00   91.9  100.00  0.15659E+11 256.2  -1.0 110.0  82.9  0.28501E+12 -0.10000E+01  0.16643E+11  0.40000E+09  27.8
  36 17.00   91.6  100.00  0.16249E+11 256.1  -1.0 110.0  82.8  0.28796E+12 -0.10000E+01  0.17331E+11  0.40000E+09  27.6
  37 17.00   91.3  100.00  0.16854E+11 255.9  -1.0 110.0  82.8  0.29092E+12 -0.10000E+01  0.18043E+11  0.40000E+09  27.4
  38 17.00   91.1  100.00  0.17475E+11 255.7  -1.0 110.0  82.7  0.29390E+12 -0.10000E+01  0.18777E+11  0.40000E+09  27.1
  39 17.00   90.8  100.00  0.18111E+11 255.5  -1.0 110.0  82.7  0.29690E+12 -0.10000E+01  0.19534E+11  0.40000E+09  26.9
  40 17.00   90.5  100.00  0.18760E+11 255.3  -1.0 110.0  82.7  0.29991E+12 -0.10000E+01  0.20311E+11  0.40000E+09  26.7
  41 17.00   90.3  100.00  0.19422E+11 255.1  -1.0 110.0  82.6  0.30294E+12 -0.10000E+01  0.21110E+11  0.40000E+09  26.4
  42 17.00   90.0  100.00  0.20095E+11 254.9  -1.0 110.0  82.6  0.30598E+12 -0.10000E+01  0.21928E+11  0.40000E+09  26.2
  43 17.00   89.7  100.00  0.20780E+11 254.7  -1.0 110.0  82.6  0.30904E+12 -0.10000E+01  0.22765E+11  0.40000E+09  26.0
  44 17.00   89.4  100.00  0.21474E+11 254.5  -1.0 110.0  82.5  0.31211E+12 -0.10000E+01  0.23619E+11  0.40000E+09  25.8
  45 17.00   89.2  100.00  0.22177E+11 254.3  -1.0 110.0  82.5  0.31520E+12 -0.10000E+01  0.24490E+11  0.40000E+09  25.5
  46 17.00   88.9  100.00  0.22887E+11 254.3  -1.0 110.0  82.4  0.31882E+12 -0.10000E+01  0.25374E+11  0.40000E+09  25.3
  47 17.00   88.6  100.00  0.23602E+11 254.4  -1.0 110.0  82.4  0.32247E+12 -0.10000E+01  0.26272E+11  0.40000E+09  25.1
  48 17.00   88.3  100.00  0.24323E+11 254.5  -1.0 110.0  82.4  0.32614E+12 -0.10000E+01  0.27182E+11  0.40000E+09  24.9
  49 17.00   88.0  100.00  0.25048E+11 254.5  -1.0 110.0  82.3  0.32982E+12 -0.10000E+01  0.28103E+11  0.40000E+09  24.7
  50 17.00   87.8  100.00  0.25776E+11 254.6  -1.0 110.0  82.3  0.33353E+12 -0.10000E+01  0.29032E+11  0.40000E+09  24.5
  51 17.00   87.5  100.00  0.26506E+11 254.7  -1.0 110.0  82.3  0.33726E+12 -0.10000E+01  0.29970E+11  0.40000E+09  24.3
  52 17.00   87.2  100.00  0.27237E+11 254.7  -1.0 110.0  82.3  0.34101E+12 -0.10000E+01  0.30914E+11  0.40000E+09  24.1
  53 17.00   86.9  100.00  0.27967E+11 254.8  -1.0 110.0  82.2  0.34478E+12 -0.10000E+01  0.31862E+11  0.40000E+09  23.9
  54 17.00   86.6  100.00  0.28696E+11 254.9  -1.0 110.0  82.2  0.34857E+12 -0.10000E+01  0.32815E+11  0.40000E+09  23.8
  55 17.00   86.4  100.00  0.29423E+11 255.0  -1.0 110.0  82.2  0.35238E+12 -0.10000E+01  0.33769E+11  0.40000E+09  23.6
  56 17.00   86.1  100.00  0.30147E+11 255.1  -1.0 110.0  82.1  0.35621E+12 -0.10000E+01  0.34724E+11  0.40000E+09  23.4
  57 17.00   85.8  100.00  0.30867E+11 255.2  -1.0 110.0  82.1  0.36006E+12 -0.10000E+01  0.35679E+11  0.40000E+09  23.2
  58 17.00   85.5  100.00  0.31583E+11 255.3  -1.0 110.0  82.1  0.36394E+12 -0.10000E+01  0.36632E+11  0.40000E+09  23.0
  59 17.00   85.2  100.00  0.32294E+11 255.4  -1.0 110.0  82.1  0.36783E+12 -0.10000E+01  0.37583E+11  0.40000E+09  22.9
  60 17.00   84.9  100.00  0.32999E+11 255.5  -1.0 110.0  82.0  0.37175E+12 -0.10000E+01  0.38530E+11  0.40000E+09  22.7
  61 17.00   84.6  100.00  0.33698E+11 255.6  -1.0 110.0  82.0  0.37568E+12 -0.10000E+01  0.39473E+11  0.40000E+09  22.6
  62 17.00   84.4  100.00  0.34390E+11 255.8  -1.0 110.0  82.0  0.37964E+12 -0.10000E+01  0.40410E+11  0.40000E+09  22.4
  63 17.00   84.1  100.00  0.35074E+11 255.9  -1.0 110.0  81.9  0.38362E+12 -0.10000E+01  0.41342E+11  0.40000E+09  22.2
  64 17.00   83.8  100.00  0.35752E+11 256.1  -1.0 110.0  81.9  0.38762E+12 -0.10000E+01  0.42266E+11  0.40000E+09  22.1
  65 17.00   83.5  100.00  0.36421E+11 256.2  -1.0 110.0  81.9  0.39163E+12 -0.10000E+01  0.43183E+11  0.40000E+09  21.9
  66 17.00   83.2  100.00  0.37083E+11 256.4  -1.0 110.0  81.9  0.39567E+12 -0.10000E+01  0.44092E+11  0.40000E+09  21.8
  67 17.00   82.9  100.00  0.37736E+11 256.6  -1.0 110.0  81.8  0.39973E+12 -0.10000E+01  0.44993E+11  0.40000E+09  21.7
  68 17.00   82.6  100.00  0.38380E+11 256.7  -1.0 110.0  81.8  0.40381E+12 -0.10000E+01  0.45885E+11  0.40000E+09  21.5
  69 17.00   82.4  100.00  0.39016E+11 256.9  -1.0 110.0  81.8  0.40792E+12 -0.10000E+01  0.46768E+11  0.40000E+09  21.4
  70 17.00   82.1  100.00  0.39643E+11 257.1  -1.0 110.0  81.8  0.41204E+12 -0.10000E+01  0.47641E+11  0.40000E+09  21.3
  71 17.00   81.8  100.00  0.40262E+11 257.3  -1.0 110.0  81.8  0.41618E+12 -0.10000E+01  0.48504E+11  0.40000E+09  21.1
  72 17.00   81.5  100.00  0.40871E+11 257.5  -1.0 110.0  81.7  0.42035E+12 -0.10000E+01  0.49358E+11  0.40000E+09  21.0
  73 17.00   81.2  100.00  0.41472E+11 257.7  -1.0 110.0  81.7  0.42453E+12 -0.10000E+01  0.50201E+11  0.40000E+09  20.9
  74 17.00   81.0  100.00  0.42064E+11 258.0  -1.0 110.0  81.7  0.42874E+12 -0.10000E+01  0.51034E+11  0.40000E+09  20.7
  75 17.00   80.7  100.00  0.42649E+11 258.2  -1.0 110.0  81.7  0.42827E+12 -0.10000E+01  0.51860E+11  0.40000E+09  20.6
  76 17.00   80.4  100.00  0.43225E+11 258.5  -1.0 110.0  81.7  0.42781E+12 -0.10000E+01  0.52675E+11  0.40000E+09  20.5
  77 17.00   80.1  100.00  0.43793E+11 258.8  -1.0 110.0  81.6  0.42735E+12 -0.10000E+01  0.53480E+11  0.40000E+09  20.4
  78 17.00   79.8  100.00  0.44352E+11 259.0  -1.0 110.0  81.6  0.42688E+12 -0.10000E+01  0.54275E+11  0.40000E+09  20.3
  79 17.00   79.6  100.00  0.44902E+11 259.3  -1.0 110.0  81.6  0.42642E+12 -0.10000E+01  0.55059E+11  0.40000E+09  20.2
  80 17.00   79.3  100.00  0.45444E+11 259.6  -1.0 110.0  81.6  0.42596E+12 -0.10000E+01  0.55833E+11  0.40000E+09  20.1
  81 17.00   79.0  100.00  0.45978E+11 259.9  -1.0 110.0  81.6  0.42550E+12 -0.10000E+01  0.56597E+11  0.40000E+09  20.0
  82 17.00   78.7  100.00  0.46503E+11 260.2  -1.0 110.0  81.6  0.42504E+12 -0.10000E+01  0.57351E+11  0.40000E+09  19.9
  83 17.00   78.5  100.00  0.47020E+11 260.5  -1.0 110.0  81.5  0.42458E+12 -0.10000E+01  0.58094E+11  0.40000E+09  19.8
  84 17.00   78.2  100.00  0.47529E+11 260.8  -1.0 110.0  81.5  0.42412E+12 -0.10000E+01  0.58827E+11  0.40000E+09  19.7
  85 17.00   77.9  100.00  0.48030E+11 261.0  -1.0 110.0  81.5  0.42366E+12 -0.10000E+01  0.59550E+11  0.40000E+09  19.6
  86 17.00   77.7  100.00  0.48523E+11 261.3  -1.0 110.0  81.5  0.42320E+12 -0.10000E+01  0.60264E+11  0.40000E+09  19.5
  87 17.00   77.4  100.00  0.49009E+11 261.6  -1.0 110.0  81.5  0.42273E+12 -0.10000E+01  0.60967E+11  0.40000E+09  19.4
  88 17.00   77.1  100.00  0.49486E+11 261.9  -1.0 110.0  81.5  0.42228E+12 -0.10000E+01  0.61661E+11  0.40000E+09  19.3
  89 17.00   76.9  100.00  0.49957E+11 262.2  -1.0 110.0  81.4  0.42182E+12 -0.10000E+01  0.62346E+11  0.40000E+09  19.2
  90 17.00   76.6  100.00  0.50420E+11 262.6  -1.0 110.0  81.4  0.42136E+12 -0.10000E+01  0.63021E+11  0.40000E+09  19.1
  91 17.00   76.3  100.00  0.50876E+11 262.9  -1.0 110.0  81.4  0.42090E+12 -0.10000E+01  0.63687E+11  0.40000E+09  19.1
  92 17.00   76.1  100.00  0.51324E+11 263.2  -1.0 110.0  81.4  0.42044E+12 -0.10000E+01  0.64343E+11  0.40000E+09  19.0
  93 17.00   75.8  100.00  0.51766E+11 263.5  -1.0 110.0  81.4  0.41998E+12 -0.10000E+01  0.64991E+11  0.40000E+09  18.9
  94 17.00   75.5  100.00  0.52200E+11 263.8  -1.0 110.0  81.4  0.41952E+12 -0.10000E+01  0.65630E+11  0.40000E+09  18.8
  95 17.00   75.3  100.00  0.52628E+11 264.1  -1.0 110.0  81.4  0.41906E+12 -0.10000E+01  0.66260E+11  0.40000E+09  18.8
  96 17.00   75.0  100.00  0.53050E+11 264.4  -1.0 110.0  81.4  0.41861E+12 -0.10000E+01  0.66881E+11  0.40000E+09  18.7
  97 17.00   74.8  100.00  0.53464E+11 264.8  -1.0 110.0  81.3  0.41815E+12 -0.10000E+01  0.67494E+11  0.40000E+09  18.6
  98 17.00   74.5  100.00  0.53872E+11 265.1  -1.0 110.0  81.3  0.41769E+12 -0.10000E+01  0.68098E+11  0.40000E+09  18.6
  99 17.00   74.3  100.00  0.54274E+11 265.4  -1.0 110.0  81.3  0.41723E+12 -0.10000E+01  0.68694E+11  0.40000E+09  18.5
 100 17.00   74.0  100.00  0.54670E+11 265.7  -1.0 110.0  81.3  0.41678E+12 -0.10000E+01  0.69282E+11  0.40000E+09  18.4
 101 17.00   73.8  100.00  0.55059E+11 266.1  -1.0 110.0  81.3  0.41632E+12 -0.10000E+01  0.69862E+11  0.40000E+09  18.4
 102 17.00   73.5  100.00  0.55442E+11 266.4  -1.0 110.0  81.3  0.41586E+12 -0.10000E+01  0.70434E+11  0.40000E+09  18.3
 103 17.00   73.3  100.00  0.55819E+11 266.7  -1.0 110.0  81.3  0.41541E+12 -0.10000E+01  0.70998E+11  0.40000E+09  18.2
 104 17.00   73.0  100.00  0.56191E+11 267.1  -1.0 110.0  81.3  0.41495E+12 -0.10000E+01  0.71554E+11  0.40000E+09  18.2
 105 17.00   72.8  100.00  0.56556E+11 267.4  -1.0 110.0  81.3  0.41450E+12 -0.10000E+01  0.72103E+11  0.40000E+09  18.1
 106 17.00   72.5  100.00  0.56916E+11 267.4  -1.0 110.0  81.3  0.41332E+12 -0.10000E+01  0.72643E+11  0.40000E+09  18.1
 107 17.00   72.3  100.00  0.57269E+11 267.3  -1.0 110.0  81.2  0.41214E+12 -0.10000E+01  0.73176E+11  0.40000E+09  18.0
 108 17.00   72.0  100.00  0.57617E+11 267.3  -1.0 110.0  81.2  0.41096E+12 -0.10000E+01  0.73701E+11  0.40000E+09  18.0
 109 17.00   71.8  100.00  0.57959E+11 267.2  -1.0 110.0  81.2  0.40979E+12 -0.10000E+01  0.74218E+11  0.40000E+09  17.9
 110 17.00   71.6  100.00  0.58296E+11 267.2  -1.0 110.0  81.2  0.40862E+12 -0.10000E+01  0.74729E+11  0.40000E+09  17.9
 111 17.00   71.3  100.00  0.58627E+11 267.1  -1.0 110.0  81.2  0.40745E+12 -0.10000E+01  0.75232E+11  0.40000E+09  17.8
 112 17.00   71.1  100.00  0.58953E+11 267.1  -1.0 110.0  81.2  0.40628E+12 -0.10000E+01  0.75728E+11  0.40000E+09  17.8
 113 17.00   70.9  100.00  0.59273E+11 267.0  -1.0 110.0  81.2  0.40511E+12 -0.10000E+01  0.76217E+11  0.40000E+09  17.7
 114 17.00   70.6  100.00  0.59589E+11 266.9  -1.0 110.0  81.2  0.40394E+12 -0.10000E+01  0.76698E+11  0.40000E+09  17.7
 115 17.00   70.4  100.00  0.59899E+11 266.9  -1.0 110.0  81.2  0.40278E+12 -0.10000E+01  0.77173E+11  0.40000E+09  17.6
 116 17.00   70.2  100.00  0.60204E+11 266.8  -1.0 110.0  81.2  0.40162E+12 -0.10000E+01  0.77641E+11  0.40000E+09  17.6
 117 17.00   70.0  100.00  0.60503E+11 266.8  -1.0 110.0  81.2  0.40046E+12 -0.10000E+01  0.78101E+11  0.40000E+09  17.6
 118 17.00   69.8  100.00  0.60798E+11 266.7  -1.0 110.0  81.2  0.39930E+12 -0.10000E+01  0.78555E+11  0.40000E+09  17.5
 119 17.00   69.5  100.00  0.61087E+11 266.7  -1.0 110.0  81.2  0.39814E+12 -0.10000E+01  0.79001E+11  0.40000E+09  17.5
 120 17.00   69.3  100.00  0.61371E+11 266.6  -1.0 110.0  81.2  0.39699E+12 -0.10000E+01  0.79441E+11  0.40000E+09  17.5
 121 17.00   69.1  100.00  0.61650E+11 266.6  -1.0 110.0  81.1  0.39583E+12 -0.10000E+01  0.79874E+11  0.40000E+09  17.4
 122 17.00   68.9  100.00  0.61924E+11 266.5  -1.0 110.0  81.1  0.39468E+12 -0.10000E+01  0.80300E+11  0.40000E+09  17.4
 123 17.00   68.7  100.00  0.62193E+11 266.5  -1.0 110.0  81.1  0.39353E+12 -0.10000E+01  0.80718E+11  0.40000E+09  17.4
 124 17.00   68.5  100.00  0.62457E+11 266.4  -1.0 110.0  81.1  0.39238E+12 -0.10000E+01  0.81130E+11  0.40000E+09  17.3
 125 17.00   68.3  100.00  0.62716E+11 266.4  -1.0 110.0  81.1  0.39123E+12 -0.10000E+01  0.81535E+11  0.40000E+09  17.3
 126 17.00   68.1  100.00  0.62970E+11 266.3  -1.0 110.0  81.1  0.39009E+12 -0.10000E+01  0.81933E+11  0.40000E+09  17.3
 127 17.00   67.9  100.00  0.63219E+11 266.3  -1.0 110.0  81.1  0.38894E+12 -0.10000E+01  0.82324E+11  0.40000E+09  17.2
 128 17.00   67.7  100.00  0.63463E+11 266.2  -1.0 110.0  81.1  0.38780E+12 -0.10000E+01  0.82707E+11  0.40000E+09  17.2
 129 17.00   67.5  100.00  0.63702E+11 266.2  -1.0 110.0  81.1  0.38666E+12 -0.10000E+01  0.83084E+11  0.40000E+09  17.2
 130 17.00   67.3  100.00  0.63936E+11 266.1  -1.0 110.0  81.1  0.38552E+12 -0.10000E+01  0.83454E+11  0.40000E+09  17.2
 131 17.00   67.1  100.00  0.64165E+11 266.1  -1.0 110.0  81.1  0.38438E+12 -0.10000E+01  0.83817E+11  0.40000E+09  17.2
 132 17.00   66.9  100.00  0.64389E+11 266.0  -1.0 110.0  81.1  0.38325E+12 -0.10000E+01  0.84172E+11  0.40000E+09  17.1
 133 17.00   66.7  100.00  0.64608E+11 266.0  -1.0 110.0  81.1  0.38211E+12 -0.10000E+01  0.84520E+11  0.40000E+09  17.1
 134 17.00   66.5  100.00  0.64822E+11 265.9  -1.0 110.0  81.1  0.38098E+12 -0.10000E+01  0.84862E+11  0.40000E+09  17.1
 135 17.00   66.3  100.00  0.65031E+11 265.9  -1.0 110.0  81.1  0.37985E+12 -0.10000E+01  0.85195E+11  0.40000E+09  17.1
 136 17.00   66.2  100.00  0.65235E+11 265.7  -1.0 110.0  81.1  0.37861E+12 -0.10000E+01  0.85522E+11  0.40000E+09  17.0
 137 17.00   66.0  100.00  0.65434E+11 265.5  -1.0 110.0  81.1  0.37737E+12 -0.10000E+01  0.85841E+11  0.40000E+09  17.0
 138 17.00   65.8  100.00  0.65628E+11 265.3  -1.0 110.0  81.1  0.37613E+12 -0.10000E+01  0.86152E+11  0.40000E+09  17.0
 139 17.00   65.7  100.00  0.65817E+11 265.1  -1.0 110.0  81.1  0.37490E+12 -0.10000E+01  0.86456E+11  0.40000E+09  17.0
 140 17.00   65.5  100.00  0.66001E+11 264.9  -1.0 110.0  81.1  0.37366E+12 -0.10000E+01  0.86753E+11  0.40000E+09  17.0
 141 17.00   65.3  100.00  0.66180E+11 264.8  -1.0 110.0  81.1  0.37243E+12 -0.10000E+01  0.87042E+11  0.40000E+09  17.0
 142 17.00   65.2  100.00  0.66355E+11 264.6  -1.0 110.0  81.1  0.37120E+12 -0.10000E+01  0.87324E+11  0.40000E+09  17.0
 143 17.00   65.0  100.00  0.66524E+11 264.4  -1.0 110.0  81.1  0.36997E+12 -0.10000E+01  0.87598E+11  0.40000E+09  16.9
 144 17.00   64.9  100.00  0.66688E+11 264.2  -1.0 110.0  81.1  0.36875E+12 -0.10000E+01  0.87865E+11  0.40000E+09  16.9
 145 17.00   64.7  100.00  0.66847E+11 264.0  -1.0 110.0  81.1  0.36753E+12 -0.10000E+01  0.88124E+11  0.40000E+09  16.9
 146 17.00   64.6  100.00  0.67002E+11 263.8  -1.0 110.0  81.1  0.36630E+12 -0.10000E+01  0.88376E+11  0.40000E+09  16.9
 147 17.00   64.4  100.00  0.67151E+11 263.7  -1.0 110.0  81.1  0.36508E+12 -0.10000E+01  0.88620E+11  0.40000E+09  16.9
 148 17.00   64.3  100.00  0.67295E+11 263.5  -1.0 110.0  81.1  0.36387E+12 -0.10000E+01  0.88856E+11  0.40000E+09  16.9
 149 17.00   64.2  100.00  0.67435E+11 263.3  -1.0 110.0  81.1  0.36265E+12 -0.10000E+01  0.89084E+11  0.40000E+09  16.9
 150 17.00   64.1  100.00  0.67569E+11 263.1  -1.0 110.0  81.0  0.36144E+12 -0.10000E+01  0.89305E+11  0.40000E+09  16.9
 151 17.00   63.9  100.00  0.67698E+11 263.0  -1.0 110.0  81.0  0.36023E+12 -0.10000E+01  0.89517E+11  0.40000E+09  16.9
 152 17.00   63.8  100.00  0.67823E+11 262.8  -1.0 110.0  81.0  0.35902E+12 -0.10000E+01  0.89722E+11  0.40000E+09  16.8
 153 17.00   63.7  100.00  0.67942E+11 262.6  -1.0 110.0  81.0  0.35781E+12 -0.10000E+01  0.89919E+11  0.40000E+09  16.8
 154 17.00   63.6  100.00  0.68056E+11 262.5  -1.0 110.0  81.0  0.35661E+12 -0.10000E+01  0.90108E+11  0.40000E+09  16.8
 155 17.00   63.5  100.00  0.68166E+11 262.3  -1.0 110.0  81.0  0.35540E+12 -0.10000E+01  0.90289E+11  0.40000E+09  16.8
 156 17.00   63.4  100.00  0.68270E+11 262.1  -1.0 110.0  81.0  0.35420E+12 -0.10000E+01  0.90462E+11  0.40000E+09  16.8
 157 17.00   63.3  100.00  0.68369E+11 262.0  -1.0 110.0  81.0  0.35300E+12 -0.10000E+01  0.90627E+11  0.40000E+09  16.8
 158 17.00   63.2  100.00  0.68463E+11 261.8  -1.0 110.0  81.0  0.35181E+12 -0.10000E+01  0.90783E+11  0.40000E+09  16.8
 159 17.00   63.1  100.00  0.68553E+11 261.6  -1.0 110.0  81.0  0.35061E+12 -0.10000E+01  0.90932E+11  0.40000E+09  16.8
 160 17.00   63.0  100.00  0.68637E+11 261.5  -1.0 110.0  81.0  0.34942E+12 -0.10000E+01  0.91072E+11  0.40000E+09  16.8
 161 17.00   62.9  100.00  0.68716E+11 261.3  -1.0 110.0  81.0  0.34823E+12 -0.10000E+01  0.91204E+11  0.40000E+09  16.8
 162 17.00   62.9  100.00  0.68789E+11 261.2  -1.0 110.0  81.0  0.34704E+12 -0.10000E+01  0.91328E+11  0.40000E+09  16.8
 163 17.00   62.8  100.00  0.68858E+11 261.0  -1.0 110.0  81.0  0.34585E+12 -0.10000E+01  0.91443E+11  0.40000E+09  16.8
 164 17.00   62.7  100.00  0.68922E+11 260.9  -1.0 110.0  81.0  0.34467E+12 -0.10000E+01  0.91550E+11  0.40000E+09  16.8
 165 17.00   62.7  100.00  0.68980E+11 260.7  -1.0 110.0  81.0  0.34348E+12 -0.10000E+01  0.91648E+11  0.40000E+09  16.8
 166 17.00   62.6  100.00  0.69033E+11 260.6  -1.0 110.0  81.0  0.34230E+12 -0.10000E+01  0.91738E+11  0.40000E+09  16.8
 167 17.00   62.6  100.00  0.69081E+11 260.3  -1.0 110.0  81.0  0.34112E+12 -0.10000E+01  0.91819E+11  0.40000E+09  16.8
 168 17.00   62.5  100.00  0.69124E+11 259.9  -1.0 110.0  81.0  0.33994E+12 -0.10000E+01  0.91891E+11  0.40000E+09  16.8
 169 17.00   62.5  100.00  0.69161E+11 259.6  -1.0 110.0  81.0  0.33876E+12 -0.10000E+01  0.91954E+11  0.40000E+09  16.8
 170 17.00   62.4  100.00  0.69193E+11 259.2  -1.0 110.0  81.0  0.33759E+12 -0.10000E+01  0.92009E+11  0.40000E+09  16.8
 171 17.00   62.4  100.00  0.69220E+11 258.9  -1.0 110.0  81.0  0.33642E+12 -0.10000E+01  0.92055E+11  0.40000E+09  16.8
 172 17.00   62.4  100.00  0.69241E+11 258.6  -1.0 110.0  81.0  0.33524E+12 -0.10000E+01  0.92092E+11  0.40000E+09  16.8
 173 17.00   62.3  100.00  0.69257E+11 258.3  -1.0 110.0  81.0  0.33407E+12 -0.10000E+01  0.92120E+11  0.40000E+09  16.8
 174 17.00   62.3  100.00  0.69267E+11 257.9  -1.0 110.0  81.0  0.33291E+12 -0.10000E+01  0.92138E+11  0.40000E+09  16.8
 175 17.00   62.3  100.00  0.69272E+11 257.6  -1.0 110.0  81.0  0.33174E+12 -0.10000E+01  0.92148E+11  0.40000E+09  16.8
 176 17.00   62.3  100.00  0.69271E+11 257.3  -1.0 110.0  81.0  0.33058E+12 -0.10000E+01  0.92148E+11  0.40000E+09  16.8
 177 17.00   62.3  100.00  0.69265E+11 257.0  -1.0 110.0  81.0  0.32942E+12 -0.10000E+01  0.92139E+11  0.40000E+09  16.8
 178 17.00   62.3  100.00  0.69253E+11 256.7  -1.0 110.0  81.0  0.32826E+12 -0.10000E+01  0.92121E+11  0.40000E+09  16.8
 179 17.00   62.3  100.00  0.69236E+11 256.4  -1.0 110.0  81.0  0.32710E+12 -0.10000E+01  0.92093E+11  0.40000E+09  16.8
 180 17.00   62.3  100.00  0.69213E+11 256.1  -1.0 110.0  81.0  0.32594E+12 -0.10000E+01  0.92056E+11  0.40000E+09  16.8
 181 17.00   62.4  100.00  0.69183E+11 255.9  -1.0 110.0  81.0  0.32479E+12 -0.10000E+01  0.92009E+11  0.40000E+09  16.8
 182 17.00   62.4  100.00  0.69149E+11 255.6  -1.0 110.0  81.0  0.32364E+12 -0.10000E+01  0.91952E+11  0.40000E+09  16.8
 183 17.00   62.4  100.00  0.69108E+11 255.3  -1.0 110.0  81.0  0.32249E+12 -0.10000E+01  0.91886E+11  0.40000E+09  16.8
 184 17.00   62.5  100.00  0.69061E+11 255.0  -1.0 110.0  81.0  0.32134E+12 -0.10000E+01  0.91809E+11  0.40000E+09  16.8
 185 17.00   62.5  100.00  0.69008E+11 254.8  -1.0 110.0  81.0  0.32020E+12 -0.10000E+01  0.91723E+11  0.40000E+09  16.8
 186 17.00   62.6  100.00  0.68949E+11 254.5  -1.0 110.0  81.0  0.31906E+12 -0.10000E+01  0.91626E+11  0.40000E+09  16.8
 187 17.00   62.6  100.00  0.68884E+11 254.3  -1.0 110.0  81.0  0.31792E+12 -0.10000E+01  0.91519E+11  0.40000E+09  16.8
 188 17.00   62.7  100.00  0.68813E+11 254.1  -1.0 110.0  81.0  0.31678E+12 -0.10000E+01  0.91402E+11  0.40000E+09  16.8
 189 17.00   62.8  100.00  0.68735E+11 253.8  -1.0 110.0  81.0  0.31564E+12 -0.10000E+01  0.91274E+11  0.40000E+09  16.8
 190 17.00   62.8  100.00  0.68651E+11 253.6  -1.0 110.0  81.0  0.31450E+12 -0.10000E+01  0.91136E+11  0.40000E+09  16.8
 191 17.00   62.9  100.00  0.68561E+11 253.4  -1.0 110.0  81.0  0.31337E+12 -0.10000E+01  0.90987E+11  0.40000E+09  16.8
 192 17.00   63.0  100.00  0.68464E+11 253.2  -1.0 110.0  81.0  0.31224E+12 -0.10000E+01  0.90828E+11  0.40000E+09  16.8
 193 17.00   63.1  100.00  0.68360E+11 253.0  -1.0 110.0  81.0  0.31111E+12 -0.10000E+01  0.90658E+11  0.40000E+09  16.8
 194 17.00   63.2  100.00  0.68250E+11 252.8  -1.0 110.0  81.0  0.30998E+12 -0.10000E+01  0.90476E+11  0.40000E+09  16.9
 195 17.00   63.3  100.00  0.68133E+11 252.6  -1.0 110.0  81.0  0.30886E+12 -0.10000E+01  0.90284E+11  0.40000E+09  16.9
 196 17.00   63.4  100.00  0.68010E+11 252.4  -1.0 110.0  81.1  0.30774E+12 -0.10000E+01  0.90081E+11  0.40000E+09  16.9
 197 17.00   63.5  100.00  0.67880E+11 252.7  -1.0 110.0  81.1  0.30863E+12 -0.10000E+01  0.89868E+11  0.40000E+09  16.9
 198 17.00   63.6  100.00  0.67744E+11 252.9  -1.0 110.0  81.1  0.30952E+12 -0.10000E+01  0.89644E+11  0.40000E+09  16.9
 199 17.00   63.8  100.00  0.67600E+11 253.2  -1.0 110.0  81.1  0.31041E+12 -0.10000E+01  0.89409E+11  0.40000E+09  16.9
 200 17.00   63.9  100.00  0.67449E+11 253.4  -1.0 110.0  81.1  0.31130E+12 -0.10000E+01  0.89163E+11  0.40000E+09  16.9
 201 17.00   64.0  100.00  0.67291E+11 253.7  -1.0 110.0  81.1  0.31220E+12 -0.10000E+01  0.88904E+11  0.40000E+09  16.9
 202 17.00   64.2  100.00  0.67126E+11 253.9  -1.0 110.0  81.1  0.31310E+12 -0.10000E+01  0.88634E+11  0.40000E+09  16.9
 203 17.00   64.3  100.00  0.66953E+11 254.2  -1.0 110.0  81.1  0.31399E+12 -0.10000E+01  0.88352E+11  0.40000E+09  17.0
 204 17.00   64.5  100.00  0.66773E+11 254.5  -1.0 110.0  81.1  0.31489E+12 -0.10000E+01  0.88059E+11  0.40000E+09  17.0
 205 17.00   64.6  100.00  0.66585E+11 254.8  -1.0 110.0  81.1  0.31579E+12 -0.10000E+01  0.87753E+11  0.40000E+09  17.0
 206 17.00   64.8  100.00  0.66390E+11 255.0  -1.0 110.0  81.1  0.31669E+12 -0.10000E+01  0.87435E+11  0.40000E+09  17.0
 207 17.00   65.0  100.00  0.66186E+11 255.3  -1.0 110.0  81.1  0.31759E+12 -0.10000E+01  0.87105E+11  0.40000E+09  17.0
 208 17.00   65.2  100.00  0.65975E+11 255.6  -1.0 110.0  81.1  0.31850E+12 -0.10000E+01  0.86763E+11  0.40000E+09  17.0
 209 17.00   65.4  100.00  0.65756E+11 255.9  -1.0 110.0  81.1  0.31940E+12 -0.10000E+01  0.86409E+11  0.40000E+09  17.1
 210 17.00   65.6  100.00  0.65529E+11 256.2  -1.0 110.0  81.1  0.32031E+12 -0.10000E+01  0.86042E+11  0.40000E+09  17.1
 211 17.00   65.8  100.00  0.65294E+11 256.5  -1.0 110.0  81.1  0.32122E+12 -0.10000E+01  0.85662E+11  0.40000E+09  17.1
 212 17.00   66.0  100.00  0.65050E+11 256.8  -1.0 110.0  81.1  0.32213E+12 -0.10000E+01  0.85270E+11  0.40000E+09  17.1
 213 17.00   66.2  100.00  0.64798E+11 257.1  -1.0 110.0  81.1  0.32304E+12 -0.10000E+01  0.84866E+11  0.40000E+09  17.1
 214 17.00   66.4  100.00  0.64538E+11 257.4  -1.0 110.0  81.1  0.32395E+12 -0.10000E+01  0.84449E+11  0.40000E+09  17.2
 215 17.00   66.6  100.00  0.64269E+11 257.7  -1.0 110.0  81.1  0.32486E+12 -0.10000E+01  0.84019E+11  0.40000E+09  17.2
 216 17.00   66.8  100.00  0.63992E+11 258.0  -1.0 110.0  81.1  0.32578E+12 -0.10000E+01  0.83576E+11  0.40000E+09  17.2
 217 17.00   67.1  100.00  0.63706E+11 258.3  -1.0 110.0  81.1  0.32669E+12 -0.10000E+01  0.83121E+11  0.40000E+09  17.2
 218 17.00   67.3  100.00  0.63411E+11 258.7  -1.0 110.0  81.1  0.32761E+12 -0.10000E+01  0.82652E+11  0.40000E+09  17.3
 219 17.00   67.5  100.00  0.63108E+11 259.0  -1.0 110.0  81.1  0.32853E+12 -0.10000E+01  0.82171E+11  0.40000E+09  17.3
 220 17.00   67.8  100.00  0.62795E+11 259.3  -1.0 110.0  81.1  0.32945E+12 -0.10000E+01  0.81676E+11  0.40000E+09  17.3
 221 17.00   68.0  100.00  0.62474E+11 259.6  -1.0 110.0  81.1  0.33036E+12 -0.10000E+01  0.81168E+11  0.40000E+09  17.4
 222 17.00   68.3  100.00  0.62143E+11 260.0  -1.0 110.0  81.1  0.33129E+12 -0.10000E+01  0.80648E+11  0.40000E+09  17.4
 223 17.00   68.6  100.00  0.61803E+11 260.3  -1.0 110.0  81.1  0.33221E+12 -0.10000E+01  0.80114E+11  0.40000E+09  17.4
 224 17.00   68.8  100.00  0.61454E+11 260.6  -1.0 110.0  81.2  0.33313E+12 -0.10000E+01  0.79566E+11  0.40000E+09  17.5
 225 17.00   69.1  100.00  0.61095E+11 261.0  -1.0 110.0  81.2  0.33406E+12 -0.10000E+01  0.79006E+11  0.40000E+09  17.5
 226 17.00   69.4  100.00  0.60727E+11 261.3  -1.0 110.0  81.2  0.33499E+12 -0.10000E+01  0.78432E+11  0.40000E+09  17.5
 227 17.00   69.6  100.00  0.60350E+11 261.6  -1.0 110.0  81.2  0.33592E+12 -0.10000E+01  0.77844E+11  0.40000E+09  17.6
 228 17.00   69.9  100.00  0.59963E+11 261.7  -1.0 110.0  81.2  0.33701E+12 -0.10000E+01  0.77245E+11  0.40000E+09  17.6
 229 17.00   70.2  100.00  0.59567E+11 261.8  -1.0 110.0  81.2  0.33812E+12 -0.10000E+01  0.76632E+11  0.40000E+09  17.7
 230 17.00   70.5  100.00  0.59161E+11 261.9  -1.0 110.0  81.2  0.33922E+12 -0.10000E+01  0.76005E+11  0.40000E+09  17.7
 231 17.00   70.8  100.00  0.58744E+11 262.0  -1.0 110.0  81.2  0.34032E+12 -0.10000E+01  0.75365E+11  0.40000E+09  17.8
 232 17.00   71.1  100.00  0.58318E+11 262.1  -1.0 110.0  81.2  0.34143E+12 -0.10000E+01  0.74711E+11  0.40000E+09  17.8
 233 17.00   71.4  100.00  0.57881E+11 262.2  -1.0 110.0  81.2  0.34254E+12 -0.10000E+01  0.74043E+11  0.40000E+09  17.9
 234 17.00   71.7  100.00  0.57434E+11 262.3  -1.0 110.0  81.2  0.34365E+12 -0.10000E+01  0.73361E+11  0.40000E+09  17.9
 235 17.00   72.0  100.00  0.56977E+11 262.5  -1.0 110.0  81.2  0.34477E+12 -0.10000E+01  0.72665E+11  0.40000E+09  18.0
 236 17.00   72.3  100.00  0.56509E+11 262.6  -1.0 110.0  81.3  0.34588E+12 -0.10000E+01  0.71956E+11  0.40000E+09  18.1
 237 17.00   72.7  100.00  0.56030E+11 262.7  -1.0 110.0  81.3  0.34700E+12 -0.10000E+01  0.71232E+11  0.40000E+09  18.1
 238 17.00   73.0  100.00  0.55540E+11 262.8  -1.0 110.0  81.3  0.34812E+12 -0.10000E+01  0.70494E+11  0.40000E+09  18.2
 239 17.00   73.3  100.00  0.55040E+11 262.9  -1.0 110.0  81.3  0.34924E+12 -0.10000E+01  0.69742E+11  0.40000E+09  18.3
 240 17.00   73.6  100.00  0.54528E+11 263.0  -1.0 110.0  81.3  0.35036E+12 -0.10000E+01  0.68975E+11  0.40000E+09  18.3
 241 17.00   74.0  100.00  0.54006E+11 263.1  -1.0 110.0  81.3  0.35148E+12 -0.10000E+01  0.68194E+11  0.40000E+09  18.4
 242 17.00   74.3  100.00  0.53472E+11 263.2  -1.0 110.0  81.3  0.35261E+12 -0.10000E+01  0.67399E+11  0.40000E+09  18.5
 243 17.00   74.6  100.00  0.52926E+11 263.3  -1.0 110.0  81.3  0.35373E+12 -0.10000E+01  0.66589E+11  0.40000E+09  18.6
 244 17.00   75.0  100.00  0.52369E+11 263.4  -1.0 110.0  81.4  0.35486E+12 -0.10000E+01  0.65764E+11  0.40000E+09  18.7
 245 17.00   75.3  100.00  0.51800E+11 263.5  -1.0 110.0  81.4  0.35599E+12 -0.10000E+01  0.64925E+11  0.40000E+09  18.7
 246 17.00   75.7  100.00  0.51220E+11 263.6  -1.0 110.0  81.4  0.35713E+12 -0.10000E+01  0.64071E+11  0.40000E+09  18.8
 247 17.00   76.0  100.00  0.50628E+11 263.7  -1.0 110.0  81.4  0.35826E+12 -0.10000E+01  0.63202E+11  0.40000E+09  18.9
 248 17.00   76.4  100.00  0.50023E+11 263.8  -1.0 110.0  81.4  0.35940E+12 -0.10000E+01  0.62319E+11  0.40000E+09  19.0
 249 17.00   76.7  100.00  0.49406E+11 263.9  -1.0 110.0  81.4  0.36053E+12 -0.10000E+01  0.61420E+11  0.40000E+09  19.1
 250 17.00   77.1  100.00  0.48777E+11 264.0  -1.0 110.0  81.5  0.36167E+12 -0.10000E+01  0.60506E+11  0.40000E+09  19.3
 251 17.00   77.4  100.00  0.48136E+11 264.1  -1.0 110.0  81.5  0.36282E+12 -0.10000E+01  0.59578E+11  0.40000E+09  19.4
 252 17.00   77.8  100.00  0.47482E+11 264.2  -1.0 110.0  81.5  0.36396E+12 -0.10000E+01  0.58634E+11  0.40000E+09  19.5
 253 17.00   78.1  100.00  0.46815E+11 264.3  -1.0 110.0  81.5  0.36510E+12 -0.10000E+01  0.57675E+11  0.40000E+09  19.6
 254 17.00   78.5  100.00  0.46136E+11 264.4  -1.0 110.0  81.5  0.36625E+12 -0.10000E+01  0.56701E+11  0.40000E+09  19.7
 255 17.00   78.8  100.00  0.45444E+11 264.5  -1.0 110.0  81.6  0.36740E+12 -0.10000E+01  0.55712E+11  0.40000E+09  19.9
 256 17.00   79.2  100.00  0.44739E+11 264.6  -1.0 110.0  81.6  0.36855E+12 -0.10000E+01  0.54708E+11  0.40000E+09  20.0
 257 17.00   79.6  100.00  0.44021E+11 264.7  -1.0 110.0  81.6  0.36970E+12 -0.10000E+01  0.53689E+11  0.40000E+09  20.1
 258 17.00   79.9  100.00  0.43291E+11 264.8  -1.0 110.0  81.6  0.37086E+12 -0.10000E+01  0.52655E+11  0.40000E+09  20.3
 259 17.00   80.3  100.00  0.42547E+11 264.7  -1.0 110.0  81.7  0.36984E+12 -0.10000E+01  0.51608E+11  0.40000E+09  20.4
 260 17.00   80.6  100.00  0.41792E+11 264.6  -1.0 110.0  81.7  0.36882E+12 -0.10000E+01  0.50546E+11  0.40000E+09  20.6
 261 17.00   81.0  100.00  0.41023E+11 264.5  -1.0 110.0  81.7  0.36780E+12 -0.10000E+01  0.49470E+11  0.40000E+09  20.7
 262 17.00   81.4  100.00  0.40242E+11 264.5  -1.0 110.0  81.7  0.36678E+12 -0.10000E+01  0.48381E+11  0.40000E+09  20.9
 263 17.00   81.7  100.00  0.39448E+11 264.4  -1.0 110.0  81.8  0.36577E+12 -0.10000E+01  0.47278E+11  0.40000E+09  21.1
 264 17.00   82.1  100.00  0.38642E+11 264.4  -1.0 110.0  81.8  0.36476E+12 -0.10000E+01  0.46163E+11  0.40000E+09  21.3
 265 17.00   82.5  100.00  0.37824E+11 264.3  -1.0 110.0  81.8  0.36374E+12 -0.10000E+01  0.45036E+11  0.40000E+09  21.4
 266 17.00   82.8  100.00  0.36995E+11 264.3  -1.0 110.0  81.8  0.36273E+12 -0.10000E+01  0.43897E+11  0.40000E+09  21.6
 267 17.00   83.2  100.00  0.36154E+11 264.3  -1.0 110.0  81.9  0.36172E+12 -0.10000E+01  0.42749E+11  0.40000E+09  21.8
 268 17.00   83.6  100.00  0.35303E+11 264.2  -1.0 110.0  81.9  0.36072E+12 -0.10000E+01  0.41591E+11  0.40000E+09  22.0
 269 17.00   83.9  100.00  0.34442E+11 264.2  -1.0 110.0  81.9  0.35971E+12 -0.10000E+01  0.40425E+11  0.40000E+09  22.2
 270 17.00   84.3  100.00  0.33572E+11 264.2  -1.0 110.0  82.0  0.35871E+12 -0.10000E+01  0.39252E+11  0.40000E+09  22.4
 271 17.00   84.7  100.00  0.32694E+11 264.2  -1.0 110.0  82.0  0.35770E+12 -0.10000E+01  0.38074E+11  0.40000E+09  22.6
 272 17.00   85.0  100.00  0.31808E+11 264.2  -1.0 110.0  82.0  0.35670E+12 -0.10000E+01  0.36892E+11  0.40000E+09  22.9
 273 17.00   85.4  100.00  0.30916E+11 264.2  -1.0 110.0  82.1  0.35570E+12 -0.10000E+01  0.35709E+11  0.40000E+09  23.1
 274 17.00   85.7  100.00  0.30020E+11 264.1  -1.0 110.0  82.1  0.35470E+12 -0.10000E+01  0.34526E+11  0.40000E+09  23.3
 275 17.00   86.1  100.00  0.29120E+11 264.1  -1.0 110.0  82.2  0.35370E+12 -0.10000E+01  0.33345E+11  0.40000E+09  23.5
 276 17.00   86.5  100.00  0.28219E+11 264.1  -1.0 110.0  82.2  0.35271E+12 -0.10000E+01  0.32169E+11  0.40000E+09  23.8
 277 17.00   86.8  100.00  0.27317E+11 264.1  -1.0 110.0  82.2  0.35171E+12 -0.10000E+01  0.31000E+11  0.40000E+09  24.0
 278 17.00   87.2  100.00  0.26417E+11 264.1  -1.0 110.0  82.3  0.35072E+12 -0.10000E+01  0.29840E+11  0.40000E+09  24.3
 279 17.00   87.5  100.00  0.25520E+11 264.1  -1.0 110.0  82.3  0.34973E+12 -0.10000E+01  0.28693E+11  0.40000E+09  24.5
 280 17.00   87.9  100.00  0.24628E+11 264.0  -1.0 110.0  82.4  0.34874E+12 -0.10000E+01  0.27560E+11  0.40000E+09  24.8
 281 17.00   88.2  100.00  0.23744E+11 264.0  -1.0 110.0  82.4  0.34775E+12 -0.10000E+01  0.26444E+11  0.40000E+09  25.0
 282 17.00   88.6  100.00  0.22870E+11 264.0  -1.0 110.0  82.4  0.34676E+12 -0.10000E+01  0.25349E+11  0.40000E+09  25.3
 283 17.00   88.9  100.00  0.22006E+11 263.9  -1.0 110.0  82.5  0.34577E+12 -0.10000E+01  0.24275E+11  0.40000E+09  25.6
 284 17.00   89.2  100.00  0.21156E+11 263.9  -1.0 110.0  82.5  0.34479E+12 -0.10000E+01  0.23226E+11  0.40000E+09  25.9
 285 17.00   89.6  100.00  0.20322E+11 263.8  -1.0 110.0  82.6  0.34380E+12 -0.10000E+01  0.22204E+11  0.40000E+09  26.1
 286 17.00   89.9  100.00  0.19505E+11 263.8  -1.0 110.0  82.6  0.34282E+12 -0.10000E+01  0.21211E+11  0.40000E+09  26.4
 287 17.00   90.2  100.00  0.18706E+11 263.7  -1.0 110.0  82.7  0.34184E+12 -0.10000E+01  0.20248E+11  0.40000E+09  26.7
 288 17.00   90.6  100.00  0.17928E+11 263.6  -1.0 110.0  82.7  0.34086E+12 -0.10000E+01  0.19317E+11  0.40000E+09  27.0
 289 17.00   90.9  100.00  0.17172E+11 263.6  -1.0 110.0  82.8  0.33547E+12 -0.10000E+01  0.18420E+11  0.40000E+09  27.3
 290 17.00   91.2  100.00  0.16439E+11 263.6  -1.0 110.0  82.8  0.33012E+12 -0.10000E+01  0.17557E+11  0.40000E+09  27.6
 291 17.00   91.5  100.00  0.15731E+11 263.6  -1.0 110.0  82.9  0.32482E+12 -0.10000E+01  0.16728E+11  0.40000E+09  27.9
 292 17.00   91.8  100.00  0.15047E+11 263.6  -1.0 110.0  82.9  0.31956E+12 -0.10000E+01  0.15935E+11  0.40000E+09  28.2
 293 17.00   92.1  100.00  0.14388E+11 263.5  -1.0 110.0  82.9  0.31434E+12 -0.10000E+01  0.15177E+11  0.40000E+09  28.5
 294 17.00   92.4  100.00  0.13756E+11 263.5  -1.0 110.0  83.0  0.30916E+12 -0.10000E+01  0.14455E+11  0.40000E+09  28.8
 295 17.00   92.8  100.00  0.13150E+11 263.4  -1.0 110.0  83.0  0.30403E+12 -0.10000E+01  0.13767E+11  0.40000E+09  29.1
 296 17.00   93.0  100.00  0.12541E+11 263.4  -1.0 110.0  83.1  0.29894E+12 -0.10000E+01  0.13114E+11  0.40000E+09  29.4
 297 17.00   93.3  100.00  0.11953E+11 263.3  -1.0 110.0  83.1  0.29390E+12 -0.10000E+01  0.12495E+11  0.40000E+09  29.7
 298 17.00   93.6  100.00  0.11397E+11 263.3  -1.0 110.0  83.2  0.28889E+12 -0.10000E+01  0.11908E+11  0.40000E+09  30.0
 299 17.00   93.9  100.00  0.10871E+11 263.2  -1.0 110.0  83.2  0.28393E+12 -0.10000E+01  0.11354E+11  0.40000E+09  30.3
 300 17.00   94.2  100.00  0.10374E+11 263.1  -1.0 110.0  83.3  0.27901E+12 -0.10000E+01  0.10830E+11  0.40000E+09  30.6
 301 17.00   94.5  100.00  0.99052E+10 263.0  -1.0 110.0  83.3  0.27414E+12 -0.10000E+01  0.10336E+11  0.40000E+09  30.9
 302 17.00   94.7  100.00  0.94634E+10 262.9  -1.0 110.0  83.4  0.26931E+12 -0.10000E+01  0.98709E+10  0.40000E+09  31.2
 303 17.00   95.0  100.00  0.90475E+10 262.8  -1.0 110.0  83.4  0.26452E+12 -0.10000E+01  0.94328E+10  0.40000E+09  31.5
 304 17.00   95.3  100.00  0.86562E+10 262.7  -1.0 110.0  83.5  0.25977E+12 -0.10000E+01  0.90209E+10  0.40000E+09  31.8
 305 17.00   95.5  100.00  0.82886E+10 262.5  -1.0 110.0  83.5  0.25507E+12 -0.10000E+01  0.86340E+10  0.40000E+09  32.1
 306 17.00   95.8  100.00  0.79433E+10 262.4  -1.0 110.0  83.5  0.25041E+12 -0.10000E+01  0.82706E+10  0.40000E+09  32.3
 307 17.00   96.0  100.00  0.76193E+10 262.3  -1.0 110.0  83.6  0.24579E+12 -0.10000E+01  0.79297E+10  0.40000E+09  32.6
 308 17.00   96.2  100.00  0.73154E+10 262.1  -1.0 110.0  83.6  0.24122E+12 -0.10000E+01  0.76100E+10  0.40000E+09  32.9
 309 17.00   96.5  100.00  0.70305E+10 262.0  -1.0 110.0  83.7  0.23669E+12 -0.10000E+01  0.73105E+10  0.40000E+09  33.2
 310 17.00   96.7  100.00  0.67636E+10 261.8  -1.0 110.0  83.7  0.23220E+12 -0.10000E+01  0.70298E+10  0.40000E+09  33.5
 311 17.00   96.9  100.00  0.65137E+10 261.6  -1.0 110.0  83.8  0.22776E+12 -0.10000E+01  0.67671E+10  0.40000E+09  33.7
 312 17.00   97.1  100.00  0.62799E+10 261.4  -1.0 110.0  83.8  0.22335E+12 -0.10000E+01  0.65214E+10  0.40000E+09  34.0
 313 17.00   97.3  100.00  0.60611E+10 261.3  -1.0 110.0  83.8  0.21899E+12 -0.10000E+01  0.62916E+10  0.40000E+09  34.3
 314 17.00   97.5  100.00  0.58566E+10 261.1  -1.0 110.0  83.9  0.21468E+12 -0.10000E+01  0.60768E+10  0.40000E+09  34.5
 315 17.00   97.7  100.00  0.56655E+10 260.9  -1.0 110.0  83.9  0.21040E+12 -0.10000E+01  0.58761E+10  0.40000E+09  34.8
 316 17.00   97.9  100.00  0.54870E+10 260.7  -1.0 110.0  84.0  0.20617E+12 -0.10000E+01  0.56887E+10  0.40000E+09  35.0
 317 17.00   98.1  100.00  0.53204E+10 260.5  -1.0 110.0  84.0  0.20199E+12 -0.10000E+01  0.55138E+10  0.40000E+09  35.2
 318 17.00   98.3  100.00  0.51650E+10 260.2  -1.0 110.0  84.0  0.19784E+12 -0.10000E+01  0.53508E+10  0.40000E+09  35.5
 319 17.00   98.5  100.00  0.50201E+10 260.0  -1.0 110.0  84.1  0.19374E+12 -0.10000E+01  0.51988E+10  0.40000E+09  35.7
 320 17.00   98.6  100.00  0.48851E+10 260.2  -1.0 110.0  84.1  0.19070E+12 -0.10000E+01  0.50571E+10  0.40000E+09  35.9
 321 17.00   98.8  100.00  0.47595E+10 260.4  -1.0 110.0  84.1  0.18768E+12 -0.10000E+01  0.49254E+10  0.40000E+09  36.1
 322 17.00   98.9  100.00  0.46425E+10 260.5  -1.0 110.0  84.2  0.18469E+12 -0.10000E+01  0.48027E+10  0.40000E+09  36.3
 323 17.00   99.1  100.00  0.45339E+10 260.7  -1.0 110.0  84.2  0.18172E+12 -0.10000E+01  0.46889E+10  0.40000E+09  36.5
 324 17.00   99.2  100.00  0.44333E+10 260.9  -1.0 110.0  84.2  0.17878E+12 -0.10000E+01  0.45834E+10  0.40000E+09  36.7
 325 17.00   99.4  100.00  0.43400E+10 261.0  -1.0 110.0  84.2  0.17585E+12 -0.10000E+01  0.44856E+10  0.40000E+09  36.9
 326 17.00   99.5  100.00  0.42538E+10 261.2  -1.0 110.0  84.3  0.17296E+12 -0.10000E+01  0.43953E+10  0.40000E+09  37.0
 327 17.00   99.6  100.00  0.41742E+10 261.3  -1.0 110.0  84.3  0.17009E+12 -0.10000E+01  0.43119E+10  0.40000E+09  37.2
 328 17.00   99.7  100.00  0.41009E+10 261.4  -1.0 110.0  84.3  0.16724E+12 -0.10000E+01  0.42351E+10  0.40000E+09  37.3
 329 17.00   99.8  100.00  0.40337E+10 261.6  -1.0 110.0  84.3  0.16441E+12 -0.10000E+01  0.41647E+10  0.40000E+09  37.5
 330 17.00   99.9  100.00  0.39719E+10 261.7  -1.0 110.0  84.3  0.16161E+12 -0.10000E+01  0.41000E+10  0.40000E+09  37.6
 331 17.00  100.0  100.00  0.39157E+10 261.8  -1.0 110.0  84.4  0.15884E+12 -0.10000E+01  0.40412E+10  0.40000E+09  37.8
 332 17.00  100.1  100.00  0.38646E+10 261.9  -1.0 110.0  84.4  0.15608E+12 -0.10000E+01  0.39877E+10  0.40000E+09  37.9
 333 17.00  100.2  100.00  0.38186E+10 262.0  -1.0 110.0  84.4  0.15335E+12 -0.10000E+01  0.39395E+10  0.40000E+09  38.0
 334 17.00  100.3  100.00  0.37773E+10 262.2  -1.0 110.0  84.4  0.15065E+12 -0.10000E+01  0.38963E+10  0.40000E+09  38.1
 335 17.00  100.3  100.00  0.37405E+10 262.3  -1.0 110.0  84.4  0.14797E+12 -0.10000E+01  0.38578E+10  0.40000E+09  38.2
 336 17.00  100.4  100.00  0.37081E+10 262.3  -1.0 110.0  84.4  0.14531E+12 -0.10000E+01  0.38239E+10  0.40000E+09  38.3
 337 17.00  100.4  100.00  0.36800E+10 262.4  -1.0 110.0  84.5  0.14268E+12 -0.10000E+01  0.37945E+10  0.40000E+09  38.3
 338 17.00  100.5  100.00  0.36561E+10 262.5  -1.0 110.0  84.5  0.14007E+12 -0.10000E+01  0.37695E+10  0.40000E+09  38.4
 339 17.00  100.5  100.00  0.36360E+10 262.6  -1.0 110.0  84.5  0.13749E+12 -0.10000E+01  0.37485E+10  0.40000E+09  38.4
 340 17.00  100.5  100.00  0.36199E+10 262.7  -1.0 110.0  84.5  0.13493E+12 -0.10000E+01  0.37316E+10  0.40000E+09  38.5
 341 17.00  100.6  100.00  0.36077E+10 262.7  -1.0 110.0  84.5  0.13239E+12 -0.10000E+01  0.37189E+10  0.40000E+09  38.5
 342 17.00  100.6  100.00  0.35992E+10 262.8  -1.0 110.0  84.5  0.12988E+12 -0.10000E+01  0.37101E+10  0.40000E+09  38.5
 343 17.00  100.6  100.00  0.35947E+10 262.8  -1.0 110.0  84.5  0.12739E+12 -0.10000E+01  0.37053E+10  0.40000E+09  38.6
 344 17.00  100.6  100.00  0.35936E+10 262.9  -1.0 110.0  84.5  0.12493E+12 -0.10000E+01  0.37042E+10  0.40000E+09  38.6
 345 17.00  100.6  100.00  0.35962E+10 262.9  -1.0 110.0  84.5  0.12249E+12 -0.10000E+01  0.37069E+10  0.40000E+09  38.6
 346 17.00  100.6  100.00  0.36025E+10 262.9  -1.0 110.0  84.5  0.12007E+12 -0.10000E+01  0.37136E+10  0.40000E+09  38.5
 347 17.00  100.6  100.00  0.36125E+10 263.0  -1.0 110.0  84.5  0.11768E+12 -0.10000E+01  0.37240E+10  0.40000E+09  38.5
 348 17.00  100.6  100.00  0.36263E+10 263.0  -1.0 110.0  84.5  0.11532E+12 -0.10000E+01  0.37385E+10  0.40000E+09  38.5
 349 17.00  100.5  100.00  0.36437E+10 263.0  -1.0 110.0  84.5  0.11297E+12 -0.10000E+01  0.37567E+10  0.40000E+09  38.4
 350 17.00  100.5  100.00  0.36650E+10 262.7  -1.0 110.0  84.5  0.11397E+12 -0.10000E+01  0.37790E+10  0.40000E+09  38.4
 351 17.00  100.4  100.00  0.36900E+10 262.4  -1.0 110.0  84.5  0.11497E+12 -0.10000E+01  0.38052E+10  0.40000E+09  38.3
 352 17.00  100.4  100.00  0.37189E+10 262.2  -1.0 110.0  84.4  0.11597E+12 -0.10000E+01  0.38355E+10  0.40000E+09  38.2
 353 17.00  100.3  100.00  0.37520E+10 261.9  -1.0 110.0  84.4  0.11698E+12 -0.10000E+01  0.38701E+10  0.40000E+09  38.2
 354 17.00  100.3  100.00  0.37892E+10 261.6  -1.0 110.0  84.4  0.11800E+12 -0.10000E+01  0.39090E+10  0.40000E+09  38.1
 355 17.00  100.2  100.00  0.38305E+10 261.3  -1.0 110.0  84.4  0.11901E+12 -0.10000E+01  0.39523E+10  0.40000E+09  38.0
 356 17.00  100.1  100.00  0.38762E+10 261.0  -1.0 110.0  84.4  0.12004E+12 -0.10000E+01  0.40001E+10  0.40000E+09  37.9
 357 17.00  100.1  100.00  0.39265E+10 260.7  -1.0 110.0  84.4  0.12106E+12 -0.10000E+01  0.40527E+10  0.40000E+09  37.7
 358 17.00  100.0  100.00  0.39813E+10 260.4  -1.0 110.0  84.4  0.12209E+12 -0.10000E+01  0.41102E+10  0.40000E+09  37.6
 359 17.00   99.9  100.00  0.40411E+10 260.1  -1.0 110.0  84.3  0.12313E+12 -0.10000E+01  0.41728E+10  0.40000E+09  37.5
 360 17.00   99.8  100.00  0.41062E+10 259.8  -1.0 110.0  84.3  0.12417E+12 -0.10000E+01  0.42410E+10  0.40000E+09  37.3
 361 17.00   99.7  100.00  0.41763E+10 259.5  -1.0 110.0  84.3  0.12521E+12 -0.10000E+01  0.43144E+10  0.40000E+09  37.2
 362 17.00   99.6  100.00  0.42520E+10 259.2  -1.0 110.0  84.3  0.12626E+12 -0.10000E+01  0.43937E+10  0.40000E+09  37.0
 363 17.00   99.4  100.00  0.43334E+10 258.8  -1.0 110.0  84.2  0.12731E+12 -0.10000E+01  0.44790E+10  0.40000E+09  36.9
 364 17.00   99.3  100.00  0.44208E+10 258.5  -1.0 110.0  84.2  0.12837E+12 -0.10000E+01  0.45705E+10  0.40000E+09  36.7
 365 17.00   99.2  100.00  0.45145E+10 258.2  -1.0 110.0  84.2  0.12943E+12 -0.10000E+01  0.46687E+10  0.40000E+09  36.5
