   1  7.00  100.2   80.00  0.28658E+09 282.5  -1.0 110.0  84.4  0.12309E+12 -0.10000E+01  0.43513E+10  0.40000E+09  37.9
   2  7.00  100.2   80.00  0.28671E+09 282.4  -1.0 110.0  84.4  0.12858E+12 -0.10000E+01  0.43565E+10  0.40000E+09  37.9
   3  7.00  100.1   80.00  0.28692E+09 282.4  -1.0 110.0  84.4  0.11904E+12 -0.10000E+01  0.43664E+10  0.40000E+09  37.9
   4  7.00  100.1   80.00  0.28719E+09 282.3  -1.0 110.0  84.4  0.11831E+12 -0.10000E+01  0.43813E+10  0.40000E+09  37.8
   5  7.00  100.1   80.00  0.28754E+09 282.2  -1.0 110.0  84.4  0.11758E+12 -0.10000E+01  0.44009E+10  0.40000E+09  37.8
   6  7.00  100.0   80.00  0.28796E+09 282.1  -1.0 110.0  84.4  0.11686E+12 -0.10000E+01  0.44255E+10  0.40000E+09  37.7
   7  7.00  100.0   80.00  0.28844E+09 282.0  -1.0 110.0  84.4  0.12188E+12 -0.10000E+01  0.44551E+10  0.40000E+09  37.7
   8  7.00   99.9   80.00  0.28900E+09 281.9  -1.0 110.0  84.3  0.11541E+12 -0.10000E+01  0.44902E+10  0.40000E+09  37.6
   9  7.00   99.9   80.00  0.28962E+09 281.8  -1.0 110.0  84.3  0.11470E+12 -0.10000E+01  0.45305E+10  0.40000E+09  37.5
  10  7.00   99.8   80.00  0.29030E+09 281.6  -1.0 110.0  84.3  0.11398E+12 -0.10000E+01  0.45766E+10  0.40000E+09  37.4
  11  7.00   99.7   80.00  0.29104E+09 281.5  -1.0 110.0  84.3  0.11327E+12 -0.10000E+01  0.46285E+10  0.40000E+09  37.3
  12  7.00   99.6   80.00  0.29184E+09 281.3  -1.0 110.0  84.3  0.11893E+12 -0.10000E+01  0.46864E+10  0.40000E+09  37.2
  13  7.00   99.6   80.00  0.29270E+09 281.2  -1.0 110.0  84.3  0.11702E+12 -0.10000E+01  0.47507E+10  0.40000E+09  37.1
  14  7.00   99.5   80.00  0.29362E+09 281.0  -1.0 110.0  84.3  0.11114E+12 -0.10000E+01  0.48216E+10  0.40000E+09  37.0
  15  7.00   99.4   80.00  0.29458E+09 280.8  -1.0 110.0  84.2  0.11043E+12 -0.10000E+01  0.48995E+10  0.40000E+09  36.8
  16  7.00   99.2   80.00  0.29560E+09 280.6  -1.0 110.0  84.2  0.11206E+12 -0.10000E+01  0.49850E+10  0.40000E+09  36.7
  17  7.00   99.1   80.00  0.29666E+09 280.4  -1.0 110.0  84.2  0.11370E+12 -0.10000E+01  0.50785E+10  0.40000E+09  36.5
  18  7.00   99.0   80.00  0.29776E+09 280.1  -1.0 110.0  84.2  0.11534E+12 -0.10000E+01  0.51798E+10  0.40000E+09  36.4
  19  7.00   98.9   80.00  0.29890E+09 279.9  -1.0 110.0  84.1  0.11700E+12 -0.10000E+01  0.52898E+10  0.40000E+09  36.2
  20  7.00   98.7   80.00  0.30008E+09 279.7  -1.0 110.0  84.1  0.11868E+12 -0.10000E+01  0.54086E+10  0.40000E+09  36.0
  21  7.00   98.6   80.00  0.30130E+09 279.4  -1.0 110.0  84.1  0.12416E+12 -0.10000E+01  0.55370E+10  0.40000E+09  35.8
  22  7.00   98.4   80.00  0.30254E+09 279.2  -1.0 110.0  84.1  0.12926E+12 -0.10000E+01  0.56754E+10  0.40000E+09  35.6
  23  7.00   98.3   80.00  0.30381E+09 278.9  -1.0 110.0  84.0  0.12631E+12 -0.10000E+01  0.58245E+10  0.40000E+09  35.4
  24  7.00   98.1   80.00  0.30511E+09 278.6  -1.0 110.0  84.0  0.12548E+12 -0.10000E+01  0.59849E+10  0.40000E+09  35.2
  25  7.00   98.0   80.00  0.30643E+09 278.3  -1.0 110.0  84.0  0.12722E+12 -0.10000E+01  0.61570E+10  0.40000E+09  35.0
  26  7.00   97.8   80.00  0.30776E+09 278.0  -1.0 110.0  83.9  0.12896E+12 -0.10000E+01  0.63419E+10  0.40000E+09  34.8
  27  7.00   97.6   80.00  0.30912E+09 277.6  -1.0 110.0  83.9  0.13071E+12 -0.10000E+01  0.65402E+10  0.40000E+09  34.6
  28  7.00   97.4   80.00  0.31048E+09 277.3  -1.0 110.0  83.9  0.13248E+12 -0.10000E+01  0.67529E+10  0.40000E+09  34.3
  29  7.00   97.2   80.00  0.31186E+09 277.0  -1.0 110.0  83.8  0.13426E+12 -0.10000E+01  0.69804E+10  0.40000E+09  34.1
  30  7.00   97.0   80.00  0.31325E+09 276.6  -1.0 110.0  83.8  0.13605E+12 -0.10000E+01  0.72240E+10  0.40000E+09  33.8
  31  7.00   96.8   80.00  0.31464E+09 276.2  -1.0 110.0  83.7  0.13786E+12 -0.10000E+01  0.74846E+10  0.40000E+09  33.6
  32  7.00   96.6   80.00  0.31603E+09 275.8  -1.0 110.0  83.7  0.13967E+12 -0.10000E+01  0.77633E+10  0.40000E+09  33.3
  33  7.00   96.4   80.00  0.31743E+09 275.4  -1.0 110.0  83.7  0.14150E+12 -0.10000E+01  0.80608E+10  0.40000E+09  33.1
  34  7.00   96.2   80.00  0.31883E+09 275.0  -1.0 110.0  83.6  0.14333E+12 -0.10000E+01  0.83785E+10  0.40000E+09  32.8
  35  7.00   95.9   80.00  0.32022E+09 274.5  -1.0 110.0  83.6  0.14518E+12 -0.10000E+01  0.87175E+10  0.40000E+09  32.5
  36  7.00   95.7   80.00  0.32161E+09 274.0  -1.0 110.0  83.5  0.14705E+12 -0.10000E+01  0.90791E+10  0.40000E+09  32.2
  37  7.00   95.4   80.00  0.32299E+09 273.6  -1.0 110.0  83.5  0.14892E+12 -0.10000E+01  0.94644E+10  0.40000E+09  32.0
  38  7.00   95.2   80.00  0.32436E+09 273.1  -1.0 110.0  83.4  0.15081E+12 -0.10000E+01  0.98745E+10  0.40000E+09  31.7
  39  7.00   94.9   80.00  0.32573E+09 272.6  -1.0 110.0  83.4  0.16266E+12 -0.10000E+01  0.10311E+11  0.40000E+09  31.4
  40  7.00   94.7   80.00  0.32708E+09 272.0  -1.0 110.0  83.4  0.15461E+12 -0.10000E+01  0.10775E+11  0.40000E+09  31.1
  41  7.00   94.4   80.00  0.32842E+09 271.5  -1.0 110.0  83.3  0.15653E+12 -0.10000E+01  0.11268E+11  0.40000E+09  30.8
  42  7.00   94.2   80.00  0.32975E+09 270.9  -1.0 110.0  83.3  0.15847E+12 -0.10000E+01  0.11791E+11  0.40000E+09  30.5
  43  7.00   93.9   80.00  0.33106E+09 270.3  -1.0 110.0  83.2  0.16041E+12 -0.10000E+01  0.12345E+11  0.40000E+09  30.2
  44  7.00   93.6   80.00  0.33236E+09 269.7  -1.0 110.0  83.2  0.16237E+12 -0.10000E+01  0.12932E+11  0.40000E+09  29.9
  45  7.00   93.3   80.00  0.33365E+09 269.0  -1.0 110.0  83.1  0.16434E+12 -0.10000E+01  0.13553E+11  0.40000E+09  29.6
  46  7.00   93.0   80.00  0.33491E+09 268.6  -1.0 110.0  83.1  0.16593E+12 -0.10000E+01  0.14208E+11  0.40000E+09  29.3
  47  7.00   92.7   80.00  0.33616E+09 268.1  -1.0 110.0  83.0  0.17151E+12 -0.10000E+01  0.14898E+11  0.40000E+09  29.0
  48  7.00   92.4   80.00  0.33740E+09 267.6  -1.0 110.0  83.0  0.16075E+12 -0.10000E+01  0.15625E+11  0.40000E+09  28.8
  49  7.00   92.1   80.00  0.33861E+09 267.1  -1.0 110.0  82.9  0.16430E+12 -0.10000E+01  0.16388E+11  0.40000E+09  28.5
  50  7.00   91.8   80.00  0.33980E+09 266.5  -1.0 110.0  82.9  0.17769E+12 -0.10000E+01  0.17189E+11  0.40000E+09  28.2
  51  7.00   91.5   80.00  0.34098E+09 266.0  -1.0 110.0  82.9  0.18047E+12 -0.10000E+01  0.18027E+11  0.40000E+09  27.9
  52  7.00   91.2   80.00  0.34213E+09 265.4  -1.0 110.0  82.8  0.17560E+12 -0.10000E+01  0.18902E+11  0.40000E+09  27.6
  53  7.00   90.9   80.00  0.34327E+09 264.7  -1.0 110.0  82.8  0.17724E+12 -0.10000E+01  0.19814E+11  0.40000E+09  27.3
  54  7.00   90.6   80.00  0.34438E+09 264.1  -1.0 110.0  82.7  0.17889E+12 -0.10000E+01  0.20761E+11  0.40000E+09  27.0
  55  7.00   90.3   80.00  0.34548E+09 263.5  -1.0 110.0  82.7  0.18054E+12 -0.10000E+01  0.21744E+11  0.40000E+09  26.7
  56  7.00   89.9   80.00  0.34655E+09 262.8  -1.0 110.0  82.6  0.18221E+12 -0.10000E+01  0.22761E+11  0.40000E+09  26.4
  57  7.00   89.6   80.00  0.34760E+09 262.1  -1.0 110.0  82.6  0.18388E+12 -0.10000E+01  0.23810E+11  0.40000E+09  26.2
  58  7.00   89.3   80.00  0.34863E+09 261.4  -1.0 110.0  82.5  0.18555E+12 -0.10000E+01  0.24890E+11  0.40000E+09  25.9
  59  7.00   88.9   80.00  0.34964E+09 260.6  -1.0 110.0  82.5  0.18724E+12 -0.10000E+01  0.25997E+11  0.40000E+09  25.6
  60  7.00   88.6   80.00  0.35063E+09 259.9  -1.0 110.0  82.4  0.18893E+12 -0.10000E+01  0.27131E+11  0.40000E+09  25.3
  61  7.00   88.3   80.00  0.35160E+09 259.2  -1.0 110.0  82.4  0.19063E+12 -0.10000E+01  0.28289E+11  0.40000E+09  25.1
  62  7.00   87.9   80.00  0.35254E+09 258.4  -1.0 110.0  82.4  0.19234E+12 -0.10000E+01  0.29468E+11  0.40000E+09  24.8
  63  7.00   87.6   80.00  0.35347E+09 257.6  -1.0 110.0  82.3  0.19406E+12 -0.10000E+01  0.30665E+11  0.40000E+09  24.6
  64  7.00   87.2   80.00  0.35437E+09 256.9  -1.0 110.0  82.3  0.19578E+12 -0.10000E+01  0.31878E+11  0.40000E+09  24.3
  65  7.00   86.9   80.00  0.35525E+09 256.1  -1.0 110.0  82.2  0.19751E+12 -0.10000E+01  0.33103E+11  0.40000E+09  24.1
  66  7.00   86.5   80.00  0.35611E+09 255.3  -1.0 110.0  82.2  0.19925E+12 -0.10000E+01  0.34339E+11  0.40000E+09  23.8
  67  7.00   86.2   80.00  0.35695E+09 254.6  -1.0 110.0  82.2  0.17246E+12 -0.10000E+01  0.35582E+11  0.40000E+09  23.6
  68  7.00   85.8   80.00  0.35777E+09 253.8  -1.0 110.0  82.1  0.20270E+12 -0.10000E+01  0.36831E+11  0.40000E+09  23.4
  69  7.00   85.5   80.00  0.35856E+09 253.0  -1.0 110.0  82.1  0.20451E+12 -0.10000E+01  0.38081E+11  0.40000E+09  23.1
  70  7.00   85.1   80.00  0.35934E+09 252.3  -1.0 110.0  82.1  0.20628E+12 -0.10000E+01  0.39332E+11  0.40000E+09  22.9
  71  7.00   84.7   80.00  0.36009E+09 251.6  -1.0 110.0  82.0  0.20806E+12 -0.10000E+01  0.40580E+11  0.40000E+09  22.7
  72  7.00   84.4   80.00  0.36083E+09 250.8  -1.0 110.0  82.0  0.21137E+12 -0.10000E+01  0.41825E+11  0.40000E+09  22.5
  73  7.00   84.0   80.00  0.36154E+09 250.1  -1.0 110.0  82.0  0.21163E+12 -0.10000E+01  0.43063E+11  0.40000E+09  22.3
  74  7.00   83.7   80.00  0.36223E+09 249.4  -1.0 110.0  81.9  0.21343E+12 -0.10000E+01  0.44295E+11  0.40000E+09  22.1
  75  7.00   83.3   80.00  0.36291E+09 248.7  -1.0 110.0  81.9  0.21484E+12 -0.10000E+01  0.45517E+11  0.40000E+09  21.9
  76  7.00   82.9   80.00  0.36356E+09 248.2  -1.0 110.0  81.9  0.20552E+12 -0.10000E+01  0.46727E+11  0.40000E+09  21.7
  77  7.00   82.6   80.00  0.36420E+09 247.8  -1.0 110.0  81.8  0.21017E+12 -0.10000E+01  0.47926E+11  0.40000E+09  21.5
  78  7.00   82.2   80.00  0.36481E+09 247.3  -1.0 110.0  81.8  0.22050E+12 -0.10000E+01  0.49112E+11  0.40000E+09  21.3
  79  7.00   81.8   80.00  0.36541E+09 246.9  -1.0 110.0  81.8  0.22127E+12 -0.10000E+01  0.50286E+11  0.40000E+09  21.1
  80  7.00   81.5   80.00  0.36598E+09 246.4  -1.0 110.0  81.7  0.22274E+12 -0.10000E+01  0.51444E+11  0.40000E+09  21.0
  81  7.00   81.1   80.00  0.36654E+09 246.0  -1.0 110.0  81.7  0.22431E+12 -0.10000E+01  0.52589E+11  0.40000E+09  20.8
  82  7.00   80.8   80.00  0.36708E+09 245.6  -1.0 110.0  81.7  0.22584E+12 -0.10000E+01  0.53718E+11  0.40000E+09  20.6
  83  7.00   80.4   80.00  0.36761E+09 245.3  -1.0 110.0  81.7  0.22738E+12 -0.10000E+01  0.54831E+11  0.40000E+09  20.5
  84  7.00   80.0   80.00  0.36811E+09 244.9  -1.0 110.0  81.6  0.22892E+12 -0.10000E+01  0.55928E+11  0.40000E+09  20.3
  85  7.00   79.7   80.00  0.36860E+09 244.6  -1.0 110.0  81.6  0.23047E+12 -0.10000E+01  0.57009E+11  0.40000E+09  20.2
  86  7.00   79.3   80.00  0.36908E+09 244.2  -1.0 110.0  81.6  0.23202E+12 -0.10000E+01  0.58073E+11  0.40000E+09  20.0
  87  7.00   79.0   80.00  0.36953E+09 243.9  -1.0 110.0  81.6  0.23358E+12 -0.10000E+01  0.59121E+11  0.40000E+09  19.9
  88  7.00   78.6   80.00  0.36998E+09 243.7  -1.0 110.0  81.5  0.23514E+12 -0.10000E+01  0.60152E+11  0.40000E+09  19.8
  89  7.00   78.3   80.00  0.37040E+09 243.4  -1.0 110.0  81.5  0.23670E+12 -0.10000E+01  0.61166E+11  0.40000E+09  19.6
  90  7.00   77.9   80.00  0.37081E+09 243.2  -1.0 110.0  81.5  0.23828E+12 -0.10000E+01  0.62164E+11  0.40000E+09  19.5
  91  7.00   77.6   80.00  0.37121E+09 242.9  -1.0 110.0  81.5  0.23985E+12 -0.10000E+01  0.63144E+11  0.40000E+09  19.4
  92  7.00   77.2   80.00  0.37159E+09 242.7  -1.0 110.0  81.5  0.24144E+12 -0.10000E+01  0.64108E+11  0.40000E+09  19.3
  93  7.00   76.9   80.00  0.37196E+09 242.5  -1.0 110.0  81.4  0.24302E+12 -0.10000E+01  0.65054E+11  0.40000E+09  19.2
  94  7.00   76.5   80.00  0.37231E+09 242.4  -1.0 110.0  81.4  0.22854E+12 -0.10000E+01  0.65985E+11  0.40000E+09  19.1
  95  7.00   76.2   80.00  0.37265E+09 242.2  -1.0 110.0  81.4  0.24623E+12 -0.10000E+01  0.66898E+11  0.40000E+09  19.0
  96  7.00   75.8   80.00  0.37298E+09 242.1  -1.0 110.0  81.4  0.24782E+12 -0.10000E+01  0.67795E+11  0.40000E+09  18.9
  97  7.00   75.5   80.00  0.37330E+09 242.0  -1.0 110.0  81.4  0.24943E+12 -0.10000E+01  0.68676E+11  0.40000E+09  18.8
  98  7.00   75.2   80.00  0.37360E+09 241.9  -1.0 110.0  81.4  0.25104E+12 -0.10000E+01  0.69540E+11  0.40000E+09  18.7
  99  7.00   74.8   80.00  0.37389E+09 241.8  -1.0 110.0  81.3  0.24045E+12 -0.10000E+01  0.70388E+11  0.40000E+09  18.6
 100  7.00   74.5   80.00  0.37418E+09 241.8  -1.0 110.0  81.3  0.25429E+12 -0.10000E+01  0.71220E+11  0.40000E+09  18.5
 101  7.00   74.2   80.00  0.37445E+09 241.8  -1.0 110.0  81.3  0.25592E+12 -0.10000E+01  0.72036E+11  0.40000E+09  18.4
 102  7.00   73.8   80.00  0.37470E+09 241.7  -1.0 110.0  81.3  0.25755E+12 -0.10000E+01  0.72835E+11  0.40000E+09  18.4
 103  7.00   73.5   80.00  0.37495E+09 241.8  -1.0 110.0  81.3  0.25919E+12 -0.10000E+01  0.73620E+11  0.40000E+09  18.3
 104  7.00   73.2   80.00  0.37519E+09 241.8  -1.0 110.0  81.3  0.24510E+12 -0.10000E+01  0.74388E+11  0.40000E+09  18.2
 105  7.00   72.9   80.00  0.37542E+09 241.8  -1.0 110.0  81.3  0.25502E+12 -0.10000E+01  0.75141E+11  0.40000E+09  18.1
 106  7.00   72.6   80.00  0.37565E+09 241.9  -1.0 110.0  81.3  0.25671E+12 -0.10000E+01  0.75879E+11  0.40000E+09  18.1
 107  7.00   72.2   80.00  0.37586E+09 242.1  -1.0 110.0  81.2  0.26597E+12 -0.10000E+01  0.76604E+11  0.40000E+09  18.0
 108  7.00   71.9   80.00  0.37606E+09 242.2  -1.0 110.0  81.2  0.26928E+12 -0.10000E+01  0.77315E+11  0.40000E+09  18.0
 109  7.00   71.6   80.00  0.37626E+09 242.5  -1.0 110.0  81.2  0.27074E+12 -0.10000E+01  0.78010E+11  0.40000E+09  17.9
 110  7.00   71.3   80.00  0.37644E+09 242.7  -1.0 110.0  81.2  0.27150E+12 -0.10000E+01  0.78690E+11  0.40000E+09  17.8
 111  7.00   71.0   80.00  0.37662E+09 242.9  -1.0 110.0  81.2  0.27336E+12 -0.10000E+01  0.79356E+11  0.40000E+09  17.8
 112  7.00   70.8   80.00  0.37679E+09 243.2  -1.0 110.0  81.2  0.27522E+12 -0.10000E+01  0.80007E+11  0.40000E+09  17.7
 113  7.00   70.5   80.00  0.37696E+09 243.5  -1.0 110.0  81.2  0.27709E+12 -0.10000E+01  0.80643E+11  0.40000E+09  17.7
 114  7.00   70.2   80.00  0.37712E+09 243.8  -1.0 110.0  81.2  0.27977E+12 -0.10000E+01  0.81264E+11  0.40000E+09  17.6
 115  7.00   69.9   80.00  0.37727E+09 244.1  -1.0 110.0  81.2  0.28135E+12 -0.10000E+01  0.81871E+11  0.40000E+09  17.6
 116  7.00   69.6   80.00  0.37741E+09 244.4  -1.0 110.0  81.2  0.28273E+12 -0.10000E+01  0.82464E+11  0.40000E+09  17.6
 117  7.00   69.4   80.00  0.37755E+09 244.7  -1.0 110.0  81.2  0.28462E+12 -0.10000E+01  0.83042E+11  0.40000E+09  17.5
 118  7.00   69.1   80.00  0.37768E+09 245.1  -1.0 110.0  81.2  0.28652E+12 -0.10000E+01  0.83606E+11  0.40000E+09  17.5
 119  7.00   68.8   80.00  0.37781E+09 245.4  -1.0 110.0  81.1  0.28843E+12 -0.10000E+01  0.84156E+11  0.40000E+09  17.4
 120  7.00   68.6   80.00  0.37793E+09 245.8  -1.0 110.0  81.1  0.29034E+12 -0.10000E+01  0.84692E+11  0.40000E+09  17.4
 121  7.00   68.3   80.00  0.37805E+09 246.2  -1.0 110.0  81.1  0.29226E+12 -0.10000E+01  0.85214E+11  0.40000E+09  17.4
 122  7.00   68.1   80.00  0.37816E+09 246.6  -1.0 110.0  81.1  0.29419E+12 -0.10000E+01  0.85722E+11  0.40000E+09  17.3
 123  7.00   67.8   80.00  0.37826E+09 247.1  -1.0 110.0  81.1  0.28219E+12 -0.10000E+01  0.86216E+11  0.40000E+09  17.3
 124  7.00   67.6   80.00  0.37836E+09 247.5  -1.0 110.0  81.1  0.27976E+12 -0.10000E+01  0.86696E+11  0.40000E+09  17.3
 125  7.00   67.4   80.00  0.37846E+09 247.9  -1.0 110.0  81.1  0.30000E+12 -0.10000E+01  0.87162E+11  0.40000E+09  17.2
 126  7.00   67.1   80.00  0.37855E+09 248.4  -1.0 110.0  81.1  0.30195E+12 -0.10000E+01  0.87615E+11  0.40000E+09  17.2
 127  7.00   66.9   80.00  0.37864E+09 248.9  -1.0 110.0  81.1  0.30391E+12 -0.10000E+01  0.88054E+11  0.40000E+09  17.2
 128  7.00   66.7   80.00  0.37873E+09 249.4  -1.0 110.0  81.1  0.30959E+12 -0.10000E+01  0.88479E+11  0.40000E+09  17.2
 129  7.00   66.5   80.00  0.37881E+09 249.9  -1.0 110.0  81.1  0.29196E+12 -0.10000E+01  0.88891E+11  0.40000E+09  17.1
 130  7.00   66.3   80.00  0.37888E+09 250.4  -1.0 110.0  81.1  0.20139E+12 -0.10000E+01  0.89289E+11  0.40000E+09  17.1
 131  7.00   66.1   80.00  0.37896E+09 250.9  -1.0 110.0  81.1  0.29558E+12 -0.10000E+01  0.89674E+11  0.40000E+09  17.1
 132  7.00   65.9   80.00  0.37903E+09 251.4  -1.0 110.0  81.1  0.31379E+12 -0.10000E+01  0.90046E+11  0.40000E+09  17.1
 133  7.00   65.7   80.00  0.37909E+09 252.0  -1.0 110.0  81.1  0.31578E+12 -0.10000E+01  0.90404E+11  0.40000E+09  17.1
 134  7.00   65.5   80.00  0.37916E+09 252.5  -1.0 110.0  81.1  0.31778E+12 -0.10000E+01  0.90750E+11  0.40000E+09  17.0
 135  7.00   65.3   80.00  0.37922E+09 253.1  -1.0 110.0  81.1  0.31979E+12 -0.10000E+01  0.91082E+11  0.40000E+09  17.0
 136  7.00   65.1   80.00  0.37927E+09 253.6  -1.0 110.0  81.1  0.32180E+12 -0.10000E+01  0.91401E+11  0.40000E+09  17.0
 137  7.00   65.0   80.00  0.37933E+09 253.6  -1.0 110.0  81.1  0.32357E+12 -0.10000E+01  0.91708E+11  0.40000E+09  17.0
 138  7.00   64.8   80.00  0.37938E+09 253.6  -1.0 110.0  81.1  0.32320E+12 -0.10000E+01  0.92003E+11  0.40000E+09  17.0
 139  7.00   64.7   80.00  0.37943E+09 253.6  -1.0 110.0  81.1  0.32424E+12 -0.10000E+01  0.92284E+11  0.40000E+09  17.0
 140  7.00   64.5   80.00  0.37947E+09 253.6  -1.0 110.0  81.1  0.32460E+12 -0.10000E+01  0.92553E+11  0.40000E+09  16.9
 141  7.00   64.4   80.00  0.37952E+09 253.6  -1.0 110.0  81.1  0.32530E+12 -0.10000E+01  0.92810E+11  0.40000E+09  16.9
 142  7.00   64.2   80.00  0.37956E+09 253.6  -1.0 110.0  81.1  0.32600E+12 -0.10000E+01  0.93053E+11  0.40000E+09  16.9
 143  7.00   64.1   80.00  0.37960E+09 253.7  -1.0 110.0  81.1  0.32703E+12 -0.10000E+01  0.93285E+11  0.40000E+09  16.9
 144  7.00   64.0   80.00  0.37987E+09 253.7  -1.0 110.0  81.1  0.32741E+12 -0.10000E+01  0.93503E+11  0.40025E+09  16.9
 145  7.00   63.8   80.00  0.38374E+09 253.8  -1.0 110.0  81.1  0.32811E+12 -0.10000E+01  0.93710E+11  0.40428E+09  16.9
 146  7.00   63.7   80.00  0.38737E+09 253.8  -1.0 110.0  81.1  0.32882E+12 -0.10000E+01  0.93904E+11  0.40807E+09  16.9
 147  7.00   63.6   80.00  0.39077E+09 253.9  -1.0 110.0  81.1  0.32952E+12 -0.10000E+01  0.94086E+11  0.41162E+09  16.9
 148  7.00   63.5   80.00  0.39395E+09 254.0  -1.0 110.0  81.0  0.33023E+12 -0.10000E+01  0.94256E+11  0.41494E+09  16.9
 149  7.00   63.4   80.00  0.39690E+09 254.1  -1.0 110.0  81.0  0.33093E+12 -0.10000E+01  0.94414E+11  0.41801E+09  16.9
 150  7.00   63.3   80.00  0.39963E+09 254.2  -1.0 110.0  81.0  0.33164E+12 -0.10000E+01  0.94561E+11  0.42086E+09  16.8
 151  7.00   63.3   80.00  0.40215E+09 254.3  -1.0 110.0  81.0  0.33235E+12 -0.10000E+01  0.94695E+11  0.42349E+09  16.8
 152  7.00   63.2   80.00  0.40446E+09 254.4  -1.0 110.0  81.0  0.33306E+12 -0.10000E+01  0.94818E+11  0.42589E+09  16.8
 153  7.00   63.1   80.00  0.40655E+09 254.5  -1.0 110.0  81.0  0.33377E+12 -0.10000E+01  0.94929E+11  0.42807E+09  16.8
 154  7.00   63.0   80.00  0.40844E+09 254.7  -1.0 110.0  81.0  0.33448E+12 -0.10000E+01  0.95029E+11  0.43003E+09  16.8
 155  7.00   63.0   80.00  0.41013E+09 254.8  -1.0 110.0  81.0  0.33519E+12 -0.10000E+01  0.95118E+11  0.43179E+09  16.8
 156  7.00   62.9   80.00  0.41161E+09 255.0  -1.0 110.0  81.0  0.33590E+12 -0.10000E+01  0.95195E+11  0.43333E+09  16.8
 157  7.00   62.9   80.00  0.41290E+09 255.1  -1.0 110.0  81.0  0.33662E+12 -0.10000E+01  0.95262E+11  0.43467E+09  16.8
 158  7.00   62.9   80.00  0.41400E+09 255.3  -1.0 110.0  81.0  0.27325E+12 -0.10000E+01  0.95317E+11  0.43581E+09  16.8
 159  7.00   62.8   80.00  0.41491E+09 255.4  -1.0 110.0  81.0  0.33616E+12 -0.10000E+01  0.95362E+11  0.43675E+09  16.8
 160  7.00   62.8   80.00  0.41562E+09 255.6  -1.0 110.0  81.0  0.33876E+12 -0.10000E+01  0.95395E+11  0.43750E+09  16.8
 161  7.00   62.8   80.00  0.41616E+09 255.8  -1.0 110.0  81.0  0.33948E+12 -0.10000E+01  0.95419E+11  0.43805E+09  16.8
 162  7.00   62.7   80.00  0.41651E+09 256.0  -1.0 110.0  81.0  0.34019E+12 -0.10000E+01  0.95431E+11  0.43840E+09  16.8
 163  7.00   62.7   80.00  0.41668E+09 256.2  -1.0 110.0  81.0  0.34091E+12 -0.10000E+01  0.95433E+11  0.43858E+09  16.8
 164  7.00   62.7   80.00  0.41667E+09 256.4  -1.0 110.0  81.0  0.34163E+12 -0.10000E+01  0.95425E+11  0.43856E+09  16.8
 165  7.00   62.7   80.00  0.41649E+09 256.6  -1.0 110.0  81.0  0.34154E+12 -0.10000E+01  0.95407E+11  0.43836E+09  16.8
 166  7.00   62.7   80.00  0.41614E+09 256.9  -1.0 110.0  81.0  0.34307E+12 -0.10000E+01  0.95379E+11  0.43798E+09  16.8
 167  7.00   62.7   80.00  0.41561E+09 257.1  -1.0 110.0  81.0  0.31160E+12 -0.10000E+01  0.95341E+11  0.43743E+09  16.8
 168  7.00   62.8   80.00  0.41491E+09 256.8  -1.0 110.0  81.0  0.34224E+12 -0.10000E+01  0.95292E+11  0.43668E+09  16.8
 169  7.00   62.8   80.00  0.41403E+09 256.5  -1.0 110.0  81.0  0.34071E+12 -0.10000E+01  0.95234E+11  0.43577E+09  16.8
 170  7.00   62.8   80.00  0.41300E+09 256.2  -1.0 110.0  81.0  0.33917E+12 -0.10000E+01  0.95166E+11  0.43468E+09  16.8
 171  7.00   62.8   80.00  0.41179E+09 255.9  -1.0 110.0  81.0  0.33764E+12 -0.10000E+01  0.95089E+11  0.43341E+09  16.8
 172  7.00   62.9   80.00  0.41043E+09 255.7  -1.0 110.0  81.0  0.33611E+12 -0.10000E+01  0.95002E+11  0.43198E+09  16.8
 173  7.00   62.9   80.00  0.40890E+09 255.4  -1.0 110.0  81.0  0.33459E+12 -0.10000E+01  0.94907E+11  0.43038E+09  16.8
 174  7.00   63.0   80.00  0.40721E+09 255.1  -1.0 110.0  81.0  0.33307E+12 -0.10000E+01  0.94801E+11  0.42861E+09  16.8
 175  7.00   63.0   80.00  0.40537E+09 254.8  -1.0 110.0  81.0  0.32852E+12 -0.10000E+01  0.94687E+11  0.42667E+09  16.8
 176  7.00   63.1   80.00  0.40336E+09 254.6  -1.0 110.0  81.0  0.32797E+12 -0.10000E+01  0.94564E+11  0.42457E+09  16.8
 177  7.00   63.1   80.00  0.40120E+09 254.3  -1.0 110.0  81.0  0.32853E+12 -0.10000E+01  0.94432E+11  0.42230E+09  16.8
 178  7.00   63.2   80.00  0.39888E+09 254.1  -1.0 110.0  81.0  0.32702E+12 -0.10000E+01  0.94292E+11  0.41988E+09  16.8
 179  7.00   63.3   80.00  0.39640E+09 253.8  -1.0 110.0  81.0  0.32499E+12 -0.10000E+01  0.94142E+11  0.41728E+09  16.8
 180  7.00   63.3   80.00  0.39378E+09 253.6  -1.0 110.0  81.0  0.32401E+12 -0.10000E+01  0.93985E+11  0.41453E+09  16.8
 181  7.00   63.4   80.00  0.39099E+09 253.4  -1.0 110.0  81.0  0.32252E+12 -0.10000E+01  0.93818E+11  0.41162E+09  16.8
 182  7.00   63.5   80.00  0.38805E+09 253.1  -1.0 110.0  81.0  0.32102E+12 -0.10000E+01  0.93644E+11  0.40854E+09  16.8
 183  7.00   63.6   80.00  0.38496E+09 252.9  -1.0 110.0  81.0  0.31953E+12 -0.10000E+01  0.93461E+11  0.40531E+09  16.8
 184  7.00   63.7   80.00  0.38172E+09 252.7  -1.0 110.0  81.0  0.31805E+12 -0.10000E+01  0.93269E+11  0.40192E+09  16.8
 185  7.00   63.8   80.00  0.37988E+09 252.5  -1.0 110.0  81.0  0.31657E+12 -0.10000E+01  0.93070E+11  0.40000E+09  16.8
 186  7.00   63.9   80.00  0.37986E+09 252.3  -1.0 110.0  81.0  0.31509E+12 -0.10000E+01  0.92863E+11  0.40000E+09  16.8
 187  7.00   64.0   80.00  0.37983E+09 252.1  -1.0 110.0  81.0  0.31361E+12 -0.10000E+01  0.92647E+11  0.40000E+09  16.8
 188  7.00   64.1   80.00  0.37981E+09 251.9  -1.0 110.0  81.0  0.31214E+12 -0.10000E+01  0.92424E+11  0.40000E+09  16.8
 189  7.00   64.2   80.00  0.37978E+09 251.7  -1.0 110.0  81.0  0.31067E+12 -0.10000E+01  0.92193E+11  0.40000E+09  16.9
 190  7.00   64.3   80.00  0.37975E+09 251.5  -1.0 110.0  81.0  0.29016E+12 -0.10000E+01  0.91954E+11  0.40000E+09  16.9
 191  7.00   64.4   80.00  0.37972E+09 251.3  -1.0 110.0  81.1  0.30157E+12 -0.10000E+01  0.91708E+11  0.40000E+09  16.9
 192  7.00   64.6   80.00  0.37969E+09 251.1  -1.0 110.0  81.1  0.30628E+12 -0.10000E+01  0.91454E+11  0.40000E+09  16.9
 193  7.00   64.7   80.00  0.37965E+09 251.0  -1.0 110.0  81.1  0.30483E+12 -0.10000E+01  0.91192E+11  0.40000E+09  16.9
 194  7.00   64.8   80.00  0.37962E+09 250.8  -1.0 110.0  81.1  0.30308E+12 -0.10000E+01  0.90923E+11  0.40000E+09  16.9
 195  7.00   65.0   80.00  0.37958E+09 250.6  -1.0 110.0  81.1  0.30165E+12 -0.10000E+01  0.90646E+11  0.40000E+09  16.9
 196  7.00   65.1   80.00  0.37954E+09 250.5  -1.0 110.0  81.1  0.30048E+12 -0.10000E+01  0.90362E+11  0.40000E+09  16.9
 197  7.00   65.2   80.00  0.37949E+09 250.3  -1.0 110.0  81.1  0.29904E+12 -0.10000E+01  0.90071E+11  0.40000E+09  16.9
 198  7.00   65.4   80.00  0.37945E+09 250.0  -1.0 110.0  81.1  0.29837E+12 -0.10000E+01  0.89773E+11  0.40000E+09  16.9
 199  7.00   65.5   80.00  0.37940E+09 249.6  -1.0 110.0  81.1  0.29769E+12 -0.10000E+01  0.89468E+11  0.40000E+09  17.0
 200  7.00   65.7   80.00  0.37935E+09 249.3  -1.0 110.0  81.1  0.29702E+12 -0.10000E+01  0.89155E+11  0.40000E+09  17.0
 201  7.00   65.8   80.00  0.37930E+09 249.0  -1.0 110.0  81.1  0.29634E+12 -0.10000E+01  0.88836E+11  0.40000E+09  17.0
 202  7.00   66.0   80.00  0.37925E+09 248.7  -1.0 110.0  81.1  0.29582E+12 -0.10000E+01  0.88509E+11  0.40000E+09  17.0
 203  7.00   66.2   80.00  0.37919E+09 248.3  -1.0 110.0  81.1  0.29500E+12 -0.10000E+01  0.88176E+11  0.40000E+09  17.0
 204  7.00   66.3   80.00  0.37913E+09 248.0  -1.0 110.0  81.1  0.29433E+12 -0.10000E+01  0.87835E+11  0.40000E+09  17.0
 205  7.00   66.5   80.00  0.37907E+09 247.7  -1.0 110.0  81.1  0.29366E+12 -0.10000E+01  0.87488E+11  0.40000E+09  17.1
 206  7.00   66.7   80.00  0.37900E+09 247.4  -1.0 110.0  81.1  0.29299E+12 -0.10000E+01  0.87134E+11  0.40000E+09  17.1
 207  7.00   66.8   80.00  0.37894E+09 247.1  -1.0 110.0  81.1  0.28874E+12 -0.10000E+01  0.86772E+11  0.40000E+09  17.1
 208  7.00   67.0   80.00  0.37887E+09 246.9  -1.0 110.0  81.1  0.29245E+12 -0.10000E+01  0.86405E+11  0.40000E+09  17.1
 209  7.00   67.2   80.00  0.37879E+09 246.6  -1.0 110.0  81.1  0.29098E+12 -0.10000E+01  0.86030E+11  0.40000E+09  17.1
 210  7.00   67.4   80.00  0.37872E+09 246.3  -1.0 110.0  81.1  0.29032E+12 -0.10000E+01  0.85649E+11  0.40000E+09  17.2
 211  7.00   67.6   80.00  0.37864E+09 246.1  -1.0 110.0  81.1  0.29218E+12 -0.10000E+01  0.85261E+11  0.40000E+09  17.2
 212  7.00   67.8   80.00  0.37856E+09 245.8  -1.0 110.0  81.1  0.28899E+12 -0.10000E+01  0.84866E+11  0.40000E+09  17.2
 213  7.00   67.9   80.00  0.37847E+09 245.6  -1.0 110.0  81.1  0.28832E+12 -0.10000E+01  0.84465E+11  0.40000E+09  17.2
 214  7.00   68.1   80.00  0.37838E+09 245.3  -1.0 110.0  81.1  0.28766E+12 -0.10000E+01  0.84057E+11  0.40000E+09  17.3
 215  7.00   68.3   80.00  0.37829E+09 245.1  -1.0 110.0  81.1  0.28700E+12 -0.10000E+01  0.83643E+11  0.40000E+09  17.3
 216  7.00   68.5   80.00  0.37820E+09 244.9  -1.0 110.0  81.1  0.26838E+12 -0.10000E+01  0.83222E+11  0.40000E+09  17.3
 217  7.00   68.7   80.00  0.37810E+09 244.6  -1.0 110.0  81.1  0.26421E+12 -0.10000E+01  0.82795E+11  0.40000E+09  17.3
 218  7.00   68.9   80.00  0.37800E+09 244.4  -1.0 110.0  81.1  0.28830E+12 -0.10000E+01  0.82361E+11  0.40000E+09  17.4
 219  7.00   69.1   80.00  0.37789E+09 244.2  -1.0 110.0  81.1  0.28684E+12 -0.10000E+01  0.81921E+11  0.40000E+09  17.4
 220  7.00   69.3   80.00  0.37778E+09 244.0  -1.0 110.0  81.2  0.28498E+12 -0.10000E+01  0.81475E+11  0.40000E+09  17.4
 221  7.00   69.5   80.00  0.37767E+09 243.8  -1.0 110.0  81.2  0.28304E+12 -0.10000E+01  0.81022E+11  0.40000E+09  17.5
 222  7.00   69.7   80.00  0.37755E+09 243.6  -1.0 110.0  81.2  0.28238E+12 -0.10000E+01  0.80563E+11  0.40000E+09  17.5
 223  7.00   70.0   80.00  0.37743E+09 243.4  -1.0 110.0  81.2  0.28350E+12 -0.10000E+01  0.80098E+11  0.40000E+09  17.5
 224  7.00   70.2   80.00  0.37731E+09 243.2  -1.0 110.0  81.2  0.28161E+12 -0.10000E+01  0.79626E+11  0.40000E+09  17.6
 225  7.00   70.4   80.00  0.37718E+09 243.0  -1.0 110.0  81.2  0.28041E+12 -0.10000E+01  0.79148E+11  0.40000E+09  17.6
 226  7.00   70.6   80.00  0.37705E+09 242.9  -1.0 110.0  81.2  0.27976E+12 -0.10000E+01  0.78663E+11  0.40000E+09  17.7
 227  7.00   70.8   80.00  0.37691E+09 242.7  -1.0 110.0  81.2  0.27910E+12 -0.10000E+01  0.78172E+11  0.40000E+09  17.7
 228  7.00   71.0   80.00  0.37677E+09 242.5  -1.0 110.0  81.2  0.27845E+12 -0.10000E+01  0.77675E+11  0.40000E+09  17.7
 229  7.00   71.3   80.00  0.37663E+09 242.3  -1.0 110.0  81.2  0.27692E+12 -0.10000E+01  0.77172E+11  0.40000E+09  17.8
 230  7.00   71.5   80.00  0.37648E+09 242.1  -1.0 110.0  81.2  0.27539E+12 -0.10000E+01  0.76663E+11  0.40000E+09  17.8
 231  7.00   71.7   80.00  0.37633E+09 241.9  -1.0 110.0  81.2  0.27386E+12 -0.10000E+01  0.76148E+11  0.40000E+09  17.9
 232  7.00   71.9   80.00  0.37617E+09 241.7  -1.0 110.0  81.2  0.27234E+12 -0.10000E+01  0.75626E+11  0.40000E+09  17.9
 233  7.00   72.2   80.00  0.37601E+09 241.5  -1.0 110.0  81.2  0.27082E+12 -0.10000E+01  0.75097E+11  0.40000E+09  18.0
 234  7.00   72.4   80.00  0.37584E+09 241.4  -1.0 110.0  81.2  0.26931E+12 -0.10000E+01  0.74562E+11  0.40000E+09  18.0
 235  7.00   72.6   80.00  0.37567E+09 241.2  -1.0 110.0  81.3  0.26780E+12 -0.10000E+01  0.74021E+11  0.40000E+09  18.1
 236  7.00   72.8   80.00  0.37550E+09 241.0  -1.0 110.0  81.3  0.26630E+12 -0.10000E+01  0.73473E+11  0.40000E+09  18.1
 237  7.00   73.1   80.00  0.37531E+09 240.9  -1.0 110.0  81.3  0.25083E+12 -0.10000E+01  0.72918E+11  0.40000E+09  18.2
 238  7.00   73.3   80.00  0.37513E+09 240.7  -1.0 110.0  81.3  0.26417E+12 -0.10000E+01  0.72357E+11  0.40000E+09  18.2
 239  7.00   73.6   80.00  0.37494E+09 240.6  -1.0 110.0  81.3  0.26181E+12 -0.10000E+01  0.71789E+11  0.40000E+09  18.3
 240  7.00   73.8   80.00  0.37475E+09 240.5  -1.0 110.0  81.3  0.26032E+12 -0.10000E+01  0.71214E+11  0.40000E+09  18.4
 241  7.00   74.0   80.00  0.37455E+09 240.3  -1.0 110.0  81.3  0.25884E+12 -0.10000E+01  0.70632E+11  0.40000E+09  18.4
 242  7.00   74.3   80.00  0.37434E+09 240.2  -1.0 110.0  81.3  0.25736E+12 -0.10000E+01  0.70043E+11  0.40000E+09  18.5
 243  7.00   74.5   80.00  0.37413E+09 240.1  -1.0 110.0  81.3  0.25589E+12 -0.10000E+01  0.69447E+11  0.40000E+09  18.5
 244  7.00   74.7   80.00  0.37392E+09 240.0  -1.0 110.0  81.3  0.25547E+12 -0.10000E+01  0.68844E+11  0.40000E+09  18.6
 245  7.00   75.0   80.00  0.37369E+09 239.9  -1.0 110.0  81.4  0.25295E+12 -0.10000E+01  0.68234E+11  0.40000E+09  18.7
 246  7.00   75.2   80.00  0.37347E+09 239.8  -1.0 110.0  81.4  0.21318E+12 -0.10000E+01  0.67616E+11  0.40000E+09  18.7
 247  7.00   75.5   80.00  0.37324E+09 239.8  -1.0 110.0  81.4  0.21193E+12 -0.10000E+01  0.66991E+11  0.40000E+09  18.8
 248  7.00   75.7   80.00  0.37300E+09 239.7  -1.0 110.0  81.4  0.21555E+12 -0.10000E+01  0.66358E+11  0.40000E+09  18.9
 249  7.00   76.0   80.00  0.37276E+09 239.7  -1.0 110.0  81.4  0.23338E+12 -0.10000E+01  0.65718E+11  0.40000E+09  19.0
 250  7.00   76.2   80.00  0.37251E+09 239.6  -1.0 110.0  81.4  0.24446E+12 -0.10000E+01  0.65070E+11  0.40000E+09  19.0
 251  7.00   76.5   80.00  0.37225E+09 239.6  -1.0 110.0  81.4  0.24430E+12 -0.10000E+01  0.64414E+11  0.40000E+09  19.1
 252  7.00   76.7   80.00  0.37199E+09 239.5  -1.0 110.0  81.4  0.24281E+12 -0.10000E+01  0.63750E+11  0.40000E+09  19.2
 253  7.00   77.0   80.00  0.37172E+09 239.5  -1.0 110.0  81.5  0.24137E+12 -0.10000E+01  0.63078E+11  0.40000E+09  19.3
 254  7.00   77.2   80.00  0.37145E+09 239.5  -1.0 110.0  81.5  0.23995E+12 -0.10000E+01  0.62398E+11  0.40000E+09  19.3
 255  7.00   77.5   80.00  0.37117E+09 239.5  -1.0 110.0  81.5  0.23852E+12 -0.10000E+01  0.61709E+11  0.40000E+09  19.4
 256  7.00   77.7   80.00  0.37088E+09 239.5  -1.0 110.0  81.5  0.23710E+12 -0.10000E+01  0.61012E+11  0.40000E+09  19.5
 257  7.00   78.0   80.00  0.37059E+09 239.6  -1.0 110.0  81.5  0.23569E+12 -0.10000E+01  0.60306E+11  0.40000E+09  19.6
 258  7.00   78.3   80.00  0.37029E+09 239.6  -1.0 110.0  81.5  0.23428E+12 -0.10000E+01  0.59591E+11  0.40000E+09  19.7
 259  7.00   78.5   80.00  0.36998E+09 239.6  -1.0 110.0  81.5  0.23287E+12 -0.10000E+01  0.58868E+11  0.40000E+09  19.8
 260  7.00   78.8   80.00  0.36967E+09 240.1  -1.0 110.0  81.6  0.23275E+12 -0.10000E+01  0.58140E+11  0.40000E+09  19.9
 261  7.00   79.0   80.00  0.36935E+09 240.5  -1.0 110.0  81.6  0.23263E+12 -0.10000E+01  0.57402E+11  0.40000E+09  20.0
 262  7.00   79.3   80.00  0.36902E+09 240.9  -1.0 110.0  81.6  0.23252E+12 -0.10000E+01  0.56655E+11  0.40000E+09  20.1
 263  7.00   79.6   80.00  0.36868E+09 241.4  -1.0 110.0  81.6  0.23240E+12 -0.10000E+01  0.55899E+11  0.40000E+09  20.2
 264  7.00   79.8   80.00  0.36833E+09 241.8  -1.0 110.0  81.6  0.23174E+12 -0.10000E+01  0.55134E+11  0.40000E+09  20.3
 265  7.00   80.1   80.00  0.36798E+09 242.3  -1.0 110.0  81.6  0.23161E+12 -0.10000E+01  0.54360E+11  0.40000E+09  20.4
 266  7.00   80.3   80.00  0.36762E+09 242.7  -1.0 110.0  81.7  0.23205E+12 -0.10000E+01  0.53576E+11  0.40000E+09  20.5
 267  7.00   80.6   80.00  0.36725E+09 243.1  -1.0 110.0  81.7  0.23193E+12 -0.10000E+01  0.52782E+11  0.40000E+09  20.6
 268  7.00   80.9   80.00  0.36687E+09 243.6  -1.0 110.0  81.7  0.23181E+12 -0.10000E+01  0.51980E+11  0.40000E+09  20.7
 269  7.00   81.1   80.00  0.36649E+09 244.0  -1.0 110.0  81.7  0.23170E+12 -0.10000E+01  0.51168E+11  0.40000E+09  20.8
 270  7.00   81.4   80.00  0.36609E+09 244.5  -1.0 110.0  81.7  0.22489E+12 -0.10000E+01  0.50346E+11  0.40000E+09  20.9
 271  7.00   81.7   80.00  0.36569E+09 245.0  -1.0 110.0  81.8  0.22255E+12 -0.10000E+01  0.49516E+11  0.40000E+09  21.1
 272  7.00   81.9   80.00  0.36527E+09 245.4  -1.0 110.0  81.8  0.20556E+12 -0.10000E+01  0.48677E+11  0.40000E+09  21.2
 273  7.00   82.2   80.00  0.36485E+09 245.9  -1.0 110.0  81.8  0.19779E+12 -0.10000E+01  0.47828E+11  0.40000E+09  21.3
 274  7.00   82.5   80.00  0.36442E+09 246.3  -1.0 110.0  81.8  0.20927E+12 -0.10000E+01  0.46971E+11  0.40000E+09  21.4
 275  7.00   82.8   80.00  0.36397E+09 246.8  -1.0 110.0  81.8  0.23099E+12 -0.10000E+01  0.46106E+11  0.40000E+09  21.6
 276  7.00   83.0   80.00  0.36352E+09 247.2  -1.0 110.0  81.9  0.23088E+12 -0.10000E+01  0.45232E+11  0.40000E+09  21.7
 277  7.00   83.3   80.00  0.36306E+09 247.7  -1.0 110.0  81.9  0.23076E+12 -0.10000E+01  0.44351E+11  0.40000E+09  21.8
 278  7.00   83.6   80.00  0.36258E+09 248.2  -1.0 110.0  81.9  0.23064E+12 -0.10000E+01  0.43462E+11  0.40000E+09  22.0
 279  7.00   83.8   80.00  0.36210E+09 248.6  -1.0 110.0  81.9  0.23053E+12 -0.10000E+01  0.42566E+11  0.40000E+09  22.1
 280  7.00   84.1   80.00  0.36160E+09 249.1  -1.0 110.0  81.9  0.23041E+12 -0.10000E+01  0.41664E+11  0.40000E+09  22.3
 281  7.00   84.4   80.00  0.36109E+09 249.5  -1.0 110.0  82.0  0.23029E+12 -0.10000E+01  0.40756E+11  0.40000E+09  22.4
 282  7.00   84.7   80.00  0.36057E+09 250.0  -1.0 110.0  82.0  0.23017E+12 -0.10000E+01  0.39842E+11  0.40000E+09  22.6
 283  7.00   84.9   80.00  0.36004E+09 250.4  -1.0 110.0  82.0  0.23006E+12 -0.10000E+01  0.38924E+11  0.40000E+09  22.7
 284  7.00   85.2   80.00  0.35950E+09 250.9  -1.0 110.0  82.0  0.22994E+12 -0.10000E+01  0.38002E+11  0.40000E+09  22.9
 285  7.00   85.5   80.00  0.35894E+09 251.3  -1.0 110.0  82.1  0.22982E+12 -0.10000E+01  0.37077E+11  0.40000E+09  23.0
 286  7.00   85.7   80.00  0.35838E+09 251.8  -1.0 110.0  82.1  0.22971E+12 -0.10000E+01  0.36150E+11  0.40000E+09  23.2
 287  7.00   86.0   80.00  0.35779E+09 252.2  -1.0 110.0  82.1  0.22959E+12 -0.10000E+01  0.35222E+11  0.40000E+09  23.4
 288  7.00   86.3   80.00  0.35720E+09 252.7  -1.0 110.0  82.2  0.22947E+12 -0.10000E+01  0.34294E+11  0.40000E+09  23.5
 289  7.00   86.6   80.00  0.35659E+09 253.1  -1.0 110.0  82.2  0.22936E+12 -0.10000E+01  0.33366E+11  0.40000E+09  23.7
 290  7.00   86.8   80.00  0.35597E+09 253.6  -1.0 110.0  82.2  0.22731E+12 -0.10000E+01  0.32441E+11  0.40000E+09  23.9
 291  7.00   87.1   80.00  0.35534E+09 254.1  -1.0 110.0  82.2  0.22528E+12 -0.10000E+01  0.31519E+11  0.40000E+09  24.0
 292  7.00   87.4   80.00  0.35469E+09 254.6  -1.0 110.0  82.3  0.22325E+12 -0.10000E+01  0.30601E+11  0.40000E+09  24.2
 293  7.00   87.6   80.00  0.35403E+09 255.1  -1.0 110.0  82.3  0.22124E+12 -0.10000E+01  0.29689E+11  0.40000E+09  24.4
 294  7.00   87.9   80.00  0.35335E+09 255.6  -1.0 110.0  82.3  0.21923E+12 -0.10000E+01  0.28784E+11  0.40000E+09  24.6
 295  7.00   88.2   80.00  0.35266E+09 256.2  -1.0 110.0  82.4  0.21723E+12 -0.10000E+01  0.27888E+11  0.40000E+09  24.8
 296  7.00   88.4   80.00  0.35195E+09 256.7  -1.0 110.0  82.4  0.21525E+12 -0.10000E+01  0.27001E+11  0.40000E+09  25.0
 297  7.00   88.7   80.00  0.35123E+09 257.2  -1.0 110.0  82.4  0.21327E+12 -0.10000E+01  0.26125E+11  0.40000E+09  25.2
 298  7.00   89.0   80.00  0.35049E+09 257.7  -1.0 110.0  82.5  0.21130E+12 -0.10000E+01  0.25262E+11  0.40000E+09  25.4
 299  7.00   89.2   80.00  0.34974E+09 258.2  -1.0 110.0  82.5  0.20934E+12 -0.10000E+01  0.24412E+11  0.40000E+09  25.6
 300  7.00   89.5   80.00  0.34897E+09 258.7  -1.0 110.0  82.5  0.20738E+12 -0.10000E+01  0.23576E+11  0.40000E+09  25.8
 301  7.00   89.8   80.00  0.34819E+09 259.3  -1.0 110.0  82.6  0.20544E+12 -0.10000E+01  0.22756E+11  0.40000E+09  26.0
 302  7.00   90.0   80.00  0.34738E+09 259.8  -1.0 110.0  82.6  0.20351E+12 -0.10000E+01  0.21953E+11  0.40000E+09  26.2
 303  7.00   90.3   80.00  0.34657E+09 260.3  -1.0 110.0  82.6  0.20158E+12 -0.10000E+01  0.21168E+11  0.40000E+09  26.4
 304  7.00   90.5   80.00  0.34573E+09 260.8  -1.0 110.0  82.7  0.19967E+12 -0.10000E+01  0.20401E+11  0.40000E+09  26.6
 305  7.00   90.8   80.00  0.34488E+09 261.3  -1.0 110.0  82.7  0.19776E+12 -0.10000E+01  0.19654E+11  0.40000E+09  26.9
 306  7.00   91.1   80.00  0.34401E+09 261.7  -1.0 110.0  82.7  0.19586E+12 -0.10000E+01  0.18927E+11  0.40000E+09  27.1
 307  7.00   91.3   80.00  0.34312E+09 262.2  -1.0 110.0  82.8  0.19398E+12 -0.10000E+01  0.18221E+11  0.40000E+09  27.3
 308  7.00   91.6   80.00  0.34221E+09 262.7  -1.0 110.0  82.8  0.19210E+12 -0.10000E+01  0.17535E+11  0.40000E+09  27.5
 309  7.00   91.8   80.00  0.34129E+09 263.2  -1.0 110.0  82.8  0.19023E+12 -0.10000E+01  0.16872E+11  0.40000E+09  27.8
 310  7.00   92.1   80.00  0.34035E+09 263.6  -1.0 110.0  82.9  0.18837E+12 -0.10000E+01  0.16230E+11  0.40000E+09  28.0
 311  7.00   92.3   80.00  0.33939E+09 264.0  -1.0 110.0  82.9  0.18652E+12 -0.10000E+01  0.15610E+11  0.40000E+09  28.2
 312  7.00   92.6   80.00  0.33841E+09 264.5  -1.0 110.0  83.0  0.18467E+12 -0.10000E+01  0.15011E+11  0.40000E+09  28.5
 313  7.00   92.8   80.00  0.33741E+09 264.9  -1.0 110.0  83.0  0.18284E+12 -0.10000E+01  0.14435E+11  0.40000E+09  28.7
 314  7.00   93.0   80.00  0.33640E+09 265.3  -1.0 110.0  83.0  0.18102E+12 -0.10000E+01  0.13881E+11  0.40000E+09  28.9
 315  7.00   93.3   80.00  0.33537E+09 265.7  -1.0 110.0  83.1  0.17920E+12 -0.10000E+01  0.13348E+11  0.40000E+09  29.2
 316  7.00   93.5   80.00  0.33432E+09 266.1  -1.0 110.0  83.1  0.17740E+12 -0.10000E+01  0.12837E+11  0.40000E+09  29.4
 317  7.00   93.7   80.00  0.33325E+09 266.5  -1.0 110.0  83.1  0.17560E+12 -0.10000E+01  0.12347E+11  0.40000E+09  29.7
 318  7.00   94.0   80.00  0.33216E+09 266.9  -1.0 110.0  83.2  0.17381E+12 -0.10000E+01  0.11877E+11  0.40000E+09  29.9
 319  7.00   94.2   80.00  0.33106E+09 267.3  -1.0 110.0  83.2  0.17203E+12 -0.10000E+01  0.11428E+11  0.40000E+09  30.2
 320  7.00   94.4   80.00  0.32993E+09 267.6  -1.0 110.0  83.3  0.17027E+12 -0.10000E+01  0.10998E+11  0.40000E+09  30.4
 321  7.00   94.7   80.00  0.32880E+09 268.0  -1.0 110.0  83.3  0.16801E+12 -0.10000E+01  0.10589E+11  0.40000E+09  30.7
 322  7.00   94.9   80.00  0.32764E+09 268.4  -1.0 110.0  83.3  0.16577E+12 -0.10000E+01  0.10198E+11  0.40000E+09  30.9
 323  7.00   95.1   80.00  0.32647E+09 268.8  -1.0 110.0  83.4  0.16354E+12 -0.10000E+01  0.98253E+10  0.40000E+09  31.2
 324  7.00   95.3   80.00  0.32528E+09 269.2  -1.0 110.0  83.4  0.16133E+12 -0.10000E+01  0.94702E+10  0.40000E+09  31.4
 325  7.00   95.5   80.00  0.32408E+09 269.6  -1.0 110.0  83.5  0.15913E+12 -0.10000E+01  0.91321E+10  0.40000E+09  31.7
 326  7.00   95.7   80.00  0.32287E+09 269.9  -1.0 110.0  83.5  0.15695E+12 -0.10000E+01  0.88104E+10  0.40000E+09  31.9
 327  7.00   95.9   80.00  0.32164E+09 270.3  -1.0 110.0  83.5  0.15478E+12 -0.10000E+01  0.85045E+10  0.40000E+09  32.2
 328  7.00   96.1   80.00  0.32040E+09 270.6  -1.0 110.0  83.6  0.15263E+12 -0.10000E+01  0.82139E+10  0.40000E+09  32.4
 329  7.00   96.3   80.00  0.31915E+09 271.0  -1.0 110.0  83.6  0.15049E+12 -0.10000E+01  0.79379E+10  0.40000E+09  32.6
 330  7.00   96.5   80.00  0.31790E+09 271.3  -1.0 110.0  83.6  0.14837E+12 -0.10000E+01  0.76761E+10  0.40000E+09  32.9
 331  7.00   96.7   80.00  0.31663E+09 271.6  -1.0 110.0  83.7  0.14626E+12 -0.10000E+01  0.74278E+10  0.40000E+09  33.1
 332  7.00   96.9   80.00  0.31536E+09 271.9  -1.0 110.0  83.7  0.14417E+12 -0.10000E+01  0.71924E+10  0.40000E+09  33.4
 333  7.00   97.1   80.00  0.31408E+09 272.2  -1.0 110.0  83.8  0.14209E+12 -0.10000E+01  0.69696E+10  0.40000E+09  33.6
 334  7.00   97.2   80.00  0.31280E+09 272.5  -1.0 110.0  83.8  0.14003E+12 -0.10000E+01  0.67586E+10  0.40000E+09  33.8
 335  7.00   97.4   80.00  0.31153E+09 272.8  -1.0 110.0  83.8  0.13799E+12 -0.10000E+01  0.65591E+10  0.40000E+09  34.0
 336  7.00   97.6   80.00  0.31025E+09 273.1  -1.0 110.0  83.9  0.13595E+12 -0.10000E+01  0.63705E+10  0.40000E+09  34.3
 337  7.00   97.8   80.00  0.30898E+09 273.4  -1.0 110.0  83.9  0.13394E+12 -0.10000E+01  0.61925E+10  0.40000E+09  34.5
 338  7.00   97.9   80.00  0.30771E+09 273.6  -1.0 110.0  83.9  0.13194E+12 -0.10000E+01  0.60243E+10  0.40000E+09  34.7
 339  7.00   98.1   80.00  0.30645E+09 273.9  -1.0 110.0  84.0  0.12995E+12 -0.10000E+01  0.58658E+10  0.40000E+09  34.9
 340  7.00   98.2   80.00  0.30521E+09 274.1  -1.0 110.0  84.0  0.12798E+12 -0.10000E+01  0.57164E+10  0.40000E+09  35.1
 341  7.00   98.4   80.00  0.30398E+09 274.4  -1.0 110.0  84.0  0.12602E+12 -0.10000E+01  0.55758E+10  0.40000E+09  35.3
 342  7.00   98.5   80.00  0.30276E+09 274.6  -1.0 110.0  84.0  0.12408E+12 -0.10000E+01  0.54436E+10  0.40000E+09  35.5
 343  7.00   98.6   80.00  0.30157E+09 274.8  -1.0 110.0  84.1  0.12216E+12 -0.10000E+01  0.53195E+10  0.40000E+09  35.7
 344  7.00   98.8   80.00  0.30040E+09 275.0  -1.0 110.0  84.1  0.12025E+12 -0.10000E+01  0.52030E+10  0.40000E+09  35.9
 345  7.00   98.9   80.00  0.29926E+09 275.2  -1.0 110.0  84.1  0.11835E+12 -0.10000E+01  0.50940E+10  0.40000E+09  36.1
 346  7.00   99.0   80.00  0.29815E+09 275.4  -1.0 110.0  84.2  0.11647E+12 -0.10000E+01  0.49919E+10  0.40000E+09  36.2
 347  7.00   99.1   80.00  0.29706E+09 275.6  -1.0 110.0  84.2  0.11460E+12 -0.10000E+01  0.48966E+10  0.40000E+09  36.4
 348  7.00   99.2   80.00  0.29602E+09 275.8  -1.0 110.0  84.2  0.11275E+12 -0.10000E+01  0.48078E+10  0.40000E+09  36.6
 349  7.00   99.3   80.00  0.29502E+09 276.0  -1.0 110.0  84.2  0.11092E+12 -0.10000E+01  0.47253E+10  0.40000E+09  36.7
 350  7.00   99.4   80.00  0.29405E+09 276.2  -1.0 110.0  84.2  0.10910E+12 -0.10000E+01  0.46488E+10  0.40000E+09  36.8
 351  7.00   99.5   80.00  0.29314E+09 276.2  -1.0 110.0  84.3  0.10892E+12 -0.10000E+01  0.45783E+10  0.40000E+09  37.0
 352  7.00   99.6   80.00  0.29227E+09 276.2  -1.0 110.0  84.3  0.10875E+12 -0.10000E+01  0.45134E+10  0.40000E+09  37.1
 353  7.00   99.7   80.00  0.29145E+09 276.3  -1.0 110.0  84.3  0.10858E+12 -0.10000E+01  0.44541E+10  0.40000E+09  37.2
 354  7.00   99.8   80.00  0.29069E+09 276.3  -1.0 110.0  84.3  0.10840E+12 -0.10000E+01  0.43998E+10  0.40000E+09  37.3
 355  7.00   99.8   80.00  0.28999E+09 276.3  -1.0 110.0  84.3  0.10823E+12 -0.10000E+01  0.43506E+10  0.40000E+09  37.4
 356  7.00   99.9   80.00  0.28934E+09 276.3  -1.0 110.0  84.3  0.10806E+12 -0.10000E+01  0.43064E+10  0.40000E+09  37.5
 357  7.00  100.0   80.00  0.28876E+09 276.3  -1.0 110.0  84.4  0.10789E+12 -0.10000E+01  0.42670E+10  0.40000E+09  37.6
 358  7.00  100.0   80.00  0.28824E+09 276.3  -1.0 110.0  84.4  0.10772E+12 -0.10000E+01  0.42323E+10  0.40000E+09  37.7
 359  7.00  100.1   80.00  0.28778E+09 276.2  -1.0 110.0  84.4  0.10754E+12 -0.10000E+01  0.42021E+10  0.40000E+09  37.7
 360  7.00  100.1   80.00  0.28740E+09 276.2  -1.0 110.0  84.4  0.10737E+12 -0.10000E+01  0.41766E+10  0.40000E+09  37.8
 361  7.00  100.1   80.00  0.28708E+09 276.2  -1.0 110.0  84.4  0.10720E+12 -0.10000E+01  0.41554E+10  0.40000E+09  37.8
 362  7.00  100.1   80.00  0.28683E+09 276.1  -1.0 110.0  84.4  0.10703E+12 -0.10000E+01  0.41386E+10  0.40000E+09  37.9
 363  7.00  100.2   80.00  0.28666E+09 276.1  -1.0 110.0  84.4  0.10686E+12 -0.10000E+01  0.41264E+10  0.40000E+09  37.9
 364  7.00  100.2   80.00  0.28655E+09 276.0  -1.0 110.0  84.4  0.10669E+12 -0.10000E+01  0.41184E+10  0.40000E+09  37.9
 365  7.00  100.2   80.00  0.28652E+09 276.0  -1.0 110.0  84.4  0.10652E+12 -0.10000E+01  0.41149E+10  0.40000E+09  37.9
