 125  0.00  110.6  100.00  0.19579E+10 328.0  -1.0 110.0  87.6  0.20431E+12 -0.10000E+01  0.20262E+10  0.40000E+09  62.3
 125  0.25  110.5  100.00  0.19596E+10 329.9  -1.0 110.0  87.5  0.19594E+12 -0.10000E+01  0.20262E+10  0.40000E+09  61.5
 125  0.50  110.2  100.00  0.19617E+10 331.5  -1.0 110.0  87.4  0.18814E+12 -0.10000E+01  0.20262E+10  0.40000E+09  60.4
 125  0.75  109.8  100.00  0.19641E+10 333.0  -1.0 110.0  87.3  0.18089E+12 -0.10000E+01  0.20262E+10  0.40000E+09  59.1
 125  1.00  109.3  100.00  0.19670E+10 334.2  -1.0 110.0  87.1  0.17415E+12 -0.10000E+01  0.20262E+10  0.40000E+09  57.6
 125  1.25  108.6  100.00  0.19702E+10 335.1  -1.0 110.0  86.9  0.16791E+12 -0.10000E+01  0.20262E+10  0.40000E+09  55.8
 125  1.50  107.7  100.00  0.19738E+10 335.7  -1.0 110.0  86.6  0.16215E+12 -0.10000E+01  0.20262E+10  0.40000E+09  53.7
 125  1.75  106.8  100.00  0.19776E+10 335.9  -1.0 110.0  86.3  0.15690E+12 -0.10000E+01  0.20262E+10  0.40000E+09  51.3
 125  2.00  105.7  100.00  0.19816E+10 335.7  -1.0 110.0  86.0  0.15220E+12 -0.10000E+01  0.20262E+10  0.40000E+09  48.7
 125  2.25  104.4  100.00  0.19856E+10 335.1  -1.0 110.0  85.6  0.14809E+12 -0.10000E+01  0.20262E+10  0.40000E+09  45.8
 125  2.50  103.1  100.00  0.22954E+10 333.5  -1.0 110.0  85.2  0.14467E+12 -0.10000E+01  0.23481E+10  0.40000E+09  42.8
 125  2.75  101.7  100.00  0.27954E+10 331.1  -1.0 110.0  84.8  0.14204E+12 -0.10000E+01  0.28684E+10  0.40000E+09  39.7
 125  3.00  100.1  100.00  0.35439E+10 328.1  -1.0 110.0  84.4  0.14031E+12 -0.10000E+01  0.36483E+10  0.40000E+09  36.7
 125  3.25   98.5  100.00  0.46542E+10 324.3  -1.0 110.0  83.9  0.13962E+12 -0.10000E+01  0.48066E+10  0.40000E+09  33.8
 125  3.50   96.8  100.00  0.62799E+10 319.6  -1.0 110.0  83.5  0.14009E+12 -0.10000E+01  0.65056E+10  0.40000E+09  31.1
 125  3.75   95.0  100.00  0.86173E+10 314.0  -1.0 110.0  83.1  0.14186E+12 -0.10000E+01  0.89525E+10  0.40000E+09  28.7
 125  4.00   93.1  100.00  0.11878E+11 307.5  -1.0 110.0  82.8  0.14505E+12 -0.10000E+01  0.12373E+11  0.40000E+09  26.6
 125  4.25   91.2  100.00  0.16029E+11 300.0  -1.0 110.0  82.5  0.14976E+12 -0.10000E+01  0.16928E+11  0.40000E+09  24.7
 125  4.50   89.2  100.00  0.20852E+11 291.9  -1.0 110.0  82.2  0.15607E+12 -0.10000E+01  0.22594E+11  0.40000E+09  23.2
 125  4.75   87.2  100.00  0.26137E+11 283.5  -1.0 110.0  82.0  0.16401E+12 -0.10000E+01  0.29098E+11  0.40000E+09  21.9
 125  5.00   85.1  100.00  0.31520E+11 275.4  -1.0 110.0  81.8  0.17356E+12 -0.10000E+01  0.36015E+11  0.40000E+09  20.8
 125  5.25   83.0  100.00  0.36724E+11 268.2  -1.0 110.0  81.6  0.18467E+12 -0.10000E+01  0.42966E+11  0.40000E+09  20.0
 125  5.50   80.8  100.00  0.41605E+11 262.2  -1.0 110.0  81.5  0.19719E+12 -0.10000E+01  0.49711E+11  0.40000E+09  19.3
 125  5.75   78.6  100.00  0.46121E+11 257.5  -1.0 110.0  81.4  0.21094E+12 -0.10000E+01  0.56145E+11  0.40000E+09  18.7
 125  6.00   76.4  100.00  0.50278E+11 254.0  -1.0 110.0  81.3  0.22564E+12 -0.10000E+01  0.62239E+11  0.40000E+09  18.3
 125  6.25   74.1  100.00  0.54105E+11 251.4  -1.0 110.0  81.2  0.24100E+12 -0.10000E+01  0.67999E+11  0.40000E+09  17.9
 125  6.50   71.9  100.00  0.57631E+11 249.6  -1.0 110.0  81.2  0.25667E+12 -0.10000E+01  0.73444E+11  0.40000E+09  17.6
 125  6.75   69.6  100.00  0.60886E+11 248.4  -1.0 110.0  81.1  0.27232E+12 -0.10000E+01  0.78593E+11  0.40000E+09  17.4
 125  7.00   67.4  100.00  0.63896E+11 247.6  -1.0 110.0  81.1  0.28761E+12 -0.10000E+01  0.83463E+11  0.40000E+09  17.2
 125  7.25   65.1  100.00  0.66679E+11 247.2  -1.0 110.0  81.1  0.30226E+12 -0.10000E+01  0.88067E+11  0.40000E+09  17.1
 125  7.50   62.8  100.00  0.69256E+11 247.0  -1.0 110.0  81.1  0.31604E+12 -0.10000E+01  0.92417E+11  0.40000E+09  17.0
 125  7.75   60.6  100.00  0.73668E+11 246.9  -1.0 110.0  81.1  0.32878E+12 -0.10000E+01  0.96518E+11  0.44930E+09  16.9
 125  8.00   58.4  100.00  0.77938E+11 247.0  -1.0 110.0  81.0  0.34041E+12 -0.10000E+01  0.10038E+12  0.50183E+09  16.9
 125  8.25   56.2  100.00  0.81681E+11 247.1  -1.0 110.0  81.0  0.35088E+12 -0.10000E+01  0.10400E+12  0.54606E+09  16.8
 125  8.50   54.1  100.00  0.84992E+11 247.2  -1.0 110.0  81.0  0.36024E+12 -0.10000E+01  0.10738E+12  0.58306E+09  16.8
 125  8.75   52.0  100.00  0.87940E+11 247.4 177.4 110.0  81.0  0.36855E+12  0.22185E+12  0.11053E+12  0.61393E+09  16.7
 125  9.00   50.0  100.00  0.90569E+11 247.6 177.2 110.0  81.0  0.37587E+12  0.22568E+12  0.11344E+12  0.63966E+09  16.7
 125  9.25   48.1  100.00  0.92914E+11 247.8 177.0 110.0  81.0  0.38230E+12  0.22918E+12  0.11612E+12  0.66109E+09  16.7
 125  9.50   46.3  100.00  0.94999E+11 248.0 176.8 110.0  81.0  0.38790E+12  0.23234E+12  0.11857E+12  0.67893E+09  16.7
 125  9.75   44.5  100.00  0.96845E+11 248.2 176.7 110.0  81.0  0.39270E+12  0.23519E+12  0.12078E+12  0.69375E+09  16.7
 125 10.00   42.9  100.00  0.98464E+11 248.3 176.6 110.0  81.0  0.39673E+12  0.23771E+12  0.12275E+12  0.70603E+09  16.7
 125 10.25   41.4  100.00  0.99868E+11 248.5 176.6 110.0  81.0  0.39997E+12  0.23992E+12  0.12449E+12  0.71614E+09  16.7
 125 10.50   40.1  100.00  0.10107E+12 248.6 176.6 110.0  81.0  0.40239E+12  0.24182E+12  0.12600E+12  0.72436E+09  16.7
 125 10.75   38.9  100.00  0.10207E+12 248.6 176.6 110.0  81.0  0.40395E+12  0.24342E+12  0.12726E+12  0.73095E+09  16.7
 125 11.00   38.0  100.00  0.10287E+12 248.6 176.6 110.0  81.0  0.40462E+12  0.24471E+12  0.12829E+12  0.73608E+09  16.6
 125 11.25   37.2  100.00  0.10348E+12 248.6 176.7 110.0  81.0  0.40438E+12  0.24569E+12  0.12907E+12  0.73989E+09  16.6
 125 11.50   36.7  100.00  0.10391E+12 248.5 176.8 110.0  81.0  0.40323E+12  0.24638E+12  0.12962E+12  0.74248E+09  16.6
 125 11.75   36.4  100.00  0.10415E+12 248.3 177.0 110.0  81.0  0.40120E+12  0.24677E+12  0.12993E+12  0.74392E+09  16.6
 125 12.00   36.3  100.00  0.10420E+12 248.0 177.2 110.0  81.0  0.39836E+12  0.24685E+12  0.13000E+12  0.74424E+09  16.6
 125 12.25   36.5  100.00  0.10407E+12 247.8 177.4 110.0  81.0  0.39483E+12  0.24664E+12  0.12983E+12  0.74345E+09  16.6
 125 12.50   36.9  100.00  0.10375E+12 247.5 177.7 110.0  81.0  0.39073E+12  0.24613E+12  0.12942E+12  0.74154E+09  16.6
 125 12.75   37.5  100.00  0.10325E+12 247.2 178.0 110.0  81.0  0.38622E+12  0.24532E+12  0.12877E+12  0.73845E+09  16.6
 125 13.00   38.3  100.00  0.10256E+12 247.0 178.3 110.0  81.0  0.38150E+12  0.24420E+12  0.12789E+12  0.73411E+09  16.7
 125 13.25   39.4  100.00  0.10167E+12 246.9 178.7 110.0  81.0  0.37675E+12  0.24279E+12  0.12676E+12  0.72839E+09  16.7
 125 13.50   40.6  100.00  0.10059E+12 246.9 179.1 110.0  81.0  0.37216E+12  0.24107E+12  0.12540E+12  0.72114E+09  16.7
 125 13.75   42.0  100.00  0.99308E+11 247.1 179.6 110.0  81.0  0.36792E+12  0.23904E+12  0.12380E+12  0.71217E+09  16.7
 125 14.00   43.6  100.00  0.97816E+11 247.5 180.0 110.0  81.0  0.36421E+12  0.23670E+12  0.12196E+12  0.70120E+09  16.7
 125 14.25   45.2  100.00  0.96106E+11 248.1 180.5 110.0  81.0  0.36119E+12  0.23404E+12  0.11989E+12  0.68792E+09  16.7
 125 14.50   47.0  100.00  0.94164E+11 249.0 181.1 110.0  81.0  0.35898E+12  0.23107E+12  0.11758E+12  0.67192E+09  16.7
 125 14.75   48.9  100.00  0.91975E+11 250.2 181.6 110.0  81.0  0.35772E+12  0.22777E+12  0.11504E+12  0.65268E+09  16.7
 125 15.00   50.9  100.00  0.89518E+11 251.6 182.1 110.0  81.0  0.35749E+12  0.22414E+12  0.11227E+12  0.62959E+09  16.7
 125 15.25   52.9  100.00  0.86765E+11 253.2 182.6 110.0  81.0  0.35834E+12  0.22017E+12  0.10926E+12  0.60187E+09  16.8
 125 15.50   55.0  100.00  0.83678E+11 255.0  -1.0 110.0  81.0  0.36029E+12 -0.10000E+01  0.10602E+12  0.56864E+09  16.8
 125 15.75   57.1  100.00  0.80203E+11 256.9  -1.0 110.0  81.0  0.36334E+12 -0.10000E+01  0.10254E+12  0.52885E+09  16.8
 125 16.00   59.3  100.00  0.76263E+11 258.8  -1.0 110.0  81.0  0.36742E+12 -0.10000E+01  0.98828E+11  0.48140E+09  16.9
 125 16.25   61.5  100.00  0.71747E+11 260.8  -1.0 110.0  81.1  0.37243E+12 -0.10000E+01  0.94876E+11  0.42530E+09  17.0
 125 16.50   63.8  100.00  0.68236E+11 262.7  -1.0 110.0  81.1  0.37821E+12 -0.10000E+01  0.90681E+11  0.40000E+09  17.0
 125 16.75   66.0  100.00  0.65582E+11 264.5  -1.0 110.0  81.1  0.38456E+12 -0.10000E+01  0.86237E+11  0.40000E+09  17.2
 125 17.00   68.3  100.00  0.62716E+11 266.4  -1.0 110.0  81.1  0.39123E+12 -0.10000E+01  0.81535E+11  0.40000E+09  17.3
 125 17.25   70.5  100.00  0.59618E+11 268.2  -1.0 110.0  81.2  0.39794E+12 -0.10000E+01  0.76565E+11  0.40000E+09  17.5
 125 17.50   72.8  100.00  0.56266E+11 270.0  -1.0 110.0  81.2  0.40436E+12 -0.10000E+01  0.71312E+11  0.40000E+09  17.7
 125 17.75   75.0  100.00  0.52633E+11 271.8  -1.0 110.0  81.3  0.41016E+12 -0.10000E+01  0.65758E+11  0.40000E+09  18.0
 125 18.00   77.2  100.00  0.48692E+11 273.6  -1.0 110.0  81.3  0.41502E+12 -0.10000E+01  0.59884E+11  0.40000E+09  18.4
 125 18.25   79.5  100.00  0.44410E+11 275.6  -1.0 110.0  81.4  0.41861E+12 -0.10000E+01  0.53676E+11  0.40000E+09  18.9
 125 18.50   81.6  100.00  0.39767E+11 277.8  -1.0 110.0  81.5  0.42069E+12 -0.10000E+01  0.47136E+11  0.40000E+09  19.5
 125 18.75   83.8  100.00  0.34770E+11 280.2  -1.0 110.0  81.7  0.42104E+12 -0.10000E+01  0.40318E+11  0.40000E+09  20.2
 125 19.00   85.9  100.00  0.29495E+11 282.8  -1.0 110.0  81.8  0.41951E+12 -0.10000E+01  0.33371E+11  0.40000E+09  21.2
 125 19.25   88.0  100.00  0.24133E+11 285.5  -1.0 110.0  82.0  0.41606E+12 -0.10000E+01  0.26590E+11  0.40000E+09  22.3
 125 19.50   90.0  100.00  0.19001E+11 288.3  -1.0 110.0  82.3  0.41070E+12 -0.10000E+01  0.20384E+11  0.40000E+09  23.7
 125 19.75   91.9  100.00  0.14455E+11 291.1  -1.0 110.0  82.6  0.40353E+12 -0.10000E+01  0.15136E+11  0.40000E+09  25.3
 125 20.00   93.8  100.00  0.10596E+11 293.8  -1.0 110.0  82.9  0.39472E+12 -0.10000E+01  0.11026E+11  0.40000E+09  27.2
 125 20.25   95.6  100.00  0.77059E+10 296.3  -1.0 110.0  83.2  0.38446E+12 -0.10000E+01  0.79974E+10  0.40000E+09  29.5
 125 20.50   97.4  100.00  0.56562E+10 298.7  -1.0 110.0  83.6  0.37302E+12 -0.10000E+01  0.58532E+10  0.40000E+09  32.0
 125 20.75   99.1  100.00  0.42379E+10 301.0  -1.0 110.0  84.1  0.36064E+12 -0.10000E+01  0.43720E+10  0.40000E+09  34.7
 125 21.00  100.6  100.00  0.32717E+10 303.2  -1.0 110.0  84.5  0.34760E+12 -0.10000E+01  0.33646E+10  0.40000E+09  37.6
 125 21.25  102.1  100.00  0.26204E+10 305.4  -1.0 110.0  84.9  0.33414E+12 -0.10000E+01  0.26864E+10  0.40000E+09  40.6
 125 21.50  103.5  100.00  0.21852E+10 307.6  -1.0 110.0  85.4  0.32049E+12 -0.10000E+01  0.22336E+10  0.40000E+09  43.7
 125 21.75  104.8  100.00  0.19843E+10 309.6  -1.0 110.0  85.8  0.30687E+12 -0.10000E+01  0.20262E+10  0.40000E+09  46.7
 125 22.00  105.9  100.00  0.19804E+10 311.6  -1.0 110.0  86.1  0.29344E+12 -0.10000E+01  0.20262E+10  0.40000E+09  49.5
 125 22.25  107.0  100.00  0.19765E+10 313.6  -1.0 110.0  86.4  0.28034E+12 -0.10000E+01  0.20262E+10  0.40000E+09  52.0
 125 22.50  107.9  100.00  0.19727E+10 315.6  -1.0 110.0  86.7  0.26769E+12 -0.10000E+01  0.20262E+10  0.40000E+09  54.3
 125 22.75  108.6  100.00  0.19692E+10 317.7  -1.0 110.0  87.0  0.25557E+12 -0.10000E+01  0.20262E+10  0.40000E+09  56.3
 125 23.00  109.3  100.00  0.19661E+10 319.8  -1.0 110.0  87.2  0.24405E+12 -0.10000E+01  0.20262E+10  0.40000E+09  58.1
 125 23.25  109.8  100.00  0.19634E+10 321.9  -1.0 110.0  87.3  0.23315E+12 -0.10000E+01  0.20262E+10  0.40000E+09  59.5
 125 23.50  110.1  100.00  0.19610E+10 324.0  -1.0 110.0  87.5  0.22290E+12 -0.10000E+01  0.20262E+10  0.40000E+09  60.7
 125 23.75  110.3  100.00  0.19591E+10 326.1  -1.0 110.0  87.6  0.21329E+12 -0.10000E+01  0.20262E+10  0.40000E+09  61.7
 125 24.00  110.3  100.00  0.19574E+10 328.0  -1.0 110.0  87.7  0.20431E+12 -0.10000E+01  0.20262E+10  0.40000E+09  62.5
