   1  8.00   92.4  100.00  0.15054E+11 250.9  -1.0 110.0  82.8  0.18492E+12 -0.10000E+01  0.15909E+11  0.40000E+09  27.4
   2  8.00   92.4  100.00  0.15101E+11 250.9  -1.0 110.0  82.8  0.18500E+12 -0.10000E+01  0.15964E+11  0.40000E+09  27.4
   3  8.00   92.3  100.00  0.15164E+11 250.9  -1.0 110.0  82.8  0.18507E+12 -0.10000E+01  0.16036E+11  0.40000E+09  27.4
   4  8.00   92.3  100.00  0.15242E+11 250.9  -1.0 110.0  82.8  0.18514E+12 -0.10000E+01  0.16127E+11  0.40000E+09  27.4
   5  8.00   92.2  100.00  0.15336E+11 250.8  -1.0 110.0  82.8  0.18521E+12 -0.10000E+01  0.16236E+11  0.40000E+09  27.4
   6  8.00   92.2  100.00  0.15447E+11 250.8  -1.0 110.0  82.8  0.18528E+12 -0.10000E+01  0.16364E+11  0.40000E+09  27.3
   7  8.00   92.1  100.00  0.15573E+11 250.7  -1.0 110.0  82.8  0.18536E+12 -0.10000E+01  0.16511E+11  0.40000E+09  27.3
   8  8.00   92.1  100.00  0.15717E+11 250.6  -1.0 110.0  82.8  0.18543E+12 -0.10000E+01  0.16677E+11  0.40000E+09  27.2
   9  8.00   92.0  100.00  0.15877E+11 250.5  -1.0 110.0  82.8  0.18550E+12 -0.10000E+01  0.16864E+11  0.40000E+09  27.2
  10  8.00   91.9  100.00  0.16054E+11 250.4  -1.0 110.0  82.7  0.18557E+12 -0.10000E+01  0.17070E+11  0.40000E+09  27.1
  11  8.00   91.8  100.00  0.16248E+11 250.2  -1.0 110.0  82.7  0.18565E+12 -0.10000E+01  0.17297E+11  0.40000E+09  27.0
  12  8.00   91.7  100.00  0.16460E+11 250.1  -1.0 110.0  82.7  0.18572E+12 -0.10000E+01  0.17544E+11  0.40000E+09  27.0
  13  8.00   91.6  100.00  0.16690E+11 249.9  -1.0 110.0  82.7  0.18579E+12 -0.10000E+01  0.17813E+11  0.40000E+09  26.9
  14  8.00   91.5  100.00  0.16937E+11 249.8  -1.0 110.0  82.7  0.18586E+12 -0.10000E+01  0.18105E+11  0.40000E+09  26.8
  15  8.00   91.4  100.00  0.17203E+11 249.6  -1.0 110.0  82.7  0.18593E+12 -0.10000E+01  0.18418E+11  0.40000E+09  26.7
  16  8.00   91.3  100.00  0.17486E+11 249.3  -1.0 110.0  82.7  0.18754E+12 -0.10000E+01  0.18752E+11  0.40000E+09  26.6
  17  8.00   91.1  100.00  0.17787E+11 249.0  -1.0 110.0  82.6  0.18914E+12 -0.10000E+01  0.19109E+11  0.40000E+09  26.5
  18  8.00   91.0  100.00  0.18107E+11 248.7  -1.0 110.0  82.6  0.19076E+12 -0.10000E+01  0.19489E+11  0.40000E+09  26.4
  19  8.00   90.9  100.00  0.18447E+11 248.4  -1.0 110.0  82.6  0.19238E+12 -0.10000E+01  0.19894E+11  0.40000E+09  26.3
  20  8.00   90.7  100.00  0.18806E+11 248.1  -1.0 110.0  82.6  0.19401E+12 -0.10000E+01  0.20324E+11  0.40000E+09  26.1
  21  8.00   90.6  100.00  0.19184E+11 247.7  -1.0 110.0  82.6  0.19565E+12 -0.10000E+01  0.20779E+11  0.40000E+09  26.0
  22  8.00   90.4  100.00  0.19582E+11 247.4  -1.0 110.0  82.5  0.19729E+12 -0.10000E+01  0.21259E+11  0.40000E+09  25.9
  23  8.00   90.2  100.00  0.20000E+11 247.0  -1.0 110.0  82.5  0.19894E+12 -0.10000E+01  0.21765E+11  0.40000E+09  25.8
  24  8.00   90.0  100.00  0.20437E+11 246.6  -1.0 110.0  82.5  0.20059E+12 -0.10000E+01  0.22297E+11  0.40000E+09  25.6
  25  8.00   89.9  100.00  0.20894E+11 246.2  -1.0 110.0  82.5  0.20226E+12 -0.10000E+01  0.22855E+11  0.40000E+09  25.5
  26  8.00   89.7  100.00  0.21371E+11 245.8  -1.0 110.0  82.5  0.20393E+12 -0.10000E+01  0.23440E+11  0.40000E+09  25.4
  27  8.00   89.5  100.00  0.21867E+11 245.4  -1.0 110.0  82.4  0.20561E+12 -0.10000E+01  0.24051E+11  0.40000E+09  25.2
  28  8.00   89.3  100.00  0.22382E+11 244.9  -1.0 110.0  82.4  0.20729E+12 -0.10000E+01  0.24690E+11  0.40000E+09  25.1
  29  8.00   89.1  100.00  0.22916E+11 244.5  -1.0 110.0  82.4  0.20898E+12 -0.10000E+01  0.25354E+11  0.40000E+09  24.9
  30  8.00   88.9  100.00  0.23468E+11 244.0  -1.0 110.0  82.4  0.21068E+12 -0.10000E+01  0.26045E+11  0.40000E+09  24.8
  31  8.00   88.6  100.00  0.24039E+11 243.6  -1.0 110.0  82.3  0.21238E+12 -0.10000E+01  0.26762E+11  0.40000E+09  24.6
  32  8.00   88.4  100.00  0.24627E+11 243.1  -1.0 110.0  82.3  0.21409E+12 -0.10000E+01  0.27505E+11  0.40000E+09  24.5
  33  8.00   88.2  100.00  0.25232E+11 242.6  -1.0 110.0  82.3  0.21581E+12 -0.10000E+01  0.28273E+11  0.40000E+09  24.3
  34  8.00   87.9  100.00  0.25853E+11 242.1  -1.0 110.0  82.3  0.21754E+12 -0.10000E+01  0.29065E+11  0.40000E+09  24.1
  35  8.00   87.7  100.00  0.26489E+11 241.6  -1.0 110.0  82.2  0.21927E+12 -0.10000E+01  0.29881E+11  0.40000E+09  24.0
  36  8.00   87.4  100.00  0.27140E+11 241.0  -1.0 110.0  82.2  0.22101E+12 -0.10000E+01  0.30720E+11  0.40000E+09  23.8
  37  8.00   87.2  100.00  0.27805E+11 240.5  -1.0 110.0  82.2  0.22275E+12 -0.10000E+01  0.31581E+11  0.40000E+09  23.7
  38  8.00   86.9  100.00  0.28483E+11 240.0  -1.0 110.0  82.2  0.22451E+12 -0.10000E+01  0.32464E+11  0.40000E+09  23.5
  39  8.00   86.7  100.00  0.29172E+11 239.4  -1.0 110.0  82.1  0.22627E+12 -0.10000E+01  0.33366E+11  0.40000E+09  23.3
  40  8.00   86.4  100.00  0.29872E+11 238.9  -1.0 110.0  82.1  0.22803E+12 -0.10000E+01  0.34287E+11  0.40000E+09  23.2
  41  8.00   86.1  100.00  0.30582E+11 238.3  -1.0 110.0  82.1  0.22981E+12 -0.10000E+01  0.35225E+11  0.40000E+09  23.0
  42  8.00   85.8  100.00  0.31300E+11 237.8  -1.0 110.0  82.0  0.23159E+12 -0.10000E+01  0.36180E+11  0.40000E+09  22.9
  43  8.00   85.6  100.00  0.32026E+11 237.2  -1.0 110.0  82.0  0.23337E+12 -0.10000E+01  0.37149E+11  0.40000E+09  22.7
  44  8.00   85.3  100.00  0.32759E+11 236.6  -1.0 110.0  82.0  0.23517E+12 -0.10000E+01  0.38132E+11  0.40000E+09  22.5
  45  8.00   85.0  100.00  0.33497E+11 236.1  -1.0 110.0  82.0  0.23697E+12 -0.10000E+01  0.39127E+11  0.40000E+09  22.4
  46  8.00   84.7  100.00  0.34238E+11 236.0  -1.0 110.0  81.9  0.23845E+12 -0.10000E+01  0.40131E+11  0.40000E+09  22.2
  47  8.00   84.4  100.00  0.34982E+11 235.9  -1.0 110.0  81.9  0.23994E+12 -0.10000E+01  0.41143E+11  0.40000E+09  22.1
  48  8.00   84.1  100.00  0.35729E+11 235.8  -1.0 110.0  81.9  0.24143E+12 -0.10000E+01  0.42163E+11  0.40000E+09  21.9
  49  8.00   83.8  100.00  0.36477E+11 235.7  -1.0 110.0  81.9  0.24292E+12 -0.10000E+01  0.43190E+11  0.40000E+09  21.8
  50  8.00   83.4  100.00  0.37226E+11 235.7  -1.0 110.0  81.8  0.24442E+12 -0.10000E+01  0.44222E+11  0.40000E+09  21.6
  51  8.00   83.1  100.00  0.37974E+11 235.6  -1.0 110.0  81.8  0.24593E+12 -0.10000E+01  0.45258E+11  0.40000E+09  21.5
  52  8.00   82.8  100.00  0.38722E+11 235.5  -1.0 110.0  81.8  0.24744E+12 -0.10000E+01  0.46297E+11  0.40000E+09  21.3
  53  8.00   82.5  100.00  0.39467E+11 235.4  -1.0 110.0  81.8  0.24895E+12 -0.10000E+01  0.47337E+11  0.40000E+09  21.2
  54  8.00   82.1  100.00  0.40210E+11 235.3  -1.0 110.0  81.7  0.25047E+12 -0.10000E+01  0.48378E+11  0.40000E+09  21.0
  55  8.00   81.8  100.00  0.40950E+11 235.2  -1.0 110.0  81.7  0.25200E+12 -0.10000E+01  0.49419E+11  0.40000E+09  20.9
  56  8.00   81.5  100.00  0.41685E+11 235.2  -1.0 110.0  81.7  0.25352E+12 -0.10000E+01  0.50458E+11  0.40000E+09  20.8
  57  8.00   81.1  100.00  0.42416E+11 235.1  -1.0 110.0  81.7  0.25506E+12 -0.10000E+01  0.51494E+11  0.40000E+09  20.6
  58  8.00   80.8  100.00  0.43143E+11 235.0  -1.0 110.0  81.7  0.25660E+12 -0.10000E+01  0.52527E+11  0.40000E+09  20.5
  59  8.00   80.4  100.00  0.43863E+11 235.0  -1.0 110.0  81.6  0.25814E+12 -0.10000E+01  0.53557E+11  0.40000E+09  20.4
  60  8.00   80.1  100.00  0.44578E+11 234.9  -1.0 110.0  81.6  0.25968E+12 -0.10000E+01  0.54581E+11  0.40000E+09  20.2
  61  8.00   79.7  100.00  0.45287E+11 234.9  -1.0 110.0  81.6  0.26124E+12 -0.10000E+01  0.55601E+11  0.40000E+09  20.1
  62  8.00   79.4  100.00  0.45989E+11 234.8  -1.0 110.0  81.6  0.26279E+12 -0.10000E+01  0.56614E+11  0.40000E+09  20.0
  63  8.00   79.0  100.00  0.46684E+11 234.8  -1.0 110.0  81.6  0.26435E+12 -0.10000E+01  0.57621E+11  0.40000E+09  19.9
  64  8.00   78.7  100.00  0.47372E+11 234.8  -1.0 110.0  81.5  0.26592E+12 -0.10000E+01  0.58621E+11  0.40000E+09  19.8
  65  8.00   78.3  100.00  0.48052E+11 234.7  -1.0 110.0  81.5  0.26749E+12 -0.10000E+01  0.59614E+11  0.40000E+09  19.7
  66  8.00   78.0  100.00  0.48725E+11 234.7  -1.0 110.0  81.5  0.26906E+12 -0.10000E+01  0.60598E+11  0.40000E+09  19.5
  67  8.00   77.6  100.00  0.49390E+11 234.7  -1.0 110.0  81.5  0.27064E+12 -0.10000E+01  0.61574E+11  0.40000E+09  19.4
  68  8.00   77.2  100.00  0.50046E+11 234.7  -1.0 110.0  81.5  0.27223E+12 -0.10000E+01  0.62542E+11  0.40000E+09  19.3
  69  8.00   76.9  100.00  0.50695E+11 234.7  -1.0 110.0  81.4  0.27381E+12 -0.10000E+01  0.63501E+11  0.40000E+09  19.2
  70  8.00   76.5  100.00  0.51335E+11 234.7  -1.0 110.0  81.4  0.27541E+12 -0.10000E+01  0.64451E+11  0.40000E+09  19.1
  71  8.00   76.1  100.00  0.51966E+11 234.8  -1.0 110.0  81.4  0.27700E+12 -0.10000E+01  0.65391E+11  0.40000E+09  19.0
  72  8.00   75.8  100.00  0.52589E+11 234.8  -1.0 110.0  81.4  0.27861E+12 -0.10000E+01  0.66321E+11  0.40000E+09  19.0
  73  8.00   75.4  100.00  0.53204E+11 234.8  -1.0 110.0  81.4  0.28021E+12 -0.10000E+01  0.67242E+11  0.40000E+09  18.9
  74  8.00   75.0  100.00  0.53809E+11 234.9  -1.0 110.0  81.4  0.28182E+12 -0.10000E+01  0.68152E+11  0.40000E+09  18.8
  75  8.00   74.7  100.00  0.54409E+11 235.0  -1.0 110.0  81.4  0.28273E+12 -0.10000E+01  0.69057E+11  0.40000E+09  18.7
  76  8.00   74.3  100.00  0.54999E+11 235.1  -1.0 110.0  81.3  0.28364E+12 -0.10000E+01  0.69951E+11  0.40000E+09  18.6
  77  8.00   73.9  100.00  0.55581E+11 235.2  -1.0 110.0  81.3  0.28455E+12 -0.10000E+01  0.70834E+11  0.40000E+09  18.5
  78  8.00   73.6  100.00  0.56154E+11 235.3  -1.0 110.0  81.3  0.28546E+12 -0.10000E+01  0.71708E+11  0.40000E+09  18.5
  79  8.00   73.2  100.00  0.56718E+11 235.4  -1.0 110.0  81.3  0.28637E+12 -0.10000E+01  0.72570E+11  0.40000E+09  18.4
  80  8.00   72.8  100.00  0.57273E+11 235.6  -1.0 110.0  81.3  0.28728E+12 -0.10000E+01  0.73422E+11  0.40000E+09  18.3
  81  8.00   72.4  100.00  0.57820E+11 235.7  -1.0 110.0  81.3  0.28820E+12 -0.10000E+01  0.74263E+11  0.40000E+09  18.3
  82  8.00   72.1  100.00  0.58358E+11 235.8  -1.0 110.0  81.3  0.28911E+12 -0.10000E+01  0.75093E+11  0.40000E+09  18.2
  83  8.00   71.7  100.00  0.58886E+11 236.0  -1.0 110.0  81.3  0.29003E+12 -0.10000E+01  0.75913E+11  0.40000E+09  18.1
  84  8.00   71.3  100.00  0.59407E+11 236.1  -1.0 110.0  81.2  0.29095E+12 -0.10000E+01  0.76721E+11  0.40000E+09  18.1
  85  8.00   71.0  100.00  0.59918E+11 236.3  -1.0 110.0  81.2  0.29187E+12 -0.10000E+01  0.77519E+11  0.40000E+09  18.0
  86  8.00   70.6  100.00  0.60421E+11 236.5  -1.0 110.0  81.2  0.29279E+12 -0.10000E+01  0.78305E+11  0.40000E+09  17.9
  87  8.00   70.2  100.00  0.60915E+11 236.7  -1.0 110.0  81.2  0.29371E+12 -0.10000E+01  0.79080E+11  0.40000E+09  17.9
  88  8.00   69.9  100.00  0.61400E+11 236.8  -1.0 110.0  81.2  0.29464E+12 -0.10000E+01  0.79844E+11  0.40000E+09  17.8
  89  8.00   69.5  100.00  0.61877E+11 237.0  -1.0 110.0  81.2  0.29556E+12 -0.10000E+01  0.80597E+11  0.40000E+09  17.8
  90  8.00   69.2  100.00  0.62345E+11 237.2  -1.0 110.0  81.2  0.29649E+12 -0.10000E+01  0.81339E+11  0.40000E+09  17.7
  91  8.00   68.8  100.00  0.62805E+11 237.5  -1.0 110.0  81.2  0.29742E+12 -0.10000E+01  0.82070E+11  0.40000E+09  17.7
  92  8.00   68.4  100.00  0.63257E+11 237.7  -1.0 110.0  81.2  0.29835E+12 -0.10000E+01  0.82790E+11  0.40000E+09  17.6
  93  8.00   68.1  100.00  0.63700E+11 237.9  -1.0 110.0  81.2  0.29928E+12 -0.10000E+01  0.83499E+11  0.40000E+09  17.6
  94  8.00   67.7  100.00  0.64135E+11 238.1  -1.0 110.0  81.2  0.30021E+12 -0.10000E+01  0.84196E+11  0.40000E+09  17.6
  95  8.00   67.4  100.00  0.64561E+11 238.4  -1.0 110.0  81.2  0.30115E+12 -0.10000E+01  0.84883E+11  0.40000E+09  17.5
  96  8.00   67.0  100.00  0.64980E+11 238.6  -1.0 110.0  81.1  0.30209E+12 -0.10000E+01  0.85558E+11  0.40000E+09  17.5
  97  8.00   66.7  100.00  0.65390E+11 238.9  -1.0 110.0  81.1  0.30302E+12 -0.10000E+01  0.86223E+11  0.40000E+09  17.4
  98  8.00   66.4  100.00  0.65793E+11 239.2  -1.0 110.0  81.1  0.30396E+12 -0.10000E+01  0.86876E+11  0.40000E+09  17.4
  99  8.00   66.0  100.00  0.66187E+11 239.5  -1.0 110.0  81.1  0.30490E+12 -0.10000E+01  0.87518E+11  0.40000E+09  17.4
 100  8.00   65.7  100.00  0.66574E+11 239.8  -1.0 110.0  81.1  0.30584E+12 -0.10000E+01  0.88149E+11  0.40000E+09  17.3
 101  8.00   65.3  100.00  0.66952E+11 240.1  -1.0 110.0  81.1  0.30679E+12 -0.10000E+01  0.88769E+11  0.40000E+09  17.3
 102  8.00   65.0  100.00  0.67323E+11 240.4  -1.0 110.0  81.1  0.30773E+12 -0.10000E+01  0.89378E+11  0.40000E+09  17.3
 103  8.00   64.7  100.00  0.67687E+11 240.7  -1.0 110.0  81.1  0.30868E+12 -0.10000E+01  0.89977E+11  0.40000E+09  17.3
 104  8.00   64.4  100.00  0.68042E+11 241.0  -1.0 110.0  81.1  0.30963E+12 -0.10000E+01  0.90564E+11  0.40000E+09  17.2
 105  8.00   64.0  100.00  0.68390E+11 241.4  -1.0 110.0  81.1  0.31058E+12 -0.10000E+01  0.91140E+11  0.40000E+09  17.2
 106  8.00   63.7  100.00  0.68730E+11 241.6  -1.0 110.0  81.1  0.31204E+12 -0.10000E+01  0.91704E+11  0.40000E+09  17.2
 107  8.00   63.4  100.00  0.69063E+11 241.8  -1.0 110.0  81.1  0.31350E+12 -0.10000E+01  0.92258E+11  0.40000E+09  17.2
 108  8.00   63.1  100.00  0.69388E+11 242.0  -1.0 110.0  81.1  0.31496E+12 -0.10000E+01  0.92800E+11  0.40000E+09  17.1
 109  8.00   62.8  100.00  0.69706E+11 242.2  -1.0 110.0  81.1  0.31643E+12 -0.10000E+01  0.93332E+11  0.40000E+09  17.1
 110  8.00   62.5  100.00  0.70057E+11 242.4  -1.0 110.0  81.1  0.31791E+12 -0.10000E+01  0.93852E+11  0.40096E+09  17.1
 111  8.00   62.2  100.00  0.70722E+11 242.7  -1.0 110.0  81.1  0.31938E+12 -0.10000E+01  0.94362E+11  0.40949E+09  17.1
 112  8.00   61.9  100.00  0.71364E+11 242.9  -1.0 110.0  81.1  0.32086E+12 -0.10000E+01  0.94861E+11  0.41773E+09  17.0
 113  8.00   61.6  100.00  0.71984E+11 243.2  -1.0 110.0  81.1  0.32235E+12 -0.10000E+01  0.95350E+11  0.42571E+09  17.0
 114  8.00   61.3  100.00  0.72582E+11 243.4  -1.0 110.0  81.1  0.32383E+12 -0.10000E+01  0.95827E+11  0.43342E+09  17.0
 115  8.00   61.0  100.00  0.73160E+11 243.7  -1.0 110.0  81.1  0.32532E+12 -0.10000E+01  0.96294E+11  0.44086E+09  17.0
 116  8.00   60.7  100.00  0.73718E+11 244.0  -1.0 110.0  81.1  0.32681E+12 -0.10000E+01  0.96750E+11  0.44804E+09  17.0
 117  8.00   60.4  100.00  0.74256E+11 244.3  -1.0 110.0  81.1  0.32831E+12 -0.10000E+01  0.97196E+11  0.45497E+09  17.0
 118  8.00   60.2  100.00  0.74776E+11 244.6  -1.0 110.0  81.1  0.32981E+12 -0.10000E+01  0.97631E+11  0.46164E+09  16.9
 119  8.00   59.9  100.00  0.75278E+11 244.9  -1.0 110.0  81.1  0.33131E+12 -0.10000E+01  0.98055E+11  0.46807E+09  16.9
 120  8.00   59.6  100.00  0.75762E+11 245.2  -1.0 110.0  81.1  0.33282E+12 -0.10000E+01  0.98468E+11  0.47427E+09  16.9
 121  8.00   59.4  100.00  0.76229E+11 245.6  -1.0 110.0  81.1  0.33433E+12 -0.10000E+01  0.98871E+11  0.48022E+09  16.9
 122  8.00   59.1  100.00  0.76680E+11 245.9  -1.0 110.0  81.0  0.33585E+12 -0.10000E+01  0.99264E+11  0.48595E+09  16.9
 123  8.00   58.9  100.00  0.77115E+11 246.3  -1.0 110.0  81.0  0.33736E+12 -0.10000E+01  0.99645E+11  0.49146E+09  16.9
 124  8.00   58.6  100.00  0.77534E+11 246.6  -1.0 110.0  81.0  0.33888E+12 -0.10000E+01  0.10002E+12  0.49675E+09  16.9
 125  8.00   58.4  100.00  0.77938E+11 247.0  -1.0 110.0  81.0  0.34041E+12 -0.10000E+01  0.10038E+12  0.50183E+09  16.9
 126  8.00   58.2  100.00  0.78327E+11 247.4  -1.0 110.0  81.0  0.34194E+12 -0.10000E+01  0.10073E+12  0.50670E+09  16.9
 127  8.00   58.0  100.00  0.78702E+11 247.7  -1.0 110.0  81.0  0.34347E+12 -0.10000E+01  0.10107E+12  0.51137E+09  16.8
 128  8.00   57.7  100.00  0.79062E+11 248.1  -1.0 110.0  81.0  0.34500E+12 -0.10000E+01  0.10140E+12  0.51585E+09  16.8
 129  8.00   57.5  100.00  0.79409E+11 248.5  -1.0 110.0  81.0  0.34654E+12 -0.10000E+01  0.10172E+12  0.52013E+09  16.8
 130  8.00   57.3  100.00  0.79742E+11 248.9  -1.0 110.0  81.0  0.34808E+12 -0.10000E+01  0.10203E+12  0.52423E+09  16.8
 131  8.00   57.1  100.00  0.80062E+11 249.3  -1.0 110.0  81.0  0.34962E+12 -0.10000E+01  0.10232E+12  0.52815E+09  16.8
 132  8.00   56.9  100.00  0.80370E+11 249.7  -1.0 110.0  81.0  0.35117E+12 -0.10000E+01  0.10261E+12  0.53189E+09  16.8
 133  8.00   56.7  100.00  0.80664E+11 250.2  -1.0 110.0  81.0  0.35272E+12 -0.10000E+01  0.10289E+12  0.53546E+09  16.8
 134  8.00   56.5  100.00  0.80946E+11 250.6  -1.0 110.0  81.0  0.35428E+12 -0.10000E+01  0.10316E+12  0.53886E+09  16.8
 135  8.00   56.3  100.00  0.81216E+11 251.0  -1.0 110.0  81.0  0.35584E+12 -0.10000E+01  0.10341E+12  0.54210E+09  16.8
 136  8.00   56.2  100.00  0.81474E+11 250.9  -1.0 110.0  81.0  0.35596E+12 -0.10000E+01  0.10366E+12  0.54517E+09  16.8
 137  8.00   56.0  100.00  0.81719E+11 250.8  -1.0 110.0  81.0  0.35608E+12 -0.10000E+01  0.10390E+12  0.54809E+09  16.8
 138  8.00   55.8  100.00  0.81953E+11 250.6  -1.0 110.0  81.0  0.35620E+12 -0.10000E+01  0.10413E+12  0.55085E+09  16.8
 139  8.00   55.7  100.00  0.82176E+11 250.5  -1.0 110.0  81.0  0.35632E+12 -0.10000E+01  0.10434E+12  0.55347E+09  16.8
 140  8.00   55.5  100.00  0.82388E+11 250.4  -1.0 110.0  81.0  0.35644E+12 -0.10000E+01  0.10455E+12  0.55595E+09  16.8
 141  8.00   55.4  100.00  0.82589E+11 250.3  -1.0 110.0  81.0  0.35656E+12 -0.10000E+01  0.10475E+12  0.55828E+09  16.7
 142  8.00   55.2  100.00  0.82779E+11 250.1  -1.0 110.0  81.0  0.35668E+12 -0.10000E+01  0.10493E+12  0.56048E+09  16.7
 143  8.00   55.1  100.00  0.82958E+11 250.0  -1.0 110.0  81.0  0.35680E+12 -0.10000E+01  0.10511E+12  0.56255E+09  16.7
 144  8.00   55.0  100.00  0.83128E+11 249.9  -1.0 110.0  81.0  0.35692E+12 -0.10000E+01  0.10528E+12  0.56449E+09  16.7
 145  8.00   54.9  100.00  0.83287E+11 249.9  -1.0 110.0  81.0  0.35704E+12 -0.10000E+01  0.10544E+12  0.56630E+09  16.7
 146  8.00   54.7  100.00  0.83435E+11 249.8  -1.0 110.0  81.0  0.35716E+12 -0.10000E+01  0.10559E+12  0.56799E+09  16.7
 147  8.00   54.6  100.00  0.83575E+11 249.7  -1.0 110.0  81.0  0.35728E+12 -0.10000E+01  0.10573E+12  0.56956E+09  16.7
 148  8.00   54.5  100.00  0.83704E+11 249.6  -1.0 110.0  81.0  0.35740E+12 -0.10000E+01  0.10586E+12  0.57101E+09  16.7
 149  8.00   54.4  100.00  0.83824E+11 249.6  -1.0 110.0  81.0  0.35752E+12 -0.10000E+01  0.10598E+12  0.57235E+09  16.7
 150  8.00   54.3  100.00  0.83934E+11 249.5  -1.0 110.0  81.0  0.35764E+12 -0.10000E+01  0.10609E+12  0.57357E+09  16.7
 151  8.00   54.3  100.00  0.84035E+11 249.5  -1.0 110.0  81.0  0.35776E+12 -0.10000E+01  0.10619E+12  0.57469E+09  16.7
 152  8.00   54.2  100.00  0.84127E+11 249.4  -1.0 110.0  81.0  0.35788E+12 -0.10000E+01  0.10628E+12  0.57569E+09  16.7
 153  8.00   54.1  100.00  0.84209E+11 249.4  -1.0 110.0  81.0  0.35800E+12 -0.10000E+01  0.10637E+12  0.57659E+09  16.7
 154  8.00   54.0  100.00  0.84283E+11 249.3  -1.0 110.0  81.0  0.35812E+12 -0.10000E+01  0.10644E+12  0.57739E+09  16.7
 155  8.00   54.0  100.00  0.84348E+11 249.3  -1.0 110.0  81.0  0.35824E+12 -0.10000E+01  0.10651E+12  0.57809E+09  16.7
 156  8.00   53.9  100.00  0.84405E+11 249.3  -1.0 110.0  81.0  0.35836E+12 -0.10000E+01  0.10657E+12  0.57869E+09  16.7
 157  8.00   53.9  100.00  0.84452E+11 249.3  -1.0 110.0  81.0  0.35848E+12 -0.10000E+01  0.10662E+12  0.57919E+09  16.7
 158  8.00   53.8  100.00  0.84492E+11 249.3  -1.0 110.0  81.0  0.35860E+12 -0.10000E+01  0.10666E+12  0.57959E+09  16.7
 159  8.00   53.8  100.00  0.84523E+11 249.3  -1.0 110.0  81.0  0.35872E+12 -0.10000E+01  0.10669E+12  0.57990E+09  16.7
 160  8.00   53.8  100.00  0.84546E+11 249.3  -1.0 110.0  81.0  0.35884E+12 -0.10000E+01  0.10672E+12  0.58011E+09  16.7
 161  8.00   53.7  100.00  0.84561E+11 249.3  -1.0 110.0  81.0  0.35896E+12 -0.10000E+01  0.10673E+12  0.58024E+09  16.7
 162  8.00   53.7  100.00  0.84567E+11 249.3  -1.0 110.0  81.0  0.35908E+12 -0.10000E+01  0.10674E+12  0.58028E+09  16.7
 163  8.00   53.7  100.00  0.84567E+11 249.3  -1.0 110.0  81.0  0.35920E+12 -0.10000E+01  0.10674E+12  0.58022E+09  16.7
 164  8.00   53.7  100.00  0.84558E+11 249.3  -1.0 110.0  81.0  0.35932E+12 -0.10000E+01  0.10673E+12  0.58008E+09  16.7
 165  8.00   53.7  100.00  0.84541E+11 249.4  -1.0 110.0  81.0  0.35944E+12 -0.10000E+01  0.10672E+12  0.57986E+09  16.7
 166  8.00   53.7  100.00  0.84517E+11 249.4  -1.0 110.0  81.0  0.35956E+12 -0.10000E+01  0.10669E+12  0.57955E+09  16.7
 167  8.00   53.7  100.00  0.84485E+11 249.2  -1.0 110.0  81.0  0.35811E+12 -0.10000E+01  0.10666E+12  0.57914E+09  16.7
 168  8.00   53.7  100.00  0.84445E+11 248.9  -1.0 110.0  81.0  0.35666E+12 -0.10000E+01  0.10662E+12  0.57866E+09  16.7
 169  8.00   53.8  100.00  0.84398E+11 248.7  -1.0 110.0  81.0  0.35521E+12 -0.10000E+01  0.10657E+12  0.57809E+09  16.7
 170  8.00   53.8  100.00  0.84344E+11 248.4  -1.0 110.0  81.0  0.35377E+12 -0.10000E+01  0.10652E+12  0.57744E+09  16.7
 171  8.00   53.8  100.00  0.84282E+11 248.2  -1.0 110.0  81.0  0.35233E+12 -0.10000E+01  0.10646E+12  0.57671E+09  16.7
 172  8.00   53.9  100.00  0.84214E+11 248.0  -1.0 110.0  81.0  0.35089E+12 -0.10000E+01  0.10639E+12  0.57589E+09  16.7
 173  8.00   53.9  100.00  0.84138E+11 247.7  -1.0 110.0  81.0  0.34945E+12 -0.10000E+01  0.10631E+12  0.57500E+09  16.7
 174  8.00   53.9  100.00  0.84055E+11 247.5  -1.0 110.0  81.0  0.34802E+12 -0.10000E+01  0.10623E+12  0.57403E+09  16.7
 175  8.00   54.0  100.00  0.83965E+11 247.3  -1.0 110.0  81.0  0.34659E+12 -0.10000E+01  0.10614E+12  0.57298E+09  16.7
 176  8.00   54.0  100.00  0.83869E+11 247.1  -1.0 110.0  81.0  0.34516E+12 -0.10000E+01  0.10604E+12  0.57185E+09  16.7
 177  8.00   54.1  100.00  0.83765E+11 246.8  -1.0 110.0  81.0  0.34374E+12 -0.10000E+01  0.10594E+12  0.57064E+09  16.7
 178  8.00   54.2  100.00  0.83655E+11 246.6  -1.0 110.0  81.0  0.34232E+12 -0.10000E+01  0.10583E+12  0.56936E+09  16.7
 179  8.00   54.2  100.00  0.83538E+11 246.4  -1.0 110.0  81.0  0.34090E+12 -0.10000E+01  0.10571E+12  0.56799E+09  16.7
 180  8.00   54.3  100.00  0.83414E+11 246.2  -1.0 110.0  81.0  0.33948E+12 -0.10000E+01  0.10559E+12  0.56655E+09  16.7
 181  8.00   54.4  100.00  0.83284E+11 246.0  -1.0 110.0  81.0  0.33807E+12 -0.10000E+01  0.10546E+12  0.56503E+09  16.7
 182  8.00   54.5  100.00  0.83146E+11 245.8  -1.0 110.0  81.0  0.33666E+12 -0.10000E+01  0.10532E+12  0.56343E+09  16.7
 183  8.00   54.6  100.00  0.83003E+11 245.6  -1.0 110.0  81.0  0.33525E+12 -0.10000E+01  0.10518E+12  0.56175E+09  16.7
 184  8.00   54.7  100.00  0.82852E+11 245.4  -1.0 110.0  81.0  0.33385E+12 -0.10000E+01  0.10503E+12  0.55999E+09  16.7
 185  8.00   54.8  100.00  0.82695E+11 245.2  -1.0 110.0  81.0  0.33245E+12 -0.10000E+01  0.10487E+12  0.55815E+09  16.7
 186  8.00   54.9  100.00  0.82532E+11 245.0  -1.0 110.0  81.0  0.33105E+12 -0.10000E+01  0.10471E+12  0.55624E+09  16.7
 187  8.00   55.0  100.00  0.82361E+11 244.8  -1.0 110.0  81.0  0.32966E+12 -0.10000E+01  0.10454E+12  0.55424E+09  16.7
 188  8.00   55.1  100.00  0.82184E+11 244.6  -1.0 110.0  81.0  0.32827E+12 -0.10000E+01  0.10437E+12  0.55216E+09  16.7
 189  8.00   55.2  100.00  0.82001E+11 244.4  -1.0 110.0  81.0  0.32688E+12 -0.10000E+01  0.10419E+12  0.55000E+09  16.7
 190  8.00   55.3  100.00  0.81811E+11 244.2  -1.0 110.0  81.0  0.32549E+12 -0.10000E+01  0.10400E+12  0.54776E+09  16.7
 191  8.00   55.4  100.00  0.81614E+11 244.1  -1.0 110.0  81.0  0.32411E+12 -0.10000E+01  0.10381E+12  0.54544E+09  16.7
 192  8.00   55.6  100.00  0.81411E+11 243.9  -1.0 110.0  81.0  0.32273E+12 -0.10000E+01  0.10361E+12  0.54303E+09  16.7
 193  8.00   55.7  100.00  0.81201E+11 243.7  -1.0 110.0  81.0  0.32135E+12 -0.10000E+01  0.10341E+12  0.54054E+09  16.7
 194  8.00   55.8  100.00  0.80984E+11 243.6  -1.0 110.0  81.0  0.31998E+12 -0.10000E+01  0.10320E+12  0.53796E+09  16.7
 195  8.00   56.0  100.00  0.80760E+11 243.4  -1.0 110.0  81.0  0.31861E+12 -0.10000E+01  0.10299E+12  0.53530E+09  16.7
 196  8.00   56.1  100.00  0.80530E+11 243.2  -1.0 110.0  81.0  0.31724E+12 -0.10000E+01  0.10277E+12  0.53255E+09  16.7
 197  8.00   56.2  100.00  0.80296E+11 243.0  -1.0 110.0  81.0  0.31683E+12 -0.10000E+01  0.10254E+12  0.52975E+09  16.7
 198  8.00   56.4  100.00  0.80056E+11 242.7  -1.0 110.0  81.0  0.31642E+12 -0.10000E+01  0.10231E+12  0.52687E+09  16.8
 199  8.00   56.5  100.00  0.79808E+11 242.4  -1.0 110.0  81.0  0.31601E+12 -0.10000E+01  0.10208E+12  0.52389E+09  16.8
 200  8.00   56.7  100.00  0.79553E+11 242.2  -1.0 110.0  81.0  0.31560E+12 -0.10000E+01  0.10184E+12  0.52082E+09  16.8
 201  8.00   56.8  100.00  0.79291E+11 241.9  -1.0 110.0  81.0  0.31519E+12 -0.10000E+01  0.10159E+12  0.51766E+09  16.8
 202  8.00   57.0  100.00  0.79023E+11 241.7  -1.0 110.0  81.0  0.31479E+12 -0.10000E+01  0.10134E+12  0.51440E+09  16.8
 203  8.00   57.2  100.00  0.78747E+11 241.5  -1.0 110.0  81.0  0.31438E+12 -0.10000E+01  0.10108E+12  0.51105E+09  16.8
 204  8.00   57.3  100.00  0.78463E+11 241.2  -1.0 110.0  81.0  0.31397E+12 -0.10000E+01  0.10082E+12  0.50760E+09  16.8
 205  8.00   57.5  100.00  0.78173E+11 241.0  -1.0 110.0  81.0  0.31356E+12 -0.10000E+01  0.10055E+12  0.50405E+09  16.8
 206  8.00   57.7  100.00  0.77875E+11 240.8  -1.0 110.0  81.0  0.31316E+12 -0.10000E+01  0.10028E+12  0.50040E+09  16.8
 207  8.00   57.9  100.00  0.77570E+11 240.6  -1.0 110.0  81.0  0.31275E+12 -0.10000E+01  0.99999E+11  0.49665E+09  16.8
 208  8.00   58.0  100.00  0.77257E+11 240.3  -1.0 110.0  81.0  0.31234E+12 -0.10000E+01  0.99715E+11  0.49279E+09  16.8
 209  8.00   58.2  100.00  0.76936E+11 240.1  -1.0 110.0  81.0  0.31194E+12 -0.10000E+01  0.99426E+11  0.48883E+09  16.8
 210  8.00   58.4  100.00  0.76608E+11 239.9  -1.0 110.0  81.0  0.31153E+12 -0.10000E+01  0.99132E+11  0.48477E+09  16.8
 211  8.00   58.6  100.00  0.76271E+11 239.7  -1.0 110.0  81.0  0.31113E+12 -0.10000E+01  0.98832E+11  0.48059E+09  16.8
 212  8.00   58.8  100.00  0.75927E+11 239.5  -1.0 110.0  81.0  0.31072E+12 -0.10000E+01  0.98528E+11  0.47631E+09  16.8
 213  8.00   59.0  100.00  0.75574E+11 239.3  -1.0 110.0  81.0  0.31031E+12 -0.10000E+01  0.98218E+11  0.47191E+09  16.9
 214  8.00   59.2  100.00  0.75213E+11 239.1  -1.0 110.0  81.0  0.30991E+12 -0.10000E+01  0.97903E+11  0.46741E+09  16.9
 215  8.00   59.4  100.00  0.74844E+11 239.0  -1.0 110.0  81.0  0.30951E+12 -0.10000E+01  0.97583E+11  0.46278E+09  16.9
 216  8.00   59.6  100.00  0.74466E+11 238.8  -1.0 110.0  81.0  0.30910E+12 -0.10000E+01  0.97257E+11  0.45805E+09  16.9
 217  8.00   59.8  100.00  0.74079E+11 238.6  -1.0 110.0  81.1  0.30870E+12 -0.10000E+01  0.96927E+11  0.45319E+09  16.9
 218  8.00   60.0  100.00  0.73683E+11 238.4  -1.0 110.0  81.1  0.30829E+12 -0.10000E+01  0.96592E+11  0.44821E+09  16.9
 219  8.00   60.2  100.00  0.73278E+11 238.3  -1.0 110.0  81.1  0.30789E+12 -0.10000E+01  0.96251E+11  0.44312E+09  16.9
 220  8.00   60.4  100.00  0.72864E+11 238.1  -1.0 110.0  81.1  0.30749E+12 -0.10000E+01  0.95906E+11  0.43790E+09  16.9
 221  8.00   60.6  100.00  0.72439E+11 237.9  -1.0 110.0  81.1  0.30708E+12 -0.10000E+01  0.95555E+11  0.43255E+09  16.9
 222  8.00   60.8  100.00  0.72006E+11 237.8  -1.0 110.0  81.1  0.30668E+12 -0.10000E+01  0.95200E+11  0.42708E+09  17.0
 223  8.00   61.0  100.00  0.71562E+11 237.6  -1.0 110.0  81.1  0.30628E+12 -0.10000E+01  0.94839E+11  0.42149E+09  17.0
 224  8.00   61.2  100.00  0.71107E+11 237.5  -1.0 110.0  81.1  0.30588E+12 -0.10000E+01  0.94474E+11  0.41576E+09  17.0
 225  8.00   61.5  100.00  0.70642E+11 237.3  -1.0 110.0  81.1  0.30547E+12 -0.10000E+01  0.94103E+11  0.40991E+09  17.0
 226  8.00   61.7  100.00  0.70166E+11 237.2  -1.0 110.0  81.1  0.30507E+12 -0.10000E+01  0.93728E+11  0.40392E+09  17.0
 227  8.00   61.9  100.00  0.69772E+11 237.1  -1.0 110.0  81.1  0.30467E+12 -0.10000E+01  0.93347E+11  0.40000E+09  17.0
 228  8.00   62.1  100.00  0.69543E+11 236.8  -1.0 110.0  81.1  0.30365E+12 -0.10000E+01  0.92964E+11  0.40000E+09  17.0
 229  8.00   62.4  100.00  0.69310E+11 236.6  -1.0 110.0  81.1  0.30263E+12 -0.10000E+01  0.92575E+11  0.40000E+09  17.1
 230  8.00   62.6  100.00  0.69073E+11 236.4  -1.0 110.0  81.1  0.30162E+12 -0.10000E+01  0.92181E+11  0.40000E+09  17.1
 231  8.00   62.8  100.00  0.68833E+11 236.1  -1.0 110.0  81.1  0.30060E+12 -0.10000E+01  0.91783E+11  0.40000E+09  17.1
 232  8.00   63.1  100.00  0.68590E+11 235.9  -1.0 110.0  81.1  0.29959E+12 -0.10000E+01  0.91379E+11  0.40000E+09  17.1
 233  8.00   63.3  100.00  0.68343E+11 235.7  -1.0 110.0  81.1  0.29858E+12 -0.10000E+01  0.90970E+11  0.40000E+09  17.1
 234  8.00   63.5  100.00  0.68093E+11 235.5  -1.0 110.0  81.1  0.29757E+12 -0.10000E+01  0.90556E+11  0.40000E+09  17.2
 235  8.00   63.8  100.00  0.67839E+11 235.3  -1.0 110.0  81.1  0.29656E+12 -0.10000E+01  0.90137E+11  0.40000E+09  17.2
 236  8.00   64.0  100.00  0.67581E+11 235.1  -1.0 110.0  81.1  0.29556E+12 -0.10000E+01  0.89713E+11  0.40000E+09  17.2
 237  8.00   64.2  100.00  0.67320E+11 234.9  -1.0 110.0  81.1  0.29455E+12 -0.10000E+01  0.89283E+11  0.40000E+09  17.2
 238  8.00   64.5  100.00  0.67055E+11 234.7  -1.0 110.0  81.1  0.29355E+12 -0.10000E+01  0.88849E+11  0.40000E+09  17.2
 239  8.00   64.7  100.00  0.66786E+11 234.5  -1.0 110.0  81.1  0.29255E+12 -0.10000E+01  0.88409E+11  0.40000E+09  17.3
 240  8.00   65.0  100.00  0.66513E+11 234.3  -1.0 110.0  81.1  0.29155E+12 -0.10000E+01  0.87963E+11  0.40000E+09  17.3
 241  8.00   65.2  100.00  0.66237E+11 234.1  -1.0 110.0  81.1  0.29055E+12 -0.10000E+01  0.87513E+11  0.40000E+09  17.3
 242  8.00   65.5  100.00  0.65957E+11 234.0  -1.0 110.0  81.1  0.28956E+12 -0.10000E+01  0.87057E+11  0.40000E+09  17.3
 243  8.00   65.7  100.00  0.65673E+11 233.8  -1.0 110.0  81.1  0.28856E+12 -0.10000E+01  0.86595E+11  0.40000E+09  17.4
 244  8.00   66.0  100.00  0.65385E+11 233.6  -1.0 110.0  81.1  0.28757E+12 -0.10000E+01  0.86128E+11  0.40000E+09  17.4
 245  8.00   66.2  100.00  0.65093E+11 233.5  -1.0 110.0  81.1  0.28658E+12 -0.10000E+01  0.85655E+11  0.40000E+09  17.4
 246  8.00   66.5  100.00  0.64797E+11 233.3  -1.0 110.0  81.1  0.28559E+12 -0.10000E+01  0.85177E+11  0.40000E+09  17.4
 247  8.00   66.8  100.00  0.64497E+11 233.2  -1.0 110.0  81.1  0.28460E+12 -0.10000E+01  0.84693E+11  0.40000E+09  17.5
 248  8.00   67.0  100.00  0.64192E+11 233.1  -1.0 110.0  81.1  0.28362E+12 -0.10000E+01  0.84203E+11  0.40000E+09  17.5
 249  8.00   67.3  100.00  0.63883E+11 232.9  -1.0 110.0  81.2  0.28263E+12 -0.10000E+01  0.83707E+11  0.40000E+09  17.5
 250  8.00   67.5  100.00  0.63571E+11 232.8  -1.0 110.0  81.2  0.28165E+12 -0.10000E+01  0.83206E+11  0.40000E+09  17.5
 251  8.00   67.8  100.00  0.63253E+11 232.7  -1.0 110.0  81.2  0.28067E+12 -0.10000E+01  0.82698E+11  0.40000E+09  17.6
 252  8.00   68.1  100.00  0.62932E+11 232.6  -1.0 110.0  81.2  0.27969E+12 -0.10000E+01  0.82185E+11  0.40000E+09  17.6
 253  8.00   68.3  100.00  0.62605E+11 232.4  -1.0 110.0  81.2  0.27872E+12 -0.10000E+01  0.81665E+11  0.40000E+09  17.6
 254  8.00   68.6  100.00  0.62275E+11 232.3  -1.0 110.0  81.2  0.27774E+12 -0.10000E+01  0.81139E+11  0.40000E+09  17.7
 255  8.00   68.9  100.00  0.61939E+11 232.2  -1.0 110.0  81.2  0.27677E+12 -0.10000E+01  0.80606E+11  0.40000E+09  17.7
 256  8.00   69.1  100.00  0.61599E+11 232.2  -1.0 110.0  81.2  0.27579E+12 -0.10000E+01  0.80068E+11  0.40000E+09  17.7
 257  8.00   69.4  100.00  0.61254E+11 232.1  -1.0 110.0  81.2  0.27482E+12 -0.10000E+01  0.79522E+11  0.40000E+09  17.8
 258  8.00   69.7  100.00  0.60904E+11 232.0  -1.0 110.0  81.2  0.27386E+12 -0.10000E+01  0.78971E+11  0.40000E+09  17.8
 259  8.00   69.9  100.00  0.60550E+11 231.9  -1.0 110.0  81.2  0.27372E+12 -0.10000E+01  0.78413E+11  0.40000E+09  17.8
 260  8.00   70.2  100.00  0.60191E+11 231.8  -1.0 110.0  81.2  0.27359E+12 -0.10000E+01  0.77850E+11  0.40000E+09  17.9
 261  8.00   70.5  100.00  0.59827E+11 231.7  -1.0 110.0  81.2  0.27346E+12 -0.10000E+01  0.77279E+11  0.40000E+09  17.9
 262  8.00   70.8  100.00  0.59458E+11 231.7  -1.0 110.0  81.2  0.27332E+12 -0.10000E+01  0.76702E+11  0.40000E+09  18.0
 263  8.00   71.1  100.00  0.59084E+11 231.6  -1.0 110.0  81.2  0.27319E+12 -0.10000E+01  0.76117E+11  0.40000E+09  18.0
 264  8.00   71.3  100.00  0.58704E+11 231.5  -1.0 110.0  81.2  0.27306E+12 -0.10000E+01  0.75526E+11  0.40000E+09  18.0
 265  8.00   71.6  100.00  0.58319E+11 231.4  -1.0 110.0  81.3  0.27292E+12 -0.10000E+01  0.74927E+11  0.40000E+09  18.1
 266  8.00   71.9  100.00  0.57928E+11 231.4  -1.0 110.0  81.3  0.27279E+12 -0.10000E+01  0.74321E+11  0.40000E+09  18.1
 267  8.00   72.2  100.00  0.57532E+11 231.3  -1.0 110.0  81.3  0.27266E+12 -0.10000E+01  0.73708E+11  0.40000E+09  18.2
 268  8.00   72.5  100.00  0.57130E+11 231.2  -1.0 110.0  81.3  0.27252E+12 -0.10000E+01  0.73088E+11  0.40000E+09  18.2
 269  8.00   72.7  100.00  0.56723E+11 231.2  -1.0 110.0  81.3  0.27239E+12 -0.10000E+01  0.72460E+11  0.40000E+09  18.3
 270  8.00   73.0  100.00  0.56310E+11 231.1  -1.0 110.0  81.3  0.27226E+12 -0.10000E+01  0.71825E+11  0.40000E+09  18.3
 271  8.00   73.3  100.00  0.55891E+11 231.1  -1.0 110.0  81.3  0.27212E+12 -0.10000E+01  0.71183E+11  0.40000E+09  18.4
 272  8.00   73.6  100.00  0.55466E+11 231.0  -1.0 110.0  81.3  0.27199E+12 -0.10000E+01  0.70533E+11  0.40000E+09  18.4
 273  8.00   73.9  100.00  0.55035E+11 230.9  -1.0 110.0  81.3  0.27186E+12 -0.10000E+01  0.69875E+11  0.40000E+09  18.5
 274  8.00   74.2  100.00  0.54598E+11 230.9  -1.0 110.0  81.3  0.27173E+12 -0.10000E+01  0.69210E+11  0.40000E+09  18.5
 275  8.00   74.5  100.00  0.54155E+11 230.8  -1.0 110.0  81.3  0.27159E+12 -0.10000E+01  0.68537E+11  0.40000E+09  18.6
 276  8.00   74.7  100.00  0.53706E+11 230.8  -1.0 110.0  81.3  0.27146E+12 -0.10000E+01  0.67857E+11  0.40000E+09  18.6
 277  8.00   75.0  100.00  0.53251E+11 230.7  -1.0 110.0  81.4  0.27133E+12 -0.10000E+01  0.67169E+11  0.40000E+09  18.7
 278  8.00   75.3  100.00  0.52790E+11 230.7  -1.0 110.0  81.4  0.27119E+12 -0.10000E+01  0.66473E+11  0.40000E+09  18.8
 279  8.00   75.6  100.00  0.52322E+11 230.6  -1.0 110.0  81.4  0.27106E+12 -0.10000E+01  0.65770E+11  0.40000E+09  18.8
 280  8.00   75.9  100.00  0.51848E+11 230.6  -1.0 110.0  81.4  0.27093E+12 -0.10000E+01  0.65059E+11  0.40000E+09  18.9
 281  8.00   76.2  100.00  0.51368E+11 230.5  -1.0 110.0  81.4  0.27080E+12 -0.10000E+01  0.64340E+11  0.40000E+09  18.9
 282  8.00   76.5  100.00  0.50881E+11 230.5  -1.0 110.0  81.4  0.27066E+12 -0.10000E+01  0.63614E+11  0.40000E+09  19.0
 283  8.00   76.8  100.00  0.50388E+11 230.5  -1.0 110.0  81.4  0.27053E+12 -0.10000E+01  0.62881E+11  0.40000E+09  19.1
 284  8.00   77.1  100.00  0.49889E+11 230.4  -1.0 110.0  81.4  0.27040E+12 -0.10000E+01  0.62140E+11  0.40000E+09  19.1
 285  8.00   77.4  100.00  0.49383E+11 230.4  -1.0 110.0  81.4  0.27027E+12 -0.10000E+01  0.61391E+11  0.40000E+09  19.2
 286  8.00   77.6  100.00  0.48871E+11 230.3  -1.0 110.0  81.5  0.27013E+12 -0.10000E+01  0.60635E+11  0.40000E+09  19.3
 287  8.00   77.9  100.00  0.48353E+11 230.3  -1.0 110.0  81.5  0.27000E+12 -0.10000E+01  0.59872E+11  0.40000E+09  19.3
 288  8.00   78.2  100.00  0.47828E+11 230.3  -1.0 110.0  81.5  0.26987E+12 -0.10000E+01  0.59102E+11  0.40000E+09  19.4
 289  8.00   78.5  100.00  0.47298E+11 230.4  -1.0 110.0  81.5  0.26819E+12 -0.10000E+01  0.58325E+11  0.40000E+09  19.5
 290  8.00   78.8  100.00  0.46761E+11 230.5  -1.0 110.0  81.5  0.26651E+12 -0.10000E+01  0.57542E+11  0.40000E+09  19.6
 291  8.00   79.1  100.00  0.46217E+11 230.6  -1.0 110.0  81.5  0.26485E+12 -0.10000E+01  0.56752E+11  0.40000E+09  19.7
 292  8.00   79.4  100.00  0.45668E+11 230.8  -1.0 110.0  81.5  0.26318E+12 -0.10000E+01  0.55955E+11  0.40000E+09  19.7
 293  8.00   79.7  100.00  0.45113E+11 230.9  -1.0 110.0  81.5  0.26152E+12 -0.10000E+01  0.55152E+11  0.40000E+09  19.8
 294  8.00   79.9  100.00  0.44551E+11 231.1  -1.0 110.0  81.6  0.25987E+12 -0.10000E+01  0.54342E+11  0.40000E+09  19.9
 295  8.00   80.2  100.00  0.43984E+11 231.2  -1.0 110.0  81.6  0.25822E+12 -0.10000E+01  0.53527E+11  0.40000E+09  20.0
 296  8.00   80.5  100.00  0.43411E+11 231.4  -1.0 110.0  81.6  0.25658E+12 -0.10000E+01  0.52707E+11  0.40000E+09  20.1
 297  8.00   80.8  100.00  0.42832E+11 231.6  -1.0 110.0  81.6  0.25494E+12 -0.10000E+01  0.51881E+11  0.40000E+09  20.2
 298  8.00   81.1  100.00  0.42248E+11 231.8  -1.0 110.0  81.6  0.25331E+12 -0.10000E+01  0.51050E+11  0.40000E+09  20.3
 299  8.00   81.4  100.00  0.41659E+11 231.9  -1.0 110.0  81.6  0.25168E+12 -0.10000E+01  0.50214E+11  0.40000E+09  20.4
 300  8.00   81.6  100.00  0.41065E+11 232.1  -1.0 110.0  81.6  0.25006E+12 -0.10000E+01  0.49374E+11  0.40000E+09  20.5
 301  8.00   81.9  100.00  0.40465E+11 232.3  -1.0 110.0  81.7  0.24844E+12 -0.10000E+01  0.48530E+11  0.40000E+09  20.6
 302  8.00   82.2  100.00  0.39862E+11 232.5  -1.0 110.0  81.7  0.24683E+12 -0.10000E+01  0.47683E+11  0.40000E+09  20.7
 303  8.00   82.5  100.00  0.39254E+11 232.7  -1.0 110.0  81.7  0.24523E+12 -0.10000E+01  0.46833E+11  0.40000E+09  20.8
 304  8.00   82.7  100.00  0.38642E+11 232.9  -1.0 110.0  81.7  0.24363E+12 -0.10000E+01  0.45981E+11  0.40000E+09  20.9
 305  8.00   83.0  100.00  0.38027E+11 233.1  -1.0 110.0  81.7  0.24203E+12 -0.10000E+01  0.45127E+11  0.40000E+09  21.0
 306  8.00   83.3  100.00  0.37408E+11 233.4  -1.0 110.0  81.8  0.24044E+12 -0.10000E+01  0.44272E+11  0.40000E+09  21.1
 307  8.00   83.5  100.00  0.36787E+11 233.6  -1.0 110.0  81.8  0.23886E+12 -0.10000E+01  0.43416E+11  0.40000E+09  21.2
 308  8.00   83.8  100.00  0.36163E+11 233.8  -1.0 110.0  81.8  0.23728E+12 -0.10000E+01  0.42561E+11  0.40000E+09  21.3
 309  8.00   84.1  100.00  0.35538E+11 234.0  -1.0 110.0  81.8  0.23570E+12 -0.10000E+01  0.41707E+11  0.40000E+09  21.4
 310  8.00   84.3  100.00  0.34911E+11 234.2  -1.0 110.0  81.8  0.23413E+12 -0.10000E+01  0.40854E+11  0.40000E+09  21.5
 311  8.00   84.6  100.00  0.34283E+11 234.5  -1.0 110.0  81.9  0.23257E+12 -0.10000E+01  0.40004E+11  0.40000E+09  21.7
 312  8.00   84.8  100.00  0.33655E+11 234.7  -1.0 110.0  81.9  0.23101E+12 -0.10000E+01  0.39157E+11  0.40000E+09  21.8
 313  8.00   85.1  100.00  0.33028E+11 234.9  -1.0 110.0  81.9  0.22945E+12 -0.10000E+01  0.38314E+11  0.40000E+09  21.9
 314  8.00   85.3  100.00  0.32402E+11 235.2  -1.0 110.0  81.9  0.22791E+12 -0.10000E+01  0.37476E+11  0.40000E+09  22.0
 315  8.00   85.6  100.00  0.31777E+11 235.4  -1.0 110.0  81.9  0.22636E+12 -0.10000E+01  0.36645E+11  0.40000E+09  22.2
 316  8.00   85.8  100.00  0.31155E+11 235.6  -1.0 110.0  82.0  0.22482E+12 -0.10000E+01  0.35820E+11  0.40000E+09  22.3
 317  8.00   86.1  100.00  0.30536E+11 235.8  -1.0 110.0  82.0  0.22329E+12 -0.10000E+01  0.35003E+11  0.40000E+09  22.4
 318  8.00   86.3  100.00  0.29921E+11 236.1  -1.0 110.0  82.0  0.22176E+12 -0.10000E+01  0.34194E+11  0.40000E+09  22.5
 319  8.00   86.5  100.00  0.29310E+11 236.3  -1.0 110.0  82.0  0.22024E+12 -0.10000E+01  0.33396E+11  0.40000E+09  22.7
 320  8.00   86.8  100.00  0.28704E+11 236.6  -1.0 110.0  82.0  0.21696E+12 -0.10000E+01  0.32607E+11  0.40000E+09  22.8
 321  8.00   87.0  100.00  0.28105E+11 236.9  -1.0 110.0  82.1  0.21371E+12 -0.10000E+01  0.31830E+11  0.40000E+09  22.9
 322  8.00   87.2  100.00  0.27512E+11 237.1  -1.0 110.0  82.1  0.21047E+12 -0.10000E+01  0.31065E+11  0.40000E+09  23.1
 323  8.00   87.5  100.00  0.26926E+11 237.4  -1.0 110.0  82.1  0.20727E+12 -0.10000E+01  0.30314E+11  0.40000E+09  23.2
 324  8.00   87.7  100.00  0.26349E+11 237.7  -1.0 110.0  82.1  0.20408E+12 -0.10000E+01  0.29577E+11  0.40000E+09  23.4
 325  8.00   87.9  100.00  0.25782E+11 238.0  -1.0 110.0  82.2  0.20093E+12 -0.10000E+01  0.28854E+11  0.40000E+09  23.5
 326  8.00   88.1  100.00  0.25223E+11 238.2  -1.0 110.0  82.2  0.19779E+12 -0.10000E+01  0.28148E+11  0.40000E+09  23.6
 327  8.00   88.3  100.00  0.24676E+11 238.5  -1.0 110.0  82.2  0.19468E+12 -0.10000E+01  0.27458E+11  0.40000E+09  23.8
 328  8.00   88.5  100.00  0.24139E+11 238.8  -1.0 110.0  82.2  0.19160E+12 -0.10000E+01  0.26785E+11  0.40000E+09  23.9
 329  8.00   88.7  100.00  0.23614E+11 239.1  -1.0 110.0  82.3  0.18854E+12 -0.10000E+01  0.26129E+11  0.40000E+09  24.1
 330  8.00   88.9  100.00  0.23101E+11 239.3  -1.0 110.0  82.3  0.18551E+12 -0.10000E+01  0.25492E+11  0.40000E+09  24.2
 331  8.00   89.1  100.00  0.22601E+11 239.6  -1.0 110.0  82.3  0.18250E+12 -0.10000E+01  0.24874E+11  0.40000E+09  24.4
 332  8.00   89.3  100.00  0.22114E+11 239.8  -1.0 110.0  82.3  0.17951E+12 -0.10000E+01  0.24274E+11  0.40000E+09  24.5
 333  8.00   89.5  100.00  0.21641E+11 240.0  -1.0 110.0  82.3  0.17655E+12 -0.10000E+01  0.23694E+11  0.40000E+09  24.6
 334  8.00   89.7  100.00  0.21182E+11 240.3  -1.0 110.0  82.4  0.17361E+12 -0.10000E+01  0.23134E+11  0.40000E+09  24.8
 335  8.00   89.8  100.00  0.20737E+11 240.5  -1.0 110.0  82.4  0.17070E+12 -0.10000E+01  0.22593E+11  0.40000E+09  24.9
 336  8.00   90.0  100.00  0.20308E+11 240.7  -1.0 110.0  82.4  0.16781E+12 -0.10000E+01  0.22073E+11  0.40000E+09  25.0
 337  8.00   90.2  100.00  0.19893E+11 240.9  -1.0 110.0  82.4  0.16495E+12 -0.10000E+01  0.21573E+11  0.40000E+09  25.2
 338  8.00   90.3  100.00  0.19493E+11 241.1  -1.0 110.0  82.5  0.16211E+12 -0.10000E+01  0.21093E+11  0.40000E+09  25.3
 339  8.00   90.5  100.00  0.19109E+11 241.3  -1.0 110.0  82.5  0.15930E+12 -0.10000E+01  0.20633E+11  0.40000E+09  25.5
 340  8.00   90.6  100.00  0.18740E+11 241.4  -1.0 110.0  82.5  0.15651E+12 -0.10000E+01  0.20194E+11  0.40000E+09  25.6
 341  8.00   90.8  100.00  0.18387E+11 241.6  -1.0 110.0  82.5  0.15375E+12 -0.10000E+01  0.19774E+11  0.40000E+09  25.7
 342  8.00   90.9  100.00  0.18049E+11 241.7  -1.0 110.0  82.5  0.15101E+12 -0.10000E+01  0.19375E+11  0.40000E+09  25.8
 343  8.00   91.0  100.00  0.17728E+11 241.9  -1.0 110.0  82.6  0.14830E+12 -0.10000E+01  0.18996E+11  0.40000E+09  26.0
 344  8.00   91.2  100.00  0.17422E+11 242.0  -1.0 110.0  82.6  0.14561E+12 -0.10000E+01  0.18636E+11  0.40000E+09  26.1
 345  8.00   91.3  100.00  0.17132E+11 242.1  -1.0 110.0  82.6  0.14294E+12 -0.10000E+01  0.18296E+11  0.40000E+09  26.2
 346  8.00   91.4  100.00  0.16857E+11 242.2  -1.0 110.0  82.6  0.14030E+12 -0.10000E+01  0.17975E+11  0.40000E+09  26.3
 347  8.00   91.5  100.00  0.16598E+11 242.2  -1.0 110.0  82.6  0.13768E+12 -0.10000E+01  0.17674E+11  0.40000E+09  26.4
 348  8.00   91.6  100.00  0.16355E+11 242.3  -1.0 110.0  82.7  0.13509E+12 -0.10000E+01  0.17391E+11  0.40000E+09  26.5
 349  8.00   91.7  100.00  0.16127E+11 242.3  -1.0 110.0  82.7  0.13252E+12 -0.10000E+01  0.17127E+11  0.40000E+09  26.6
 350  8.00   91.8  100.00  0.15915E+11 242.5  -1.0 110.0  82.7  0.13234E+12 -0.10000E+01  0.16881E+11  0.40000E+09  26.7
 351  8.00   91.9  100.00  0.15718E+11 242.7  -1.0 110.0  82.7  0.13216E+12 -0.10000E+01  0.16654E+11  0.40000E+09  26.8
 352  8.00   92.0  100.00  0.15536E+11 242.9  -1.0 110.0  82.7  0.13198E+12 -0.10000E+01  0.16445E+11  0.40000E+09  26.9
 353  8.00   92.1  100.00  0.15370E+11 243.1  -1.0 110.0  82.7  0.13180E+12 -0.10000E+01  0.16253E+11  0.40000E+09  27.0
 354  8.00   92.1  100.00  0.15218E+11 243.2  -1.0 110.0  82.7  0.13162E+12 -0.10000E+01  0.16080E+11  0.40000E+09  27.0
 355  8.00   92.2  100.00  0.15081E+11 243.4  -1.0 110.0  82.8  0.13143E+12 -0.10000E+01  0.15923E+11  0.40000E+09  27.1
 356  8.00   92.2  100.00  0.14960E+11 243.5  -1.0 110.0  82.8  0.13125E+12 -0.10000E+01  0.15784E+11  0.40000E+09  27.2
 357  8.00   92.3  100.00  0.14853E+11 243.6  -1.0 110.0  82.8  0.13107E+12 -0.10000E+01  0.15662E+11  0.40000E+09  27.2
 358  8.00   92.3  100.00  0.14761E+11 243.6  -1.0 110.0  82.8  0.13089E+12 -0.10000E+01  0.15557E+11  0.40000E+09  27.3
 359  8.00   92.3  100.00  0.14683E+11 243.7  -1.0 110.0  82.8  0.13071E+12 -0.10000E+01  0.15469E+11  0.40000E+09  27.3
 360  8.00   92.4  100.00  0.14621E+11 243.7  -1.0 110.0  82.8  0.13053E+12 -0.10000E+01  0.15398E+11  0.40000E+09  27.4
 361  8.00   92.4  100.00  0.14573E+11 243.8  -1.0 110.0  82.8  0.13035E+12 -0.10000E+01  0.15343E+11  0.40000E+09  27.4
 362  8.00   92.4  100.00  0.14539E+11 243.8  -1.0 110.0  82.8  0.13017E+12 -0.10000E+01  0.15306E+11  0.40000E+09  27.4
 363  8.00   92.4  100.00  0.14521E+11 243.8  -1.0 110.0  82.8  0.12999E+12 -0.10000E+01  0.15285E+11  0.40000E+09  27.4
 364  8.00   92.4  100.00  0.14517E+11 243.7  -1.0 110.0  82.8  0.12981E+12 -0.10000E+01  0.15281E+11  0.40000E+09  27.4
 365  8.00   92.4  100.00  0.14528E+11 243.7  -1.0 110.0  82.8  0.12963E+12 -0.10000E+01  0.15294E+11  0.40000E+09  27.4
