   1 12.00   75.8  260.00  0.58761E+12 233.1  -1.0 110.0  81.1  0.62560E+12 -0.10000E+01  0.76169E+11  0.40000E+09  17.1
   2 12.00   75.7  260.00  0.58380E+12 233.0  -1.0 110.0  81.1  0.61841E+12 -0.10000E+01  0.76395E+11  0.40000E+09  17.1
   3 12.00   75.6  260.00  0.57998E+12 232.8  -1.0 110.0  81.1  0.60999E+12 -0.10000E+01  0.76640E+11  0.40000E+09  17.1
   4 12.00   75.5  260.00  0.57617E+12 232.7  -1.0 110.0  81.1  0.60628E+12 -0.10000E+01  0.76904E+11  0.40000E+09  17.1
   5 12.00   75.4  260.00  0.57236E+12 232.5  -1.0 110.0  81.1  0.60258E+12 -0.10000E+01  0.77185E+11  0.40000E+09  17.1
   6 12.00   75.3  260.00  0.56855E+12 232.4  -1.0 110.0  81.1  0.62159E+12 -0.10000E+01  0.77484E+11  0.40000E+09  17.1
   7 12.00   75.2  260.00  0.56474E+12 232.2  -1.0 110.0  81.1  0.63396E+12 -0.10000E+01  0.77801E+11  0.40000E+09  17.1
   8 12.00   75.0  260.00  0.56093E+12 232.0  -1.0 110.0  81.1  0.59155E+12 -0.10000E+01  0.78134E+11  0.40000E+09  17.1
   9 12.00   74.9  260.00  0.55712E+12 231.9  -1.0 110.0  81.1  0.58789E+12 -0.10000E+01  0.78484E+11  0.40000E+09  17.1
  10 12.00   74.7  260.00  0.55332E+12 231.7  -1.0 110.0  81.1  0.58425E+12 -0.10000E+01  0.78849E+11  0.40000E+09  17.1
  11 12.00   74.6  260.00  0.54951E+12 231.5  -1.0 110.0  81.1  0.58062E+12 -0.10000E+01  0.79230E+11  0.40000E+09  17.1
  12 12.00   74.4  260.00  0.54570E+12 231.3  -1.0 110.0  81.1  0.61432E+12 -0.10000E+01  0.79626E+11  0.40000E+09  17.1
  13 12.00   74.2  260.00  0.54190E+12 231.1  -1.0 110.0  81.1  0.60790E+12 -0.10000E+01  0.80037E+11  0.40000E+09  17.0
  14 12.00   74.0  260.00  0.53810E+12 230.9  -1.0 110.0  81.1  0.56979E+12 -0.10000E+01  0.80462E+11  0.40000E+09  17.0
  15 12.00   73.8  260.00  0.53429E+12 230.7  -1.0 110.0  81.1  0.56621E+12 -0.10000E+01  0.80900E+11  0.40000E+09  17.0
  16 12.00   73.7  260.00  0.53404E+12 230.8  -1.0 110.0  81.1  0.56561E+12 -0.10000E+01  0.81361E+11  0.40000E+09  17.0
  17 12.00   73.5  260.00  0.53378E+12 231.0  -1.0 110.0  81.1  0.56501E+12 -0.10000E+01  0.81835E+11  0.40000E+09  17.0
  18 12.00   73.2  260.00  0.53351E+12 231.1  -1.0 110.0  81.1  0.56441E+12 -0.10000E+01  0.82321E+11  0.40000E+09  17.0
  19 12.00   73.0  260.00  0.53323E+12 231.2  -1.0 110.0  81.1  0.56701E+12 -0.10000E+01  0.82819E+11  0.40000E+09  17.0
  20 12.00   72.8  260.00  0.53294E+12 231.4  -1.0 110.0  81.1  0.56322E+12 -0.10000E+01  0.83329E+11  0.40000E+09  17.0
  21 12.00   72.6  260.00  0.53265E+12 231.5  -1.0 110.0  81.1  0.57868E+12 -0.10000E+01  0.83849E+11  0.40000E+09  17.0
  22 12.00   72.4  260.00  0.53235E+12 231.6  -1.0 110.0  81.1  0.60446E+12 -0.10000E+01  0.84379E+11  0.40000E+09  17.0
  23 12.00   72.1  260.00  0.53204E+12 231.7  -1.0 110.0  81.1  0.56143E+12 -0.10000E+01  0.84919E+11  0.40000E+09  17.0
  24 12.00   71.9  260.00  0.53172E+12 231.8  -1.0 110.0  81.1  0.56083E+12 -0.10000E+01  0.85468E+11  0.40000E+09  17.0
  25 12.00   71.6  260.00  0.53140E+12 231.9  -1.0 110.0  81.1  0.56024E+12 -0.10000E+01  0.86027E+11  0.40000E+09  17.0
  26 12.00   71.4  260.00  0.53107E+12 232.1  -1.0 110.0  81.1  0.55964E+12 -0.10000E+01  0.86593E+11  0.40000E+09  17.0
  27 12.00   71.1  260.00  0.53073E+12 232.2  -1.0 110.0  81.1  0.55905E+12 -0.10000E+01  0.87167E+11  0.40000E+09  16.9
  28 12.00   70.8  260.00  0.53039E+12 232.3  -1.0 110.0  81.1  0.55845E+12 -0.10000E+01  0.87749E+11  0.40000E+09  16.9
  29 12.00   70.6  260.00  0.53004E+12 232.4  -1.0 110.0  81.1  0.55786E+12 -0.10000E+01  0.88338E+11  0.40000E+09  16.9
  30 12.00   70.3  260.00  0.52968E+12 232.5  -1.0 110.0  81.1  0.55726E+12 -0.10000E+01  0.88933E+11  0.40000E+09  16.9
  31 12.00   70.0  260.00  0.52932E+12 232.6  -1.0 110.0  81.0  0.55667E+12 -0.10000E+01  0.89535E+11  0.40000E+09  16.9
  32 12.00   69.7  260.00  0.52896E+12 232.6  -1.0 110.0  81.0  0.56412E+12 -0.10000E+01  0.90142E+11  0.40000E+09  16.9
  33 12.00   69.4  260.00  0.52859E+12 232.7  -1.0 110.0  81.0  0.55548E+12 -0.10000E+01  0.90754E+11  0.40000E+09  16.9
  34 12.00   69.1  260.00  0.52821E+12 232.8  -1.0 110.0  81.0  0.58899E+12 -0.10000E+01  0.91371E+11  0.40000E+09  16.9
  35 12.00   68.8  260.00  0.52783E+12 232.9  -1.0 110.0  81.0  0.55430E+12 -0.10000E+01  0.91993E+11  0.40000E+09  16.9
  36 12.00   68.5  260.00  0.52745E+12 233.0  -1.0 110.0  81.0  0.55370E+12 -0.10000E+01  0.92618E+11  0.40000E+09  16.9
  37 12.00   68.2  260.00  0.52706E+12 233.1  -1.0 110.0  81.0  0.55311E+12 -0.10000E+01  0.93247E+11  0.40000E+09  16.9
  38 12.00   67.9  260.00  0.52666E+12 233.2  -1.0 110.0  81.0  0.55252E+12 -0.10000E+01  0.93880E+11  0.40000E+09  16.9
  39 12.00   67.6  260.00  0.52627E+12 233.2  -1.0 110.0  81.0  0.60792E+12 -0.10000E+01  0.94515E+11  0.40000E+09  16.9
  40 12.00   67.2  260.00  0.52587E+12 233.3  -1.0 110.0  81.0  0.55134E+12 -0.10000E+01  0.95153E+11  0.40000E+09  16.9
  41 12.00   66.9  260.00  0.52546E+12 233.4  -1.0 110.0  81.0  0.55075E+12 -0.10000E+01  0.95793E+11  0.40000E+09  16.9
  42 12.00   66.6  260.00  0.52506E+12 233.5  -1.0 110.0  81.0  0.55016E+12 -0.10000E+01  0.96434E+11  0.40000E+09  16.8
  43 12.00   66.2  260.00  0.52465E+12 233.5  -1.0 110.0  81.0  0.55754E+12 -0.10000E+01  0.97077E+11  0.40000E+09  16.8
  44 12.00   65.9  260.00  0.52423E+12 233.6  -1.0 110.0  81.0  0.54898E+12 -0.10000E+01  0.97722E+11  0.40000E+09  16.8
  45 12.00   65.6  260.00  0.52382E+12 233.7  -1.0 110.0  81.0  0.54839E+12 -0.10000E+01  0.98367E+11  0.40000E+09  16.8
  46 12.00   65.2  260.00  0.52301E+12 234.2  -1.0 110.0  81.0  0.54652E+12 -0.10000E+01  0.99011E+11  0.40000E+09  16.8
  47 12.00   64.9  260.00  0.52217E+12 234.7  -1.0 110.0  81.0  0.58936E+12 -0.10000E+01  0.99656E+11  0.40000E+09  16.8
  48 12.00   64.5  260.00  0.52130E+12 235.2  -1.0 110.0  81.0  0.52373E+12 -0.10000E+01  0.10030E+12  0.40259E+09  16.8
  49 12.00   64.1  260.00  0.52041E+12 235.8  -1.0 110.0  81.0  0.51930E+12 -0.10000E+01  0.10094E+12  0.41611E+09  16.8
  50 12.00   63.8  260.00  0.51950E+12 236.3  -1.0 110.0  81.0  0.56833E+12 -0.10000E+01  0.10159E+12  0.42948E+09  16.8
  51 12.00   63.4  260.00  0.51856E+12 236.8  -1.0 110.0  81.0  0.53725E+12 -0.10000E+01  0.10223E+12  0.44269E+09  16.8
  52 12.00   63.1  260.00  0.51760E+12 237.3  -1.0 110.0  81.0  0.53541E+12 -0.10000E+01  0.10287E+12  0.45572E+09  16.8
  53 12.00   62.7  260.00  0.51662E+12 237.8  -1.0 110.0  81.0  0.53357E+12 -0.10000E+01  0.10351E+12  0.46855E+09  16.8
  54 12.00   62.3  260.00  0.51562E+12 238.3  -1.0 110.0  81.0  0.53173E+12 -0.10000E+01  0.10415E+12  0.48118E+09  16.8
  55 12.00   61.9  260.00  0.51459E+12 238.8  -1.0 110.0  81.0  0.52989E+12 -0.10000E+01  0.10478E+12  0.49358E+09  16.8
  56 12.00   61.6  260.00  0.51354E+12 239.4  -1.0 110.0  81.0  0.52806E+12 -0.10000E+01  0.10541E+12  0.50576E+09  16.8
  57 12.00   61.2  260.00  0.51246E+12 239.9  -1.0 110.0  81.0  0.52623E+12 -0.10000E+01  0.10605E+12  0.51770E+09  16.8
  58 12.00   60.8  260.00  0.51137E+12 240.4  -1.0 110.0  81.0  0.52441E+12 -0.10000E+01  0.10667E+12  0.52938E+09  16.8
  59 12.00   60.4  260.00  0.51026E+12 240.9  -1.0 110.0  81.0  0.52258E+12 -0.10000E+01  0.10730E+12  0.54082E+09  16.8
  60 12.00   60.0  260.00  0.50912E+12 241.4  -1.0 110.0  81.0  0.52076E+12 -0.10000E+01  0.10792E+12  0.55199E+09  16.8
  61 12.00   59.6  260.00  0.50797E+12 241.9  -1.0 110.0  81.0  0.51895E+12 -0.10000E+01  0.10854E+12  0.56290E+09  16.7
  62 12.00   59.3  260.00  0.50679E+12 242.4  -1.0 110.0  81.0  0.51714E+12 -0.10000E+01  0.10915E+12  0.57355E+09  16.7
  63 12.00   58.9  260.00  0.50560E+12 242.9  -1.0 110.0  81.0  0.51533E+12 -0.10000E+01  0.10976E+12  0.58393E+09  16.7
  64 12.00   58.5  260.00  0.50438E+12 243.4  -1.0 110.0  81.0  0.51352E+12 -0.10000E+01  0.11036E+12  0.59404E+09  16.7
  65 12.00   58.1  260.00  0.50315E+12 243.9  -1.0 110.0  81.0  0.51172E+12 -0.10000E+01  0.11097E+12  0.60388E+09  16.7
  66 12.00   57.7  260.00  0.50190E+12 244.3  -1.0 110.0  81.0  0.50992E+12 -0.10000E+01  0.11156E+12  0.61345E+09  16.7
  67 12.00   57.3  260.00  0.50063E+12 244.8  -1.0 110.0  81.0  0.44052E+12 -0.10000E+01  0.11215E+12  0.62276E+09  16.7
  68 12.00   56.9  260.00  0.49934E+12 245.3  -1.0 110.0  81.0  0.51895E+12 -0.10000E+01  0.11274E+12  0.63180E+09  16.7
  69 12.00   56.5  260.00  0.49803E+12 245.8  -1.0 110.0  81.0  0.50453E+12 -0.10000E+01  0.11332E+12  0.64058E+09  16.7
  70 12.00   56.1  260.00  0.49671E+12 246.3  -1.0 110.0  81.0  0.50275E+12 -0.10000E+01  0.11390E+12  0.64910E+09  16.7
  71 12.00   55.7  260.00  0.49537E+12 246.8  -1.0 110.0  81.0  0.50096E+12 -0.10000E+01  0.11447E+12  0.65737E+09  16.7
  72 12.00   55.3  260.00  0.49401E+12 247.3  -1.0 110.0  81.0  0.50855E+12 -0.10000E+01  0.11504E+12  0.66538E+09  16.7
  73 12.00   54.9  260.00  0.49264E+12 247.7  -1.0 110.0  81.0  0.49740E+12 -0.10000E+01  0.11560E+12  0.67315E+09  16.7
  74 12.00   54.5  260.00  0.49125E+12 248.2  -1.0 110.0  81.0  0.49563E+12 -0.10000E+01  0.11616E+12  0.68067E+09  16.7
  75 12.00   54.1  260.00  0.48984E+12 248.7  -1.0 110.0  81.0  0.48072E+12 -0.10000E+01  0.11671E+12  0.68795E+09  16.7
  76 12.00   53.7  260.00  0.48839E+12 248.9  -1.0 110.0  81.0  0.46714E+12 -0.10000E+01  0.11724E+12  0.69494E+09  16.7
  77 12.00   53.3  260.00  0.48694E+12 249.1  -1.0 110.0  81.0  0.45864E+12 -0.10000E+01  0.11778E+12  0.70169E+09  16.7
  78 12.00   52.9  260.00  0.48548E+12 249.4  -1.0 110.0  81.0  0.48905E+12 -0.10000E+01  0.11831E+12  0.70823E+09  16.7
  79 12.00   52.5  260.00  0.48402E+12 249.6  -1.0 110.0  81.0  0.48737E+12 -0.10000E+01  0.11883E+12  0.71454E+09  16.7
  80 12.00   52.1  260.00  0.48256E+12 249.8  -1.0 110.0  81.0  0.48576E+12 -0.10000E+01  0.11934E+12  0.72064E+09  16.7
  81 12.00   51.7  260.00  0.48109E+12 250.0  -1.0 110.0  81.0  0.48415E+12 -0.10000E+01  0.11985E+12  0.72653E+09  16.7
  82 12.00   51.3  260.00  0.47963E+12 250.2 169.7 110.0  81.0  0.48254E+12  0.23895E+12  0.12035E+12  0.73222E+09  16.7
  83 12.00   50.9  260.00  0.47816E+12 250.4 170.0 110.0  81.0  0.48094E+12  0.23970E+12  0.12085E+12  0.73771E+09  16.7
  84 12.00   50.6  260.00  0.47668E+12 250.6 170.3 110.0  81.0  0.47933E+12  0.24045E+12  0.12134E+12  0.74301E+09  16.7
  85 12.00   50.2  260.00  0.47521E+12 250.8 170.6 110.0  81.0  0.47773E+12  0.24119E+12  0.12182E+12  0.74812E+09  16.7
  86 12.00   49.8  260.00  0.47374E+12 251.0 171.0 110.0  81.0  0.47614E+12  0.24191E+12  0.12230E+12  0.75305E+09  16.7
  87 12.00   49.4  260.00  0.47226E+12 251.2 171.3 110.0  81.0  0.47454E+12  0.24263E+12  0.12277E+12  0.75781E+09  16.7
  88 12.00   49.0  260.00  0.47078E+12 251.4 171.6 110.0  81.0  0.47295E+12  0.24333E+12  0.12323E+12  0.76239E+09  16.7
  89 12.00   48.6  260.00  0.46930E+12 251.6 171.9 110.0  81.0  0.47126E+12  0.24402E+12  0.12369E+12  0.76681E+09  16.7
  90 12.00   48.2  260.00  0.46782E+12 251.8 172.2 110.0  81.0  0.46977E+12  0.24470E+12  0.12414E+12  0.77107E+09  16.7
  91 12.00   47.8  260.00  0.46633E+12 252.0 172.6 110.0  81.0  0.46819E+12  0.24536E+12  0.12458E+12  0.77517E+09  16.7
  92 12.00   47.4  260.00  0.46485E+12 252.2 172.9 110.0  81.0  0.46661E+12  0.24602E+12  0.12502E+12  0.77912E+09  16.7
  93 12.00   47.1  260.00  0.46336E+12 252.4 173.2 110.0  81.0  0.46503E+12  0.24666E+12  0.12544E+12  0.78293E+09  16.7
  94 12.00   46.7  260.00  0.46188E+12 252.6 173.5 110.0  81.0  0.43082E+12  0.24730E+12  0.12587E+12  0.78660E+09  16.7
  95 12.00   46.3  260.00  0.46039E+12 252.8 173.9 110.0  81.0  0.46188E+12  0.24792E+12  0.12628E+12  0.79013E+09  16.7
  96 12.00   45.9  260.00  0.45890E+12 253.0 174.2 110.0  81.0  0.46031E+12  0.24853E+12  0.12669E+12  0.79352E+09  16.7
  97 12.00   45.6  260.00  0.45741E+12 253.1 174.5 110.0  81.0  0.45874E+12  0.24913E+12  0.12709E+12  0.79679E+09  16.7
  98 12.00   45.2  260.00  0.45593E+12 253.3 174.9 110.0  81.0  0.45718E+12  0.24972E+12  0.12749E+12  0.79993E+09  16.7
  99 12.00   44.8  260.00  0.45444E+12 253.5 175.2 110.0  81.0  0.43270E+12  0.25029E+12  0.12788E+12  0.80296E+09  16.7
 100 12.00   44.5  260.00  0.45294E+12 253.7 175.6 110.0  81.0  0.45405E+12  0.25086E+12  0.12826E+12  0.80586E+09  16.7
 101 12.00   44.1  260.00  0.45145E+12 253.9 175.9 110.0  81.0  0.45250E+12  0.25141E+12  0.12863E+12  0.80866E+09  16.7
 102 12.00   43.7  260.00  0.44996E+12 254.0 176.3 110.0  81.0  0.45094E+12  0.25195E+12  0.12900E+12  0.81134E+09  16.7
 103 12.00   43.4  260.00  0.44847E+12 254.2 176.6 110.0  81.0  0.44939E+12  0.25249E+12  0.12936E+12  0.81392E+09  16.7
 104 12.00   43.0  260.00  0.44698E+12 254.4 177.0 110.0  81.0  0.40514E+12  0.25301E+12  0.12972E+12  0.81640E+09  16.7
 105 12.00   42.7  260.00  0.44549E+12 254.5 177.3 110.0  81.0  0.43587E+12  0.25352E+12  0.13006E+12  0.81878E+09  16.7
 106 12.00   42.3  260.00  0.44400E+12 254.7 177.7 110.0  81.0  0.44314E+12  0.25402E+12  0.13041E+12  0.82106E+09  16.7
 107 12.00   42.0  260.00  0.44270E+12 254.5 177.6 110.0  81.0  0.44352E+12  0.25452E+12  0.13075E+12  0.82335E+09  16.7
 108 12.00   41.6  260.00  0.44141E+12 254.2 177.6 110.0  81.0  0.44541E+12  0.25501E+12  0.13108E+12  0.82555E+09  16.7
 109 12.00   41.3  260.00  0.44012E+12 254.0 177.5 110.0  81.0  0.44107E+12  0.25549E+12  0.13141E+12  0.82767E+09  16.7
 110 12.00   40.9  260.00  0.43882E+12 253.8 177.4 110.0  81.0  0.43985E+12  0.25596E+12  0.13173E+12  0.82970E+09  16.7
 111 12.00   40.6  260.00  0.43753E+12 253.5 177.3 110.0  81.0  0.43863E+12  0.25642E+12  0.13204E+12  0.83164E+09  16.7
 112 12.00   40.3  260.00  0.43623E+12 253.3 177.3 110.0  81.0  0.43741E+12  0.25687E+12  0.13235E+12  0.83351E+09  16.7
 113 12.00   39.9  260.00  0.43494E+12 253.0 177.2 110.0  81.0  0.43619E+12  0.25731E+12  0.13265E+12  0.83531E+09  16.7
 114 12.00   39.6  260.00  0.43364E+12 252.8 177.2 110.0  81.0  0.43515E+12  0.25774E+12  0.13294E+12  0.83703E+09  16.7
 115 12.00   39.3  260.00  0.43234E+12 252.6 177.1 110.0  81.0  0.43376E+12  0.25815E+12  0.13323E+12  0.83868E+09  16.6
 116 12.00   39.0  260.00  0.43104E+12 252.3 177.1 110.0  81.0  0.43255E+12  0.25856E+12  0.13351E+12  0.84025E+09  16.6
 117 12.00   38.7  260.00  0.42975E+12 252.1 177.0 110.0  81.0  0.43134E+12  0.25896E+12  0.13379E+12  0.84177E+09  16.6
 118 12.00   38.4  260.00  0.42845E+12 251.8 177.0 110.0  81.0  0.43013E+12  0.25935E+12  0.13406E+12  0.84321E+09  16.6
 119 12.00   38.0  260.00  0.42715E+12 251.6 176.9 110.0  81.0  0.42892E+12  0.25972E+12  0.13432E+12  0.84459E+09  16.6
 120 12.00   37.7  260.00  0.42585E+12 251.4 176.9 110.0  81.0  0.42772E+12  0.26009E+12  0.13458E+12  0.84591E+09  16.6
 121 12.00   37.4  260.00  0.42455E+12 251.1 176.9 110.0  81.0  0.42651E+12  0.26045E+12  0.13483E+12  0.84717E+09  16.6
 122 12.00   37.1  260.00  0.42325E+12 250.9 176.9 110.0  81.0  0.42531E+12  0.26080E+12  0.13507E+12  0.84837E+09  16.6
 123 12.00   36.9  260.00  0.42195E+12 250.6 176.8 110.0  81.0  0.38804E+12  0.26113E+12  0.13531E+12  0.84952E+09  16.6
 124 12.00   36.6  260.00  0.42065E+12 250.4 176.8 110.0  81.0  0.41388E+12  0.26146E+12  0.13554E+12  0.85061E+09  16.6
 125 12.00   36.3  260.00  0.41935E+12 250.2 176.8 110.0  81.0  0.42171E+12  0.26178E+12  0.13576E+12  0.85164E+09  16.6
 126 12.00   36.0  260.00  0.41806E+12 249.9 176.8 110.0  81.0  0.42052E+12  0.26209E+12  0.13598E+12  0.85262E+09  16.6
 127 12.00   35.7  260.00  0.41676E+12 249.7 176.8 110.0  81.0  0.41933E+12  0.26238E+12  0.13619E+12  0.85355E+09  16.6
 128 12.00   35.5  260.00  0.41546E+12 249.4 176.8 110.0  81.0  0.42231E+12  0.26267E+12  0.13640E+12  0.85444E+09  16.6
 129 12.00   35.2  260.00  0.41416E+12 249.2 176.8 110.0  81.0  0.35047E+12  0.26295E+12  0.13660E+12  0.85527E+09  16.6
 130 12.00   34.9  260.00  0.41286E+12 249.0 176.8 110.0  81.0  0.28560E+12  0.26322E+12  0.13680E+12  0.85606E+09  16.6
 131 12.00   34.7  260.00  0.41156E+12 248.7 176.8 110.0  81.0  0.41229E+12  0.26348E+12  0.13698E+12  0.85680E+09  16.6
 132 12.00   34.4  260.00  0.41026E+12 248.5 176.8 110.0  81.0  0.41338E+12  0.26373E+12  0.13717E+12  0.85749E+09  16.6
 133 12.00   34.2  260.00  0.40896E+12 248.2 176.8 110.0  81.0  0.41220E+12  0.26397E+12  0.13734E+12  0.85815E+09  16.6
 134 12.00   34.0  260.00  0.40767E+12 248.0 176.9 110.0  81.0  0.41102E+12  0.26421E+12  0.13751E+12  0.85875E+09  16.6
 135 12.00   33.7  260.00  0.40637E+12 247.8 176.9 110.0  81.0  0.40984E+12  0.26443E+12  0.13768E+12  0.85932E+09  16.6
 136 12.00   33.5  260.00  0.40507E+12 247.5 176.9 110.0  81.0  0.40866E+12  0.26464E+12  0.13784E+12  0.85985E+09  16.6
 137 12.00   33.3  260.00  0.40499E+12 247.4 176.8 110.0  81.0  0.40993E+12  0.26485E+12  0.13799E+12  0.86038E+09  16.6
 138 12.00   33.1  260.00  0.40490E+12 247.2 176.7 110.0  81.0  0.40865E+12  0.26506E+12  0.13814E+12  0.86087E+09  16.6
 139 12.00   32.9  260.00  0.40482E+12 247.1 176.5 110.0  81.0  0.40865E+12  0.26525E+12  0.13828E+12  0.86132E+09  16.6
 140 12.00   32.7  260.00  0.40473E+12 246.9 176.4 110.0  81.0  0.40865E+12  0.26543E+12  0.13842E+12  0.86173E+09  16.6
 141 12.00   32.5  260.00  0.40465E+12 246.8 176.3 110.0  81.0  0.40865E+12  0.26561E+12  0.13855E+12  0.86211E+09  16.6
 142 12.00   32.3  260.00  0.40457E+12 246.7 176.2 110.0  81.0  0.40865E+12  0.26577E+12  0.13868E+12  0.86246E+09  16.6
 143 12.00   32.1  260.00  0.40449E+12 246.5 176.1 110.0  81.0  0.40865E+12  0.26593E+12  0.13880E+12  0.86277E+09  16.6
 144 12.00   31.9  260.00  0.40442E+12 246.4 176.0 110.0  81.0  0.40865E+12  0.26608E+12  0.13891E+12  0.86304E+09  16.6
 145 12.00   31.7  260.00  0.40434E+12 246.3 175.9 110.0  81.0  0.40865E+12  0.26622E+12  0.13902E+12  0.86329E+09  16.6
 146 12.00   31.6  260.00  0.40427E+12 246.2 175.8 110.0  81.0  0.40864E+12  0.26635E+12  0.13913E+12  0.86350E+09  16.6
 147 12.00   31.4  260.00  0.40420E+12 246.1 175.7 110.0  81.0  0.40864E+12  0.26647E+12  0.13922E+12  0.86368E+09  16.6
 148 12.00   31.2  260.00  0.40413E+12 246.0 175.6 110.0  81.0  0.40864E+12  0.26659E+12  0.13932E+12  0.86382E+09  16.6
 149 12.00   31.1  260.00  0.40407E+12 245.8 175.6 110.0  81.0  0.40865E+12  0.26669E+12  0.13940E+12  0.86394E+09  16.6
 150 12.00   31.0  260.00  0.40400E+12 245.7 175.5 110.0  81.0  0.40864E+12  0.26679E+12  0.13949E+12  0.86403E+09  16.6
 151 12.00   30.8  260.00  0.40394E+12 245.7 175.4 110.0  81.0  0.40862E+12  0.26688E+12  0.13956E+12  0.86409E+09  16.6
 152 12.00   30.7  260.00  0.40388E+12 245.6 175.4 110.0  81.0  0.40864E+12  0.26696E+12  0.13963E+12  0.86412E+09  16.6
 153 12.00   30.6  260.00  0.40382E+12 245.5 175.3 110.0  81.0  0.40864E+12  0.26704E+12  0.13970E+12  0.86412E+09  16.6
 154 12.00   30.5  260.00  0.40377E+12 245.4 175.3 110.0  81.0  0.40864E+12  0.26710E+12  0.13976E+12  0.86410E+09  16.6
 155 12.00   30.3  260.00  0.40371E+12 245.3 175.2 110.0  81.0  0.40863E+12  0.26716E+12  0.13982E+12  0.86405E+09  16.6
 156 12.00   30.2  260.00  0.40366E+12 245.2 175.2 110.0  81.0  0.40863E+12  0.26721E+12  0.13987E+12  0.86397E+09  16.6
 157 12.00   30.1  260.00  0.40361E+12 245.2 175.2 110.0  81.0  0.40863E+12  0.26725E+12  0.13991E+12  0.86386E+09  16.6
 158 12.00   30.1  260.00  0.40357E+12 245.1 175.1 110.0  81.0  0.32635E+12  0.26729E+12  0.13995E+12  0.86373E+09  16.6
 159 12.00   30.0  260.00  0.40352E+12 245.0 175.1 110.0  81.0  0.40863E+12  0.26731E+12  0.13999E+12  0.86357E+09  16.6
 160 12.00   29.9  260.00  0.40348E+12 245.0 175.1 110.0  81.0  0.40863E+12  0.26733E+12  0.14002E+12  0.86339E+09  16.6
 161 12.00   29.8  260.00  0.40344E+12 244.9 175.1 110.0  81.0  0.40863E+12  0.26734E+12  0.14004E+12  0.86319E+09  16.6
 162 12.00   29.8  260.00  0.40340E+12 244.9 175.1 110.0  81.0  0.40863E+12  0.26735E+12  0.14006E+12  0.86296E+09  16.6
 163 12.00   29.7  260.00  0.40337E+12 244.8 175.1 110.0  81.0  0.40862E+12  0.26734E+12  0.14008E+12  0.86270E+09  16.6
 164 12.00   29.7  260.00  0.40333E+12 244.8 175.1 110.0  81.0  0.40862E+12  0.26733E+12  0.14009E+12  0.86242E+09  16.6
 165 12.00   29.6  260.00  0.40330E+12 244.7 175.1 110.0  81.0  0.40775E+12  0.26731E+12  0.14009E+12  0.86212E+09  16.6
 166 12.00   29.6  260.00  0.40328E+12 244.7 175.1 110.0  81.0  0.40862E+12  0.26729E+12  0.14009E+12  0.86179E+09  16.6
 167 12.00   29.6  260.00  0.40325E+12 244.7 175.1 110.0  81.0  0.37130E+12  0.26725E+12  0.14009E+12  0.86144E+09  16.6
 168 12.00   29.5  260.00  0.40225E+12 244.4 175.1 110.0  81.0  0.40777E+12  0.26721E+12  0.14008E+12  0.86105E+09  16.6
 169 12.00   29.5  260.00  0.40125E+12 244.2 175.1 110.0  81.0  0.40692E+12  0.26716E+12  0.14006E+12  0.86064E+09  16.6
 170 12.00   29.5  260.00  0.40026E+12 244.0 175.1 110.0  81.0  0.40608E+12  0.26710E+12  0.14004E+12  0.86021E+09  16.6
 171 12.00   29.5  260.00  0.39926E+12 243.7 175.1 110.0  81.0  0.40523E+12  0.26704E+12  0.14002E+12  0.85975E+09  16.6
 172 12.00   29.5  260.00  0.39830E+12 243.5 175.1 110.0  81.0  0.40438E+12  0.26696E+12  0.13999E+12  0.85927E+09  16.6
 173 12.00   29.5  260.00  0.39745E+12 243.5 175.3 110.0  81.0  0.40354E+12  0.26689E+12  0.13995E+12  0.85877E+09  16.6
 174 12.00   29.6  260.00  0.39659E+12 243.5 175.6 110.0  81.0  0.40270E+12  0.26680E+12  0.13991E+12  0.85824E+09  16.6
 175 12.00   29.6  260.00  0.39574E+12 243.5 175.8 110.0  81.0  0.39986E+12  0.26671E+12  0.13987E+12  0.85769E+09  16.6
 176 12.00   29.6  260.00  0.39489E+12 243.4 176.0 110.0  81.0  0.39789E+12  0.26660E+12  0.13982E+12  0.85712E+09  16.6
 177 12.00   29.7  260.00  0.39404E+12 243.4 176.2 110.0  81.0  0.40017E+12  0.26650E+12  0.13977E+12  0.85653E+09  16.6
 178 12.00   29.7  260.00  0.39319E+12 243.4 176.4 110.0  81.0  0.39933E+12  0.26638E+12  0.13971E+12  0.85591E+09  16.6
 179 12.00   29.8  260.00  0.39235E+12 243.4 176.6 110.0  81.0  0.39819E+12  0.26626E+12  0.13965E+12  0.85527E+09  16.6
 180 12.00   29.8  260.00  0.39150E+12 243.3 176.8 110.0  81.0  0.39765E+12  0.26613E+12  0.13958E+12  0.85461E+09  16.6
 181 12.00   29.9  260.00  0.39065E+12 243.3 177.1 110.0  81.0  0.39682E+12  0.26599E+12  0.13951E+12  0.85392E+09  16.6
 182 12.00   30.0  260.00  0.38981E+12 243.3 177.3 110.0  81.0  0.39598E+12  0.26585E+12  0.13943E+12  0.85321E+09  16.6
 183 12.00   30.1  260.00  0.38896E+12 243.2 177.5 110.0  81.0  0.39515E+12  0.26570E+12  0.13935E+12  0.85248E+09  16.6
 184 12.00   30.1  260.00  0.38812E+12 243.2 177.7 110.0  81.0  0.39431E+12  0.26554E+12  0.13926E+12  0.85172E+09  16.6
 185 12.00   30.2  260.00  0.38728E+12 243.2 177.9 110.0  81.0  0.39348E+12  0.26537E+12  0.13917E+12  0.85094E+09  16.6
 186 12.00   30.3  260.00  0.38644E+12 243.2 178.2 110.0  81.0  0.39264E+12  0.26520E+12  0.13907E+12  0.85014E+09  16.6
 187 12.00   30.4  260.00  0.38560E+12 243.1 178.4 110.0  81.0  0.39181E+12  0.26502E+12  0.13897E+12  0.84931E+09  16.6
 188 12.00   30.6  260.00  0.38476E+12 243.1 178.6 110.0  81.0  0.39098E+12  0.26483E+12  0.13886E+12  0.84845E+09  16.6
 189 12.00   30.7  260.00  0.38392E+12 243.1 178.8 110.0  81.0  0.39015E+12  0.26463E+12  0.13875E+12  0.84757E+09  16.6
 190 12.00   30.8  260.00  0.38308E+12 243.1 179.0 110.0  81.0  0.36719E+12  0.26443E+12  0.13863E+12  0.84667E+09  16.6
 191 12.00   30.9  260.00  0.38225E+12 243.0 179.2 110.0  81.0  0.38681E+12  0.26422E+12  0.13851E+12  0.84574E+09  16.6
 192 12.00   31.1  260.00  0.38141E+12 243.0 179.5 110.0  81.0  0.38767E+12  0.26400E+12  0.13839E+12  0.84478E+09  16.6
 193 12.00   31.2  260.00  0.38058E+12 243.0 179.7 110.0  81.0  0.38684E+12  0.26378E+12  0.13825E+12  0.84380E+09  16.6
 194 12.00   31.4  260.00  0.37974E+12 242.9 179.9 110.0  81.0  0.38513E+12  0.26354E+12  0.13812E+12  0.84279E+09  16.6
 195 12.00   31.5  260.00  0.37891E+12 242.9 180.1 110.0  81.0  0.38509E+12  0.26330E+12  0.13798E+12  0.84175E+09  16.6
 196 12.00   31.7  260.00  0.37808E+12 242.9 180.3 110.0  81.0  0.38436E+12  0.26305E+12  0.13783E+12  0.84068E+09  16.6
 197 12.00   31.9  260.00  0.37725E+12 242.9 180.5 110.0  81.0  0.38354E+12  0.26280E+12  0.13768E+12  0.83958E+09  16.6
 198 12.00   32.0  260.00  0.37743E+12 242.6 180.2 110.0  81.0  0.38395E+12  0.26254E+12  0.13752E+12  0.83847E+09  16.6
 199 12.00   32.2  260.00  0.37762E+12 242.3 179.9 110.0  81.0  0.38437E+12  0.26226E+12  0.13736E+12  0.83733E+09  16.6
 200 12.00   32.4  260.00  0.37780E+12 242.0 179.5 110.0  81.0  0.38478E+12  0.26199E+12  0.13719E+12  0.83616E+09  16.6
 201 12.00   32.6  260.00  0.37798E+12 241.7 179.2 110.0  81.0  0.38519E+12  0.26170E+12  0.13702E+12  0.83496E+09  16.6
 202 12.00   32.8  260.00  0.37815E+12 241.4 178.9 110.0  81.0  0.36661E+12  0.26141E+12  0.13684E+12  0.83373E+09  16.6
 203 12.00   33.0  260.00  0.37832E+12 241.1 178.6 110.0  81.0  0.38602E+12  0.26110E+12  0.13666E+12  0.83246E+09  16.6
 204 12.00   33.2  260.00  0.37848E+12 240.8 178.2 110.0  81.0  0.38643E+12  0.26079E+12  0.13647E+12  0.83116E+09  16.6
 205 12.00   33.4  260.00  0.37865E+12 240.5 177.9 110.0  81.0  0.38684E+12  0.26048E+12  0.13628E+12  0.82983E+09  16.6
 206 12.00   33.6  260.00  0.37881E+12 240.2 177.6 110.0  81.0  0.38726E+12  0.26015E+12  0.13608E+12  0.82846E+09  16.6
 207 12.00   33.9  260.00  0.37896E+12 239.9 177.3 110.0  81.0  0.37629E+12  0.25981E+12  0.13587E+12  0.82706E+09  16.6
 208 12.00   34.1  260.00  0.37911E+12 239.6 176.9 110.0  81.0  0.38808E+12  0.25947E+12  0.13566E+12  0.82562E+09  16.6
 209 12.00   34.3  260.00  0.37926E+12 239.4 176.6 110.0  81.0  0.38850E+12  0.25912E+12  0.13544E+12  0.82414E+09  16.6
 210 12.00   34.6  260.00  0.37941E+12 239.1 176.3 110.0  81.0  0.38891E+12  0.25876E+12  0.13522E+12  0.82263E+09  16.6
 211 12.00   34.8  260.00  0.37955E+12 238.8 176.0 110.0  81.0  0.39341E+12  0.25839E+12  0.13500E+12  0.82108E+09  16.6
 212 12.00   35.1  260.00  0.37975E+12 238.6 175.8 110.0  81.0  0.38974E+12  0.25801E+12  0.13476E+12  0.81948E+09  16.6
 213 12.00   35.3  260.00  0.38014E+12 238.6 175.7 110.0  81.0  0.39016E+12  0.25762E+12  0.13452E+12  0.81785E+09  16.6
 214 12.00   35.6  260.00  0.38054E+12 238.6 175.7 110.0  81.0  0.39057E+12  0.25723E+12  0.13428E+12  0.81617E+09  16.6
 215 12.00   35.9  260.00  0.38093E+12 238.6 175.7 110.0  81.0  0.39099E+12  0.25683E+12  0.13403E+12  0.81445E+09  16.6
 216 12.00   36.1  260.00  0.38133E+12 238.6 175.7 110.0  81.0  0.34116E+12  0.25641E+12  0.13377E+12  0.81269E+09  16.6
 217 12.00   36.4  260.00  0.38173E+12 238.6 175.7 110.0  81.0  0.37837E+12  0.25599E+12  0.13351E+12  0.81088E+09  16.6
 218 12.00   36.7  260.00  0.38213E+12 238.6 175.7 110.0  81.0  0.39759E+12  0.25556E+12  0.13324E+12  0.80902E+09  16.6
 219 12.00   37.0  260.00  0.38253E+12 238.7 175.7 110.0  81.0  0.39598E+12  0.25512E+12  0.13297E+12  0.80712E+09  16.6
 220 12.00   37.3  260.00  0.38293E+12 238.7 175.7 110.0  81.0  0.39522E+12  0.25468E+12  0.13269E+12  0.80517E+09  16.6
 221 12.00   37.6  260.00  0.38334E+12 238.7 175.7 110.0  81.0  0.39349E+12  0.25422E+12  0.13241E+12  0.80317E+09  16.6
 222 12.00   37.8  260.00  0.38375E+12 238.7 175.7 110.0  81.0  0.39390E+12  0.25375E+12  0.13212E+12  0.80111E+09  16.6
 223 12.00   38.1  260.00  0.38416E+12 238.8 175.7 110.0  81.0  0.39876E+12  0.25328E+12  0.13182E+12  0.79901E+09  16.6
 224 12.00   38.5  260.00  0.38457E+12 238.8 175.8 110.0  81.0  0.39474E+12  0.25280E+12  0.13152E+12  0.79685E+09  16.6
 225 12.00   38.8  260.00  0.38499E+12 238.8 175.8 110.0  81.0  0.39646E+12  0.25230E+12  0.13121E+12  0.79463E+09  16.6
 226 12.00   39.1  260.00  0.38541E+12 238.8 175.8 110.0  81.0  0.39558E+12  0.25180E+12  0.13089E+12  0.79235E+09  16.6
 227 12.00   39.4  260.00  0.38583E+12 238.9 175.8 110.0  81.0  0.39599E+12  0.25129E+12  0.13057E+12  0.79002E+09  16.6
 228 12.00   39.7  260.00  0.38625E+12 238.9 175.8 110.0  81.0  0.39641E+12  0.25077E+12  0.13024E+12  0.78763E+09  16.7
 229 12.00   40.0  260.00  0.38715E+12 239.0 175.9 110.0  81.0  0.39724E+12  0.25024E+12  0.12991E+12  0.78519E+09  16.7
 230 12.00   40.4  260.00  0.38805E+12 239.2 175.9 110.0  81.0  0.39807E+12  0.24971E+12  0.12958E+12  0.78269E+09  16.7
 231 12.00   40.7  260.00  0.38895E+12 239.3 176.0 110.0  81.0  0.39890E+12  0.24917E+12  0.12923E+12  0.78013E+09  16.7
 232 12.00   41.0  260.00  0.38985E+12 239.4 176.0 110.0  81.0  0.39972E+12  0.24861E+12  0.12888E+12  0.77750E+09  16.7
 233 12.00   41.4  260.00  0.39075E+12 239.5 176.1 110.0  81.0  0.40056E+12  0.24805E+12  0.12853E+12  0.77479E+09  16.7
 234 12.00   41.7  260.00  0.39166E+12 239.7 176.2 110.0  81.0  0.40139E+12  0.24748E+12  0.12817E+12  0.77202E+09  16.7
 235 12.00   42.0  260.00  0.39256E+12 239.8 176.2 110.0  81.0  0.40222E+12  0.24689E+12  0.12780E+12  0.76917E+09  16.7
 236 12.00   42.4  260.00  0.39347E+12 239.9 176.3 110.0  81.0  0.40305E+12  0.24630E+12  0.12742E+12  0.76624E+09  16.7
 237 12.00   42.7  260.00  0.39437E+12 240.0 176.3 110.0  81.0  0.37153E+12  0.24570E+12  0.12705E+12  0.76324E+09  16.7
 238 12.00   43.1  260.00  0.39528E+12 240.2 176.4 110.0  81.0  0.40472E+12  0.24509E+12  0.12666E+12  0.76015E+09  16.7
 239 12.00   43.4  260.00  0.39618E+12 240.3 176.4 110.0  81.0  0.40556E+12  0.24447E+12  0.12627E+12  0.75698E+09  16.7
 240 12.00   43.8  260.00  0.39709E+12 240.4 176.5 110.0  81.0  0.40639E+12  0.24385E+12  0.12587E+12  0.75372E+09  16.7
 241 12.00   44.1  260.00  0.39800E+12 240.5 176.6 110.0  81.0  0.40723E+12  0.24321E+12  0.12547E+12  0.75038E+09  16.7
 242 12.00   44.5  260.00  0.39890E+12 240.6 176.6 110.0  81.0  0.40807E+12  0.24256E+12  0.12506E+12  0.74694E+09  16.7
 243 12.00   44.9  260.00  0.39981E+12 240.8 176.7 110.0  81.0  0.40891E+12  0.24190E+12  0.12464E+12  0.74341E+09  16.7
 244 12.00   45.2  260.00  0.40072E+12 240.9 176.8 110.0  81.0  0.41044E+12  0.24124E+12  0.12422E+12  0.73978E+09  16.7
 245 12.00   45.6  260.00  0.40163E+12 241.0 176.8 110.0  81.0  0.41138E+12  0.24056E+12  0.12379E+12  0.73605E+09  16.7
 246 12.00   46.0  260.00  0.40253E+12 241.1 176.9 110.0  81.0  0.33494E+12  0.23988E+12  0.12336E+12  0.73222E+09  16.7
 247 12.00   46.3  260.00  0.40344E+12 241.2 177.0 110.0  81.0  0.35312E+12  0.23918E+12  0.12292E+12  0.72828E+09  16.7
 248 12.00   46.7  260.00  0.40435E+12 241.3 177.1 110.0  81.0  0.36871E+12  0.23848E+12  0.12247E+12  0.72423E+09  16.7
 249 12.00   47.1  260.00  0.40526E+12 241.5 177.1 110.0  81.0  0.40285E+12  0.23776E+12  0.12202E+12  0.72006E+09  16.7
 250 12.00   47.5  260.00  0.40617E+12 241.6 177.2 110.0  81.0  0.41525E+12  0.23704E+12  0.12156E+12  0.71578E+09  16.7
 251 12.00   47.8  260.00  0.40708E+12 241.7 177.3 110.0  81.0  0.41572E+12  0.23631E+12  0.12110E+12  0.71138E+09  16.7
 252 12.00   48.2  260.00  0.40799E+12 241.8 177.4 110.0  81.0  0.41652E+12  0.23556E+12  0.12063E+12  0.70686E+09  16.7
 253 12.00   48.6  260.00  0.40890E+12 241.9 177.5 110.0  81.0  0.41735E+12  0.23481E+12  0.12015E+12  0.70221E+09  16.7
 254 12.00   49.0  260.00  0.40981E+12 242.0 177.5 110.0  81.0  0.41819E+12  0.23405E+12  0.11967E+12  0.69742E+09  16.7
 255 12.00   49.4  260.00  0.41072E+12 242.1 177.6 110.0  81.0  0.41904E+12  0.23328E+12  0.11918E+12  0.69250E+09  16.7
 256 12.00   49.7  260.00  0.41163E+12 242.2 177.7 110.0  81.0  0.41989E+12  0.23250E+12  0.11869E+12  0.68744E+09  16.7
 257 12.00   50.1  260.00  0.41254E+12 242.3 177.8 110.0  81.0  0.42075E+12  0.23171E+12  0.11819E+12  0.68224E+09  16.7
 258 12.00   50.5  260.00  0.41344E+12 242.4 177.8 110.0  81.0  0.42160E+12  0.23091E+12  0.11768E+12  0.67689E+09  16.7
 259 12.00   50.9  260.00  0.41435E+12 242.5 177.9 110.0  81.0  0.42245E+12  0.23010E+12  0.11717E+12  0.67139E+09  16.7
 260 12.00   51.3  260.00  0.42014E+12 243.0 177.8 110.0  81.0  0.42793E+12  0.22930E+12  0.11666E+12  0.66587E+09  16.7
 261 12.00   51.7  260.00  0.42593E+12 243.5 177.7 110.0  81.0  0.43344E+12  0.22849E+12  0.11615E+12  0.66018E+09  16.7
 262 12.00   52.1  260.00  0.43173E+12 243.9 177.5 110.0  81.0  0.43899E+12  0.22768E+12  0.11563E+12  0.65433E+09  16.7
 263 12.00   52.5  260.00  0.43753E+12 244.3  -1.0 110.0  81.0  0.44458E+12 -0.10000E+01  0.11510E+12  0.64831E+09  16.7
 264 12.00   52.8  260.00  0.44335E+12 244.7  -1.0 110.0  81.0  0.44191E+12 -0.10000E+01  0.11457E+12  0.64211E+09  16.7
 265 12.00   53.2  260.00  0.44918E+12 245.0  -1.0 110.0  81.0  0.45485E+12 -0.10000E+01  0.11403E+12  0.63573E+09  16.7
 266 12.00   53.6  260.00  0.45503E+12 245.3  -1.0 110.0  81.0  0.46154E+12 -0.10000E+01  0.11349E+12  0.62917E+09  16.7
 267 12.00   54.0  260.00  0.46088E+12 245.6  -1.0 110.0  81.0  0.46727E+12 -0.10000E+01  0.11294E+12  0.62242E+09  16.7
 268 12.00   54.4  260.00  0.46676E+12 245.8  -1.0 110.0  81.0  0.47303E+12 -0.10000E+01  0.11239E+12  0.61548E+09  16.7
 269 12.00   54.8  260.00  0.47265E+12 246.0  -1.0 110.0  81.0  0.48039E+12 -0.10000E+01  0.11183E+12  0.60835E+09  16.7
 270 12.00   55.2  260.00  0.47855E+12 246.2  -1.0 110.0  81.0  0.47608E+12 -0.10000E+01  0.11127E+12  0.60102E+09  16.7
 271 12.00   55.6  260.00  0.48448E+12 246.4  -1.0 110.0  81.0  0.44875E+12 -0.10000E+01  0.11070E+12  0.59348E+09  16.7
 272 12.00   56.0  260.00  0.49042E+12 246.6  -1.0 110.0  81.0  0.44325E+12 -0.10000E+01  0.11012E+12  0.58574E+09  16.7
 273 12.00   56.4  260.00  0.49638E+12 246.7  -1.0 110.0  81.0  0.42755E+12 -0.10000E+01  0.10955E+12  0.57779E+09  16.7
 274 12.00   56.8  260.00  0.50236E+12 246.8  -1.0 110.0  81.0  0.47437E+12 -0.10000E+01  0.10896E+12  0.56963E+09  16.7
 275 12.00   57.1  260.00  0.50836E+12 246.9  -1.0 110.0  81.0  0.51435E+12 -0.10000E+01  0.10838E+12  0.56126E+09  16.7
 276 12.00   57.5  260.00  0.51438E+12 247.0  -1.0 110.0  81.0  0.52039E+12 -0.10000E+01  0.10779E+12  0.55267E+09  16.7
 277 12.00   57.9  260.00  0.52042E+12 247.0  -1.0 110.0  81.0  0.52647E+12 -0.10000E+01  0.10719E+12  0.54387E+09  16.7
 278 12.00   58.3  260.00  0.52648E+12 247.1  -1.0 110.0  81.0  0.53259E+12 -0.10000E+01  0.10659E+12  0.53485E+09  16.7
 279 12.00   58.7  260.00  0.53256E+12 247.1  -1.0 110.0  81.0  0.53873E+12 -0.10000E+01  0.10599E+12  0.52561E+09  16.7
 280 12.00   59.1  260.00  0.53866E+12 247.1  -1.0 110.0  81.0  0.54492E+12 -0.10000E+01  0.10538E+12  0.51615E+09  16.7
 281 12.00   59.5  260.00  0.54478E+12 247.1  -1.0 110.0  81.0  0.55114E+12 -0.10000E+01  0.10477E+12  0.50648E+09  16.7
 282 12.00   59.8  260.00  0.55092E+12 247.1  -1.0 110.0  81.0  0.55740E+12 -0.10000E+01  0.10416E+12  0.49660E+09  16.8
 283 12.00   60.2  260.00  0.55708E+12 247.0  -1.0 110.0  81.0  0.56369E+12 -0.10000E+01  0.10355E+12  0.48650E+09  16.8
 284 12.00   60.6  260.00  0.56326E+12 247.0  -1.0 110.0  81.0  0.57001E+12 -0.10000E+01  0.10293E+12  0.47619E+09  16.8
 285 12.00   61.0  260.00  0.56946E+12 246.9  -1.0 110.0  81.0  0.57637E+12 -0.10000E+01  0.10230E+12  0.46569E+09  16.8
 286 12.00   61.4  260.00  0.57568E+12 246.8  -1.0 110.0  81.0  0.58277E+12 -0.10000E+01  0.10168E+12  0.45498E+09  16.8
 287 12.00   61.7  260.00  0.58191E+12 246.7  -1.0 110.0  81.0  0.58920E+12 -0.10000E+01  0.10105E+12  0.44408E+09  16.8
 288 12.00   62.1  260.00  0.58817E+12 246.6  -1.0 110.0  81.0  0.59567E+12 -0.10000E+01  0.10043E+12  0.43300E+09  16.8
 289 12.00   62.5  260.00  0.59444E+12 246.5  -1.0 110.0  81.0  0.60217E+12 -0.10000E+01  0.99797E+11  0.42174E+09  16.8
 290 12.00   62.8  260.00  0.59535E+12 246.2  -1.0 110.0  81.0  0.60354E+12 -0.10000E+01  0.99165E+11  0.41031E+09  16.8
 291 12.00   63.2  260.00  0.59624E+12 245.8  -1.0 110.0  81.0  0.60491E+12 -0.10000E+01  0.98531E+11  0.40000E+09  16.8
 292 12.00   63.5  260.00  0.59711E+12 245.4  -1.0 110.0  81.0  0.60628E+12 -0.10000E+01  0.97897E+11  0.40000E+09  16.8
 293 12.00   63.9  260.00  0.59798E+12 245.0  -1.0 110.0  81.0  0.60766E+12 -0.10000E+01  0.97262E+11  0.40000E+09  16.8
 294 12.00   64.3  260.00  0.59882E+12 244.6  -1.0 110.0  81.0  0.60903E+12 -0.10000E+01  0.96627E+11  0.40000E+09  16.8
 295 12.00   64.6  260.00  0.59966E+12 244.2  -1.0 110.0  81.0  0.61041E+12 -0.10000E+01  0.95991E+11  0.40000E+09  16.8
 296 12.00   65.0  260.00  0.60047E+12 243.8  -1.0 110.0  81.0  0.61179E+12 -0.10000E+01  0.95356E+11  0.40000E+09  16.8
 297 12.00   65.3  260.00  0.60127E+12 243.5  -1.0 110.0  81.0  0.61317E+12 -0.10000E+01  0.94720E+11  0.40000E+09  16.8
 298 12.00   65.6  260.00  0.60206E+12 243.1  -1.0 110.0  81.0  0.61455E+12 -0.10000E+01  0.94086E+11  0.40000E+09  16.8
 299 12.00   66.0  260.00  0.60283E+12 242.7  -1.0 110.0  81.0  0.61593E+12 -0.10000E+01  0.93452E+11  0.40000E+09  16.8
 300 12.00   66.3  260.00  0.60359E+12 242.3  -1.0 110.0  81.0  0.61732E+12 -0.10000E+01  0.92820E+11  0.40000E+09  16.8
 301 12.00   66.6  260.00  0.60432E+12 241.9  -1.0 110.0  81.0  0.61870E+12 -0.10000E+01  0.92189E+11  0.40000E+09  16.8
 302 12.00   67.0  260.00  0.60505E+12 241.5  -1.0 110.0  81.0  0.62009E+12 -0.10000E+01  0.91560E+11  0.40000E+09  16.9
 303 12.00   67.3  260.00  0.60575E+12 241.1  -1.0 110.0  81.0  0.62148E+12 -0.10000E+01  0.90934E+11  0.40000E+09  16.9
 304 12.00   67.6  260.00  0.60644E+12 240.7  -1.0 110.0  81.0  0.62287E+12 -0.10000E+01  0.90310E+11  0.40000E+09  16.9
 305 12.00   67.9  260.00  0.60711E+12 240.3  -1.0 110.0  81.0  0.62427E+12 -0.10000E+01  0.89688E+11  0.40000E+09  16.9
 306 12.00   68.2  260.00  0.60777E+12 239.9  -1.0 110.0  81.0  0.62566E+12 -0.10000E+01  0.89070E+11  0.40000E+09  16.9
 307 12.00   68.5  260.00  0.60840E+12 239.5  -1.0 110.0  81.0  0.62706E+12 -0.10000E+01  0.88455E+11  0.40000E+09  16.9
 308 12.00   68.8  260.00  0.60902E+12 239.1  -1.0 110.0  81.0  0.62845E+12 -0.10000E+01  0.87844E+11  0.40000E+09  16.9
 309 12.00   69.1  260.00  0.60962E+12 238.7  -1.0 110.0  81.0  0.62985E+12 -0.10000E+01  0.87238E+11  0.40000E+09  16.9
 310 12.00   69.4  260.00  0.61020E+12 238.3  -1.0 110.0  81.0  0.63125E+12 -0.10000E+01  0.86635E+11  0.40000E+09  16.9
 311 12.00   69.7  260.00  0.61076E+12 237.9  -1.0 110.0  81.0  0.63265E+12 -0.10000E+01  0.86038E+11  0.40000E+09  16.9
 312 12.00   70.0  260.00  0.61131E+12 237.5  -1.0 110.0  81.0  0.63406E+12 -0.10000E+01  0.85446E+11  0.40000E+09  16.9
 313 12.00   70.3  260.00  0.61183E+12 237.1  -1.0 110.0  81.1  0.63546E+12 -0.10000E+01  0.84859E+11  0.40000E+09  16.9
 314 12.00   70.5  260.00  0.61234E+12 236.7  -1.0 110.0  81.1  0.63687E+12 -0.10000E+01  0.84279E+11  0.40000E+09  16.9
 315 12.00   70.8  260.00  0.61282E+12 236.3  -1.0 110.0  81.1  0.63828E+12 -0.10000E+01  0.83705E+11  0.40000E+09  16.9
 316 12.00   71.1  260.00  0.61329E+12 235.8  -1.0 110.0  81.1  0.63968E+12 -0.10000E+01  0.83137E+11  0.40000E+09  16.9
 317 12.00   71.3  260.00  0.61373E+12 235.4  -1.0 110.0  81.1  0.64110E+12 -0.10000E+01  0.82577E+11  0.40000E+09  17.0
 318 12.00   71.6  260.00  0.61415E+12 235.0  -1.0 110.0  81.1  0.64251E+12 -0.10000E+01  0.82024E+11  0.40000E+09  17.0
 319 12.00   71.8  260.00  0.61456E+12 234.6  -1.0 110.0  81.1  0.64392E+12 -0.10000E+01  0.81479E+11  0.40000E+09  17.0
 320 12.00   72.1  260.00  0.61494E+12 234.2  -1.0 110.0  81.1  0.64534E+12 -0.10000E+01  0.80942E+11  0.40000E+09  17.0
 321 12.00   72.3  260.00  0.61059E+12 233.9  -1.0 110.0  81.1  0.64132E+12 -0.10000E+01  0.80420E+11  0.40000E+09  17.0
 322 12.00   72.5  260.00  0.60625E+12 233.7  -1.0 110.0  81.1  0.63732E+12 -0.10000E+01  0.79906E+11  0.40000E+09  17.0
 323 12.00   72.8  260.00  0.60192E+12 233.5  -1.0 110.0  81.1  0.63332E+12 -0.10000E+01  0.79402E+11  0.40000E+09  17.0
 324 12.00   73.0  260.00  0.59761E+12 233.2  -1.0 110.0  81.1  0.62935E+12 -0.10000E+01  0.78908E+11  0.40000E+09  17.0
 325 12.00   73.2  260.00  0.59331E+12 233.0  -1.0 110.0  81.1  0.62538E+12 -0.10000E+01  0.78424E+11  0.40000E+09  17.0
 326 12.00   73.4  260.00  0.58901E+12 232.7  -1.0 110.0  81.1  0.62142E+12 -0.10000E+01  0.77951E+11  0.40000E+09  17.0
 327 12.00   73.6  260.00  0.58473E+12 232.5  -1.0 110.0  81.1  0.61748E+12 -0.10000E+01  0.77489E+11  0.40000E+09  17.0
 328 12.00   73.8  260.00  0.58046E+12 232.3  -1.0 110.0  81.1  0.61355E+12 -0.10000E+01  0.77038E+11  0.40000E+09  17.0
 329 12.00   74.0  260.00  0.57620E+12 232.0  -1.0 110.0  81.1  0.60964E+12 -0.10000E+01  0.76600E+11  0.40000E+09  17.0
 330 12.00   74.1  260.00  0.57195E+12 231.8  -1.0 110.0  81.1  0.60573E+12 -0.10000E+01  0.76174E+11  0.40000E+09  17.0
 331 12.00   74.3  260.00  0.56771E+12 231.5  -1.0 110.0  81.1  0.60184E+12 -0.10000E+01  0.75760E+11  0.40000E+09  17.1
 332 12.00   74.5  260.00  0.56348E+12 231.3  -1.0 110.0  81.1  0.59796E+12 -0.10000E+01  0.75360E+11  0.40000E+09  17.1
 333 12.00   74.6  260.00  0.55925E+12 231.0  -1.0 110.0  81.1  0.59409E+12 -0.10000E+01  0.74974E+11  0.40000E+09  17.1
 334 12.00   74.8  260.00  0.55504E+12 230.7  -1.0 110.0  81.1  0.59024E+12 -0.10000E+01  0.74602E+11  0.40000E+09  17.1
 335 12.00   74.9  260.00  0.55083E+12 230.5  -1.0 110.0  81.1  0.58640E+12 -0.10000E+01  0.74244E+11  0.40000E+09  17.1
 336 12.00   75.1  260.00  0.54664E+12 230.2  -1.0 110.0  81.1  0.58257E+12 -0.10000E+01  0.73901E+11  0.40000E+09  17.1
 337 12.00   75.2  260.00  0.54245E+12 229.9  -1.0 110.0  81.1  0.57875E+12 -0.10000E+01  0.73573E+11  0.40000E+09  17.1
 338 12.00   75.3  260.00  0.53827E+12 229.7  -1.0 110.0  81.1  0.57495E+12 -0.10000E+01  0.73261E+11  0.40000E+09  17.1
 339 12.00   75.5  260.00  0.53410E+12 229.4  -1.0 110.0  81.1  0.57116E+12 -0.10000E+01  0.72966E+11  0.40000E+09  17.1
 340 12.00   75.6  260.00  0.52993E+12 229.1  -1.0 110.0  81.1  0.56738E+12 -0.10000E+01  0.72686E+11  0.40000E+09  17.1
 341 12.00   75.7  260.00  0.52577E+12 228.8  -1.0 110.0  81.1  0.56362E+12 -0.10000E+01  0.72423E+11  0.40000E+09  17.1
 342 12.00   75.8  260.00  0.52162E+12 228.5  -1.0 110.0  81.1  0.55986E+12 -0.10000E+01  0.72178E+11  0.40000E+09  17.1
 343 12.00   75.9  260.00  0.51748E+12 228.3  -1.0 110.0  81.1  0.55612E+12 -0.10000E+01  0.71950E+11  0.40000E+09  17.1
 344 12.00   76.0  260.00  0.51334E+12 228.0  -1.0 110.0  81.1  0.55239E+12 -0.10000E+01  0.71739E+11  0.40000E+09  17.1
 345 12.00   76.0  260.00  0.50921E+12 227.7  -1.0 110.0  81.1  0.54868E+12 -0.10000E+01  0.71547E+11  0.40000E+09  17.1
 346 12.00   76.1  260.00  0.50509E+12 227.4  -1.0 110.0  81.1  0.54497E+12 -0.10000E+01  0.71372E+11  0.40000E+09  17.1
 347 12.00   76.2  260.00  0.50097E+12 227.0  -1.0 110.0  81.1  0.54128E+12 -0.10000E+01  0.71217E+11  0.40000E+09  17.1
 348 12.00   76.2  260.00  0.49685E+12 226.7  -1.0 110.0  81.1  0.53760E+12 -0.10000E+01  0.71080E+11  0.40000E+09  17.1
 349 12.00   76.3  260.00  0.49274E+12 226.4  -1.0 110.0  81.1  0.53394E+12 -0.10000E+01  0.70962E+11  0.40000E+09  17.1
 350 12.00   76.3  260.00  0.48864E+12 226.1  -1.0 110.0  81.1  0.53028E+12 -0.10000E+01  0.70863E+11  0.40000E+09  17.1
 351 12.00   76.3  260.00  0.48854E+12 226.1  -1.0 110.0  81.1  0.53010E+12 -0.10000E+01  0.70788E+11  0.40000E+09  17.1
 352 12.00   76.4  260.00  0.48843E+12 226.1  -1.0 110.0  81.1  0.52993E+12 -0.10000E+01  0.70733E+11  0.40000E+09  17.1
 353 12.00   76.4  260.00  0.48831E+12 226.2  -1.0 110.0  81.1  0.52975E+12 -0.10000E+01  0.70697E+11  0.40000E+09  17.1
 354 12.00   76.4  260.00  0.48817E+12 226.2  -1.0 110.0  81.1  0.52957E+12 -0.10000E+01  0.70681E+11  0.40000E+09  17.1
 355 12.00   76.4  260.00  0.48803E+12 226.2  -1.0 110.0  81.1  0.52939E+12 -0.10000E+01  0.70684E+11  0.40000E+09  17.1
 356 12.00   76.4  260.00  0.48788E+12 226.2  -1.0 110.0  81.1  0.52921E+12 -0.10000E+01  0.70707E+11  0.40000E+09  17.1
 357 12.00   76.3  260.00  0.48771E+12 226.2  -1.0 110.0  81.1  0.52903E+12 -0.10000E+01  0.70750E+11  0.40000E+09  17.1
 358 12.00   76.3  260.00  0.48754E+12 226.2  -1.0 110.0  81.1  0.52886E+12 -0.10000E+01  0.70812E+11  0.40000E+09  17.1
 359 12.00   76.3  260.00  0.48736E+12 226.2  -1.0 110.0  81.1  0.52868E+12 -0.10000E+01  0.70894E+11  0.40000E+09  17.1
 360 12.00   76.3  260.00  0.48716E+12 226.1  -1.0 110.0  81.1  0.52850E+12 -0.10000E+01  0.70996E+11  0.40000E+09  17.1
 361 12.00   76.2  260.00  0.48696E+12 226.1  -1.0 110.0  81.1  0.52832E+12 -0.10000E+01  0.71117E+11  0.40000E+09  17.1
 362 12.00   76.2  260.00  0.48674E+12 226.1  -1.0 110.0  81.1  0.52814E+12 -0.10000E+01  0.71257E+11  0.40000E+09  17.1
 363 12.00   76.1  260.00  0.48652E+12 226.1  -1.0 110.0  81.1  0.52796E+12 -0.10000E+01  0.71416E+11  0.40000E+09  17.1
 364 12.00   76.0  260.00  0.48628E+12 226.0  -1.0 110.0  81.1  0.52779E+12 -0.10000E+01  0.71594E+11  0.40000E+09  17.1
 365 12.00   75.9  260.00  0.48603E+12 226.0  -1.0 110.0  81.1  0.52761E+12 -0.10000E+01  0.71791E+11  0.40000E+09  17.1
