   1  5.00  117.6  100.00  0.20273E+10 304.2  -1.0 110.0  87.1  0.52054E+11 -0.10000E+01  0.20918E+10  0.40000E+09  58.2
   2  5.00  117.6  100.00  0.20275E+10 304.0  -1.0 110.0  87.1  0.51711E+11 -0.10000E+01  0.20920E+10  0.40000E+09  58.2
   3  5.00  117.6  100.00  0.20276E+10 303.9  -1.0 110.0  87.1  0.51370E+11 -0.10000E+01  0.20921E+10  0.40000E+09  58.2
   4  5.00  117.6  100.00  0.20278E+10 303.7  -1.0 110.0  87.1  0.51030E+11 -0.10000E+01  0.20923E+10  0.40000E+09  58.2
   5  5.00  117.6  100.00  0.20280E+10 303.5  -1.0 110.0  87.1  0.50691E+11 -0.10000E+01  0.20924E+10  0.40000E+09  58.2
   6  5.00  117.6  100.00  0.20282E+10 303.3  -1.0 110.0  87.1  0.50353E+11 -0.10000E+01  0.20925E+10  0.40000E+09  58.2
   7  5.00  117.5  100.00  0.20284E+10 303.1  -1.0 110.0  87.1  0.50016E+11 -0.10000E+01  0.20927E+10  0.40000E+09  58.1
   8  5.00  117.5  100.00  0.20286E+10 302.9  -1.0 110.0  87.1  0.49680E+11 -0.10000E+01  0.20928E+10  0.40000E+09  58.1
   9  5.00  117.4  100.00  0.20288E+10 302.7  -1.0 110.0  87.1  0.49345E+11 -0.10000E+01  0.20930E+10  0.40000E+09  58.0
  10  5.00  117.4  100.00  0.20291E+10 302.5  -1.0 110.0  87.1  0.49012E+11 -0.10000E+01  0.20931E+10  0.40000E+09  58.0
  11  5.00  117.3  100.00  0.20293E+10 302.3  -1.0 110.0  87.1  0.48680E+11 -0.10000E+01  0.20933E+10  0.40000E+09  57.9
  12  5.00  117.2  100.00  0.20296E+10 302.1  -1.0 110.0  87.1  0.48349E+11 -0.10000E+01  0.20934E+10  0.40000E+09  57.9
  13  5.00  117.2  100.00  0.20299E+10 302.0  -1.0 110.0  87.1  0.48019E+11 -0.10000E+01  0.20935E+10  0.40000E+09  57.8
  14  5.00  117.1  100.00  0.20301E+10 301.8  -1.0 110.0  87.1  0.47690E+11 -0.10000E+01  0.20937E+10  0.40000E+09  57.7
  15  5.00  117.0  100.00  0.20304E+10 301.6  -1.0 110.0  87.0  0.47362E+11 -0.10000E+01  0.20938E+10  0.40000E+09  57.7
  16  5.00  116.9  100.00  0.20301E+10 302.0  -1.0 110.0  87.0  0.47857E+11 -0.10000E+01  0.20933E+10  0.40000E+09  57.6
  17  5.00  116.8  100.00  0.20298E+10 302.4  -1.0 110.0  87.0  0.48355E+11 -0.10000E+01  0.20927E+10  0.40000E+09  57.5
  18  5.00  116.7  100.00  0.20295E+10 302.8  -1.0 110.0  87.0  0.48855E+11 -0.10000E+01  0.20922E+10  0.40000E+09  57.4
  19  5.00  116.6  100.00  0.20292E+10 303.2  -1.0 110.0  87.0  0.49358E+11 -0.10000E+01  0.20917E+10  0.40000E+09  57.3
  20  5.00  116.4  100.00  0.20289E+10 303.6  -1.0 110.0  87.0  0.49864E+11 -0.10000E+01  0.20911E+10  0.40000E+09  57.2
  21  5.00  116.3  100.00  0.20287E+10 304.0  -1.0 110.0  87.0  0.50372E+11 -0.10000E+01  0.20906E+10  0.40000E+09  57.1
  22  5.00  116.2  100.00  0.20284E+10 304.4  -1.0 110.0  87.0  0.50882E+11 -0.10000E+01  0.20900E+10  0.40000E+09  57.0
  23  5.00  116.0  100.00  0.20282E+10 304.9  -1.0 110.0  86.9  0.51396E+11 -0.10000E+01  0.20895E+10  0.40000E+09  56.9
  24  5.00  115.9  100.00  0.20279E+10 305.3  -1.0 110.0  86.9  0.51911E+11 -0.10000E+01  0.20890E+10  0.40000E+09  56.7
  25  5.00  115.7  100.00  0.20277E+10 305.7  -1.0 110.0  86.9  0.52429E+11 -0.10000E+01  0.20884E+10  0.40000E+09  56.6
  26  5.00  115.5  100.00  0.20275E+10 306.1  -1.0 110.0  86.9  0.52950E+11 -0.10000E+01  0.20879E+10  0.40000E+09  56.4
  27  5.00  115.4  100.00  0.20273E+10 306.5  -1.0 110.0  86.9  0.53474E+11 -0.10000E+01  0.20873E+10  0.40000E+09  56.3
  28  5.00  115.2  100.00  0.20271E+10 306.9  -1.0 110.0  86.8  0.54000E+11 -0.10000E+01  0.20868E+10  0.40000E+09  56.1
  29  5.00  115.0  100.00  0.20269E+10 307.3  -1.0 110.0  86.8  0.54529E+11 -0.10000E+01  0.20862E+10  0.40000E+09  56.0
  30  5.00  114.8  100.00  0.20268E+10 307.7  -1.0 110.0  86.8  0.55060E+11 -0.10000E+01  0.20857E+10  0.40000E+09  55.8
  31  5.00  114.6  100.00  0.20266E+10 308.1  -1.0 110.0  86.8  0.55594E+11 -0.10000E+01  0.20852E+10  0.40000E+09  55.6
  32  5.00  114.4  100.00  0.20265E+10 308.5  -1.0 110.0  86.8  0.56130E+11 -0.10000E+01  0.20846E+10  0.40000E+09  55.4
  33  5.00  114.2  100.00  0.20264E+10 308.9  -1.0 110.0  86.7  0.56669E+11 -0.10000E+01  0.20841E+10  0.40000E+09  55.2
  34  5.00  114.0  100.00  0.20262E+10 309.3  -1.0 110.0  86.7  0.57211E+11 -0.10000E+01  0.20835E+10  0.40000E+09  55.0
  35  5.00  113.8  100.00  0.20261E+10 309.7  -1.0 110.0  86.7  0.57755E+11 -0.10000E+01  0.20830E+10  0.40000E+09  54.8
  36  5.00  113.5  100.00  0.20260E+10 310.2  -1.0 110.0  86.7  0.58301E+11 -0.10000E+01  0.20825E+10  0.40000E+09  54.6
  37  5.00  113.3  100.00  0.20260E+10 310.6  -1.0 110.0  86.6  0.58851E+11 -0.10000E+01  0.20819E+10  0.40000E+09  54.4
  38  5.00  113.1  100.00  0.20259E+10 311.0  -1.0 110.0  86.6  0.59403E+11 -0.10000E+01  0.20814E+10  0.40000E+09  54.2
  39  5.00  112.8  100.00  0.20258E+10 311.4  -1.0 110.0  86.6  0.59957E+11 -0.10000E+01  0.20808E+10  0.40000E+09  53.9
  40  5.00  112.6  100.00  0.20258E+10 311.8  -1.0 110.0  86.5  0.60514E+11 -0.10000E+01  0.20803E+10  0.40000E+09  53.7
  41  5.00  112.3  100.00  0.20258E+10 312.2  -1.0 110.0  86.5  0.61074E+11 -0.10000E+01  0.20798E+10  0.40000E+09  53.4
  42  5.00  112.1  100.00  0.20257E+10 312.6  -1.0 110.0  86.5  0.61636E+11 -0.10000E+01  0.20792E+10  0.40000E+09  53.1
  43  5.00  111.8  100.00  0.20257E+10 313.0  -1.0 110.0  86.4  0.62200E+11 -0.10000E+01  0.20787E+10  0.40000E+09  52.9
  44  5.00  111.5  100.00  0.20257E+10 313.4  -1.0 110.0  86.4  0.62768E+11 -0.10000E+01  0.20781E+10  0.40000E+09  52.6
  45  5.00  111.2  100.00  0.20257E+10 313.8  -1.0 110.0  86.3  0.63337E+11 -0.10000E+01  0.20776E+10  0.40000E+09  52.3
  46  5.00  111.0  100.00  0.20255E+10 313.8  -1.0 110.0  86.3  0.64294E+11 -0.10000E+01  0.20768E+10  0.40000E+09  52.0
  47  5.00  110.7  100.00  0.20253E+10 313.8  -1.0 110.0  86.3  0.65258E+11 -0.10000E+01  0.20760E+10  0.40000E+09  51.7
  48  5.00  110.4  100.00  0.20250E+10 313.9  -1.0 110.0  86.2  0.66229E+11 -0.10000E+01  0.20752E+10  0.40000E+09  51.3
  49  5.00  110.1  100.00  0.20248E+10 313.9  -1.0 110.0  86.2  0.67207E+11 -0.10000E+01  0.20743E+10  0.40000E+09  51.0
  50  5.00  109.8  100.00  0.20246E+10 313.9  -1.0 110.0  86.1  0.68193E+11 -0.10000E+01  0.20735E+10  0.40000E+09  50.7
  51  5.00  109.5  100.00  0.20244E+10 313.9  -1.0 110.0  86.1  0.69186E+11 -0.10000E+01  0.20727E+10  0.40000E+09  50.3
  52  5.00  109.2  100.00  0.20242E+10 313.9  -1.0 110.0  86.0  0.70185E+11 -0.10000E+01  0.20719E+10  0.40000E+09  50.0
  53  5.00  108.9  100.00  0.20240E+10 313.9  -1.0 110.0  86.0  0.71192E+11 -0.10000E+01  0.20711E+10  0.40000E+09  49.6
  54  5.00  108.6  100.00  0.20239E+10 313.9  -1.0 110.0  85.9  0.72206E+11 -0.10000E+01  0.20703E+10  0.40000E+09  49.2
  55  5.00  108.2  100.00  0.20237E+10 313.9  -1.0 110.0  85.9  0.73228E+11 -0.10000E+01  0.20695E+10  0.40000E+09  48.8
  56  5.00  107.9  100.00  0.20235E+10 313.9  -1.0 110.0  85.8  0.74256E+11 -0.10000E+01  0.20687E+10  0.40000E+09  48.4
  57  5.00  107.6  100.00  0.20233E+10 313.9  -1.0 110.0  85.8  0.75292E+11 -0.10000E+01  0.20679E+10  0.40000E+09  48.0
  58  5.00  107.3  100.00  0.20232E+10 313.9  -1.0 110.0  85.7  0.76335E+11 -0.10000E+01  0.20670E+10  0.40000E+09  47.6
  59  5.00  106.9  100.00  0.20230E+10 313.9  -1.0 110.0  85.7  0.77385E+11 -0.10000E+01  0.20662E+10  0.40000E+09  47.2
  60  5.00  106.6  100.00  0.20229E+10 313.9  -1.0 110.0  85.6  0.78442E+11 -0.10000E+01  0.20654E+10  0.40000E+09  46.8
  61  5.00  106.2  100.00  0.20227E+10 313.9  -1.0 110.0  85.6  0.79506E+11 -0.10000E+01  0.20646E+10  0.40000E+09  46.3
  62  5.00  105.9  100.00  0.20225E+10 313.9  -1.0 110.0  85.5  0.80578E+11 -0.10000E+01  0.20638E+10  0.40000E+09  45.9
  63  5.00  105.6  100.00  0.20224E+10 313.9  -1.0 110.0  85.4  0.81657E+11 -0.10000E+01  0.20630E+10  0.40000E+09  45.5
  64  5.00  105.2  100.00  0.20222E+10 313.9  -1.0 110.0  85.4  0.82743E+11 -0.10000E+01  0.20622E+10  0.40000E+09  45.0
  65  5.00  104.9  100.00  0.20221E+10 313.9  -1.0 110.0  85.3  0.83836E+11 -0.10000E+01  0.20614E+10  0.40000E+09  44.5
  66  5.00  104.5  100.00  0.20412E+10 313.8  -1.0 110.0  85.2  0.84936E+11 -0.10000E+01  0.20808E+10  0.40000E+09  44.1
  67  5.00  104.2  100.00  0.21182E+10 313.6  -1.0 110.0  85.2  0.86043E+11 -0.10000E+01  0.21610E+10  0.40000E+09  43.6
  68  5.00  103.8  100.00  0.22031E+10 313.4  -1.0 110.0  85.1  0.87158E+11 -0.10000E+01  0.22496E+10  0.40000E+09  43.1
  69  5.00  103.4  100.00  0.22961E+10 313.1  -1.0 110.0  85.0  0.88280E+11 -0.10000E+01  0.23465E+10  0.40000E+09  42.6
  70  5.00  103.1  100.00  0.23982E+10 312.8  -1.0 110.0  85.0  0.89409E+11 -0.10000E+01  0.24530E+10  0.40000E+09  42.1
  71  5.00  102.7  100.00  0.25099E+10 312.6  -1.0 110.0  84.9  0.90545E+11 -0.10000E+01  0.25696E+10  0.40000E+09  41.6
  72  5.00  102.4  100.00  0.26319E+10 312.3  -1.0 110.0  84.8  0.91688E+11 -0.10000E+01  0.26969E+10  0.40000E+09  41.1
  73  5.00  102.0  100.00  0.27650E+10 311.9  -1.0 110.0  84.8  0.92838E+11 -0.10000E+01  0.28359E+10  0.40000E+09  40.6
  74  5.00  101.6  100.00  0.29099E+10 311.6  -1.0 110.0  84.7  0.93996E+11 -0.10000E+01  0.29873E+10  0.40000E+09  40.1
  75  5.00  101.3  100.00  0.30677E+10 311.0  -1.0 110.0  84.6  0.95030E+11 -0.10000E+01  0.31522E+10  0.40000E+09  39.6
  76  5.00  100.9  100.00  0.32391E+10 310.4  -1.0 110.0  84.6  0.96070E+11 -0.10000E+01  0.33314E+10  0.40000E+09  39.1
  77  5.00  100.6  100.00  0.34247E+10 309.8  -1.0 110.0  84.5  0.97116E+11 -0.10000E+01  0.35256E+10  0.40000E+09  38.6
  78  5.00  100.2  100.00  0.36255E+10 309.1  -1.0 110.0  84.4  0.98167E+11 -0.10000E+01  0.37357E+10  0.40000E+09  38.1
  79  5.00   99.8  100.00  0.38424E+10 308.5  -1.0 110.0  84.3  0.99224E+11 -0.10000E+01  0.39628E+10  0.40000E+09  37.6
  80  5.00   99.5  100.00  0.40764E+10 307.8  -1.0 110.0  84.3  0.10029E+12 -0.10000E+01  0.42079E+10  0.40000E+09  37.1
  81  5.00   99.1  100.00  0.43284E+10 307.1  -1.0 110.0  84.2  0.10135E+12 -0.10000E+01  0.44718E+10  0.40000E+09  36.6
  82  5.00   98.7  100.00  0.45994E+10 306.4  -1.0 110.0  84.1  0.10243E+12 -0.10000E+01  0.47559E+10  0.40000E+09  36.1
  83  5.00   98.4  100.00  0.48902E+10 305.6  -1.0 110.0  84.0  0.10351E+12 -0.10000E+01  0.50608E+10  0.40000E+09  35.6
  84  5.00   98.0  100.00  0.52018E+10 304.8  -1.0 110.0  84.0  0.10459E+12 -0.10000E+01  0.53876E+10  0.40000E+09  35.1
  85  5.00   97.7  100.00  0.55354E+10 304.0  -1.0 110.0  83.9  0.10568E+12 -0.10000E+01  0.57375E+10  0.40000E+09  34.6
  86  5.00   97.3  100.00  0.58914E+10 303.2  -1.0 110.0  83.8  0.10678E+12 -0.10000E+01  0.61112E+10  0.40000E+09  34.1
  87  5.00   96.9  100.00  0.62713E+10 302.4  -1.0 110.0  83.8  0.10788E+12 -0.10000E+01  0.65099E+10  0.40000E+09  33.6
  88  5.00   96.6  100.00  0.66755E+10 301.5  -1.0 110.0  83.7  0.10899E+12 -0.10000E+01  0.69343E+10  0.40000E+09  33.1
  89  5.00   96.2  100.00  0.71049E+10 300.6  -1.0 110.0  83.6  0.11010E+12 -0.10000E+01  0.73853E+10  0.40000E+09  32.6
  90  5.00   95.9  100.00  0.75602E+10 299.7  -1.0 110.0  83.5  0.11122E+12 -0.10000E+01  0.78637E+10  0.40000E+09  32.2
  91  5.00   95.5  100.00  0.80420E+10 298.8  -1.0 110.0  83.5  0.11235E+12 -0.10000E+01  0.83699E+10  0.40000E+09  31.7
  92  5.00   95.2  100.00  0.85508E+10 297.8  -1.0 110.0  83.4  0.11348E+12 -0.10000E+01  0.89047E+10  0.40000E+09  31.3
  93  5.00   94.8  100.00  0.90868E+10 296.8  -1.0 110.0  83.3  0.11461E+12 -0.10000E+01  0.94681E+10  0.40000E+09  30.8
  94  5.00   94.5  100.00  0.96505E+10 295.8  -1.0 110.0  83.3  0.11576E+12 -0.10000E+01  0.10061E+11  0.40000E+09  30.4
  95  5.00   94.1  100.00  0.10242E+11 294.8  -1.0 110.0  83.2  0.11690E+12 -0.10000E+01  0.10682E+11  0.40000E+09  29.9
  96  5.00   93.8  100.00  0.10860E+11 293.7  -1.0 110.0  83.1  0.11806E+12 -0.10000E+01  0.11333E+11  0.40000E+09  29.5
  97  5.00   93.4  100.00  0.11506E+11 292.6  -1.0 110.0  83.1  0.11922E+12 -0.10000E+01  0.12012E+11  0.40000E+09  29.1
  98  5.00   93.1  100.00  0.12178E+11 291.5  -1.0 110.0  83.0  0.12038E+12 -0.10000E+01  0.12719E+11  0.40000E+09  28.7
  99  5.00   92.7  100.00  0.12875E+11 290.4  -1.0 110.0  83.0  0.12155E+12 -0.10000E+01  0.13453E+11  0.40000E+09  28.2
 100  5.00   92.4  100.00  0.13572E+11 289.3  -1.0 110.0  82.9  0.12273E+12 -0.10000E+01  0.14213E+11  0.40000E+09  27.8
 101  5.00   92.1  100.00  0.14266E+11 288.1  -1.0 110.0  82.8  0.12391E+12 -0.10000E+01  0.14997E+11  0.40000E+09  27.5
 102  5.00   91.7  100.00  0.14975E+11 287.0  -1.0 110.0  82.8  0.12509E+12 -0.10000E+01  0.15805E+11  0.40000E+09  27.1
 103  5.00   91.4  100.00  0.15698E+11 285.8  -1.0 110.0  82.7  0.12629E+12 -0.10000E+01  0.16635E+11  0.40000E+09  26.7
 104  5.00   91.1  100.00  0.16433E+11 284.6  -1.0 110.0  82.7  0.12749E+12 -0.10000E+01  0.17484E+11  0.40000E+09  26.3
 105  5.00   90.8  100.00  0.17178E+11 283.4  -1.0 110.0  82.6  0.12869E+12 -0.10000E+01  0.18350E+11  0.40000E+09  26.0
 106  5.00   90.4  100.00  0.17931E+11 282.8  -1.0 110.0  82.5  0.13077E+12 -0.10000E+01  0.19232E+11  0.40000E+09  25.7
 107  5.00   90.1  100.00  0.18690E+11 282.2  -1.0 110.0  82.5  0.13288E+12 -0.10000E+01  0.20127E+11  0.40000E+09  25.3
 108  5.00   89.8  100.00  0.19453E+11 281.7  -1.0 110.0  82.4  0.13499E+12 -0.10000E+01  0.21033E+11  0.40000E+09  25.0
 109  5.00   89.5  100.00  0.20218E+11 281.1  -1.0 110.0  82.4  0.13713E+12 -0.10000E+01  0.21947E+11  0.40000E+09  24.7
 110  5.00   89.2  100.00  0.20984E+11 280.6  -1.0 110.0  82.3  0.13928E+12 -0.10000E+01  0.22867E+11  0.40000E+09  24.4
 111  5.00   88.9  100.00  0.21748E+11 280.0  -1.0 110.0  82.3  0.14145E+12 -0.10000E+01  0.23791E+11  0.40000E+09  24.1
 112  5.00   88.6  100.00  0.22510E+11 279.5  -1.0 110.0  82.3  0.14363E+12 -0.10000E+01  0.24716E+11  0.40000E+09  23.8
 113  5.00   88.3  100.00  0.23266E+11 279.1  -1.0 110.0  82.2  0.14584E+12 -0.10000E+01  0.25641E+11  0.40000E+09  23.5
 114  5.00   88.0  100.00  0.24016E+11 278.6  -1.0 110.0  82.2  0.14805E+12 -0.10000E+01  0.26562E+11  0.40000E+09  23.2
 115  5.00   87.7  100.00  0.24758E+11 278.2  -1.0 110.0  82.1  0.15029E+12 -0.10000E+01  0.27478E+11  0.40000E+09  23.0
 116  5.00   87.4  100.00  0.25491E+11 277.7  -1.0 110.0  82.1  0.15254E+12 -0.10000E+01  0.28387E+11  0.40000E+09  22.7
 117  5.00   87.2  100.00  0.26213E+11 277.4  -1.0 110.0  82.0  0.15481E+12 -0.10000E+01  0.29288E+11  0.40000E+09  22.5
 118  5.00   86.9  100.00  0.26925E+11 277.0  -1.0 110.0  82.0  0.15709E+12 -0.10000E+01  0.30178E+11  0.40000E+09  22.3
 119  5.00   86.6  100.00  0.27624E+11 276.7  -1.0 110.0  82.0  0.15940E+12 -0.10000E+01  0.31057E+11  0.40000E+09  22.0
 120  5.00   86.3  100.00  0.28310E+11 276.4  -1.0 110.0  81.9  0.16172E+12 -0.10000E+01  0.31922E+11  0.40000E+09  21.8
 121  5.00   86.1  100.00  0.28982E+11 276.1  -1.0 110.0  81.9  0.16405E+12 -0.10000E+01  0.32773E+11  0.40000E+09  21.6
 122  5.00   85.8  100.00  0.29639E+11 275.9  -1.0 110.0  81.9  0.16640E+12 -0.10000E+01  0.33609E+11  0.40000E+09  21.4
 123  5.00   85.6  100.00  0.30282E+11 275.7  -1.0 110.0  81.8  0.16877E+12 -0.10000E+01  0.34429E+11  0.40000E+09  21.2
 124  5.00   85.3  100.00  0.30909E+11 275.5  -1.0 110.0  81.8  0.17116E+12 -0.10000E+01  0.35231E+11  0.40000E+09  21.0
 125  5.00   85.1  100.00  0.31520E+11 275.4  -1.0 110.0  81.8  0.17356E+12 -0.10000E+01  0.36015E+11  0.40000E+09  20.8
 126  5.00   84.9  100.00  0.32115E+11 275.3  -1.0 110.0  81.7  0.17598E+12 -0.10000E+01  0.36781E+11  0.40000E+09  20.7
 127  5.00   84.6  100.00  0.32694E+11 275.2  -1.0 110.0  81.7  0.17842E+12 -0.10000E+01  0.37528E+11  0.40000E+09  20.5
 128  5.00   84.4  100.00  0.33256E+11 275.2  -1.0 110.0  81.7  0.18087E+12 -0.10000E+01  0.38256E+11  0.40000E+09  20.3
 129  5.00   84.2  100.00  0.33802E+11 275.2  -1.0 110.0  81.7  0.18334E+12 -0.10000E+01  0.38963E+11  0.40000E+09  20.2
 130  5.00   84.0  100.00  0.34331E+11 275.2  -1.0 110.0  81.6  0.18583E+12 -0.10000E+01  0.39651E+11  0.40000E+09  20.0
 131  5.00   83.7  100.00  0.34843E+11 275.3  -1.0 110.0  81.6  0.18833E+12 -0.10000E+01  0.40318E+11  0.40000E+09  19.9
 132  5.00   83.5  100.00  0.35338E+11 275.3  -1.0 110.0  81.6  0.19085E+12 -0.10000E+01  0.40965E+11  0.40000E+09  19.7
 133  5.00   83.3  100.00  0.35817E+11 275.5  -1.0 110.0  81.6  0.19339E+12 -0.10000E+01  0.41591E+11  0.40000E+09  19.6
 134  5.00   83.2  100.00  0.36279E+11 275.6  -1.0 110.0  81.6  0.19594E+12 -0.10000E+01  0.42196E+11  0.40000E+09  19.5
 135  5.00   83.0  100.00  0.36724E+11 275.8  -1.0 110.0  81.5  0.19851E+12 -0.10000E+01  0.42780E+11  0.40000E+09  19.4
 136  5.00   82.8  100.00  0.37152E+11 275.5  -1.0 110.0  81.5  0.19976E+12 -0.10000E+01  0.43344E+11  0.40000E+09  19.3
 137  5.00   82.6  100.00  0.37564E+11 275.3  -1.0 110.0  81.5  0.20101E+12 -0.10000E+01  0.43886E+11  0.40000E+09  19.2
 138  5.00   82.4  100.00  0.37960E+11 275.2  -1.0 110.0  81.5  0.20226E+12 -0.10000E+01  0.44408E+11  0.40000E+09  19.1
 139  5.00   82.3  100.00  0.38339E+11 275.0  -1.0 110.0  81.5  0.20352E+12 -0.10000E+01  0.44909E+11  0.40000E+09  19.0
 140  5.00   82.1  100.00  0.38702E+11 274.9  -1.0 110.0  81.4  0.20478E+12 -0.10000E+01  0.45389E+11  0.40000E+09  18.9
 141  5.00   82.0  100.00  0.39049E+11 274.8  -1.0 110.0  81.4  0.20604E+12 -0.10000E+01  0.45849E+11  0.40000E+09  18.8
 142  5.00   81.8  100.00  0.39381E+11 274.7  -1.0 110.0  81.4  0.20731E+12 -0.10000E+01  0.46288E+11  0.40000E+09  18.7
 143  5.00   81.7  100.00  0.39697E+11 274.7  -1.0 110.0  81.4  0.20858E+12 -0.10000E+01  0.46707E+11  0.40000E+09  18.6
 144  5.00   81.5  100.00  0.39997E+11 274.6  -1.0 110.0  81.4  0.20986E+12 -0.10000E+01  0.47106E+11  0.40000E+09  18.5
 145  5.00   81.4  100.00  0.40282E+11 274.6  -1.0 110.0  81.4  0.21114E+12 -0.10000E+01  0.47484E+11  0.40000E+09  18.5
 146  5.00   81.3  100.00  0.40552E+11 274.6  -1.0 110.0  81.4  0.21242E+12 -0.10000E+01  0.47843E+11  0.40000E+09  18.4
 147  5.00   81.2  100.00  0.40807E+11 274.7  -1.0 110.0  81.4  0.21371E+12 -0.10000E+01  0.48181E+11  0.40000E+09  18.3
 148  5.00   81.1  100.00  0.41047E+11 274.7  -1.0 110.0  81.3  0.21500E+12 -0.10000E+01  0.48500E+11  0.40000E+09  18.3
 149  5.00   81.0  100.00  0.41272E+11 274.8  -1.0 110.0  81.3  0.21630E+12 -0.10000E+01  0.48800E+11  0.40000E+09  18.2
 150  5.00   80.9  100.00  0.41483E+11 274.9  -1.0 110.0  81.3  0.21760E+12 -0.10000E+01  0.49080E+11  0.40000E+09  18.1
 151  5.00   80.8  100.00  0.41679E+11 275.0  -1.0 110.0  81.3  0.21890E+12 -0.10000E+01  0.49341E+11  0.40000E+09  18.1
 152  5.00   80.7  100.00  0.41862E+11 275.1  -1.0 110.0  81.3  0.22021E+12 -0.10000E+01  0.49584E+11  0.40000E+09  18.0
 153  5.00   80.6  100.00  0.42030E+11 275.3  -1.0 110.0  81.3  0.22152E+12 -0.10000E+01  0.49807E+11  0.40000E+09  18.0
 154  5.00   80.5  100.00  0.42184E+11 275.4  -1.0 110.0  81.3  0.22284E+12 -0.10000E+01  0.50011E+11  0.40000E+09  18.0
 155  5.00   80.5  100.00  0.42325E+11 275.6  -1.0 110.0  81.3  0.22416E+12 -0.10000E+01  0.50197E+11  0.40000E+09  17.9
 156  5.00   80.4  100.00  0.42452E+11 275.8  -1.0 110.0  81.3  0.22548E+12 -0.10000E+01  0.50365E+11  0.40000E+09  17.9
 157  5.00   80.3  100.00  0.42566E+11 276.0  -1.0 110.0  81.3  0.22681E+12 -0.10000E+01  0.50515E+11  0.40000E+09  17.8
 158  5.00   80.3  100.00  0.42666E+11 276.3  -1.0 110.0  81.3  0.22814E+12 -0.10000E+01  0.50647E+11  0.40000E+09  17.8
 159  5.00   80.3  100.00  0.42753E+11 276.5  -1.0 110.0  81.3  0.22947E+12 -0.10000E+01  0.50761E+11  0.40000E+09  17.8
 160  5.00   80.2  100.00  0.42827E+11 276.8  -1.0 110.0  81.3  0.23081E+12 -0.10000E+01  0.50857E+11  0.40000E+09  17.8
 161  5.00   80.2  100.00  0.42889E+11 277.0  -1.0 110.0  81.3  0.23215E+12 -0.10000E+01  0.50936E+11  0.40000E+09  17.7
 162  5.00   80.2  100.00  0.42937E+11 277.3  -1.0 110.0  81.3  0.23350E+12 -0.10000E+01  0.50997E+11  0.40000E+09  17.7
 163  5.00   80.1  100.00  0.42973E+11 277.6  -1.0 110.0  81.3  0.23485E+12 -0.10000E+01  0.51041E+11  0.40000E+09  17.7
 164  5.00   80.1  100.00  0.42996E+11 277.9  -1.0 110.0  81.3  0.23620E+12 -0.10000E+01  0.51069E+11  0.40000E+09  17.7
 165  5.00   80.1  100.00  0.43007E+11 278.3  -1.0 110.0  81.3  0.23756E+12 -0.10000E+01  0.51079E+11  0.40000E+09  17.7
 166  5.00   80.1  100.00  0.43006E+11 278.6  -1.0 110.0  81.2  0.23892E+12 -0.10000E+01  0.51073E+11  0.40000E+09  17.7
 167  5.00   80.1  100.00  0.42992E+11 278.3  -1.0 110.0  81.2  0.23749E+12 -0.10000E+01  0.51051E+11  0.40000E+09  17.6
 168  5.00   80.1  100.00  0.42967E+11 278.1  -1.0 110.0  81.2  0.23607E+12 -0.10000E+01  0.51011E+11  0.40000E+09  17.6
 169  5.00   80.2  100.00  0.42929E+11 277.8  -1.0 110.0  81.2  0.23465E+12 -0.10000E+01  0.50956E+11  0.40000E+09  17.6
 170  5.00   80.2  100.00  0.42879E+11 277.6  -1.0 110.0  81.2  0.23323E+12 -0.10000E+01  0.50885E+11  0.40000E+09  17.6
 171  5.00   80.2  100.00  0.42818E+11 277.4  -1.0 110.0  81.2  0.23182E+12 -0.10000E+01  0.50797E+11  0.40000E+09  17.6
 172  5.00   80.2  100.00  0.42744E+11 277.2  -1.0 110.0  81.2  0.23041E+12 -0.10000E+01  0.50694E+11  0.40000E+09  17.6
 173  5.00   80.3  100.00  0.42659E+11 277.0  -1.0 110.0  81.3  0.22900E+12 -0.10000E+01  0.50575E+11  0.40000E+09  17.7
 174  5.00   80.3  100.00  0.42563E+11 276.8  -1.0 110.0  81.3  0.22760E+12 -0.10000E+01  0.50441E+11  0.40000E+09  17.7
 175  5.00   80.4  100.00  0.42455E+11 276.6  -1.0 110.0  81.3  0.22620E+12 -0.10000E+01  0.50291E+11  0.40000E+09  17.7
 176  5.00   80.4  100.00  0.42335E+11 276.4  -1.0 110.0  81.3  0.22481E+12 -0.10000E+01  0.50126E+11  0.40000E+09  17.7
 177  5.00   80.5  100.00  0.42204E+11 276.3  -1.0 110.0  81.3  0.22343E+12 -0.10000E+01  0.49946E+11  0.40000E+09  17.7
 178  5.00   80.6  100.00  0.42062E+11 276.2  -1.0 110.0  81.3  0.22204E+12 -0.10000E+01  0.49751E+11  0.40000E+09  17.7
 179  5.00   80.6  100.00  0.41908E+11 276.0  -1.0 110.0  81.3  0.22066E+12 -0.10000E+01  0.49541E+11  0.40000E+09  17.8
 180  5.00   80.7  100.00  0.41743E+11 275.9  -1.0 110.0  81.3  0.21929E+12 -0.10000E+01  0.49316E+11  0.40000E+09  17.8
 181  5.00   80.8  100.00  0.41567E+11 275.9  -1.0 110.0  81.3  0.21792E+12 -0.10000E+01  0.49076E+11  0.40000E+09  17.8
 182  5.00   80.9  100.00  0.41380E+11 275.8  -1.0 110.0  81.3  0.21655E+12 -0.10000E+01  0.48822E+11  0.40000E+09  17.9
 183  5.00   80.9  100.00  0.41181E+11 275.7  -1.0 110.0  81.3  0.21519E+12 -0.10000E+01  0.48553E+11  0.40000E+09  17.9
 184  5.00   81.0  100.00  0.40971E+11 275.7  -1.0 110.0  81.3  0.21383E+12 -0.10000E+01  0.48269E+11  0.40000E+09  17.9
 185  5.00   81.1  100.00  0.40751E+11 275.6  -1.0 110.0  81.3  0.21248E+12 -0.10000E+01  0.47971E+11  0.40000E+09  18.0
 186  5.00   81.2  100.00  0.40519E+11 275.6  -1.0 110.0  81.3  0.21113E+12 -0.10000E+01  0.47659E+11  0.40000E+09  18.0
 187  5.00   81.3  100.00  0.40276E+11 275.6  -1.0 110.0  81.3  0.20979E+12 -0.10000E+01  0.47333E+11  0.40000E+09  18.1
 188  5.00   81.5  100.00  0.40022E+11 275.6  -1.0 110.0  81.3  0.20845E+12 -0.10000E+01  0.46992E+11  0.40000E+09  18.1
 189  5.00   81.6  100.00  0.39757E+11 275.6  -1.0 110.0  81.3  0.20711E+12 -0.10000E+01  0.46638E+11  0.40000E+09  18.2
 190  5.00   81.7  100.00  0.39481E+11 275.7  -1.0 110.0  81.4  0.20578E+12 -0.10000E+01  0.46270E+11  0.40000E+09  18.2
 191  5.00   81.8  100.00  0.39195E+11 275.7  -1.0 110.0  81.4  0.20445E+12 -0.10000E+01  0.45887E+11  0.40000E+09  18.3
 192  5.00   82.0  100.00  0.38897E+11 275.8  -1.0 110.0  81.4  0.20313E+12 -0.10000E+01  0.45491E+11  0.40000E+09  18.4
 193  5.00   82.1  100.00  0.38588E+11 275.9  -1.0 110.0  81.4  0.20181E+12 -0.10000E+01  0.45081E+11  0.40000E+09  18.4
 194  5.00   82.2  100.00  0.38269E+11 276.0  -1.0 110.0  81.4  0.20049E+12 -0.10000E+01  0.44658E+11  0.40000E+09  18.5
 195  5.00   82.4  100.00  0.37938E+11 276.1  -1.0 110.0  81.4  0.19918E+12 -0.10000E+01  0.44221E+11  0.40000E+09  18.6
 196  5.00   82.5  100.00  0.37597E+11 276.3  -1.0 110.0  81.4  0.19788E+12 -0.10000E+01  0.43771E+11  0.40000E+09  18.7
 197  5.00   82.7  100.00  0.37246E+11 276.1  -1.0 110.0  81.4  0.19633E+12 -0.10000E+01  0.43309E+11  0.40000E+09  18.7
 198  5.00   82.8  100.00  0.36883E+11 275.9  -1.0 110.0  81.5  0.19478E+12 -0.10000E+01  0.42833E+11  0.40000E+09  18.8
 199  5.00   83.0  100.00  0.36511E+11 275.8  -1.0 110.0  81.5  0.19325E+12 -0.10000E+01  0.42345E+11  0.40000E+09  18.9
 200  5.00   83.1  100.00  0.36127E+11 275.6  -1.0 110.0  81.5  0.19172E+12 -0.10000E+01  0.41843E+11  0.40000E+09  19.0
 201  5.00   83.3  100.00  0.35733E+11 275.5  -1.0 110.0  81.5  0.19019E+12 -0.10000E+01  0.41329E+11  0.40000E+09  19.1
 202  5.00   83.5  100.00  0.35329E+11 275.4  -1.0 110.0  81.5  0.18867E+12 -0.10000E+01  0.40802E+11  0.40000E+09  19.2
 203  5.00   83.6  100.00  0.34914E+11 275.3  -1.0 110.0  81.5  0.18716E+12 -0.10000E+01  0.40263E+11  0.40000E+09  19.3
 204  5.00   83.8  100.00  0.34488E+11 275.3  -1.0 110.0  81.6  0.18565E+12 -0.10000E+01  0.39711E+11  0.40000E+09  19.5
 205  5.00   84.0  100.00  0.34053E+11 275.2  -1.0 110.0  81.6  0.18415E+12 -0.10000E+01  0.39148E+11  0.40000E+09  19.6
 206  5.00   84.2  100.00  0.33607E+11 275.2  -1.0 110.0  81.6  0.18266E+12 -0.10000E+01  0.38573E+11  0.40000E+09  19.7
 207  5.00   84.3  100.00  0.33151E+11 275.2  -1.0 110.0  81.6  0.18117E+12 -0.10000E+01  0.37986E+11  0.40000E+09  19.8
 208  5.00   84.5  100.00  0.32686E+11 275.2  -1.0 110.0  81.6  0.17969E+12 -0.10000E+01  0.37388E+11  0.40000E+09  20.0
 209  5.00   84.7  100.00  0.32211E+11 275.2  -1.0 110.0  81.7  0.17821E+12 -0.10000E+01  0.36779E+11  0.40000E+09  20.1
 210  5.00   84.9  100.00  0.31727E+11 275.2  -1.0 110.0  81.7  0.17674E+12 -0.10000E+01  0.36160E+11  0.40000E+09  20.3
 211  5.00   85.1  100.00  0.31233E+11 275.3  -1.0 110.0  81.7  0.17528E+12 -0.10000E+01  0.35530E+11  0.40000E+09  20.4
 212  5.00   85.3  100.00  0.30731E+11 275.3  -1.0 110.0  81.7  0.17382E+12 -0.10000E+01  0.34891E+11  0.40000E+09  20.6
 213  5.00   85.5  100.00  0.30219E+11 275.4  -1.0 110.0  81.8  0.17237E+12 -0.10000E+01  0.34242E+11  0.40000E+09  20.7
 214  5.00   85.7  100.00  0.29700E+11 275.5  -1.0 110.0  81.8  0.17092E+12 -0.10000E+01  0.33585E+11  0.40000E+09  20.9
 215  5.00   85.9  100.00  0.29172E+11 275.6  -1.0 110.0  81.8  0.16948E+12 -0.10000E+01  0.32919E+11  0.40000E+09  21.1
 216  5.00   86.1  100.00  0.28637E+11 275.7  -1.0 110.0  81.9  0.16805E+12 -0.10000E+01  0.32245E+11  0.40000E+09  21.2
 217  5.00   86.3  100.00  0.28094E+11 275.9  -1.0 110.0  81.9  0.16662E+12 -0.10000E+01  0.31564E+11  0.40000E+09  21.4
 218  5.00   86.5  100.00  0.27545E+11 276.0  -1.0 110.0  81.9  0.16520E+12 -0.10000E+01  0.30877E+11  0.40000E+09  21.6
 219  5.00   86.8  100.00  0.26989E+11 276.2  -1.0 110.0  81.9  0.16379E+12 -0.10000E+01  0.30184E+11  0.40000E+09  21.8
 220  5.00   87.0  100.00  0.26427E+11 276.4  -1.0 110.0  82.0  0.16238E+12 -0.10000E+01  0.29485E+11  0.40000E+09  22.0
 221  5.00   87.2  100.00  0.25860E+11 276.6  -1.0 110.0  82.0  0.16097E+12 -0.10000E+01  0.28782E+11  0.40000E+09  22.2
 222  5.00   87.4  100.00  0.25288E+11 276.8  -1.0 110.0  82.0  0.15958E+12 -0.10000E+01  0.28075E+11  0.40000E+09  22.4
 223  5.00   87.6  100.00  0.24712E+11 277.0  -1.0 110.0  82.1  0.15819E+12 -0.10000E+01  0.27366E+11  0.40000E+09  22.6
 224  5.00   87.9  100.00  0.24132E+11 277.2  -1.0 110.0  82.1  0.15680E+12 -0.10000E+01  0.26654E+11  0.40000E+09  22.8
 225  5.00   88.1  100.00  0.23549E+11 277.4  -1.0 110.0  82.1  0.15542E+12 -0.10000E+01  0.25941E+11  0.40000E+09  23.0
 226  5.00   88.3  100.00  0.22964E+11 277.6  -1.0 110.0  82.2  0.15405E+12 -0.10000E+01  0.25229E+11  0.40000E+09  23.3
 227  5.00   88.5  100.00  0.22378E+11 277.9  -1.0 110.0  82.2  0.15268E+12 -0.10000E+01  0.24517E+11  0.40000E+09  23.5
 228  5.00   88.8  100.00  0.21791E+11 278.3  -1.0 110.0  82.3  0.15114E+12 -0.10000E+01  0.23807E+11  0.40000E+09  23.7
 229  5.00   89.0  100.00  0.21203E+11 278.8  -1.0 110.0  82.3  0.14961E+12 -0.10000E+01  0.23100E+11  0.40000E+09  24.0
 230  5.00   89.2  100.00  0.20617E+11 279.3  -1.0 110.0  82.3  0.14809E+12 -0.10000E+01  0.22397E+11  0.40000E+09  24.2
 231  5.00   89.5  100.00  0.20032E+11 279.7  -1.0 110.0  82.4  0.14657E+12 -0.10000E+01  0.21699E+11  0.40000E+09  24.5
 232  5.00   89.7  100.00  0.19449E+11 280.2  -1.0 110.0  82.4  0.14506E+12 -0.10000E+01  0.21006E+11  0.40000E+09  24.7
 233  5.00   89.9  100.00  0.18869E+11 280.7  -1.0 110.0  82.5  0.14356E+12 -0.10000E+01  0.20320E+11  0.40000E+09  25.0
 234  5.00   90.2  100.00  0.18293E+11 281.2  -1.0 110.0  82.5  0.14207E+12 -0.10000E+01  0.19641E+11  0.40000E+09  25.3
 235  5.00   90.4  100.00  0.17721E+11 281.7  -1.0 110.0  82.5  0.14058E+12 -0.10000E+01  0.18972E+11  0.40000E+09  25.5
 236  5.00   90.7  100.00  0.17155E+11 282.2  -1.0 110.0  82.6  0.13911E+12 -0.10000E+01  0.18311E+11  0.40000E+09  25.8
 237  5.00   90.9  100.00  0.16595E+11 282.6  -1.0 110.0  82.6  0.13764E+12 -0.10000E+01  0.17661E+11  0.40000E+09  26.1
 238  5.00   91.1  100.00  0.16042E+11 283.1  -1.0 110.0  82.7  0.13618E+12 -0.10000E+01  0.17023E+11  0.40000E+09  26.4
 239  5.00   91.4  100.00  0.15497E+11 283.6  -1.0 110.0  82.7  0.13472E+12 -0.10000E+01  0.16396E+11  0.40000E+09  26.7
 240  5.00   91.6  100.00  0.14960E+11 284.1  -1.0 110.0  82.8  0.13328E+12 -0.10000E+01  0.15782E+11  0.40000E+09  27.0
 241  5.00   91.9  100.00  0.14432E+11 284.5  -1.0 110.0  82.8  0.13184E+12 -0.10000E+01  0.15181E+11  0.40000E+09  27.3
 242  5.00   92.1  100.00  0.13913E+11 285.0  -1.0 110.0  82.8  0.13041E+12 -0.10000E+01  0.14594E+11  0.40000E+09  27.6
 243  5.00   92.4  100.00  0.13405E+11 285.4  -1.0 110.0  82.9  0.12899E+12 -0.10000E+01  0.14021E+11  0.40000E+09  27.9
 244  5.00   92.6  100.00  0.12887E+11 285.9  -1.0 110.0  82.9  0.12757E+12 -0.10000E+01  0.13463E+11  0.40000E+09  28.2
 245  5.00   92.9  100.00  0.12371E+11 286.3  -1.0 110.0  83.0  0.12616E+12 -0.10000E+01  0.12920E+11  0.40000E+09  28.5
 246  5.00   93.1  100.00  0.11869E+11 286.7  -1.0 110.0  83.0  0.12477E+12 -0.10000E+01  0.12393E+11  0.40000E+09  28.8
 247  5.00   93.4  100.00  0.11383E+11 287.1  -1.0 110.0  83.1  0.12337E+12 -0.10000E+01  0.11881E+11  0.40000E+09  29.1
 248  5.00   93.6  100.00  0.10912E+11 287.6  -1.0 110.0  83.1  0.12199E+12 -0.10000E+01  0.11386E+11  0.40000E+09  29.4
 249  5.00   93.9  100.00  0.10455E+11 288.0  -1.0 110.0  83.2  0.12061E+12 -0.10000E+01  0.10906E+11  0.40000E+09  29.7
 250  5.00   94.1  100.00  0.10014E+11 288.3  -1.0 110.0  83.2  0.11925E+12 -0.10000E+01  0.10443E+11  0.40000E+09  30.1
 251  5.00   94.4  100.00  0.95888E+10 288.7  -1.0 110.0  83.3  0.11789E+12 -0.10000E+01  0.99953E+10  0.40000E+09  30.4
 252  5.00   94.7  100.00  0.91783E+10 289.1  -1.0 110.0  83.3  0.11653E+12 -0.10000E+01  0.95639E+10  0.40000E+09  30.7
 253  5.00   94.9  100.00  0.87829E+10 289.4  -1.0 110.0  83.4  0.11519E+12 -0.10000E+01  0.91483E+10  0.40000E+09  31.1
 254  5.00   95.2  100.00  0.84024E+10 289.8  -1.0 110.0  83.4  0.11385E+12 -0.10000E+01  0.87483E+10  0.40000E+09  31.4
 255  5.00   95.4  100.00  0.80366E+10 290.1  -1.0 110.0  83.5  0.11252E+12 -0.10000E+01  0.83640E+10  0.40000E+09  31.7
 256  5.00   95.7  100.00  0.76854E+10 290.5  -1.0 110.0  83.5  0.11120E+12 -0.10000E+01  0.79950E+10  0.40000E+09  32.1
 257  5.00   95.9  100.00  0.73484E+10 290.8  -1.0 110.0  83.6  0.10989E+12 -0.10000E+01  0.76409E+10  0.40000E+09  32.4
 258  5.00   96.2  100.00  0.70253E+10 291.1  -1.0 110.0  83.6  0.10858E+12 -0.10000E+01  0.73015E+10  0.40000E+09  32.8
 259  5.00   96.5  100.00  0.67162E+10 291.8  -1.0 110.0  83.7  0.10751E+12 -0.10000E+01  0.69768E+10  0.40000E+09  33.1
 260  5.00   96.7  100.00  0.64203E+10 292.5  -1.0 110.0  83.7  0.10645E+12 -0.10000E+01  0.66661E+10  0.40000E+09  33.4
 261  5.00   97.0  100.00  0.61374E+10 293.1  -1.0 110.0  83.8  0.10539E+12 -0.10000E+01  0.63691E+10  0.40000E+09  33.8
 262  5.00   97.2  100.00  0.58672E+10 293.8  -1.0 110.0  83.8  0.10433E+12 -0.10000E+01  0.60855E+10  0.40000E+09  34.1
 263  5.00   97.5  100.00  0.56092E+10 294.5  -1.0 110.0  83.9  0.10328E+12 -0.10000E+01  0.58147E+10  0.40000E+09  34.5
 264  5.00   97.8  100.00  0.53633E+10 295.1  -1.0 110.0  83.9  0.10224E+12 -0.10000E+01  0.55566E+10  0.40000E+09  34.8
 265  5.00   98.0  100.00  0.51290E+10 295.7  -1.0 110.0  84.0  0.10120E+12 -0.10000E+01  0.53109E+10  0.40000E+09  35.2
 266  5.00   98.3  100.00  0.49057E+10 296.4  -1.0 110.0  84.0  0.10017E+12 -0.10000E+01  0.50767E+10  0.40000E+09  35.6
 267  5.00   98.5  100.00  0.46933E+10 297.0  -1.0 110.0  84.1  0.99137E+11 -0.10000E+01  0.48539E+10  0.40000E+09  35.9
 268  5.00   98.8  100.00  0.44915E+10 297.6  -1.0 110.0  84.1  0.98114E+11 -0.10000E+01  0.46424E+10  0.40000E+09  36.3
 269  5.00   99.1  100.00  0.42996E+10 298.2  -1.0 110.0  84.2  0.97096E+11 -0.10000E+01  0.44413E+10  0.40000E+09  36.6
 270  5.00   99.3  100.00  0.41174E+10 298.8  -1.0 110.0  84.2  0.96084E+11 -0.10000E+01  0.42504E+10  0.40000E+09  37.0
 271  5.00   99.6  100.00  0.39446E+10 299.4  -1.0 110.0  84.3  0.95077E+11 -0.10000E+01  0.40694E+10  0.40000E+09  37.3
 272  5.00   99.8  100.00  0.37809E+10 299.9  -1.0 110.0  84.3  0.94075E+11 -0.10000E+01  0.38980E+10  0.40000E+09  37.7
 273  5.00  100.1  100.00  0.36258E+10 300.5  -1.0 110.0  84.4  0.93078E+11 -0.10000E+01  0.37356E+10  0.40000E+09  38.1
 274  5.00  100.4  100.00  0.34790E+10 301.1  -1.0 110.0  84.4  0.92087E+11 -0.10000E+01  0.35820E+10  0.40000E+09  38.4
 275  5.00  100.6  100.00  0.33401E+10 301.6  -1.0 110.0  84.5  0.91101E+11 -0.10000E+01  0.34367E+10  0.40000E+09  38.8
 276  5.00  100.9  100.00  0.32089E+10 302.1  -1.0 110.0  84.5  0.90120E+11 -0.10000E+01  0.32994E+10  0.40000E+09  39.1
 277  5.00  101.2  100.00  0.30851E+10 302.7  -1.0 110.0  84.6  0.89145E+11 -0.10000E+01  0.31700E+10  0.40000E+09  39.5
 278  5.00  101.4  100.00  0.29682E+10 303.2  -1.0 110.0  84.7  0.88175E+11 -0.10000E+01  0.30478E+10  0.40000E+09  39.9
 279  5.00  101.7  100.00  0.28581E+10 303.7  -1.0 110.0  84.7  0.87210E+11 -0.10000E+01  0.29328E+10  0.40000E+09  40.2
 280  5.00  102.0  100.00  0.27543E+10 304.2  -1.0 110.0  84.8  0.86251E+11 -0.10000E+01  0.28243E+10  0.40000E+09  40.6
 281  5.00  102.2  100.00  0.26567E+10 304.7  -1.0 110.0  84.8  0.85297E+11 -0.10000E+01  0.27224E+10  0.40000E+09  40.9
 282  5.00  102.5  100.00  0.25649E+10 305.2  -1.0 110.0  84.9  0.84349E+11 -0.10000E+01  0.26266E+10  0.40000E+09  41.3
 283  5.00  102.7  100.00  0.24788E+10 305.7  -1.0 110.0  84.9  0.83405E+11 -0.10000E+01  0.25367E+10  0.40000E+09  41.6
 284  5.00  103.0  100.00  0.23979E+10 306.1  -1.0 110.0  85.0  0.82467E+11 -0.10000E+01  0.24523E+10  0.40000E+09  42.0
 285  5.00  103.3  100.00  0.23222E+10 306.6  -1.0 110.0  85.0  0.81534E+11 -0.10000E+01  0.23734E+10  0.40000E+09  42.3
 286  5.00  103.5  100.00  0.22511E+10 307.0  -1.0 110.0  85.1  0.80606E+11 -0.10000E+01  0.22992E+10  0.40000E+09  42.7
 287  5.00  103.8  100.00  0.21846E+10 307.5  -1.0 110.0  85.1  0.79684E+11 -0.10000E+01  0.22300E+10  0.40000E+09  43.1
 288  5.00  104.0  100.00  0.21225E+10 307.9  -1.0 110.0  85.2  0.78767E+11 -0.10000E+01  0.21652E+10  0.40000E+09  43.4
 289  5.00  104.3  100.00  0.20645E+10 308.0  -1.0 110.0  85.2  0.77959E+11 -0.10000E+01  0.21048E+10  0.40000E+09  43.7
 290  5.00  104.6  100.00  0.20104E+10 308.1  -1.0 110.0  85.2  0.77154E+11 -0.10000E+01  0.20485E+10  0.40000E+09  44.1
 291  5.00  104.8  100.00  0.19599E+10 308.2  -1.0 110.0  85.3  0.76354E+11 -0.10000E+01  0.19959E+10  0.40000E+09  44.4
 292  5.00  105.1  100.00  0.19130E+10 308.2  -1.0 110.0  85.3  0.75558E+11 -0.10000E+01  0.19471E+10  0.40000E+09  44.8
 293  5.00  105.3  100.00  0.19078E+10 308.2  -1.0 110.0  85.4  0.74766E+11 -0.10000E+01  0.19421E+10  0.40000E+09  45.1
 294  5.00  105.6  100.00  0.19072E+10 308.1  -1.0 110.0  85.4  0.73979E+11 -0.10000E+01  0.19418E+10  0.40000E+09  45.4
 295  5.00  105.8  100.00  0.19065E+10 308.1  -1.0 110.0  85.5  0.73195E+11 -0.10000E+01  0.19415E+10  0.40000E+09  45.8
 296  5.00  106.1  100.00  0.19059E+10 308.0  -1.0 110.0  85.5  0.72416E+11 -0.10000E+01  0.19413E+10  0.40000E+09  46.1
 297  5.00  106.4  100.00  0.19052E+10 307.9  -1.0 110.0  85.6  0.71641E+11 -0.10000E+01  0.19410E+10  0.40000E+09  46.4
 298  5.00  106.6  100.00  0.19046E+10 307.9  -1.0 110.0  85.6  0.70870E+11 -0.10000E+01  0.19407E+10  0.40000E+09  46.8
 299  5.00  106.9  100.00  0.19039E+10 307.8  -1.0 110.0  85.7  0.70103E+11 -0.10000E+01  0.19404E+10  0.40000E+09  47.1
 300  5.00  107.1  100.00  0.19032E+10 307.7  -1.0 110.0  85.7  0.69341E+11 -0.10000E+01  0.19401E+10  0.40000E+09  47.4
 301  5.00  107.4  100.00  0.19026E+10 307.7  -1.0 110.0  85.7  0.68582E+11 -0.10000E+01  0.19399E+10  0.40000E+09  47.7
 302  5.00  107.6  100.00  0.19019E+10 307.6  -1.0 110.0  85.8  0.67828E+11 -0.10000E+01  0.19396E+10  0.40000E+09  48.0
 303  5.00  107.9  100.00  0.19013E+10 307.5  -1.0 110.0  85.8  0.67078E+11 -0.10000E+01  0.19393E+10  0.40000E+09  48.3
 304  5.00  108.1  100.00  0.19006E+10 307.5  -1.0 110.0  85.9  0.66332E+11 -0.10000E+01  0.19390E+10  0.40000E+09  48.7
 305  5.00  108.3  100.00  0.19000E+10 307.4  -1.0 110.0  85.9  0.65591E+11 -0.10000E+01  0.19387E+10  0.40000E+09  49.0
 306  5.00  108.6  100.00  0.18993E+10 307.3  -1.0 110.0  86.0  0.64853E+11 -0.10000E+01  0.19385E+10  0.40000E+09  49.3
 307  5.00  108.8  100.00  0.18986E+10 307.3  -1.0 110.0  86.0  0.64120E+11 -0.10000E+01  0.19382E+10  0.40000E+09  49.6
 308  5.00  109.1  100.00  0.18980E+10 307.2  -1.0 110.0  86.0  0.63391E+11 -0.10000E+01  0.19379E+10  0.40000E+09  49.8
 309  5.00  109.3  100.00  0.18973E+10 307.1  -1.0 110.0  86.1  0.62666E+11 -0.10000E+01  0.19376E+10  0.40000E+09  50.1
 310  5.00  109.5  100.00  0.18967E+10 307.0  -1.0 110.0  86.1  0.61945E+11 -0.10000E+01  0.19374E+10  0.40000E+09  50.4
 311  5.00  109.8  100.00  0.18960E+10 307.0  -1.0 110.0  86.1  0.61228E+11 -0.10000E+01  0.19371E+10  0.40000E+09  50.7
 312  5.00  110.0  100.00  0.18954E+10 306.9  -1.0 110.0  86.2  0.60516E+11 -0.10000E+01  0.19368E+10  0.40000E+09  51.0
 313  5.00  110.2  100.00  0.18948E+10 306.8  -1.0 110.0  86.2  0.59807E+11 -0.10000E+01  0.19365E+10  0.40000E+09  51.2
 314  5.00  110.5  100.00  0.18941E+10 306.7  -1.0 110.0  86.3  0.59103E+11 -0.10000E+01  0.19362E+10  0.40000E+09  51.5
 315  5.00  110.7  100.00  0.18935E+10 306.6  -1.0 110.0  86.3  0.58403E+11 -0.10000E+01  0.19360E+10  0.40000E+09  51.8
 316  5.00  110.9  100.00  0.18929E+10 306.6  -1.0 110.0  86.3  0.57708E+11 -0.10000E+01  0.19357E+10  0.40000E+09  52.0
 317  5.00  111.1  100.00  0.18922E+10 306.5  -1.0 110.0  86.4  0.57016E+11 -0.10000E+01  0.19354E+10  0.40000E+09  52.3
 318  5.00  111.4  100.00  0.18916E+10 306.4  -1.0 110.0  86.4  0.56328E+11 -0.10000E+01  0.19351E+10  0.40000E+09  52.5
 319  5.00  111.6  100.00  0.18910E+10 306.3  -1.0 110.0  86.4  0.55645E+11 -0.10000E+01  0.19348E+10  0.40000E+09  52.8
 320  5.00  111.8  100.00  0.18903E+10 306.2  -1.0 110.0  86.4  0.55401E+11 -0.10000E+01  0.19345E+10  0.40000E+09  53.0
 321  5.00  112.0  100.00  0.18896E+10 306.2  -1.0 110.0  86.5  0.55157E+11 -0.10000E+01  0.19341E+10  0.40000E+09  53.2
 322  5.00  112.2  100.00  0.18889E+10 306.1  -1.0 110.0  86.5  0.54913E+11 -0.10000E+01  0.19337E+10  0.40000E+09  53.4
 323  5.00  112.4  100.00  0.18882E+10 306.0  -1.0 110.0  86.5  0.54670E+11 -0.10000E+01  0.19333E+10  0.40000E+09  53.7
 324  5.00  112.6  100.00  0.18875E+10 305.9  -1.0 110.0  86.6  0.54428E+11 -0.10000E+01  0.19329E+10  0.40000E+09  53.9
 325  5.00  112.8  100.00  0.18868E+10 305.9  -1.0 110.0  86.6  0.54186E+11 -0.10000E+01  0.19325E+10  0.40000E+09  54.1
 326  5.00  113.0  100.00  0.18861E+10 305.8  -1.0 110.0  86.6  0.53945E+11 -0.10000E+01  0.19322E+10  0.40000E+09  54.3
 327  5.00  113.2  100.00  0.18855E+10 305.7  -1.0 110.0  86.6  0.53704E+11 -0.10000E+01  0.19318E+10  0.40000E+09  54.5
 328  5.00  113.4  100.00  0.18848E+10 305.6  -1.0 110.0  86.7  0.53464E+11 -0.10000E+01  0.19314E+10  0.40000E+09  54.7
 329  5.00  113.6  100.00  0.18842E+10 305.6  -1.0 110.0  86.7  0.53225E+11 -0.10000E+01  0.19310E+10  0.40000E+09  54.9
 330  5.00  113.8  100.00  0.18835E+10 305.5  -1.0 110.0  86.7  0.52986E+11 -0.10000E+01  0.19306E+10  0.40000E+09  55.1
 331  5.00  114.0  100.00  0.18829E+10 305.4  -1.0 110.0  86.7  0.52747E+11 -0.10000E+01  0.19302E+10  0.40000E+09  55.3
 332  5.00  114.2  100.00  0.18822E+10 305.3  -1.0 110.0  86.8  0.52509E+11 -0.10000E+01  0.19298E+10  0.40000E+09  55.4
 333  5.00  114.4  100.00  0.18816E+10 305.3  -1.0 110.0  86.8  0.52272E+11 -0.10000E+01  0.19295E+10  0.40000E+09  55.6
 334  5.00  114.5  100.00  0.18810E+10 305.2  -1.0 110.0  86.8  0.52035E+11 -0.10000E+01  0.19291E+10  0.40000E+09  55.8
 335  5.00  114.7  100.00  0.18804E+10 305.1  -1.0 110.0  86.8  0.51798E+11 -0.10000E+01  0.19287E+10  0.40000E+09  55.9
 336  5.00  114.9  100.00  0.18798E+10 305.0  -1.0 110.0  86.8  0.51563E+11 -0.10000E+01  0.19283E+10  0.40000E+09  56.1
 337  5.00  115.1  100.00  0.18792E+10 305.0  -1.0 110.0  86.9  0.51327E+11 -0.10000E+01  0.19279E+10  0.40000E+09  56.2
 338  5.00  115.2  100.00  0.18786E+10 304.9  -1.0 110.0  86.9  0.51092E+11 -0.10000E+01  0.19275E+10  0.40000E+09  56.4
 339  5.00  115.4  100.00  0.18780E+10 304.8  -1.0 110.0  86.9  0.50858E+11 -0.10000E+01  0.19272E+10  0.40000E+09  56.5
 340  5.00  115.5  100.00  0.18774E+10 304.7  -1.0 110.0  86.9  0.50625E+11 -0.10000E+01  0.19268E+10  0.40000E+09  56.6
 341  5.00  115.7  100.00  0.18769E+10 304.7  -1.0 110.0  86.9  0.50391E+11 -0.10000E+01  0.19264E+10  0.40000E+09  56.8
 342  5.00  115.8  100.00  0.18763E+10 304.6  -1.0 110.0  87.0  0.50159E+11 -0.10000E+01  0.19260E+10  0.40000E+09  56.9
 343  5.00  115.9  100.00  0.18757E+10 304.5  -1.0 110.0  87.0  0.49927E+11 -0.10000E+01  0.19256E+10  0.40000E+09  57.0
 344  5.00  116.1  100.00  0.18752E+10 304.4  -1.0 110.0  87.0  0.49695E+11 -0.10000E+01  0.19252E+10  0.40000E+09  57.1
 345  5.00  116.2  100.00  0.18747E+10 304.4  -1.0 110.0  87.0  0.49464E+11 -0.10000E+01  0.19249E+10  0.40000E+09  57.2
 346  5.00  116.3  100.00  0.18742E+10 304.3  -1.0 110.0  87.0  0.49234E+11 -0.10000E+01  0.19245E+10  0.40000E+09  57.3
 347  5.00  116.5  100.00  0.18736E+10 304.2  -1.0 110.0  87.0  0.49004E+11 -0.10000E+01  0.19241E+10  0.40000E+09  57.4
 348  5.00  116.6  100.00  0.18731E+10 304.1  -1.0 110.0  87.0  0.48774E+11 -0.10000E+01  0.19237E+10  0.40000E+09  57.5
 349  5.00  116.7  100.00  0.18726E+10 304.0  -1.0 110.0  87.0  0.48546E+11 -0.10000E+01  0.19233E+10  0.40000E+09  57.6
 350  5.00  116.8  100.00  0.18722E+10 303.8  -1.0 110.0  87.1  0.48110E+11 -0.10000E+01  0.19230E+10  0.40000E+09  57.7
 351  5.00  116.9  100.00  0.18717E+10 303.5  -1.0 110.0  87.1  0.47676E+11 -0.10000E+01  0.19226E+10  0.40000E+09  57.7
 352  5.00  117.0  100.00  0.18712E+10 303.2  -1.0 110.0  87.1  0.47243E+11 -0.10000E+01  0.19222E+10  0.40000E+09  57.8
 353  5.00  117.1  100.00  0.18708E+10 303.0  -1.0 110.0  87.1  0.46813E+11 -0.10000E+01  0.19218E+10  0.40000E+09  57.9
 354  5.00  117.1  100.00  0.18703E+10 302.7  -1.0 110.0  87.1  0.46385E+11 -0.10000E+01  0.19215E+10  0.40000E+09  57.9
 355  5.00  117.2  100.00  0.18699E+10 302.4  -1.0 110.0  87.1  0.45959E+11 -0.10000E+01  0.19211E+10  0.40000E+09  58.0
 356  5.00  117.3  100.00  0.18695E+10 302.1  -1.0 110.0  87.1  0.45535E+11 -0.10000E+01  0.19207E+10  0.40000E+09  58.0
 357  5.00  117.3  100.00  0.18691E+10 301.8  -1.0 110.0  87.1  0.45112E+11 -0.10000E+01  0.19204E+10  0.40000E+09  58.1
 358  5.00  117.4  100.00  0.18687E+10 301.6  -1.0 110.0  87.1  0.44692E+11 -0.10000E+01  0.19200E+10  0.40000E+09  58.1
 359  5.00  117.5  100.00  0.18683E+10 301.3  -1.0 110.0  87.1  0.44274E+11 -0.10000E+01  0.19196E+10  0.40000E+09  58.1
 360  5.00  117.5  100.00  0.18679E+10 301.0  -1.0 110.0  87.1  0.43857E+11 -0.10000E+01  0.19192E+10  0.40000E+09  58.2
 361  5.00  117.5  100.00  0.18675E+10 300.7  -1.0 110.0  87.1  0.43443E+11 -0.10000E+01  0.19189E+10  0.40000E+09  58.2
 362  5.00  117.6  100.00  0.18671E+10 300.5  -1.0 110.0  87.1  0.43030E+11 -0.10000E+01  0.19185E+10  0.40000E+09  58.2
 363  5.00  117.6  100.00  0.18667E+10 300.2  -1.0 110.0  87.1  0.42620E+11 -0.10000E+01  0.19181E+10  0.40000E+09  58.2
 364  5.00  117.6  100.00  0.18664E+10 299.9  -1.0 110.0  87.1  0.42211E+11 -0.10000E+01  0.19178E+10  0.40000E+09  58.2
 365  5.00  117.6  100.00  0.18660E+10 299.6  -1.0 110.0  87.1  0.41805E+11 -0.10000E+01  0.19174E+10  0.40000E+09  58.2
