 186  0.00  104.5  100.00  0.19323E+10 308.5  -1.0 110.0  87.1  0.25586E+12 -0.10000E+01  0.19889E+10  0.40000E+09  56.3
 186  0.25  104.4  100.00  0.19353E+10 310.0  -1.0 110.0  86.9  0.24519E+12 -0.10000E+01  0.19889E+10  0.40000E+09  54.3
 186  0.50  104.3  100.00  0.19643E+10 311.5  -1.0 110.0  86.7  0.23517E+12 -0.10000E+01  0.20163E+10  0.40000E+09  52.0
 186  0.75  103.9  100.00  0.20362E+10 312.8  -1.0 110.0  86.4  0.22590E+12 -0.10000E+01  0.20890E+10  0.40000E+09  49.4
 186  1.00  103.5  100.00  0.21488E+10 313.9  -1.0 110.0  86.0  0.21747E+12 -0.10000E+01  0.22042E+10  0.40000E+09  46.6
 186  1.25  102.9  100.00  0.23145E+10 314.9  -1.0 110.0  85.7  0.20992E+12 -0.10000E+01  0.23746E+10  0.40000E+09  43.6
 186  1.50  102.2  100.00  0.25516E+10 315.7  -1.0 110.0  85.3  0.20328E+12 -0.10000E+01  0.26190E+10  0.40000E+09  40.6
 186  1.75  101.4  100.00  0.28862E+10 316.2  -1.0 110.0  84.8  0.19756E+12 -0.10000E+01  0.29648E+10  0.40000E+09  37.5
 186  2.00  100.4  100.00  0.33550E+10 316.4  -1.0 110.0  84.4  0.19277E+12 -0.10000E+01  0.34500E+10  0.40000E+09  34.6
 186  2.25   99.3  100.00  0.40104E+10 316.2  -1.0 110.0  84.0  0.18890E+12 -0.10000E+01  0.41291E+10  0.40000E+09  31.9
 186  2.50   98.1  100.00  0.49239E+10 315.6  -1.0 110.0  83.5  0.18593E+12 -0.10000E+01  0.50772E+10  0.40000E+09  29.4
 186  2.75   96.8  100.00  0.61925E+10 314.5  -1.0 110.0  83.2  0.18388E+12 -0.10000E+01  0.63958E+10  0.40000E+09  27.2
 186  3.00   95.4  100.00  0.79407E+10 312.7  -1.0 110.0  82.8  0.18274E+12 -0.10000E+01  0.82163E+10  0.40000E+09  25.3
 186  3.25   93.9  100.00  0.10316E+11 310.3  -1.0 110.0  82.5  0.18255E+12 -0.10000E+01  0.10694E+11  0.40000E+09  23.6
 186  3.50   92.3  100.00  0.13462E+11 307.0  -1.0 110.0  82.2  0.18334E+12 -0.10000E+01  0.13983E+11  0.40000E+09  22.3
 186  3.75   90.7  100.00  0.17254E+11 302.9  -1.0 110.0  82.0  0.18516E+12 -0.10000E+01  0.18180E+11  0.40000E+09  21.1
 186  4.00   88.9  100.00  0.21605E+11 298.0  -1.0 110.0  81.8  0.18806E+12 -0.10000E+01  0.23254E+11  0.40000E+09  20.2
 186  4.25   87.1  100.00  0.26343E+11 292.5  -1.0 110.0  81.6  0.19208E+12 -0.10000E+01  0.29015E+11  0.40000E+09  19.5
 186  4.50   85.2  100.00  0.31206E+11 286.7  -1.0 110.0  81.5  0.19726E+12 -0.10000E+01  0.35176E+11  0.40000E+09  18.9
 186  4.75   83.2  100.00  0.35975E+11 281.0  -1.0 110.0  81.4  0.20362E+12 -0.10000E+01  0.41457E+11  0.40000E+09  18.4
 186  5.00   81.2  100.00  0.40519E+11 275.6  -1.0 110.0  81.3  0.21113E+12 -0.10000E+01  0.47659E+11  0.40000E+09  18.0
 186  5.25   79.2  100.00  0.44782E+11 270.7  -1.0 110.0  81.2  0.21973E+12 -0.10000E+01  0.53673E+11  0.40000E+09  17.7
 186  5.50   77.1  100.00  0.48756E+11 266.4  -1.0 110.0  81.2  0.22930E+12 -0.10000E+01  0.59451E+11  0.40000E+09  17.5
 186  5.75   75.0  100.00  0.52453E+11 262.7  -1.0 110.0  81.2  0.23968E+12 -0.10000E+01  0.64983E+11  0.40000E+09  17.3
 186  6.00   72.8  100.00  0.55895E+11 259.5  -1.0 110.0  81.1  0.25067E+12 -0.10000E+01  0.70271E+11  0.40000E+09  17.2
 186  6.25   70.6  100.00  0.59103E+11 256.8  -1.0 110.0  81.1  0.26202E+12 -0.10000E+01  0.75324E+11  0.40000E+09  17.0
 186  6.50   68.4  100.00  0.62098E+11 254.5  -1.0 110.0  81.1  0.27345E+12 -0.10000E+01  0.80152E+11  0.40000E+09  17.0
 186  6.75   66.1  100.00  0.64895E+11 252.6  -1.0 110.0  81.1  0.28470E+12 -0.10000E+01  0.84763E+11  0.40000E+09  16.9
 186  7.00   63.9  100.00  0.67509E+11 250.8  -1.0 110.0  81.0  0.29552E+12 -0.10000E+01  0.89163E+11  0.40000E+09  16.8
 186  7.25   61.6  100.00  0.70445E+11 249.2  -1.0 110.0  81.0  0.30569E+12 -0.10000E+01  0.93355E+11  0.41183E+09  16.8
 186  7.50   59.4  100.00  0.74985E+11 247.7  -1.0 110.0  81.0  0.31505E+12 -0.10000E+01  0.97344E+11  0.46799E+09  16.8
 186  7.75   57.1  100.00  0.78978E+11 246.3  -1.0 110.0  81.0  0.32351E+12 -0.10000E+01  0.10113E+12  0.51585E+09  16.7
 186  8.00   54.9  100.00  0.82532E+11 245.0  -1.0 110.0  81.0  0.33105E+12 -0.10000E+01  0.10471E+12  0.55624E+09  16.7
 186  8.25   52.6  100.00  0.85720E+11 243.8 183.1 110.0  81.0  0.33771E+12  0.21846E+12  0.10809E+12  0.59016E+09  16.7
 186  8.50   50.4  100.00  0.88595E+11 242.6 182.2 110.0  81.0  0.34356E+12  0.22265E+12  0.11127E+12  0.61861E+09  16.7
 186  8.75   48.3  100.00  0.91193E+11 241.7 181.4 110.0  81.0  0.34873E+12  0.22653E+12  0.11424E+12  0.64245E+09  16.7
 186  9.00   46.2  100.00  0.93541E+11 240.8 180.6 110.0  81.0  0.35333E+12  0.23011E+12  0.11700E+12  0.66244E+09  16.7
 186  9.25   44.1  100.00  0.95660E+11 240.1 179.9 110.0  81.0  0.35748E+12  0.23339E+12  0.11956E+12  0.67921E+09  16.7
 186  9.50   42.1  100.00  0.97566E+11 239.6 179.2 110.0  81.0  0.36127E+12  0.23639E+12  0.12191E+12  0.69328E+09  16.7
 186  9.75   40.2  100.00  0.99269E+11 239.2 178.7 110.0  81.0  0.36474E+12  0.23909E+12  0.12404E+12  0.70507E+09  16.6
 186 10.00   38.5  100.00  0.10078E+12 239.1 178.2 110.0  81.0  0.36789E+12  0.24152E+12  0.12597E+12  0.71492E+09  16.6
 186 10.25   36.8  100.00  0.10210E+12 239.0 177.7 110.0  81.0  0.37067E+12  0.24366E+12  0.12768E+12  0.72310E+09  16.6
 186 10.50   35.3  100.00  0.10325E+12 239.2 177.5 110.0  81.0  0.37302E+12  0.24552E+12  0.12917E+12  0.72985E+09  16.6
 186 10.75   33.9  100.00  0.10422E+12 239.8 177.7 110.0  81.0  0.37482E+12  0.24711E+12  0.13044E+12  0.73532E+09  16.6
 186 11.00   32.7  100.00  0.10502E+12 240.5 178.0 110.0  81.0  0.37596E+12  0.24842E+12  0.13150E+12  0.73967E+09  16.6
 186 11.25   31.8  100.00  0.10565E+12 241.2 178.4 110.0  81.0  0.37633E+12  0.24946E+12  0.13234E+12  0.74300E+09  16.6
 186 11.50   31.0  100.00  0.10611E+12 241.9 178.9 110.0  81.0  0.37586E+12  0.25022E+12  0.13296E+12  0.74539E+09  16.6
 186 11.75   30.6  100.00  0.10640E+12 242.6 179.6 110.0  81.0  0.37447E+12  0.25071E+12  0.13335E+12  0.74690E+09  16.6
 186 12.00   30.3  100.00  0.10653E+12 243.3 180.4 110.0  81.0  0.37216E+12  0.25093E+12  0.13353E+12  0.74756E+09  16.6
 186 12.25   30.4  100.00  0.10650E+12 244.0 181.4 110.0  81.0  0.36895E+12  0.25087E+12  0.13348E+12  0.74739E+09  16.6
 186 12.50   30.7  100.00  0.10630E+12 244.6 182.5 110.0  81.0  0.36491E+12  0.25054E+12  0.13322E+12  0.74638E+09  16.6
 186 12.75   31.3  100.00  0.10594E+12 245.2 183.7 110.0  81.0  0.36015E+12  0.24994E+12  0.13273E+12  0.74452E+09  16.6
 186 13.00   32.1  100.00  0.10541E+12 245.8 185.0 110.0  81.0  0.35479E+12  0.24907E+12  0.13202E+12  0.74175E+09  16.6
 186 13.25   33.2  100.00  0.10471E+12 246.2 186.3 110.0  81.0  0.34899E+12  0.24792E+12  0.13109E+12  0.73801E+09  16.6
 186 13.50   34.4  100.00  0.10384E+12 246.6 187.6 110.0  81.0  0.34291E+12  0.24649E+12  0.12994E+12  0.73321E+09  16.6
 186 13.75   35.9  100.00  0.10280E+12 246.9 188.8 110.0  81.0  0.33672E+12  0.24479E+12  0.12858E+12  0.72722E+09  16.6
 186 14.00   37.5  100.00  0.10158E+12 247.1 189.9 110.0  81.0  0.33060E+12  0.24281E+12  0.12700E+12  0.71991E+09  16.6
 186 14.25   39.2  100.00  0.10018E+12 247.1 190.8 110.0  81.0  0.32471E+12  0.24055E+12  0.12520E+12  0.71106E+09  16.6
 186 14.50   41.0  100.00  0.98589E+11 247.1 191.4 110.0  81.0  0.31924E+12  0.23801E+12  0.12319E+12  0.70045E+09  16.6
 186 14.75   42.9  100.00  0.96802E+11 246.9 191.7 110.0  81.0  0.31434E+12  0.23518E+12  0.12096E+12  0.68776E+09  16.7
 186 15.00   45.0  100.00  0.94809E+11 246.5 191.5 110.0  81.0  0.31018E+12  0.23207E+12  0.11853E+12  0.67262E+09  16.7
 186 15.25   47.0  100.00  0.92597E+11 246.0 190.9 110.0  81.0  0.30692E+12  0.22866E+12  0.11588E+12  0.65458E+09  16.7
 186 15.50   49.2  100.00  0.90146E+11 245.4 189.7 110.0  81.0  0.30471E+12  0.22495E+12  0.11303E+12  0.63306E+09  16.7
 186 15.75   51.4  100.00  0.87436E+11 244.6 188.0 110.0  81.0  0.30368E+12  0.22095E+12  0.10997E+12  0.60740E+09  16.7
 186 16.00   53.6  100.00  0.84434E+11 243.7  -1.0 110.0  81.0  0.30396E+12 -0.10000E+01  0.10671E+12  0.57677E+09  16.7
 186 16.25   55.8  100.00  0.81099E+11 245.1  -1.0 110.0  81.0  0.30562E+12 -0.10000E+01  0.10324E+12  0.54026E+09  16.7
 186 16.50   58.0  100.00  0.77370E+11 248.2  -1.0 110.0  81.0  0.30870E+12 -0.10000E+01  0.99575E+11  0.49685E+09  16.7
 186 16.75   60.3  100.00  0.73162E+11 251.4  -1.0 110.0  81.0  0.31320E+12 -0.10000E+01  0.95702E+11  0.44558E+09  16.8
 186 17.00   62.6  100.00  0.68949E+11 254.5  -1.0 110.0  81.0  0.31906E+12 -0.10000E+01  0.91626E+11  0.40000E+09  16.8
 186 17.25   64.8  100.00  0.66433E+11 257.6  -1.0 110.0  81.0  0.32614E+12 -0.10000E+01  0.87344E+11  0.40000E+09  16.9
 186 17.50   67.1  100.00  0.63741E+11 260.4  -1.0 110.0  81.1  0.33425E+12 -0.10000E+01  0.82852E+11  0.40000E+09  16.9
 186 17.75   69.3  100.00  0.60860E+11 263.0  -1.0 110.0  81.1  0.34314E+12 -0.10000E+01  0.78146E+11  0.40000E+09  17.0
 186 18.00   71.5  100.00  0.57774E+11 265.4  -1.0 110.0  81.1  0.35247E+12 -0.10000E+01  0.73219E+11  0.40000E+09  17.1
 186 18.25   73.7  100.00  0.54465E+11 267.6  -1.0 110.0  81.1  0.36189E+12 -0.10000E+01  0.68061E+11  0.40000E+09  17.2
 186 18.50   75.9  100.00  0.50913E+11 269.6  -1.0 110.0  81.2  0.37100E+12 -0.10000E+01  0.62664E+11  0.40000E+09  17.4
 186 18.75   78.0  100.00  0.47094E+11 271.5  -1.0 110.0  81.2  0.37941E+12 -0.10000E+01  0.57020E+11  0.40000E+09  17.6
 186 19.00   80.1  100.00  0.42991E+11 273.3  -1.0 110.0  81.3  0.38676E+12 -0.10000E+01  0.51129E+11  0.40000E+09  17.9
 186 19.25   82.1  100.00  0.38596E+11 275.1  -1.0 110.0  81.4  0.39272E+12 -0.10000E+01  0.45015E+11  0.40000E+09  18.2
 186 19.50   84.1  100.00  0.33936E+11 277.0  -1.0 110.0  81.4  0.39705E+12 -0.10000E+01  0.38749E+11  0.40000E+09  18.6
 186 19.75   86.0  100.00  0.29095E+11 279.0  -1.0 110.0  81.6  0.39958E+12 -0.10000E+01  0.32476E+11  0.40000E+09  19.1
 186 20.00   87.9  100.00  0.24243E+11 281.0  -1.0 110.0  81.7  0.40022E+12 -0.10000E+01  0.26437E+11  0.40000E+09  19.8
 186 20.25   89.7  100.00  0.19630E+11 283.0  -1.0 110.0  81.9  0.39898E+12 -0.10000E+01  0.20929E+11  0.40000E+09  20.6
 186 20.50   91.4  100.00  0.15514E+11 284.9  -1.0 110.0  82.1  0.39594E+12 -0.10000E+01  0.16212E+11  0.40000E+09  21.7
 186 20.75   93.0  100.00  0.11956E+11 286.8  -1.0 110.0  82.3  0.39121E+12 -0.10000E+01  0.12409E+11  0.40000E+09  22.9
 186 21.00   94.6  100.00  0.91588E+10 288.6  -1.0 110.0  82.6  0.38498E+12 -0.10000E+01  0.94872E+10  0.40000E+09  24.4
 186 21.25   96.1  100.00  0.70759E+10 290.3  -1.0 110.0  83.0  0.37743E+12 -0.10000E+01  0.73158E+10  0.40000E+09  26.2
 186 21.50   97.4  100.00  0.55555E+10 292.0  -1.0 110.0  83.3  0.36874E+12 -0.10000E+01  0.57337E+10  0.40000E+09  28.3
 186 21.75   98.7  100.00  0.44577E+10 293.7  -1.0 110.0  83.7  0.35911E+12 -0.10000E+01  0.45933E+10  0.40000E+09  30.6
 186 22.00   99.8  100.00  0.36694E+10 295.3  -1.0 110.0  84.2  0.34872E+12 -0.10000E+01  0.37758E+10  0.40000E+09  33.3
 186 22.25  100.9  100.00  0.31055E+10 297.0  -1.0 110.0  84.6  0.33771E+12 -0.10000E+01  0.31916E+10  0.40000E+09  36.1
 186 22.50  101.8  100.00  0.27027E+10 298.7  -1.0 110.0  85.0  0.32624E+12 -0.10000E+01  0.27750E+10  0.40000E+09  39.1
 186 22.75  102.6  100.00  0.24163E+10 300.4  -1.0 110.0  85.5  0.31447E+12 -0.10000E+01  0.24793E+10  0.40000E+09  42.2
 186 23.00  103.3  100.00  0.22141E+10 302.0  -1.0 110.0  85.8  0.30251E+12 -0.10000E+01  0.22709E+10  0.40000E+09  45.2
 186 23.25  103.8  100.00  0.20743E+10 303.7  -1.0 110.0  86.2  0.29053E+12 -0.10000E+01  0.21273E+10  0.40000E+09  48.1
 186 23.50  104.2  100.00  0.19810E+10 305.4  -1.0 110.0  86.5  0.27867E+12 -0.10000E+01  0.20322E+10  0.40000E+09  50.8
 186 23.75  104.4  100.00  0.19370E+10 307.0  -1.0 110.0  86.8  0.26706E+12 -0.10000E+01  0.19889E+10  0.40000E+09  53.2
 186 24.00  104.6  100.00  0.19337E+10 308.5  -1.0 110.0  87.0  0.25586E+12 -0.10000E+01  0.19889E+10  0.40000E+09  55.4
