   1 19.00  116.4  100.00  0.20292E+10 286.7  -1.0 110.0  87.0  0.93594E+11 -0.10000E+01  0.20918E+10  0.40000E+09  57.3
   2 19.00  116.2  100.00  0.20296E+10 286.4  -1.0 110.0  87.0  0.94083E+11 -0.10000E+01  0.20920E+10  0.40000E+09  57.2
   3 19.00  116.1  100.00  0.20300E+10 286.1  -1.0 110.0  87.0  0.94573E+11 -0.10000E+01  0.20921E+10  0.40000E+09  57.1
   4 19.00  115.9  100.00  0.20304E+10 285.9  -1.0 110.0  87.0  0.95064E+11 -0.10000E+01  0.20923E+10  0.40000E+09  57.0
   5 19.00  115.8  100.00  0.20308E+10 285.6  -1.0 110.0  86.9  0.95556E+11 -0.10000E+01  0.20924E+10  0.40000E+09  56.8
   6 19.00  115.6  100.00  0.20312E+10 285.3  -1.0 110.0  86.9  0.96050E+11 -0.10000E+01  0.20925E+10  0.40000E+09  56.7
   7 19.00  115.4  100.00  0.20316E+10 285.1  -1.0 110.0  86.9  0.96545E+11 -0.10000E+01  0.20927E+10  0.40000E+09  56.5
   8 19.00  115.3  100.00  0.20321E+10 284.8  -1.0 110.0  86.9  0.97041E+11 -0.10000E+01  0.20928E+10  0.40000E+09  56.4
   9 19.00  115.1  100.00  0.20325E+10 284.5  -1.0 110.0  86.9  0.97539E+11 -0.10000E+01  0.20930E+10  0.40000E+09  56.2
  10 19.00  114.9  100.00  0.20330E+10 284.2  -1.0 110.0  86.8  0.98037E+11 -0.10000E+01  0.20931E+10  0.40000E+09  56.1
  11 19.00  114.7  100.00  0.20334E+10 284.0  -1.0 110.0  86.8  0.98537E+11 -0.10000E+01  0.20933E+10  0.40000E+09  55.9
  12 19.00  114.6  100.00  0.20339E+10 283.7  -1.0 110.0  86.8  0.99038E+11 -0.10000E+01  0.20934E+10  0.40000E+09  55.7
  13 19.00  114.4  100.00  0.20344E+10 283.4  -1.0 110.0  86.8  0.99541E+11 -0.10000E+01  0.20935E+10  0.40000E+09  55.6
  14 19.00  114.2  100.00  0.20349E+10 283.2  -1.0 110.0  86.8  0.10005E+12 -0.10000E+01  0.20937E+10  0.40000E+09  55.4
  15 19.00  114.0  100.00  0.20354E+10 282.9  -1.0 110.0  86.7  0.10055E+12 -0.10000E+01  0.20938E+10  0.40000E+09  55.2
  16 19.00  113.8  100.00  0.20353E+10 283.0  -1.0 110.0  86.7  0.10311E+12 -0.10000E+01  0.20933E+10  0.40000E+09  55.0
  17 19.00  113.6  100.00  0.20352E+10 283.1  -1.0 110.0  86.7  0.10570E+12 -0.10000E+01  0.20927E+10  0.40000E+09  54.8
  18 19.00  113.4  100.00  0.20351E+10 283.1  -1.0 110.0  86.7  0.10832E+12 -0.10000E+01  0.20922E+10  0.40000E+09  54.6
  19 19.00  113.1  100.00  0.20350E+10 283.2  -1.0 110.0  86.6  0.11097E+12 -0.10000E+01  0.20917E+10  0.40000E+09  54.4
  20 19.00  112.9  100.00  0.20349E+10 283.3  -1.0 110.0  86.6  0.11366E+12 -0.10000E+01  0.20911E+10  0.40000E+09  54.2
  21 19.00  112.7  100.00  0.20348E+10 283.4  -1.0 110.0  86.6  0.11637E+12 -0.10000E+01  0.20906E+10  0.40000E+09  53.9
  22 19.00  112.5  100.00  0.20347E+10 283.4  -1.0 110.0  86.5  0.11912E+12 -0.10000E+01  0.20900E+10  0.40000E+09  53.7
  23 19.00  112.3  100.00  0.20346E+10 283.5  -1.0 110.0  86.5  0.12190E+12 -0.10000E+01  0.20895E+10  0.40000E+09  53.5
  24 19.00  112.0  100.00  0.20346E+10 283.6  -1.0 110.0  86.5  0.12472E+12 -0.10000E+01  0.20890E+10  0.40000E+09  53.2
  25 19.00  111.8  100.00  0.20345E+10 283.6  -1.0 110.0  86.4  0.12756E+12 -0.10000E+01  0.20884E+10  0.40000E+09  53.0
  26 19.00  111.6  100.00  0.20345E+10 283.7  -1.0 110.0  86.4  0.13044E+12 -0.10000E+01  0.20879E+10  0.40000E+09  52.7
  27 19.00  111.3  100.00  0.20344E+10 283.7  -1.0 110.0  86.4  0.13335E+12 -0.10000E+01  0.20873E+10  0.40000E+09  52.5
  28 19.00  111.1  100.00  0.20344E+10 283.8  -1.0 110.0  86.3  0.13629E+12 -0.10000E+01  0.20868E+10  0.40000E+09  52.2
  29 19.00  110.9  100.00  0.20343E+10 283.8  -1.0 110.0  86.3  0.13927E+12 -0.10000E+01  0.20862E+10  0.40000E+09  51.9
  30 19.00  110.6  100.00  0.20343E+10 283.9  -1.0 110.0  86.3  0.14228E+12 -0.10000E+01  0.20857E+10  0.40000E+09  51.7
  31 19.00  110.4  100.00  0.20343E+10 283.9  -1.0 110.0  86.2  0.14531E+12 -0.10000E+01  0.20852E+10  0.40000E+09  51.4
  32 19.00  110.1  100.00  0.20342E+10 284.0  -1.0 110.0  86.2  0.14839E+12 -0.10000E+01  0.20846E+10  0.40000E+09  51.1
  33 19.00  109.9  100.00  0.20342E+10 284.0  -1.0 110.0  86.2  0.15149E+12 -0.10000E+01  0.20841E+10  0.40000E+09  50.8
  34 19.00  109.6  100.00  0.20342E+10 284.1  -1.0 110.0  86.1  0.15462E+12 -0.10000E+01  0.20835E+10  0.40000E+09  50.5
  35 19.00  109.4  100.00  0.20342E+10 284.1  -1.0 110.0  86.1  0.15779E+12 -0.10000E+01  0.20830E+10  0.40000E+09  50.2
  36 19.00  109.1  100.00  0.20342E+10 284.2  -1.0 110.0  86.0  0.16099E+12 -0.10000E+01  0.20825E+10  0.40000E+09  49.9
  37 19.00  108.9  100.00  0.20341E+10 284.2  -1.0 110.0  86.0  0.16422E+12 -0.10000E+01  0.20819E+10  0.40000E+09  49.6
  38 19.00  108.6  100.00  0.20341E+10 284.2  -1.0 110.0  86.0  0.16748E+12 -0.10000E+01  0.20814E+10  0.40000E+09  49.3
  39 19.00  108.4  100.00  0.20341E+10 284.3  -1.0 110.0  85.9  0.17078E+12 -0.10000E+01  0.20808E+10  0.40000E+09  49.0
  40 19.00  108.1  100.00  0.20341E+10 284.3  -1.0 110.0  85.9  0.17411E+12 -0.10000E+01  0.20803E+10  0.40000E+09  48.7
  41 19.00  107.9  100.00  0.20341E+10 284.3  -1.0 110.0  85.8  0.17747E+12 -0.10000E+01  0.20798E+10  0.40000E+09  48.4
  42 19.00  107.6  100.00  0.20341E+10 284.4  -1.0 110.0  85.8  0.18086E+12 -0.10000E+01  0.20792E+10  0.40000E+09  48.0
  43 19.00  107.3  100.00  0.20341E+10 284.4  -1.0 110.0  85.7  0.18428E+12 -0.10000E+01  0.20787E+10  0.40000E+09  47.7
  44 19.00  107.1  100.00  0.20340E+10 284.4  -1.0 110.0  85.7  0.18774E+12 -0.10000E+01  0.20781E+10  0.40000E+09  47.4
  45 19.00  106.8  100.00  0.20340E+10 284.5  -1.0 110.0  85.7  0.19122E+12 -0.10000E+01  0.20776E+10  0.40000E+09  47.0
  46 19.00  106.5  100.00  0.20338E+10 284.6  -1.0 110.0  85.6  0.19465E+12 -0.10000E+01  0.20768E+10  0.40000E+09  46.7
  47 19.00  106.3  100.00  0.20335E+10 284.8  -1.0 110.0  85.6  0.19810E+12 -0.10000E+01  0.20760E+10  0.40000E+09  46.3
  48 19.00  106.0  100.00  0.20332E+10 284.9  -1.0 110.0  85.5  0.20159E+12 -0.10000E+01  0.20752E+10  0.40000E+09  46.0
  49 19.00  105.7  100.00  0.20329E+10 285.1  -1.0 110.0  85.5  0.20510E+12 -0.10000E+01  0.20743E+10  0.40000E+09  45.7
  50 19.00  105.5  100.00  0.20326E+10 285.2  -1.0 110.0  85.4  0.20865E+12 -0.10000E+01  0.20735E+10  0.40000E+09  45.3
  51 19.00  105.2  100.00  0.20323E+10 285.3  -1.0 110.0  85.4  0.21222E+12 -0.10000E+01  0.20727E+10  0.40000E+09  44.9
  52 19.00  104.9  100.00  0.20321E+10 285.5  -1.0 110.0  85.3  0.21583E+12 -0.10000E+01  0.20719E+10  0.40000E+09  44.6
  53 19.00  104.7  100.00  0.20412E+10 285.6  -1.0 110.0  85.3  0.21946E+12 -0.10000E+01  0.20810E+10  0.40000E+09  44.2
  54 19.00  104.4  100.00  0.20980E+10 285.7  -1.0 110.0  85.2  0.22313E+12 -0.10000E+01  0.21401E+10  0.40000E+09  43.9
  55 19.00  104.1  100.00  0.21590E+10 285.8  -1.0 110.0  85.2  0.22683E+12 -0.10000E+01  0.22038E+10  0.40000E+09  43.5
  56 19.00  103.8  100.00  0.22245E+10 285.8  -1.0 110.0  85.1  0.23055E+12 -0.10000E+01  0.22720E+10  0.40000E+09  43.1
  57 19.00  103.6  100.00  0.22947E+10 285.9  -1.0 110.0  85.1  0.23431E+12 -0.10000E+01  0.23452E+10  0.40000E+09  42.8
  58 19.00  103.3  100.00  0.23701E+10 285.9  -1.0 110.0  85.0  0.23810E+12 -0.10000E+01  0.24239E+10  0.40000E+09  42.4
  59 19.00  103.0  100.00  0.24507E+10 286.0  -1.0 110.0  85.0  0.24192E+12 -0.10000E+01  0.25079E+10  0.40000E+09  42.0
  60 19.00  102.7  100.00  0.25374E+10 286.0  -1.0 110.0  84.9  0.24576E+12 -0.10000E+01  0.25984E+10  0.40000E+09  41.6
  61 19.00  102.5  100.00  0.26297E+10 286.1  -1.0 110.0  84.9  0.24964E+12 -0.10000E+01  0.26948E+10  0.40000E+09  41.3
  62 19.00  102.2  100.00  0.27285E+10 286.1  -1.0 110.0  84.8  0.25355E+12 -0.10000E+01  0.27980E+10  0.40000E+09  40.9
  63 19.00  101.9  100.00  0.28338E+10 286.2  -1.0 110.0  84.7  0.25749E+12 -0.10000E+01  0.29080E+10  0.40000E+09  40.5
  64 19.00  101.6  100.00  0.29459E+10 286.2  -1.0 110.0  84.7  0.26146E+12 -0.10000E+01  0.30251E+10  0.40000E+09  40.1
  65 19.00  101.4  100.00  0.30656E+10 286.2  -1.0 110.0  84.6  0.26546E+12 -0.10000E+01  0.31503E+10  0.40000E+09  39.8
  66 19.00  101.1  100.00  0.31926E+10 286.2  -1.0 110.0  84.6  0.26949E+12 -0.10000E+01  0.32831E+10  0.40000E+09  39.4
  67 19.00  100.8  100.00  0.33281E+10 286.3  -1.0 110.0  84.5  0.27356E+12 -0.10000E+01  0.34248E+10  0.40000E+09  39.0
  68 19.00  100.5  100.00  0.34717E+10 286.3  -1.0 110.0  84.5  0.27765E+12 -0.10000E+01  0.35751E+10  0.40000E+09  38.6
  69 19.00  100.3  100.00  0.36240E+10 286.3  -1.0 110.0  84.4  0.28177E+12 -0.10000E+01  0.37345E+10  0.40000E+09  38.3
  70 19.00  100.0  100.00  0.37855E+10 286.3  -1.0 110.0  84.4  0.28592E+12 -0.10000E+01  0.39036E+10  0.40000E+09  37.9
  71 19.00   99.7  100.00  0.39566E+10 286.3  -1.0 110.0  84.3  0.29010E+12 -0.10000E+01  0.40828E+10  0.40000E+09  37.5
  72 19.00   99.4  100.00  0.41376E+10 286.3  -1.0 110.0  84.3  0.29432E+12 -0.10000E+01  0.42725E+10  0.40000E+09  37.1
  73 19.00   99.1  100.00  0.43290E+10 286.3  -1.0 110.0  84.2  0.29856E+12 -0.10000E+01  0.44730E+10  0.40000E+09  36.7
  74 19.00   98.9  100.00  0.45312E+10 286.3  -1.0 110.0  84.2  0.30283E+12 -0.10000E+01  0.46849E+10  0.40000E+09  36.4
  75 19.00   98.6  100.00  0.47447E+10 286.4  -1.0 110.0  84.1  0.30527E+12 -0.10000E+01  0.49089E+10  0.40000E+09  36.0
  76 19.00   98.3  100.00  0.49702E+10 286.4  -1.0 110.0  84.0  0.30771E+12 -0.10000E+01  0.51454E+10  0.40000E+09  35.6
  77 19.00   98.0  100.00  0.52076E+10 286.5  -1.0 110.0  84.0  0.31016E+12 -0.10000E+01  0.53944E+10  0.40000E+09  35.2
  78 19.00   97.8  100.00  0.54576E+10 286.6  -1.0 110.0  83.9  0.31262E+12 -0.10000E+01  0.56568E+10  0.40000E+09  34.9
  79 19.00   97.5  100.00  0.57204E+10 286.6  -1.0 110.0  83.9  0.31510E+12 -0.10000E+01  0.59326E+10  0.40000E+09  34.5
  80 19.00   97.2  100.00  0.59968E+10 286.7  -1.0 110.0  83.8  0.31758E+12 -0.10000E+01  0.62227E+10  0.40000E+09  34.1
  81 19.00   96.9  100.00  0.62869E+10 286.8  -1.0 110.0  83.8  0.32007E+12 -0.10000E+01  0.65274E+10  0.40000E+09  33.8
  82 19.00   96.7  100.00  0.65911E+10 286.8  -1.0 110.0  83.7  0.32257E+12 -0.10000E+01  0.68469E+10  0.40000E+09  33.4
  83 19.00   96.4  100.00  0.69101E+10 286.9  -1.0 110.0  83.7  0.32508E+12 -0.10000E+01  0.71819E+10  0.40000E+09  33.0
  84 19.00   96.1  100.00  0.72439E+10 286.9  -1.0 110.0  83.6  0.32760E+12 -0.10000E+01  0.75327E+10  0.40000E+09  32.7
  85 19.00   95.9  100.00  0.75930E+10 286.9  -1.0 110.0  83.6  0.33013E+12 -0.10000E+01  0.78995E+10  0.40000E+09  32.3
  86 19.00   95.6  100.00  0.79577E+10 287.0  -1.0 110.0  83.5  0.33267E+12 -0.10000E+01  0.82828E+10  0.40000E+09  32.0
  87 19.00   95.3  100.00  0.83384E+10 287.0  -1.0 110.0  83.5  0.33522E+12 -0.10000E+01  0.86830E+10  0.40000E+09  31.6
  88 19.00   95.0  100.00  0.87351E+10 287.0  -1.0 110.0  83.4  0.33778E+12 -0.10000E+01  0.91000E+10  0.40000E+09  31.3
  89 19.00   94.8  100.00  0.91483E+10 287.0  -1.0 110.0  83.4  0.34035E+12 -0.10000E+01  0.95344E+10  0.40000E+09  30.9
  90 19.00   94.5  100.00  0.95779E+10 287.0  -1.0 110.0  83.3  0.34293E+12 -0.10000E+01  0.99862E+10  0.40000E+09  30.6
  91 19.00   94.2  100.00  0.10024E+11 287.1  -1.0 110.0  83.2  0.34551E+12 -0.10000E+01  0.10456E+11  0.40000E+09  30.2
  92 19.00   94.0  100.00  0.10487E+11 287.1  -1.0 110.0  83.2  0.34811E+12 -0.10000E+01  0.10942E+11  0.40000E+09  29.9
  93 19.00   93.7  100.00  0.10967E+11 287.1  -1.0 110.0  83.1  0.35072E+12 -0.10000E+01  0.11447E+11  0.40000E+09  29.6
  94 19.00   93.4  100.00  0.11463E+11 287.1  -1.0 110.0  83.1  0.35334E+12 -0.10000E+01  0.11969E+11  0.40000E+09  29.2
  95 19.00   93.2  100.00  0.11976E+11 287.1  -1.0 110.0  83.0  0.35597E+12 -0.10000E+01  0.12508E+11  0.40000E+09  28.9
  96 19.00   92.9  100.00  0.12505E+11 287.0  -1.0 110.0  83.0  0.35860E+12 -0.10000E+01  0.13065E+11  0.40000E+09  28.6
  97 19.00   92.7  100.00  0.13050E+11 287.0  -1.0 110.0  82.9  0.36125E+12 -0.10000E+01  0.13638E+11  0.40000E+09  28.2
  98 19.00   92.4  100.00  0.13583E+11 287.0  -1.0 110.0  82.9  0.36391E+12 -0.10000E+01  0.14228E+11  0.40000E+09  27.9
  99 19.00   92.1  100.00  0.14119E+11 287.0  -1.0 110.0  82.9  0.36657E+12 -0.10000E+01  0.14834E+11  0.40000E+09  27.6
 100 19.00   91.9  100.00  0.14666E+11 287.0  -1.0 110.0  82.8  0.36925E+12 -0.10000E+01  0.15455E+11  0.40000E+09  27.3
 101 19.00   91.6  100.00  0.15223E+11 287.0  -1.0 110.0  82.8  0.37193E+12 -0.10000E+01  0.16091E+11  0.40000E+09  27.0
 102 19.00   91.4  100.00  0.15789E+11 286.9  -1.0 110.0  82.7  0.37463E+12 -0.10000E+01  0.16742E+11  0.40000E+09  26.7
 103 19.00   91.1  100.00  0.16364E+11 286.9  -1.0 110.0  82.7  0.37733E+12 -0.10000E+01  0.17405E+11  0.40000E+09  26.4
 104 19.00   90.9  100.00  0.16947E+11 286.9  -1.0 110.0  82.6  0.38005E+12 -0.10000E+01  0.18082E+11  0.40000E+09  26.1
 105 19.00   90.6  100.00  0.17537E+11 286.9  -1.0 110.0  82.6  0.38277E+12 -0.10000E+01  0.18770E+11  0.40000E+09  25.8
 106 19.00   90.4  100.00  0.18132E+11 286.6  -1.0 110.0  82.5  0.38457E+12 -0.10000E+01  0.19468E+11  0.40000E+09  25.5
 107 19.00   90.1  100.00  0.18733E+11 286.4  -1.0 110.0  82.5  0.38637E+12 -0.10000E+01  0.20176E+11  0.40000E+09  25.3
 108 19.00   89.9  100.00  0.19338E+11 286.2  -1.0 110.0  82.4  0.38818E+12 -0.10000E+01  0.20893E+11  0.40000E+09  25.0
 109 19.00   89.6  100.00  0.19947E+11 286.0  -1.0 110.0  82.4  0.38999E+12 -0.10000E+01  0.21617E+11  0.40000E+09  24.7
 110 19.00   89.4  100.00  0.20559E+11 285.7  -1.0 110.0  82.4  0.39180E+12 -0.10000E+01  0.22348E+11  0.40000E+09  24.5
 111 19.00   89.1  100.00  0.21172E+11 285.5  -1.0 110.0  82.3  0.39362E+12 -0.10000E+01  0.23084E+11  0.40000E+09  24.2
 112 19.00   88.9  100.00  0.21786E+11 285.3  -1.0 110.0  82.3  0.39544E+12 -0.10000E+01  0.23825E+11  0.40000E+09  24.0
 113 19.00   88.6  100.00  0.22400E+11 285.1  -1.0 110.0  82.2  0.39727E+12 -0.10000E+01  0.24569E+11  0.40000E+09  23.7
 114 19.00   88.4  100.00  0.23013E+11 284.9  -1.0 110.0  82.2  0.39910E+12 -0.10000E+01  0.25315E+11  0.40000E+09  23.5
 115 19.00   88.2  100.00  0.23624E+11 284.7  -1.0 110.0  82.2  0.40093E+12 -0.10000E+01  0.26062E+11  0.40000E+09  23.2
 116 19.00   87.9  100.00  0.24234E+11 284.4  -1.0 110.0  82.1  0.40277E+12 -0.10000E+01  0.26808E+11  0.40000E+09  23.0
 117 19.00   87.7  100.00  0.24840E+11 284.2  -1.0 110.0  82.1  0.40462E+12 -0.10000E+01  0.27554E+11  0.40000E+09  22.8
 118 19.00   87.5  100.00  0.25442E+11 284.0  -1.0 110.0  82.1  0.40646E+12 -0.10000E+01  0.28298E+11  0.40000E+09  22.6
 119 19.00   87.2  100.00  0.26039E+11 283.8  -1.0 110.0  82.0  0.40832E+12 -0.10000E+01  0.29039E+11  0.40000E+09  22.3
 120 19.00   87.0  100.00  0.26632E+11 283.6  -1.0 110.0  82.0  0.41017E+12 -0.10000E+01  0.29775E+11  0.40000E+09  22.1
 121 19.00   86.8  100.00  0.27218E+11 283.5  -1.0 110.0  82.0  0.41203E+12 -0.10000E+01  0.30507E+11  0.40000E+09  21.9
 122 19.00   86.5  100.00  0.27798E+11 283.3  -1.0 110.0  81.9  0.41390E+12 -0.10000E+01  0.31234E+11  0.40000E+09  21.7
 123 19.00   86.3  100.00  0.28371E+11 283.1  -1.0 110.0  81.9  0.41576E+12 -0.10000E+01  0.31954E+11  0.40000E+09  21.5
 124 19.00   86.1  100.00  0.28937E+11 282.9  -1.0 110.0  81.9  0.41764E+12 -0.10000E+01  0.32666E+11  0.40000E+09  21.3
 125 19.00   85.9  100.00  0.29495E+11 282.8  -1.0 110.0  81.8  0.41951E+12 -0.10000E+01  0.33371E+11  0.40000E+09  21.2
 126 19.00   85.7  100.00  0.30045E+11 282.6  -1.0 110.0  81.8  0.42139E+12 -0.10000E+01  0.34068E+11  0.40000E+09  21.0
 127 19.00   85.5  100.00  0.30586E+11 282.4  -1.0 110.0  81.8  0.42328E+12 -0.10000E+01  0.34755E+11  0.40000E+09  20.8
 128 19.00   85.3  100.00  0.31118E+11 282.3  -1.0 110.0  81.8  0.42517E+12 -0.10000E+01  0.35433E+11  0.40000E+09  20.7
 129 19.00   85.0  100.00  0.31641E+11 282.1  -1.0 110.0  81.7  0.42706E+12 -0.10000E+01  0.36100E+11  0.40000E+09  20.5
 130 19.00   84.8  100.00  0.32154E+11 282.0  -1.0 110.0  81.7  0.42896E+12 -0.10000E+01  0.36757E+11  0.40000E+09  20.3
 131 19.00   84.6  100.00  0.32657E+11 281.9  -1.0 110.0  81.7  0.43086E+12 -0.10000E+01  0.37403E+11  0.40000E+09  20.2
 132 19.00   84.4  100.00  0.33150E+11 281.7  -1.0 110.0  81.7  0.43277E+12 -0.10000E+01  0.38038E+11  0.40000E+09  20.0
 133 19.00   84.2  100.00  0.33633E+11 281.6  -1.0 110.0  81.6  0.43468E+12 -0.10000E+01  0.38660E+11  0.40000E+09  19.9
 134 19.00   84.1  100.00  0.34105E+11 281.5  -1.0 110.0  81.6  0.43659E+12 -0.10000E+01  0.39271E+11  0.40000E+09  19.8
 135 19.00   83.9  100.00  0.34566E+11 281.4  -1.0 110.0  81.6  0.43851E+12 -0.10000E+01  0.39869E+11  0.40000E+09  19.6
 136 19.00   83.7  100.00  0.35017E+11 281.2  -1.0 110.0  81.6  0.43776E+12 -0.10000E+01  0.40454E+11  0.40000E+09  19.5
 137 19.00   83.5  100.00  0.35457E+11 281.0  -1.0 110.0  81.5  0.43701E+12 -0.10000E+01  0.41026E+11  0.40000E+09  19.4
 138 19.00   83.3  100.00  0.35885E+11 280.8  -1.0 110.0  81.5  0.43626E+12 -0.10000E+01  0.41585E+11  0.40000E+09  19.3
 139 19.00   83.1  100.00  0.36303E+11 280.7  -1.0 110.0  81.5  0.43551E+12 -0.10000E+01  0.42130E+11  0.40000E+09  19.2
 140 19.00   83.0  100.00  0.36709E+11 280.5  -1.0 110.0  81.5  0.43476E+12 -0.10000E+01  0.42662E+11  0.40000E+09  19.1
 141 19.00   82.8  100.00  0.37104E+11 280.3  -1.0 110.0  81.5  0.43401E+12 -0.10000E+01  0.43180E+11  0.40000E+09  19.0
 142 19.00   82.6  100.00  0.37487E+11 280.2  -1.0 110.0  81.5  0.43326E+12 -0.10000E+01  0.43685E+11  0.40000E+09  18.9
 143 19.00   82.5  100.00  0.37859E+11 280.0  -1.0 110.0  81.4  0.43252E+12 -0.10000E+01  0.44175E+11  0.40000E+09  18.8
 144 19.00   82.3  100.00  0.38220E+11 279.9  -1.0 110.0  81.4  0.43177E+12 -0.10000E+01  0.44651E+11  0.40000E+09  18.7
 145 19.00   82.2  100.00  0.38569E+11 279.7  -1.0 110.0  81.4  0.43103E+12 -0.10000E+01  0.45113E+11  0.40000E+09  18.6
 146 19.00   82.0  100.00  0.38907E+11 279.6  -1.0 110.0  81.4  0.43028E+12 -0.10000E+01  0.45561E+11  0.40000E+09  18.5
 147 19.00   81.9  100.00  0.39233E+11 279.4  -1.0 110.0  81.4  0.42954E+12 -0.10000E+01  0.45994E+11  0.40000E+09  18.4
 148 19.00   81.7  100.00  0.39548E+11 279.3  -1.0 110.0  81.4  0.42879E+12 -0.10000E+01  0.46413E+11  0.40000E+09  18.4
 149 19.00   81.6  100.00  0.39851E+11 279.2  -1.0 110.0  81.4  0.42805E+12 -0.10000E+01  0.46817E+11  0.40000E+09  18.3
 150 19.00   81.5  100.00  0.40143E+11 279.0  -1.0 110.0  81.3  0.42730E+12 -0.10000E+01  0.47207E+11  0.40000E+09  18.2
 151 19.00   81.3  100.00  0.40423E+11 278.9  -1.0 110.0  81.3  0.42656E+12 -0.10000E+01  0.47582E+11  0.40000E+09  18.2
 152 19.00   81.2  100.00  0.40692E+11 278.8  -1.0 110.0  81.3  0.42582E+12 -0.10000E+01  0.47942E+11  0.40000E+09  18.1
 153 19.00   81.1  100.00  0.40949E+11 278.7  -1.0 110.0  81.3  0.42508E+12 -0.10000E+01  0.48288E+11  0.40000E+09  18.1
 154 19.00   81.0  100.00  0.41195E+11 278.6  -1.0 110.0  81.3  0.42434E+12 -0.10000E+01  0.48619E+11  0.40000E+09  18.0
 155 19.00   80.9  100.00  0.41429E+11 278.5  -1.0 110.0  81.3  0.42360E+12 -0.10000E+01  0.48935E+11  0.40000E+09  18.0
 156 19.00   80.8  100.00  0.41652E+11 278.4  -1.0 110.0  81.3  0.42286E+12 -0.10000E+01  0.49236E+11  0.40000E+09  17.9
 157 19.00   80.7  100.00  0.41864E+11 278.3  -1.0 110.0  81.3  0.42212E+12 -0.10000E+01  0.49522E+11  0.40000E+09  17.9
 158 19.00   80.6  100.00  0.42064E+11 278.2  -1.0 110.0  81.3  0.42139E+12 -0.10000E+01  0.49794E+11  0.40000E+09  17.8
 159 19.00   80.5  100.00  0.42253E+11 278.2  -1.0 110.0  81.3  0.42065E+12 -0.10000E+01  0.50050E+11  0.40000E+09  17.8
 160 19.00   80.4  100.00  0.42430E+11 278.1  -1.0 110.0  81.3  0.41991E+12 -0.10000E+01  0.50292E+11  0.40000E+09  17.8
 161 19.00   80.3  100.00  0.42596E+11 278.0  -1.0 110.0  81.3  0.41918E+12 -0.10000E+01  0.50519E+11  0.40000E+09  17.7
 162 19.00   80.3  100.00  0.42751E+11 277.9  -1.0 110.0  81.3  0.41844E+12 -0.10000E+01  0.50730E+11  0.40000E+09  17.7
 163 19.00   80.2  100.00  0.42894E+11 277.9  -1.0 110.0  81.3  0.41771E+12 -0.10000E+01  0.50927E+11  0.40000E+09  17.7
 164 19.00   80.1  100.00  0.43026E+11 277.8  -1.0 110.0  81.3  0.41697E+12 -0.10000E+01  0.51108E+11  0.40000E+09  17.7
 165 19.00   80.1  100.00  0.43147E+11 277.8  -1.0 110.0  81.2  0.41624E+12 -0.10000E+01  0.51274E+11  0.40000E+09  17.6
 166 19.00   80.0  100.00  0.43256E+11 277.7  -1.0 110.0  81.2  0.41551E+12 -0.10000E+01  0.51425E+11  0.40000E+09  17.6
 167 19.00   80.0  100.00  0.43354E+11 277.5  -1.0 110.0  81.2  0.41405E+12 -0.10000E+01  0.51560E+11  0.40000E+09  17.6
 168 19.00   79.9  100.00  0.43440E+11 277.2  -1.0 110.0  81.2  0.41259E+12 -0.10000E+01  0.51681E+11  0.40000E+09  17.6
 169 19.00   79.9  100.00  0.43515E+11 276.9  -1.0 110.0  81.2  0.41113E+12 -0.10000E+01  0.51785E+11  0.40000E+09  17.6
 170 19.00   79.8  100.00  0.43578E+11 276.7  -1.0 110.0  81.2  0.40968E+12 -0.10000E+01  0.51875E+11  0.40000E+09  17.6
 171 19.00   79.8  100.00  0.43630E+11 276.4  -1.0 110.0  81.2  0.40823E+12 -0.10000E+01  0.51948E+11  0.40000E+09  17.6
 172 19.00   79.8  100.00  0.43670E+11 276.2  -1.0 110.0  81.2  0.40678E+12 -0.10000E+01  0.52006E+11  0.40000E+09  17.6
 173 19.00   79.8  100.00  0.43699E+11 275.9  -1.0 110.0  81.2  0.40533E+12 -0.10000E+01  0.52049E+11  0.40000E+09  17.6
 174 19.00   79.8  100.00  0.43716E+11 275.7  -1.0 110.0  81.2  0.40389E+12 -0.10000E+01  0.52076E+11  0.40000E+09  17.6
 175 19.00   79.8  100.00  0.43722E+11 275.4  -1.0 110.0  81.2  0.40244E+12 -0.10000E+01  0.52087E+11  0.40000E+09  17.6
 176 19.00   79.8  100.00  0.43716E+11 275.2  -1.0 110.0  81.2  0.40101E+12 -0.10000E+01  0.52082E+11  0.40000E+09  17.6
 177 19.00   79.8  100.00  0.43698E+11 275.0  -1.0 110.0  81.2  0.39957E+12 -0.10000E+01  0.52060E+11  0.40000E+09  17.6
 178 19.00   79.8  100.00  0.43668E+11 274.8  -1.0 110.0  81.2  0.39814E+12 -0.10000E+01  0.52023E+11  0.40000E+09  17.6
 179 19.00   79.8  100.00  0.43626E+11 274.6  -1.0 110.0  81.2  0.39671E+12 -0.10000E+01  0.51970E+11  0.40000E+09  17.7
 180 19.00   79.8  100.00  0.43572E+11 274.4  -1.0 110.0  81.2  0.39528E+12 -0.10000E+01  0.51900E+11  0.40000E+09  17.7
 181 19.00   79.8  100.00  0.43506E+11 274.2  -1.0 110.0  81.3  0.39385E+12 -0.10000E+01  0.51813E+11  0.40000E+09  17.7
 182 19.00   79.9  100.00  0.43428E+11 274.0  -1.0 110.0  81.3  0.39243E+12 -0.10000E+01  0.51710E+11  0.40000E+09  17.7
 183 19.00   79.9  100.00  0.43338E+11 273.8  -1.0 110.0  81.3  0.39101E+12 -0.10000E+01  0.51591E+11  0.40000E+09  17.8
 184 19.00   80.0  100.00  0.43235E+11 273.6  -1.0 110.0  81.3  0.38959E+12 -0.10000E+01  0.51454E+11  0.40000E+09  17.8
 185 19.00   80.0  100.00  0.43119E+11 273.5  -1.0 110.0  81.3  0.38817E+12 -0.10000E+01  0.51300E+11  0.40000E+09  17.8
 186 19.00   80.1  100.00  0.42991E+11 273.3  -1.0 110.0  81.3  0.38676E+12 -0.10000E+01  0.51129E+11  0.40000E+09  17.9
 187 19.00   80.1  100.00  0.42850E+11 273.2  -1.0 110.0  81.3  0.38535E+12 -0.10000E+01  0.50940E+11  0.40000E+09  17.9
 188 19.00   80.2  100.00  0.42696E+11 273.0  -1.0 110.0  81.3  0.38394E+12 -0.10000E+01  0.50735E+11  0.40000E+09  17.9
 189 19.00   80.3  100.00  0.42528E+11 272.9  -1.0 110.0  81.3  0.38254E+12 -0.10000E+01  0.50511E+11  0.40000E+09  18.0
 190 19.00   80.4  100.00  0.42348E+11 272.7  -1.0 110.0  81.3  0.38113E+12 -0.10000E+01  0.50269E+11  0.40000E+09  18.0
 191 19.00   80.5  100.00  0.42154E+11 272.6  -1.0 110.0  81.3  0.37973E+12 -0.10000E+01  0.50010E+11  0.40000E+09  18.1
 192 19.00   80.5  100.00  0.41947E+11 272.5  -1.0 110.0  81.3  0.37834E+12 -0.10000E+01  0.49732E+11  0.40000E+09  18.1
 193 19.00   80.6  100.00  0.41726E+11 272.4  -1.0 110.0  81.3  0.37694E+12 -0.10000E+01  0.49436E+11  0.40000E+09  18.2
 194 19.00   80.8  100.00  0.41491E+11 272.3  -1.0 110.0  81.3  0.37555E+12 -0.10000E+01  0.49122E+11  0.40000E+09  18.2
 195 19.00   80.9  100.00  0.41242E+11 272.2  -1.0 110.0  81.3  0.37416E+12 -0.10000E+01  0.48788E+11  0.40000E+09  18.3
 196 19.00   81.0  100.00  0.40978E+11 272.1  -1.0 110.0  81.4  0.37277E+12 -0.10000E+01  0.48436E+11  0.40000E+09  18.4
 197 19.00   81.1  100.00  0.40701E+11 272.3  -1.0 110.0  81.4  0.37365E+12 -0.10000E+01  0.48066E+11  0.40000E+09  18.4
 198 19.00   81.2  100.00  0.40410E+11 272.4  -1.0 110.0  81.4  0.37454E+12 -0.10000E+01  0.47677E+11  0.40000E+09  18.5
 199 19.00   81.4  100.00  0.40103E+11 272.6  -1.0 110.0  81.4  0.37542E+12 -0.10000E+01  0.47268E+11  0.40000E+09  18.6
 200 19.00   81.5  100.00  0.39782E+11 272.7  -1.0 110.0  81.4  0.37630E+12 -0.10000E+01  0.46840E+11  0.40000E+09  18.6
 201 19.00   81.7  100.00  0.39445E+11 272.9  -1.0 110.0  81.4  0.37719E+12 -0.10000E+01  0.46392E+11  0.40000E+09  18.7
 202 19.00   81.8  100.00  0.39093E+11 273.0  -1.0 110.0  81.4  0.37808E+12 -0.10000E+01  0.45924E+11  0.40000E+09  18.8
 203 19.00   82.0  100.00  0.38726E+11 273.2  -1.0 110.0  81.5  0.37896E+12 -0.10000E+01  0.45436E+11  0.40000E+09  18.9
 204 19.00   82.1  100.00  0.38343E+11 273.4  -1.0 110.0  81.5  0.37985E+12 -0.10000E+01  0.44928E+11  0.40000E+09  19.0
 205 19.00   82.3  100.00  0.37944E+11 273.6  -1.0 110.0  81.5  0.38074E+12 -0.10000E+01  0.44400E+11  0.40000E+09  19.1
 206 19.00   82.5  100.00  0.37529E+11 273.8  -1.0 110.0  81.5  0.38163E+12 -0.10000E+01  0.43851E+11  0.40000E+09  19.2
 207 19.00   82.7  100.00  0.37098E+11 274.0  -1.0 110.0  81.5  0.38253E+12 -0.10000E+01  0.43282E+11  0.40000E+09  19.3
 208 19.00   82.9  100.00  0.36650E+11 274.2  -1.0 110.0  81.5  0.38342E+12 -0.10000E+01  0.42692E+11  0.40000E+09  19.4
 209 19.00   83.1  100.00  0.36186E+11 274.4  -1.0 110.0  81.6  0.38431E+12 -0.10000E+01  0.42082E+11  0.40000E+09  19.6
 210 19.00   83.3  100.00  0.35706E+11 274.6  -1.0 110.0  81.6  0.38521E+12 -0.10000E+01  0.41451E+11  0.40000E+09  19.7
 211 19.00   83.5  100.00  0.35209E+11 274.9  -1.0 110.0  81.6  0.38610E+12 -0.10000E+01  0.40800E+11  0.40000E+09  19.8
 212 19.00   83.7  100.00  0.34695E+11 275.1  -1.0 110.0  81.6  0.38700E+12 -0.10000E+01  0.40129E+11  0.40000E+09  20.0
 213 19.00   83.9  100.00  0.34164E+11 275.3  -1.0 110.0  81.7  0.38790E+12 -0.10000E+01  0.39437E+11  0.40000E+09  20.1
 214 19.00   84.1  100.00  0.33617E+11 275.6  -1.0 110.0  81.7  0.38880E+12 -0.10000E+01  0.38725E+11  0.40000E+09  20.2
 215 19.00   84.4  100.00  0.33053E+11 275.8  -1.0 110.0  81.7  0.38970E+12 -0.10000E+01  0.37993E+11  0.40000E+09  20.4
 216 19.00   84.6  100.00  0.32472E+11 276.1  -1.0 110.0  81.7  0.39060E+12 -0.10000E+01  0.37242E+11  0.40000E+09  20.6
 217 19.00   84.8  100.00  0.31875E+11 276.3  -1.0 110.0  81.8  0.39150E+12 -0.10000E+01  0.36471E+11  0.40000E+09  20.7
 218 19.00   85.1  100.00  0.31262E+11 276.6  -1.0 110.0  81.8  0.39241E+12 -0.10000E+01  0.35682E+11  0.40000E+09  20.9
 219 19.00   85.3  100.00  0.30632E+11 276.9  -1.0 110.0  81.8  0.39331E+12 -0.10000E+01  0.34874E+11  0.40000E+09  21.1
 220 19.00   85.6  100.00  0.29987E+11 277.2  -1.0 110.0  81.8  0.39422E+12 -0.10000E+01  0.34049E+11  0.40000E+09  21.3
 221 19.00   85.8  100.00  0.29326E+11 277.4  -1.0 110.0  81.9  0.39512E+12 -0.10000E+01  0.33207E+11  0.40000E+09  21.5
 222 19.00   86.1  100.00  0.28651E+11 277.7  -1.0 110.0  81.9  0.39603E+12 -0.10000E+01  0.32350E+11  0.40000E+09  21.7
 223 19.00   86.4  100.00  0.27961E+11 278.0  -1.0 110.0  81.9  0.39694E+12 -0.10000E+01  0.31477E+11  0.40000E+09  21.9
 224 19.00   86.6  100.00  0.27257E+11 278.3  -1.0 110.0  82.0  0.39785E+12 -0.10000E+01  0.30591E+11  0.40000E+09  22.1
 225 19.00   86.9  100.00  0.26541E+11 278.6  -1.0 110.0  82.0  0.39876E+12 -0.10000E+01  0.29692E+11  0.40000E+09  22.4
 226 19.00   87.2  100.00  0.25813E+11 278.9  -1.0 110.0  82.1  0.39967E+12 -0.10000E+01  0.28783E+11  0.40000E+09  22.6
 227 19.00   87.5  100.00  0.25073E+11 279.2  -1.0 110.0  82.1  0.40058E+12 -0.10000E+01  0.27863E+11  0.40000E+09  22.9
 228 19.00   87.8  100.00  0.24325E+11 279.5  -1.0 110.0  82.1  0.39866E+12 -0.10000E+01  0.26937E+11  0.40000E+09  23.1
 229 19.00   88.1  100.00  0.23568E+11 279.9  -1.0 110.0  82.2  0.39675E+12 -0.10000E+01  0.26005E+11  0.40000E+09  23.4
 230 19.00   88.4  100.00  0.22804E+11 280.2  -1.0 110.0  82.2  0.39484E+12 -0.10000E+01  0.25069E+11  0.40000E+09  23.7
 231 19.00   88.7  100.00  0.22034E+11 280.6  -1.0 110.0  82.3  0.39293E+12 -0.10000E+01  0.24131E+11  0.40000E+09  23.9
 232 19.00   89.0  100.00  0.21260E+11 281.0  -1.0 110.0  82.3  0.39103E+12 -0.10000E+01  0.23194E+11  0.40000E+09  24.2
 233 19.00   89.3  100.00  0.20485E+11 281.3  -1.0 110.0  82.4  0.38914E+12 -0.10000E+01  0.22260E+11  0.40000E+09  24.5
 234 19.00   89.6  100.00  0.19709E+11 281.7  -1.0 110.0  82.4  0.38724E+12 -0.10000E+01  0.21332E+11  0.40000E+09  24.8
 235 19.00   89.9  100.00  0.18934E+11 282.0  -1.0 110.0  82.5  0.38536E+12 -0.10000E+01  0.20411E+11  0.40000E+09  25.2
 236 19.00   90.2  100.00  0.18164E+11 282.4  -1.0 110.0  82.5  0.38347E+12 -0.10000E+01  0.19501E+11  0.40000E+09  25.5
 237 19.00   90.6  100.00  0.17399E+11 282.8  -1.0 110.0  82.6  0.38160E+12 -0.10000E+01  0.18603E+11  0.40000E+09  25.8
 238 19.00   90.9  100.00  0.16641E+11 283.2  -1.0 110.0  82.6  0.37972E+12 -0.10000E+01  0.17720E+11  0.40000E+09  26.2
 239 19.00   91.2  100.00  0.15894E+11 283.5  -1.0 110.0  82.7  0.37786E+12 -0.10000E+01  0.16855E+11  0.40000E+09  26.5
 240 19.00   91.5  100.00  0.15158E+11 283.9  -1.0 110.0  82.7  0.37599E+12 -0.10000E+01  0.16010E+11  0.40000E+09  26.9
 241 19.00   91.9  100.00  0.14436E+11 284.3  -1.0 110.0  82.8  0.37413E+12 -0.10000E+01  0.15186E+11  0.40000E+09  27.3
 242 19.00   92.2  100.00  0.13729E+11 284.6  -1.0 110.0  82.9  0.37228E+12 -0.10000E+01  0.14386E+11  0.40000E+09  27.7
 243 19.00   92.6  100.00  0.13027E+11 285.0  -1.0 110.0  82.9  0.37043E+12 -0.10000E+01  0.13610E+11  0.40000E+09  28.1
 244 19.00   92.9  100.00  0.12315E+11 285.3  -1.0 110.0  83.0  0.36858E+12 -0.10000E+01  0.12862E+11  0.40000E+09  28.5
 245 19.00   93.3  100.00  0.11630E+11 285.7  -1.0 110.0  83.0  0.36674E+12 -0.10000E+01  0.12140E+11  0.40000E+09  28.9
 246 19.00   93.6  100.00  0.10971E+11 286.0  -1.0 110.0  83.1  0.36490E+12 -0.10000E+01  0.11448E+11  0.40000E+09  29.3
 247 19.00   93.9  100.00  0.10340E+11 286.3  -1.0 110.0  83.2  0.36307E+12 -0.10000E+01  0.10784E+11  0.40000E+09  29.7
 248 19.00   94.3  100.00  0.97370E+10 286.7  -1.0 110.0  83.2  0.36124E+12 -0.10000E+01  0.10150E+11  0.40000E+09  30.2
 249 19.00   94.7  100.00  0.91622E+10 287.0  -1.0 110.0  83.3  0.35942E+12 -0.10000E+01  0.95458E+10  0.40000E+09  30.6
 250 19.00   95.0  100.00  0.86156E+10 287.3  -1.0 110.0  83.4  0.35760E+12 -0.10000E+01  0.89713E+10  0.40000E+09  31.1
 251 19.00   95.4  100.00  0.80972E+10 287.6  -1.0 110.0  83.4  0.35579E+12 -0.10000E+01  0.84265E+10  0.40000E+09  31.5
 252 19.00   95.7  100.00  0.76064E+10 287.9  -1.0 110.0  83.5  0.35398E+12 -0.10000E+01  0.79109E+10  0.40000E+09  32.0
 253 19.00   96.1  100.00  0.71429E+10 288.1  -1.0 110.0  83.6  0.35218E+12 -0.10000E+01  0.74240E+10  0.40000E+09  32.5
 254 19.00   96.4  100.00  0.67059E+10 288.4  -1.0 110.0  83.7  0.35038E+12 -0.10000E+01  0.69651E+10  0.40000E+09  33.0
 255 19.00   96.8  100.00  0.62948E+10 288.7  -1.0 110.0  83.7  0.34858E+12 -0.10000E+01  0.65334E+10  0.40000E+09  33.4
 256 19.00   97.2  100.00  0.59087E+10 288.9  -1.0 110.0  83.8  0.34679E+12 -0.10000E+01  0.61282E+10  0.40000E+09  33.9
 257 19.00   97.5  100.00  0.55469E+10 289.2  -1.0 110.0  83.9  0.34501E+12 -0.10000E+01  0.57486E+10  0.40000E+09  34.4
 258 19.00   97.9  100.00  0.52082E+10 289.4  -1.0 110.0  83.9  0.34323E+12 -0.10000E+01  0.53933E+10  0.40000E+09  34.9
 259 19.00   98.3  100.00  0.48920E+10 289.3  -1.0 110.0  84.0  0.33830E+12 -0.10000E+01  0.50618E+10  0.40000E+09  35.4
 260 19.00   98.6  100.00  0.45970E+10 289.2  -1.0 110.0  84.1  0.33340E+12 -0.10000E+01  0.47525E+10  0.40000E+09  35.9
 261 19.00   99.0  100.00  0.43224E+10 289.0  -1.0 110.0  84.2  0.32854E+12 -0.10000E+01  0.44648E+10  0.40000E+09  36.4
 262 19.00   99.4  100.00  0.40670E+10 288.9  -1.0 110.0  84.2  0.32372E+12 -0.10000E+01  0.41973E+10  0.40000E+09  36.9
 263 19.00   99.7  100.00  0.38300E+10 288.8  -1.0 110.0  84.3  0.31893E+12 -0.10000E+01  0.39491E+10  0.40000E+09  37.5
 264 19.00  100.1  100.00  0.36104E+10 288.6  -1.0 110.0  84.4  0.31418E+12 -0.10000E+01  0.37192E+10  0.40000E+09  38.0
 265 19.00  100.5  100.00  0.34072E+10 288.5  -1.0 110.0  84.5  0.30947E+12 -0.10000E+01  0.35066E+10  0.40000E+09  38.5
 266 19.00  100.8  100.00  0.32193E+10 288.3  -1.0 110.0  84.5  0.30479E+12 -0.10000E+01  0.33101E+10  0.40000E+09  39.0
 267 19.00  101.2  100.00  0.30462E+10 288.1  -1.0 110.0  84.6  0.30014E+12 -0.10000E+01  0.31292E+10  0.40000E+09  39.5
 268 19.00  101.6  100.00  0.28866E+10 287.9  -1.0 110.0  84.7  0.29553E+12 -0.10000E+01  0.29624E+10  0.40000E+09  40.0
 269 19.00  101.9  100.00  0.27399E+10 287.7  -1.0 110.0  84.8  0.29096E+12 -0.10000E+01  0.28092E+10  0.40000E+09  40.5
 270 19.00  102.3  100.00  0.26052E+10 287.5  -1.0 110.0  84.8  0.28642E+12 -0.10000E+01  0.26686E+10  0.40000E+09  41.0
 271 19.00  102.6  100.00  0.24819E+10 287.3  -1.0 110.0  84.9  0.28192E+12 -0.10000E+01  0.25398E+10  0.40000E+09  41.5
 272 19.00  103.0  100.00  0.23689E+10 287.1  -1.0 110.0  85.0  0.27746E+12 -0.10000E+01  0.24220E+10  0.40000E+09  42.0
 273 19.00  103.4  100.00  0.22657E+10 286.9  -1.0 110.0  85.0  0.27303E+12 -0.10000E+01  0.23143E+10  0.40000E+09  42.5
 274 19.00  103.7  100.00  0.21716E+10 286.7  -1.0 110.0  85.1  0.26863E+12 -0.10000E+01  0.22163E+10  0.40000E+09  43.0
 275 19.00  104.1  100.00  0.20862E+10 286.5  -1.0 110.0  85.2  0.26427E+12 -0.10000E+01  0.21272E+10  0.40000E+09  43.5
 276 19.00  104.4  100.00  0.20084E+10 286.3  -1.0 110.0  85.2  0.25995E+12 -0.10000E+01  0.20462E+10  0.40000E+09  44.0
 277 19.00  104.8  100.00  0.19378E+10 286.0  -1.0 110.0  85.3  0.25566E+12 -0.10000E+01  0.19727E+10  0.40000E+09  44.4
 278 19.00  105.1  100.00  0.19126E+10 285.7  -1.0 110.0  85.4  0.25141E+12 -0.10000E+01  0.19469E+10  0.40000E+09  44.9
 279 19.00  105.5  100.00  0.19117E+10 285.4  -1.0 110.0  85.4  0.24719E+12 -0.10000E+01  0.19465E+10  0.40000E+09  45.4
 280 19.00  105.8  100.00  0.19109E+10 285.1  -1.0 110.0  85.5  0.24301E+12 -0.10000E+01  0.19462E+10  0.40000E+09  45.8
 281 19.00  106.2  100.00  0.19100E+10 284.8  -1.0 110.0  85.5  0.23887E+12 -0.10000E+01  0.19458E+10  0.40000E+09  46.3
 282 19.00  106.5  100.00  0.19092E+10 284.5  -1.0 110.0  85.6  0.23476E+12 -0.10000E+01  0.19455E+10  0.40000E+09  46.7
 283 19.00  106.9  100.00  0.19083E+10 284.1  -1.0 110.0  85.7  0.23068E+12 -0.10000E+01  0.19452E+10  0.40000E+09  47.2
 284 19.00  107.2  100.00  0.19075E+10 283.8  -1.0 110.0  85.7  0.22664E+12 -0.10000E+01  0.19448E+10  0.40000E+09  47.6
 285 19.00  107.5  100.00  0.19067E+10 283.5  -1.0 110.0  85.8  0.22264E+12 -0.10000E+01  0.19445E+10  0.40000E+09  48.0
 286 19.00  107.9  100.00  0.19058E+10 283.2  -1.0 110.0  85.8  0.21867E+12 -0.10000E+01  0.19442E+10  0.40000E+09  48.4
 287 19.00  108.2  100.00  0.19050E+10 282.9  -1.0 110.0  85.9  0.21474E+12 -0.10000E+01  0.19438E+10  0.40000E+09  48.8
 288 19.00  108.5  100.00  0.19042E+10 282.6  -1.0 110.0  85.9  0.21085E+12 -0.10000E+01  0.19435E+10  0.40000E+09  49.2
 289 19.00  108.9  100.00  0.19034E+10 282.6  -1.0 110.0  86.0  0.20622E+12 -0.10000E+01  0.19432E+10  0.40000E+09  49.6
 290 19.00  109.2  100.00  0.19026E+10 282.7  -1.0 110.0  86.0  0.20165E+12 -0.10000E+01  0.19429E+10  0.40000E+09  49.9
 291 19.00  109.5  100.00  0.19019E+10 282.8  -1.0 110.0  86.1  0.19713E+12 -0.10000E+01  0.19427E+10  0.40000E+09  50.3
 292 19.00  109.8  100.00  0.19011E+10 282.9  -1.0 110.0  86.1  0.19266E+12 -0.10000E+01  0.19424E+10  0.40000E+09  50.7
 293 19.00  110.1  100.00  0.19004E+10 282.9  -1.0 110.0  86.2  0.18824E+12 -0.10000E+01  0.19421E+10  0.40000E+09  51.0
 294 19.00  110.4  100.00  0.18997E+10 283.0  -1.0 110.0  86.2  0.18387E+12 -0.10000E+01  0.19418E+10  0.40000E+09  51.4
 295 19.00  110.7  100.00  0.18989E+10 283.1  -1.0 110.0  86.3  0.17955E+12 -0.10000E+01  0.19415E+10  0.40000E+09  51.7
 296 19.00  111.0  100.00  0.18982E+10 283.1  -1.0 110.0  86.3  0.17529E+12 -0.10000E+01  0.19413E+10  0.40000E+09  52.0
 297 19.00  111.3  100.00  0.18975E+10 283.2  -1.0 110.0  86.4  0.17107E+12 -0.10000E+01  0.19410E+10  0.40000E+09  52.3
 298 19.00  111.6  100.00  0.18968E+10 283.3  -1.0 110.0  86.4  0.16691E+12 -0.10000E+01  0.19407E+10  0.40000E+09  52.6
 299 19.00  111.8  100.00  0.18961E+10 283.3  -1.0 110.0  86.4  0.16280E+12 -0.10000E+01  0.19404E+10  0.40000E+09  52.9
 300 19.00  112.1  100.00  0.18954E+10 283.4  -1.0 110.0  86.5  0.15874E+12 -0.10000E+01  0.19401E+10  0.40000E+09  53.2
 301 19.00  112.4  100.00  0.18948E+10 283.4  -1.0 110.0  86.5  0.15473E+12 -0.10000E+01  0.19399E+10  0.40000E+09  53.5
 302 19.00  112.6  100.00  0.18941E+10 283.5  -1.0 110.0  86.5  0.15077E+12 -0.10000E+01  0.19396E+10  0.40000E+09  53.7
 303 19.00  112.9  100.00  0.18934E+10 283.6  -1.0 110.0  86.6  0.14686E+12 -0.10000E+01  0.19393E+10  0.40000E+09  54.0
 304 19.00  113.1  100.00  0.18928E+10 283.6  -1.0 110.0  86.6  0.14301E+12 -0.10000E+01  0.19390E+10  0.40000E+09  54.2
 305 19.00  113.4  100.00  0.18922E+10 283.6  -1.0 110.0  86.6  0.13920E+12 -0.10000E+01  0.19387E+10  0.40000E+09  54.5
 306 19.00  113.6  100.00  0.18915E+10 283.7  -1.0 110.0  86.7  0.13545E+12 -0.10000E+01  0.19385E+10  0.40000E+09  54.7
 307 19.00  113.9  100.00  0.18909E+10 283.7  -1.0 110.0  86.7  0.13175E+12 -0.10000E+01  0.19382E+10  0.40000E+09  54.9
 308 19.00  114.1  100.00  0.18903E+10 283.8  -1.0 110.0  86.7  0.12810E+12 -0.10000E+01  0.19379E+10  0.40000E+09  55.1
 309 19.00  114.3  100.00  0.18897E+10 283.8  -1.0 110.0  86.7  0.12450E+12 -0.10000E+01  0.19376E+10  0.40000E+09  55.3
 310 19.00  114.5  100.00  0.18892E+10 283.8  -1.0 110.0  86.8  0.12095E+12 -0.10000E+01  0.19374E+10  0.40000E+09  55.5
 311 19.00  114.8  100.00  0.18886E+10 283.9  -1.0 110.0  86.8  0.11746E+12 -0.10000E+01  0.19371E+10  0.40000E+09  55.7
 312 19.00  115.0  100.00  0.18880E+10 283.9  -1.0 110.0  86.8  0.11401E+12 -0.10000E+01  0.19368E+10  0.40000E+09  55.9
 313 19.00  115.2  100.00  0.18875E+10 283.9  -1.0 110.0  86.8  0.11062E+12 -0.10000E+01  0.19365E+10  0.40000E+09  56.1
 314 19.00  115.4  100.00  0.18869E+10 283.9  -1.0 110.0  86.9  0.10727E+12 -0.10000E+01  0.19362E+10  0.40000E+09  56.3
 315 19.00  115.5  100.00  0.18864E+10 284.0  -1.0 110.0  86.9  0.10398E+12 -0.10000E+01  0.19360E+10  0.40000E+09  56.4
 316 19.00  115.7  100.00  0.18859E+10 284.0  -1.0 110.0  86.9  0.10074E+12 -0.10000E+01  0.19357E+10  0.40000E+09  56.6
 317 19.00  115.9  100.00  0.18854E+10 284.0  -1.0 110.0  86.9  0.97554E+11 -0.10000E+01  0.19354E+10  0.40000E+09  56.7
 318 19.00  116.1  100.00  0.18849E+10 284.0  -1.0 110.0  86.9  0.94417E+11 -0.10000E+01  0.19351E+10  0.40000E+09  56.9
 319 19.00  116.2  100.00  0.18844E+10 284.0  -1.0 110.0  87.0  0.91330E+11 -0.10000E+01  0.19348E+10  0.40000E+09  57.0
 320 19.00  116.4  100.00  0.18838E+10 284.1  -1.0 110.0  87.0  0.90077E+11 -0.10000E+01  0.19345E+10  0.40000E+09  57.1
 321 19.00  116.5  100.00  0.18833E+10 284.3  -1.0 110.0  87.0  0.88833E+11 -0.10000E+01  0.19341E+10  0.40000E+09  57.3
 322 19.00  116.7  100.00  0.18827E+10 284.4  -1.0 110.0  87.0  0.87597E+11 -0.10000E+01  0.19337E+10  0.40000E+09  57.4
 323 19.00  116.8  100.00  0.18821E+10 284.6  -1.0 110.0  87.0  0.86370E+11 -0.10000E+01  0.19333E+10  0.40000E+09  57.5
 324 19.00  116.9  100.00  0.18816E+10 284.7  -1.0 110.0  87.0  0.85152E+11 -0.10000E+01  0.19329E+10  0.40000E+09  57.6
 325 19.00  117.1  100.00  0.18811E+10 284.9  -1.0 110.0  87.0  0.83942E+11 -0.10000E+01  0.19325E+10  0.40000E+09  57.7
 326 19.00  117.2  100.00  0.18806E+10 285.0  -1.0 110.0  87.1  0.82741E+11 -0.10000E+01  0.19322E+10  0.40000E+09  57.8
 327 19.00  117.3  100.00  0.18801E+10 285.2  -1.0 110.0  87.1  0.81549E+11 -0.10000E+01  0.19318E+10  0.40000E+09  57.9
 328 19.00  117.4  100.00  0.18796E+10 285.3  -1.0 110.0  87.1  0.80365E+11 -0.10000E+01  0.19314E+10  0.40000E+09  58.0
 329 19.00  117.5  100.00  0.18791E+10 285.5  -1.0 110.0  87.1  0.79190E+11 -0.10000E+01  0.19310E+10  0.40000E+09  58.0
 330 19.00  117.6  100.00  0.18786E+10 285.6  -1.0 110.0  87.1  0.78023E+11 -0.10000E+01  0.19306E+10  0.40000E+09  58.1
 331 19.00  117.7  100.00  0.18781E+10 285.8  -1.0 110.0  87.1  0.76866E+11 -0.10000E+01  0.19302E+10  0.40000E+09  58.2
 332 19.00  117.7  100.00  0.18776E+10 285.9  -1.0 110.0  87.1  0.75716E+11 -0.10000E+01  0.19298E+10  0.40000E+09  58.2
 333 19.00  117.8  100.00  0.18772E+10 286.1  -1.0 110.0  87.1  0.74576E+11 -0.10000E+01  0.19295E+10  0.40000E+09  58.3
 334 19.00  117.9  100.00  0.18767E+10 286.2  -1.0 110.0  87.1  0.73444E+11 -0.10000E+01  0.19291E+10  0.40000E+09  58.3
 335 19.00  117.9  100.00  0.18763E+10 286.3  -1.0 110.0  87.1  0.72321E+11 -0.10000E+01  0.19287E+10  0.40000E+09  58.4
 336 19.00  118.0  100.00  0.18759E+10 286.5  -1.0 110.0  87.1  0.71206E+11 -0.10000E+01  0.19283E+10  0.40000E+09  58.4
 337 19.00  118.0  100.00  0.18755E+10 286.6  -1.0 110.0  87.1  0.70100E+11 -0.10000E+01  0.19279E+10  0.40000E+09  58.5
 338 19.00  118.0  100.00  0.18750E+10 286.7  -1.0 110.0  87.2  0.69003E+11 -0.10000E+01  0.19275E+10  0.40000E+09  58.5
 339 19.00  118.1  100.00  0.18746E+10 286.9  -1.0 110.0  87.2  0.67915E+11 -0.10000E+01  0.19272E+10  0.40000E+09  58.5
 340 19.00  118.1  100.00  0.18743E+10 287.0  -1.0 110.0  87.2  0.66835E+11 -0.10000E+01  0.19268E+10  0.40000E+09  58.5
 341 19.00  118.1  100.00  0.18739E+10 287.1  -1.0 110.0  87.2  0.65763E+11 -0.10000E+01  0.19264E+10  0.40000E+09  58.5
 342 19.00  118.1  100.00  0.18735E+10 287.3  -1.0 110.0  87.2  0.64701E+11 -0.10000E+01  0.19260E+10  0.40000E+09  58.6
 343 19.00  118.1  100.00  0.18731E+10 287.4  -1.0 110.0  87.2  0.63647E+11 -0.10000E+01  0.19256E+10  0.40000E+09  58.6
 344 19.00  118.1  100.00  0.18728E+10 287.5  -1.0 110.0  87.2  0.62602E+11 -0.10000E+01  0.19252E+10  0.40000E+09  58.6
 345 19.00  118.1  100.00  0.18724E+10 287.6  -1.0 110.0  87.2  0.61565E+11 -0.10000E+01  0.19249E+10  0.40000E+09  58.6
 346 19.00  118.1  100.00  0.18721E+10 287.8  -1.0 110.0  87.2  0.60537E+11 -0.10000E+01  0.19245E+10  0.40000E+09  58.6
 347 19.00  118.1  100.00  0.18717E+10 287.9  -1.0 110.0  87.2  0.59518E+11 -0.10000E+01  0.19241E+10  0.40000E+09  58.5
 348 19.00  118.0  100.00  0.18714E+10 288.0  -1.0 110.0  87.2  0.58507E+11 -0.10000E+01  0.19237E+10  0.40000E+09  58.5
 349 19.00  118.0  100.00  0.18711E+10 288.1  -1.0 110.0  87.2  0.57505E+11 -0.10000E+01  0.19233E+10  0.40000E+09  58.5
 350 19.00  117.9  100.00  0.18708E+10 287.8  -1.0 110.0  87.2  0.57743E+11 -0.10000E+01  0.19230E+10  0.40000E+09  58.5
 351 19.00  117.9  100.00  0.18705E+10 287.4  -1.0 110.0  87.1  0.57980E+11 -0.10000E+01  0.19226E+10  0.40000E+09  58.4
 352 19.00  117.8  100.00  0.18702E+10 287.1  -1.0 110.0  87.1  0.58218E+11 -0.10000E+01  0.19222E+10  0.40000E+09  58.4
 353 19.00  117.8  100.00  0.18699E+10 286.8  -1.0 110.0  87.1  0.58457E+11 -0.10000E+01  0.19218E+10  0.40000E+09  58.4
 354 19.00  117.7  100.00  0.18697E+10 286.4  -1.0 110.0  87.1  0.58696E+11 -0.10000E+01  0.19215E+10  0.40000E+09  58.3
 355 19.00  117.6  100.00  0.18694E+10 286.1  -1.0 110.0  87.1  0.58935E+11 -0.10000E+01  0.19211E+10  0.40000E+09  58.3
 356 19.00  117.5  100.00  0.18692E+10 285.7  -1.0 110.0  87.1  0.59175E+11 -0.10000E+01  0.19207E+10  0.40000E+09  58.2
 357 19.00  117.4  100.00  0.18689E+10 285.4  -1.0 110.0  87.1  0.59416E+11 -0.10000E+01  0.19204E+10  0.40000E+09  58.1
 358 19.00  117.4  100.00  0.18687E+10 285.1  -1.0 110.0  87.1  0.59657E+11 -0.10000E+01  0.19200E+10  0.40000E+09  58.1
 359 19.00  117.3  100.00  0.18685E+10 284.7  -1.0 110.0  87.1  0.59898E+11 -0.10000E+01  0.19196E+10  0.40000E+09  58.0
 360 19.00  117.2  100.00  0.18683E+10 284.4  -1.0 110.0  87.1  0.60141E+11 -0.10000E+01  0.19192E+10  0.40000E+09  57.9
 361 19.00  117.0  100.00  0.18681E+10 284.1  -1.0 110.0  87.1  0.60383E+11 -0.10000E+01  0.19189E+10  0.40000E+09  57.8
 362 19.00  116.9  100.00  0.18679E+10 283.7  -1.0 110.0  87.1  0.60626E+11 -0.10000E+01  0.19185E+10  0.40000E+09  57.8
 363 19.00  116.8  100.00  0.18677E+10 283.4  -1.0 110.0  87.1  0.60869E+11 -0.10000E+01  0.19181E+10  0.40000E+09  57.7
 364 19.00  116.7  100.00  0.18675E+10 283.1  -1.0 110.0  87.0  0.61113E+11 -0.10000E+01  0.19178E+10  0.40000E+09  57.6
 365 19.00  116.5  100.00  0.18673E+10 282.7  -1.0 110.0  87.0  0.61358E+11 -0.10000E+01  0.19174E+10  0.40000E+09  57.5
