 217  0.00  110.4  100.00  0.19074E+10 312.4  -1.0 110.0  87.7  0.19826E+12 -0.10000E+01  0.19718E+10  0.40000E+09  62.7
 217  0.25  110.4  100.00  0.19088E+10 314.3  -1.0 110.0  87.6  0.18892E+12 -0.10000E+01  0.19718E+10  0.40000E+09  61.9
 217  0.50  110.2  100.00  0.19106E+10 316.2  -1.0 110.0  87.5  0.18035E+12 -0.10000E+01  0.19718E+10  0.40000E+09  61.0
 217  0.75  109.9  100.00  0.19127E+10 318.0  -1.0 110.0  87.4  0.17253E+12 -0.10000E+01  0.19718E+10  0.40000E+09  59.8
 217  1.00  109.5  100.00  0.19151E+10 319.6  -1.0 110.0  87.2  0.16545E+12 -0.10000E+01  0.19718E+10  0.40000E+09  58.4
 217  1.25  108.9  100.00  0.19180E+10 321.0  -1.0 110.0  87.0  0.15907E+12 -0.10000E+01  0.19718E+10  0.40000E+09  56.8
 217  1.50  108.1  100.00  0.19211E+10 322.2  -1.0 110.0  86.8  0.15339E+12 -0.10000E+01  0.19718E+10  0.40000E+09  54.8
 217  1.75  107.2  100.00  0.19246E+10 323.1  -1.0 110.0  86.5  0.14840E+12 -0.10000E+01  0.19718E+10  0.40000E+09  52.6
 217  2.00  106.2  100.00  0.19282E+10 323.7  -1.0 110.0  86.2  0.14413E+12 -0.10000E+01  0.19718E+10  0.40000E+09  50.1
 217  2.25  105.1  100.00  0.19319E+10 324.0  -1.0 110.0  85.8  0.14059E+12 -0.10000E+01  0.19718E+10  0.40000E+09  47.3
 217  2.50  103.8  100.00  0.20802E+10 323.5  -1.0 110.0  85.4  0.13783E+12 -0.10000E+01  0.21241E+10  0.40000E+09  44.4
 217  2.75  102.5  100.00  0.24731E+10 322.3  -1.0 110.0  85.0  0.13589E+12 -0.10000E+01  0.25326E+10  0.40000E+09  41.4
 217  3.00  101.0  100.00  0.30625E+10 320.4  -1.0 110.0  84.6  0.13485E+12 -0.10000E+01  0.31462E+10  0.40000E+09  38.3
 217  3.25   99.4  100.00  0.39402E+10 317.8  -1.0 110.0  84.2  0.13478E+12 -0.10000E+01  0.40610E+10  0.40000E+09  35.4
 217  3.50   97.8  100.00  0.52329E+10 314.4  -1.0 110.0  83.7  0.13575E+12 -0.10000E+01  0.54103E+10  0.40000E+09  32.6
 217  3.75   96.0  100.00  0.71102E+10 310.1  -1.0 110.0  83.3  0.13782E+12 -0.10000E+01  0.73733E+10  0.40000E+09  30.0
 217  4.00   94.2  100.00  0.97763E+10 304.8  -1.0 110.0  83.0  0.14108E+12 -0.10000E+01  0.10166E+11  0.40000E+09  27.7
 217  4.25   92.3  100.00  0.13427E+11 298.6  -1.0 110.0  82.6  0.14556E+12 -0.10000E+01  0.13996E+11  0.40000E+09  25.7
 217  4.50   90.4  100.00  0.17791E+11 291.5  -1.0 110.0  82.3  0.15132E+12 -0.10000E+01  0.18961E+11  0.40000E+09  24.0
 217  4.75   88.4  100.00  0.22790E+11 283.8  -1.0 110.0  82.1  0.15834E+12 -0.10000E+01  0.24934E+11  0.40000E+09  22.6
 217  5.00   86.3  100.00  0.28094E+11 275.9  -1.0 110.0  81.9  0.16662E+12 -0.10000E+01  0.31564E+11  0.40000E+09  21.4
 217  5.25   84.2  100.00  0.33370E+11 268.4  -1.0 110.0  81.7  0.17610E+12 -0.10000E+01  0.38436E+11  0.40000E+09  20.4
 217  5.50   82.1  100.00  0.38397E+11 261.7  -1.0 110.0  81.6  0.18666E+12 -0.10000E+01  0.45227E+11  0.40000E+09  19.7
 217  5.75   79.9  100.00  0.43081E+11 256.0  -1.0 110.0  81.4  0.19817E+12 -0.10000E+01  0.51763E+11  0.40000E+09  19.0
 217  6.00   77.7  100.00  0.47404E+11 251.4  -1.0 110.0  81.4  0.21045E+12 -0.10000E+01  0.57974E+11  0.40000E+09  18.5
 217  6.25   75.5  100.00  0.51384E+11 247.8  -1.0 110.0  81.3  0.22328E+12 -0.10000E+01  0.63852E+11  0.40000E+09  18.1
 217  6.50   73.2  100.00  0.55051E+11 245.0  -1.0 110.0  81.2  0.23641E+12 -0.10000E+01  0.69408E+11  0.40000E+09  17.8
 217  6.75   71.0  100.00  0.58433E+11 242.9  -1.0 110.0  81.2  0.24961E+12 -0.10000E+01  0.74662E+11  0.40000E+09  17.5
 217  7.00   68.7  100.00  0.61558E+11 241.4  -1.0 110.0  81.1  0.26262E+12 -0.10000E+01  0.79633E+11  0.40000E+09  17.3
 217  7.25   66.5  100.00  0.64449E+11 240.3  -1.0 110.0  81.1  0.27521E+12 -0.10000E+01  0.84334E+11  0.40000E+09  17.2
 217  7.50   64.2  100.00  0.67125E+11 239.5  -1.0 110.0  81.1  0.28718E+12 -0.10000E+01  0.88778E+11  0.40000E+09  17.1
 217  7.75   62.0  100.00  0.69601E+11 239.0  -1.0 110.0  81.1  0.29839E+12 -0.10000E+01  0.92973E+11  0.40000E+09  17.0
 217  8.00   59.8  100.00  0.74079E+11 238.6  -1.0 110.0  81.1  0.30870E+12 -0.10000E+01  0.96927E+11  0.45319E+09  16.9
 217  8.25   57.6  100.00  0.78068E+11 238.3  -1.0 110.0  81.0  0.31805E+12 -0.10000E+01  0.10064E+12  0.50048E+09  16.8
 217  8.50   55.4  100.00  0.81578E+11 238.1  -1.0 110.0  81.0  0.32642E+12 -0.10000E+01  0.10412E+12  0.54019E+09  16.8
 217  8.75   53.3  100.00  0.84690E+11 238.0  -1.0 110.0  81.0  0.33383E+12 -0.10000E+01  0.10737E+12  0.57337E+09  16.8
 217  9.00   51.3  100.00  0.87462E+11 237.8 182.6 110.0  81.0  0.34030E+12  0.22005E+12  0.11039E+12  0.60104E+09  16.7
 217  9.25   49.3  100.00  0.89934E+11 237.7 182.2 110.0  81.0  0.34591E+12  0.22367E+12  0.11317E+12  0.62410E+09  16.7
 217  9.50   47.4  100.00  0.92137E+11 237.5 181.8 110.0  81.0  0.35072E+12  0.22696E+12  0.11573E+12  0.64331E+09  16.7
 217  9.75   45.6  100.00  0.94092E+11 237.3 181.2 110.0  81.0  0.35479E+12  0.22993E+12  0.11805E+12  0.65930E+09  16.7
 217 10.00   43.9  100.00  0.95815E+11 237.1 180.6 110.0  81.0  0.35820E+12  0.23259E+12  0.12014E+12  0.67256E+09  16.7
 217 10.25   42.4  100.00  0.97321E+11 236.8 180.0 110.0  81.0  0.36097E+12  0.23493E+12  0.12200E+12  0.68353E+09  16.7
 217 10.50   40.9  100.00  0.98619E+11 236.5 179.3 110.0  81.0  0.36313E+12  0.23697E+12  0.12362E+12  0.69252E+09  16.7
 217 10.75   39.7  100.00  0.99716E+11 236.2 178.6 110.0  81.0  0.36471E+12  0.23871E+12  0.12501E+12  0.69980E+09  16.7
 217 11.00   38.6  100.00  0.10062E+12 235.9 177.9 110.0  81.0  0.36567E+12  0.24015E+12  0.12616E+12  0.70557E+09  16.7
 217 11.25   37.7  100.00  0.10133E+12 236.0 177.5 110.0  81.0  0.36601E+12  0.24129E+12  0.12708E+12  0.70999E+09  16.6
 217 11.50   37.1  100.00  0.10186E+12 236.3 177.5 110.0  81.0  0.36568E+12  0.24214E+12  0.12776E+12  0.71318E+09  16.6
 217 11.75   36.6  100.00  0.10220E+12 236.6 177.6 110.0  81.0  0.36466E+12  0.24269E+12  0.12820E+12  0.71521E+09  16.6
 217 12.00   36.4  100.00  0.10236E+12 237.0 177.8 110.0  81.0  0.36290E+12  0.24295E+12  0.12841E+12  0.71615E+09  16.6
 217 12.25   36.4  100.00  0.10234E+12 237.3 178.1 110.0  81.0  0.36040E+12  0.24291E+12  0.12838E+12  0.71602E+09  16.6
 217 12.50   36.7  100.00  0.10213E+12 237.7 178.7 110.0  81.0  0.35715E+12  0.24258E+12  0.12812E+12  0.71481E+09  16.6
 217 12.75   37.2  100.00  0.10174E+12 238.2 179.4 110.0  81.0  0.35317E+12  0.24195E+12  0.12761E+12  0.71249E+09  16.6
 217 13.00   37.9  100.00  0.10117E+12 238.7 180.3 110.0  81.0  0.34854E+12  0.24104E+12  0.12687E+12  0.70901E+09  16.6
 217 13.25   38.9  100.00  0.10041E+12 239.1 181.3 110.0  81.0  0.34336E+12  0.23982E+12  0.12590E+12  0.70426E+09  16.7
 217 13.50   40.0  100.00  0.99461E+11 239.6 182.4 110.0  81.0  0.33775E+12  0.23831E+12  0.12468E+12  0.69813E+09  16.7
 217 13.75   41.3  100.00  0.98314E+11 240.1 183.6 110.0  81.0  0.33189E+12  0.23649E+12  0.12324E+12  0.69044E+09  16.7
 217 14.00   42.7  100.00  0.96964E+11 240.5 184.7 110.0  81.0  0.32599E+12  0.23437E+12  0.12155E+12  0.68098E+09  16.7
 217 14.25   44.3  100.00  0.95404E+11 240.9 185.8 110.0  81.0  0.32028E+12  0.23195E+12  0.11964E+12  0.66947E+09  16.7
 217 14.50   46.1  100.00  0.93622E+11 241.2 186.6 110.0  81.0  0.31499E+12  0.22921E+12  0.11749E+12  0.65555E+09  16.7
 217 14.75   47.9  100.00  0.91605E+11 241.4 187.0 110.0  81.0  0.31038E+12  0.22616E+12  0.11511E+12  0.63879E+09  16.7
 217 15.00   49.8  100.00  0.89335E+11 241.4 187.1 110.0  81.0  0.30667E+12  0.22279E+12  0.11249E+12  0.61866E+09  16.7
 217 15.25   51.8  100.00  0.86787E+11 241.3 186.6 110.0  81.0  0.30410E+12  0.21908E+12  0.10965E+12  0.59448E+09  16.7
 217 15.50   53.9  100.00  0.83930E+11 241.0  -1.0 110.0  81.0  0.30283E+12 -0.10000E+01  0.10657E+12  0.56547E+09  16.8
 217 15.75   56.0  100.00  0.80719E+11 242.0  -1.0 110.0  81.0  0.30302E+12 -0.10000E+01  0.10326E+12  0.53068E+09  16.8
 217 16.00   58.1  100.00  0.77091E+11 245.2  -1.0 110.0  81.0  0.30474E+12 -0.10000E+01  0.99709E+11  0.48908E+09  16.9
 217 16.25   60.3  100.00  0.72955E+11 248.5  -1.0 110.0  81.1  0.30804E+12 -0.10000E+01  0.95928E+11  0.43960E+09  16.9
 217 16.50   62.6  100.00  0.68974E+11 251.9  -1.0 110.0  81.1  0.31288E+12 -0.10000E+01  0.91906E+11  0.40000E+09  17.0
 217 16.75   64.8  100.00  0.66442E+11 255.2  -1.0 110.0  81.1  0.31916E+12 -0.10000E+01  0.87639E+11  0.40000E+09  17.1
 217 17.00   67.1  100.00  0.63706E+11 258.3  -1.0 110.0  81.1  0.32669E+12 -0.10000E+01  0.83121E+11  0.40000E+09  17.2
 217 17.25   69.3  100.00  0.60749E+11 261.2  -1.0 110.0  81.1  0.33523E+12 -0.10000E+01  0.78341E+11  0.40000E+09  17.4
 217 17.50   71.6  100.00  0.57550E+11 263.9  -1.0 110.0  81.2  0.34445E+12 -0.10000E+01  0.73286E+11  0.40000E+09  17.6
 217 17.75   73.8  100.00  0.54086E+11 266.3  -1.0 110.0  81.2  0.35399E+12 -0.10000E+01  0.67940E+11  0.40000E+09  17.9
 217 18.00   76.1  100.00  0.50327E+11 268.4  -1.0 110.0  81.3  0.36342E+12 -0.10000E+01  0.62284E+11  0.40000E+09  18.2
 217 18.25   78.3  100.00  0.46243E+11 270.5  -1.0 110.0  81.4  0.37230E+12 -0.10000E+01  0.56299E+11  0.40000E+09  18.7
 217 18.50   80.5  100.00  0.41807E+11 272.4  -1.0 110.0  81.5  0.38021E+12 -0.10000E+01  0.49975E+11  0.40000E+09  19.2
 217 18.75   82.7  100.00  0.37006E+11 274.3  -1.0 110.0  81.6  0.38673E+12 -0.10000E+01  0.43335E+11  0.40000E+09  19.9
 217 19.00   84.8  100.00  0.31875E+11 276.3  -1.0 110.0  81.8  0.39150E+12 -0.10000E+01  0.36471E+11  0.40000E+09  20.7
 217 19.25   86.9  100.00  0.26542E+11 278.4  -1.0 110.0  81.9  0.39426E+12 -0.10000E+01  0.29601E+11  0.40000E+09  21.8
 217 19.50   89.0  100.00  0.21265E+11 280.5  -1.0 110.0  82.2  0.39480E+12 -0.10000E+01  0.23087E+11  0.40000E+09  23.1
 217 19.75   91.0  100.00  0.16403E+11 282.5  -1.0 110.0  82.4  0.39305E+12 -0.10000E+01  0.17355E+11  0.40000E+09  24.6
 217 20.00   92.9  100.00  0.12196E+11 284.4  -1.0 110.0  82.7  0.38899E+12 -0.10000E+01  0.12705E+11  0.40000E+09  26.4
 217 20.25   94.8  100.00  0.88439E+10 286.2  -1.0 110.0  83.1  0.38275E+12 -0.10000E+01  0.91893E+10  0.40000E+09  28.5
 217 20.50   96.6  100.00  0.64317E+10 287.9  -1.0 110.0  83.5  0.37449E+12 -0.10000E+01  0.66638E+10  0.40000E+09  30.9
 217 20.75   98.3  100.00  0.47506E+10 289.5  -1.0 110.0  83.9  0.36447E+12 -0.10000E+01  0.49068E+10  0.40000E+09  33.5
 217 21.00  100.0  100.00  0.36015E+10 291.0  -1.0 110.0  84.3  0.35297E+12 -0.10000E+01  0.37079E+10  0.40000E+09  36.4
 217 21.25  101.5  100.00  0.28265E+10 292.6  -1.0 110.0  84.8  0.34031E+12 -0.10000E+01  0.29004E+10  0.40000E+09  39.4
 217 21.50  103.0  100.00  0.23091E+10 294.2  -1.0 110.0  85.2  0.32680E+12 -0.10000E+01  0.23619E+10  0.40000E+09  42.5
 217 21.75  104.3  100.00  0.19664E+10 295.9  -1.0 110.0  85.6  0.31276E+12 -0.10000E+01  0.20056E+10  0.40000E+09  45.5
 217 22.00  105.6  100.00  0.19306E+10 297.4  -1.0 110.0  86.0  0.29847E+12 -0.10000E+01  0.19718E+10  0.40000E+09  48.4
 217 22.25  106.7  100.00  0.19269E+10 299.0  -1.0 110.0  86.3  0.28419E+12 -0.10000E+01  0.19718E+10  0.40000E+09  51.1
 217 22.50  107.7  100.00  0.19233E+10 300.7  -1.0 110.0  86.6  0.27014E+12 -0.10000E+01  0.19718E+10  0.40000E+09  53.5
 217 22.75  108.5  100.00  0.19199E+10 302.5  -1.0 110.0  86.9  0.25651E+12 -0.10000E+01  0.19718E+10  0.40000E+09  55.6
 217 23.00  109.3  100.00  0.19169E+10 304.4  -1.0 110.0  87.1  0.24343E+12 -0.10000E+01  0.19718E+10  0.40000E+09  57.4
 217 23.25  109.8  100.00  0.19142E+10 306.4  -1.0 110.0  87.3  0.23100E+12 -0.10000E+01  0.19718E+10  0.40000E+09  59.0
 217 23.50  110.3  100.00  0.19118E+10 308.4  -1.0 110.0  87.4  0.21931E+12 -0.10000E+01  0.19718E+10  0.40000E+09  60.3
 217 23.75  110.6  100.00  0.19099E+10 310.4  -1.0 110.0  87.5  0.20839E+12 -0.10000E+01  0.19718E+10  0.40000E+09  61.4
 217 24.00  110.7  100.00  0.19082E+10 312.4  -1.0 110.0  87.6  0.19826E+12 -0.10000E+01  0.19718E+10  0.40000E+09  62.2
