 156  0.00  104.5  100.00  0.19507E+10 312.5  -1.0 110.0  87.0  0.26849E+12 -0.10000E+01  0.20076E+10  0.40000E+09  55.6
 156  0.25  104.4  100.00  0.19540E+10 314.3  -1.0 110.0  86.8  0.25767E+12 -0.10000E+01  0.20076E+10  0.40000E+09  53.4
 156  0.50  104.2  100.00  0.19940E+10 315.9  -1.0 110.0  86.5  0.24753E+12 -0.10000E+01  0.20466E+10  0.40000E+09  51.0
 156  0.75  103.8  100.00  0.20819E+10 317.4  -1.0 110.0  86.2  0.23812E+12 -0.10000E+01  0.21359E+10  0.40000E+09  48.3
 156  1.00  103.3  100.00  0.22150E+10 318.7  -1.0 110.0  85.9  0.22951E+12 -0.10000E+01  0.22725E+10  0.40000E+09  45.4
 156  1.25  102.7  100.00  0.24081E+10 319.8  -1.0 110.0  85.5  0.22173E+12 -0.10000E+01  0.24713E+10  0.40000E+09  42.4
 156  1.50  101.9  100.00  0.26822E+10 320.7  -1.0 110.0  85.1  0.21479E+12 -0.10000E+01  0.27542E+10  0.40000E+09  39.3
 156  1.75  101.0  100.00  0.30680E+10 321.2  -1.0 110.0  84.7  0.20872E+12 -0.10000E+01  0.31531E+10  0.40000E+09  36.3
 156  2.00  100.0  100.00  0.36079E+10 321.3  -1.0 110.0  84.2  0.20354E+12 -0.10000E+01  0.37122E+10  0.40000E+09  33.5
 156  2.25   98.8  100.00  0.43620E+10 320.9  -1.0 110.0  83.8  0.19926E+12 -0.10000E+01  0.44941E+10  0.40000E+09  30.8
 156  2.50   97.6  100.00  0.54119E+10 319.9  -1.0 110.0  83.4  0.19591E+12 -0.10000E+01  0.55844E+10  0.40000E+09  28.4
 156  2.75   96.3  100.00  0.68665E+10 318.3  -1.0 110.0  83.0  0.19354E+12 -0.10000E+01  0.70975E+10  0.40000E+09  26.4
 156  3.00   94.8  100.00  0.88615E+10 316.0  -1.0 110.0  82.7  0.19219E+12 -0.10000E+01  0.91766E+10  0.40000E+09  24.5
 156  3.25   93.3  100.00  0.11549E+11 312.9  -1.0 110.0  82.4  0.19193E+12 -0.10000E+01  0.11983E+11  0.40000E+09  23.0
 156  3.50   91.6  100.00  0.15017E+11 308.9  -1.0 110.0  82.1  0.19282E+12 -0.10000E+01  0.15655E+11  0.40000E+09  21.8
 156  3.75   89.9  100.00  0.19045E+11 304.1  -1.0 110.0  81.9  0.19494E+12 -0.10000E+01  0.20245E+11  0.40000E+09  20.7
 156  4.00   88.2  100.00  0.23603E+11 298.6  -1.0 110.0  81.7  0.19835E+12 -0.10000E+01  0.25655E+11  0.40000E+09  19.9
 156  4.25   86.3  100.00  0.28441E+11 292.7  -1.0 110.0  81.6  0.20310E+12 -0.10000E+01  0.31644E+11  0.40000E+09  19.2
 156  4.50   84.4  100.00  0.33304E+11 286.7  -1.0 110.0  81.5  0.20922E+12 -0.10000E+01  0.37911E+11  0.40000E+09  18.7
 156  4.75   82.4  100.00  0.38006E+11 281.0  -1.0 110.0  81.4  0.21669E+12 -0.10000E+01  0.44206E+11  0.40000E+09  18.2
 156  5.00   80.4  100.00  0.42452E+11 275.8  -1.0 110.0  81.3  0.22548E+12 -0.10000E+01  0.50365E+11  0.40000E+09  17.9
 156  5.25   78.3  100.00  0.46608E+11 271.2  -1.0 110.0  81.2  0.23547E+12 -0.10000E+01  0.56310E+11  0.40000E+09  17.6
 156  5.50   76.2  100.00  0.50477E+11 267.3  -1.0 110.0  81.2  0.24651E+12 -0.10000E+01  0.62011E+11  0.40000E+09  17.4
 156  5.75   74.1  100.00  0.54077E+11 264.0  -1.0 110.0  81.1  0.25839E+12 -0.10000E+01  0.67464E+11  0.40000E+09  17.2
 156  6.00   71.9  100.00  0.57429E+11 261.2  -1.0 110.0  81.1  0.27085E+12 -0.10000E+01  0.72676E+11  0.40000E+09  17.1
 156  6.25   69.7  100.00  0.60556E+11 258.9  -1.0 110.0  81.1  0.28360E+12 -0.10000E+01  0.77657E+11  0.40000E+09  17.0
 156  6.50   67.4  100.00  0.63475E+11 257.0  -1.0 110.0  81.1  0.29633E+12 -0.10000E+01  0.82414E+11  0.40000E+09  16.9
 156  6.75   65.2  100.00  0.66202E+11 255.4  -1.0 110.0  81.1  0.30874E+12 -0.10000E+01  0.86957E+11  0.40000E+09  16.9
 156  7.00   62.9  100.00  0.68752E+11 253.9  -1.0 110.0  81.0  0.32056E+12 -0.10000E+01  0.91289E+11  0.40000E+09  16.8
 156  7.25   60.7  100.00  0.72854E+11 252.6  -1.0 110.0  81.0  0.33155E+12 -0.10000E+01  0.95415E+11  0.44204E+09  16.8
 156  7.50   58.4  100.00  0.77172E+11 251.4  -1.0 110.0  81.0  0.34157E+12 -0.10000E+01  0.99336E+11  0.49538E+09  16.7
 156  7.75   56.2  100.00  0.80992E+11 250.3  -1.0 110.0  81.0  0.35051E+12 -0.10000E+01  0.10305E+12  0.54061E+09  16.7
 156  8.00   53.9  100.00  0.84405E+11 249.3  -1.0 110.0  81.0  0.35836E+12 -0.10000E+01  0.10657E+12  0.57869E+09  16.7
 156  8.25   51.7  100.00  0.87475E+11 248.3 179.3 110.0  81.0  0.36517E+12  0.22138E+12  0.10988E+12  0.61064E+09  16.7
 156  8.50   49.5  100.00  0.90247E+11 247.4 178.6 110.0  81.0  0.37104E+12  0.22547E+12  0.11298E+12  0.63742E+09  16.7
 156  8.75   47.4  100.00  0.92754E+11 246.6 177.9 110.0  81.0  0.37609E+12  0.22926E+12  0.11588E+12  0.65986E+09  16.7
 156  9.00   45.3  100.00  0.95019E+11 245.9 177.3 110.0  81.0  0.38046E+12  0.23274E+12  0.11858E+12  0.67869E+09  16.7
 156  9.25   43.3  100.00  0.97061E+11 245.3 176.7 110.0  81.0  0.38426E+12  0.23593E+12  0.12106E+12  0.69449E+09  16.7
 156  9.50   41.3  100.00  0.98893E+11 244.8 176.2 110.0  81.0  0.38759E+12  0.23883E+12  0.12333E+12  0.70774E+09  16.7
 156  9.75   39.5  100.00  0.10053E+12 244.5 175.8 110.0  81.0  0.39050E+12  0.24144E+12  0.12539E+12  0.71883E+09  16.6
 156 10.00   37.7  100.00  0.10197E+12 244.3 175.5 110.0  81.0  0.39301E+12  0.24377E+12  0.12723E+12  0.72807E+09  16.6
 156 10.25   36.1  100.00  0.10323E+12 244.2 175.3 110.0  81.0  0.39508E+12  0.24582E+12  0.12886E+12  0.73574E+09  16.6
 156 10.50   34.6  100.00  0.10431E+12 244.2 175.1 110.0  81.0  0.39664E+12  0.24758E+12  0.13027E+12  0.74202E+09  16.6
 156 10.75   33.3  100.00  0.10522E+12 244.2 175.0 110.0  81.0  0.39760E+12  0.24907E+12  0.13147E+12  0.74709E+09  16.6
 156 11.00   32.2  100.00  0.10595E+12 244.3 175.1 110.0  81.0  0.39786E+12  0.25028E+12  0.13244E+12  0.75106E+09  16.6
 156 11.25   31.4  100.00  0.10651E+12 244.4 175.2 110.0  81.0  0.39732E+12  0.25121E+12  0.13319E+12  0.75404E+09  16.6
 156 11.50   30.7  100.00  0.10691E+12 244.5 175.4 110.0  81.0  0.39591E+12  0.25187E+12  0.13373E+12  0.75610E+09  16.6
 156 11.75   30.4  100.00  0.10714E+12 244.5 175.6 110.0  81.0  0.39358E+12  0.25226E+12  0.13404E+12  0.75728E+09  16.6
 156 12.00   30.2  100.00  0.10721E+12 244.4 175.9 110.0  81.0  0.39034E+12  0.25237E+12  0.13413E+12  0.75762E+09  16.6
 156 12.25   30.4  100.00  0.10711E+12 244.4 176.5 110.0  81.0  0.38623E+12  0.25220E+12  0.13399E+12  0.75711E+09  16.6
 156 12.50   30.8  100.00  0.10685E+12 245.2 177.9 110.0  81.0  0.38136E+12  0.25176E+12  0.13364E+12  0.75576E+09  16.6
 156 12.75   31.5  100.00  0.10641E+12 245.9 179.4 110.0  81.0  0.37584E+12  0.25105E+12  0.13306E+12  0.75352E+09  16.6
 156 13.00   32.4  100.00  0.10582E+12 246.5 181.0 110.0  81.0  0.36986E+12  0.25006E+12  0.13226E+12  0.75035E+09  16.6
 156 13.25   33.6  100.00  0.10505E+12 247.0 182.5 110.0  81.0  0.36360E+12  0.24879E+12  0.13125E+12  0.74616E+09  16.6
 156 13.50   34.9  100.00  0.10411E+12 247.5 183.8 110.0  81.0  0.35726E+12  0.24725E+12  0.13001E+12  0.74086E+09  16.6
 156 13.75   36.4  100.00  0.10299E+12 247.8 185.0 110.0  81.0  0.35106E+12  0.24543E+12  0.12855E+12  0.73432E+09  16.6
 156 14.00   38.0  100.00  0.10170E+12 248.0 186.0 110.0  81.0  0.34520E+12  0.24333E+12  0.12688E+12  0.72636E+09  16.6
 156 14.25   39.8  100.00  0.10022E+12 248.0 186.6 110.0  81.0  0.33987E+12  0.24094E+12  0.12499E+12  0.71676E+09  16.6
 156 14.50   41.7  100.00  0.98544E+11 247.9 186.7 110.0  81.0  0.33528E+12  0.23828E+12  0.12289E+12  0.70528E+09  16.7
 156 14.75   43.7  100.00  0.96671E+11 247.6 186.5 110.0  81.0  0.33157E+12  0.23532E+12  0.12058E+12  0.69156E+09  16.7
 156 15.00   45.7  100.00  0.94587E+11 247.1 185.7 110.0  81.0  0.32891E+12  0.23207E+12  0.11806E+12  0.67520E+09  16.7
 156 15.25   47.8  100.00  0.92276E+11 246.5 184.3 110.0  81.0  0.32743E+12  0.22853E+12  0.11533E+12  0.65571E+09  16.7
 156 15.50   50.0  100.00  0.89720E+11 246.5 183.3 110.0  81.0  0.32721E+12  0.22469E+12  0.11239E+12  0.63248E+09  16.7
 156 15.75   52.1  100.00  0.86893E+11 248.8 184.1 110.0  81.0  0.32834E+12  0.22054E+12  0.10924E+12  0.60476E+09  16.7
 156 16.00   54.4  100.00  0.83760E+11 251.3  -1.0 110.0  81.0  0.33086E+12 -0.10000E+01  0.10589E+12  0.57169E+09  16.7
 156 16.25   56.6  100.00  0.80275E+11 254.0  -1.0 110.0  81.0  0.33478E+12 -0.10000E+01  0.10234E+12  0.53231E+09  16.7
 156 16.50   58.9  100.00  0.76369E+11 256.8  -1.0 110.0  81.0  0.34004E+12 -0.10000E+01  0.98583E+11  0.48559E+09  16.7
 156 16.75   61.1  100.00  0.71942E+11 259.5  -1.0 110.0  81.0  0.34656E+12 -0.10000E+01  0.94625E+11  0.43061E+09  16.8
 156 17.00   63.4  100.00  0.68270E+11 262.1  -1.0 110.0  81.0  0.35420E+12 -0.10000E+01  0.90462E+11  0.40000E+09  16.8
 156 17.25   65.6  100.00  0.65689E+11 264.6  -1.0 110.0  81.1  0.36276E+12 -0.10000E+01  0.86092E+11  0.40000E+09  16.9
 156 17.50   67.9  100.00  0.62928E+11 266.9  -1.0 110.0  81.1  0.37198E+12 -0.10000E+01  0.81513E+11  0.40000E+09  16.9
 156 17.75   70.1  100.00  0.59974E+11 269.1  -1.0 110.0  81.1  0.38157E+12 -0.10000E+01  0.76717E+11  0.40000E+09  17.0
 156 18.00   72.3  100.00  0.56810E+11 271.1  -1.0 110.0  81.1  0.39118E+12 -0.10000E+01  0.71698E+11  0.40000E+09  17.1
 156 18.25   74.5  100.00  0.53416E+11 273.0  -1.0 110.0  81.1  0.40047E+12 -0.10000E+01  0.66447E+11  0.40000E+09  17.3
 156 18.50   76.6  100.00  0.49772E+11 274.8  -1.0 110.0  81.2  0.40907E+12 -0.10000E+01  0.60955E+11  0.40000E+09  17.4
 156 18.75   78.7  100.00  0.45856E+11 276.6  -1.0 110.0  81.2  0.41664E+12 -0.10000E+01  0.55215E+11  0.40000E+09  17.6
 156 19.00   80.8  100.00  0.41652E+11 278.4  -1.0 110.0  81.3  0.42286E+12 -0.10000E+01  0.49236E+11  0.40000E+09  17.9
 156 19.25   82.8  100.00  0.37163E+11 280.2  -1.0 110.0  81.4  0.42749E+12 -0.10000E+01  0.43054E+11  0.40000E+09  18.3
 156 19.50   84.7  100.00  0.32430E+11 282.1  -1.0 110.0  81.5  0.43034E+12 -0.10000E+01  0.36762E+11  0.40000E+09  18.7
 156 19.75   86.6  100.00  0.27566E+11 284.1  -1.0 110.0  81.6  0.43130E+12 -0.10000E+01  0.30538E+11  0.40000E+09  19.3
 156 20.00   88.5  100.00  0.22770E+11 286.1  -1.0 110.0  81.7  0.43033E+12 -0.10000E+01  0.24645E+11  0.40000E+09  20.0
 156 20.25   90.2  100.00  0.18301E+11 288.0  -1.0 110.0  81.9  0.42748E+12 -0.10000E+01  0.19380E+11  0.40000E+09  20.8
 156 20.50   91.9  100.00  0.14395E+11 289.9  -1.0 110.0  82.1  0.42283E+12 -0.10000E+01  0.14960E+11  0.40000E+09  21.9
 156 20.75   93.5  100.00  0.11045E+11 291.6  -1.0 110.0  82.4  0.41652E+12 -0.10000E+01  0.11455E+11  0.40000E+09  23.2
 156 21.00   95.1  100.00  0.84935E+10 293.3  -1.0 110.0  82.7  0.40875E+12 -0.10000E+01  0.87923E+10  0.40000E+09  24.7
 156 21.25   96.5  100.00  0.66051E+10 294.8  -1.0 110.0  83.1  0.39970E+12 -0.10000E+01  0.68250E+10  0.40000E+09  26.6
 156 21.50   97.8  100.00  0.52301E+10 296.3  -1.0 110.0  83.4  0.38956E+12 -0.10000E+01  0.53952E+10  0.40000E+09  28.7
 156 21.75   99.0  100.00  0.42378E+10 297.8  -1.0 110.0  83.8  0.37855E+12 -0.10000E+01  0.43650E+10  0.40000E+09  31.1
 156 22.00  100.1  100.00  0.35247E+10 299.3  -1.0 110.0  84.3  0.36686E+12 -0.10000E+01  0.36259E+10  0.40000E+09  33.8
 156 22.25  101.1  100.00  0.30139E+10 300.8  -1.0 110.0  84.7  0.35466E+12 -0.10000E+01  0.30972E+10  0.40000E+09  36.6
 156 22.50  102.0  100.00  0.26488E+10 302.4  -1.0 110.0  85.1  0.34214E+12 -0.10000E+01  0.27198E+10  0.40000E+09  39.6
 156 22.75  102.7  100.00  0.23894E+10 304.0  -1.0 110.0  85.6  0.32944E+12 -0.10000E+01  0.24523E+10  0.40000E+09  42.7
 156 23.00  103.3  100.00  0.22071E+10 305.7  -1.0 110.0  85.9  0.31673E+12 -0.10000E+01  0.22647E+10  0.40000E+09  45.7
 156 23.25  103.8  100.00  0.20821E+10 307.4  -1.0 110.0  86.3  0.30416E+12 -0.10000E+01  0.21368E+10  0.40000E+09  48.6
 156 23.50  104.1  100.00  0.20013E+10 309.1  -1.0 110.0  86.6  0.29184E+12 -0.10000E+01  0.20549E+10  0.40000E+09  51.2
 156 23.75  104.3  100.00  0.19559E+10 310.8  -1.0 110.0  86.8  0.27992E+12 -0.10000E+01  0.20101E+10  0.40000E+09  53.6
 156 24.00  104.4  100.00  0.19504E+10 312.5  -1.0 110.0  87.1  0.26849E+12 -0.10000E+01  0.20076E+10  0.40000E+09  55.7
