   5  0.00  149.6  100.00  0.20107E+10 321.2  -1.0 110.0  88.0  0.82390E+11 -0.10000E+01  0.20924E+10  0.40000E+09  65.5
   5  0.25  149.6  100.00  0.20108E+10 321.2  -1.0 110.0  88.0  0.84931E+11 -0.10000E+01  0.20924E+10  0.40000E+09  65.5
   5  0.50  149.3  100.00  0.20108E+10 320.9  -1.0 110.0  88.0  0.87506E+11 -0.10000E+01  0.20924E+10  0.40000E+09  65.5
   5  0.75  148.7  100.00  0.20109E+10 320.5  -1.0 110.0  88.0  0.89961E+11 -0.10000E+01  0.20924E+10  0.40000E+09  65.4
   5  1.00  147.9  100.00  0.20110E+10 319.9  -1.0 110.0  88.0  0.92108E+11 -0.10000E+01  0.20924E+10  0.40000E+09  65.4
   5  1.25  146.9  100.00  0.20111E+10 319.2  -1.0 110.0  88.0  0.93743E+11 -0.10000E+01  0.20924E+10  0.40000E+09  65.4
   5  1.50  145.6  100.00  0.20113E+10 318.5  -1.0 110.0  88.0  0.94663E+11 -0.10000E+01  0.20924E+10  0.40000E+09  65.3
   5  1.75  144.2  100.00  0.20115E+10 317.7  -1.0 110.0  88.0  0.94694E+11 -0.10000E+01  0.20924E+10  0.40000E+09  65.2
   5  2.00  142.6  100.00  0.20117E+10 317.0  -1.0 110.0  87.9  0.93713E+11 -0.10000E+01  0.20924E+10  0.40000E+09  65.1
   5  2.25  140.9  100.00  0.20120E+10 316.2  -1.0 110.0  87.9  0.91670E+11 -0.10000E+01  0.20924E+10  0.40000E+09  65.0
   5  2.50  139.1  100.00  0.20124E+10 315.4  -1.0 110.0  87.9  0.88602E+11 -0.10000E+01  0.20924E+10  0.40000E+09  64.9
   5  2.75  137.2  100.00  0.20129E+10 314.7  -1.0 110.0  87.9  0.84635E+11 -0.10000E+01  0.20924E+10  0.40000E+09  64.7
   5  3.00  135.2  100.00  0.20136E+10 313.9  -1.0 110.0  87.9  0.79975E+11 -0.10000E+01  0.20924E+10  0.40000E+09  64.4
   5  3.25  133.1  100.00  0.20144E+10 313.1  -1.0 110.0  87.8  0.74889E+11 -0.10000E+01  0.20924E+10  0.40000E+09  64.1
   5  3.50  131.0  100.00  0.20154E+10 312.2  -1.0 110.0  87.8  0.69675E+11 -0.10000E+01  0.20924E+10  0.40000E+09  63.7
   5  3.75  128.8  100.00  0.20166E+10 311.2  -1.0 110.0  87.7  0.64638E+11 -0.10000E+01  0.20924E+10  0.40000E+09  63.2
   5  4.00  126.6  100.00  0.20181E+10 310.0  -1.0 110.0  87.6  0.60061E+11 -0.10000E+01  0.20924E+10  0.40000E+09  62.6
   5  4.25  124.4  100.00  0.20200E+10 308.7  -1.0 110.0  87.6  0.56192E+11 -0.10000E+01  0.20924E+10  0.40000E+09  61.8
   5  4.50  122.1  100.00  0.20223E+10 307.1  -1.0 110.0  87.4  0.53235E+11 -0.10000E+01  0.20924E+10  0.40000E+09  60.8
   5  4.75  119.9  100.00  0.20249E+10 305.4  -1.0 110.0  87.3  0.51355E+11 -0.10000E+01  0.20924E+10  0.40000E+09  59.6
   5  5.00  117.6  100.00  0.20280E+10 303.5  -1.0 110.0  87.1  0.50691E+11 -0.10000E+01  0.20924E+10  0.40000E+09  58.2
   5  5.25  115.3  100.00  0.20315E+10 301.3  -1.0 110.0  86.9  0.51367E+11 -0.10000E+01  0.20924E+10  0.40000E+09  56.5
   5  5.50  113.1  100.00  0.20353E+10 299.0  -1.0 110.0  86.6  0.53510E+11 -0.10000E+01  0.20924E+10  0.40000E+09  54.5
   5  5.75  110.8  100.00  0.20395E+10 296.4  -1.0 110.0  86.4  0.57259E+11 -0.10000E+01  0.20924E+10  0.40000E+09  52.2
   5  6.00  108.6  100.00  0.20438E+10 293.5  -1.0 110.0  86.0  0.62767E+11 -0.10000E+01  0.20924E+10  0.40000E+09  49.6
   5  6.25  106.4  100.00  0.20481E+10 290.3  -1.0 110.0  85.6  0.70194E+11 -0.10000E+01  0.20924E+10  0.40000E+09  46.8
   5  6.50  104.3  100.00  0.22524E+10 286.3  -1.0 110.0  85.2  0.79701E+11 -0.10000E+01  0.23030E+10  0.40000E+09  43.9
   5  6.75  102.2  100.00  0.29397E+10 281.1  -1.0 110.0  84.8  0.91431E+11 -0.10000E+01  0.30210E+10  0.40000E+09  40.8
   5  7.00  100.1  100.00  0.40361E+10 275.5  -1.0 110.0  84.4  0.10549E+12 -0.10000E+01  0.41689E+10  0.40000E+09  37.8
   5  7.25   98.0  100.00  0.56932E+10 269.4  -1.0 110.0  83.9  0.12195E+12 -0.10000E+01  0.59070E+10  0.40000E+09  34.9
   5  7.50   96.0  100.00  0.80776E+10 263.2  -1.0 110.0  83.5  0.14079E+12 -0.10000E+01  0.84119E+10  0.40000E+09  32.1
   5  7.75   94.1  100.00  0.11334E+11 256.9  -1.0 110.0  83.1  0.16193E+12 -0.10000E+01  0.11836E+11  0.40000E+09  29.6
   5  8.00   92.2  100.00  0.15336E+11 250.8  -1.0 110.0  82.8  0.18521E+12 -0.10000E+01  0.16236E+11  0.40000E+09  27.4
   5  8.25   90.4  100.00  0.19809E+11 245.0  -1.0 110.0  82.5  0.21040E+12 -0.10000E+01  0.21493E+11  0.40000E+09  25.4
   5  8.50   88.7  100.00  0.24563E+11 239.9  -1.0 110.0  82.2  0.23715E+12 -0.10000E+01  0.27310E+11  0.40000E+09  23.8
   5  8.75   87.1  100.00  0.29295E+11 235.4  -1.0 110.0  82.0  0.26509E+12 -0.10000E+01  0.33307E+11  0.40000E+09  22.4
   5  9.00   85.5  100.00  0.33775E+11 231.8  -1.0 110.0  81.8  0.29374E+12 -0.10000E+01  0.39154E+11  0.40000E+09  21.2
   5  9.25   84.0  100.00  0.37873E+11 229.0  -1.0 110.0  81.6  0.32261E+12 -0.10000E+01  0.44635E+11  0.40000E+09  20.3
   5  9.50   82.6  100.00  0.41537E+11 226.8  -1.0 110.0  81.5  0.35117E+12 -0.10000E+01  0.49639E+11  0.40000E+09  19.5
   5  9.75   81.4  100.00  0.44765E+11 225.3  -1.0 110.0  81.4  0.37887E+12 -0.10000E+01  0.54128E+11  0.40000E+09  18.9
   5 10.00   80.2  100.00  0.47574E+11 224.2  -1.0 110.0  81.3  0.40522E+12 -0.10000E+01  0.58099E+11  0.40000E+09  18.5
   5 10.25   79.2  100.00  0.49991E+11 223.6  -1.0 110.0  81.3  0.42973E+12 -0.10000E+01  0.61566E+11  0.40000E+09  18.1
   5 10.50   78.2  100.00  0.52043E+11 223.3  -1.0 110.0  81.2  0.45201E+12 -0.10000E+01  0.64548E+11  0.40000E+09  17.8
   5 10.75   77.4  100.00  0.53754E+11 223.4  -1.0 110.0  81.2  0.47173E+12 -0.10000E+01  0.67064E+11  0.40000E+09  17.6
   5 11.00   76.8  100.00  0.55145E+11 223.6  -1.0 110.0  81.1  0.48864E+12 -0.10000E+01  0.69130E+11  0.40000E+09  17.4
   5 11.25   76.2  100.00  0.56232E+11 224.0  -1.0 110.0  81.1  0.50260E+12 -0.10000E+01  0.70759E+11  0.40000E+09  17.3
   5 11.50   75.8  100.00  0.57030E+11 224.5  -1.0 110.0  81.1  0.51356E+12 -0.10000E+01  0.71962E+11  0.40000E+09  17.2
   5 11.75   75.5  100.00  0.57548E+11 225.1  -1.0 110.0  81.1  0.52151E+12 -0.10000E+01  0.72747E+11  0.40000E+09  17.1
   5 12.00   75.4  100.00  0.57791E+11 225.7  -1.0 110.0  81.1  0.52654E+12 -0.10000E+01  0.73117E+11  0.40000E+09  17.1
   5 12.25   75.4  100.00  0.57764E+11 226.3  -1.0 110.0  81.1  0.52875E+12 -0.10000E+01  0.73076E+11  0.40000E+09  17.1
   5 12.50   75.6  100.00  0.57465E+11 226.9  -1.0 110.0  81.1  0.52827E+12 -0.10000E+01  0.72622E+11  0.40000E+09  17.1
   5 12.75   75.9  100.00  0.56891E+11 227.5  -1.0 110.0  81.1  0.52522E+12 -0.10000E+01  0.71754E+11  0.40000E+09  17.2
   5 13.00   76.3  100.00  0.56036E+11 228.0  -1.0 110.0  81.1  0.51974E+12 -0.10000E+01  0.70465E+11  0.40000E+09  17.3
   5 13.25   76.9  100.00  0.54888E+11 228.6  -1.0 110.0  81.1  0.51193E+12 -0.10000E+01  0.68748E+11  0.40000E+09  17.4
   5 13.50   77.6  100.00  0.53434E+11 229.2  -1.0 110.0  81.2  0.50189E+12 -0.10000E+01  0.66593E+11  0.40000E+09  17.6
   5 13.75   78.4  100.00  0.51656E+11 229.8  -1.0 110.0  81.2  0.48969E+12 -0.10000E+01  0.63985E+11  0.40000E+09  17.8
   5 14.00   79.4  100.00  0.49533E+11 230.5  -1.0 110.0  81.3  0.47542E+12 -0.10000E+01  0.60907E+11  0.40000E+09  18.1
   5 14.25   80.4  100.00  0.47039E+11 231.4  -1.0 110.0  81.3  0.45918E+12 -0.10000E+01  0.57340E+11  0.40000E+09  18.5
   5 14.50   81.6  100.00  0.44148E+11 232.5  -1.0 110.0  81.4  0.44109E+12 -0.10000E+01  0.53266E+11  0.40000E+09  19.0
   5 14.75   82.9  100.00  0.40833E+11 233.9  -1.0 110.0  81.5  0.42129E+12 -0.10000E+01  0.48673E+11  0.40000E+09  19.7
   5 15.00   84.3  100.00  0.37081E+11 235.6  -1.0 110.0  81.7  0.40000E+12 -0.10000E+01  0.43569E+11  0.40000E+09  20.5
   5 15.25   85.8  100.00  0.32901E+11 237.7  -1.0 110.0  81.8  0.37745E+12 -0.10000E+01  0.38003E+11  0.40000E+09  21.4
   5 15.50   87.4  100.00  0.28358E+11 240.3  -1.0 110.0  82.0  0.35393E+12 -0.10000E+01  0.32105E+11  0.40000E+09  22.6
   5 15.75   89.1  100.00  0.23600E+11 243.3  -1.0 110.0  82.3  0.32978E+12 -0.10000E+01  0.26115E+11  0.40000E+09  24.1
   5 16.00   90.8  100.00  0.18879E+11 246.7  -1.0 110.0  82.5  0.30536E+12 -0.10000E+01  0.20382E+11  0.40000E+09  25.8
   5 16.25   92.6  100.00  0.14500E+11 250.3  -1.0 110.0  82.9  0.28102E+12 -0.10000E+01  0.15279E+11  0.40000E+09  27.8
   5 16.50   94.5  100.00  0.10607E+11 254.1  -1.0 110.0  83.2  0.25715E+12 -0.10000E+01  0.11072E+11  0.40000E+09  30.1
   5 16.75   96.4  100.00  0.75348E+10 258.0  -1.0 110.0  83.6  0.23407E+12 -0.10000E+01  0.78415E+10  0.40000E+09  32.6
   5 17.00   98.4  100.00  0.53095E+10 261.8  -1.0 110.0  84.0  0.21211E+12 -0.10000E+01  0.55043E+10  0.40000E+09  35.4
   5 17.25  100.5  100.00  0.37779E+10 265.5  -1.0 110.0  84.5  0.19152E+12 -0.10000E+01  0.38984E+10  0.40000E+09  38.4
   5 17.50  102.6  100.00  0.27748E+10 269.1  -1.0 110.0  84.9  0.17250E+12 -0.10000E+01  0.28486E+10  0.40000E+09  41.4
   5 17.75  104.7  100.00  0.21529E+10 272.5  -1.0 110.0  85.3  0.15521E+12 -0.10000E+01  0.21992E+10  0.40000E+09  44.5
   5 18.00  106.9  100.00  0.20472E+10 275.3  -1.0 110.0  85.7  0.13972E+12 -0.10000E+01  0.20924E+10  0.40000E+09  47.4
   5 18.25  109.1  100.00  0.20429E+10 277.9  -1.0 110.0  86.1  0.12606E+12 -0.10000E+01  0.20924E+10  0.40000E+09  50.2
   5 18.50  111.3  100.00  0.20387E+10 280.5  -1.0 110.0  86.4  0.11419E+12 -0.10000E+01  0.20924E+10  0.40000E+09  52.7
   5 18.75  113.5  100.00  0.20346E+10 283.1  -1.0 110.0  86.7  0.10406E+12 -0.10000E+01  0.20924E+10  0.40000E+09  54.9
   5 19.00  115.8  100.00  0.20308E+10 285.6  -1.0 110.0  86.9  0.95556E+11 -0.10000E+01  0.20924E+10  0.40000E+09  56.8
   5 19.25  118.0  100.00  0.20274E+10 288.1  -1.0 110.0  87.2  0.88553E+11 -0.10000E+01  0.20924E+10  0.40000E+09  58.5
   5 19.50  120.3  100.00  0.20244E+10 290.6  -1.0 110.0  87.3  0.82908E+11 -0.10000E+01  0.20924E+10  0.40000E+09  59.9
   5 19.75  122.5  100.00  0.20218E+10 293.0  -1.0 110.0  87.5  0.78472E+11 -0.10000E+01  0.20924E+10  0.40000E+09  61.0
   5 20.00  124.8  100.00  0.20196E+10 295.4  -1.0 110.0  87.6  0.75091E+11 -0.10000E+01  0.20924E+10  0.40000E+09  61.9
   5 20.25  127.0  100.00  0.20178E+10 297.8  -1.0 110.0  87.7  0.72616E+11 -0.10000E+01  0.20924E+10  0.40000E+09  62.7
   5 20.50  129.2  100.00  0.20164E+10 300.2  -1.0 110.0  87.7  0.70902E+11 -0.10000E+01  0.20924E+10  0.40000E+09  63.3
   5 20.75  131.4  100.00  0.20152E+10 302.6  -1.0 110.0  87.8  0.69815E+11 -0.10000E+01  0.20924E+10  0.40000E+09  63.8
   5 21.00  133.5  100.00  0.20142E+10 304.9  -1.0 110.0  87.8  0.69232E+11 -0.10000E+01  0.20924E+10  0.40000E+09  64.2
   5 21.25  135.5  100.00  0.20134E+10 307.2  -1.0 110.0  87.9  0.69045E+11 -0.10000E+01  0.20924E+10  0.40000E+09  64.5
   5 21.50  137.5  100.00  0.20128E+10 309.3  -1.0 110.0  87.9  0.69167E+11 -0.10000E+01  0.20924E+10  0.40000E+09  64.7
   5 21.75  139.4  100.00  0.20123E+10 311.4  -1.0 110.0  87.9  0.69532E+11 -0.10000E+01  0.20924E+10  0.40000E+09  64.9
   5 22.00  141.2  100.00  0.20120E+10 313.3  -1.0 110.0  87.9  0.70100E+11 -0.10000E+01  0.20924E+10  0.40000E+09  65.0
   5 22.25  142.9  100.00  0.20117E+10 315.1  -1.0 110.0  88.0  0.70851E+11 -0.10000E+01  0.20924E+10  0.40000E+09  65.2
   5 22.50  144.5  100.00  0.20114E+10 316.7  -1.0 110.0  88.0  0.71789E+11 -0.10000E+01  0.20924E+10  0.40000E+09  65.2
   5 22.75  145.8  100.00  0.20112E+10 318.0  -1.0 110.0  88.0  0.72932E+11 -0.10000E+01  0.20924E+10  0.40000E+09  65.3
   5 23.00  147.0  100.00  0.20111E+10 319.2  -1.0 110.0  88.0  0.74305E+11 -0.10000E+01  0.20924E+10  0.40000E+09  65.4
   5 23.25  148.0  100.00  0.20110E+10 320.0  -1.0 110.0  88.0  0.75936E+11 -0.10000E+01  0.20924E+10  0.40000E+09  65.4
   5 23.50  148.8  100.00  0.20109E+10 320.7  -1.0 110.0  88.0  0.77836E+11 -0.10000E+01  0.20924E+10  0.40000E+09  65.4
   5 23.75  149.3  100.00  0.20108E+10 321.1  -1.0 110.0  88.0  0.80000E+11 -0.10000E+01  0.20924E+10  0.40000E+09  65.5
   5 24.00  149.5  100.00  0.20108E+10 321.2  -1.0 110.0  88.0  0.82390E+11 -0.10000E+01  0.20924E+10  0.40000E+09  65.5
