   1 12.00   75.8  100.00  0.57125E+11 225.9  -1.0 110.0  81.1  0.52725E+12 -0.10000E+01  0.72060E+11  0.40000E+09  17.1
   2 12.00   75.7  100.00  0.57275E+11 225.9  -1.0 110.0  81.1  0.52707E+12 -0.10000E+01  0.72298E+11  0.40000E+09  17.1
   3 12.00   75.6  100.00  0.57437E+11 225.8  -1.0 110.0  81.1  0.52690E+12 -0.10000E+01  0.72553E+11  0.40000E+09  17.1
   4 12.00   75.5  100.00  0.57609E+11 225.8  -1.0 110.0  81.1  0.52672E+12 -0.10000E+01  0.72827E+11  0.40000E+09  17.1
   5 12.00   75.4  100.00  0.57791E+11 225.7  -1.0 110.0  81.1  0.52654E+12 -0.10000E+01  0.73117E+11  0.40000E+09  17.1
   6 12.00   75.3  100.00  0.57984E+11 225.6  -1.0 110.0  81.1  0.52636E+12 -0.10000E+01  0.73425E+11  0.40000E+09  17.1
   7 12.00   75.2  100.00  0.58187E+11 225.6  -1.0 110.0  81.1  0.52619E+12 -0.10000E+01  0.73749E+11  0.40000E+09  17.1
   8 12.00   75.0  100.00  0.58400E+11 225.5  -1.0 110.0  81.1  0.52601E+12 -0.10000E+01  0.74089E+11  0.40000E+09  17.1
   9 12.00   74.9  100.00  0.58623E+11 225.4  -1.0 110.0  81.1  0.52583E+12 -0.10000E+01  0.74445E+11  0.40000E+09  17.1
  10 12.00   74.7  100.00  0.58855E+11 225.3  -1.0 110.0  81.1  0.52565E+12 -0.10000E+01  0.74816E+11  0.40000E+09  17.1
  11 12.00   74.6  100.00  0.59095E+11 225.2  -1.0 110.0  81.1  0.52547E+12 -0.10000E+01  0.75202E+11  0.40000E+09  17.1
  12 12.00   74.4  100.00  0.59344E+11 225.1  -1.0 110.0  81.1  0.52530E+12 -0.10000E+01  0.75603E+11  0.40000E+09  17.1
  13 12.00   74.2  100.00  0.59602E+11 225.0  -1.0 110.0  81.1  0.52512E+12 -0.10000E+01  0.76018E+11  0.40000E+09  17.0
  14 12.00   74.0  100.00  0.59867E+11 224.9  -1.0 110.0  81.1  0.52494E+12 -0.10000E+01  0.76446E+11  0.40000E+09  17.0
  15 12.00   73.8  100.00  0.60141E+11 224.8  -1.0 110.0  81.1  0.52476E+12 -0.10000E+01  0.76888E+11  0.40000E+09  17.0
  16 12.00   73.7  100.00  0.60414E+11 225.0  -1.0 110.0  81.1  0.52345E+12 -0.10000E+01  0.77332E+11  0.40000E+09  17.0
  17 12.00   73.5  100.00  0.60695E+11 225.2  -1.0 110.0  81.1  0.52215E+12 -0.10000E+01  0.77788E+11  0.40000E+09  17.0
  18 12.00   73.2  100.00  0.60983E+11 225.4  -1.0 110.0  81.1  0.52084E+12 -0.10000E+01  0.78255E+11  0.40000E+09  17.0
  19 12.00   73.0  100.00  0.61276E+11 225.5  -1.0 110.0  81.1  0.51953E+12 -0.10000E+01  0.78734E+11  0.40000E+09  17.0
  20 12.00   72.8  100.00  0.61576E+11 225.7  -1.0 110.0  81.1  0.51823E+12 -0.10000E+01  0.79223E+11  0.40000E+09  17.0
  21 12.00   72.6  100.00  0.61881E+11 225.9  -1.0 110.0  81.1  0.51693E+12 -0.10000E+01  0.79723E+11  0.40000E+09  17.0
  22 12.00   72.4  100.00  0.62192E+11 226.0  -1.0 110.0  81.1  0.51563E+12 -0.10000E+01  0.80233E+11  0.40000E+09  17.0
  23 12.00   72.1  100.00  0.62507E+11 226.2  -1.0 110.0  81.1  0.51433E+12 -0.10000E+01  0.80752E+11  0.40000E+09  17.0
  24 12.00   71.9  100.00  0.62828E+11 226.3  -1.0 110.0  81.1  0.51303E+12 -0.10000E+01  0.81280E+11  0.40000E+09  17.0
  25 12.00   71.6  100.00  0.63152E+11 226.5  -1.0 110.0  81.1  0.51174E+12 -0.10000E+01  0.81816E+11  0.40000E+09  17.0
  26 12.00   71.4  100.00  0.63481E+11 226.6  -1.0 110.0  81.1  0.51044E+12 -0.10000E+01  0.82361E+11  0.40000E+09  17.0
  27 12.00   71.1  100.00  0.63814E+11 226.7  -1.0 110.0  81.1  0.50915E+12 -0.10000E+01  0.82913E+11  0.40000E+09  16.9
  28 12.00   70.8  100.00  0.64150E+11 226.9  -1.0 110.0  81.1  0.50786E+12 -0.10000E+01  0.83472E+11  0.40000E+09  16.9
  29 12.00   70.6  100.00  0.64489E+11 227.0  -1.0 110.0  81.1  0.50657E+12 -0.10000E+01  0.84038E+11  0.40000E+09  16.9
  30 12.00   70.3  100.00  0.64831E+11 227.1  -1.0 110.0  81.1  0.50529E+12 -0.10000E+01  0.84610E+11  0.40000E+09  16.9
  31 12.00   70.0  100.00  0.65176E+11 227.2  -1.0 110.0  81.0  0.50400E+12 -0.10000E+01  0.85188E+11  0.40000E+09  16.9
  32 12.00   69.7  100.00  0.65523E+11 227.4  -1.0 110.0  81.0  0.50272E+12 -0.10000E+01  0.85772E+11  0.40000E+09  16.9
  33 12.00   69.4  100.00  0.65872E+11 227.5  -1.0 110.0  81.0  0.50143E+12 -0.10000E+01  0.86360E+11  0.40000E+09  16.9
  34 12.00   69.1  100.00  0.66223E+11 227.6  -1.0 110.0  81.0  0.50015E+12 -0.10000E+01  0.86953E+11  0.40000E+09  16.9
  35 12.00   68.8  100.00  0.66576E+11 227.7  -1.0 110.0  81.0  0.49888E+12 -0.10000E+01  0.87551E+11  0.40000E+09  16.9
  36 12.00   68.5  100.00  0.66930E+11 227.8  -1.0 110.0  81.0  0.49760E+12 -0.10000E+01  0.88152E+11  0.40000E+09  16.9
  37 12.00   68.2  100.00  0.67286E+11 227.9  -1.0 110.0  81.0  0.49632E+12 -0.10000E+01  0.88757E+11  0.40000E+09  16.9
  38 12.00   67.9  100.00  0.67642E+11 228.0  -1.0 110.0  81.0  0.49505E+12 -0.10000E+01  0.89365E+11  0.40000E+09  16.9
  39 12.00   67.6  100.00  0.67999E+11 228.1  -1.0 110.0  81.0  0.49378E+12 -0.10000E+01  0.89976E+11  0.40000E+09  16.9
  40 12.00   67.2  100.00  0.68356E+11 228.2  -1.0 110.0  81.0  0.49251E+12 -0.10000E+01  0.90590E+11  0.40000E+09  16.9
  41 12.00   66.9  100.00  0.68714E+11 228.3  -1.0 110.0  81.0  0.49124E+12 -0.10000E+01  0.91205E+11  0.40000E+09  16.9
  42 12.00   66.6  100.00  0.69072E+11 228.4  -1.0 110.0  81.0  0.48997E+12 -0.10000E+01  0.91822E+11  0.40000E+09  16.8
  43 12.00   66.2  100.00  0.69430E+11 228.5  -1.0 110.0  81.0  0.48870E+12 -0.10000E+01  0.92441E+11  0.40000E+09  16.8
  44 12.00   65.9  100.00  0.69788E+11 228.5  -1.0 110.0  81.0  0.48744E+12 -0.10000E+01  0.93061E+11  0.40000E+09  16.8
  45 12.00   65.6  100.00  0.70145E+11 228.6  -1.0 110.0  81.0  0.48618E+12 -0.10000E+01  0.93681E+11  0.40000E+09  16.8
  46 12.00   65.2  100.00  0.70498E+11 229.2  -1.0 110.0  81.0  0.48502E+12 -0.10000E+01  0.94297E+11  0.40000E+09  16.8
  47 12.00   64.9  100.00  0.70851E+11 229.8  -1.0 110.0  81.0  0.48386E+12 -0.10000E+01  0.94913E+11  0.40000E+09  16.8
  48 12.00   64.5  100.00  0.71203E+11 230.3  -1.0 110.0  81.0  0.48271E+12 -0.10000E+01  0.95529E+11  0.40000E+09  16.8
  49 12.00   64.1  100.00  0.71554E+11 230.9  -1.0 110.0  81.0  0.48155E+12 -0.10000E+01  0.96145E+11  0.40000E+09  16.8
  50 12.00   63.8  100.00  0.71903E+11 231.4  -1.0 110.0  81.0  0.48040E+12 -0.10000E+01  0.96760E+11  0.40000E+09  16.8
  51 12.00   63.4  100.00  0.72251E+11 232.0  -1.0 110.0  81.0  0.47925E+12 -0.10000E+01  0.97374E+11  0.40000E+09  16.8
  52 12.00   63.1  100.00  0.72597E+11 232.6  -1.0 110.0  81.0  0.47810E+12 -0.10000E+01  0.97986E+11  0.40000E+09  16.8
  53 12.00   62.7  100.00  0.73128E+11 233.1  -1.0 110.0  81.0  0.47695E+12 -0.10000E+01  0.98597E+11  0.40414E+09  16.8
  54 12.00   62.3  100.00  0.73955E+11 233.7  -1.0 110.0  81.0  0.47580E+12 -0.10000E+01  0.99207E+11  0.41504E+09  16.8
  55 12.00   61.9  100.00  0.74763E+11 234.2  -1.0 110.0  81.0  0.47466E+12 -0.10000E+01  0.99814E+11  0.42575E+09  16.8
  56 12.00   61.6  100.00  0.75554E+11 234.8  -1.0 110.0  81.0  0.47351E+12 -0.10000E+01  0.10042E+12  0.43626E+09  16.8
  57 12.00   61.2  100.00  0.76327E+11 235.4  -1.0 110.0  81.0  0.47237E+12 -0.10000E+01  0.10102E+12  0.44657E+09  16.8
  58 12.00   60.8  100.00  0.77084E+11 235.9  -1.0 110.0  81.0  0.47123E+12 -0.10000E+01  0.10162E+12  0.45666E+09  16.8
  59 12.00   60.4  100.00  0.77825E+11 236.5  -1.0 110.0  81.0  0.47009E+12 -0.10000E+01  0.10222E+12  0.46654E+09  16.8
  60 12.00   60.0  100.00  0.78550E+11 237.0  -1.0 110.0  81.0  0.46895E+12 -0.10000E+01  0.10281E+12  0.47619E+09  16.8
  61 12.00   59.6  100.00  0.79259E+11 237.6  -1.0 110.0  81.0  0.46781E+12 -0.10000E+01  0.10340E+12  0.48561E+09  16.7
  62 12.00   59.3  100.00  0.79954E+11 238.1  -1.0 110.0  81.0  0.46667E+12 -0.10000E+01  0.10399E+12  0.49481E+09  16.7
  63 12.00   58.9  100.00  0.80634E+11 238.7  -1.0 110.0  81.0  0.46554E+12 -0.10000E+01  0.10457E+12  0.50377E+09  16.7
  64 12.00   58.5  100.00  0.81300E+11 239.3  -1.0 110.0  81.0  0.46440E+12 -0.10000E+01  0.10515E+12  0.51251E+09  16.7
  65 12.00   58.1  100.00  0.81952E+11 239.8  -1.0 110.0  81.0  0.46327E+12 -0.10000E+01  0.10573E+12  0.52101E+09  16.7
  66 12.00   57.7  100.00  0.82590E+11 240.4  -1.0 110.0  81.0  0.46214E+12 -0.10000E+01  0.10630E+12  0.52928E+09  16.7
  67 12.00   57.3  100.00  0.83216E+11 240.9  -1.0 110.0  81.0  0.46101E+12 -0.10000E+01  0.10687E+12  0.53732E+09  16.7
  68 12.00   56.9  100.00  0.83828E+11 241.5  -1.0 110.0  81.0  0.45988E+12 -0.10000E+01  0.10743E+12  0.54514E+09  16.7
  69 12.00   56.5  100.00  0.84428E+11 242.0  -1.0 110.0  81.0  0.45876E+12 -0.10000E+01  0.10799E+12  0.55272E+09  16.7
  70 12.00   56.1  100.00  0.85015E+11 242.6  -1.0 110.0  81.0  0.45763E+12 -0.10000E+01  0.10854E+12  0.56009E+09  16.7
  71 12.00   55.7  100.00  0.85591E+11 243.1  -1.0 110.0  81.0  0.45651E+12 -0.10000E+01  0.10909E+12  0.56723E+09  16.7
  72 12.00   55.3  100.00  0.86155E+11 243.7  -1.0 110.0  81.0  0.45539E+12 -0.10000E+01  0.10963E+12  0.57416E+09  16.7
  73 12.00   54.9  100.00  0.86707E+11 244.3  -1.0 110.0  81.0  0.45427E+12 -0.10000E+01  0.11017E+12  0.58087E+09  16.7
  74 12.00   54.5  100.00  0.87248E+11 244.8  -1.0 110.0  81.0  0.45315E+12 -0.10000E+01  0.11070E+12  0.58738E+09  16.7
  75 12.00   54.1  100.00  0.87786E+11 245.0  -1.0 110.0  81.0  0.45182E+12 -0.10000E+01  0.11123E+12  0.59379E+09  16.7
  76 12.00   53.7  100.00  0.88313E+11 245.3  -1.0 110.0  81.0  0.45049E+12 -0.10000E+01  0.11176E+12  0.60000E+09  16.7
  77 12.00   53.3  100.00  0.88829E+11 245.5  -1.0 110.0  81.0  0.44916E+12 -0.10000E+01  0.11228E+12  0.60602E+09  16.7
  78 12.00   52.9  100.00  0.89335E+11 245.7  -1.0 110.0  81.0  0.44784E+12 -0.10000E+01  0.11279E+12  0.61185E+09  16.7
  79 12.00   52.5  100.00  0.89832E+11 245.9 169.0 110.0  81.0  0.44652E+12  0.22239E+12  0.11330E+12  0.61749E+09  16.7
  80 12.00   52.1  100.00  0.90318E+11 246.1 169.4 110.0  81.0  0.44520E+12  0.22315E+12  0.11381E+12  0.62295E+09  16.7
  81 12.00   51.7  100.00  0.90794E+11 246.4 169.7 110.0  81.0  0.44388E+12  0.22390E+12  0.11431E+12  0.62824E+09  16.7
  82 12.00   51.3  100.00  0.91261E+11 246.6 170.0 110.0  81.0  0.44257E+12  0.22464E+12  0.11480E+12  0.63335E+09  16.7
  83 12.00   50.9  100.00  0.91719E+11 246.8 170.3 110.0  81.0  0.44125E+12  0.22537E+12  0.11529E+12  0.63830E+09  16.7
  84 12.00   50.6  100.00  0.92167E+11 247.0 170.6 110.0  81.0  0.43994E+12  0.22609E+12  0.11577E+12  0.64308E+09  16.7
  85 12.00   50.2  100.00  0.92607E+11 247.2 170.9 110.0  81.0  0.43863E+12  0.22680E+12  0.11624E+12  0.64770E+09  16.7
  86 12.00   49.8  100.00  0.93037E+11 247.4 171.2 110.0  81.0  0.43732E+12  0.22750E+12  0.11671E+12  0.65217E+09  16.7
  87 12.00   49.4  100.00  0.93459E+11 247.6 171.6 110.0  81.0  0.43602E+12  0.22819E+12  0.11717E+12  0.65649E+09  16.7
  88 12.00   49.0  100.00  0.93873E+11 247.8 171.9 110.0  81.0  0.43471E+12  0.22886E+12  0.11762E+12  0.66067E+09  16.7
  89 12.00   48.6  100.00  0.94278E+11 248.0 172.2 110.0  81.0  0.43341E+12  0.22953E+12  0.11807E+12  0.66470E+09  16.7
  90 12.00   48.2  100.00  0.94675E+11 248.2 172.5 110.0  81.0  0.43211E+12  0.23019E+12  0.11852E+12  0.66860E+09  16.7
  91 12.00   47.8  100.00  0.95063E+11 248.4 172.9 110.0  81.0  0.43081E+12  0.23084E+12  0.11895E+12  0.67236E+09  16.7
  92 12.00   47.4  100.00  0.95444E+11 248.6 173.2 110.0  81.0  0.42952E+12  0.23148E+12  0.11938E+12  0.67600E+09  16.7
  93 12.00   47.1  100.00  0.95817E+11 248.8 173.5 110.0  81.0  0.42822E+12  0.23210E+12  0.11980E+12  0.67952E+09  16.7
  94 12.00   46.7  100.00  0.96182E+11 249.0 173.9 110.0  81.0  0.42693E+12  0.23272E+12  0.12022E+12  0.68291E+09  16.7
  95 12.00   46.3  100.00  0.96540E+11 249.2 174.2 110.0  81.0  0.42564E+12  0.23333E+12  0.12063E+12  0.68618E+09  16.7
  96 12.00   45.9  100.00  0.96890E+11 249.4 174.5 110.0  81.0  0.42435E+12  0.23392E+12  0.12104E+12  0.68935E+09  16.7
  97 12.00   45.6  100.00  0.97233E+11 249.6 174.9 110.0  81.0  0.42306E+12  0.23451E+12  0.12143E+12  0.69240E+09  16.7
  98 12.00   45.2  100.00  0.97568E+11 249.8 175.2 110.0  81.0  0.42178E+12  0.23508E+12  0.12183E+12  0.69535E+09  16.7
  99 12.00   44.8  100.00  0.97896E+11 250.0 175.6 110.0  81.0  0.42050E+12  0.23565E+12  0.12221E+12  0.69820E+09  16.7
 100 12.00   44.5  100.00  0.98218E+11 250.1 175.9 110.0  81.0  0.41922E+12  0.23620E+12  0.12259E+12  0.70094E+09  16.7
 101 12.00   44.1  100.00  0.98533E+11 250.3 176.3 110.0  81.0  0.41794E+12  0.23675E+12  0.12296E+12  0.70359E+09  16.7
 102 12.00   43.7  100.00  0.98840E+11 250.5 176.6 110.0  81.0  0.41666E+12  0.23729E+12  0.12333E+12  0.70615E+09  16.7
 103 12.00   43.4  100.00  0.99142E+11 250.7 177.0 110.0  81.0  0.41539E+12  0.23781E+12  0.12369E+12  0.70862E+09  16.7
 104 12.00   43.0  100.00  0.99436E+11 250.9 177.3 110.0  81.0  0.41411E+12  0.23833E+12  0.12404E+12  0.71099E+09  16.7
 105 12.00   42.7  100.00  0.99724E+11 251.0 177.7 110.0  81.0  0.41284E+12  0.23883E+12  0.12439E+12  0.71329E+09  16.7
 106 12.00   42.3  100.00  0.10000E+12 250.9 177.6 110.0  81.0  0.41211E+12  0.23932E+12  0.12473E+12  0.71547E+09  16.7
 107 12.00   42.0  100.00  0.10028E+12 250.7 177.6 110.0  81.0  0.41138E+12  0.23981E+12  0.12506E+12  0.71757E+09  16.7
 108 12.00   41.6  100.00  0.10054E+12 250.6 177.5 110.0  81.0  0.41065E+12  0.24028E+12  0.12539E+12  0.71960E+09  16.7
 109 12.00   41.3  100.00  0.10080E+12 250.4 177.5 110.0  81.0  0.40993E+12  0.24074E+12  0.12571E+12  0.72155E+09  16.7
 110 12.00   40.9  100.00  0.10106E+12 250.2 177.4 110.0  81.0  0.40920E+12  0.24119E+12  0.12602E+12  0.72343E+09  16.7
 111 12.00   40.6  100.00  0.10131E+12 250.1 177.4 110.0  81.0  0.40847E+12  0.24164E+12  0.12633E+12  0.72523E+09  16.7
 112 12.00   40.3  100.00  0.10155E+12 249.9 177.3 110.0  81.0  0.40775E+12  0.24207E+12  0.12663E+12  0.72697E+09  16.7
 113 12.00   39.9  100.00  0.10179E+12 249.8 177.3 110.0  81.0  0.40702E+12  0.24249E+12  0.12693E+12  0.72865E+09  16.7
 114 12.00   39.6  100.00  0.10202E+12 249.6 177.2 110.0  81.0  0.40629E+12  0.24291E+12  0.12722E+12  0.73026E+09  16.7
 115 12.00   39.3  100.00  0.10224E+12 249.5 177.2 110.0  81.0  0.40557E+12  0.24331E+12  0.12750E+12  0.73181E+09  16.6
 116 12.00   39.0  100.00  0.10246E+12 249.3 177.2 110.0  81.0  0.40485E+12  0.24371E+12  0.12778E+12  0.73329E+09  16.6
 117 12.00   38.7  100.00  0.10268E+12 249.2 177.2 110.0  81.0  0.40412E+12  0.24409E+12  0.12805E+12  0.73472E+09  16.6
 118 12.00   38.4  100.00  0.10289E+12 249.0 177.2 110.0  81.0  0.40340E+12  0.24447E+12  0.12831E+12  0.73610E+09  16.6
 119 12.00   38.0  100.00  0.10309E+12 248.9 177.1 110.0  81.0  0.40268E+12  0.24484E+12  0.12857E+12  0.73741E+09  16.6
 120 12.00   37.7  100.00  0.10329E+12 248.7 177.1 110.0  81.0  0.40196E+12  0.24520E+12  0.12882E+12  0.73868E+09  16.6
 121 12.00   37.4  100.00  0.10348E+12 248.6 177.1 110.0  81.0  0.40124E+12  0.24555E+12  0.12907E+12  0.73989E+09  16.6
 122 12.00   37.1  100.00  0.10367E+12 248.5 177.1 110.0  81.0  0.40052E+12  0.24589E+12  0.12931E+12  0.74105E+09  16.6
 123 12.00   36.9  100.00  0.10385E+12 248.3 177.1 110.0  81.0  0.39980E+12  0.24622E+12  0.12955E+12  0.74216E+09  16.6
 124 12.00   36.6  100.00  0.10403E+12 248.2 177.1 110.0  81.0  0.39908E+12  0.24654E+12  0.12978E+12  0.74322E+09  16.6
 125 12.00   36.3  100.00  0.10420E+12 248.0 177.2 110.0  81.0  0.39836E+12  0.24685E+12  0.13000E+12  0.74424E+09  16.6
 126 12.00   36.0  100.00  0.10437E+12 247.9 177.2 110.0  81.0  0.39764E+12  0.24716E+12  0.13022E+12  0.74521E+09  16.6
 127 12.00   35.7  100.00  0.10453E+12 247.8 177.2 110.0  81.0  0.39693E+12  0.24745E+12  0.13043E+12  0.74614E+09  16.6
 128 12.00   35.5  100.00  0.10468E+12 247.6 177.2 110.0  81.0  0.39621E+12  0.24774E+12  0.13064E+12  0.74702E+09  16.6
 129 12.00   35.2  100.00  0.10484E+12 247.5 177.3 110.0  81.0  0.39550E+12  0.24802E+12  0.13084E+12  0.74787E+09  16.6
 130 12.00   34.9  100.00  0.10498E+12 247.4 177.3 110.0  81.0  0.39478E+12  0.24829E+12  0.13103E+12  0.74867E+09  16.6
 131 12.00   34.7  100.00  0.10512E+12 247.3 177.3 110.0  81.0  0.39407E+12  0.24855E+12  0.13122E+12  0.74943E+09  16.6
 132 12.00   34.4  100.00  0.10526E+12 247.1 177.4 110.0  81.0  0.39335E+12  0.24880E+12  0.13140E+12  0.75015E+09  16.6
 133 12.00   34.2  100.00  0.10539E+12 247.0 177.4 110.0  81.0  0.39264E+12  0.24905E+12  0.13158E+12  0.75084E+09  16.6
 134 12.00   34.0  100.00  0.10552E+12 246.9 177.5 110.0  81.0  0.39193E+12  0.24928E+12  0.13175E+12  0.75149E+09  16.6
 135 12.00   33.7  100.00  0.10565E+12 246.8 177.5 110.0  81.0  0.39122E+12  0.24951E+12  0.13191E+12  0.75210E+09  16.6
 136 12.00   33.5  100.00  0.10576E+12 246.6 177.4 110.0  81.0  0.39118E+12  0.24972E+12  0.13207E+12  0.75266E+09  16.6
 137 12.00   33.3  100.00  0.10588E+12 246.5 177.3 110.0  81.0  0.39113E+12  0.24993E+12  0.13223E+12  0.75319E+09  16.6
 138 12.00   33.1  100.00  0.10598E+12 246.3 177.2 110.0  81.0  0.39109E+12  0.25013E+12  0.13237E+12  0.75369E+09  16.6
 139 12.00   32.9  100.00  0.10609E+12 246.2 177.0 110.0  81.0  0.39105E+12  0.25032E+12  0.13252E+12  0.75415E+09  16.6
 140 12.00   32.7  100.00  0.10619E+12 246.0 176.9 110.0  81.0  0.39101E+12  0.25050E+12  0.13265E+12  0.75458E+09  16.6
 141 12.00   32.5  100.00  0.10628E+12 245.9 176.8 110.0  81.0  0.39097E+12  0.25068E+12  0.13279E+12  0.75498E+09  16.6
 142 12.00   32.3  100.00  0.10637E+12 245.8 176.7 110.0  81.0  0.39092E+12  0.25085E+12  0.13291E+12  0.75535E+09  16.6
 143 12.00   32.1  100.00  0.10646E+12 245.7 176.7 110.0  81.0  0.39088E+12  0.25100E+12  0.13303E+12  0.75568E+09  16.6
 144 12.00   31.9  100.00  0.10654E+12 245.5 176.6 110.0  81.0  0.39084E+12  0.25116E+12  0.13315E+12  0.75599E+09  16.6
 145 12.00   31.7  100.00  0.10662E+12 245.4 176.5 110.0  81.0  0.39080E+12  0.25130E+12  0.13326E+12  0.75627E+09  16.6
 146 12.00   31.6  100.00  0.10669E+12 245.3 176.4 110.0  81.0  0.39076E+12  0.25143E+12  0.13336E+12  0.75653E+09  16.6
 147 12.00   31.4  100.00  0.10676E+12 245.2 176.3 110.0  81.0  0.39071E+12  0.25156E+12  0.13346E+12  0.75675E+09  16.6
 148 12.00   31.2  100.00  0.10683E+12 245.1 176.3 110.0  81.0  0.39067E+12  0.25168E+12  0.13356E+12  0.75695E+09  16.6
 149 12.00   31.1  100.00  0.10689E+12 245.0 176.2 110.0  81.0  0.39063E+12  0.25179E+12  0.13365E+12  0.75712E+09  16.6
 150 12.00   31.0  100.00  0.10695E+12 244.9 176.2 110.0  81.0  0.39059E+12  0.25190E+12  0.13373E+12  0.75726E+09  16.6
 151 12.00   30.8  100.00  0.10700E+12 244.8 176.1 110.0  81.0  0.39055E+12  0.25199E+12  0.13381E+12  0.75738E+09  16.6
 152 12.00   30.7  100.00  0.10705E+12 244.7 176.1 110.0  81.0  0.39050E+12  0.25208E+12  0.13388E+12  0.75748E+09  16.6
 153 12.00   30.6  100.00  0.10710E+12 244.6 176.0 110.0  81.0  0.39046E+12  0.25217E+12  0.13395E+12  0.75755E+09  16.6
 154 12.00   30.5  100.00  0.10714E+12 244.5 176.0 110.0  81.0  0.39042E+12  0.25224E+12  0.13401E+12  0.75759E+09  16.6
 155 12.00   30.3  100.00  0.10718E+12 244.4 175.9 110.0  81.0  0.39038E+12  0.25231E+12  0.13407E+12  0.75762E+09  16.6
 156 12.00   30.2  100.00  0.10721E+12 244.4 175.9 110.0  81.0  0.39034E+12  0.25237E+12  0.13413E+12  0.75762E+09  16.6
 157 12.00   30.1  100.00  0.10724E+12 244.3 175.9 110.0  81.0  0.39029E+12  0.25242E+12  0.13418E+12  0.75759E+09  16.6
 158 12.00   30.1  100.00  0.10727E+12 244.2 175.9 110.0  81.0  0.39025E+12  0.25247E+12  0.13422E+12  0.75755E+09  16.6
 159 12.00   30.0  100.00  0.10729E+12 244.2 175.8 110.0  81.0  0.39021E+12  0.25250E+12  0.13426E+12  0.75748E+09  16.6
 160 12.00   29.9  100.00  0.10731E+12 244.1 175.8 110.0  81.0  0.39017E+12  0.25253E+12  0.13429E+12  0.75738E+09  16.6
 161 12.00   29.8  100.00  0.10732E+12 244.0 175.8 110.0  81.0  0.39013E+12  0.25256E+12  0.13432E+12  0.75727E+09  16.6
 162 12.00   29.8  100.00  0.10733E+12 244.0 175.8 110.0  81.0  0.39009E+12  0.25258E+12  0.13435E+12  0.75714E+09  16.6
 163 12.00   29.7  100.00  0.10734E+12 243.9 175.8 110.0  81.0  0.39004E+12  0.25259E+12  0.13437E+12  0.75698E+09  16.6
 164 12.00   29.7  100.00  0.10735E+12 243.9 175.8 110.0  81.0  0.39000E+12  0.25259E+12  0.13438E+12  0.75681E+09  16.6
 165 12.00   29.6  100.00  0.10735E+12 243.8 175.8 110.0  81.0  0.38996E+12  0.25259E+12  0.13439E+12  0.75661E+09  16.6
 166 12.00   29.6  100.00  0.10734E+12 243.8 175.9 110.0  81.0  0.38992E+12  0.25258E+12  0.13440E+12  0.75639E+09  16.6
 167 12.00   29.6  100.00  0.10734E+12 243.6 175.9 110.0  81.0  0.38902E+12  0.25256E+12  0.13440E+12  0.75614E+09  16.6
 168 12.00   29.5  100.00  0.10733E+12 243.4 175.9 110.0  81.0  0.38812E+12  0.25253E+12  0.13439E+12  0.75587E+09  16.6
 169 12.00   29.5  100.00  0.10731E+12 243.4 176.2 110.0  81.0  0.38723E+12  0.25250E+12  0.13438E+12  0.75558E+09  16.6
 170 12.00   29.5  100.00  0.10729E+12 243.4 176.4 110.0  81.0  0.38633E+12  0.25246E+12  0.13437E+12  0.75527E+09  16.6
 171 12.00   29.5  100.00  0.10727E+12 243.4 176.7 110.0  81.0  0.38544E+12  0.25242E+12  0.13435E+12  0.75494E+09  16.6
 172 12.00   29.5  100.00  0.10725E+12 243.4 176.9 110.0  81.0  0.38455E+12  0.25236E+12  0.13433E+12  0.75459E+09  16.6
 173 12.00   29.5  100.00  0.10722E+12 243.4 177.1 110.0  81.0  0.38366E+12  0.25230E+12  0.13430E+12  0.75422E+09  16.6
 174 12.00   29.6  100.00  0.10719E+12 243.4 177.4 110.0  81.0  0.38276E+12  0.25224E+12  0.13427E+12  0.75383E+09  16.6
 175 12.00   29.6  100.00  0.10715E+12 243.4 177.6 110.0  81.0  0.38188E+12  0.25217E+12  0.13423E+12  0.75342E+09  16.6
 176 12.00   29.6  100.00  0.10711E+12 243.4 177.9 110.0  81.0  0.38099E+12  0.25209E+12  0.13419E+12  0.75299E+09  16.6
 177 12.00   29.7  100.00  0.10707E+12 243.3 178.1 110.0  81.0  0.38010E+12  0.25200E+12  0.13415E+12  0.75254E+09  16.6
 178 12.00   29.7  100.00  0.10703E+12 243.3 178.4 110.0  81.0  0.37921E+12  0.25191E+12  0.13410E+12  0.75207E+09  16.6
 179 12.00   29.8  100.00  0.10698E+12 243.3 178.6 110.0  81.0  0.37833E+12  0.25181E+12  0.13404E+12  0.75158E+09  16.6
 180 12.00   29.8  100.00  0.10692E+12 243.3 178.9 110.0  81.0  0.37744E+12  0.25170E+12  0.13398E+12  0.75106E+09  16.6
 181 12.00   29.9  100.00  0.10687E+12 243.3 179.1 110.0  81.0  0.37656E+12  0.25159E+12  0.13392E+12  0.75053E+09  16.6
 182 12.00   30.0  100.00  0.10681E+12 243.3 179.4 110.0  81.0  0.37568E+12  0.25147E+12  0.13385E+12  0.74998E+09  16.6
 183 12.00   30.1  100.00  0.10674E+12 243.3 179.6 110.0  81.0  0.37480E+12  0.25135E+12  0.13378E+12  0.74941E+09  16.6
 184 12.00   30.1  100.00  0.10668E+12 243.3 179.9 110.0  81.0  0.37392E+12  0.25121E+12  0.13370E+12  0.74881E+09  16.6
 185 12.00   30.2  100.00  0.10661E+12 243.3 180.1 110.0  81.0  0.37304E+12  0.25107E+12  0.13362E+12  0.74820E+09  16.6
 186 12.00   30.3  100.00  0.10653E+12 243.3 180.4 110.0  81.0  0.37216E+12  0.25093E+12  0.13353E+12  0.74756E+09  16.6
 187 12.00   30.4  100.00  0.10645E+12 243.3 180.6 110.0  81.0  0.37128E+12  0.25077E+12  0.13344E+12  0.74691E+09  16.6
 188 12.00   30.6  100.00  0.10637E+12 243.3 180.9 110.0  81.0  0.37041E+12  0.25061E+12  0.13334E+12  0.74623E+09  16.6
 189 12.00   30.7  100.00  0.10629E+12 243.3 181.1 110.0  81.0  0.36953E+12  0.25045E+12  0.13324E+12  0.74552E+09  16.6
 190 12.00   30.8  100.00  0.10620E+12 243.3 181.4 110.0  81.0  0.36866E+12  0.25027E+12  0.13313E+12  0.74480E+09  16.6
 191 12.00   30.9  100.00  0.10611E+12 243.3 181.6 110.0  81.0  0.36778E+12  0.25009E+12  0.13302E+12  0.74405E+09  16.6
 192 12.00   31.1  100.00  0.10601E+12 243.3 181.9 110.0  81.0  0.36691E+12  0.24991E+12  0.13291E+12  0.74328E+09  16.6
 193 12.00   31.2  100.00  0.10591E+12 243.2 182.1 110.0  81.0  0.36604E+12  0.24971E+12  0.13279E+12  0.74249E+09  16.6
 194 12.00   31.4  100.00  0.10581E+12 243.2 182.4 110.0  81.0  0.36517E+12  0.24951E+12  0.13266E+12  0.74167E+09  16.6
 195 12.00   31.5  100.00  0.10570E+12 243.2 182.6 110.0  81.0  0.36430E+12  0.24930E+12  0.13253E+12  0.74083E+09  16.6
 196 12.00   31.7  100.00  0.10559E+12 243.2 182.9 110.0  81.0  0.36344E+12  0.24908E+12  0.13239E+12  0.73996E+09  16.6
 197 12.00   31.9  100.00  0.10548E+12 242.9 182.6 110.0  81.0  0.36341E+12  0.24887E+12  0.13226E+12  0.73912E+09  16.6
 198 12.00   32.0  100.00  0.10536E+12 242.6 182.4 110.0  81.0  0.36338E+12  0.24864E+12  0.13211E+12  0.73826E+09  16.6
 199 12.00   32.2  100.00  0.10524E+12 242.3 182.1 110.0  81.0  0.36336E+12  0.24841E+12  0.13197E+12  0.73738E+09  16.6
 200 12.00   32.4  100.00  0.10512E+12 242.0 181.9 110.0  81.0  0.36333E+12  0.24818E+12  0.13181E+12  0.73646E+09  16.6
 201 12.00   32.6  100.00  0.10499E+12 241.7 181.7 110.0  81.0  0.36331E+12  0.24793E+12  0.13166E+12  0.73552E+09  16.6
 202 12.00   32.8  100.00  0.10486E+12 241.4 181.4 110.0  81.0  0.36328E+12  0.24768E+12  0.13149E+12  0.73455E+09  16.6
 203 12.00   33.0  100.00  0.10472E+12 241.1 181.2 110.0  81.0  0.36326E+12  0.24742E+12  0.13133E+12  0.73356E+09  16.6
 204 12.00   33.2  100.00  0.10458E+12 240.8 180.9 110.0  81.0  0.36323E+12  0.24715E+12  0.13115E+12  0.73253E+09  16.6
 205 12.00   33.4  100.00  0.10444E+12 240.5 180.7 110.0  81.0  0.36321E+12  0.24687E+12  0.13097E+12  0.73147E+09  16.6
 206 12.00   33.6  100.00  0.10429E+12 240.2 180.4 110.0  81.0  0.36318E+12  0.24659E+12  0.13079E+12  0.73038E+09  16.6
 207 12.00   33.9  100.00  0.10414E+12 239.9 180.2 110.0  81.0  0.36316E+12  0.24630E+12  0.13060E+12  0.72926E+09  16.6
 208 12.00   34.1  100.00  0.10398E+12 239.6 180.0 110.0  81.0  0.36313E+12  0.24600E+12  0.13041E+12  0.72811E+09  16.6
 209 12.00   34.3  100.00  0.10382E+12 239.3 179.7 110.0  81.0  0.36311E+12  0.24569E+12  0.13021E+12  0.72693E+09  16.6
 210 12.00   34.6  100.00  0.10365E+12 239.0 179.5 110.0  81.0  0.36308E+12  0.24538E+12  0.13000E+12  0.72571E+09  16.6
 211 12.00   34.8  100.00  0.10348E+12 238.7 179.2 110.0  81.0  0.36306E+12  0.24505E+12  0.12979E+12  0.72445E+09  16.6
 212 12.00   35.1  100.00  0.10331E+12 238.4 179.0 110.0  81.0  0.36303E+12  0.24472E+12  0.12958E+12  0.72317E+09  16.6
 213 12.00   35.3  100.00  0.10313E+12 238.1 178.7 110.0  81.0  0.36300E+12  0.24438E+12  0.12935E+12  0.72184E+09  16.6
 214 12.00   35.6  100.00  0.10294E+12 237.8 178.5 110.0  81.0  0.36298E+12  0.24404E+12  0.12913E+12  0.72048E+09  16.6
 215 12.00   35.9  100.00  0.10275E+12 237.5 178.3 110.0  81.0  0.36295E+12  0.24368E+12  0.12889E+12  0.71907E+09  16.6
 216 12.00   36.1  100.00  0.10256E+12 237.2 178.0 110.0  81.0  0.36293E+12  0.24332E+12  0.12866E+12  0.71763E+09  16.6
 217 12.00   36.4  100.00  0.10236E+12 237.0 177.8 110.0  81.0  0.36290E+12  0.24295E+12  0.12841E+12  0.71615E+09  16.6
 218 12.00   36.7  100.00  0.10216E+12 236.7 177.5 110.0  81.0  0.36288E+12  0.24257E+12  0.12816E+12  0.71463E+09  16.6
 219 12.00   37.0  100.00  0.10195E+12 236.4 177.3 110.0  81.0  0.36285E+12  0.24218E+12  0.12791E+12  0.71307E+09  16.6
 220 12.00   37.3  100.00  0.10174E+12 236.1 177.1 110.0  81.0  0.36283E+12  0.24178E+12  0.12765E+12  0.71146E+09  16.6
 221 12.00   37.6  100.00  0.10152E+12 235.8 176.8 110.0  81.0  0.36280E+12  0.24137E+12  0.12738E+12  0.70980E+09  16.6
 222 12.00   37.8  100.00  0.10129E+12 235.5 176.6 110.0  81.0  0.36278E+12  0.24096E+12  0.12711E+12  0.70810E+09  16.6
 223 12.00   38.1  100.00  0.10107E+12 235.2 176.4 110.0  81.0  0.36275E+12  0.24054E+12  0.12683E+12  0.70636E+09  16.6
 224 12.00   38.5  100.00  0.10083E+12 234.9 176.1 110.0  81.0  0.36273E+12  0.24011E+12  0.12655E+12  0.70456E+09  16.6
 225 12.00   38.8  100.00  0.10060E+12 234.6 175.9 110.0  81.0  0.36270E+12  0.23967E+12  0.12626E+12  0.70272E+09  16.6
 226 12.00   39.1  100.00  0.10035E+12 234.3 175.6 110.0  81.0  0.36268E+12  0.23922E+12  0.12596E+12  0.70082E+09  16.6
 227 12.00   39.4  100.00  0.10010E+12 234.0 175.4 110.0  81.0  0.36265E+12  0.23876E+12  0.12566E+12  0.69887E+09  16.6
 228 12.00   39.7  100.00  0.99853E+11 233.9 175.3 110.0  81.0  0.36302E+12  0.23830E+12  0.12536E+12  0.69691E+09  16.7
 229 12.00   40.0  100.00  0.99596E+11 234.0 175.3 110.0  81.0  0.36338E+12  0.23784E+12  0.12505E+12  0.69490E+09  16.7
 230 12.00   40.4  100.00  0.99335E+11 234.0 175.3 110.0  81.0  0.36375E+12  0.23736E+12  0.12473E+12  0.69283E+09  16.7
 231 12.00   40.7  100.00  0.99067E+11 234.1 175.3 110.0  81.0  0.36412E+12  0.23687E+12  0.12441E+12  0.69069E+09  16.7
 232 12.00   41.0  100.00  0.98794E+11 234.1 175.4 110.0  81.0  0.36449E+12  0.23638E+12  0.12408E+12  0.68850E+09  16.7
 233 12.00   41.4  100.00  0.98516E+11 234.2 175.4 110.0  81.0  0.36485E+12  0.23588E+12  0.12375E+12  0.68625E+09  16.7
 234 12.00   41.7  100.00  0.98232E+11 234.2 175.4 110.0  81.0  0.36522E+12  0.23537E+12  0.12341E+12  0.68393E+09  16.7
 235 12.00   42.0  100.00  0.97942E+11 234.3 175.4 110.0  81.0  0.36559E+12  0.23485E+12  0.12306E+12  0.68154E+09  16.7
 236 12.00   42.4  100.00  0.97646E+11 234.3 175.5 110.0  81.0  0.36596E+12  0.23432E+12  0.12271E+12  0.67908E+09  16.7
 237 12.00   42.7  100.00  0.97345E+11 234.4 175.5 110.0  81.0  0.36632E+12  0.23378E+12  0.12236E+12  0.67656E+09  16.7
 238 12.00   43.1  100.00  0.97037E+11 234.4 175.5 110.0  81.0  0.36669E+12  0.23323E+12  0.12199E+12  0.67396E+09  16.7
 239 12.00   43.4  100.00  0.96724E+11 234.5 175.6 110.0  81.0  0.36706E+12  0.23267E+12  0.12163E+12  0.67128E+09  16.7
 240 12.00   43.8  100.00  0.96404E+11 234.5 175.6 110.0  81.0  0.36743E+12  0.23211E+12  0.12125E+12  0.66853E+09  16.7
 241 12.00   44.1  100.00  0.96078E+11 234.6 175.7 110.0  81.0  0.36780E+12  0.23154E+12  0.12087E+12  0.66570E+09  16.7
 242 12.00   44.5  100.00  0.95746E+11 234.6 175.7 110.0  81.0  0.36817E+12  0.23095E+12  0.12049E+12  0.66278E+09  16.7
 243 12.00   44.9  100.00  0.95407E+11 234.7 175.7 110.0  81.0  0.36854E+12  0.23036E+12  0.12009E+12  0.65978E+09  16.7
 244 12.00   45.2  100.00  0.95062E+11 234.8 175.8 110.0  81.0  0.36891E+12  0.22976E+12  0.11970E+12  0.65670E+09  16.7
 245 12.00   45.6  100.00  0.94711E+11 234.8 175.8 110.0  81.0  0.36928E+12  0.22915E+12  0.11929E+12  0.65352E+09  16.7
 246 12.00   46.0  100.00  0.94353E+11 234.9 175.9 110.0  81.0  0.36965E+12  0.22853E+12  0.11888E+12  0.65025E+09  16.7
 247 12.00   46.3  100.00  0.93988E+11 234.9 175.9 110.0  81.0  0.37002E+12  0.22790E+12  0.11847E+12  0.64688E+09  16.7
 248 12.00   46.7  100.00  0.93616E+11 235.0 176.0 110.0  81.0  0.37039E+12  0.22726E+12  0.11804E+12  0.64341E+09  16.7
 249 12.00   47.1  100.00  0.93237E+11 235.1 176.1 110.0  81.0  0.37076E+12  0.22662E+12  0.11762E+12  0.63985E+09  16.7
 250 12.00   47.5  100.00  0.92851E+11 235.1 176.1 110.0  81.0  0.37113E+12  0.22596E+12  0.11718E+12  0.63617E+09  16.7
 251 12.00   47.8  100.00  0.92458E+11 235.2 176.2 110.0  81.0  0.37150E+12  0.22530E+12  0.11675E+12  0.63239E+09  16.7
 252 12.00   48.2  100.00  0.92058E+11 235.3 176.2 110.0  81.0  0.37187E+12  0.22462E+12  0.11630E+12  0.62850E+09  16.7
 253 12.00   48.6  100.00  0.91650E+11 235.3 176.3 110.0  81.0  0.37224E+12  0.22394E+12  0.11585E+12  0.62449E+09  16.7
 254 12.00   49.0  100.00  0.91235E+11 235.4 176.3 110.0  81.0  0.37261E+12  0.22325E+12  0.11539E+12  0.62036E+09  16.7
 255 12.00   49.4  100.00  0.90812E+11 235.5 176.4 110.0  81.0  0.37298E+12  0.22254E+12  0.11493E+12  0.61611E+09  16.7
 256 12.00   49.7  100.00  0.90381E+11 235.5 176.5 110.0  81.0  0.37336E+12  0.22183E+12  0.11446E+12  0.61174E+09  16.7
 257 12.00   50.1  100.00  0.89943E+11 235.6 176.5 110.0  81.0  0.37373E+12  0.22112E+12  0.11399E+12  0.60723E+09  16.7
 258 12.00   50.5  100.00  0.89496E+11 235.7 176.6 110.0  81.0  0.37410E+12  0.22039E+12  0.11351E+12  0.60260E+09  16.7
 259 12.00   50.9  100.00  0.89043E+11 236.0 176.5 110.0  81.0  0.37706E+12  0.21965E+12  0.11303E+12  0.59786E+09  16.7
 260 12.00   51.3  100.00  0.88582E+11 236.2 176.3 110.0  81.0  0.38002E+12  0.21891E+12  0.11254E+12  0.59298E+09  16.7
 261 12.00   51.7  100.00  0.88112E+11 236.5 176.2 110.0  81.0  0.38300E+12  0.21816E+12  0.11205E+12  0.58795E+09  16.7
 262 12.00   52.1  100.00  0.87634E+11 236.7 176.1 110.0  81.0  0.38600E+12  0.21740E+12  0.11155E+12  0.58278E+09  16.7
 263 12.00   52.5  100.00  0.87146E+11 236.9 175.9 110.0  81.0  0.38900E+12  0.21663E+12  0.11104E+12  0.57745E+09  16.7
 264 12.00   52.8  100.00  0.86650E+11 237.1 175.7 110.0  81.0  0.39201E+12  0.21586E+12  0.11053E+12  0.57197E+09  16.7
 265 12.00   53.2  100.00  0.86144E+11 237.3 175.6 110.0  81.0  0.39504E+12  0.21507E+12  0.11002E+12  0.56633E+09  16.7
 266 12.00   53.6  100.00  0.85629E+11 237.5  -1.0 110.0  81.0  0.39808E+12 -0.10000E+01  0.10950E+12  0.56052E+09  16.7
 267 12.00   54.0  100.00  0.85104E+11 237.6  -1.0 110.0  81.0  0.40113E+12 -0.10000E+01  0.10897E+12  0.55454E+09  16.7
 268 12.00   54.4  100.00  0.84569E+11 237.8  -1.0 110.0  81.0  0.40419E+12 -0.10000E+01  0.10844E+12  0.54840E+09  16.7
 269 12.00   54.8  100.00  0.84024E+11 237.9  -1.0 110.0  81.0  0.40726E+12 -0.10000E+01  0.10790E+12  0.54208E+09  16.7
 270 12.00   55.2  100.00  0.83469E+11 238.0  -1.0 110.0  81.0  0.41035E+12 -0.10000E+01  0.10736E+12  0.53558E+09  16.7
 271 12.00   55.6  100.00  0.82904E+11 238.1  -1.0 110.0  81.0  0.41344E+12 -0.10000E+01  0.10682E+12  0.52890E+09  16.7
 272 12.00   56.0  100.00  0.82327E+11 238.1  -1.0 110.0  81.0  0.41655E+12 -0.10000E+01  0.10627E+12  0.52204E+09  16.7
 273 12.00   56.4  100.00  0.81740E+11 238.2  -1.0 110.0  81.0  0.41967E+12 -0.10000E+01  0.10571E+12  0.51499E+09  16.7
 274 12.00   56.8  100.00  0.81141E+11 238.2  -1.0 110.0  81.0  0.42280E+12 -0.10000E+01  0.10516E+12  0.50775E+09  16.7
 275 12.00   57.1  100.00  0.80531E+11 238.3  -1.0 110.0  81.0  0.42594E+12 -0.10000E+01  0.10459E+12  0.50032E+09  16.7
 276 12.00   57.5  100.00  0.79909E+11 238.3  -1.0 110.0  81.0  0.42910E+12 -0.10000E+01  0.10402E+12  0.49269E+09  16.7
 277 12.00   57.9  100.00  0.79275E+11 238.3  -1.0 110.0  81.0  0.43226E+12 -0.10000E+01  0.10345E+12  0.48488E+09  16.7
 278 12.00   58.3  100.00  0.78628E+11 238.3  -1.0 110.0  81.0  0.43544E+12 -0.10000E+01  0.10288E+12  0.47687E+09  16.7
 279 12.00   58.7  100.00  0.77969E+11 238.3  -1.0 110.0  81.0  0.43863E+12 -0.10000E+01  0.10230E+12  0.46866E+09  16.7
 280 12.00   59.1  100.00  0.77297E+11 238.3  -1.0 110.0  81.0  0.44183E+12 -0.10000E+01  0.10172E+12  0.46026E+09  16.7
 281 12.00   59.5  100.00  0.76611E+11 238.2  -1.0 110.0  81.0  0.44504E+12 -0.10000E+01  0.10113E+12  0.45167E+09  16.7
 282 12.00   59.8  100.00  0.75913E+11 238.2  -1.0 110.0  81.0  0.44827E+12 -0.10000E+01  0.10054E+12  0.44288E+09  16.8
 283 12.00   60.2  100.00  0.75199E+11 238.1  -1.0 110.0  81.0  0.45150E+12 -0.10000E+01  0.99949E+11  0.43391E+09  16.8
 284 12.00   60.6  100.00  0.74472E+11 238.0  -1.0 110.0  81.0  0.45475E+12 -0.10000E+01  0.99354E+11  0.42474E+09  16.8
 285 12.00   61.0  100.00  0.73730E+11 238.0  -1.0 110.0  81.0  0.45801E+12 -0.10000E+01  0.98757E+11  0.41540E+09  16.8
 286 12.00   61.4  100.00  0.72972E+11 237.9  -1.0 110.0  81.0  0.46128E+12 -0.10000E+01  0.98157E+11  0.40588E+09  16.8
 287 12.00   61.7  100.00  0.72371E+11 237.8  -1.0 110.0  81.0  0.46456E+12 -0.10000E+01  0.97555E+11  0.40000E+09  16.8
 288 12.00   62.1  100.00  0.72029E+11 237.7  -1.0 110.0  81.0  0.46786E+12 -0.10000E+01  0.96952E+11  0.40000E+09  16.8
 289 12.00   62.5  100.00  0.71686E+11 237.4  -1.0 110.0  81.0  0.46880E+12 -0.10000E+01  0.96347E+11  0.40000E+09  16.8
 290 12.00   62.8  100.00  0.71342E+11 237.1  -1.0 110.0  81.0  0.46974E+12 -0.10000E+01  0.95742E+11  0.40000E+09  16.8
 291 12.00   63.2  100.00  0.70996E+11 236.8  -1.0 110.0  81.0  0.47069E+12 -0.10000E+01  0.95134E+11  0.40000E+09  16.8
 292 12.00   63.5  100.00  0.70648E+11 236.5  -1.0 110.0  81.0  0.47163E+12 -0.10000E+01  0.94526E+11  0.40000E+09  16.8
 293 12.00   63.9  100.00  0.70299E+11 236.2  -1.0 110.0  81.0  0.47258E+12 -0.10000E+01  0.93918E+11  0.40000E+09  16.8
 294 12.00   64.3  100.00  0.69949E+11 235.8  -1.0 110.0  81.0  0.47353E+12 -0.10000E+01  0.93308E+11  0.40000E+09  16.8
 295 12.00   64.6  100.00  0.69598E+11 235.5  -1.0 110.0  81.0  0.47448E+12 -0.10000E+01  0.92699E+11  0.40000E+09  16.8
 296 12.00   65.0  100.00  0.69246E+11 235.2  -1.0 110.0  81.0  0.47543E+12 -0.10000E+01  0.92089E+11  0.40000E+09  16.8
 297 12.00   65.3  100.00  0.68893E+11 234.9  -1.0 110.0  81.0  0.47638E+12 -0.10000E+01  0.91480E+11  0.40000E+09  16.8
 298 12.00   65.6  100.00  0.68540E+11 234.6  -1.0 110.0  81.0  0.47733E+12 -0.10000E+01  0.90871E+11  0.40000E+09  16.8
 299 12.00   66.0  100.00  0.68186E+11 234.3  -1.0 110.0  81.0  0.47828E+12 -0.10000E+01  0.90264E+11  0.40000E+09  16.8
 300 12.00   66.3  100.00  0.67832E+11 233.9  -1.0 110.0  81.0  0.47924E+12 -0.10000E+01  0.89657E+11  0.40000E+09  16.8
 301 12.00   66.6  100.00  0.67478E+11 233.6  -1.0 110.0  81.0  0.48019E+12 -0.10000E+01  0.89052E+11  0.40000E+09  16.8
 302 12.00   67.0  100.00  0.67124E+11 233.3  -1.0 110.0  81.0  0.48115E+12 -0.10000E+01  0.88448E+11  0.40000E+09  16.9
 303 12.00   67.3  100.00  0.66770E+11 232.9  -1.0 110.0  81.0  0.48210E+12 -0.10000E+01  0.87847E+11  0.40000E+09  16.9
 304 12.00   67.6  100.00  0.66417E+11 232.6  -1.0 110.0  81.0  0.48306E+12 -0.10000E+01  0.87248E+11  0.40000E+09  16.9
 305 12.00   67.9  100.00  0.66065E+11 232.3  -1.0 110.0  81.0  0.48402E+12 -0.10000E+01  0.86652E+11  0.40000E+09  16.9
 306 12.00   68.2  100.00  0.65713E+11 231.9  -1.0 110.0  81.0  0.48498E+12 -0.10000E+01  0.86058E+11  0.40000E+09  16.9
 307 12.00   68.5  100.00  0.65363E+11 231.6  -1.0 110.0  81.0  0.48594E+12 -0.10000E+01  0.85468E+11  0.40000E+09  16.9
 308 12.00   68.8  100.00  0.65014E+11 231.3  -1.0 110.0  81.0  0.48690E+12 -0.10000E+01  0.84882E+11  0.40000E+09  16.9
 309 12.00   69.1  100.00  0.64666E+11 230.9  -1.0 110.0  81.0  0.48786E+12 -0.10000E+01  0.84299E+11  0.40000E+09  16.9
 310 12.00   69.4  100.00  0.64320E+11 230.6  -1.0 110.0  81.0  0.48882E+12 -0.10000E+01  0.83721E+11  0.40000E+09  16.9
 311 12.00   69.7  100.00  0.63976E+11 230.2  -1.0 110.0  81.0  0.48979E+12 -0.10000E+01  0.83148E+11  0.40000E+09  16.9
 312 12.00   70.0  100.00  0.63634E+11 229.9  -1.0 110.0  81.0  0.49075E+12 -0.10000E+01  0.82579E+11  0.40000E+09  16.9
 313 12.00   70.3  100.00  0.63294E+11 229.5  -1.0 110.0  81.1  0.49172E+12 -0.10000E+01  0.82016E+11  0.40000E+09  16.9
 314 12.00   70.5  100.00  0.62957E+11 229.2  -1.0 110.0  81.1  0.49268E+12 -0.10000E+01  0.81459E+11  0.40000E+09  16.9
 315 12.00   70.8  100.00  0.62623E+11 228.8  -1.0 110.0  81.1  0.49365E+12 -0.10000E+01  0.80908E+11  0.40000E+09  16.9
 316 12.00   71.1  100.00  0.62292E+11 228.4  -1.0 110.0  81.1  0.49462E+12 -0.10000E+01  0.80363E+11  0.40000E+09  16.9
 317 12.00   71.3  100.00  0.61965E+11 228.1  -1.0 110.0  81.1  0.49559E+12 -0.10000E+01  0.79825E+11  0.40000E+09  17.0
 318 12.00   71.6  100.00  0.61641E+11 227.7  -1.0 110.0  81.1  0.49656E+12 -0.10000E+01  0.79294E+11  0.40000E+09  17.0
 319 12.00   71.8  100.00  0.61321E+11 227.3  -1.0 110.0  81.1  0.49753E+12 -0.10000E+01  0.78771E+11  0.40000E+09  17.0
 320 12.00   72.1  100.00  0.61004E+11 227.1  -1.0 110.0  81.1  0.49290E+12 -0.10000E+01  0.78254E+11  0.40000E+09  17.0
 321 12.00   72.3  100.00  0.60691E+11 226.8  -1.0 110.0  81.1  0.48830E+12 -0.10000E+01  0.77745E+11  0.40000E+09  17.0
 322 12.00   72.5  100.00  0.60383E+11 226.5  -1.0 110.0  81.1  0.48371E+12 -0.10000E+01  0.77245E+11  0.40000E+09  17.0
 323 12.00   72.8  100.00  0.60080E+11 226.2  -1.0 110.0  81.1  0.47915E+12 -0.10000E+01  0.76755E+11  0.40000E+09  17.0
 324 12.00   73.0  100.00  0.59783E+11 225.9  -1.0 110.0  81.1  0.47460E+12 -0.10000E+01  0.76274E+11  0.40000E+09  17.0
 325 12.00   73.2  100.00  0.59491E+11 225.6  -1.0 110.0  81.1  0.47008E+12 -0.10000E+01  0.75803E+11  0.40000E+09  17.0
 326 12.00   73.4  100.00  0.59204E+11 225.3  -1.0 110.0  81.1  0.46559E+12 -0.10000E+01  0.75342E+11  0.40000E+09  17.0
 327 12.00   73.6  100.00  0.58924E+11 225.0  -1.0 110.0  81.1  0.46111E+12 -0.10000E+01  0.74892E+11  0.40000E+09  17.0
 328 12.00   73.8  100.00  0.58651E+11 224.7  -1.0 110.0  81.1  0.45665E+12 -0.10000E+01  0.74453E+11  0.40000E+09  17.0
 329 12.00   74.0  100.00  0.58384E+11 224.4  -1.0 110.0  81.1  0.45222E+12 -0.10000E+01  0.74026E+11  0.40000E+09  17.0
 330 12.00   74.1  100.00  0.58124E+11 224.0  -1.0 110.0  81.1  0.44780E+12 -0.10000E+01  0.73611E+11  0.40000E+09  17.0
 331 12.00   74.3  100.00  0.57871E+11 223.7  -1.0 110.0  81.1  0.44341E+12 -0.10000E+01  0.73209E+11  0.40000E+09  17.1
 332 12.00   74.5  100.00  0.57626E+11 223.4  -1.0 110.0  81.1  0.43904E+12 -0.10000E+01  0.72819E+11  0.40000E+09  17.1
 333 12.00   74.6  100.00  0.57389E+11 223.1  -1.0 110.0  81.1  0.43470E+12 -0.10000E+01  0.72443E+11  0.40000E+09  17.1
 334 12.00   74.8  100.00  0.57160E+11 222.7  -1.0 110.0  81.1  0.43037E+12 -0.10000E+01  0.72080E+11  0.40000E+09  17.1
 335 12.00   74.9  100.00  0.56940E+11 222.4  -1.0 110.0  81.1  0.42607E+12 -0.10000E+01  0.71731E+11  0.40000E+09  17.1
 336 12.00   75.1  100.00  0.56728E+11 222.0  -1.0 110.0  81.1  0.42178E+12 -0.10000E+01  0.71397E+11  0.40000E+09  17.1
 337 12.00   75.2  100.00  0.56525E+11 221.7  -1.0 110.0  81.1  0.41752E+12 -0.10000E+01  0.71077E+11  0.40000E+09  17.1
 338 12.00   75.3  100.00  0.56332E+11 221.3  -1.0 110.0  81.1  0.41328E+12 -0.10000E+01  0.70773E+11  0.40000E+09  17.1
 339 12.00   75.5  100.00  0.56149E+11 221.0  -1.0 110.0  81.1  0.40907E+12 -0.10000E+01  0.70484E+11  0.40000E+09  17.1
 340 12.00   75.6  100.00  0.55975E+11 220.6  -1.0 110.0  81.1  0.40487E+12 -0.10000E+01  0.70211E+11  0.40000E+09  17.1
 341 12.00   75.7  100.00  0.55811E+11 220.2  -1.0 110.0  81.1  0.40069E+12 -0.10000E+01  0.69954E+11  0.40000E+09  17.1
 342 12.00   75.8  100.00  0.55658E+11 219.8  -1.0 110.0  81.1  0.39654E+12 -0.10000E+01  0.69714E+11  0.40000E+09  17.1
 343 12.00   75.9  100.00  0.55515E+11 219.4  -1.0 110.0  81.1  0.39241E+12 -0.10000E+01  0.69490E+11  0.40000E+09  17.1
 344 12.00   76.0  100.00  0.55383E+11 219.0  -1.0 110.0  81.1  0.38830E+12 -0.10000E+01  0.69284E+11  0.40000E+09  17.1
 345 12.00   76.0  100.00  0.55263E+11 218.6  -1.0 110.0  81.1  0.38421E+12 -0.10000E+01  0.69095E+11  0.40000E+09  17.1
 346 12.00   76.1  100.00  0.55153E+11 218.2  -1.0 110.0  81.1  0.38015E+12 -0.10000E+01  0.68924E+11  0.40000E+09  17.1
 347 12.00   76.2  100.00  0.55055E+11 217.8  -1.0 110.0  81.1  0.37610E+12 -0.10000E+01  0.68770E+11  0.40000E+09  17.1
 348 12.00   76.2  100.00  0.54968E+11 217.4  -1.0 110.0  81.1  0.37208E+12 -0.10000E+01  0.68635E+11  0.40000E+09  17.1
 349 12.00   76.3  100.00  0.54893E+11 216.9  -1.0 110.0  81.1  0.36808E+12 -0.10000E+01  0.68518E+11  0.40000E+09  17.1
 350 12.00   76.3  100.00  0.54830E+11 216.9  -1.0 110.0  81.1  0.36727E+12 -0.10000E+01  0.68420E+11  0.40000E+09  17.1
 351 12.00   76.3  100.00  0.54779E+11 216.8  -1.0 110.0  81.1  0.36647E+12 -0.10000E+01  0.68340E+11  0.40000E+09  17.1
 352 12.00   76.4  100.00  0.54740E+11 216.8  -1.0 110.0  81.1  0.36567E+12 -0.10000E+01  0.68279E+11  0.40000E+09  17.1
 353 12.00   76.4  100.00  0.54713E+11 216.7  -1.0 110.0  81.1  0.36487E+12 -0.10000E+01  0.68237E+11  0.40000E+09  17.1
 354 12.00   76.4  100.00  0.54698E+11 216.6  -1.0 110.0  81.1  0.36407E+12 -0.10000E+01  0.68214E+11  0.40000E+09  17.1
 355 12.00   76.4  100.00  0.54695E+11 216.6  -1.0 110.0  81.1  0.36328E+12 -0.10000E+01  0.68210E+11  0.40000E+09  17.1
 356 12.00   76.4  100.00  0.54705E+11 216.5  -1.0 110.0  81.1  0.36248E+12 -0.10000E+01  0.68224E+11  0.40000E+09  17.1
 357 12.00   76.3  100.00  0.54727E+11 216.4  -1.0 110.0  81.1  0.36168E+12 -0.10000E+01  0.68258E+11  0.40000E+09  17.1
 358 12.00   76.3  100.00  0.54761E+11 216.3  -1.0 110.0  81.1  0.36089E+12 -0.10000E+01  0.68311E+11  0.40000E+09  17.1
 359 12.00   76.3  100.00  0.54807E+11 216.2  -1.0 110.0  81.1  0.36009E+12 -0.10000E+01  0.68382E+11  0.40000E+09  17.1
 360 12.00   76.3  100.00  0.54865E+11 216.1  -1.0 110.0  81.1  0.35930E+12 -0.10000E+01  0.68473E+11  0.40000E+09  17.1
 361 12.00   76.2  100.00  0.54935E+11 215.9  -1.0 110.0  81.1  0.35851E+12 -0.10000E+01  0.68582E+11  0.40000E+09  17.1
 362 12.00   76.2  100.00  0.55017E+11 215.8  -1.0 110.0  81.1  0.35771E+12 -0.10000E+01  0.68709E+11  0.40000E+09  17.1
 363 12.00   76.1  100.00  0.55111E+11 215.7  -1.0 110.0  81.1  0.35692E+12 -0.10000E+01  0.68855E+11  0.40000E+09  17.1
 364 12.00   76.0  100.00  0.55216E+11 215.5  -1.0 110.0  81.1  0.35613E+12 -0.10000E+01  0.69020E+11  0.40000E+09  17.1
 365 12.00   75.9  100.00  0.55333E+11 215.4  -1.0 110.0  81.1  0.35534E+12 -0.10000E+01  0.69202E+11  0.40000E+09  17.1
