 248  0.00  120.7  100.00  0.18909E+10 325.6  -1.0 110.0  87.9  0.14389E+12 -0.10000E+01  0.19578E+10  0.40000E+09  64.6
 248  0.25  120.6  100.00  0.18914E+10 327.6  -1.0 110.0  87.9  0.13929E+12 -0.10000E+01  0.19578E+10  0.40000E+09  64.4
 248  0.50  120.3  100.00  0.18921E+10 329.4  -1.0 110.0  87.8  0.13507E+12 -0.10000E+01  0.19578E+10  0.40000E+09  64.1
 248  0.75  119.9  100.00  0.18930E+10 331.0  -1.0 110.0  87.8  0.13106E+12 -0.10000E+01  0.19578E+10  0.40000E+09  63.7
 248  1.00  119.3  100.00  0.18940E+10 332.4  -1.0 110.0  87.7  0.12716E+12 -0.10000E+01  0.19578E+10  0.40000E+09  63.1
 248  1.25  118.5  100.00  0.18953E+10 333.5  -1.0 110.0  87.6  0.12329E+12 -0.10000E+01  0.19578E+10  0.40000E+09  62.5
 248  1.50  117.6  100.00  0.18969E+10 334.2  -1.0 110.0  87.5  0.11941E+12 -0.10000E+01  0.19578E+10  0.40000E+09  61.7
 248  1.75  116.6  100.00  0.18989E+10 334.5  -1.0 110.0  87.4  0.11555E+12 -0.10000E+01  0.19578E+10  0.40000E+09  60.7
 248  2.00  115.4  100.00  0.19011E+10 334.4  -1.0 110.0  87.3  0.11177E+12 -0.10000E+01  0.19578E+10  0.40000E+09  59.5
 248  2.25  114.1  100.00  0.19037E+10 333.7  -1.0 110.0  87.1  0.10818E+12 -0.10000E+01  0.19578E+10  0.40000E+09  58.0
 248  2.50  112.6  100.00  0.19067E+10 332.5  -1.0 110.0  86.9  0.10492E+12 -0.10000E+01  0.19578E+10  0.40000E+09  56.3
 248  2.75  111.1  100.00  0.19099E+10 330.8  -1.0 110.0  86.6  0.10213E+12 -0.10000E+01  0.19578E+10  0.40000E+09  54.3
 248  3.00  109.4  100.00  0.19134E+10 328.7  -1.0 110.0  86.3  0.99990E+11 -0.10000E+01  0.19578E+10  0.40000E+09  52.0
 248  3.25  107.7  100.00  0.19170E+10 326.0  -1.0 110.0  86.0  0.98658E+11 -0.10000E+01  0.19578E+10  0.40000E+09  49.4
 248  3.50  105.9  100.00  0.19207E+10 323.0  -1.0 110.0  85.6  0.98282E+11 -0.10000E+01  0.19578E+10  0.40000E+09  46.6
 248  3.75  104.0  100.00  0.20706E+10 319.3  -1.0 110.0  85.2  0.98996E+11 -0.10000E+01  0.21114E+10  0.40000E+09  43.6
 248  4.00  102.0  100.00  0.26646E+10 314.4  -1.0 110.0  84.8  0.10091E+12 -0.10000E+01  0.27306E+10  0.40000E+09  40.6
 248  4.25  100.0  100.00  0.36320E+10 308.8  -1.0 110.0  84.4  0.10412E+12 -0.10000E+01  0.37413E+10  0.40000E+09  37.6
 248  4.50   97.9  100.00  0.51589E+10 302.4  -1.0 110.0  83.9  0.10868E+12 -0.10000E+01  0.53402E+10  0.40000E+09  34.7
 248  4.75   95.8  100.00  0.74925E+10 295.4  -1.0 110.0  83.5  0.11464E+12 -0.10000E+01  0.77896E+10  0.40000E+09  31.9
 248  5.00   93.6  100.00  0.10912E+11 287.6  -1.0 110.0  83.1  0.12199E+12 -0.10000E+01  0.11386E+11  0.40000E+09  29.4
 248  5.25   91.4  100.00  0.15431E+11 279.0  -1.0 110.0  82.8  0.13072E+12 -0.10000E+01  0.16343E+11  0.40000E+09  27.2
 248  5.50   89.2  100.00  0.20703E+11 270.1  -1.0 110.0  82.5  0.14076E+12 -0.10000E+01  0.22602E+11  0.40000E+09  25.3
 248  5.75   87.0  100.00  0.26421E+11 261.3  -1.0 110.0  82.2  0.15202E+12 -0.10000E+01  0.29746E+11  0.40000E+09  23.6
 248  6.00   84.7  100.00  0.32129E+11 253.4  -1.0 110.0  82.0  0.16438E+12 -0.10000E+01  0.37198E+11  0.40000E+09  22.3
 248  6.25   82.5  100.00  0.37528E+11 246.8  -1.0 110.0  81.8  0.17770E+12 -0.10000E+01  0.44507E+11  0.40000E+09  21.1
 248  6.50   80.2  100.00  0.42497E+11 241.6  -1.0 110.0  81.6  0.19182E+12 -0.10000E+01  0.51441E+11  0.40000E+09  20.2
 248  6.75   78.0  100.00  0.47023E+11 237.8  -1.0 110.0  81.5  0.20657E+12 -0.10000E+01  0.57925E+11  0.40000E+09  19.5
 248  7.00   75.7  100.00  0.51134E+11 235.2  -1.0 110.0  81.4  0.22177E+12 -0.10000E+01  0.63961E+11  0.40000E+09  18.9
 248  7.25   73.5  100.00  0.54870E+11 233.7  -1.0 110.0  81.3  0.23726E+12 -0.10000E+01  0.69576E+11  0.40000E+09  18.4
 248  7.50   71.3  100.00  0.58270E+11 232.9  -1.0 110.0  81.2  0.25284E+12 -0.10000E+01  0.74803E+11  0.40000E+09  18.0
 248  7.75   69.1  100.00  0.61368E+11 232.7  -1.0 110.0  81.2  0.26836E+12 -0.10000E+01  0.79671E+11  0.40000E+09  17.7
 248  8.00   67.0  100.00  0.64192E+11 233.1  -1.0 110.0  81.1  0.28362E+12 -0.10000E+01  0.84203E+11  0.40000E+09  17.5
 248  8.25   64.9  100.00  0.66765E+11 233.7  -1.0 110.0  81.1  0.29842E+12 -0.10000E+01  0.88417E+11  0.40000E+09  17.3
 248  8.50   62.9  100.00  0.69108E+11 234.6  -1.0 110.0  81.1  0.31258E+12 -0.10000E+01  0.92326E+11  0.40000E+09  17.2
 248  8.75   61.0  100.00  0.72081E+11 235.5  -1.0 110.0  81.1  0.32589E+12 -0.10000E+01  0.95941E+11  0.41981E+09  17.0
 248  9.00   59.1  100.00  0.75837E+11 236.5  -1.0 110.0  81.1  0.33814E+12 -0.10000E+01  0.99270E+11  0.46403E+09  17.0
 248  9.25   57.3  100.00  0.79070E+11 237.5  -1.0 110.0  81.0  0.34914E+12 -0.10000E+01  0.10232E+12  0.50109E+09  16.9
 248  9.50   55.6  100.00  0.81867E+11 238.3  -1.0 110.0  81.0  0.35871E+12 -0.10000E+01  0.10509E+12  0.53193E+09  16.8
 248  9.75   54.0  100.00  0.84288E+11 238.9  -1.0 110.0  81.0  0.36671E+12 -0.10000E+01  0.10759E+12  0.55747E+09  16.8
 248 10.00   52.6  100.00  0.86377E+11 239.3 182.7 110.0  81.0  0.37306E+12  0.21679E+12  0.10982E+12  0.57851E+09  16.8
 248 10.25   51.2  100.00  0.88165E+11 239.4 182.1 110.0  81.0  0.37770E+12  0.21931E+12  0.11178E+12  0.59573E+09  16.7
 248 10.50   50.1  100.00  0.89675E+11 239.4 181.4 110.0  81.0  0.38065E+12  0.22147E+12  0.11347E+12  0.60968E+09  16.7
 248 10.75   49.0  100.00  0.90926E+11 239.0 180.6 110.0  81.0  0.38200E+12  0.22329E+12  0.11490E+12  0.62081E+09  16.7
 248 11.00   48.2  100.00  0.91928E+11 238.5 179.7 110.0  81.0  0.38186E+12  0.22476E+12  0.11606E+12  0.62944E+09  16.7
 248 11.25   47.5  100.00  0.92693E+11 237.7 178.7 110.0  81.0  0.38041E+12  0.22589E+12  0.11695E+12  0.63586E+09  16.7
 248 11.50   47.1  100.00  0.93227E+11 236.9 177.8 110.0  81.0  0.37787E+12  0.22668E+12  0.11758E+12  0.64025E+09  16.7
 248 11.75   46.8  100.00  0.93533E+11 235.9 176.8 110.0  81.0  0.37445E+12  0.22714E+12  0.11795E+12  0.64275E+09  16.7
 248 12.00   46.7  100.00  0.93616E+11 235.0 176.0 110.0  81.0  0.37039E+12  0.22726E+12  0.11804E+12  0.64341E+09  16.7
 248 12.25   46.8  100.00  0.93475E+11 234.1 175.3 110.0  81.0  0.36590E+12  0.22705E+12  0.11788E+12  0.64227E+09  16.7
 248 12.50   47.2  100.00  0.93109E+11 233.4 174.7 110.0  81.0  0.36119E+12  0.22651E+12  0.11744E+12  0.63929E+09  16.7
 248 12.75   47.7  100.00  0.92515E+11 232.8 174.3 110.0  81.0  0.35645E+12  0.22563E+12  0.11675E+12  0.63438E+09  16.7
 248 13.00   48.4  100.00  0.91689E+11 232.4 174.2 110.0  81.0  0.35183E+12  0.22441E+12  0.11578E+12  0.62740E+09  16.7
 248 13.25   49.3  100.00  0.90622E+11 232.4 174.3 110.0  81.0  0.34749E+12  0.22285E+12  0.11455E+12  0.61814E+09  16.7
 248 13.50   50.3  100.00  0.89304E+11 232.7 174.7 110.0  81.0  0.34354E+12  0.22094E+12  0.11305E+12  0.60630E+09  16.7
 248 13.75   51.6  100.00  0.87722E+11 233.3 175.3 110.0  81.0  0.34008E+12  0.21868E+12  0.11129E+12  0.59153E+09  16.7
 248 14.00   52.9  100.00  0.85856E+11 234.3 176.2 110.0  81.0  0.33721E+12  0.21606E+12  0.10926E+12  0.57335E+09  16.8
 248 14.25   54.4  100.00  0.83681E+11 235.7  -1.0 110.0  81.0  0.33501E+12 -0.10000E+01  0.10696E+12  0.55118E+09  16.8
 248 14.50   56.0  100.00  0.81163E+11 237.4  -1.0 110.0  81.0  0.33354E+12 -0.10000E+01  0.10438E+12  0.52429E+09  16.8
 248 14.75   57.8  100.00  0.78255E+11 239.4  -1.0 110.0  81.0  0.33287E+12 -0.10000E+01  0.10153E+12  0.49186E+09  16.9
 248 15.00   59.6  100.00  0.74889E+11 241.7  -1.0 110.0  81.1  0.33302E+12 -0.10000E+01  0.98408E+11  0.45295E+09  17.0
 248 15.25   61.5  100.00  0.70970E+11 244.3  -1.0 110.0  81.1  0.33403E+12 -0.10000E+01  0.94999E+11  0.40660E+09  17.1
 248 15.50   63.5  100.00  0.68498E+11 247.0  -1.0 110.0  81.1  0.33588E+12 -0.10000E+01  0.91302E+11  0.40000E+09  17.2
 248 15.75   65.5  100.00  0.66092E+11 249.7  -1.0 110.0  81.1  0.33853E+12 -0.10000E+01  0.87306E+11  0.40000E+09  17.3
 248 16.00   67.6  100.00  0.63449E+11 252.6  -1.0 110.0  81.2  0.34190E+12 -0.10000E+01  0.83002E+11  0.40000E+09  17.5
 248 16.25   69.7  100.00  0.60548E+11 255.4  -1.0 110.0  81.2  0.34586E+12 -0.10000E+01  0.78373E+11  0.40000E+09  17.8
 248 16.50   71.9  100.00  0.57364E+11 258.2  -1.0 110.0  81.3  0.35024E+12 -0.10000E+01  0.73401E+11  0.40000E+09  18.1
 248 16.75   74.1  100.00  0.53868E+11 261.0  -1.0 110.0  81.3  0.35484E+12 -0.10000E+01  0.68059E+11  0.40000E+09  18.5
 248 17.00   76.4  100.00  0.50023E+11 263.8  -1.0 110.0  81.4  0.35940E+12 -0.10000E+01  0.62319E+11  0.40000E+09  19.0
 248 17.25   78.6  100.00  0.45790E+11 266.5  -1.0 110.0  81.5  0.36363E+12 -0.10000E+01  0.56146E+11  0.40000E+09  19.7
 248 17.50   80.9  100.00  0.41129E+11 269.3  -1.0 110.0  81.7  0.36725E+12 -0.10000E+01  0.49516E+11  0.40000E+09  20.5
 248 17.75   83.1  100.00  0.36018E+11 272.1  -1.0 110.0  81.8  0.36995E+12 -0.10000E+01  0.42444E+11  0.40000E+09  21.5
 248 18.00   85.4  100.00  0.30495E+11 275.1  -1.0 110.0  82.0  0.37145E+12 -0.10000E+01  0.35038E+11  0.40000E+09  22.7
 248 18.25   87.6  100.00  0.24726E+11 278.1  -1.0 110.0  82.3  0.37150E+12 -0.10000E+01  0.27596E+11  0.40000E+09  24.1
 248 18.50   89.9  100.00  0.19069E+11 281.2  -1.0 110.0  82.6  0.36990E+12 -0.10000E+01  0.20629E+11  0.40000E+09  25.8
 248 18.75   92.1  100.00  0.14001E+11 284.0  -1.0 110.0  82.9  0.36651E+12 -0.10000E+01  0.14706E+11  0.40000E+09  27.9
 248 19.00   94.3  100.00  0.97370E+10 286.7  -1.0 110.0  83.2  0.36124E+12 -0.10000E+01  0.10150E+11  0.40000E+09  30.2
 248 19.25   96.5  100.00  0.66648E+10 289.0  -1.0 110.0  83.6  0.35412E+12 -0.10000E+01  0.69204E+10  0.40000E+09  32.8
 248 19.50   98.6  100.00  0.46018E+10 291.2  -1.0 110.0  84.1  0.34521E+12 -0.10000E+01  0.47564E+10  0.40000E+09  35.6
 248 19.75  100.7  100.00  0.32689E+10 293.2  -1.0 110.0  84.5  0.33466E+12 -0.10000E+01  0.33617E+10  0.40000E+09  38.6
 248 20.00  102.7  100.00  0.24346E+10 295.1  -1.0 110.0  84.9  0.32269E+12 -0.10000E+01  0.24908E+10  0.40000E+09  41.6
 248 20.25  104.6  100.00  0.19293E+10 297.0  -1.0 110.0  85.4  0.30955E+12 -0.10000E+01  0.19643E+10  0.40000E+09  44.6
 248 20.50  106.5  100.00  0.19195E+10 298.5  -1.0 110.0  85.8  0.29554E+12 -0.10000E+01  0.19578E+10  0.40000E+09  47.6
 248 20.75  108.3  100.00  0.19158E+10 300.1  -1.0 110.0  86.1  0.28097E+12 -0.10000E+01  0.19578E+10  0.40000E+09  50.3
 248 21.00  110.1  100.00  0.19122E+10 301.8  -1.0 110.0  86.4  0.26617E+12 -0.10000E+01  0.19578E+10  0.40000E+09  52.8
 248 21.25  111.7  100.00  0.19088E+10 303.6  -1.0 110.0  86.7  0.25143E+12 -0.10000E+01  0.19578E+10  0.40000E+09  55.0
 248 21.50  113.2  100.00  0.19056E+10 305.4  -1.0 110.0  87.0  0.23706E+12 -0.10000E+01  0.19578E+10  0.40000E+09  57.0
 248 21.75  114.7  100.00  0.19028E+10 307.3  -1.0 110.0  87.2  0.22331E+12 -0.10000E+01  0.19578E+10  0.40000E+09  58.6
 248 22.00  116.0  100.00  0.19003E+10 309.3  -1.0 110.0  87.3  0.21037E+12 -0.10000E+01  0.19578E+10  0.40000E+09  60.0
 248 22.25  117.1  100.00  0.18981E+10 311.2  -1.0 110.0  87.5  0.19840E+12 -0.10000E+01  0.19578E+10  0.40000E+09  61.1
 248 22.50  118.2  100.00  0.18963E+10 313.2  -1.0 110.0  87.6  0.18750E+12 -0.10000E+01  0.19578E+10  0.40000E+09  62.0
 248 22.75  119.0  100.00  0.18948E+10 315.3  -1.0 110.0  87.7  0.17773E+12 -0.10000E+01  0.19578E+10  0.40000E+09  62.7
 248 23.00  119.8  100.00  0.18936E+10 317.4  -1.0 110.0  87.7  0.16907E+12 -0.10000E+01  0.19578E+10  0.40000E+09  63.3
 248 23.25  120.4  100.00  0.18926E+10 319.4  -1.0 110.0  87.8  0.16146E+12 -0.10000E+01  0.19578E+10  0.40000E+09  63.8
 248 23.50  120.8  100.00  0.18918E+10 321.5  -1.0 110.0  87.8  0.15482E+12 -0.10000E+01  0.19578E+10  0.40000E+09  64.2
 248 23.75  121.0  100.00  0.18912E+10 323.6  -1.0 110.0  87.9  0.14901E+12 -0.10000E+01  0.19578E+10  0.40000E+09  64.5
 248 24.00  121.1  100.00  0.18907E+10 325.6  -1.0 110.0  87.9  0.14389E+12 -0.10000E+01  0.19578E+10  0.40000E+09  64.7
