 339  0.00  149.5  100.00  0.18613E+10 325.1  -1.0 110.0  88.0  0.79028E+11 -0.10000E+01  0.19272E+10  0.40000E+09  65.5
 339  0.25  149.2  100.00  0.18613E+10 324.6  -1.0 110.0  88.0  0.81359E+11 -0.10000E+01  0.19272E+10  0.40000E+09  65.5
 339  0.50  148.7  100.00  0.18614E+10 323.9  -1.0 110.0  88.0  0.83624E+11 -0.10000E+01  0.19272E+10  0.40000E+09  65.4
 339  0.75  147.9  100.00  0.18615E+10 323.0  -1.0 110.0  88.0  0.85687E+11 -0.10000E+01  0.19272E+10  0.40000E+09  65.4
 339  1.00  146.8  100.00  0.18616E+10 322.0  -1.0 110.0  88.0  0.87388E+11 -0.10000E+01  0.19272E+10  0.40000E+09  65.4
 339  1.25  145.6  100.00  0.18617E+10 320.9  -1.0 110.0  88.0  0.88554E+11 -0.10000E+01  0.19272E+10  0.40000E+09  65.3
 339  1.50  144.2  100.00  0.18618E+10 319.8  -1.0 110.0  88.0  0.89020E+11 -0.10000E+01  0.19272E+10  0.40000E+09  65.2
 339  1.75  142.6  100.00  0.18620E+10 318.7  -1.0 110.0  87.9  0.88652E+11 -0.10000E+01  0.19272E+10  0.40000E+09  65.1
 339  2.00  140.9  100.00  0.18623E+10 317.7  -1.0 110.0  87.9  0.87370E+11 -0.10000E+01  0.19272E+10  0.40000E+09  65.0
 339  2.25  139.1  100.00  0.18626E+10 316.7  -1.0 110.0  87.9  0.85162E+11 -0.10000E+01  0.19272E+10  0.40000E+09  64.9
 339  2.50  137.2  100.00  0.18630E+10 315.9  -1.0 110.0  87.9  0.82096E+11 -0.10000E+01  0.19272E+10  0.40000E+09  64.7
 339  2.75  135.2  100.00  0.18635E+10 315.1  -1.0 110.0  87.9  0.78318E+11 -0.10000E+01  0.19272E+10  0.40000E+09  64.4
 339  3.00  133.1  100.00  0.18642E+10 314.4  -1.0 110.0  87.8  0.74037E+11 -0.10000E+01  0.19272E+10  0.40000E+09  64.1
 339  3.25  131.0  100.00  0.18650E+10 313.7  -1.0 110.0  87.8  0.69506E+11 -0.10000E+01  0.19272E+10  0.40000E+09  63.7
 339  3.50  128.8  100.00  0.18660E+10 313.0  -1.0 110.0  87.7  0.64997E+11 -0.10000E+01  0.19272E+10  0.40000E+09  63.2
 339  3.75  126.6  100.00  0.18672E+10 312.1  -1.0 110.0  87.6  0.60772E+11 -0.10000E+01  0.19272E+10  0.40000E+09  62.6
 339  4.00  124.4  100.00  0.18687E+10 311.2  -1.0 110.0  87.6  0.57068E+11 -0.10000E+01  0.19272E+10  0.40000E+09  61.8
 339  4.25  122.1  100.00  0.18705E+10 310.0  -1.0 110.0  87.4  0.54084E+11 -0.10000E+01  0.19272E+10  0.40000E+09  60.8
 339  4.50  119.9  100.00  0.18727E+10 308.5  -1.0 110.0  87.3  0.51976E+11 -0.10000E+01  0.19272E+10  0.40000E+09  59.6
 339  4.75  117.6  100.00  0.18752E+10 306.8  -1.0 110.0  87.1  0.50869E+11 -0.10000E+01  0.19272E+10  0.40000E+09  58.2
 339  5.00  115.4  100.00  0.18780E+10 304.8  -1.0 110.0  86.9  0.50858E+11 -0.10000E+01  0.19272E+10  0.40000E+09  56.5
 339  5.25  113.1  100.00  0.18811E+10 302.4  -1.0 110.0  86.7  0.52027E+11 -0.10000E+01  0.19272E+10  0.40000E+09  54.5
 339  5.50  110.9  100.00  0.18844E+10 299.7  -1.0 110.0  86.4  0.54450E+11 -0.10000E+01  0.19272E+10  0.40000E+09  52.2
 339  5.75  108.7  100.00  0.18879E+10 296.6  -1.0 110.0  86.0  0.58202E+11 -0.10000E+01  0.19272E+10  0.40000E+09  49.7
 339  6.00  106.5  100.00  0.18914E+10 293.0  -1.0 110.0  85.7  0.63352E+11 -0.10000E+01  0.19272E+10  0.40000E+09  46.9
 339  6.25  104.3  100.00  0.21694E+10 288.4  -1.0 110.0  85.2  0.69968E+11 -0.10000E+01  0.22156E+10  0.40000E+09  43.9
 339  6.50  102.2  100.00  0.28273E+10 282.7  -1.0 110.0  84.8  0.78105E+11 -0.10000E+01  0.29025E+10  0.40000E+09  40.9
 339  6.75  100.1  100.00  0.38774E+10 276.4  -1.0 110.0  84.4  0.87802E+11 -0.10000E+01  0.40013E+10  0.40000E+09  37.9
 339  7.00   98.1  100.00  0.54657E+10 269.6  -1.0 110.0  84.0  0.99076E+11 -0.10000E+01  0.56663E+10  0.40000E+09  34.9
 339  7.25   96.1  100.00  0.77523E+10 262.5  -1.0 110.0  83.5  0.11192E+12 -0.10000E+01  0.80671E+10  0.40000E+09  32.2
 339  7.50   94.2  100.00  0.10877E+11 255.3  -1.0 110.0  83.1  0.12629E+12 -0.10000E+01  0.11352E+11  0.40000E+09  29.6
 339  7.75   92.3  100.00  0.14773E+11 248.1  -1.0 110.0  82.8  0.14212E+12 -0.10000E+01  0.15577E+11  0.40000E+09  27.4
 339  8.00   90.5  100.00  0.19109E+11 241.3  -1.0 110.0  82.5  0.15930E+12 -0.10000E+01  0.20633E+11  0.40000E+09  25.5
 339  8.25   88.8  100.00  0.23728E+11 235.1  -1.0 110.0  82.2  0.17768E+12 -0.10000E+01  0.26236E+11  0.40000E+09  23.8
 339  8.50   87.1  100.00  0.28334E+11 229.7  -1.0 110.0  82.0  0.19707E+12 -0.10000E+01  0.32021E+11  0.40000E+09  22.4
 339  8.75   85.5  100.00  0.32702E+11 225.4  -1.0 110.0  81.8  0.21723E+12 -0.10000E+01  0.37667E+11  0.40000E+09  21.2
 339  9.00   84.1  100.00  0.36700E+11 222.0  -1.0 110.0  81.6  0.23789E+12 -0.10000E+01  0.42964E+11  0.40000E+09  20.3
 339  9.25   82.7  100.00  0.40278E+11 219.5  -1.0 110.0  81.5  0.25872E+12 -0.10000E+01  0.47803E+11  0.40000E+09  19.6
 339  9.50   81.4  100.00  0.43431E+11 217.7  -1.0 110.0  81.4  0.27938E+12 -0.10000E+01  0.52144E+11  0.40000E+09  18.9
 339  9.75   80.3  100.00  0.46177E+11 216.7  -1.0 110.0  81.3  0.29951E+12 -0.10000E+01  0.55985E+11  0.40000E+09  18.5
 339 10.00   79.2  100.00  0.48540E+11 216.1  -1.0 110.0  81.3  0.31876E+12 -0.10000E+01  0.59339E+11  0.40000E+09  18.1
 339 10.25   78.3  100.00  0.50546E+11 216.0  -1.0 110.0  81.2  0.33678E+12 -0.10000E+01  0.62225E+11  0.40000E+09  17.8
 339 10.50   77.5  100.00  0.52220E+11 216.3  -1.0 110.0  81.2  0.35326E+12 -0.10000E+01  0.64659E+11  0.40000E+09  17.6
 339 10.75   76.8  100.00  0.53580E+11 216.8  -1.0 110.0  81.1  0.36794E+12 -0.10000E+01  0.66659E+11  0.40000E+09  17.4
 339 11.00   76.3  100.00  0.54645E+11 217.5  -1.0 110.0  81.1  0.38062E+12 -0.10000E+01  0.68236E+11  0.40000E+09  17.3
 339 11.25   75.9  100.00  0.55427E+11 218.3  -1.0 110.0  81.1  0.39115E+12 -0.10000E+01  0.69402E+11  0.40000E+09  17.2
 339 11.50   75.6  100.00  0.55934E+11 219.2  -1.0 110.0  81.1  0.39943E+12 -0.10000E+01  0.70162E+11  0.40000E+09  17.1
 339 11.75   75.5  100.00  0.56174E+11 220.1  -1.0 110.0  81.1  0.40541E+12 -0.10000E+01  0.70522E+11  0.40000E+09  17.1
 339 12.00   75.5  100.00  0.56149E+11 221.0  -1.0 110.0  81.1  0.40907E+12 -0.10000E+01  0.70484E+11  0.40000E+09  17.1
 339 12.25   75.6  100.00  0.55858E+11 221.8  -1.0 110.0  81.1  0.41039E+12 -0.10000E+01  0.70047E+11  0.40000E+09  17.1
 339 12.50   75.9  100.00  0.55298E+11 222.5  -1.0 110.0  81.1  0.40940E+12 -0.10000E+01  0.69209E+11  0.40000E+09  17.2
 339 12.75   76.4  100.00  0.54463E+11 223.2  -1.0 110.0  81.1  0.40610E+12 -0.10000E+01  0.67965E+11  0.40000E+09  17.3
 339 13.00   76.9  100.00  0.53343E+11 223.8  -1.0 110.0  81.1  0.40050E+12 -0.10000E+01  0.66307E+11  0.40000E+09  17.4
 339 13.25   77.6  100.00  0.51924E+11 224.4  -1.0 110.0  81.2  0.39265E+12 -0.10000E+01  0.64225E+11  0.40000E+09  17.6
 339 13.50   78.4  100.00  0.50188E+11 225.0  -1.0 110.0  81.2  0.38259E+12 -0.10000E+01  0.61705E+11  0.40000E+09  17.8
 339 13.75   79.4  100.00  0.48115E+11 225.6  -1.0 110.0  81.3  0.37041E+12 -0.10000E+01  0.58731E+11  0.40000E+09  18.1
 339 14.00   80.5  100.00  0.45680E+11 226.4  -1.0 110.0  81.3  0.35624E+12 -0.10000E+01  0.55284E+11  0.40000E+09  18.5
 339 14.25   81.7  100.00  0.42858E+11 227.5  -1.0 110.0  81.4  0.34028E+12 -0.10000E+01  0.51347E+11  0.40000E+09  19.0
 339 14.50   83.0  100.00  0.39623E+11 228.8  -1.0 110.0  81.5  0.32277E+12 -0.10000E+01  0.46908E+11  0.40000E+09  19.7
 339 14.75   84.3  100.00  0.35962E+11 230.4  -1.0 110.0  81.7  0.30402E+12 -0.10000E+01  0.41976E+11  0.40000E+09  20.5
 339 15.00   85.8  100.00  0.31886E+11 232.6  -1.0 110.0  81.8  0.28438E+12 -0.10000E+01  0.36600E+11  0.40000E+09  21.4
 339 15.25   87.4  100.00  0.27459E+11 235.3  -1.0 110.0  82.0  0.26423E+12 -0.10000E+01  0.30906E+11  0.40000E+09  22.6
 339 15.50   89.1  100.00  0.22829E+11 238.5  -1.0 110.0  82.3  0.24396E+12 -0.10000E+01  0.25128E+11  0.40000E+09  24.1
 339 15.75   90.8  100.00  0.18239E+11 242.1  -1.0 110.0  82.5  0.22393E+12 -0.10000E+01  0.19602E+11  0.40000E+09  25.8
 339 16.00   92.6  100.00  0.13991E+11 246.1  -1.0 110.0  82.9  0.20449E+12 -0.10000E+01  0.14689E+11  0.40000E+09  27.8
 339 16.25   94.5  100.00  0.10202E+11 250.3  -1.0 110.0  83.2  0.18593E+12 -0.10000E+01  0.10642E+11  0.40000E+09  30.1
 339 16.50   96.5  100.00  0.72470E+10 254.4  -1.0 110.0  83.6  0.16847E+12 -0.10000E+01  0.75363E+10  0.40000E+09  32.7
 339 16.75   98.5  100.00  0.51077E+10 258.6  -1.0 110.0  84.0  0.15229E+12 -0.10000E+01  0.52907E+10  0.40000E+09  35.5
 339 17.00  100.5  100.00  0.36360E+10 262.6  -1.0 110.0  84.5  0.13749E+12 -0.10000E+01  0.37485E+10  0.40000E+09  38.4
 339 17.25  102.6  100.00  0.26726E+10 266.4  -1.0 110.0  84.9  0.12413E+12 -0.10000E+01  0.27409E+10  0.40000E+09  41.5
 339 17.50  104.7  100.00  0.20758E+10 270.1  -1.0 110.0  85.3  0.11220E+12 -0.10000E+01  0.21181E+10  0.40000E+09  44.5
 339 17.75  106.9  100.00  0.18907E+10 273.2  -1.0 110.0  85.7  0.10169E+12 -0.10000E+01  0.19272E+10  0.40000E+09  47.5
 339 18.00  109.1  100.00  0.18872E+10 276.0  -1.0 110.0  86.1  0.92536E+11 -0.10000E+01  0.19272E+10  0.40000E+09  50.2
 339 18.25  111.3  100.00  0.18838E+10 278.8  -1.0 110.0  86.4  0.84663E+11 -0.10000E+01  0.19272E+10  0.40000E+09  52.7
 339 18.50  113.6  100.00  0.18805E+10 281.5  -1.0 110.0  86.7  0.77993E+11 -0.10000E+01  0.19272E+10  0.40000E+09  54.9
 339 18.75  115.8  100.00  0.18774E+10 284.2  -1.0 110.0  86.9  0.72439E+11 -0.10000E+01  0.19272E+10  0.40000E+09  56.9
 339 19.00  118.1  100.00  0.18746E+10 286.9  -1.0 110.0  87.2  0.67915E+11 -0.10000E+01  0.19272E+10  0.40000E+09  58.5
 339 19.25  120.3  100.00  0.18722E+10 289.5  -1.0 110.0  87.3  0.64336E+11 -0.10000E+01  0.19272E+10  0.40000E+09  59.9
 339 19.50  122.6  100.00  0.18702E+10 292.1  -1.0 110.0  87.5  0.61618E+11 -0.10000E+01  0.19272E+10  0.40000E+09  61.0
 339 19.75  124.8  100.00  0.18684E+10 294.7  -1.0 110.0  87.6  0.59678E+11 -0.10000E+01  0.19272E+10  0.40000E+09  62.0
 339 20.00  127.1  100.00  0.18670E+10 297.4  -1.0 110.0  87.7  0.58435E+11 -0.10000E+01  0.19272E+10  0.40000E+09  62.7
 339 20.25  129.3  100.00  0.18658E+10 300.0  -1.0 110.0  87.7  0.57805E+11 -0.10000E+01  0.19272E+10  0.40000E+09  63.3
 339 20.50  131.4  100.00  0.18648E+10 302.7  -1.0 110.0  87.8  0.57707E+11 -0.10000E+01  0.19272E+10  0.40000E+09  63.8
 339 20.75  133.5  100.00  0.18640E+10 305.3  -1.0 110.0  87.8  0.58054E+11 -0.10000E+01  0.19272E+10  0.40000E+09  64.2
 339 21.00  135.6  100.00  0.18634E+10 308.0  -1.0 110.0  87.9  0.58766E+11 -0.10000E+01  0.19272E+10  0.40000E+09  64.5
 339 21.25  137.6  100.00  0.18629E+10 310.6  -1.0 110.0  87.9  0.59763E+11 -0.10000E+01  0.19272E+10  0.40000E+09  64.7
 339 21.50  139.5  100.00  0.18625E+10 313.1  -1.0 110.0  87.9  0.60973E+11 -0.10000E+01  0.19272E+10  0.40000E+09  64.9
 339 21.75  141.3  100.00  0.18622E+10 315.4  -1.0 110.0  87.9  0.62336E+11 -0.10000E+01  0.19272E+10  0.40000E+09  65.0
 339 22.00  143.0  100.00  0.18620E+10 317.6  -1.0 110.0  88.0  0.63808E+11 -0.10000E+01  0.19272E+10  0.40000E+09  65.2
 339 22.25  144.6  100.00  0.18618E+10 319.6  -1.0 110.0  88.0  0.65364E+11 -0.10000E+01  0.19272E+10  0.40000E+09  65.2
 339 22.50  145.9  100.00  0.18616E+10 321.4  -1.0 110.0  88.0  0.66996E+11 -0.10000E+01  0.19272E+10  0.40000E+09  65.3
 339 22.75  147.1  100.00  0.18615E+10 322.8  -1.0 110.0  88.0  0.68710E+11 -0.10000E+01  0.19272E+10  0.40000E+09  65.4
 339 23.00  148.1  100.00  0.18614E+10 323.9  -1.0 110.0  88.0  0.70526E+11 -0.10000E+01  0.19272E+10  0.40000E+09  65.4
 339 23.25  148.9  100.00  0.18614E+10 324.7  -1.0 110.0  88.0  0.72462E+11 -0.10000E+01  0.19272E+10  0.40000E+09  65.4
 339 23.50  149.4  100.00  0.18613E+10 325.1  -1.0 110.0  88.0  0.74532E+11 -0.10000E+01  0.19272E+10  0.40000E+09  65.5
 339 23.75  149.7  100.00  0.18613E+10 325.3  -1.0 110.0  88.0  0.76731E+11 -0.10000E+01  0.19272E+10  0.40000E+09  65.5
 339 24.00  149.6  100.00  0.18612E+10 325.1  -1.0 110.0  88.0  0.79028E+11 -0.10000E+01  0.19272E+10  0.40000E+09  65.5
