   1 21.00  134.1  100.00  0.20134E+10 305.7  -1.0 110.0  87.8  0.69589E+11 -0.10000E+01  0.20918E+10  0.40000E+09  64.3
   2 21.00  133.9  100.00  0.20136E+10 305.5  -1.0 110.0  87.8  0.69500E+11 -0.10000E+01  0.20920E+10  0.40000E+09  64.2
   3 21.00  133.8  100.00  0.20138E+10 305.3  -1.0 110.0  87.8  0.69411E+11 -0.10000E+01  0.20921E+10  0.40000E+09  64.2
   4 21.00  133.6  100.00  0.20140E+10 305.1  -1.0 110.0  87.8  0.69321E+11 -0.10000E+01  0.20923E+10  0.40000E+09  64.2
   5 21.00  133.5  100.00  0.20142E+10 304.9  -1.0 110.0  87.8  0.69232E+11 -0.10000E+01  0.20924E+10  0.40000E+09  64.2
   6 21.00  133.3  100.00  0.20144E+10 304.7  -1.0 110.0  87.8  0.69142E+11 -0.10000E+01  0.20925E+10  0.40000E+09  64.1
   7 21.00  133.2  100.00  0.20146E+10 304.5  -1.0 110.0  87.8  0.69053E+11 -0.10000E+01  0.20927E+10  0.40000E+09  64.1
   8 21.00  133.0  100.00  0.20148E+10 304.3  -1.0 110.0  87.8  0.68964E+11 -0.10000E+01  0.20928E+10  0.40000E+09  64.1
   9 21.00  132.8  100.00  0.20150E+10 304.1  -1.0 110.0  87.8  0.68875E+11 -0.10000E+01  0.20930E+10  0.40000E+09  64.0
  10 21.00  132.6  100.00  0.20152E+10 303.9  -1.0 110.0  87.8  0.68786E+11 -0.10000E+01  0.20931E+10  0.40000E+09  64.0
  11 21.00  132.4  100.00  0.20154E+10 303.8  -1.0 110.0  87.8  0.68697E+11 -0.10000E+01  0.20933E+10  0.40000E+09  64.0
  12 21.00  132.3  100.00  0.20157E+10 303.6  -1.0 110.0  87.8  0.68608E+11 -0.10000E+01  0.20934E+10  0.40000E+09  64.0
  13 21.00  132.1  100.00  0.20159E+10 303.4  -1.0 110.0  87.8  0.68519E+11 -0.10000E+01  0.20935E+10  0.40000E+09  63.9
  14 21.00  131.9  100.00  0.20161E+10 303.2  -1.0 110.0  87.8  0.68430E+11 -0.10000E+01  0.20937E+10  0.40000E+09  63.9
  15 21.00  131.7  100.00  0.20163E+10 303.0  -1.0 110.0  87.8  0.68341E+11 -0.10000E+01  0.20938E+10  0.40000E+09  63.8
  16 21.00  131.5  100.00  0.20159E+10 303.1  -1.0 110.0  87.8  0.69620E+11 -0.10000E+01  0.20933E+10  0.40000E+09  63.8
  17 21.00  131.2  100.00  0.20155E+10 303.2  -1.0 110.0  87.8  0.70912E+11 -0.10000E+01  0.20927E+10  0.40000E+09  63.8
  18 21.00  131.0  100.00  0.20152E+10 303.3  -1.0 110.0  87.8  0.72215E+11 -0.10000E+01  0.20922E+10  0.40000E+09  63.7
  19 21.00  130.8  100.00  0.20148E+10 303.4  -1.0 110.0  87.8  0.73530E+11 -0.10000E+01  0.20917E+10  0.40000E+09  63.7
  20 21.00  130.6  100.00  0.20144E+10 303.5  -1.0 110.0  87.8  0.74857E+11 -0.10000E+01  0.20911E+10  0.40000E+09  63.6
  21 21.00  130.4  100.00  0.20140E+10 303.6  -1.0 110.0  87.8  0.76196E+11 -0.10000E+01  0.20906E+10  0.40000E+09  63.6
  22 21.00  130.1  100.00  0.20137E+10 303.7  -1.0 110.0  87.8  0.77546E+11 -0.10000E+01  0.20900E+10  0.40000E+09  63.5
  23 21.00  129.9  100.00  0.20133E+10 303.8  -1.0 110.0  87.8  0.78909E+11 -0.10000E+01  0.20895E+10  0.40000E+09  63.5
  24 21.00  129.7  100.00  0.20130E+10 303.9  -1.0 110.0  87.7  0.80283E+11 -0.10000E+01  0.20890E+10  0.40000E+09  63.4
  25 21.00  129.4  100.00  0.20126E+10 304.0  -1.0 110.0  87.7  0.81669E+11 -0.10000E+01  0.20884E+10  0.40000E+09  63.4
  26 21.00  129.2  100.00  0.20123E+10 304.1  -1.0 110.0  87.7  0.83067E+11 -0.10000E+01  0.20879E+10  0.40000E+09  63.3
  27 21.00  129.0  100.00  0.20119E+10 304.2  -1.0 110.0  87.7  0.84477E+11 -0.10000E+01  0.20873E+10  0.40000E+09  63.3
  28 21.00  128.7  100.00  0.20116E+10 304.3  -1.0 110.0  87.7  0.85899E+11 -0.10000E+01  0.20868E+10  0.40000E+09  63.2
  29 21.00  128.5  100.00  0.20112E+10 304.4  -1.0 110.0  87.7  0.87333E+11 -0.10000E+01  0.20862E+10  0.40000E+09  63.1
  30 21.00  128.2  100.00  0.20109E+10 304.4  -1.0 110.0  87.7  0.88779E+11 -0.10000E+01  0.20857E+10  0.40000E+09  63.1
  31 21.00  128.0  100.00  0.20106E+10 304.5  -1.0 110.0  87.7  0.90236E+11 -0.10000E+01  0.20852E+10  0.40000E+09  63.0
  32 21.00  127.7  100.00  0.20103E+10 304.6  -1.0 110.0  87.7  0.91705E+11 -0.10000E+01  0.20846E+10  0.40000E+09  62.9
  33 21.00  127.4  100.00  0.20099E+10 304.7  -1.0 110.0  87.7  0.93186E+11 -0.10000E+01  0.20841E+10  0.40000E+09  62.9
  34 21.00  127.2  100.00  0.20096E+10 304.8  -1.0 110.0  87.7  0.94680E+11 -0.10000E+01  0.20835E+10  0.40000E+09  62.8
  35 21.00  126.9  100.00  0.20093E+10 304.8  -1.0 110.0  87.7  0.96185E+11 -0.10000E+01  0.20830E+10  0.40000E+09  62.7
  36 21.00  126.7  100.00  0.20090E+10 304.9  -1.0 110.0  87.6  0.97701E+11 -0.10000E+01  0.20825E+10  0.40000E+09  62.6
  37 21.00  126.4  100.00  0.20087E+10 305.0  -1.0 110.0  87.6  0.99230E+11 -0.10000E+01  0.20819E+10  0.40000E+09  62.6
  38 21.00  126.1  100.00  0.20084E+10 305.0  -1.0 110.0  87.6  0.10077E+12 -0.10000E+01  0.20814E+10  0.40000E+09  62.5
  39 21.00  125.9  100.00  0.20081E+10 305.1  -1.0 110.0  87.6  0.10232E+12 -0.10000E+01  0.20808E+10  0.40000E+09  62.4
  40 21.00  125.6  100.00  0.20078E+10 305.2  -1.0 110.0  87.6  0.10389E+12 -0.10000E+01  0.20803E+10  0.40000E+09  62.3
  41 21.00  125.3  100.00  0.20076E+10 305.2  -1.0 110.0  87.6  0.10546E+12 -0.10000E+01  0.20798E+10  0.40000E+09  62.2
  42 21.00  125.0  100.00  0.20073E+10 305.3  -1.0 110.0  87.6  0.10705E+12 -0.10000E+01  0.20792E+10  0.40000E+09  62.1
  43 21.00  124.7  100.00  0.20070E+10 305.4  -1.0 110.0  87.6  0.10865E+12 -0.10000E+01  0.20787E+10  0.40000E+09  62.0
  44 21.00  124.5  100.00  0.20068E+10 305.4  -1.0 110.0  87.6  0.11026E+12 -0.10000E+01  0.20781E+10  0.40000E+09  61.9
  45 21.00  124.2  100.00  0.20065E+10 305.5  -1.0 110.0  87.6  0.11189E+12 -0.10000E+01  0.20776E+10  0.40000E+09  61.8
  46 21.00  123.9  100.00  0.20060E+10 305.9  -1.0 110.0  87.5  0.11402E+12 -0.10000E+01  0.20768E+10  0.40000E+09  61.7
  47 21.00  123.6  100.00  0.20055E+10 306.3  -1.0 110.0  87.5  0.11618E+12 -0.10000E+01  0.20760E+10  0.40000E+09  61.6
  48 21.00  123.3  100.00  0.20050E+10 306.6  -1.0 110.0  87.5  0.11836E+12 -0.10000E+01  0.20752E+10  0.40000E+09  61.5
  49 21.00  123.0  100.00  0.20045E+10 307.0  -1.0 110.0  87.5  0.12056E+12 -0.10000E+01  0.20743E+10  0.40000E+09  61.4
  50 21.00  122.7  100.00  0.20041E+10 307.4  -1.0 110.0  87.5  0.12278E+12 -0.10000E+01  0.20735E+10  0.40000E+09  61.3
  51 21.00  122.5  100.00  0.20036E+10 307.8  -1.0 110.0  87.5  0.12502E+12 -0.10000E+01  0.20727E+10  0.40000E+09  61.2
  52 21.00  122.2  100.00  0.20031E+10 308.1  -1.0 110.0  87.5  0.12728E+12 -0.10000E+01  0.20719E+10  0.40000E+09  61.0
  53 21.00  121.9  100.00  0.20026E+10 308.5  -1.0 110.0  87.4  0.12956E+12 -0.10000E+01  0.20711E+10  0.40000E+09  60.9
  54 21.00  121.6  100.00  0.20022E+10 308.9  -1.0 110.0  87.4  0.13186E+12 -0.10000E+01  0.20703E+10  0.40000E+09  60.8
  55 21.00  121.3  100.00  0.20017E+10 309.3  -1.0 110.0  87.4  0.13418E+12 -0.10000E+01  0.20695E+10  0.40000E+09  60.7
  56 21.00  121.0  100.00  0.20013E+10 309.6  -1.0 110.0  87.4  0.13652E+12 -0.10000E+01  0.20687E+10  0.40000E+09  60.5
  57 21.00  120.7  100.00  0.20009E+10 310.0  -1.0 110.0  87.4  0.13888E+12 -0.10000E+01  0.20679E+10  0.40000E+09  60.4
  58 21.00  120.4  100.00  0.20004E+10 310.4  -1.0 110.0  87.4  0.14127E+12 -0.10000E+01  0.20670E+10  0.40000E+09  60.2
  59 21.00  120.1  100.00  0.20000E+10 310.7  -1.0 110.0  87.3  0.14367E+12 -0.10000E+01  0.20662E+10  0.40000E+09  60.1
  60 21.00  119.8  100.00  0.19996E+10 311.1  -1.0 110.0  87.3  0.14609E+12 -0.10000E+01  0.20654E+10  0.40000E+09  59.9
  61 21.00  119.5  100.00  0.19992E+10 311.5  -1.0 110.0  87.3  0.14853E+12 -0.10000E+01  0.20646E+10  0.40000E+09  59.8
  62 21.00  119.2  100.00  0.19988E+10 311.8  -1.0 110.0  87.3  0.15100E+12 -0.10000E+01  0.20638E+10  0.40000E+09  59.6
  63 21.00  118.9  100.00  0.19984E+10 312.2  -1.0 110.0  87.3  0.15348E+12 -0.10000E+01  0.20630E+10  0.40000E+09  59.5
  64 21.00  118.5  100.00  0.19980E+10 312.6  -1.0 110.0  87.2  0.15598E+12 -0.10000E+01  0.20622E+10  0.40000E+09  59.3
  65 21.00  118.2  100.00  0.19976E+10 312.9  -1.0 110.0  87.2  0.15850E+12 -0.10000E+01  0.20614E+10  0.40000E+09  59.1
  66 21.00  117.9  100.00  0.19972E+10 313.3  -1.0 110.0  87.2  0.16105E+12 -0.10000E+01  0.20606E+10  0.40000E+09  59.0
  67 21.00  117.6  100.00  0.19968E+10 313.7  -1.0 110.0  87.2  0.16361E+12 -0.10000E+01  0.20597E+10  0.40000E+09  58.8
  68 21.00  117.3  100.00  0.19964E+10 314.0  -1.0 110.0  87.2  0.16620E+12 -0.10000E+01  0.20589E+10  0.40000E+09  58.6
  69 21.00  117.0  100.00  0.19961E+10 314.4  -1.0 110.0  87.1  0.16880E+12 -0.10000E+01  0.20581E+10  0.40000E+09  58.4
  70 21.00  116.7  100.00  0.19957E+10 314.8  -1.0 110.0  87.1  0.17142E+12 -0.10000E+01  0.20573E+10  0.40000E+09  58.2
  71 21.00  116.4  100.00  0.19954E+10 315.1  -1.0 110.0  87.1  0.17407E+12 -0.10000E+01  0.20565E+10  0.40000E+09  58.0
  72 21.00  116.1  100.00  0.19950E+10 315.5  -1.0 110.0  87.1  0.17673E+12 -0.10000E+01  0.20557E+10  0.40000E+09  57.8
  73 21.00  115.8  100.00  0.19947E+10 315.8  -1.0 110.0  87.0  0.17942E+12 -0.10000E+01  0.20549E+10  0.40000E+09  57.6
  74 21.00  115.5  100.00  0.19943E+10 316.2  -1.0 110.0  87.0  0.18212E+12 -0.10000E+01  0.20541E+10  0.40000E+09  57.4
  75 21.00  115.1  100.00  0.19943E+10 316.1  -1.0 110.0  87.0  0.18453E+12 -0.10000E+01  0.20536E+10  0.40000E+09  57.2
  76 21.00  114.8  100.00  0.19942E+10 315.9  -1.0 110.0  87.0  0.18695E+12 -0.10000E+01  0.20530E+10  0.40000E+09  56.9
  77 21.00  114.5  100.00  0.19942E+10 315.8  -1.0 110.0  86.9  0.18939E+12 -0.10000E+01  0.20525E+10  0.40000E+09  56.7
  78 21.00  114.2  100.00  0.19941E+10 315.6  -1.0 110.0  86.9  0.19185E+12 -0.10000E+01  0.20520E+10  0.40000E+09  56.5
  79 21.00  113.9  100.00  0.19941E+10 315.5  -1.0 110.0  86.9  0.19432E+12 -0.10000E+01  0.20515E+10  0.40000E+09  56.2
  80 21.00  113.6  100.00  0.19941E+10 315.3  -1.0 110.0  86.8  0.19680E+12 -0.10000E+01  0.20510E+10  0.40000E+09  56.0
  81 21.00  113.3  100.00  0.19941E+10 315.2  -1.0 110.0  86.8  0.19930E+12 -0.10000E+01  0.20504E+10  0.40000E+09  55.7
  82 21.00  113.0  100.00  0.19941E+10 315.0  -1.0 110.0  86.8  0.20182E+12 -0.10000E+01  0.20499E+10  0.40000E+09  55.5
  83 21.00  112.7  100.00  0.19941E+10 314.9  -1.0 110.0  86.7  0.20435E+12 -0.10000E+01  0.20494E+10  0.40000E+09  55.2
  84 21.00  112.4  100.00  0.19941E+10 314.7  -1.0 110.0  86.7  0.20690E+12 -0.10000E+01  0.20489E+10  0.40000E+09  54.9
  85 21.00  112.0  100.00  0.19941E+10 314.6  -1.0 110.0  86.7  0.20946E+12 -0.10000E+01  0.20483E+10  0.40000E+09  54.6
  86 21.00  111.7  100.00  0.19941E+10 314.4  -1.0 110.0  86.6  0.21205E+12 -0.10000E+01  0.20478E+10  0.40000E+09  54.3
  87 21.00  111.4  100.00  0.19941E+10 314.3  -1.0 110.0  86.6  0.21464E+12 -0.10000E+01  0.20473E+10  0.40000E+09  54.1
  88 21.00  111.1  100.00  0.19941E+10 314.1  -1.0 110.0  86.6  0.21725E+12 -0.10000E+01  0.20468E+10  0.40000E+09  53.7
  89 21.00  110.8  100.00  0.19941E+10 314.0  -1.0 110.0  86.5  0.21988E+12 -0.10000E+01  0.20463E+10  0.40000E+09  53.4
  90 21.00  110.5  100.00  0.19942E+10 313.8  -1.0 110.0  86.5  0.22252E+12 -0.10000E+01  0.20457E+10  0.40000E+09  53.1
  91 21.00  110.2  100.00  0.19942E+10 313.6  -1.0 110.0  86.4  0.22518E+12 -0.10000E+01  0.20452E+10  0.40000E+09  52.8
  92 21.00  109.9  100.00  0.19943E+10 313.5  -1.0 110.0  86.4  0.22786E+12 -0.10000E+01  0.20447E+10  0.40000E+09  52.5
  93 21.00  109.6  100.00  0.19943E+10 313.3  -1.0 110.0  86.4  0.23055E+12 -0.10000E+01  0.20442E+10  0.40000E+09  52.1
  94 21.00  109.3  100.00  0.19944E+10 313.2  -1.0 110.0  86.3  0.23326E+12 -0.10000E+01  0.20437E+10  0.40000E+09  51.8
  95 21.00  109.0  100.00  0.19944E+10 313.0  -1.0 110.0  86.3  0.23598E+12 -0.10000E+01  0.20431E+10  0.40000E+09  51.4
  96 21.00  108.7  100.00  0.19945E+10 312.9  -1.0 110.0  86.2  0.23872E+12 -0.10000E+01  0.20426E+10  0.40000E+09  51.1
  97 21.00  108.4  100.00  0.19946E+10 312.7  -1.0 110.0  86.2  0.24147E+12 -0.10000E+01  0.20421E+10  0.40000E+09  50.7
  98 21.00  108.1  100.00  0.19946E+10 312.6  -1.0 110.0  86.1  0.24424E+12 -0.10000E+01  0.20416E+10  0.40000E+09  50.3
  99 21.00  107.8  100.00  0.19947E+10 312.4  -1.0 110.0  86.1  0.24703E+12 -0.10000E+01  0.20411E+10  0.40000E+09  49.9
 100 21.00  107.5  100.00  0.19948E+10 312.2  -1.0 110.0  86.0  0.24983E+12 -0.10000E+01  0.20405E+10  0.40000E+09  49.5
 101 21.00  107.2  100.00  0.19949E+10 312.1  -1.0 110.0  86.0  0.25265E+12 -0.10000E+01  0.20400E+10  0.40000E+09  49.1
 102 21.00  106.9  100.00  0.19950E+10 311.9  -1.0 110.0  85.9  0.25548E+12 -0.10000E+01  0.20395E+10  0.40000E+09  48.7
 103 21.00  106.6  100.00  0.19950E+10 311.8  -1.0 110.0  85.9  0.25833E+12 -0.10000E+01  0.20390E+10  0.40000E+09  48.3
 104 21.00  106.3  100.00  0.19951E+10 311.6  -1.0 110.0  85.8  0.26119E+12 -0.10000E+01  0.20385E+10  0.40000E+09  47.9
 105 21.00  106.0  100.00  0.19952E+10 311.5  -1.0 110.0  85.8  0.26407E+12 -0.10000E+01  0.20380E+10  0.40000E+09  47.5
 106 21.00  105.7  100.00  0.19952E+10 311.1  -1.0 110.0  85.7  0.26798E+12 -0.10000E+01  0.20374E+10  0.40000E+09  47.0
 107 21.00  105.5  100.00  0.19953E+10 310.8  -1.0 110.0  85.7  0.27191E+12 -0.10000E+01  0.20368E+10  0.40000E+09  46.6
 108 21.00  105.2  100.00  0.19953E+10 310.4  -1.0 110.0  85.6  0.27587E+12 -0.10000E+01  0.20362E+10  0.40000E+09  46.1
 109 21.00  104.9  100.00  0.19953E+10 310.1  -1.0 110.0  85.5  0.27986E+12 -0.10000E+01  0.20356E+10  0.40000E+09  45.7
 110 21.00  104.6  100.00  0.19953E+10 309.7  -1.0 110.0  85.5  0.28388E+12 -0.10000E+01  0.20350E+10  0.40000E+09  45.2
 111 21.00  104.3  100.00  0.20058E+10 309.3  -1.0 110.0  85.4  0.28793E+12 -0.10000E+01  0.20454E+10  0.40000E+09  44.7
 112 21.00  104.0  100.00  0.20673E+10 308.9  -1.0 110.0  85.4  0.29200E+12 -0.10000E+01  0.21095E+10  0.40000E+09  44.2
 113 21.00  103.8  100.00  0.21328E+10 308.5  -1.0 110.0  85.3  0.29611E+12 -0.10000E+01  0.21778E+10  0.40000E+09  43.8
 114 21.00  103.5  100.00  0.22024E+10 308.1  -1.0 110.0  85.2  0.30024E+12 -0.10000E+01  0.22502E+10  0.40000E+09  43.3
 115 21.00  103.2  100.00  0.22762E+10 307.6  -1.0 110.0  85.2  0.30440E+12 -0.10000E+01  0.23272E+10  0.40000E+09  42.8
 116 21.00  103.0  100.00  0.23546E+10 307.2  -1.0 110.0  85.1  0.30859E+12 -0.10000E+01  0.24089E+10  0.40000E+09  42.3
 117 21.00  102.7  100.00  0.24374E+10 306.8  -1.0 110.0  85.0  0.31281E+12 -0.10000E+01  0.24952E+10  0.40000E+09  41.8
 118 21.00  102.4  100.00  0.25247E+10 306.3  -1.0 110.0  85.0  0.31706E+12 -0.10000E+01  0.25861E+10  0.40000E+09  41.3
 119 21.00  102.2  100.00  0.26169E+10 305.9  -1.0 110.0  84.9  0.32134E+12 -0.10000E+01  0.26823E+10  0.40000E+09  40.7
 120 21.00  101.9  100.00  0.27137E+10 305.5  -1.0 110.0  84.8  0.32564E+12 -0.10000E+01  0.27831E+10  0.40000E+09  40.2
 121 21.00  101.6  100.00  0.28154E+10 305.0  -1.0 110.0  84.8  0.32998E+12 -0.10000E+01  0.28891E+10  0.40000E+09  39.7
 122 21.00  101.4  100.00  0.29220E+10 304.6  -1.0 110.0  84.7  0.33434E+12 -0.10000E+01  0.30002E+10  0.40000E+09  39.2
 123 21.00  101.1  100.00  0.30336E+10 304.1  -1.0 110.0  84.6  0.33873E+12 -0.10000E+01  0.31165E+10  0.40000E+09  38.7
 124 21.00  100.9  100.00  0.31502E+10 303.7  -1.0 110.0  84.6  0.34315E+12 -0.10000E+01  0.32380E+10  0.40000E+09  38.1
 125 21.00  100.6  100.00  0.32717E+10 303.2  -1.0 110.0  84.5  0.34760E+12 -0.10000E+01  0.33646E+10  0.40000E+09  37.6
 126 21.00  100.4  100.00  0.33982E+10 302.8  -1.0 110.0  84.4  0.35207E+12 -0.10000E+01  0.34964E+10  0.40000E+09  37.1
 127 21.00  100.2  100.00  0.35296E+10 302.3  -1.0 110.0  84.4  0.35658E+12 -0.10000E+01  0.36332E+10  0.40000E+09  36.6
 128 21.00   99.9  100.00  0.36659E+10 301.9  -1.0 110.0  84.3  0.36111E+12 -0.10000E+01  0.37751E+10  0.40000E+09  36.1
 129 21.00   99.7  100.00  0.38069E+10 301.4  -1.0 110.0  84.2  0.36568E+12 -0.10000E+01  0.39220E+10  0.40000E+09  35.5
 130 21.00   99.5  100.00  0.39528E+10 301.0  -1.0 110.0  84.2  0.37027E+12 -0.10000E+01  0.40739E+10  0.40000E+09  35.0
 131 21.00   99.2  100.00  0.41031E+10 300.6  -1.0 110.0  84.1  0.37489E+12 -0.10000E+01  0.42304E+10  0.40000E+09  34.5
 132 21.00   99.0  100.00  0.42578E+10 300.1  -1.0 110.0  84.0  0.37954E+12 -0.10000E+01  0.43914E+10  0.40000E+09  34.0
 133 21.00   98.8  100.00  0.44169E+10 299.7  -1.0 110.0  83.9  0.38422E+12 -0.10000E+01  0.45570E+10  0.40000E+09  33.5
 134 21.00   98.6  100.00  0.45801E+10 299.2  -1.0 110.0  83.9  0.38892E+12 -0.10000E+01  0.47268E+10  0.40000E+09  33.0
 135 21.00   98.4  100.00  0.47469E+10 298.8  -1.0 110.0  83.8  0.39366E+12 -0.10000E+01  0.49004E+10  0.40000E+09  32.5
 136 21.00   98.2  100.00  0.49174E+10 298.5  -1.0 110.0  83.7  0.39437E+12 -0.10000E+01  0.50777E+10  0.40000E+09  32.0
 137 21.00   98.0  100.00  0.50911E+10 298.2  -1.0 110.0  83.7  0.39508E+12 -0.10000E+01  0.52584E+10  0.40000E+09  31.6
 138 21.00   97.8  100.00  0.52680E+10 298.0  -1.0 110.0  83.6  0.39580E+12 -0.10000E+01  0.54423E+10  0.40000E+09  31.1
 139 21.00   97.6  100.00  0.54473E+10 297.7  -1.0 110.0  83.6  0.39651E+12 -0.10000E+01  0.56288E+10  0.40000E+09  30.7
 140 21.00   97.4  100.00  0.56291E+10 297.4  -1.0 110.0  83.5  0.39722E+12 -0.10000E+01  0.58178E+10  0.40000E+09  30.2
 141 21.00   97.2  100.00  0.58128E+10 297.1  -1.0 110.0  83.4  0.39794E+12 -0.10000E+01  0.60087E+10  0.40000E+09  29.8
 142 21.00   97.0  100.00  0.59980E+10 296.9  -1.0 110.0  83.4  0.39866E+12 -0.10000E+01  0.62012E+10  0.40000E+09  29.4
 143 21.00   96.9  100.00  0.61844E+10 296.6  -1.0 110.0  83.3  0.39937E+12 -0.10000E+01  0.63949E+10  0.40000E+09  28.9
 144 21.00   96.7  100.00  0.63715E+10 296.3  -1.0 110.0  83.3  0.40009E+12 -0.10000E+01  0.65892E+10  0.40000E+09  28.5
 145 21.00   96.5  100.00  0.65588E+10 296.1  -1.0 110.0  83.2  0.40081E+12 -0.10000E+01  0.67837E+10  0.40000E+09  28.1
 146 21.00   96.4  100.00  0.67457E+10 295.8  -1.0 110.0  83.1  0.40153E+12 -0.10000E+01  0.69779E+10  0.40000E+09  27.8
 147 21.00   96.2  100.00  0.69320E+10 295.5  -1.0 110.0  83.1  0.40225E+12 -0.10000E+01  0.71714E+10  0.40000E+09  27.4
 148 21.00   96.1  100.00  0.71172E+10 295.3  -1.0 110.0  83.0  0.40297E+12 -0.10000E+01  0.73637E+10  0.40000E+09  27.1
 149 21.00   95.9  100.00  0.73006E+10 295.0  -1.0 110.0  83.0  0.40369E+12 -0.10000E+01  0.75541E+10  0.40000E+09  26.7
 150 21.00   95.8  100.00  0.74818E+10 294.7  -1.0 110.0  83.0  0.40441E+12 -0.10000E+01  0.77422E+10  0.40000E+09  26.4
 151 21.00   95.6  100.00  0.76601E+10 294.5  -1.0 110.0  82.9  0.40513E+12 -0.10000E+01  0.79273E+10  0.40000E+09  26.1
 152 21.00   95.5  100.00  0.78354E+10 294.2  -1.0 110.0  82.9  0.40585E+12 -0.10000E+01  0.81092E+10  0.40000E+09  25.8
 153 21.00   95.4  100.00  0.80068E+10 294.0  -1.0 110.0  82.8  0.40658E+12 -0.10000E+01  0.82872E+10  0.40000E+09  25.5
 154 21.00   95.3  100.00  0.81739E+10 293.7  -1.0 110.0  82.8  0.40730E+12 -0.10000E+01  0.84606E+10  0.40000E+09  25.2
 155 21.00   95.2  100.00  0.83363E+10 293.5  -1.0 110.0  82.7  0.40802E+12 -0.10000E+01  0.86291E+10  0.40000E+09  25.0
 156 21.00   95.1  100.00  0.84935E+10 293.3  -1.0 110.0  82.7  0.40875E+12 -0.10000E+01  0.87923E+10  0.40000E+09  24.7
 157 21.00   95.0  100.00  0.86449E+10 293.0  -1.0 110.0  82.7  0.40948E+12 -0.10000E+01  0.89494E+10  0.40000E+09  24.5
 158 21.00   94.9  100.00  0.87901E+10 292.8  -1.0 110.0  82.6  0.41020E+12 -0.10000E+01  0.91002E+10  0.40000E+09  24.3
 159 21.00   94.8  100.00  0.89288E+10 292.6  -1.0 110.0  82.6  0.41093E+12 -0.10000E+01  0.92441E+10  0.40000E+09  24.1
 160 21.00   94.7  100.00  0.90603E+10 292.4  -1.0 110.0  82.6  0.41166E+12 -0.10000E+01  0.93805E+10  0.40000E+09  23.9
 161 21.00   94.6  100.00  0.91843E+10 292.1  -1.0 110.0  82.6  0.41239E+12 -0.10000E+01  0.95093E+10  0.40000E+09  23.8
 162 21.00   94.5  100.00  0.93004E+10 291.9  -1.0 110.0  82.5  0.41311E+12 -0.10000E+01  0.96298E+10  0.40000E+09  23.6
 163 21.00   94.5  100.00  0.94082E+10 291.7  -1.0 110.0  82.5  0.41384E+12 -0.10000E+01  0.97418E+10  0.40000E+09  23.5
 164 21.00   94.4  100.00  0.95075E+10 291.5  -1.0 110.0  82.5  0.41457E+12 -0.10000E+01  0.98449E+10  0.40000E+09  23.3
 165 21.00   94.3  100.00  0.95979E+10 291.3  -1.0 110.0  82.5  0.41531E+12 -0.10000E+01  0.99388E+10  0.40000E+09  23.2
 166 21.00   94.3  100.00  0.96790E+10 291.1  -1.0 110.0  82.5  0.41604E+12 -0.10000E+01  0.10023E+11  0.40000E+09  23.2
 167 21.00   94.3  100.00  0.97506E+10 291.0  -1.0 110.0  82.5  0.41446E+12 -0.10000E+01  0.10097E+11  0.40000E+09  23.1
 168 21.00   94.2  100.00  0.98124E+10 290.8  -1.0 110.0  82.5  0.41288E+12 -0.10000E+01  0.10162E+11  0.40000E+09  23.0
 169 21.00   94.2  100.00  0.98643E+10 290.6  -1.0 110.0  82.4  0.41130E+12 -0.10000E+01  0.10216E+11  0.40000E+09  23.0
 170 21.00   94.2  100.00  0.99059E+10 290.5  -1.0 110.0  82.4  0.40973E+12 -0.10000E+01  0.10259E+11  0.40000E+09  22.9
 171 21.00   94.1  100.00  0.99373E+10 290.3  -1.0 110.0  82.4  0.40816E+12 -0.10000E+01  0.10292E+11  0.40000E+09  22.9
 172 21.00   94.1  100.00  0.99583E+10 290.2  -1.0 110.0  82.4  0.40659E+12 -0.10000E+01  0.10314E+11  0.40000E+09  22.9
 173 21.00   94.1  100.00  0.99687E+10 290.0  -1.0 110.0  82.4  0.40503E+12 -0.10000E+01  0.10325E+11  0.40000E+09  22.9
 174 21.00   94.1  100.00  0.99685E+10 289.9  -1.0 110.0  82.4  0.40347E+12 -0.10000E+01  0.10325E+11  0.40000E+09  23.0
 175 21.00   94.1  100.00  0.99577E+10 289.7  -1.0 110.0  82.4  0.40191E+12 -0.10000E+01  0.10314E+11  0.40000E+09  23.0
 176 21.00   94.1  100.00  0.99362E+10 289.6  -1.0 110.0  82.5  0.40036E+12 -0.10000E+01  0.10292E+11  0.40000E+09  23.1
 177 21.00   94.2  100.00  0.99043E+10 289.5  -1.0 110.0  82.5  0.39881E+12 -0.10000E+01  0.10259E+11  0.40000E+09  23.2
 178 21.00   94.2  100.00  0.98616E+10 289.4  -1.0 110.0  82.5  0.39726E+12 -0.10000E+01  0.10215E+11  0.40000E+09  23.2
 179 21.00   94.2  100.00  0.98085E+10 289.2  -1.0 110.0  82.5  0.39571E+12 -0.10000E+01  0.10160E+11  0.40000E+09  23.3
 180 21.00   94.2  100.00  0.97451E+10 289.1  -1.0 110.0  82.5  0.39417E+12 -0.10000E+01  0.10094E+11  0.40000E+09  23.5
 181 21.00   94.3  100.00  0.96716E+10 289.0  -1.0 110.0  82.5  0.39263E+12 -0.10000E+01  0.10018E+11  0.40000E+09  23.6
 182 21.00   94.3  100.00  0.95880E+10 288.9  -1.0 110.0  82.5  0.39110E+12 -0.10000E+01  0.99319E+10  0.40000E+09  23.7
 183 21.00   94.4  100.00  0.94947E+10 288.8  -1.0 110.0  82.6  0.38956E+12 -0.10000E+01  0.98353E+10  0.40000E+09  23.9
 184 21.00   94.5  100.00  0.93918E+10 288.8  -1.0 110.0  82.6  0.38803E+12 -0.10000E+01  0.97288E+10  0.40000E+09  24.0
 185 21.00   94.5  100.00  0.92798E+10 288.7  -1.0 110.0  82.6  0.38650E+12 -0.10000E+01  0.96127E+10  0.40000E+09  24.2
 186 21.00   94.6  100.00  0.91588E+10 288.6  -1.0 110.0  82.6  0.38498E+12 -0.10000E+01  0.94872E+10  0.40000E+09  24.4
 187 21.00   94.7  100.00  0.90293E+10 288.5  -1.0 110.0  82.7  0.38346E+12 -0.10000E+01  0.93529E+10  0.40000E+09  24.6
 188 21.00   94.8  100.00  0.88916E+10 288.5  -1.0 110.0  82.7  0.38194E+12 -0.10000E+01  0.92101E+10  0.40000E+09  24.8
 189 21.00   94.9  100.00  0.87461E+10 288.4  -1.0 110.0  82.7  0.38043E+12 -0.10000E+01  0.90593E+10  0.40000E+09  25.1
 190 21.00   95.0  100.00  0.85932E+10 288.3  -1.0 110.0  82.8  0.37891E+12 -0.10000E+01  0.89006E+10  0.40000E+09  25.3
 191 21.00   95.1  100.00  0.84335E+10 288.3  -1.0 110.0  82.8  0.37740E+12 -0.10000E+01  0.87348E+10  0.40000E+09  25.6
 192 21.00   95.2  100.00  0.82672E+10 288.2  -1.0 110.0  82.8  0.37590E+12 -0.10000E+01  0.85622E+10  0.40000E+09  25.8
 193 21.00   95.3  100.00  0.80952E+10 288.2  -1.0 110.0  82.9  0.37439E+12 -0.10000E+01  0.83836E+10  0.40000E+09  26.1
 194 21.00   95.4  100.00  0.79176E+10 288.2  -1.0 110.0  82.9  0.37289E+12 -0.10000E+01  0.81992E+10  0.40000E+09  26.4
 195 21.00   95.6  100.00  0.77353E+10 288.1  -1.0 110.0  83.0  0.37140E+12 -0.10000E+01  0.80098E+10  0.40000E+09  26.7
 196 21.00   95.7  100.00  0.75486E+10 288.1  -1.0 110.0  83.0  0.36990E+12 -0.10000E+01  0.78159E+10  0.40000E+09  27.0
 197 21.00   95.8  100.00  0.73583E+10 288.2  -1.0 110.0  83.1  0.36909E+12 -0.10000E+01  0.76181E+10  0.40000E+09  27.4
 198 21.00   96.0  100.00  0.71648E+10 288.3  -1.0 110.0  83.1  0.36827E+12 -0.10000E+01  0.74171E+10  0.40000E+09  27.7
 199 21.00   96.1  100.00  0.69688E+10 288.5  -1.0 110.0  83.2  0.36746E+12 -0.10000E+01  0.72132E+10  0.40000E+09  28.1
 200 21.00   96.3  100.00  0.67707E+10 288.6  -1.0 110.0  83.2  0.36665E+12 -0.10000E+01  0.70073E+10  0.40000E+09  28.4
 201 21.00   96.5  100.00  0.65711E+10 288.8  -1.0 110.0  83.3  0.36584E+12 -0.10000E+01  0.67997E+10  0.40000E+09  28.8
 202 21.00   96.7  100.00  0.63706E+10 288.9  -1.0 110.0  83.3  0.36502E+12 -0.10000E+01  0.65912E+10  0.40000E+09  29.2
 203 21.00   96.8  100.00  0.61698E+10 289.0  -1.0 110.0  83.4  0.36421E+12 -0.10000E+01  0.63824E+10  0.40000E+09  29.6
 204 21.00   97.0  100.00  0.59693E+10 289.2  -1.0 110.0  83.4  0.36341E+12 -0.10000E+01  0.61737E+10  0.40000E+09  30.0
 205 21.00   97.2  100.00  0.57695E+10 289.3  -1.0 110.0  83.5  0.36260E+12 -0.10000E+01  0.59658E+10  0.40000E+09  30.5
 206 21.00   97.4  100.00  0.55711E+10 289.5  -1.0 110.0  83.6  0.36179E+12 -0.10000E+01  0.57593E+10  0.40000E+09  30.9
 207 21.00   97.6  100.00  0.53745E+10 289.6  -1.0 110.0  83.6  0.36098E+12 -0.10000E+01  0.55546E+10  0.40000E+09  31.4
 208 21.00   97.8  100.00  0.51802E+10 289.8  -1.0 110.0  83.7  0.36018E+12 -0.10000E+01  0.53524E+10  0.40000E+09  31.8
 209 21.00   98.0  100.00  0.49886E+10 289.9  -1.0 110.0  83.7  0.35938E+12 -0.10000E+01  0.51528E+10  0.40000E+09  32.3
 210 21.00   98.3  100.00  0.48002E+10 290.0  -1.0 110.0  83.8  0.35857E+12 -0.10000E+01  0.49567E+10  0.40000E+09  32.8
 211 21.00   98.5  100.00  0.46155E+10 290.2  -1.0 110.0  83.9  0.35777E+12 -0.10000E+01  0.47643E+10  0.40000E+09  33.3
 212 21.00   98.7  100.00  0.44347E+10 290.3  -1.0 110.0  84.0  0.35697E+12 -0.10000E+01  0.45760E+10  0.40000E+09  33.8
 213 21.00   99.0  100.00  0.42583E+10 290.5  -1.0 110.0  84.0  0.35617E+12 -0.10000E+01  0.43923E+10  0.40000E+09  34.3
 214 21.00   99.2  100.00  0.40865E+10 290.6  -1.0 110.0  84.1  0.35537E+12 -0.10000E+01  0.42132E+10  0.40000E+09  34.8
 215 21.00   99.5  100.00  0.39197E+10 290.8  -1.0 110.0  84.2  0.35457E+12 -0.10000E+01  0.40394E+10  0.40000E+09  35.3
 216 21.00   99.7  100.00  0.37579E+10 290.9  -1.0 110.0  84.2  0.35377E+12 -0.10000E+01  0.38709E+10  0.40000E+09  35.9
 217 21.00  100.0  100.00  0.36015E+10 291.0  -1.0 110.0  84.3  0.35297E+12 -0.10000E+01  0.37079E+10  0.40000E+09  36.4
 218 21.00  100.2  100.00  0.34508E+10 291.2  -1.0 110.0  84.4  0.35218E+12 -0.10000E+01  0.35508E+10  0.40000E+09  37.0
 219 21.00  100.5  100.00  0.33058E+10 291.3  -1.0 110.0  84.5  0.35138E+12 -0.10000E+01  0.33996E+10  0.40000E+09  37.5
 220 21.00  100.8  100.00  0.31666E+10 291.4  -1.0 110.0  84.5  0.35059E+12 -0.10000E+01  0.32546E+10  0.40000E+09  38.1
 221 21.00  101.1  100.00  0.30331E+10 291.6  -1.0 110.0  84.6  0.34979E+12 -0.10000E+01  0.31155E+10  0.40000E+09  38.6
 222 21.00  101.4  100.00  0.29059E+10 291.7  -1.0 110.0  84.7  0.34900E+12 -0.10000E+01  0.29829E+10  0.40000E+09  39.2
 223 21.00  101.6  100.00  0.27846E+10 291.8  -1.0 110.0  84.8  0.34821E+12 -0.10000E+01  0.28564E+10  0.40000E+09  39.8
 224 21.00  101.9  100.00  0.26691E+10 291.9  -1.0 110.0  84.8  0.34742E+12 -0.10000E+01  0.27361E+10  0.40000E+09  40.3
 225 21.00  102.2  100.00  0.25599E+10 292.1  -1.0 110.0  84.9  0.34663E+12 -0.10000E+01  0.26222E+10  0.40000E+09  40.9
 226 21.00  102.5  100.00  0.24565E+10 292.2  -1.0 110.0  85.0  0.34584E+12 -0.10000E+01  0.25145E+10  0.40000E+09  41.5
 227 21.00  102.8  100.00  0.23587E+10 292.3  -1.0 110.0  85.1  0.34505E+12 -0.10000E+01  0.24126E+10  0.40000E+09  42.0
 228 21.00  103.2  100.00  0.22670E+10 292.8  -1.0 110.0  85.1  0.34106E+12 -0.10000E+01  0.23170E+10  0.40000E+09  42.6
 229 21.00  103.5  100.00  0.21808E+10 293.3  -1.0 110.0  85.2  0.33710E+12 -0.10000E+01  0.22273E+10  0.40000E+09  43.2
 230 21.00  103.8  100.00  0.21003E+10 293.8  -1.0 110.0  85.3  0.33315E+12 -0.10000E+01  0.21434E+10  0.40000E+09  43.7
 231 21.00  104.1  100.00  0.20248E+10 294.3  -1.0 110.0  85.4  0.32924E+12 -0.10000E+01  0.20647E+10  0.40000E+09  44.3
 232 21.00  104.4  100.00  0.19547E+10 294.8  -1.0 110.0  85.4  0.32534E+12 -0.10000E+01  0.19917E+10  0.40000E+09  44.9
 233 21.00  104.8  100.00  0.19278E+10 295.3  -1.0 110.0  85.5  0.32147E+12 -0.10000E+01  0.19641E+10  0.40000E+09  45.4
 234 21.00  105.1  100.00  0.19267E+10 295.7  -1.0 110.0  85.6  0.31762E+12 -0.10000E+01  0.19637E+10  0.40000E+09  46.0
 235 21.00  105.4  100.00  0.19257E+10 296.1  -1.0 110.0  85.6  0.31379E+12 -0.10000E+01  0.19633E+10  0.40000E+09  46.5
 236 21.00  105.8  100.00  0.19247E+10 296.6  -1.0 110.0  85.7  0.30999E+12 -0.10000E+01  0.19628E+10  0.40000E+09  47.0
 237 21.00  106.1  100.00  0.19236E+10 297.0  -1.0 110.0  85.8  0.30621E+12 -0.10000E+01  0.19624E+10  0.40000E+09  47.6
 238 21.00  106.5  100.00  0.19226E+10 297.4  -1.0 110.0  85.8  0.30245E+12 -0.10000E+01  0.19620E+10  0.40000E+09  48.1
 239 21.00  106.8  100.00  0.19215E+10 297.9  -1.0 110.0  85.9  0.29872E+12 -0.10000E+01  0.19616E+10  0.40000E+09  48.6
 240 21.00  107.2  100.00  0.19205E+10 298.3  -1.0 110.0  86.0  0.29501E+12 -0.10000E+01  0.19612E+10  0.40000E+09  49.1
 241 21.00  107.5  100.00  0.19194E+10 298.7  -1.0 110.0  86.0  0.29132E+12 -0.10000E+01  0.19607E+10  0.40000E+09  49.6
 242 21.00  107.9  100.00  0.19184E+10 299.2  -1.0 110.0  86.1  0.28766E+12 -0.10000E+01  0.19603E+10  0.40000E+09  50.1
 243 21.00  108.2  100.00  0.19174E+10 299.6  -1.0 110.0  86.2  0.28402E+12 -0.10000E+01  0.19599E+10  0.40000E+09  50.6
 244 21.00  108.6  100.00  0.19163E+10 300.1  -1.0 110.0  86.2  0.28040E+12 -0.10000E+01  0.19595E+10  0.40000E+09  51.0
 245 21.00  109.0  100.00  0.19153E+10 300.5  -1.0 110.0  86.3  0.27681E+12 -0.10000E+01  0.19591E+10  0.40000E+09  51.5
 246 21.00  109.3  100.00  0.19143E+10 300.9  -1.0 110.0  86.3  0.27324E+12 -0.10000E+01  0.19586E+10  0.40000E+09  51.9
 247 21.00  109.7  100.00  0.19132E+10 301.4  -1.0 110.0  86.4  0.26969E+12 -0.10000E+01  0.19582E+10  0.40000E+09  52.4
 248 21.00  110.1  100.00  0.19122E+10 301.8  -1.0 110.0  86.4  0.26617E+12 -0.10000E+01  0.19578E+10  0.40000E+09  52.8
 249 21.00  110.4  100.00  0.19112E+10 302.2  -1.0 110.0  86.5  0.26266E+12 -0.10000E+01  0.19574E+10  0.40000E+09  53.2
 250 21.00  110.8  100.00  0.19102E+10 302.7  -1.0 110.0  86.5  0.25919E+12 -0.10000E+01  0.19570E+10  0.40000E+09  53.6
 251 21.00  111.2  100.00  0.19092E+10 303.1  -1.0 110.0  86.6  0.25573E+12 -0.10000E+01  0.19565E+10  0.40000E+09  54.0
 252 21.00  111.6  100.00  0.19082E+10 303.6  -1.0 110.0  86.6  0.25230E+12 -0.10000E+01  0.19561E+10  0.40000E+09  54.4
 253 21.00  111.9  100.00  0.19073E+10 304.0  -1.0 110.0  86.7  0.24889E+12 -0.10000E+01  0.19557E+10  0.40000E+09  54.8
 254 21.00  112.3  100.00  0.19063E+10 304.4  -1.0 110.0  86.7  0.24551E+12 -0.10000E+01  0.19553E+10  0.40000E+09  55.2
 255 21.00  112.7  100.00  0.19054E+10 304.9  -1.0 110.0  86.8  0.24214E+12 -0.10000E+01  0.19549E+10  0.40000E+09  55.5
 256 21.00  113.1  100.00  0.19044E+10 305.3  -1.0 110.0  86.8  0.23880E+12 -0.10000E+01  0.19544E+10  0.40000E+09  55.9
 257 21.00  113.5  100.00  0.19035E+10 305.8  -1.0 110.0  86.9  0.23549E+12 -0.10000E+01  0.19540E+10  0.40000E+09  56.2
 258 21.00  113.8  100.00  0.19025E+10 306.2  -1.0 110.0  86.9  0.23219E+12 -0.10000E+01  0.19536E+10  0.40000E+09  56.5
 259 21.00  114.2  100.00  0.19017E+10 306.3  -1.0 110.0  86.9  0.22793E+12 -0.10000E+01  0.19533E+10  0.40000E+09  56.9
 260 21.00  114.6  100.00  0.19009E+10 306.4  -1.0 110.0  87.0  0.22370E+12 -0.10000E+01  0.19529E+10  0.40000E+09  57.2
 261 21.00  115.0  100.00  0.19001E+10 306.5  -1.0 110.0  87.0  0.21951E+12 -0.10000E+01  0.19526E+10  0.40000E+09  57.5
 262 21.00  115.4  100.00  0.18993E+10 306.6  -1.0 110.0  87.1  0.21536E+12 -0.10000E+01  0.19522E+10  0.40000E+09  57.8
 263 21.00  115.8  100.00  0.18985E+10 306.7  -1.0 110.0  87.1  0.21124E+12 -0.10000E+01  0.19519E+10  0.40000E+09  58.0
 264 21.00  116.2  100.00  0.18977E+10 306.8  -1.0 110.0  87.1  0.20717E+12 -0.10000E+01  0.19516E+10  0.40000E+09  58.3
 265 21.00  116.5  100.00  0.18969E+10 306.9  -1.0 110.0  87.2  0.20314E+12 -0.10000E+01  0.19512E+10  0.40000E+09  58.6
 266 21.00  116.9  100.00  0.18962E+10 307.0  -1.0 110.0  87.2  0.19915E+12 -0.10000E+01  0.19509E+10  0.40000E+09  58.8
 267 21.00  117.3  100.00  0.18955E+10 307.1  -1.0 110.0  87.2  0.19520E+12 -0.10000E+01  0.19506E+10  0.40000E+09  59.0
 268 21.00  117.7  100.00  0.18947E+10 307.2  -1.0 110.0  87.2  0.19128E+12 -0.10000E+01  0.19502E+10  0.40000E+09  59.3
 269 21.00  118.1  100.00  0.18940E+10 307.3  -1.0 110.0  87.3  0.18741E+12 -0.10000E+01  0.19499E+10  0.40000E+09  59.5
 270 21.00  118.5  100.00  0.18933E+10 307.4  -1.0 110.0  87.3  0.18358E+12 -0.10000E+01  0.19496E+10  0.40000E+09  59.7
 271 21.00  118.9  100.00  0.18926E+10 307.5  -1.0 110.0  87.3  0.17978E+12 -0.10000E+01  0.19492E+10  0.40000E+09  59.9
 272 21.00  119.2  100.00  0.18919E+10 307.6  -1.0 110.0  87.3  0.17603E+12 -0.10000E+01  0.19489E+10  0.40000E+09  60.1
 273 21.00  119.6  100.00  0.18913E+10 307.7  -1.0 110.0  87.4  0.17232E+12 -0.10000E+01  0.19485E+10  0.40000E+09  60.3
 274 21.00  120.0  100.00  0.18906E+10 307.7  -1.0 110.0  87.4  0.16864E+12 -0.10000E+01  0.19482E+10  0.40000E+09  60.5
 275 21.00  120.4  100.00  0.18900E+10 307.8  -1.0 110.0  87.4  0.16500E+12 -0.10000E+01  0.19479E+10  0.40000E+09  60.7
 276 21.00  120.7  100.00  0.18893E+10 307.9  -1.0 110.0  87.4  0.16141E+12 -0.10000E+01  0.19475E+10  0.40000E+09  60.9
 277 21.00  121.1  100.00  0.18887E+10 308.0  -1.0 110.0  87.5  0.15785E+12 -0.10000E+01  0.19472E+10  0.40000E+09  61.0
 278 21.00  121.5  100.00  0.18881E+10 308.1  -1.0 110.0  87.5  0.15434E+12 -0.10000E+01  0.19469E+10  0.40000E+09  61.2
 279 21.00  121.9  100.00  0.18875E+10 308.1  -1.0 110.0  87.5  0.15086E+12 -0.10000E+01  0.19465E+10  0.40000E+09  61.3
 280 21.00  122.2  100.00  0.18869E+10 308.2  -1.0 110.0  87.5  0.14742E+12 -0.10000E+01  0.19462E+10  0.40000E+09  61.5
 281 21.00  122.6  100.00  0.18863E+10 308.3  -1.0 110.0  87.5  0.14402E+12 -0.10000E+01  0.19458E+10  0.40000E+09  61.6
 282 21.00  123.0  100.00  0.18857E+10 308.4  -1.0 110.0  87.5  0.14067E+12 -0.10000E+01  0.19455E+10  0.40000E+09  61.8
 283 21.00  123.3  100.00  0.18852E+10 308.4  -1.0 110.0  87.6  0.13735E+12 -0.10000E+01  0.19452E+10  0.40000E+09  61.9
 284 21.00  123.7  100.00  0.18846E+10 308.5  -1.0 110.0  87.6  0.13407E+12 -0.10000E+01  0.19448E+10  0.40000E+09  62.0
 285 21.00  124.0  100.00  0.18841E+10 308.6  -1.0 110.0  87.6  0.13083E+12 -0.10000E+01  0.19445E+10  0.40000E+09  62.1
 286 21.00  124.4  100.00  0.18835E+10 308.6  -1.0 110.0  87.6  0.12763E+12 -0.10000E+01  0.19442E+10  0.40000E+09  62.2
 287 21.00  124.7  100.00  0.18830E+10 308.7  -1.0 110.0  87.6  0.12447E+12 -0.10000E+01  0.19438E+10  0.40000E+09  62.3
 288 21.00  125.1  100.00  0.18825E+10 308.7  -1.0 110.0  87.6  0.12135E+12 -0.10000E+01  0.19435E+10  0.40000E+09  62.5
 289 21.00  125.4  100.00  0.18820E+10 308.9  -1.0 110.0  87.6  0.11920E+12 -0.10000E+01  0.19432E+10  0.40000E+09  62.6
 290 21.00  125.8  100.00  0.18816E+10 309.1  -1.0 110.0  87.7  0.11707E+12 -0.10000E+01  0.19429E+10  0.40000E+09  62.7
 291 21.00  126.1  100.00  0.18811E+10 309.2  -1.0 110.0  87.7  0.11496E+12 -0.10000E+01  0.19427E+10  0.40000E+09  62.7
 292 21.00  126.4  100.00  0.18807E+10 309.4  -1.0 110.0  87.7  0.11286E+12 -0.10000E+01  0.19424E+10  0.40000E+09  62.8
 293 21.00  126.8  100.00  0.18803E+10 309.5  -1.0 110.0  87.7  0.11079E+12 -0.10000E+01  0.19421E+10  0.40000E+09  62.9
 294 21.00  127.1  100.00  0.18798E+10 309.7  -1.0 110.0  87.7  0.10874E+12 -0.10000E+01  0.19418E+10  0.40000E+09  63.0
 295 21.00  127.4  100.00  0.18794E+10 309.8  -1.0 110.0  87.7  0.10670E+12 -0.10000E+01  0.19415E+10  0.40000E+09  63.1
 296 21.00  127.7  100.00  0.18790E+10 310.0  -1.0 110.0  87.7  0.10469E+12 -0.10000E+01  0.19413E+10  0.40000E+09  63.2
 297 21.00  128.0  100.00  0.18786E+10 310.1  -1.0 110.0  87.7  0.10269E+12 -0.10000E+01  0.19410E+10  0.40000E+09  63.2
 298 21.00  128.3  100.00  0.18782E+10 310.2  -1.0 110.0  87.7  0.10071E+12 -0.10000E+01  0.19407E+10  0.40000E+09  63.3
 299 21.00  128.6  100.00  0.18778E+10 310.4  -1.0 110.0  87.7  0.98755E+11 -0.10000E+01  0.19404E+10  0.40000E+09  63.4
 300 21.00  128.9  100.00  0.18774E+10 310.5  -1.0 110.0  87.7  0.96817E+11 -0.10000E+01  0.19401E+10  0.40000E+09  63.4
 301 21.00  129.2  100.00  0.18771E+10 310.7  -1.0 110.0  87.8  0.94897E+11 -0.10000E+01  0.19399E+10  0.40000E+09  63.5
 302 21.00  129.5  100.00  0.18767E+10 310.8  -1.0 110.0  87.8  0.92997E+11 -0.10000E+01  0.19396E+10  0.40000E+09  63.5
 303 21.00  129.8  100.00  0.18763E+10 310.9  -1.0 110.0  87.8  0.91116E+11 -0.10000E+01  0.19393E+10  0.40000E+09  63.6
 304 21.00  130.1  100.00  0.18760E+10 311.1  -1.0 110.0  87.8  0.89254E+11 -0.10000E+01  0.19390E+10  0.40000E+09  63.6
 305 21.00  130.3  100.00  0.18756E+10 311.2  -1.0 110.0  87.8  0.87412E+11 -0.10000E+01  0.19387E+10  0.40000E+09  63.7
 306 21.00  130.6  100.00  0.18752E+10 311.3  -1.0 110.0  87.8  0.85588E+11 -0.10000E+01  0.19385E+10  0.40000E+09  63.7
 307 21.00  130.8  100.00  0.18749E+10 311.4  -1.0 110.0  87.8  0.83784E+11 -0.10000E+01  0.19382E+10  0.40000E+09  63.8
 308 21.00  131.1  100.00  0.18745E+10 311.6  -1.0 110.0  87.8  0.81999E+11 -0.10000E+01  0.19379E+10  0.40000E+09  63.8
 309 21.00  131.3  100.00  0.18742E+10 311.7  -1.0 110.0  87.8  0.80234E+11 -0.10000E+01  0.19376E+10  0.40000E+09  63.9
 310 21.00  131.6  100.00  0.18739E+10 311.8  -1.0 110.0  87.8  0.78487E+11 -0.10000E+01  0.19374E+10  0.40000E+09  63.9
 311 21.00  131.8  100.00  0.18735E+10 311.9  -1.0 110.0  87.8  0.76760E+11 -0.10000E+01  0.19371E+10  0.40000E+09  64.0
 312 21.00  132.0  100.00  0.18732E+10 312.0  -1.0 110.0  87.8  0.75052E+11 -0.10000E+01  0.19368E+10  0.40000E+09  64.0
 313 21.00  132.3  100.00  0.18729E+10 312.1  -1.0 110.0  87.8  0.73363E+11 -0.10000E+01  0.19365E+10  0.40000E+09  64.0
 314 21.00  132.5  100.00  0.18726E+10 312.2  -1.0 110.0  87.8  0.71694E+11 -0.10000E+01  0.19362E+10  0.40000E+09  64.1
 315 21.00  132.7  100.00  0.18722E+10 312.3  -1.0 110.0  87.8  0.70043E+11 -0.10000E+01  0.19360E+10  0.40000E+09  64.1
 316 21.00  132.9  100.00  0.18719E+10 312.4  -1.0 110.0  87.8  0.68412E+11 -0.10000E+01  0.19357E+10  0.40000E+09  64.1
 317 21.00  133.1  100.00  0.18716E+10 312.5  -1.0 110.0  87.8  0.66800E+11 -0.10000E+01  0.19354E+10  0.40000E+09  64.1
 318 21.00  133.3  100.00  0.18713E+10 312.6  -1.0 110.0  87.8  0.65208E+11 -0.10000E+01  0.19351E+10  0.40000E+09  64.2
 319 21.00  133.5  100.00  0.18710E+10 312.7  -1.0 110.0  87.8  0.63634E+11 -0.10000E+01  0.19348E+10  0.40000E+09  64.2
 320 21.00  133.6  100.00  0.18706E+10 312.4  -1.0 110.0  87.8  0.63386E+11 -0.10000E+01  0.19345E+10  0.40000E+09  64.2
 321 21.00  133.8  100.00  0.18702E+10 312.2  -1.0 110.0  87.8  0.63139E+11 -0.10000E+01  0.19341E+10  0.40000E+09  64.2
 322 21.00  134.0  100.00  0.18698E+10 312.0  -1.0 110.0  87.8  0.62892E+11 -0.10000E+01  0.19337E+10  0.40000E+09  64.3
 323 21.00  134.1  100.00  0.18694E+10 311.7  -1.0 110.0  87.8  0.62645E+11 -0.10000E+01  0.19333E+10  0.40000E+09  64.3
 324 21.00  134.3  100.00  0.18690E+10 311.5  -1.0 110.0  87.9  0.62399E+11 -0.10000E+01  0.19329E+10  0.40000E+09  64.3
 325 21.00  134.4  100.00  0.18686E+10 311.3  -1.0 110.0  87.9  0.62153E+11 -0.10000E+01  0.19325E+10  0.40000E+09  64.3
 326 21.00  134.5  100.00  0.18682E+10 311.0  -1.0 110.0  87.9  0.61908E+11 -0.10000E+01  0.19322E+10  0.40000E+09  64.3
 327 21.00  134.7  100.00  0.18678E+10 310.8  -1.0 110.0  87.9  0.61664E+11 -0.10000E+01  0.19318E+10  0.40000E+09  64.4
 328 21.00  134.8  100.00  0.18675E+10 310.6  -1.0 110.0  87.9  0.61420E+11 -0.10000E+01  0.19314E+10  0.40000E+09  64.4
 329 21.00  134.9  100.00  0.18671E+10 310.3  -1.0 110.0  87.9  0.61176E+11 -0.10000E+01  0.19310E+10  0.40000E+09  64.4
 330 21.00  135.0  100.00  0.18667E+10 310.1  -1.0 110.0  87.9  0.60933E+11 -0.10000E+01  0.19306E+10  0.40000E+09  64.4
 331 21.00  135.1  100.00  0.18663E+10 309.8  -1.0 110.0  87.9  0.60690E+11 -0.10000E+01  0.19302E+10  0.40000E+09  64.4
 332 21.00  135.2  100.00  0.18660E+10 309.6  -1.0 110.0  87.9  0.60448E+11 -0.10000E+01  0.19298E+10  0.40000E+09  64.4
 333 21.00  135.3  100.00  0.18656E+10 309.4  -1.0 110.0  87.9  0.60206E+11 -0.10000E+01  0.19295E+10  0.40000E+09  64.4
 334 21.00  135.3  100.00  0.18652E+10 309.1  -1.0 110.0  87.9  0.59965E+11 -0.10000E+01  0.19291E+10  0.40000E+09  64.4
 335 21.00  135.4  100.00  0.18649E+10 308.9  -1.0 110.0  87.9  0.59724E+11 -0.10000E+01  0.19287E+10  0.40000E+09  64.4
 336 21.00  135.5  100.00  0.18645E+10 308.7  -1.0 110.0  87.9  0.59484E+11 -0.10000E+01  0.19283E+10  0.40000E+09  64.5
 337 21.00  135.5  100.00  0.18641E+10 308.4  -1.0 110.0  87.9  0.59244E+11 -0.10000E+01  0.19279E+10  0.40000E+09  64.5
 338 21.00  135.6  100.00  0.18638E+10 308.2  -1.0 110.0  87.9  0.59005E+11 -0.10000E+01  0.19275E+10  0.40000E+09  64.5
 339 21.00  135.6  100.00  0.18634E+10 308.0  -1.0 110.0  87.9  0.58766E+11 -0.10000E+01  0.19272E+10  0.40000E+09  64.5
 340 21.00  135.6  100.00  0.18631E+10 307.7  -1.0 110.0  87.9  0.58528E+11 -0.10000E+01  0.19268E+10  0.40000E+09  64.5
 341 21.00  135.7  100.00  0.18627E+10 307.5  -1.0 110.0  87.9  0.58290E+11 -0.10000E+01  0.19264E+10  0.40000E+09  64.5
 342 21.00  135.7  100.00  0.18623E+10 307.3  -1.0 110.0  87.9  0.58053E+11 -0.10000E+01  0.19260E+10  0.40000E+09  64.5
 343 21.00  135.7  100.00  0.18620E+10 307.0  -1.0 110.0  87.9  0.57816E+11 -0.10000E+01  0.19256E+10  0.40000E+09  64.5
 344 21.00  135.7  100.00  0.18616E+10 306.8  -1.0 110.0  87.9  0.57579E+11 -0.10000E+01  0.19252E+10  0.40000E+09  64.5
 345 21.00  135.7  100.00  0.18613E+10 306.6  -1.0 110.0  87.9  0.57344E+11 -0.10000E+01  0.19249E+10  0.40000E+09  64.5
 346 21.00  135.7  100.00  0.18609E+10 306.3  -1.0 110.0  87.9  0.57108E+11 -0.10000E+01  0.19245E+10  0.40000E+09  64.5
 347 21.00  135.7  100.00  0.18606E+10 306.1  -1.0 110.0  87.9  0.56873E+11 -0.10000E+01  0.19241E+10  0.40000E+09  64.5
 348 21.00  135.7  100.00  0.18603E+10 305.9  -1.0 110.0  87.9  0.56638E+11 -0.10000E+01  0.19237E+10  0.40000E+09  64.5
 349 21.00  135.6  100.00  0.18599E+10 305.6  -1.0 110.0  87.9  0.56404E+11 -0.10000E+01  0.19233E+10  0.40000E+09  64.5
 350 21.00  135.6  100.00  0.18596E+10 305.4  -1.0 110.0  87.9  0.56202E+11 -0.10000E+01  0.19230E+10  0.40000E+09  64.5
 351 21.00  135.5  100.00  0.18593E+10 305.1  -1.0 110.0  87.9  0.56000E+11 -0.10000E+01  0.19226E+10  0.40000E+09  64.5
 352 21.00  135.5  100.00  0.18589E+10 304.9  -1.0 110.0  87.9  0.55798E+11 -0.10000E+01  0.19222E+10  0.40000E+09  64.5
 353 21.00  135.4  100.00  0.18586E+10 304.6  -1.0 110.0  87.9  0.55596E+11 -0.10000E+01  0.19218E+10  0.40000E+09  64.4
 354 21.00  135.4  100.00  0.18583E+10 304.4  -1.0 110.0  87.9  0.55395E+11 -0.10000E+01  0.19215E+10  0.40000E+09  64.4
 355 21.00  135.3  100.00  0.18580E+10 304.1  -1.0 110.0  87.9  0.55194E+11 -0.10000E+01  0.19211E+10  0.40000E+09  64.4
 356 21.00  135.2  100.00  0.18577E+10 303.8  -1.0 110.0  87.9  0.54993E+11 -0.10000E+01  0.19207E+10  0.40000E+09  64.4
 357 21.00  135.1  100.00  0.18573E+10 303.6  -1.0 110.0  87.9  0.54793E+11 -0.10000E+01  0.19204E+10  0.40000E+09  64.4
 358 21.00  135.0  100.00  0.18570E+10 303.3  -1.0 110.0  87.9  0.54593E+11 -0.10000E+01  0.19200E+10  0.40000E+09  64.4
 359 21.00  135.0  100.00  0.18567E+10 303.1  -1.0 110.0  87.9  0.54394E+11 -0.10000E+01  0.19196E+10  0.40000E+09  64.4
 360 21.00  134.9  100.00  0.18564E+10 302.8  -1.0 110.0  87.9  0.54195E+11 -0.10000E+01  0.19192E+10  0.40000E+09  64.4
 361 21.00  134.7  100.00  0.18561E+10 302.6  -1.0 110.0  87.9  0.53996E+11 -0.10000E+01  0.19189E+10  0.40000E+09  64.4
 362 21.00  134.6  100.00  0.18558E+10 302.3  -1.0 110.0  87.9  0.53798E+11 -0.10000E+01  0.19185E+10  0.40000E+09  64.3
 363 21.00  134.5  100.00  0.18555E+10 302.0  -1.0 110.0  87.9  0.53600E+11 -0.10000E+01  0.19181E+10  0.40000E+09  64.3
 364 21.00  134.4  100.00  0.18552E+10 301.8  -1.0 110.0  87.9  0.53402E+11 -0.10000E+01  0.19178E+10  0.40000E+09  64.3
 365 21.00  134.3  100.00  0.18549E+10 301.5  -1.0 110.0  87.8  0.53205E+11 -0.10000E+01  0.19174E+10  0.40000E+09  64.3
