   1  1.00  148.2  100.00  0.20105E+10 320.5  -1.0 110.0  88.0  0.93923E+11 -0.10000E+01  0.20918E+10  0.40000E+09  65.4
   2  1.00  148.1  100.00  0.20106E+10 320.3  -1.0 110.0  88.0  0.93468E+11 -0.10000E+01  0.20920E+10  0.40000E+09  65.4
   3  1.00  148.1  100.00  0.20107E+10 320.2  -1.0 110.0  88.0  0.93014E+11 -0.10000E+01  0.20921E+10  0.40000E+09  65.4
   4  1.00  148.0  100.00  0.20109E+10 320.0  -1.0 110.0  88.0  0.92561E+11 -0.10000E+01  0.20923E+10  0.40000E+09  65.4
   5  1.00  147.9  100.00  0.20110E+10 319.9  -1.0 110.0  88.0  0.92108E+11 -0.10000E+01  0.20924E+10  0.40000E+09  65.4
   6  1.00  147.8  100.00  0.20111E+10 319.7  -1.0 110.0  88.0  0.91658E+11 -0.10000E+01  0.20925E+10  0.40000E+09  65.4
   7  1.00  147.7  100.00  0.20113E+10 319.6  -1.0 110.0  88.0  0.91208E+11 -0.10000E+01  0.20927E+10  0.40000E+09  65.4
   8  1.00  147.6  100.00  0.20114E+10 319.4  -1.0 110.0  88.0  0.90759E+11 -0.10000E+01  0.20928E+10  0.40000E+09  65.4
   9  1.00  147.5  100.00  0.20115E+10 319.3  -1.0 110.0  88.0  0.90311E+11 -0.10000E+01  0.20930E+10  0.40000E+09  65.4
  10  1.00  147.4  100.00  0.20117E+10 319.1  -1.0 110.0  88.0  0.89865E+11 -0.10000E+01  0.20931E+10  0.40000E+09  65.4
  11  1.00  147.2  100.00  0.20118E+10 319.0  -1.0 110.0  88.0  0.89419E+11 -0.10000E+01  0.20933E+10  0.40000E+09  65.4
  12  1.00  147.1  100.00  0.20119E+10 318.8  -1.0 110.0  88.0  0.88975E+11 -0.10000E+01  0.20934E+10  0.40000E+09  65.4
  13  1.00  147.0  100.00  0.20121E+10 318.7  -1.0 110.0  88.0  0.88532E+11 -0.10000E+01  0.20935E+10  0.40000E+09  65.4
  14  1.00  146.8  100.00  0.20122E+10 318.5  -1.0 110.0  88.0  0.88090E+11 -0.10000E+01  0.20937E+10  0.40000E+09  65.4
  15  1.00  146.6  100.00  0.20123E+10 318.4  -1.0 110.0  88.0  0.87649E+11 -0.10000E+01  0.20938E+10  0.40000E+09  65.4
  16  1.00  146.5  100.00  0.20118E+10 318.6  -1.0 110.0  88.0  0.87998E+11 -0.10000E+01  0.20933E+10  0.40000E+09  65.4
  17  1.00  146.3  100.00  0.20114E+10 318.9  -1.0 110.0  88.0  0.88347E+11 -0.10000E+01  0.20927E+10  0.40000E+09  65.4
  18  1.00  146.1  100.00  0.20109E+10 319.2  -1.0 110.0  88.0  0.88698E+11 -0.10000E+01  0.20922E+10  0.40000E+09  65.4
  19  1.00  145.9  100.00  0.20104E+10 319.5  -1.0 110.0  88.0  0.89049E+11 -0.10000E+01  0.20917E+10  0.40000E+09  65.4
  20  1.00  145.7  100.00  0.20099E+10 319.8  -1.0 110.0  88.0  0.89401E+11 -0.10000E+01  0.20911E+10  0.40000E+09  65.4
  21  1.00  145.5  100.00  0.20094E+10 320.0  -1.0 110.0  88.0  0.89753E+11 -0.10000E+01  0.20906E+10  0.40000E+09  65.4
  22  1.00  145.3  100.00  0.20090E+10 320.3  -1.0 110.0  88.0  0.90106E+11 -0.10000E+01  0.20900E+10  0.40000E+09  65.4
  23  1.00  145.1  100.00  0.20085E+10 320.6  -1.0 110.0  88.0  0.90461E+11 -0.10000E+01  0.20895E+10  0.40000E+09  65.4
  24  1.00  144.9  100.00  0.20080E+10 320.9  -1.0 110.0  88.0  0.90815E+11 -0.10000E+01  0.20890E+10  0.40000E+09  65.4
  25  1.00  144.6  100.00  0.20075E+10 321.2  -1.0 110.0  88.0  0.91170E+11 -0.10000E+01  0.20884E+10  0.40000E+09  65.4
  26  1.00  144.4  100.00  0.20070E+10 321.4  -1.0 110.0  88.0  0.91526E+11 -0.10000E+01  0.20879E+10  0.40000E+09  65.4
  27  1.00  144.2  100.00  0.20066E+10 321.7  -1.0 110.0  88.0  0.91883E+11 -0.10000E+01  0.20873E+10  0.40000E+09  65.4
  28  1.00  143.9  100.00  0.20061E+10 322.0  -1.0 110.0  88.0  0.92240E+11 -0.10000E+01  0.20868E+10  0.40000E+09  65.3
  29  1.00  143.6  100.00  0.20056E+10 322.3  -1.0 110.0  88.0  0.92599E+11 -0.10000E+01  0.20862E+10  0.40000E+09  65.3
  30  1.00  143.4  100.00  0.20051E+10 322.6  -1.0 110.0  88.0  0.92957E+11 -0.10000E+01  0.20857E+10  0.40000E+09  65.3
  31  1.00  143.1  100.00  0.20047E+10 322.9  -1.0 110.0  88.0  0.93317E+11 -0.10000E+01  0.20852E+10  0.40000E+09  65.3
  32  1.00  142.8  100.00  0.20042E+10 323.1  -1.0 110.0  88.0  0.93677E+11 -0.10000E+01  0.20846E+10  0.40000E+09  65.3
  33  1.00  142.6  100.00  0.20037E+10 323.4  -1.0 110.0  88.0  0.94038E+11 -0.10000E+01  0.20841E+10  0.40000E+09  65.3
  34  1.00  142.3  100.00  0.20032E+10 323.7  -1.0 110.0  88.0  0.94400E+11 -0.10000E+01  0.20835E+10  0.40000E+09  65.3
  35  1.00  142.0  100.00  0.20028E+10 324.0  -1.0 110.0  88.0  0.94762E+11 -0.10000E+01  0.20830E+10  0.40000E+09  65.3
  36  1.00  141.7  100.00  0.20023E+10 324.3  -1.0 110.0  88.0  0.95125E+11 -0.10000E+01  0.20825E+10  0.40000E+09  65.3
  37  1.00  141.4  100.00  0.20018E+10 324.6  -1.0 110.0  88.0  0.95488E+11 -0.10000E+01  0.20819E+10  0.40000E+09  65.3
  38  1.00  141.1  100.00  0.20014E+10 324.8  -1.0 110.0  88.0  0.95853E+11 -0.10000E+01  0.20814E+10  0.40000E+09  65.3
  39  1.00  140.8  100.00  0.20009E+10 325.1  -1.0 110.0  88.0  0.96218E+11 -0.10000E+01  0.20808E+10  0.40000E+09  65.3
  40  1.00  140.5  100.00  0.20004E+10 325.4  -1.0 110.0  88.0  0.96584E+11 -0.10000E+01  0.20803E+10  0.40000E+09  65.3
  41  1.00  140.1  100.00  0.20000E+10 325.7  -1.0 110.0  88.0  0.96950E+11 -0.10000E+01  0.20798E+10  0.40000E+09  65.3
  42  1.00  139.8  100.00  0.19995E+10 326.0  -1.0 110.0  88.0  0.97317E+11 -0.10000E+01  0.20792E+10  0.40000E+09  65.3
  43  1.00  139.5  100.00  0.19990E+10 326.3  -1.0 110.0  88.0  0.97685E+11 -0.10000E+01  0.20787E+10  0.40000E+09  65.3
  44  1.00  139.1  100.00  0.19986E+10 326.5  -1.0 110.0  88.0  0.98053E+11 -0.10000E+01  0.20781E+10  0.40000E+09  65.2
  45  1.00  138.8  100.00  0.19981E+10 326.8  -1.0 110.0  88.0  0.98423E+11 -0.10000E+01  0.20776E+10  0.40000E+09  65.2
  46  1.00  138.5  100.00  0.19974E+10 327.4  -1.0 110.0  88.0  0.98694E+11 -0.10000E+01  0.20768E+10  0.40000E+09  65.2
  47  1.00  138.1  100.00  0.19967E+10 328.1  -1.0 110.0  88.0  0.98965E+11 -0.10000E+01  0.20760E+10  0.40000E+09  65.2
  48  1.00  137.8  100.00  0.19960E+10 328.7  -1.0 110.0  88.0  0.99237E+11 -0.10000E+01  0.20752E+10  0.40000E+09  65.2
  49  1.00  137.4  100.00  0.19953E+10 329.3  -1.0 110.0  88.0  0.99508E+11 -0.10000E+01  0.20743E+10  0.40000E+09  65.2
  50  1.00  137.1  100.00  0.19946E+10 329.9  -1.0 110.0  88.0  0.99781E+11 -0.10000E+01  0.20735E+10  0.40000E+09  65.2
  51  1.00  136.7  100.00  0.19939E+10 330.5  -1.0 110.0  88.0  0.10005E+12 -0.10000E+01  0.20727E+10  0.40000E+09  65.2
  52  1.00  136.3  100.00  0.19932E+10 331.1  -1.0 110.0  88.0  0.10033E+12 -0.10000E+01  0.20719E+10  0.40000E+09  65.1
  53  1.00  136.0  100.00  0.19925E+10 331.8  -1.0 110.0  87.9  0.10060E+12 -0.10000E+01  0.20711E+10  0.40000E+09  65.1
  54  1.00  135.6  100.00  0.19918E+10 332.4  -1.0 110.0  87.9  0.10087E+12 -0.10000E+01  0.20703E+10  0.40000E+09  65.1
  55  1.00  135.2  100.00  0.19911E+10 333.0  -1.0 110.0  87.9  0.10115E+12 -0.10000E+01  0.20695E+10  0.40000E+09  65.1
  56  1.00  134.8  100.00  0.19904E+10 333.6  -1.0 110.0  87.9  0.10142E+12 -0.10000E+01  0.20687E+10  0.40000E+09  65.1
  57  1.00  134.5  100.00  0.19897E+10 334.3  -1.0 110.0  87.9  0.10170E+12 -0.10000E+01  0.20679E+10  0.40000E+09  65.1
  58  1.00  134.1  100.00  0.19890E+10 334.9  -1.0 110.0  87.9  0.10197E+12 -0.10000E+01  0.20670E+10  0.40000E+09  65.1
  59  1.00  133.7  100.00  0.19883E+10 335.5  -1.0 110.0  87.9  0.10225E+12 -0.10000E+01  0.20662E+10  0.40000E+09  65.0
  60  1.00  133.3  100.00  0.19876E+10 336.2  -1.0 110.0  87.9  0.10253E+12 -0.10000E+01  0.20654E+10  0.40000E+09  65.0
  61  1.00  132.9  100.00  0.19870E+10 336.8  -1.0 110.0  87.9  0.10280E+12 -0.10000E+01  0.20646E+10  0.40000E+09  65.0
  62  1.00  132.5  100.00  0.19863E+10 337.4  -1.0 110.0  87.9  0.10308E+12 -0.10000E+01  0.20638E+10  0.40000E+09  65.0
  63  1.00  132.1  100.00  0.19856E+10 338.1  -1.0 110.0  87.9  0.10336E+12 -0.10000E+01  0.20630E+10  0.40000E+09  64.9
  64  1.00  131.8  100.00  0.19849E+10 338.7  -1.0 110.0  87.9  0.10363E+12 -0.10000E+01  0.20622E+10  0.40000E+09  64.9
  65  1.00  131.4  100.00  0.19843E+10 339.4  -1.0 110.0  87.9  0.10391E+12 -0.10000E+01  0.20614E+10  0.40000E+09  64.9
  66  1.00  131.0  100.00  0.19836E+10 340.0  -1.0 110.0  87.9  0.10419E+12 -0.10000E+01  0.20606E+10  0.40000E+09  64.9
  67  1.00  130.6  100.00  0.19829E+10 340.6  -1.0 110.0  87.9  0.10447E+12 -0.10000E+01  0.20597E+10  0.40000E+09  64.8
  68  1.00  130.2  100.00  0.19823E+10 341.3  -1.0 110.0  87.9  0.10475E+12 -0.10000E+01  0.20589E+10  0.40000E+09  64.8
  69  1.00  129.8  100.00  0.19816E+10 341.9  -1.0 110.0  87.9  0.10503E+12 -0.10000E+01  0.20581E+10  0.40000E+09  64.8
  70  1.00  129.4  100.00  0.19809E+10 342.6  -1.0 110.0  87.9  0.10531E+12 -0.10000E+01  0.20573E+10  0.40000E+09  64.8
  71  1.00  129.0  100.00  0.19803E+10 343.2  -1.0 110.0  87.9  0.10559E+12 -0.10000E+01  0.20565E+10  0.40000E+09  64.7
  72  1.00  128.6  100.00  0.19796E+10 343.9  -1.0 110.0  87.9  0.10587E+12 -0.10000E+01  0.20557E+10  0.40000E+09  64.7
  73  1.00  128.2  100.00  0.19790E+10 344.5  -1.0 110.0  87.9  0.10615E+12 -0.10000E+01  0.20549E+10  0.40000E+09  64.7
  74  1.00  127.8  100.00  0.19784E+10 345.2  -1.0 110.0  87.9  0.10643E+12 -0.10000E+01  0.20541E+10  0.40000E+09  64.6
  75  1.00  127.4  100.00  0.19780E+10 345.3  -1.0 110.0  87.9  0.10725E+12 -0.10000E+01  0.20536E+10  0.40000E+09  64.6
  76  1.00  127.0  100.00  0.19776E+10 345.4  -1.0 110.0  87.9  0.10808E+12 -0.10000E+01  0.20530E+10  0.40000E+09  64.5
  77  1.00  126.6  100.00  0.19772E+10 345.5  -1.0 110.0  87.9  0.10891E+12 -0.10000E+01  0.20525E+10  0.40000E+09  64.5
  78  1.00  126.1  100.00  0.19769E+10 345.6  -1.0 110.0  87.9  0.10974E+12 -0.10000E+01  0.20520E+10  0.40000E+09  64.4
  79  1.00  125.7  100.00  0.19765E+10 345.7  -1.0 110.0  87.9  0.11058E+12 -0.10000E+01  0.20515E+10  0.40000E+09  64.4
  80  1.00  125.3  100.00  0.19762E+10 345.8  -1.0 110.0  87.9  0.11142E+12 -0.10000E+01  0.20510E+10  0.40000E+09  64.4
  81  1.00  124.9  100.00  0.19758E+10 345.9  -1.0 110.0  87.9  0.11226E+12 -0.10000E+01  0.20504E+10  0.40000E+09  64.3
  82  1.00  124.5  100.00  0.19755E+10 346.0  -1.0 110.0  87.8  0.11311E+12 -0.10000E+01  0.20499E+10  0.40000E+09  64.2
  83  1.00  124.1  100.00  0.19751E+10 346.0  -1.0 110.0  87.8  0.11396E+12 -0.10000E+01  0.20494E+10  0.40000E+09  64.2
  84  1.00  123.7  100.00  0.19748E+10 346.1  -1.0 110.0  87.8  0.11481E+12 -0.10000E+01  0.20489E+10  0.40000E+09  64.1
  85  1.00  123.3  100.00  0.19745E+10 346.2  -1.0 110.0  87.8  0.11566E+12 -0.10000E+01  0.20483E+10  0.40000E+09  64.1
  86  1.00  122.9  100.00  0.19741E+10 346.3  -1.0 110.0  87.8  0.11652E+12 -0.10000E+01  0.20478E+10  0.40000E+09  64.0
  87  1.00  122.5  100.00  0.19738E+10 346.4  -1.0 110.0  87.8  0.11738E+12 -0.10000E+01  0.20473E+10  0.40000E+09  63.9
  88  1.00  122.2  100.00  0.19735E+10 346.5  -1.0 110.0  87.8  0.11825E+12 -0.10000E+01  0.20468E+10  0.40000E+09  63.9
  89  1.00  121.8  100.00  0.19732E+10 346.6  -1.0 110.0  87.8  0.11911E+12 -0.10000E+01  0.20463E+10  0.40000E+09  63.8
  90  1.00  121.4  100.00  0.19729E+10 346.7  -1.0 110.0  87.8  0.11999E+12 -0.10000E+01  0.20457E+10  0.40000E+09  63.7
  91  1.00  121.0  100.00  0.19726E+10 346.8  -1.0 110.0  87.8  0.12086E+12 -0.10000E+01  0.20452E+10  0.40000E+09  63.6
  92  1.00  120.6  100.00  0.19723E+10 346.9  -1.0 110.0  87.8  0.12174E+12 -0.10000E+01  0.20447E+10  0.40000E+09  63.6
  93  1.00  120.2  100.00  0.19721E+10 347.0  -1.0 110.0  87.8  0.12262E+12 -0.10000E+01  0.20442E+10  0.40000E+09  63.5
  94  1.00  119.8  100.00  0.19718E+10 347.1  -1.0 110.0  87.7  0.12350E+12 -0.10000E+01  0.20437E+10  0.40000E+09  63.4
  95  1.00  119.4  100.00  0.19715E+10 347.2  -1.0 110.0  87.7  0.12439E+12 -0.10000E+01  0.20431E+10  0.40000E+09  63.3
  96  1.00  119.0  100.00  0.19713E+10 347.3  -1.0 110.0  87.7  0.12528E+12 -0.10000E+01  0.20426E+10  0.40000E+09  63.2
  97  1.00  118.7  100.00  0.19710E+10 347.3  -1.0 110.0  87.7  0.12617E+12 -0.10000E+01  0.20421E+10  0.40000E+09  63.1
  98  1.00  118.3  100.00  0.19708E+10 347.4  -1.0 110.0  87.7  0.12707E+12 -0.10000E+01  0.20416E+10  0.40000E+09  63.0
  99  1.00  117.9  100.00  0.19706E+10 347.5  -1.0 110.0  87.7  0.12797E+12 -0.10000E+01  0.20411E+10  0.40000E+09  62.9
 100  1.00  117.5  100.00  0.19704E+10 347.6  -1.0 110.0  87.7  0.12887E+12 -0.10000E+01  0.20405E+10  0.40000E+09  62.7
 101  1.00  117.2  100.00  0.19702E+10 347.7  -1.0 110.0  87.7  0.12977E+12 -0.10000E+01  0.20400E+10  0.40000E+09  62.6
 102  1.00  116.8  100.00  0.19700E+10 347.8  -1.0 110.0  87.6  0.13068E+12 -0.10000E+01  0.20395E+10  0.40000E+09  62.5
 103  1.00  116.4  100.00  0.19698E+10 347.9  -1.0 110.0  87.6  0.13160E+12 -0.10000E+01  0.20390E+10  0.40000E+09  62.4
 104  1.00  116.1  100.00  0.19696E+10 348.0  -1.0 110.0  87.6  0.13251E+12 -0.10000E+01  0.20385E+10  0.40000E+09  62.2
 105  1.00  115.7  100.00  0.19694E+10 348.1  -1.0 110.0  87.6  0.13343E+12 -0.10000E+01  0.20380E+10  0.40000E+09  62.1
 106  1.00  115.4  100.00  0.19692E+10 347.4  -1.0 110.0  87.6  0.13534E+12 -0.10000E+01  0.20374E+10  0.40000E+09  61.9
 107  1.00  115.0  100.00  0.19690E+10 346.7  -1.0 110.0  87.6  0.13726E+12 -0.10000E+01  0.20368E+10  0.40000E+09  61.8
 108  1.00  114.7  100.00  0.19688E+10 346.0  -1.0 110.0  87.5  0.13919E+12 -0.10000E+01  0.20362E+10  0.40000E+09  61.6
 109  1.00  114.3  100.00  0.19686E+10 345.3  -1.0 110.0  87.5  0.14114E+12 -0.10000E+01  0.20356E+10  0.40000E+09  61.4
 110  1.00  114.0  100.00  0.19684E+10 344.6  -1.0 110.0  87.5  0.14310E+12 -0.10000E+01  0.20350E+10  0.40000E+09  61.2
 111  1.00  113.6  100.00  0.19683E+10 343.9  -1.0 110.0  87.5  0.14508E+12 -0.10000E+01  0.20344E+10  0.40000E+09  61.1
 112  1.00  113.3  100.00  0.19681E+10 343.2  -1.0 110.0  87.5  0.14707E+12 -0.10000E+01  0.20339E+10  0.40000E+09  60.9
 113  1.00  113.0  100.00  0.19680E+10 342.5  -1.0 110.0  87.4  0.14907E+12 -0.10000E+01  0.20333E+10  0.40000E+09  60.7
 114  1.00  112.6  100.00  0.19678E+10 341.8  -1.0 110.0  87.4  0.15108E+12 -0.10000E+01  0.20327E+10  0.40000E+09  60.5
 115  1.00  112.3  100.00  0.19677E+10 341.1  -1.0 110.0  87.4  0.15311E+12 -0.10000E+01  0.20321E+10  0.40000E+09  60.2
 116  1.00  112.0  100.00  0.19676E+10 340.4  -1.0 110.0  87.4  0.15516E+12 -0.10000E+01  0.20315E+10  0.40000E+09  60.0
 117  1.00  111.7  100.00  0.19675E+10 339.7  -1.0 110.0  87.3  0.15721E+12 -0.10000E+01  0.20309E+10  0.40000E+09  59.8
 118  1.00  111.3  100.00  0.19674E+10 339.0  -1.0 110.0  87.3  0.15928E+12 -0.10000E+01  0.20303E+10  0.40000E+09  59.5
 119  1.00  111.0  100.00  0.19673E+10 338.3  -1.0 110.0  87.3  0.16137E+12 -0.10000E+01  0.20298E+10  0.40000E+09  59.3
 120  1.00  110.7  100.00  0.19672E+10 337.6  -1.0 110.0  87.3  0.16346E+12 -0.10000E+01  0.20292E+10  0.40000E+09  59.0
 121  1.00  110.4  100.00  0.19672E+10 336.9  -1.0 110.0  87.2  0.16557E+12 -0.10000E+01  0.20286E+10  0.40000E+09  58.8
 122  1.00  110.1  100.00  0.19671E+10 336.3  -1.0 110.0  87.2  0.16770E+12 -0.10000E+01  0.20280E+10  0.40000E+09  58.5
 123  1.00  109.8  100.00  0.19671E+10 335.6  -1.0 110.0  87.2  0.16983E+12 -0.10000E+01  0.20274E+10  0.40000E+09  58.2
 124  1.00  109.5  100.00  0.19670E+10 334.9  -1.0 110.0  87.1  0.17199E+12 -0.10000E+01  0.20268E+10  0.40000E+09  57.9
 125  1.00  109.3  100.00  0.19670E+10 334.2  -1.0 110.0  87.1  0.17415E+12 -0.10000E+01  0.20262E+10  0.40000E+09  57.6
 126  1.00  109.0  100.00  0.19670E+10 333.5  -1.0 110.0  87.1  0.17633E+12 -0.10000E+01  0.20257E+10  0.40000E+09  57.3
 127  1.00  108.7  100.00  0.19670E+10 332.8  -1.0 110.0  87.0  0.17852E+12 -0.10000E+01  0.20251E+10  0.40000E+09  57.0
 128  1.00  108.4  100.00  0.19670E+10 332.2  -1.0 110.0  87.0  0.18072E+12 -0.10000E+01  0.20245E+10  0.40000E+09  56.6
 129  1.00  108.2  100.00  0.19670E+10 331.5  -1.0 110.0  87.0  0.18294E+12 -0.10000E+01  0.20239E+10  0.40000E+09  56.3
 130  1.00  107.9  100.00  0.19670E+10 330.8  -1.0 110.0  86.9  0.18518E+12 -0.10000E+01  0.20233E+10  0.40000E+09  56.0
 131  1.00  107.7  100.00  0.19670E+10 330.1  -1.0 110.0  86.9  0.18742E+12 -0.10000E+01  0.20227E+10  0.40000E+09  55.6
 132  1.00  107.4  100.00  0.19670E+10 329.5  -1.0 110.0  86.9  0.18968E+12 -0.10000E+01  0.20222E+10  0.40000E+09  55.2
 133  1.00  107.2  100.00  0.19670E+10 328.8  -1.0 110.0  86.8  0.19195E+12 -0.10000E+01  0.20216E+10  0.40000E+09  54.9
 134  1.00  106.9  100.00  0.19670E+10 328.1  -1.0 110.0  86.8  0.19424E+12 -0.10000E+01  0.20210E+10  0.40000E+09  54.5
 135  1.00  106.7  100.00  0.19670E+10 327.4  -1.0 110.0  86.7  0.19654E+12 -0.10000E+01  0.20204E+10  0.40000E+09  54.1
 136  1.00  106.5  100.00  0.19670E+10 327.0  -1.0 110.0  86.7  0.19805E+12 -0.10000E+01  0.20198E+10  0.40000E+09  53.7
 137  1.00  106.3  100.00  0.19670E+10 326.6  -1.0 110.0  86.7  0.19957E+12 -0.10000E+01  0.20192E+10  0.40000E+09  53.3
 138  1.00  106.0  100.00  0.19670E+10 326.2  -1.0 110.0  86.6  0.20109E+12 -0.10000E+01  0.20186E+10  0.40000E+09  52.9
 139  1.00  105.8  100.00  0.19670E+10 325.8  -1.0 110.0  86.6  0.20262E+12 -0.10000E+01  0.20180E+10  0.40000E+09  52.5
 140  1.00  105.6  100.00  0.19670E+10 325.4  -1.0 110.0  86.5  0.20416E+12 -0.10000E+01  0.20173E+10  0.40000E+09  52.0
 141  1.00  105.4  100.00  0.19670E+10 325.0  -1.0 110.0  86.5  0.20570E+12 -0.10000E+01  0.20167E+10  0.40000E+09  51.6
 142  1.00  105.3  100.00  0.19669E+10 324.6  -1.0 110.0  86.4  0.20725E+12 -0.10000E+01  0.20161E+10  0.40000E+09  51.2
 143  1.00  105.1  100.00  0.19669E+10 324.2  -1.0 110.0  86.4  0.20880E+12 -0.10000E+01  0.20155E+10  0.40000E+09  50.8
 144  1.00  104.9  100.00  0.19669E+10 323.8  -1.0 110.0  86.4  0.21036E+12 -0.10000E+01  0.20149E+10  0.40000E+09  50.3
 145  1.00  104.7  100.00  0.19668E+10 323.4  -1.0 110.0  86.3  0.21192E+12 -0.10000E+01  0.20143E+10  0.40000E+09  49.9
 146  1.00  104.6  100.00  0.19667E+10 323.0  -1.0 110.0  86.3  0.21349E+12 -0.10000E+01  0.20137E+10  0.40000E+09  49.5
 147  1.00  104.4  100.00  0.19667E+10 322.6  -1.0 110.0  86.2  0.21507E+12 -0.10000E+01  0.20131E+10  0.40000E+09  49.0
 148  1.00  104.3  100.00  0.19819E+10 322.2  -1.0 110.0  86.2  0.21665E+12 -0.10000E+01  0.20287E+10  0.40000E+09  48.6
 149  1.00  104.1  100.00  0.20133E+10 321.8  -1.0 110.0  86.1  0.21824E+12 -0.10000E+01  0.20617E+10  0.40000E+09  48.2
 150  1.00  104.0  100.00  0.20441E+10 321.3  -1.0 110.0  86.1  0.21983E+12 -0.10000E+01  0.20939E+10  0.40000E+09  47.8
 151  1.00  103.8  100.00  0.20746E+10 320.9  -1.0 110.0  86.1  0.22143E+12 -0.10000E+01  0.21258E+10  0.40000E+09  47.3
 152  1.00  103.7  100.00  0.21045E+10 320.4  -1.0 110.0  86.0  0.22304E+12 -0.10000E+01  0.21570E+10  0.40000E+09  46.9
 153  1.00  103.6  100.00  0.21336E+10 320.0  -1.0 110.0  86.0  0.22465E+12 -0.10000E+01  0.21874E+10  0.40000E+09  46.5
 154  1.00  103.5  100.00  0.21617E+10 319.6  -1.0 110.0  86.0  0.22626E+12 -0.10000E+01  0.22168E+10  0.40000E+09  46.2
 155  1.00  103.4  100.00  0.21890E+10 319.1  -1.0 110.0  85.9  0.22789E+12 -0.10000E+01  0.22453E+10  0.40000E+09  45.8
 156  1.00  103.3  100.00  0.22150E+10 318.7  -1.0 110.0  85.9  0.22951E+12 -0.10000E+01  0.22725E+10  0.40000E+09  45.4
 157  1.00  103.2  100.00  0.22398E+10 318.3  -1.0 110.0  85.9  0.23115E+12 -0.10000E+01  0.22983E+10  0.40000E+09  45.1
 158  1.00  103.1  100.00  0.22631E+10 317.9  -1.0 110.0  85.8  0.23279E+12 -0.10000E+01  0.23226E+10  0.40000E+09  44.7
 159  1.00  103.0  100.00  0.22850E+10 317.5  -1.0 110.0  85.8  0.23443E+12 -0.10000E+01  0.23454E+10  0.40000E+09  44.4
 160  1.00  103.0  100.00  0.23053E+10 317.0  -1.0 110.0  85.8  0.23608E+12 -0.10000E+01  0.23666E+10  0.40000E+09  44.1
 161  1.00  102.9  100.00  0.23238E+10 316.6  -1.0 110.0  85.8  0.23774E+12 -0.10000E+01  0.23859E+10  0.40000E+09  43.9
 162  1.00  102.8  100.00  0.23406E+10 316.2  -1.0 110.0  85.7  0.23940E+12 -0.10000E+01  0.24035E+10  0.40000E+09  43.6
 163  1.00  102.8  100.00  0.23555E+10 315.8  -1.0 110.0  85.7  0.24107E+12 -0.10000E+01  0.24190E+10  0.40000E+09  43.4
 164  1.00  102.8  100.00  0.23684E+10 315.4  -1.0 110.0  85.7  0.24275E+12 -0.10000E+01  0.24324E+10  0.40000E+09  43.2
 165  1.00  102.7  100.00  0.23794E+10 315.0  -1.0 110.0  85.7  0.24443E+12 -0.10000E+01  0.24439E+10  0.40000E+09  43.1
 166  1.00  102.7  100.00  0.23882E+10 314.6  -1.0 110.0  85.7  0.24611E+12 -0.10000E+01  0.24531E+10  0.40000E+09  42.9
 167  1.00  102.7  100.00  0.23950E+10 314.5  -1.0 110.0  85.7  0.24464E+12 -0.10000E+01  0.24602E+10  0.40000E+09  42.8
 168  1.00  102.7  100.00  0.23996E+10 314.5  -1.0 110.0  85.7  0.24317E+12 -0.10000E+01  0.24650E+10  0.40000E+09  42.8
 169  1.00  102.6  100.00  0.24022E+10 314.4  -1.0 110.0  85.7  0.24170E+12 -0.10000E+01  0.24677E+10  0.40000E+09  42.7
 170  1.00  102.6  100.00  0.24024E+10 314.4  -1.0 110.0  85.7  0.24024E+12 -0.10000E+01  0.24680E+10  0.40000E+09  42.7
 171  1.00  102.6  100.00  0.24005E+10 314.3  -1.0 110.0  85.7  0.23879E+12 -0.10000E+01  0.24661E+10  0.40000E+09  42.7
 172  1.00  102.7  100.00  0.23967E+10 314.3  -1.0 110.0  85.7  0.23733E+12 -0.10000E+01  0.24621E+10  0.40000E+09  42.8
 173  1.00  102.7  100.00  0.23907E+10 314.2  -1.0 110.0  85.7  0.23589E+12 -0.10000E+01  0.24559E+10  0.40000E+09  42.9
 174  1.00  102.7  100.00  0.23825E+10 314.2  -1.0 110.0  85.7  0.23444E+12 -0.10000E+01  0.24474E+10  0.40000E+09  43.0
 175  1.00  102.7  100.00  0.23724E+10 314.2  -1.0 110.0  85.7  0.23300E+12 -0.10000E+01  0.24369E+10  0.40000E+09  43.2
 176  1.00  102.8  100.00  0.23601E+10 314.1  -1.0 110.0  85.7  0.23157E+12 -0.10000E+01  0.24242E+10  0.40000E+09  43.4
 177  1.00  102.8  100.00  0.23461E+10 314.1  -1.0 110.0  85.8  0.23014E+12 -0.10000E+01  0.24096E+10  0.40000E+09  43.6
 178  1.00  102.9  100.00  0.23303E+10 314.1  -1.0 110.0  85.8  0.22871E+12 -0.10000E+01  0.23933E+10  0.40000E+09  43.8
 179  1.00  102.9  100.00  0.23127E+10 314.0  -1.0 110.0  85.8  0.22729E+12 -0.10000E+01  0.23749E+10  0.40000E+09  44.1
 180  1.00  103.0  100.00  0.22934E+10 314.0  -1.0 110.0  85.8  0.22588E+12 -0.10000E+01  0.23549E+10  0.40000E+09  44.4
 181  1.00  103.1  100.00  0.22724E+10 314.0  -1.0 110.0  85.9  0.22446E+12 -0.10000E+01  0.23330E+10  0.40000E+09  44.7
 182  1.00  103.1  100.00  0.22503E+10 314.0  -1.0 110.0  85.9  0.22306E+12 -0.10000E+01  0.23100E+10  0.40000E+09  45.1
 183  1.00  103.2  100.00  0.22266E+10 314.0  -1.0 110.0  85.9  0.22165E+12 -0.10000E+01  0.22853E+10  0.40000E+09  45.4
 184  1.00  103.3  100.00  0.22017E+10 313.9  -1.0 110.0  86.0  0.22025E+12 -0.10000E+01  0.22594E+10  0.40000E+09  45.8
 185  1.00  103.4  100.00  0.21758E+10 313.9  -1.0 110.0  86.0  0.21886E+12 -0.10000E+01  0.22323E+10  0.40000E+09  46.2
 186  1.00  103.5  100.00  0.21488E+10 313.9  -1.0 110.0  86.0  0.21747E+12 -0.10000E+01  0.22042E+10  0.40000E+09  46.6
 187  1.00  103.6  100.00  0.21208E+10 313.9  -1.0 110.0  86.1  0.21608E+12 -0.10000E+01  0.21750E+10  0.40000E+09  47.0
 188  1.00  103.7  100.00  0.20923E+10 313.9  -1.0 110.0  86.1  0.21470E+12 -0.10000E+01  0.21451E+10  0.40000E+09  47.4
 189  1.00  103.8  100.00  0.20630E+10 313.9  -1.0 110.0  86.1  0.21333E+12 -0.10000E+01  0.21145E+10  0.40000E+09  47.8
 190  1.00  104.0  100.00  0.20331E+10 313.9  -1.0 110.0  86.2  0.21195E+12 -0.10000E+01  0.20833E+10  0.40000E+09  48.3
 191  1.00  104.1  100.00  0.20030E+10 313.9  -1.0 110.0  86.2  0.21059E+12 -0.10000E+01  0.20518E+10  0.40000E+09  48.7
 192  1.00  104.2  100.00  0.19725E+10 313.9  -1.0 110.0  86.3  0.20922E+12 -0.10000E+01  0.20199E+10  0.40000E+09  49.2
 193  1.00  104.4  100.00  0.19420E+10 313.8  -1.0 110.0  86.3  0.20786E+12 -0.10000E+01  0.19879E+10  0.40000E+09  49.6
 194  1.00  104.5  100.00  0.19376E+10 313.8  -1.0 110.0  86.4  0.20651E+12 -0.10000E+01  0.19838E+10  0.40000E+09  50.0
 195  1.00  104.7  100.00  0.19365E+10 313.8  -1.0 110.0  86.4  0.20516E+12 -0.10000E+01  0.19832E+10  0.40000E+09  50.5
 196  1.00  104.9  100.00  0.19354E+10 313.7  -1.0 110.0  86.4  0.20381E+12 -0.10000E+01  0.19826E+10  0.40000E+09  50.9
 197  1.00  105.0  100.00  0.19344E+10 314.0  -1.0 110.0  86.5  0.20189E+12 -0.10000E+01  0.19820E+10  0.40000E+09  51.4
 198  1.00  105.2  100.00  0.19334E+10 314.3  -1.0 110.0  86.5  0.19999E+12 -0.10000E+01  0.19815E+10  0.40000E+09  51.8
 199  1.00  105.4  100.00  0.19324E+10 314.6  -1.0 110.0  86.6  0.19809E+12 -0.10000E+01  0.19810E+10  0.40000E+09  52.2
 200  1.00  105.6  100.00  0.19314E+10 314.8  -1.0 110.0  86.6  0.19620E+12 -0.10000E+01  0.19805E+10  0.40000E+09  52.6
 201  1.00  105.7  100.00  0.19304E+10 315.1  -1.0 110.0  86.7  0.19432E+12 -0.10000E+01  0.19800E+10  0.40000E+09  53.1
 202  1.00  105.9  100.00  0.19294E+10 315.4  -1.0 110.0  86.7  0.19244E+12 -0.10000E+01  0.19795E+10  0.40000E+09  53.5
 203  1.00  106.1  100.00  0.19284E+10 315.7  -1.0 110.0  86.7  0.19058E+12 -0.10000E+01  0.19790E+10  0.40000E+09  53.9
 204  1.00  106.3  100.00  0.19274E+10 316.0  -1.0 110.0  86.8  0.18873E+12 -0.10000E+01  0.19784E+10  0.40000E+09  54.2
 205  1.00  106.6  100.00  0.19264E+10 316.2  -1.0 110.0  86.8  0.18688E+12 -0.10000E+01  0.19779E+10  0.40000E+09  54.6
 206  1.00  106.8  100.00  0.19255E+10 316.5  -1.0 110.0  86.8  0.18504E+12 -0.10000E+01  0.19774E+10  0.40000E+09  55.0
 207  1.00  107.0  100.00  0.19245E+10 316.8  -1.0 110.0  86.9  0.18322E+12 -0.10000E+01  0.19769E+10  0.40000E+09  55.4
 208  1.00  107.2  100.00  0.19235E+10 317.1  -1.0 110.0  86.9  0.18140E+12 -0.10000E+01  0.19764E+10  0.40000E+09  55.7
 209  1.00  107.5  100.00  0.19225E+10 317.4  -1.0 110.0  87.0  0.17959E+12 -0.10000E+01  0.19759E+10  0.40000E+09  56.1
 210  1.00  107.7  100.00  0.19216E+10 317.7  -1.0 110.0  87.0  0.17779E+12 -0.10000E+01  0.19754E+10  0.40000E+09  56.4
 211  1.00  107.9  100.00  0.19206E+10 317.9  -1.0 110.0  87.0  0.17600E+12 -0.10000E+01  0.19748E+10  0.40000E+09  56.7
 212  1.00  108.2  100.00  0.19197E+10 318.2  -1.0 110.0  87.1  0.17422E+12 -0.10000E+01  0.19743E+10  0.40000E+09  57.0
 213  1.00  108.4  100.00  0.19188E+10 318.5  -1.0 110.0  87.1  0.17245E+12 -0.10000E+01  0.19738E+10  0.40000E+09  57.3
 214  1.00  108.7  100.00  0.19178E+10 318.8  -1.0 110.0  87.1  0.17068E+12 -0.10000E+01  0.19733E+10  0.40000E+09  57.6
 215  1.00  108.9  100.00  0.19169E+10 319.1  -1.0 110.0  87.1  0.16893E+12 -0.10000E+01  0.19728E+10  0.40000E+09  57.9
 216  1.00  109.2  100.00  0.19160E+10 319.3  -1.0 110.0  87.2  0.16718E+12 -0.10000E+01  0.19723E+10  0.40000E+09  58.2
 217  1.00  109.5  100.00  0.19151E+10 319.6  -1.0 110.0  87.2  0.16545E+12 -0.10000E+01  0.19718E+10  0.40000E+09  58.4
 218  1.00  109.7  100.00  0.19143E+10 319.9  -1.0 110.0  87.2  0.16372E+12 -0.10000E+01  0.19712E+10  0.40000E+09  58.7
 219  1.00  110.0  100.00  0.19134E+10 320.2  -1.0 110.0  87.3  0.16200E+12 -0.10000E+01  0.19707E+10  0.40000E+09  58.9
 220  1.00  110.3  100.00  0.19125E+10 320.5  -1.0 110.0  87.3  0.16029E+12 -0.10000E+01  0.19702E+10  0.40000E+09  59.2
 221  1.00  110.6  100.00  0.19117E+10 320.8  -1.0 110.0  87.3  0.15859E+12 -0.10000E+01  0.19697E+10  0.40000E+09  59.4
 222  1.00  110.9  100.00  0.19109E+10 321.0  -1.0 110.0  87.3  0.15690E+12 -0.10000E+01  0.19692E+10  0.40000E+09  59.6
 223  1.00  111.2  100.00  0.19100E+10 321.3  -1.0 110.0  87.4  0.15522E+12 -0.10000E+01  0.19687E+10  0.40000E+09  59.8
 224  1.00  111.4  100.00  0.19092E+10 321.6  -1.0 110.0  87.4  0.15355E+12 -0.10000E+01  0.19682E+10  0.40000E+09  60.0
 225  1.00  111.7  100.00  0.19084E+10 321.9  -1.0 110.0  87.4  0.15188E+12 -0.10000E+01  0.19676E+10  0.40000E+09  60.2
 226  1.00  112.0  100.00  0.19076E+10 322.2  -1.0 110.0  87.4  0.15023E+12 -0.10000E+01  0.19671E+10  0.40000E+09  60.4
 227  1.00  112.3  100.00  0.19068E+10 322.4  -1.0 110.0  87.4  0.14858E+12 -0.10000E+01  0.19666E+10  0.40000E+09  60.6
 228  1.00  112.7  100.00  0.19061E+10 322.9  -1.0 110.0  87.5  0.14752E+12 -0.10000E+01  0.19662E+10  0.40000E+09  60.8
 229  1.00  113.0  100.00  0.19054E+10 323.4  -1.0 110.0  87.5  0.14647E+12 -0.10000E+01  0.19658E+10  0.40000E+09  60.9
 230  1.00  113.3  100.00  0.19048E+10 323.8  -1.0 110.0  87.5  0.14542E+12 -0.10000E+01  0.19654E+10  0.40000E+09  61.1
 231  1.00  113.6  100.00  0.19041E+10 324.3  -1.0 110.0  87.5  0.14437E+12 -0.10000E+01  0.19649E+10  0.40000E+09  61.3
 232  1.00  113.9  100.00  0.19035E+10 324.8  -1.0 110.0  87.5  0.14333E+12 -0.10000E+01  0.19645E+10  0.40000E+09  61.4
 233  1.00  114.2  100.00  0.19028E+10 325.3  -1.0 110.0  87.5  0.14229E+12 -0.10000E+01  0.19641E+10  0.40000E+09  61.6
 234  1.00  114.6  100.00  0.19022E+10 325.7  -1.0 110.0  87.6  0.14126E+12 -0.10000E+01  0.19637E+10  0.40000E+09  61.7
 235  1.00  114.9  100.00  0.19015E+10 326.2  -1.0 110.0  87.6  0.14022E+12 -0.10000E+01  0.19633E+10  0.40000E+09  61.8
 236  1.00  115.2  100.00  0.19009E+10 326.7  -1.0 110.0  87.6  0.13920E+12 -0.10000E+01  0.19628E+10  0.40000E+09  61.9
 237  1.00  115.5  100.00  0.19003E+10 327.1  -1.0 110.0  87.6  0.13817E+12 -0.10000E+01  0.19624E+10  0.40000E+09  62.1
 238  1.00  115.9  100.00  0.18997E+10 327.6  -1.0 110.0  87.6  0.13715E+12 -0.10000E+01  0.19620E+10  0.40000E+09  62.2
 239  1.00  116.2  100.00  0.18991E+10 328.1  -1.0 110.0  87.6  0.13614E+12 -0.10000E+01  0.19616E+10  0.40000E+09  62.3
 240  1.00  116.5  100.00  0.18985E+10 328.6  -1.0 110.0  87.6  0.13512E+12 -0.10000E+01  0.19612E+10  0.40000E+09  62.4
 241  1.00  116.9  100.00  0.18979E+10 329.0  -1.0 110.0  87.6  0.13411E+12 -0.10000E+01  0.19607E+10  0.40000E+09  62.5
 242  1.00  117.2  100.00  0.18974E+10 329.5  -1.0 110.0  87.7  0.13311E+12 -0.10000E+01  0.19603E+10  0.40000E+09  62.6
 243  1.00  117.6  100.00  0.18968E+10 330.0  -1.0 110.0  87.7  0.13211E+12 -0.10000E+01  0.19599E+10  0.40000E+09  62.7
 244  1.00  117.9  100.00  0.18962E+10 330.5  -1.0 110.0  87.7  0.13111E+12 -0.10000E+01  0.19595E+10  0.40000E+09  62.8
 245  1.00  118.2  100.00  0.18957E+10 331.0  -1.0 110.0  87.7  0.13012E+12 -0.10000E+01  0.19591E+10  0.40000E+09  62.9
 246  1.00  118.6  100.00  0.18951E+10 331.4  -1.0 110.0  87.7  0.12913E+12 -0.10000E+01  0.19586E+10  0.40000E+09  63.0
 247  1.00  118.9  100.00  0.18946E+10 331.9  -1.0 110.0  87.7  0.12814E+12 -0.10000E+01  0.19582E+10  0.40000E+09  63.1
 248  1.00  119.3  100.00  0.18940E+10 332.4  -1.0 110.0  87.7  0.12716E+12 -0.10000E+01  0.19578E+10  0.40000E+09  63.1
 249  1.00  119.6  100.00  0.18935E+10 332.9  -1.0 110.0  87.7  0.12618E+12 -0.10000E+01  0.19574E+10  0.40000E+09  63.2
 250  1.00  120.0  100.00  0.18930E+10 333.4  -1.0 110.0  87.7  0.12521E+12 -0.10000E+01  0.19570E+10  0.40000E+09  63.3
 251  1.00  120.3  100.00  0.18925E+10 333.8  -1.0 110.0  87.7  0.12423E+12 -0.10000E+01  0.19565E+10  0.40000E+09  63.4
 252  1.00  120.7  100.00  0.18919E+10 334.3  -1.0 110.0  87.7  0.12327E+12 -0.10000E+01  0.19561E+10  0.40000E+09  63.4
 253  1.00  121.1  100.00  0.18914E+10 334.8  -1.0 110.0  87.8  0.12230E+12 -0.10000E+01  0.19557E+10  0.40000E+09  63.5
 254  1.00  121.4  100.00  0.18909E+10 335.3  -1.0 110.0  87.8  0.12134E+12 -0.10000E+01  0.19553E+10  0.40000E+09  63.6
 255  1.00  121.8  100.00  0.18904E+10 335.8  -1.0 110.0  87.8  0.12039E+12 -0.10000E+01  0.19549E+10  0.40000E+09  63.6
 256  1.00  122.1  100.00  0.18899E+10 336.3  -1.0 110.0  87.8  0.11944E+12 -0.10000E+01  0.19544E+10  0.40000E+09  63.7
 257  1.00  122.5  100.00  0.18894E+10 336.7  -1.0 110.0  87.8  0.11849E+12 -0.10000E+01  0.19540E+10  0.40000E+09  63.7
 258  1.00  122.8  100.00  0.18889E+10 337.2  -1.0 110.0  87.8  0.11754E+12 -0.10000E+01  0.19536E+10  0.40000E+09  63.8
 259  1.00  123.2  100.00  0.18885E+10 337.2  -1.0 110.0  87.8  0.11720E+12 -0.10000E+01  0.19533E+10  0.40000E+09  63.8
 260  1.00  123.6  100.00  0.18881E+10 337.2  -1.0 110.0  87.8  0.11685E+12 -0.10000E+01  0.19529E+10  0.40000E+09  63.9
 261  1.00  123.9  100.00  0.18877E+10 337.2  -1.0 110.0  87.8  0.11650E+12 -0.10000E+01  0.19526E+10  0.40000E+09  63.9
 262  1.00  124.3  100.00  0.18873E+10 337.2  -1.0 110.0  87.8  0.11616E+12 -0.10000E+01  0.19522E+10  0.40000E+09  64.0
 263  1.00  124.6  100.00  0.18869E+10 337.1  -1.0 110.0  87.8  0.11581E+12 -0.10000E+01  0.19519E+10  0.40000E+09  64.0
 264  1.00  125.0  100.00  0.18865E+10 337.1  -1.0 110.0  87.8  0.11547E+12 -0.10000E+01  0.19516E+10  0.40000E+09  64.1
 265  1.00  125.4  100.00  0.18861E+10 337.1  -1.0 110.0  87.8  0.11512E+12 -0.10000E+01  0.19512E+10  0.40000E+09  64.1
 266  1.00  125.7  100.00  0.18857E+10 337.1  -1.0 110.0  87.8  0.11478E+12 -0.10000E+01  0.19509E+10  0.40000E+09  64.2
 267  1.00  126.1  100.00  0.18853E+10 337.1  -1.0 110.0  87.8  0.11444E+12 -0.10000E+01  0.19506E+10  0.40000E+09  64.2
 268  1.00  126.5  100.00  0.18849E+10 337.0  -1.0 110.0  87.8  0.11410E+12 -0.10000E+01  0.19502E+10  0.40000E+09  64.3
 269  1.00  126.8  100.00  0.18845E+10 337.0  -1.0 110.0  87.8  0.11375E+12 -0.10000E+01  0.19499E+10  0.40000E+09  64.3
 270  1.00  127.2  100.00  0.18841E+10 337.0  -1.0 110.0  87.9  0.11341E+12 -0.10000E+01  0.19496E+10  0.40000E+09  64.3
 271  1.00  127.5  100.00  0.18837E+10 337.0  -1.0 110.0  87.9  0.11307E+12 -0.10000E+01  0.19492E+10  0.40000E+09  64.4
 272  1.00  127.9  100.00  0.18833E+10 337.0  -1.0 110.0  87.9  0.11273E+12 -0.10000E+01  0.19489E+10  0.40000E+09  64.4
 273  1.00  128.3  100.00  0.18830E+10 336.9  -1.0 110.0  87.9  0.11239E+12 -0.10000E+01  0.19485E+10  0.40000E+09  64.4
 274  1.00  128.6  100.00  0.18826E+10 336.9  -1.0 110.0  87.9  0.11205E+12 -0.10000E+01  0.19482E+10  0.40000E+09  64.5
 275  1.00  129.0  100.00  0.18822E+10 336.9  -1.0 110.0  87.9  0.11172E+12 -0.10000E+01  0.19479E+10  0.40000E+09  64.5
 276  1.00  129.3  100.00  0.18819E+10 336.9  -1.0 110.0  87.9  0.11138E+12 -0.10000E+01  0.19475E+10  0.40000E+09  64.5
 277  1.00  129.7  100.00  0.18815E+10 336.9  -1.0 110.0  87.9  0.11104E+12 -0.10000E+01  0.19472E+10  0.40000E+09  64.6
 278  1.00  130.0  100.00  0.18811E+10 336.8  -1.0 110.0  87.9  0.11070E+12 -0.10000E+01  0.19469E+10  0.40000E+09  64.6
 279  1.00  130.4  100.00  0.18807E+10 336.8  -1.0 110.0  87.9  0.11037E+12 -0.10000E+01  0.19465E+10  0.40000E+09  64.6
 280  1.00  130.7  100.00  0.18804E+10 336.8  -1.0 110.0  87.9  0.11003E+12 -0.10000E+01  0.19462E+10  0.40000E+09  64.6
 281  1.00  131.1  100.00  0.18800E+10 336.8  -1.0 110.0  87.9  0.10969E+12 -0.10000E+01  0.19458E+10  0.40000E+09  64.7
 282  1.00  131.4  100.00  0.18797E+10 336.8  -1.0 110.0  87.9  0.10936E+12 -0.10000E+01  0.19455E+10  0.40000E+09  64.7
 283  1.00  131.8  100.00  0.18793E+10 336.7  -1.0 110.0  87.9  0.10902E+12 -0.10000E+01  0.19452E+10  0.40000E+09  64.7
 284  1.00  132.1  100.00  0.18789E+10 336.7  -1.0 110.0  87.9  0.10869E+12 -0.10000E+01  0.19448E+10  0.40000E+09  64.7
 285  1.00  132.5  100.00  0.18786E+10 336.7  -1.0 110.0  87.9  0.10836E+12 -0.10000E+01  0.19445E+10  0.40000E+09  64.8
 286  1.00  132.8  100.00  0.18782E+10 336.7  -1.0 110.0  87.9  0.10802E+12 -0.10000E+01  0.19442E+10  0.40000E+09  64.8
 287  1.00  133.2  100.00  0.18779E+10 336.7  -1.0 110.0  87.9  0.10769E+12 -0.10000E+01  0.19438E+10  0.40000E+09  64.8
 288  1.00  133.5  100.00  0.18775E+10 336.6  -1.0 110.0  87.9  0.10736E+12 -0.10000E+01  0.19435E+10  0.40000E+09  64.8
 289  1.00  133.9  100.00  0.18772E+10 336.4  -1.0 110.0  87.9  0.10673E+12 -0.10000E+01  0.19432E+10  0.40000E+09  64.8
 290  1.00  134.2  100.00  0.18769E+10 336.1  -1.0 110.0  87.9  0.10610E+12 -0.10000E+01  0.19429E+10  0.40000E+09  64.9
 291  1.00  134.5  100.00  0.18766E+10 335.8  -1.0 110.0  87.9  0.10547E+12 -0.10000E+01  0.19427E+10  0.40000E+09  64.9
 292  1.00  134.9  100.00  0.18763E+10 335.5  -1.0 110.0  87.9  0.10485E+12 -0.10000E+01  0.19424E+10  0.40000E+09  64.9
 293  1.00  135.2  100.00  0.18761E+10 335.2  -1.0 110.0  87.9  0.10423E+12 -0.10000E+01  0.19421E+10  0.40000E+09  64.9
 294  1.00  135.5  100.00  0.18758E+10 334.9  -1.0 110.0  87.9  0.10361E+12 -0.10000E+01  0.19418E+10  0.40000E+09  64.9
 295  1.00  135.9  100.00  0.18755E+10 334.7  -1.0 110.0  87.9  0.10299E+12 -0.10000E+01  0.19415E+10  0.40000E+09  65.0
 296  1.00  136.2  100.00  0.18752E+10 334.4  -1.0 110.0  87.9  0.10237E+12 -0.10000E+01  0.19413E+10  0.40000E+09  65.0
 297  1.00  136.5  100.00  0.18749E+10 334.1  -1.0 110.0  87.9  0.10175E+12 -0.10000E+01  0.19410E+10  0.40000E+09  65.0
 298  1.00  136.8  100.00  0.18746E+10 333.8  -1.0 110.0  87.9  0.10114E+12 -0.10000E+01  0.19407E+10  0.40000E+09  65.0
 299  1.00  137.1  100.00  0.18743E+10 333.5  -1.0 110.0  87.9  0.10053E+12 -0.10000E+01  0.19404E+10  0.40000E+09  65.0
 300  1.00  137.5  100.00  0.18740E+10 333.3  -1.0 110.0  87.9  0.99920E+11 -0.10000E+01  0.19401E+10  0.40000E+09  65.0
 301  1.00  137.8  100.00  0.18738E+10 333.0  -1.0 110.0  87.9  0.99311E+11 -0.10000E+01  0.19399E+10  0.40000E+09  65.1
 302  1.00  138.1  100.00  0.18735E+10 332.7  -1.0 110.0  87.9  0.98705E+11 -0.10000E+01  0.19396E+10  0.40000E+09  65.1
 303  1.00  138.4  100.00  0.18732E+10 332.4  -1.0 110.0  87.9  0.98101E+11 -0.10000E+01  0.19393E+10  0.40000E+09  65.1
 304  1.00  138.7  100.00  0.18729E+10 332.1  -1.0 110.0  87.9  0.97499E+11 -0.10000E+01  0.19390E+10  0.40000E+09  65.1
 305  1.00  139.0  100.00  0.18726E+10 331.8  -1.0 110.0  87.9  0.96899E+11 -0.10000E+01  0.19387E+10  0.40000E+09  65.1
 306  1.00  139.3  100.00  0.18723E+10 331.6  -1.0 110.0  87.9  0.96300E+11 -0.10000E+01  0.19385E+10  0.40000E+09  65.1
 307  1.00  139.6  100.00  0.18721E+10 331.3  -1.0 110.0  87.9  0.95703E+11 -0.10000E+01  0.19382E+10  0.40000E+09  65.1
 308  1.00  139.9  100.00  0.18718E+10 331.0  -1.0 110.0  87.9  0.95108E+11 -0.10000E+01  0.19379E+10  0.40000E+09  65.1
 309  1.00  140.2  100.00  0.18715E+10 330.7  -1.0 110.0  88.0  0.94515E+11 -0.10000E+01  0.19376E+10  0.40000E+09  65.2
 310  1.00  140.4  100.00  0.18712E+10 330.4  -1.0 110.0  88.0  0.93924E+11 -0.10000E+01  0.19374E+10  0.40000E+09  65.2
 311  1.00  140.7  100.00  0.18710E+10 330.2  -1.0 110.0  88.0  0.93335E+11 -0.10000E+01  0.19371E+10  0.40000E+09  65.2
 312  1.00  141.0  100.00  0.18707E+10 329.9  -1.0 110.0  88.0  0.92747E+11 -0.10000E+01  0.19368E+10  0.40000E+09  65.2
 313  1.00  141.3  100.00  0.18704E+10 329.6  -1.0 110.0  88.0  0.92162E+11 -0.10000E+01  0.19365E+10  0.40000E+09  65.2
 314  1.00  141.5  100.00  0.18701E+10 329.3  -1.0 110.0  88.0  0.91578E+11 -0.10000E+01  0.19362E+10  0.40000E+09  65.2
 315  1.00  141.8  100.00  0.18699E+10 329.0  -1.0 110.0  88.0  0.90996E+11 -0.10000E+01  0.19360E+10  0.40000E+09  65.2
 316  1.00  142.1  100.00  0.18696E+10 328.8  -1.0 110.0  88.0  0.90416E+11 -0.10000E+01  0.19357E+10  0.40000E+09  65.2
 317  1.00  142.3  100.00  0.18693E+10 328.5  -1.0 110.0  88.0  0.89838E+11 -0.10000E+01  0.19354E+10  0.40000E+09  65.2
 318  1.00  142.6  100.00  0.18690E+10 328.2  -1.0 110.0  88.0  0.89261E+11 -0.10000E+01  0.19351E+10  0.40000E+09  65.2
 319  1.00  142.8  100.00  0.18688E+10 327.9  -1.0 110.0  88.0  0.88687E+11 -0.10000E+01  0.19348E+10  0.40000E+09  65.2
 320  1.00  143.1  100.00  0.18684E+10 327.6  -1.0 110.0  88.0  0.88622E+11 -0.10000E+01  0.19345E+10  0.40000E+09  65.3
 321  1.00  143.3  100.00  0.18680E+10 327.3  -1.0 110.0  88.0  0.88556E+11 -0.10000E+01  0.19341E+10  0.40000E+09  65.3
 322  1.00  143.6  100.00  0.18677E+10 327.0  -1.0 110.0  88.0  0.88491E+11 -0.10000E+01  0.19337E+10  0.40000E+09  65.3
 323  1.00  143.8  100.00  0.18673E+10 326.7  -1.0 110.0  88.0  0.88426E+11 -0.10000E+01  0.19333E+10  0.40000E+09  65.3
 324  1.00  144.0  100.00  0.18669E+10 326.4  -1.0 110.0  88.0  0.88361E+11 -0.10000E+01  0.19329E+10  0.40000E+09  65.3
 325  1.00  144.2  100.00  0.18666E+10 326.1  -1.0 110.0  88.0  0.88296E+11 -0.10000E+01  0.19325E+10  0.40000E+09  65.3
 326  1.00  144.5  100.00  0.18662E+10 325.8  -1.0 110.0  88.0  0.88231E+11 -0.10000E+01  0.19322E+10  0.40000E+09  65.3
 327  1.00  144.7  100.00  0.18659E+10 325.5  -1.0 110.0  88.0  0.88166E+11 -0.10000E+01  0.19318E+10  0.40000E+09  65.3
 328  1.00  144.9  100.00  0.18655E+10 325.2  -1.0 110.0  88.0  0.88101E+11 -0.10000E+01  0.19314E+10  0.40000E+09  65.3
 329  1.00  145.1  100.00  0.18651E+10 324.9  -1.0 110.0  88.0  0.88036E+11 -0.10000E+01  0.19310E+10  0.40000E+09  65.3
 330  1.00  145.3  100.00  0.18648E+10 324.6  -1.0 110.0  88.0  0.87971E+11 -0.10000E+01  0.19306E+10  0.40000E+09  65.3
 331  1.00  145.5  100.00  0.18644E+10 324.3  -1.0 110.0  88.0  0.87906E+11 -0.10000E+01  0.19302E+10  0.40000E+09  65.3
 332  1.00  145.7  100.00  0.18641E+10 324.0  -1.0 110.0  88.0  0.87841E+11 -0.10000E+01  0.19298E+10  0.40000E+09  65.3
 333  1.00  145.9  100.00  0.18637E+10 323.7  -1.0 110.0  88.0  0.87776E+11 -0.10000E+01  0.19295E+10  0.40000E+09  65.3
 334  1.00  146.0  100.00  0.18633E+10 323.4  -1.0 110.0  88.0  0.87712E+11 -0.10000E+01  0.19291E+10  0.40000E+09  65.3
 335  1.00  146.2  100.00  0.18630E+10 323.1  -1.0 110.0  88.0  0.87647E+11 -0.10000E+01  0.19287E+10  0.40000E+09  65.3
 336  1.00  146.4  100.00  0.18626E+10 322.8  -1.0 110.0  88.0  0.87582E+11 -0.10000E+01  0.19283E+10  0.40000E+09  65.3
 337  1.00  146.5  100.00  0.18623E+10 322.5  -1.0 110.0  88.0  0.87517E+11 -0.10000E+01  0.19279E+10  0.40000E+09  65.4
 338  1.00  146.7  100.00  0.18619E+10 322.2  -1.0 110.0  88.0  0.87453E+11 -0.10000E+01  0.19275E+10  0.40000E+09  65.4
 339  1.00  146.8  100.00  0.18616E+10 322.0  -1.0 110.0  88.0  0.87388E+11 -0.10000E+01  0.19272E+10  0.40000E+09  65.4
 340  1.00  147.0  100.00  0.18612E+10 321.7  -1.0 110.0  88.0  0.87323E+11 -0.10000E+01  0.19268E+10  0.40000E+09  65.4
 341  1.00  147.1  100.00  0.18608E+10 321.4  -1.0 110.0  88.0  0.87258E+11 -0.10000E+01  0.19264E+10  0.40000E+09  65.4
 342  1.00  147.3  100.00  0.18605E+10 321.1  -1.0 110.0  88.0  0.87194E+11 -0.10000E+01  0.19260E+10  0.40000E+09  65.4
 343  1.00  147.4  100.00  0.18601E+10 320.8  -1.0 110.0  88.0  0.87129E+11 -0.10000E+01  0.19256E+10  0.40000E+09  65.4
 344  1.00  147.5  100.00  0.18598E+10 320.5  -1.0 110.0  88.0  0.87065E+11 -0.10000E+01  0.19252E+10  0.40000E+09  65.4
 345  1.00  147.6  100.00  0.18594E+10 320.2  -1.0 110.0  88.0  0.87000E+11 -0.10000E+01  0.19249E+10  0.40000E+09  65.4
 346  1.00  147.7  100.00  0.18591E+10 319.9  -1.0 110.0  88.0  0.86936E+11 -0.10000E+01  0.19245E+10  0.40000E+09  65.4
 347  1.00  147.8  100.00  0.18587E+10 319.6  -1.0 110.0  88.0  0.86871E+11 -0.10000E+01  0.19241E+10  0.40000E+09  65.4
 348  1.00  147.9  100.00  0.18584E+10 319.3  -1.0 110.0  88.0  0.86807E+11 -0.10000E+01  0.19237E+10  0.40000E+09  65.4
 349  1.00  148.0  100.00  0.18580E+10 319.0  -1.0 110.0  88.0  0.86742E+11 -0.10000E+01  0.19233E+10  0.40000E+09  65.4
 350  1.00  148.1  100.00  0.18577E+10 318.8  -1.0 110.0  88.0  0.86117E+11 -0.10000E+01  0.19230E+10  0.40000E+09  65.4
 351  1.00  148.1  100.00  0.18573E+10 318.6  -1.0 110.0  88.0  0.85494E+11 -0.10000E+01  0.19226E+10  0.40000E+09  65.4
 352  1.00  148.2  100.00  0.18570E+10 318.4  -1.0 110.0  88.0  0.84873E+11 -0.10000E+01  0.19222E+10  0.40000E+09  65.4
 353  1.00  148.2  100.00  0.18566E+10 318.1  -1.0 110.0  88.0  0.84254E+11 -0.10000E+01  0.19218E+10  0.40000E+09  65.4
 354  1.00  148.3  100.00  0.18563E+10 317.9  -1.0 110.0  88.0  0.83638E+11 -0.10000E+01  0.19215E+10  0.40000E+09  65.4
 355  1.00  148.3  100.00  0.18560E+10 317.7  -1.0 110.0  88.0  0.83024E+11 -0.10000E+01  0.19211E+10  0.40000E+09  65.4
 356  1.00  148.3  100.00  0.18556E+10 317.5  -1.0 110.0  88.0  0.82412E+11 -0.10000E+01  0.19207E+10  0.40000E+09  65.4
 357  1.00  148.4  100.00  0.18553E+10 317.3  -1.0 110.0  88.0  0.81802E+11 -0.10000E+01  0.19204E+10  0.40000E+09  65.4
 358  1.00  148.4  100.00  0.18550E+10 317.0  -1.0 110.0  88.0  0.81195E+11 -0.10000E+01  0.19200E+10  0.40000E+09  65.4
 359  1.00  148.4  100.00  0.18546E+10 316.8  -1.0 110.0  88.0  0.80590E+11 -0.10000E+01  0.19196E+10  0.40000E+09  65.4
 360  1.00  148.4  100.00  0.18543E+10 316.6  -1.0 110.0  88.0  0.79987E+11 -0.10000E+01  0.19192E+10  0.40000E+09  65.4
 361  1.00  148.4  100.00  0.18539E+10 316.4  -1.0 110.0  88.0  0.79387E+11 -0.10000E+01  0.19189E+10  0.40000E+09  65.4
 362  1.00  148.4  100.00  0.18536E+10 316.2  -1.0 110.0  88.0  0.78788E+11 -0.10000E+01  0.19185E+10  0.40000E+09  65.4
 363  1.00  148.3  100.00  0.18533E+10 315.9  -1.0 110.0  88.0  0.78192E+11 -0.10000E+01  0.19181E+10  0.40000E+09  65.4
 364  1.00  148.3  100.00  0.18529E+10 315.7  -1.0 110.0  88.0  0.77599E+11 -0.10000E+01  0.19178E+10  0.40000E+09  65.4
 365  1.00  148.3  100.00  0.18526E+10 315.5  -1.0 110.0  88.0  0.77007E+11 -0.10000E+01  0.19174E+10  0.40000E+09  65.4
