  64  0.00  132.7  100.00  0.19839E+10 337.8  -1.0 110.0  88.0  0.10279E+12 -0.10000E+01  0.20622E+10  0.40000E+09  65.3
  64  0.25  132.8  100.00  0.19841E+10 338.2  -1.0 110.0  88.0  0.10289E+12 -0.10000E+01  0.20622E+10  0.40000E+09  65.3
  64  0.50  132.6  100.00  0.19843E+10 338.5  -1.0 110.0  88.0  0.10320E+12 -0.10000E+01  0.20622E+10  0.40000E+09  65.2
  64  0.75  132.3  100.00  0.19846E+10 338.6  -1.0 110.0  87.9  0.10351E+12 -0.10000E+01  0.20622E+10  0.40000E+09  65.1
  64  1.00  131.8  100.00  0.19849E+10 338.7  -1.0 110.0  87.9  0.10363E+12 -0.10000E+01  0.20622E+10  0.40000E+09  64.9
  64  1.25  131.0  100.00  0.19854E+10 338.7  -1.0 110.0  87.9  0.10339E+12 -0.10000E+01  0.20622E+10  0.40000E+09  64.7
  64  1.50  130.1  100.00  0.19860E+10 338.7  -1.0 110.0  87.9  0.10263E+12 -0.10000E+01  0.20622E+10  0.40000E+09  64.5
  64  1.75  129.0  100.00  0.19867E+10 338.6  -1.0 110.0  87.8  0.10124E+12 -0.10000E+01  0.20622E+10  0.40000E+09  64.2
  64  2.00  127.8  100.00  0.19876E+10 338.4  -1.0 110.0  87.8  0.99177E+11 -0.10000E+01  0.20622E+10  0.40000E+09  63.9
  64  2.25  126.4  100.00  0.19887E+10 338.1  -1.0 110.0  87.7  0.96486E+11 -0.10000E+01  0.20622E+10  0.40000E+09  63.4
  64  2.50  124.9  100.00  0.19901E+10 337.5  -1.0 110.0  87.7  0.93276E+11 -0.10000E+01  0.20622E+10  0.40000E+09  62.8
  64  2.75  123.3  100.00  0.19918E+10 336.8  -1.0 110.0  87.6  0.89725E+11 -0.10000E+01  0.20622E+10  0.40000E+09  62.1
  64  3.00  121.6  100.00  0.19938E+10 335.7  -1.0 110.0  87.5  0.86064E+11 -0.10000E+01  0.20622E+10  0.40000E+09  61.2
  64  3.25  119.8  100.00  0.19963E+10 334.4  -1.0 110.0  87.3  0.82555E+11 -0.10000E+01  0.20622E+10  0.40000E+09  60.1
  64  3.50  117.9  100.00  0.19991E+10 332.6  -1.0 110.0  87.2  0.79465E+11 -0.10000E+01  0.20622E+10  0.40000E+09  58.8
  64  3.75  115.9  100.00  0.20023E+10 330.5  -1.0 110.0  87.0  0.77057E+11 -0.10000E+01  0.20622E+10  0.40000E+09  57.2
  64  4.00  113.8  100.00  0.20060E+10 327.9  -1.0 110.0  86.7  0.75569E+11 -0.10000E+01  0.20622E+10  0.40000E+09  55.3
  64  4.25  111.7  100.00  0.20099E+10 324.9  -1.0 110.0  86.5  0.75217E+11 -0.10000E+01  0.20622E+10  0.40000E+09  53.1
  64  4.50  109.6  100.00  0.20140E+10 321.6  -1.0 110.0  86.1  0.76187E+11 -0.10000E+01  0.20622E+10  0.40000E+09  50.6
  64  4.75  107.4  100.00  0.20182E+10 317.9  -1.0 110.0  85.8  0.78647E+11 -0.10000E+01  0.20622E+10  0.40000E+09  47.9
  64  5.00  105.2  100.00  0.20222E+10 313.9  -1.0 110.0  85.4  0.82743E+11 -0.10000E+01  0.20622E+10  0.40000E+09  45.0
  64  5.25  103.0  100.00  0.24500E+10 308.5  -1.0 110.0  85.0  0.88600E+11 -0.10000E+01  0.25071E+10  0.40000E+09  42.0
  64  5.50  100.7  100.00  0.33838E+10 302.1  -1.0 110.0  84.5  0.96319E+11 -0.10000E+01  0.34832E+10  0.40000E+09  38.9
  64  5.75   98.5  100.00  0.49127E+10 295.0  -1.0 110.0  84.1  0.10596E+12 -0.10000E+01  0.50860E+10  0.40000E+09  35.9
  64  6.00   96.2  100.00  0.73024E+10 287.3  -1.0 110.0  83.7  0.11756E+12 -0.10000E+01  0.75978E+10  0.40000E+09  33.1
  64  6.25   93.9  100.00  0.10847E+11 279.0  -1.0 110.0  83.3  0.13107E+12 -0.10000E+01  0.11331E+11  0.40000E+09  30.5
  64  6.50   91.7  100.00  0.15524E+11 270.4  -1.0 110.0  82.9  0.14641E+12 -0.10000E+01  0.16499E+11  0.40000E+09  28.1
  64  6.75   89.4  100.00  0.20959E+11 261.8  -1.0 110.0  82.6  0.16344E+12 -0.10000E+01  0.23004E+11  0.40000E+09  26.1
  64  7.00   87.2  100.00  0.26805E+11 253.9  -1.0 110.0  82.3  0.18195E+12 -0.10000E+01  0.30373E+11  0.40000E+09  24.3
  64  7.25   85.0  100.00  0.32585E+11 247.1  -1.0 110.0  82.0  0.20173E+12 -0.10000E+01  0.37979E+11  0.40000E+09  22.8
  64  7.50   82.9  100.00  0.37998E+11 241.7  -1.0 110.0  81.8  0.22250E+12 -0.10000E+01  0.45351E+11  0.40000E+09  21.6
  64  7.75   80.8  100.00  0.42930E+11 237.7  -1.0 110.0  81.7  0.24400E+12 -0.10000E+01  0.52255E+11  0.40000E+09  20.6
  64  8.00   78.7  100.00  0.47372E+11 234.8  -1.0 110.0  81.5  0.26592E+12 -0.10000E+01  0.58621E+11  0.40000E+09  19.8
  64  8.25   76.7  100.00  0.51356E+11 232.8  -1.0 110.0  81.4  0.28797E+12 -0.10000E+01  0.64457E+11  0.40000E+09  19.1
  64  8.50   74.7  100.00  0.54927E+11 231.7  -1.0 110.0  81.3  0.30986E+12 -0.10000E+01  0.69796E+11  0.40000E+09  18.6
  64  8.75   72.8  100.00  0.58126E+11 231.2  -1.0 110.0  81.3  0.33128E+12 -0.10000E+01  0.74676E+11  0.40000E+09  18.2
  64  9.00   71.0  100.00  0.60989E+11 231.3  -1.0 110.0  81.2  0.35192E+12 -0.10000E+01  0.79129E+11  0.40000E+09  17.8
  64  9.25   69.3  100.00  0.63548E+11 231.8  -1.0 110.0  81.2  0.37148E+12 -0.10000E+01  0.83184E+11  0.40000E+09  17.6
  64  9.50   67.7  100.00  0.65827E+11 232.5  -1.0 110.0  81.1  0.38966E+12 -0.10000E+01  0.86860E+11  0.40000E+09  17.4
  64  9.75   66.1  100.00  0.67849E+11 233.5  -1.0 110.0  81.1  0.40618E+12 -0.10000E+01  0.90174E+11  0.40000E+09  17.2
  64 10.00   64.7  100.00  0.69632E+11 234.5  -1.0 110.0  81.1  0.42081E+12 -0.10000E+01  0.93141E+11  0.40000E+09  17.1
  64 10.25   63.4  100.00  0.71189E+11 235.6  -1.0 110.0  81.1  0.43335E+12 -0.10000E+01  0.95769E+11  0.40000E+09  17.0
  64 10.50   62.3  100.00  0.73168E+11 236.7  -1.0 110.0  81.0  0.44370E+12 -0.10000E+01  0.98066E+11  0.41439E+09  16.9
  64 10.75   61.2  100.00  0.75552E+11 237.6  -1.0 110.0  81.0  0.45183E+12 -0.10000E+01  0.10004E+12  0.44337E+09  16.9
  64 11.00   60.4  100.00  0.77473E+11 238.3  -1.0 110.0  81.0  0.45779E+12 -0.10000E+01  0.10169E+12  0.46667E+09  16.8
  64 11.25   59.6  100.00  0.78978E+11 238.9  -1.0 110.0  81.0  0.46177E+12 -0.10000E+01  0.10303E+12  0.48484E+09  16.8
  64 11.50   59.1  100.00  0.80104E+11 239.2  -1.0 110.0  81.0  0.46398E+12 -0.10000E+01  0.10405E+12  0.49831E+09  16.8
  64 11.75   58.7  100.00  0.80873E+11 239.3  -1.0 110.0  81.0  0.46475E+12 -0.10000E+01  0.10476E+12  0.50745E+09  16.7
  64 12.00   58.5  100.00  0.81300E+11 239.3  -1.0 110.0  81.0  0.46440E+12 -0.10000E+01  0.10515E+12  0.51251E+09  16.7
  64 12.25   58.4  100.00  0.81393E+11 239.0  -1.0 110.0  81.0  0.46330E+12 -0.10000E+01  0.10524E+12  0.51361E+09  16.7
  64 12.50   58.6  100.00  0.81154E+11 238.7  -1.0 110.0  81.0  0.46177E+12 -0.10000E+01  0.10502E+12  0.51079E+09  16.7
  64 12.75   58.8  100.00  0.80579E+11 238.4  -1.0 110.0  81.0  0.46011E+12 -0.10000E+01  0.10448E+12  0.50397E+09  16.8
  64 13.00   59.3  100.00  0.79657E+11 238.0  -1.0 110.0  81.0  0.45853E+12 -0.10000E+01  0.10364E+12  0.49298E+09  16.8
  64 13.25   59.9  100.00  0.78369E+11 237.7  -1.0 110.0  81.0  0.45718E+12 -0.10000E+01  0.10248E+12  0.47751E+09  16.8
  64 13.50   60.7  100.00  0.76687E+11 237.6  -1.0 110.0  81.0  0.45612E+12 -0.10000E+01  0.10101E+12  0.45716E+09  16.8
  64 13.75   61.7  100.00  0.74572E+11 237.5  -1.0 110.0  81.0  0.45532E+12 -0.10000E+01  0.99218E+11  0.43146E+09  16.9
  64 14.00   62.8  100.00  0.71972E+11 237.7  -1.0 110.0  81.1  0.45468E+12 -0.10000E+01  0.97105E+11  0.40000E+09  16.9
  64 14.25   64.0  100.00  0.70536E+11 238.0  -1.0 110.0  81.1  0.45404E+12 -0.10000E+01  0.94666E+11  0.40000E+09  17.0
  64 14.50   65.3  100.00  0.68883E+11 238.5  -1.0 110.0  81.1  0.45317E+12 -0.10000E+01  0.91893E+11  0.40000E+09  17.1
  64 14.75   66.8  100.00  0.66999E+11 239.2  -1.0 110.0  81.1  0.45183E+12 -0.10000E+01  0.88778E+11  0.40000E+09  17.3
  64 15.00   68.3  100.00  0.64869E+11 240.2  -1.0 110.0  81.1  0.44976E+12 -0.10000E+01  0.85311E+11  0.40000E+09  17.5
  64 15.25   70.0  100.00  0.62473E+11 241.3  -1.0 110.0  81.2  0.44674E+12 -0.10000E+01  0.81476E+11  0.40000E+09  17.7
  64 15.50   71.8  100.00  0.59788E+11 242.6  -1.0 110.0  81.2  0.44255E+12 -0.10000E+01  0.77255E+11  0.40000E+09  18.0
  64 15.75   73.6  100.00  0.56787E+11 244.2  -1.0 110.0  81.3  0.43703E+12 -0.10000E+01  0.72626E+11  0.40000E+09  18.3
  64 16.00   75.5  100.00  0.53436E+11 245.9  -1.0 110.0  81.4  0.43006E+12 -0.10000E+01  0.67557E+11  0.40000E+09  18.8
  64 16.25   77.5  100.00  0.49697E+11 248.0  -1.0 110.0  81.5  0.42160E+12 -0.10000E+01  0.62016E+11  0.40000E+09  19.4
  64 16.50   79.6  100.00  0.45527E+11 250.3  -1.0 110.0  81.6  0.41166E+12 -0.10000E+01  0.55963E+11  0.40000E+09  20.1
  64 16.75   81.7  100.00  0.40886E+11 253.0  -1.0 110.0  81.7  0.40029E+12 -0.10000E+01  0.49375E+11  0.40000E+09  21.0
  64 17.00   83.8  100.00  0.35752E+11 256.1  -1.0 110.0  81.9  0.38762E+12 -0.10000E+01  0.42266E+11  0.40000E+09  22.1
  64 17.25   86.0  100.00  0.30169E+11 259.5  -1.0 110.0  82.1  0.37378E+12 -0.10000E+01  0.34765E+11  0.40000E+09  23.4
  64 17.50   88.2  100.00  0.24324E+11 263.3  -1.0 110.0  82.4  0.35897E+12 -0.10000E+01  0.27202E+11  0.40000E+09  25.0
  64 17.75   90.4  100.00  0.18598E+11 267.4  -1.0 110.0  82.7  0.34339E+12 -0.10000E+01  0.20135E+11  0.40000E+09  26.9
  64 18.00   92.6  100.00  0.13493E+11 271.4  -1.0 110.0  83.0  0.32725E+12 -0.10000E+01  0.14164E+11  0.40000E+09  29.1
  64 18.25   94.9  100.00  0.92187E+10 275.4  -1.0 110.0  83.4  0.31079E+12 -0.10000E+01  0.96155E+10  0.40000E+09  31.5
  64 18.50   97.1  100.00  0.61940E+10 279.1  -1.0 110.0  83.8  0.29420E+12 -0.10000E+01  0.64320E+10  0.40000E+09  34.2
  64 18.75   99.4  100.00  0.41995E+10 282.7  -1.0 110.0  84.3  0.27769E+12 -0.10000E+01  0.43378E+10  0.40000E+09  37.1
  64 19.00  101.6  100.00  0.29459E+10 286.2  -1.0 110.0  84.7  0.26146E+12 -0.10000E+01  0.30251E+10  0.40000E+09  40.1
  64 19.25  103.9  100.00  0.21945E+10 289.6  -1.0 110.0  85.1  0.24567E+12 -0.10000E+01  0.22406E+10  0.40000E+09  43.2
  64 19.50  106.1  100.00  0.20206E+10 292.6  -1.0 110.0  85.5  0.23045E+12 -0.10000E+01  0.20622E+10  0.40000E+09  46.2
  64 19.75  108.3  100.00  0.20165E+10 295.6  -1.0 110.0  85.9  0.21593E+12 -0.10000E+01  0.20622E+10  0.40000E+09  49.0
  64 20.00  110.4  100.00  0.20124E+10 298.8  -1.0 110.0  86.3  0.20218E+12 -0.10000E+01  0.20622E+10  0.40000E+09  51.6
  64 20.25  112.5  100.00  0.20083E+10 302.2  -1.0 110.0  86.6  0.18928E+12 -0.10000E+01  0.20622E+10  0.40000E+09  54.0
  64 20.50  114.6  100.00  0.20045E+10 305.6  -1.0 110.0  86.8  0.17727E+12 -0.10000E+01  0.20622E+10  0.40000E+09  56.0
  64 20.75  116.6  100.00  0.20010E+10 309.1  -1.0 110.0  87.1  0.16616E+12 -0.10000E+01  0.20622E+10  0.40000E+09  57.8
  64 21.00  118.5  100.00  0.19980E+10 312.6  -1.0 110.0  87.2  0.15598E+12 -0.10000E+01  0.20622E+10  0.40000E+09  59.3
  64 21.25  120.4  100.00  0.19953E+10 316.0  -1.0 110.0  87.4  0.14673E+12 -0.10000E+01  0.20622E+10  0.40000E+09  60.5
  64 21.50  122.2  100.00  0.19930E+10 319.3  -1.0 110.0  87.5  0.13840E+12 -0.10000E+01  0.20622E+10  0.40000E+09  61.6
  64 21.75  123.8  100.00  0.19911E+10 322.4  -1.0 110.0  87.6  0.13099E+12 -0.10000E+01  0.20622E+10  0.40000E+09  62.4
  64 22.00  125.4  100.00  0.19895E+10 325.3  -1.0 110.0  87.7  0.12450E+12 -0.10000E+01  0.20622E+10  0.40000E+09  63.1
  64 22.25  126.8  100.00  0.19883E+10 327.9  -1.0 110.0  87.8  0.11892E+12 -0.10000E+01  0.20622E+10  0.40000E+09  63.6
  64 22.50  128.1  100.00  0.19872E+10 330.3  -1.0 110.0  87.8  0.11423E+12 -0.10000E+01  0.20622E+10  0.40000E+09  64.0
  64 22.75  129.3  100.00  0.19864E+10 332.2  -1.0 110.0  87.9  0.11042E+12 -0.10000E+01  0.20622E+10  0.40000E+09  64.3
  64 23.00  130.2  100.00  0.19857E+10 333.9  -1.0 110.0  87.9  0.10746E+12 -0.10000E+01  0.20622E+10  0.40000E+09  64.6
  64 23.25  131.0  100.00  0.19852E+10 335.3  -1.0 110.0  87.9  0.10530E+12 -0.10000E+01  0.20622E+10  0.40000E+09  64.8
  64 23.50  131.7  100.00  0.19848E+10 336.4  -1.0 110.0  87.9  0.10386E+12 -0.10000E+01  0.20622E+10  0.40000E+09  65.0
  64 23.75  132.1  100.00  0.19845E+10 337.2  -1.0 110.0  87.9  0.10307E+12 -0.10000E+01  0.20622E+10  0.40000E+09  65.1
  64 24.00  132.4  100.00  0.19842E+10 337.8  -1.0 110.0  88.0  0.10279E+12 -0.10000E+01  0.20622E+10  0.40000E+09  65.2
