   1 23.00  147.6  100.00  0.20105E+10 320.0  -1.0 110.0  88.0  0.75809E+11 -0.10000E+01  0.20918E+10  0.40000E+09  65.4
   2 23.00  147.4  100.00  0.20107E+10 319.8  -1.0 110.0  88.0  0.75431E+11 -0.10000E+01  0.20920E+10  0.40000E+09  65.4
   3 23.00  147.3  100.00  0.20108E+10 319.6  -1.0 110.0  88.0  0.75055E+11 -0.10000E+01  0.20921E+10  0.40000E+09  65.4
   4 23.00  147.2  100.00  0.20110E+10 319.4  -1.0 110.0  88.0  0.74680E+11 -0.10000E+01  0.20923E+10  0.40000E+09  65.4
   5 23.00  147.0  100.00  0.20111E+10 319.2  -1.0 110.0  88.0  0.74305E+11 -0.10000E+01  0.20924E+10  0.40000E+09  65.4
   6 23.00  146.9  100.00  0.20112E+10 318.9  -1.0 110.0  88.0  0.73932E+11 -0.10000E+01  0.20925E+10  0.40000E+09  65.4
   7 23.00  146.7  100.00  0.20114E+10 318.7  -1.0 110.0  88.0  0.73559E+11 -0.10000E+01  0.20927E+10  0.40000E+09  65.4
   8 23.00  146.5  100.00  0.20115E+10 318.5  -1.0 110.0  88.0  0.73188E+11 -0.10000E+01  0.20928E+10  0.40000E+09  65.4
   9 23.00  146.4  100.00  0.20117E+10 318.3  -1.0 110.0  88.0  0.72817E+11 -0.10000E+01  0.20930E+10  0.40000E+09  65.4
  10 23.00  146.2  100.00  0.20118E+10 318.1  -1.0 110.0  88.0  0.72448E+11 -0.10000E+01  0.20931E+10  0.40000E+09  65.3
  11 23.00  146.0  100.00  0.20119E+10 317.9  -1.0 110.0  88.0  0.72079E+11 -0.10000E+01  0.20933E+10  0.40000E+09  65.3
  12 23.00  145.8  100.00  0.20121E+10 317.6  -1.0 110.0  88.0  0.71711E+11 -0.10000E+01  0.20934E+10  0.40000E+09  65.3
  13 23.00  145.6  100.00  0.20122E+10 317.4  -1.0 110.0  88.0  0.71344E+11 -0.10000E+01  0.20935E+10  0.40000E+09  65.3
  14 23.00  145.4  100.00  0.20124E+10 317.2  -1.0 110.0  88.0  0.70978E+11 -0.10000E+01  0.20937E+10  0.40000E+09  65.3
  15 23.00  145.2  100.00  0.20125E+10 317.0  -1.0 110.0  88.0  0.70613E+11 -0.10000E+01  0.20938E+10  0.40000E+09  65.3
  16 23.00  145.0  100.00  0.20120E+10 317.2  -1.0 110.0  88.0  0.71130E+11 -0.10000E+01  0.20933E+10  0.40000E+09  65.3
  17 23.00  144.8  100.00  0.20116E+10 317.5  -1.0 110.0  88.0  0.71649E+11 -0.10000E+01  0.20927E+10  0.40000E+09  65.3
  18 23.00  144.5  100.00  0.20111E+10 317.7  -1.0 110.0  88.0  0.72170E+11 -0.10000E+01  0.20922E+10  0.40000E+09  65.3
  19 23.00  144.3  100.00  0.20106E+10 318.0  -1.0 110.0  88.0  0.72692E+11 -0.10000E+01  0.20917E+10  0.40000E+09  65.3
  20 23.00  144.1  100.00  0.20102E+10 318.2  -1.0 110.0  88.0  0.73216E+11 -0.10000E+01  0.20911E+10  0.40000E+09  65.3
  21 23.00  143.8  100.00  0.20097E+10 318.4  -1.0 110.0  88.0  0.73743E+11 -0.10000E+01  0.20906E+10  0.40000E+09  65.3
  22 23.00  143.6  100.00  0.20092E+10 318.7  -1.0 110.0  88.0  0.74271E+11 -0.10000E+01  0.20900E+10  0.40000E+09  65.3
  23 23.00  143.4  100.00  0.20087E+10 318.9  -1.0 110.0  88.0  0.74801E+11 -0.10000E+01  0.20895E+10  0.40000E+09  65.3
  24 23.00  143.1  100.00  0.20083E+10 319.2  -1.0 110.0  88.0  0.75333E+11 -0.10000E+01  0.20890E+10  0.40000E+09  65.3
  25 23.00  142.8  100.00  0.20078E+10 319.4  -1.0 110.0  88.0  0.75867E+11 -0.10000E+01  0.20884E+10  0.40000E+09  65.3
  26 23.00  142.6  100.00  0.20073E+10 319.7  -1.0 110.0  88.0  0.76402E+11 -0.10000E+01  0.20879E+10  0.40000E+09  65.2
  27 23.00  142.3  100.00  0.20069E+10 319.9  -1.0 110.0  88.0  0.76940E+11 -0.10000E+01  0.20873E+10  0.40000E+09  65.2
  28 23.00  142.0  100.00  0.20064E+10 320.1  -1.0 110.0  88.0  0.77479E+11 -0.10000E+01  0.20868E+10  0.40000E+09  65.2
  29 23.00  141.8  100.00  0.20059E+10 320.4  -1.0 110.0  88.0  0.78021E+11 -0.10000E+01  0.20862E+10  0.40000E+09  65.2
  30 23.00  141.5  100.00  0.20055E+10 320.6  -1.0 110.0  88.0  0.78564E+11 -0.10000E+01  0.20857E+10  0.40000E+09  65.2
  31 23.00  141.2  100.00  0.20050E+10 320.9  -1.0 110.0  88.0  0.79109E+11 -0.10000E+01  0.20852E+10  0.40000E+09  65.2
  32 23.00  140.9  100.00  0.20046E+10 321.1  -1.0 110.0  88.0  0.79657E+11 -0.10000E+01  0.20846E+10  0.40000E+09  65.2
  33 23.00  140.6  100.00  0.20041E+10 321.3  -1.0 110.0  88.0  0.80205E+11 -0.10000E+01  0.20841E+10  0.40000E+09  65.2
  34 23.00  140.3  100.00  0.20036E+10 321.6  -1.0 110.0  88.0  0.80756E+11 -0.10000E+01  0.20835E+10  0.40000E+09  65.2
  35 23.00  140.0  100.00  0.20032E+10 321.8  -1.0 110.0  88.0  0.81309E+11 -0.10000E+01  0.20830E+10  0.40000E+09  65.2
  36 23.00  139.7  100.00  0.20027E+10 322.1  -1.0 110.0  88.0  0.81863E+11 -0.10000E+01  0.20825E+10  0.40000E+09  65.1
  37 23.00  139.4  100.00  0.20023E+10 322.3  -1.0 110.0  87.9  0.82420E+11 -0.10000E+01  0.20819E+10  0.40000E+09  65.1
  38 23.00  139.1  100.00  0.20018E+10 322.5  -1.0 110.0  87.9  0.82978E+11 -0.10000E+01  0.20814E+10  0.40000E+09  65.1
  39 23.00  138.8  100.00  0.20014E+10 322.8  -1.0 110.0  87.9  0.83539E+11 -0.10000E+01  0.20808E+10  0.40000E+09  65.1
  40 23.00  138.5  100.00  0.20009E+10 323.0  -1.0 110.0  87.9  0.84101E+11 -0.10000E+01  0.20803E+10  0.40000E+09  65.1
  41 23.00  138.2  100.00  0.20004E+10 323.2  -1.0 110.0  87.9  0.84665E+11 -0.10000E+01  0.20798E+10  0.40000E+09  65.1
  42 23.00  137.9  100.00  0.20000E+10 323.5  -1.0 110.0  87.9  0.85231E+11 -0.10000E+01  0.20792E+10  0.40000E+09  65.1
  43 23.00  137.5  100.00  0.19995E+10 323.7  -1.0 110.0  87.9  0.85798E+11 -0.10000E+01  0.20787E+10  0.40000E+09  65.0
  44 23.00  137.2  100.00  0.19991E+10 324.0  -1.0 110.0  87.9  0.86368E+11 -0.10000E+01  0.20781E+10  0.40000E+09  65.0
  45 23.00  136.9  100.00  0.19986E+10 324.2  -1.0 110.0  87.9  0.86940E+11 -0.10000E+01  0.20776E+10  0.40000E+09  65.0
  46 23.00  136.6  100.00  0.19980E+10 324.7  -1.0 110.0  87.9  0.87965E+11 -0.10000E+01  0.20768E+10  0.40000E+09  65.0
  47 23.00  136.2  100.00  0.19973E+10 325.2  -1.0 110.0  87.9  0.88997E+11 -0.10000E+01  0.20760E+10  0.40000E+09  65.0
  48 23.00  135.9  100.00  0.19966E+10 325.7  -1.0 110.0  87.9  0.90035E+11 -0.10000E+01  0.20752E+10  0.40000E+09  65.0
  49 23.00  135.5  100.00  0.19959E+10 326.2  -1.0 110.0  87.9  0.91079E+11 -0.10000E+01  0.20743E+10  0.40000E+09  65.0
  50 23.00  135.2  100.00  0.19952E+10 326.8  -1.0 110.0  87.9  0.92129E+11 -0.10000E+01  0.20735E+10  0.40000E+09  64.9
  51 23.00  134.9  100.00  0.19945E+10 327.3  -1.0 110.0  87.9  0.93185E+11 -0.10000E+01  0.20727E+10  0.40000E+09  64.9
  52 23.00  134.5  100.00  0.19938E+10 327.8  -1.0 110.0  87.9  0.94247E+11 -0.10000E+01  0.20719E+10  0.40000E+09  64.9
  53 23.00  134.2  100.00  0.19931E+10 328.3  -1.0 110.0  87.9  0.95315E+11 -0.10000E+01  0.20711E+10  0.40000E+09  64.9
  54 23.00  133.8  100.00  0.19925E+10 328.8  -1.0 110.0  87.9  0.96389E+11 -0.10000E+01  0.20703E+10  0.40000E+09  64.9
  55 23.00  133.5  100.00  0.19918E+10 329.3  -1.0 110.0  87.9  0.97469E+11 -0.10000E+01  0.20695E+10  0.40000E+09  64.8
  56 23.00  133.1  100.00  0.19911E+10 329.8  -1.0 110.0  87.9  0.98555E+11 -0.10000E+01  0.20687E+10  0.40000E+09  64.8
  57 23.00  132.8  100.00  0.19904E+10 330.3  -1.0 110.0  87.9  0.99647E+11 -0.10000E+01  0.20679E+10  0.40000E+09  64.8
  58 23.00  132.4  100.00  0.19897E+10 330.8  -1.0 110.0  87.9  0.10075E+12 -0.10000E+01  0.20670E+10  0.40000E+09  64.8
  59 23.00  132.0  100.00  0.19891E+10 331.4  -1.0 110.0  87.9  0.10185E+12 -0.10000E+01  0.20662E+10  0.40000E+09  64.7
  60 23.00  131.7  100.00  0.19884E+10 331.9  -1.0 110.0  87.9  0.10296E+12 -0.10000E+01  0.20654E+10  0.40000E+09  64.7
  61 23.00  131.3  100.00  0.19877E+10 332.4  -1.0 110.0  87.9  0.10408E+12 -0.10000E+01  0.20646E+10  0.40000E+09  64.7
  62 23.00  131.0  100.00  0.19871E+10 332.9  -1.0 110.0  87.9  0.10520E+12 -0.10000E+01  0.20638E+10  0.40000E+09  64.7
  63 23.00  130.6  100.00  0.19864E+10 333.4  -1.0 110.0  87.9  0.10633E+12 -0.10000E+01  0.20630E+10  0.40000E+09  64.6
  64 23.00  130.2  100.00  0.19857E+10 333.9  -1.0 110.0  87.9  0.10746E+12 -0.10000E+01  0.20622E+10  0.40000E+09  64.6
  65 23.00  129.9  100.00  0.19851E+10 334.4  -1.0 110.0  87.9  0.10860E+12 -0.10000E+01  0.20614E+10  0.40000E+09  64.6
  66 23.00  129.5  100.00  0.19844E+10 335.0  -1.0 110.0  87.9  0.10975E+12 -0.10000E+01  0.20606E+10  0.40000E+09  64.5
  67 23.00  129.1  100.00  0.19838E+10 335.5  -1.0 110.0  87.9  0.11090E+12 -0.10000E+01  0.20597E+10  0.40000E+09  64.5
  68 23.00  128.8  100.00  0.19831E+10 336.0  -1.0 110.0  87.9  0.11206E+12 -0.10000E+01  0.20589E+10  0.40000E+09  64.5
  69 23.00  128.4  100.00  0.19824E+10 336.5  -1.0 110.0  87.9  0.11322E+12 -0.10000E+01  0.20581E+10  0.40000E+09  64.4
  70 23.00  128.0  100.00  0.19818E+10 337.0  -1.0 110.0  87.9  0.11439E+12 -0.10000E+01  0.20573E+10  0.40000E+09  64.4
  71 23.00  127.7  100.00  0.19812E+10 337.5  -1.0 110.0  87.9  0.11557E+12 -0.10000E+01  0.20565E+10  0.40000E+09  64.4
  72 23.00  127.3  100.00  0.19805E+10 338.0  -1.0 110.0  87.9  0.11675E+12 -0.10000E+01  0.20557E+10  0.40000E+09  64.3
  73 23.00  126.9  100.00  0.19799E+10 338.6  -1.0 110.0  87.9  0.11794E+12 -0.10000E+01  0.20549E+10  0.40000E+09  64.3
  74 23.00  126.5  100.00  0.19792E+10 339.1  -1.0 110.0  87.8  0.11913E+12 -0.10000E+01  0.20541E+10  0.40000E+09  64.3
  75 23.00  126.2  100.00  0.19789E+10 338.9  -1.0 110.0  87.8  0.12081E+12 -0.10000E+01  0.20536E+10  0.40000E+09  64.2
  76 23.00  125.8  100.00  0.19785E+10 338.7  -1.0 110.0  87.8  0.12249E+12 -0.10000E+01  0.20530E+10  0.40000E+09  64.2
  77 23.00  125.4  100.00  0.19781E+10 338.5  -1.0 110.0  87.8  0.12419E+12 -0.10000E+01  0.20525E+10  0.40000E+09  64.1
  78 23.00  125.1  100.00  0.19777E+10 338.4  -1.0 110.0  87.8  0.12590E+12 -0.10000E+01  0.20520E+10  0.40000E+09  64.1
  79 23.00  124.7  100.00  0.19774E+10 338.2  -1.0 110.0  87.8  0.12762E+12 -0.10000E+01  0.20515E+10  0.40000E+09  64.0
  80 23.00  124.3  100.00  0.19770E+10 338.0  -1.0 110.0  87.8  0.12935E+12 -0.10000E+01  0.20510E+10  0.40000E+09  64.0
  81 23.00  124.0  100.00  0.19767E+10 337.8  -1.0 110.0  87.8  0.13110E+12 -0.10000E+01  0.20504E+10  0.40000E+09  63.9
  82 23.00  123.6  100.00  0.19763E+10 337.6  -1.0 110.0  87.8  0.13285E+12 -0.10000E+01  0.20499E+10  0.40000E+09  63.9
  83 23.00  123.2  100.00  0.19760E+10 337.4  -1.0 110.0  87.8  0.13462E+12 -0.10000E+01  0.20494E+10  0.40000E+09  63.8
  84 23.00  122.8  100.00  0.19756E+10 337.3  -1.0 110.0  87.8  0.13640E+12 -0.10000E+01  0.20489E+10  0.40000E+09  63.8
  85 23.00  122.5  100.00  0.19753E+10 337.1  -1.0 110.0  87.8  0.13819E+12 -0.10000E+01  0.20483E+10  0.40000E+09  63.7
  86 23.00  122.1  100.00  0.19750E+10 336.9  -1.0 110.0  87.8  0.13999E+12 -0.10000E+01  0.20478E+10  0.40000E+09  63.7
  87 23.00  121.7  100.00  0.19746E+10 336.7  -1.0 110.0  87.8  0.14181E+12 -0.10000E+01  0.20473E+10  0.40000E+09  63.6
  88 23.00  121.4  100.00  0.19743E+10 336.5  -1.0 110.0  87.8  0.14364E+12 -0.10000E+01  0.20468E+10  0.40000E+09  63.5
  89 23.00  121.0  100.00  0.19740E+10 336.3  -1.0 110.0  87.8  0.14547E+12 -0.10000E+01  0.20463E+10  0.40000E+09  63.5
  90 23.00  120.7  100.00  0.19737E+10 336.1  -1.0 110.0  87.7  0.14732E+12 -0.10000E+01  0.20457E+10  0.40000E+09  63.4
  91 23.00  120.3  100.00  0.19734E+10 335.9  -1.0 110.0  87.7  0.14918E+12 -0.10000E+01  0.20452E+10  0.40000E+09  63.3
  92 23.00  119.9  100.00  0.19731E+10 335.7  -1.0 110.0  87.7  0.15106E+12 -0.10000E+01  0.20447E+10  0.40000E+09  63.2
  93 23.00  119.6  100.00  0.19728E+10 335.6  -1.0 110.0  87.7  0.15294E+12 -0.10000E+01  0.20442E+10  0.40000E+09  63.2
  94 23.00  119.2  100.00  0.19725E+10 335.4  -1.0 110.0  87.7  0.15484E+12 -0.10000E+01  0.20437E+10  0.40000E+09  63.1
  95 23.00  118.9  100.00  0.19722E+10 335.2  -1.0 110.0  87.7  0.15675E+12 -0.10000E+01  0.20431E+10  0.40000E+09  63.0
  96 23.00  118.5  100.00  0.19719E+10 335.0  -1.0 110.0  87.7  0.15866E+12 -0.10000E+01  0.20426E+10  0.40000E+09  62.9
  97 23.00  118.2  100.00  0.19716E+10 334.8  -1.0 110.0  87.7  0.16060E+12 -0.10000E+01  0.20421E+10  0.40000E+09  62.8
  98 23.00  117.8  100.00  0.19714E+10 334.6  -1.0 110.0  87.7  0.16254E+12 -0.10000E+01  0.20416E+10  0.40000E+09  62.7
  99 23.00  117.5  100.00  0.19711E+10 334.4  -1.0 110.0  87.7  0.16449E+12 -0.10000E+01  0.20411E+10  0.40000E+09  62.6
 100 23.00  117.1  100.00  0.19708E+10 334.2  -1.0 110.0  87.6  0.16646E+12 -0.10000E+01  0.20405E+10  0.40000E+09  62.5
 101 23.00  116.8  100.00  0.19706E+10 334.0  -1.0 110.0  87.6  0.16844E+12 -0.10000E+01  0.20400E+10  0.40000E+09  62.4
 102 23.00  116.4  100.00  0.19703E+10 333.8  -1.0 110.0  87.6  0.17043E+12 -0.10000E+01  0.20395E+10  0.40000E+09  62.3
 103 23.00  116.1  100.00  0.19701E+10 333.6  -1.0 110.0  87.6  0.17243E+12 -0.10000E+01  0.20390E+10  0.40000E+09  62.2
 104 23.00  115.7  100.00  0.19699E+10 333.4  -1.0 110.0  87.6  0.17444E+12 -0.10000E+01  0.20385E+10  0.40000E+09  62.1
 105 23.00  115.4  100.00  0.19697E+10 333.2  -1.0 110.0  87.6  0.17647E+12 -0.10000E+01  0.20380E+10  0.40000E+09  62.0
 106 23.00  115.1  100.00  0.19694E+10 332.5  -1.0 110.0  87.6  0.17959E+12 -0.10000E+01  0.20374E+10  0.40000E+09  61.8
 107 23.00  114.7  100.00  0.19691E+10 331.9  -1.0 110.0  87.6  0.18273E+12 -0.10000E+01  0.20368E+10  0.40000E+09  61.7
 108 23.00  114.4  100.00  0.19689E+10 331.2  -1.0 110.0  87.5  0.18591E+12 -0.10000E+01  0.20362E+10  0.40000E+09  61.5
 109 23.00  114.1  100.00  0.19686E+10 330.5  -1.0 110.0  87.5  0.18911E+12 -0.10000E+01  0.20356E+10  0.40000E+09  61.4
 110 23.00  113.8  100.00  0.19684E+10 329.8  -1.0 110.0  87.5  0.19234E+12 -0.10000E+01  0.20350E+10  0.40000E+09  61.2
 111 23.00  113.4  100.00  0.19682E+10 329.2  -1.0 110.0  87.5  0.19559E+12 -0.10000E+01  0.20344E+10  0.40000E+09  61.1
 112 23.00  113.1  100.00  0.19680E+10 328.5  -1.0 110.0  87.5  0.19888E+12 -0.10000E+01  0.20339E+10  0.40000E+09  60.9
 113 23.00  112.8  100.00  0.19678E+10 327.8  -1.0 110.0  87.5  0.20219E+12 -0.10000E+01  0.20333E+10  0.40000E+09  60.7
 114 23.00  112.5  100.00  0.19676E+10 327.1  -1.0 110.0  87.4  0.20552E+12 -0.10000E+01  0.20327E+10  0.40000E+09  60.6
 115 23.00  112.2  100.00  0.19674E+10 326.5  -1.0 110.0  87.4  0.20889E+12 -0.10000E+01  0.20321E+10  0.40000E+09  60.4
 116 23.00  111.9  100.00  0.19672E+10 325.8  -1.0 110.0  87.4  0.21228E+12 -0.10000E+01  0.20315E+10  0.40000E+09  60.2
 117 23.00  111.6  100.00  0.19671E+10 325.1  -1.0 110.0  87.4  0.21570E+12 -0.10000E+01  0.20309E+10  0.40000E+09  60.0
 118 23.00  111.3  100.00  0.19669E+10 324.5  -1.0 110.0  87.3  0.21915E+12 -0.10000E+01  0.20303E+10  0.40000E+09  59.8
 119 23.00  111.0  100.00  0.19668E+10 323.8  -1.0 110.0  87.3  0.22262E+12 -0.10000E+01  0.20298E+10  0.40000E+09  59.6
 120 23.00  110.7  100.00  0.19666E+10 323.1  -1.0 110.0  87.3  0.22613E+12 -0.10000E+01  0.20292E+10  0.40000E+09  59.3
 121 23.00  110.4  100.00  0.19665E+10 322.5  -1.0 110.0  87.3  0.22966E+12 -0.10000E+01  0.20286E+10  0.40000E+09  59.1
 122 23.00  110.1  100.00  0.19664E+10 321.8  -1.0 110.0  87.2  0.23321E+12 -0.10000E+01  0.20280E+10  0.40000E+09  58.9
 123 23.00  109.8  100.00  0.19663E+10 321.1  -1.0 110.0  87.2  0.23680E+12 -0.10000E+01  0.20274E+10  0.40000E+09  58.6
 124 23.00  109.5  100.00  0.19662E+10 320.5  -1.0 110.0  87.2  0.24041E+12 -0.10000E+01  0.20268E+10  0.40000E+09  58.3
 125 23.00  109.3  100.00  0.19661E+10 319.8  -1.0 110.0  87.2  0.24405E+12 -0.10000E+01  0.20262E+10  0.40000E+09  58.1
 126 23.00  109.0  100.00  0.19661E+10 319.1  -1.0 110.0  87.1  0.24771E+12 -0.10000E+01  0.20257E+10  0.40000E+09  57.8
 127 23.00  108.7  100.00  0.19660E+10 318.5  -1.0 110.0  87.1  0.25140E+12 -0.10000E+01  0.20251E+10  0.40000E+09  57.5
 128 23.00  108.5  100.00  0.19659E+10 317.8  -1.0 110.0  87.1  0.25513E+12 -0.10000E+01  0.20245E+10  0.40000E+09  57.2
 129 23.00  108.2  100.00  0.19659E+10 317.2  -1.0 110.0  87.0  0.25887E+12 -0.10000E+01  0.20239E+10  0.40000E+09  56.9
 130 23.00  108.0  100.00  0.19659E+10 316.5  -1.0 110.0  87.0  0.26265E+12 -0.10000E+01  0.20233E+10  0.40000E+09  56.6
 131 23.00  107.7  100.00  0.19658E+10 315.9  -1.0 110.0  87.0  0.26645E+12 -0.10000E+01  0.20227E+10  0.40000E+09  56.2
 132 23.00  107.5  100.00  0.19658E+10 315.2  -1.0 110.0  86.9  0.27028E+12 -0.10000E+01  0.20222E+10  0.40000E+09  55.9
 133 23.00  107.2  100.00  0.19658E+10 314.5  -1.0 110.0  86.9  0.27414E+12 -0.10000E+01  0.20216E+10  0.40000E+09  55.5
 134 23.00  107.0  100.00  0.19658E+10 313.9  -1.0 110.0  86.9  0.27802E+12 -0.10000E+01  0.20210E+10  0.40000E+09  55.2
 135 23.00  106.8  100.00  0.19658E+10 313.2  -1.0 110.0  86.8  0.28194E+12 -0.10000E+01  0.20204E+10  0.40000E+09  54.8
 136 23.00  106.6  100.00  0.19658E+10 312.9  -1.0 110.0  86.8  0.28355E+12 -0.10000E+01  0.20198E+10  0.40000E+09  54.4
 137 23.00  106.3  100.00  0.19658E+10 312.5  -1.0 110.0  86.7  0.28516E+12 -0.10000E+01  0.20192E+10  0.40000E+09  54.0
 138 23.00  106.1  100.00  0.19658E+10 312.2  -1.0 110.0  86.7  0.28678E+12 -0.10000E+01  0.20186E+10  0.40000E+09  53.6
 139 23.00  105.9  100.00  0.19658E+10 311.8  -1.0 110.0  86.7  0.28841E+12 -0.10000E+01  0.20180E+10  0.40000E+09  53.2
 140 23.00  105.7  100.00  0.19658E+10 311.5  -1.0 110.0  86.6  0.29004E+12 -0.10000E+01  0.20173E+10  0.40000E+09  52.8
 141 23.00  105.5  100.00  0.19658E+10 311.1  -1.0 110.0  86.6  0.29167E+12 -0.10000E+01  0.20167E+10  0.40000E+09  52.4
 142 23.00  105.3  100.00  0.19658E+10 310.8  -1.0 110.0  86.5  0.29331E+12 -0.10000E+01  0.20161E+10  0.40000E+09  51.9
 143 23.00  105.2  100.00  0.19657E+10 310.4  -1.0 110.0  86.5  0.29495E+12 -0.10000E+01  0.20155E+10  0.40000E+09  51.5
 144 23.00  105.0  100.00  0.19657E+10 310.1  -1.0 110.0  86.4  0.29660E+12 -0.10000E+01  0.20149E+10  0.40000E+09  51.0
 145 23.00  104.8  100.00  0.19657E+10 309.7  -1.0 110.0  86.4  0.29825E+12 -0.10000E+01  0.20143E+10  0.40000E+09  50.6
 146 23.00  104.6  100.00  0.19657E+10 309.4  -1.0 110.0  86.4  0.29991E+12 -0.10000E+01  0.20137E+10  0.40000E+09  50.1
 147 23.00  104.5  100.00  0.19656E+10 309.0  -1.0 110.0  86.3  0.30157E+12 -0.10000E+01  0.20131E+10  0.40000E+09  49.7
 148 23.00  104.3  100.00  0.19661E+10 308.7  -1.0 110.0  86.3  0.30324E+12 -0.10000E+01  0.20130E+10  0.40000E+09  49.2
 149 23.00  104.2  100.00  0.19978E+10 308.3  -1.0 110.0  86.2  0.30491E+12 -0.10000E+01  0.20461E+10  0.40000E+09  48.8
 150 23.00  104.0  100.00  0.20293E+10 307.9  -1.0 110.0  86.2  0.30658E+12 -0.10000E+01  0.20791E+10  0.40000E+09  48.3
 151 23.00  103.9  100.00  0.20604E+10 307.5  -1.0 110.0  86.1  0.30826E+12 -0.10000E+01  0.21116E+10  0.40000E+09  47.8
 152 23.00  103.8  100.00  0.20911E+10 307.2  -1.0 110.0  86.1  0.30995E+12 -0.10000E+01  0.21437E+10  0.40000E+09  47.4
 153 23.00  103.6  100.00  0.21212E+10 306.8  -1.0 110.0  86.1  0.31164E+12 -0.10000E+01  0.21751E+10  0.40000E+09  47.0
 154 23.00  103.5  100.00  0.21506E+10 306.4  -1.0 110.0  86.0  0.31333E+12 -0.10000E+01  0.22058E+10  0.40000E+09  46.5
 155 23.00  103.4  100.00  0.21795E+10 306.0  -1.0 110.0  86.0  0.31503E+12 -0.10000E+01  0.22359E+10  0.40000E+09  46.1
 156 23.00  103.3  100.00  0.22071E+10 305.7  -1.0 110.0  85.9  0.31673E+12 -0.10000E+01  0.22647E+10  0.40000E+09  45.7
 157 23.00  103.2  100.00  0.22337E+10 305.3  -1.0 110.0  85.9  0.31844E+12 -0.10000E+01  0.22925E+10  0.40000E+09  45.3
 158 23.00  103.1  100.00  0.22593E+10 304.9  -1.0 110.0  85.9  0.32015E+12 -0.10000E+01  0.23191E+10  0.40000E+09  44.9
 159 23.00  103.0  100.00  0.22834E+10 304.5  -1.0 110.0  85.8  0.32187E+12 -0.10000E+01  0.23441E+10  0.40000E+09  44.5
 160 23.00  103.0  100.00  0.23061E+10 304.2  -1.0 110.0  85.8  0.32359E+12 -0.10000E+01  0.23678E+10  0.40000E+09  44.2
 161 23.00  102.9  100.00  0.23273E+10 303.8  -1.0 110.0  85.8  0.32532E+12 -0.10000E+01  0.23898E+10  0.40000E+09  43.9
 162 23.00  102.8  100.00  0.23467E+10 303.5  -1.0 110.0  85.7  0.32705E+12 -0.10000E+01  0.24099E+10  0.40000E+09  43.6
 163 23.00  102.8  100.00  0.23644E+10 303.1  -1.0 110.0  85.7  0.32878E+12 -0.10000E+01  0.24284E+10  0.40000E+09  43.3
 164 23.00  102.7  100.00  0.23804E+10 302.7  -1.0 110.0  85.7  0.33052E+12 -0.10000E+01  0.24449E+10  0.40000E+09  43.0
 165 23.00  102.7  100.00  0.23945E+10 302.4  -1.0 110.0  85.7  0.33227E+12 -0.10000E+01  0.24595E+10  0.40000E+09  42.8
 166 23.00  102.6  100.00  0.24067E+10 302.0  -1.0 110.0  85.6  0.33402E+12 -0.10000E+01  0.24722E+10  0.40000E+09  42.6
 167 23.00  102.6  100.00  0.24165E+10 302.0  -1.0 110.0  85.6  0.33240E+12 -0.10000E+01  0.24824E+10  0.40000E+09  42.5
 168 23.00  102.6  100.00  0.24243E+10 302.0  -1.0 110.0  85.6  0.33080E+12 -0.10000E+01  0.24904E+10  0.40000E+09  42.3
 169 23.00  102.6  100.00  0.24302E+10 302.0  -1.0 110.0  85.6  0.32919E+12 -0.10000E+01  0.24965E+10  0.40000E+09  42.2
 170 23.00  102.5  100.00  0.24337E+10 302.0  -1.0 110.0  85.6  0.32759E+12 -0.10000E+01  0.25001E+10  0.40000E+09  42.2
 171 23.00  102.5  100.00  0.24354E+10 302.0  -1.0 110.0  85.6  0.32599E+12 -0.10000E+01  0.25018E+10  0.40000E+09  42.2
 172 23.00  102.5  100.00  0.24344E+10 302.0  -1.0 110.0  85.6  0.32440E+12 -0.10000E+01  0.25007E+10  0.40000E+09  42.2
 173 23.00  102.6  100.00  0.24314E+10 301.9  -1.0 110.0  85.6  0.32281E+12 -0.10000E+01  0.24975E+10  0.40000E+09  42.2
 174 23.00  102.6  100.00  0.24265E+10 301.9  -1.0 110.0  85.6  0.32123E+12 -0.10000E+01  0.24924E+10  0.40000E+09  42.3
 175 23.00  102.6  100.00  0.24191E+10 301.9  -1.0 110.0  85.6  0.31965E+12 -0.10000E+01  0.24847E+10  0.40000E+09  42.4
 176 23.00  102.6  100.00  0.24098E+10 301.9  -1.0 110.0  85.6  0.31807E+12 -0.10000E+01  0.24750E+10  0.40000E+09  42.5
 177 23.00  102.7  100.00  0.23983E+10 301.9  -1.0 110.0  85.6  0.31650E+12 -0.10000E+01  0.24630E+10  0.40000E+09  42.7
 178 23.00  102.7  100.00  0.23848E+10 301.9  -1.0 110.0  85.6  0.31493E+12 -0.10000E+01  0.24490E+10  0.40000E+09  42.8
 179 23.00  102.7  100.00  0.23695E+10 302.0  -1.0 110.0  85.7  0.31336E+12 -0.10000E+01  0.24330E+10  0.40000E+09  43.1
 180 23.00  102.8  100.00  0.23521E+10 302.0  -1.0 110.0  85.7  0.31180E+12 -0.10000E+01  0.24148E+10  0.40000E+09  43.3
 181 23.00  102.9  100.00  0.23331E+10 302.0  -1.0 110.0  85.7  0.31024E+12 -0.10000E+01  0.23950E+10  0.40000E+09  43.6
 182 23.00  102.9  100.00  0.23123E+10 302.0  -1.0 110.0  85.7  0.30869E+12 -0.10000E+01  0.23733E+10  0.40000E+09  43.9
 183 23.00  103.0  100.00  0.22899E+10 302.0  -1.0 110.0  85.8  0.30714E+12 -0.10000E+01  0.23500E+10  0.40000E+09  44.2
 184 23.00  103.1  100.00  0.22659E+10 302.0  -1.0 110.0  85.8  0.30559E+12 -0.10000E+01  0.23249E+10  0.40000E+09  44.5
 185 23.00  103.2  100.00  0.22407E+10 302.0  -1.0 110.0  85.8  0.30405E+12 -0.10000E+01  0.22987E+10  0.40000E+09  44.8
 186 23.00  103.3  100.00  0.22141E+10 302.0  -1.0 110.0  85.8  0.30251E+12 -0.10000E+01  0.22709E+10  0.40000E+09  45.2
 187 23.00  103.4  100.00  0.21867E+10 302.1  -1.0 110.0  85.9  0.30098E+12 -0.10000E+01  0.22423E+10  0.40000E+09  45.6
 188 23.00  103.5  100.00  0.21579E+10 302.1  -1.0 110.0  85.9  0.29945E+12 -0.10000E+01  0.22122E+10  0.40000E+09  45.9
 189 23.00  103.6  100.00  0.21283E+10 302.1  -1.0 110.0  86.0  0.29792E+12 -0.10000E+01  0.21812E+10  0.40000E+09  46.3
 190 23.00  103.7  100.00  0.20980E+10 302.1  -1.0 110.0  86.0  0.29640E+12 -0.10000E+01  0.21496E+10  0.40000E+09  46.7
 191 23.00  103.8  100.00  0.20671E+10 302.1  -1.0 110.0  86.0  0.29488E+12 -0.10000E+01  0.21173E+10  0.40000E+09  47.1
 192 23.00  104.0  100.00  0.20356E+10 302.2  -1.0 110.0  86.1  0.29337E+12 -0.10000E+01  0.20844E+10  0.40000E+09  47.6
 193 23.00  104.1  100.00  0.20036E+10 302.2  -1.0 110.0  86.1  0.29186E+12 -0.10000E+01  0.20509E+10  0.40000E+09  48.0
 194 23.00  104.3  100.00  0.19718E+10 302.2  -1.0 110.0  86.2  0.29035E+12 -0.10000E+01  0.20176E+10  0.40000E+09  48.4
 195 23.00  104.4  100.00  0.19395E+10 302.3  -1.0 110.0  86.2  0.28885E+12 -0.10000E+01  0.19838E+10  0.40000E+09  48.8
 196 23.00  104.6  100.00  0.19379E+10 302.2  -1.0 110.0  86.2  0.28735E+12 -0.10000E+01  0.19826E+10  0.40000E+09  49.3
 197 23.00  104.7  100.00  0.19369E+10 302.3  -1.0 110.0  86.3  0.28517E+12 -0.10000E+01  0.19820E+10  0.40000E+09  49.7
 198 23.00  104.9  100.00  0.19359E+10 302.5  -1.0 110.0  86.3  0.28301E+12 -0.10000E+01  0.19815E+10  0.40000E+09  50.1
 199 23.00  105.1  100.00  0.19349E+10 302.6  -1.0 110.0  86.4  0.28085E+12 -0.10000E+01  0.19810E+10  0.40000E+09  50.6
 200 23.00  105.3  100.00  0.19339E+10 302.7  -1.0 110.0  86.4  0.27870E+12 -0.10000E+01  0.19805E+10  0.40000E+09  51.0
 201 23.00  105.4  100.00  0.19329E+10 302.8  -1.0 110.0  86.5  0.27656E+12 -0.10000E+01  0.19800E+10  0.40000E+09  51.4
 202 23.00  105.6  100.00  0.19319E+10 302.9  -1.0 110.0  86.5  0.27443E+12 -0.10000E+01  0.19795E+10  0.40000E+09  51.8
 203 23.00  105.8  100.00  0.19309E+10 303.0  -1.0 110.0  86.5  0.27230E+12 -0.10000E+01  0.19790E+10  0.40000E+09  52.3
 204 23.00  106.1  100.00  0.19299E+10 303.1  -1.0 110.0  86.6  0.27019E+12 -0.10000E+01  0.19784E+10  0.40000E+09  52.7
 205 23.00  106.3  100.00  0.19289E+10 303.2  -1.0 110.0  86.6  0.26808E+12 -0.10000E+01  0.19779E+10  0.40000E+09  53.1
 206 23.00  106.5  100.00  0.19278E+10 303.3  -1.0 110.0  86.7  0.26598E+12 -0.10000E+01  0.19774E+10  0.40000E+09  53.5
 207 23.00  106.7  100.00  0.19268E+10 303.4  -1.0 110.0  86.7  0.26389E+12 -0.10000E+01  0.19769E+10  0.40000E+09  53.9
 208 23.00  106.9  100.00  0.19258E+10 303.5  -1.0 110.0  86.8  0.26180E+12 -0.10000E+01  0.19764E+10  0.40000E+09  54.3
 209 23.00  107.2  100.00  0.19248E+10 303.6  -1.0 110.0  86.8  0.25973E+12 -0.10000E+01  0.19759E+10  0.40000E+09  54.7
 210 23.00  107.4  100.00  0.19238E+10 303.7  -1.0 110.0  86.8  0.25766E+12 -0.10000E+01  0.19754E+10  0.40000E+09  55.0
 211 23.00  107.7  100.00  0.19228E+10 303.8  -1.0 110.0  86.9  0.25560E+12 -0.10000E+01  0.19748E+10  0.40000E+09  55.4
 212 23.00  107.9  100.00  0.19218E+10 303.9  -1.0 110.0  86.9  0.25355E+12 -0.10000E+01  0.19743E+10  0.40000E+09  55.8
 213 23.00  108.2  100.00  0.19208E+10 304.0  -1.0 110.0  86.9  0.25151E+12 -0.10000E+01  0.19738E+10  0.40000E+09  56.1
 214 23.00  108.4  100.00  0.19198E+10 304.1  -1.0 110.0  87.0  0.24948E+12 -0.10000E+01  0.19733E+10  0.40000E+09  56.5
 215 23.00  108.7  100.00  0.19188E+10 304.2  -1.0 110.0  87.0  0.24745E+12 -0.10000E+01  0.19728E+10  0.40000E+09  56.8
 216 23.00  109.0  100.00  0.19178E+10 304.3  -1.0 110.0  87.1  0.24544E+12 -0.10000E+01  0.19723E+10  0.40000E+09  57.1
 217 23.00  109.3  100.00  0.19169E+10 304.4  -1.0 110.0  87.1  0.24343E+12 -0.10000E+01  0.19718E+10  0.40000E+09  57.4
 218 23.00  109.5  100.00  0.19159E+10 304.5  -1.0 110.0  87.1  0.24143E+12 -0.10000E+01  0.19712E+10  0.40000E+09  57.8
 219 23.00  109.8  100.00  0.19150E+10 304.6  -1.0 110.0  87.2  0.23943E+12 -0.10000E+01  0.19707E+10  0.40000E+09  58.1
 220 23.00  110.1  100.00  0.19140E+10 304.7  -1.0 110.0  87.2  0.23745E+12 -0.10000E+01  0.19702E+10  0.40000E+09  58.3
 221 23.00  110.4  100.00  0.19131E+10 304.8  -1.0 110.0  87.2  0.23547E+12 -0.10000E+01  0.19697E+10  0.40000E+09  58.6
 222 23.00  110.7  100.00  0.19122E+10 304.9  -1.0 110.0  87.2  0.23351E+12 -0.10000E+01  0.19692E+10  0.40000E+09  58.9
 223 23.00  111.0  100.00  0.19113E+10 305.0  -1.0 110.0  87.3  0.23155E+12 -0.10000E+01  0.19687E+10  0.40000E+09  59.2
 224 23.00  111.3  100.00  0.19104E+10 305.1  -1.0 110.0  87.3  0.22959E+12 -0.10000E+01  0.19682E+10  0.40000E+09  59.4
 225 23.00  111.6  100.00  0.19095E+10 305.2  -1.0 110.0  87.3  0.22765E+12 -0.10000E+01  0.19676E+10  0.40000E+09  59.7
 226 23.00  112.0  100.00  0.19086E+10 305.3  -1.0 110.0  87.4  0.22572E+12 -0.10000E+01  0.19671E+10  0.40000E+09  59.9
 227 23.00  112.3  100.00  0.19077E+10 305.4  -1.0 110.0  87.4  0.22379E+12 -0.10000E+01  0.19666E+10  0.40000E+09  60.1
 228 23.00  112.6  100.00  0.19069E+10 306.0  -1.0 110.0  87.4  0.22101E+12 -0.10000E+01  0.19662E+10  0.40000E+09  60.4
 229 23.00  112.9  100.00  0.19062E+10 306.6  -1.0 110.0  87.4  0.21825E+12 -0.10000E+01  0.19658E+10  0.40000E+09  60.6
 230 23.00  113.3  100.00  0.19054E+10 307.1  -1.0 110.0  87.5  0.21550E+12 -0.10000E+01  0.19654E+10  0.40000E+09  60.8
 231 23.00  113.6  100.00  0.19047E+10 307.7  -1.0 110.0  87.5  0.21278E+12 -0.10000E+01  0.19649E+10  0.40000E+09  61.0
 232 23.00  114.0  100.00  0.19040E+10 308.2  -1.0 110.0  87.5  0.21007E+12 -0.10000E+01  0.19645E+10  0.40000E+09  61.2
 233 23.00  114.3  100.00  0.19032E+10 308.8  -1.0 110.0  87.5  0.20737E+12 -0.10000E+01  0.19641E+10  0.40000E+09  61.3
 234 23.00  114.6  100.00  0.19025E+10 309.4  -1.0 110.0  87.5  0.20470E+12 -0.10000E+01  0.19637E+10  0.40000E+09  61.5
 235 23.00  115.0  100.00  0.19018E+10 309.9  -1.0 110.0  87.6  0.20204E+12 -0.10000E+01  0.19633E+10  0.40000E+09  61.7
 236 23.00  115.3  100.00  0.19011E+10 310.5  -1.0 110.0  87.6  0.19940E+12 -0.10000E+01  0.19628E+10  0.40000E+09  61.8
 237 23.00  115.7  100.00  0.19005E+10 311.1  -1.0 110.0  87.6  0.19678E+12 -0.10000E+01  0.19624E+10  0.40000E+09  62.0
 238 23.00  116.1  100.00  0.18998E+10 311.6  -1.0 110.0  87.6  0.19417E+12 -0.10000E+01  0.19620E+10  0.40000E+09  62.2
 239 23.00  116.4  100.00  0.18991E+10 312.2  -1.0 110.0  87.6  0.19158E+12 -0.10000E+01  0.19616E+10  0.40000E+09  62.3
 240 23.00  116.8  100.00  0.18985E+10 312.8  -1.0 110.0  87.6  0.18901E+12 -0.10000E+01  0.19612E+10  0.40000E+09  62.4
 241 23.00  117.2  100.00  0.18979E+10 313.3  -1.0 110.0  87.7  0.18646E+12 -0.10000E+01  0.19607E+10  0.40000E+09  62.6
 242 23.00  117.5  100.00  0.18972E+10 313.9  -1.0 110.0  87.7  0.18392E+12 -0.10000E+01  0.19603E+10  0.40000E+09  62.7
 243 23.00  117.9  100.00  0.18966E+10 314.5  -1.0 110.0  87.7  0.18140E+12 -0.10000E+01  0.19599E+10  0.40000E+09  62.8
 244 23.00  118.3  100.00  0.18960E+10 315.1  -1.0 110.0  87.7  0.17890E+12 -0.10000E+01  0.19595E+10  0.40000E+09  62.9
 245 23.00  118.6  100.00  0.18954E+10 315.6  -1.0 110.0  87.7  0.17642E+12 -0.10000E+01  0.19591E+10  0.40000E+09  63.0
 246 23.00  119.0  100.00  0.18948E+10 316.2  -1.0 110.0  87.7  0.17395E+12 -0.10000E+01  0.19586E+10  0.40000E+09  63.1
 247 23.00  119.4  100.00  0.18942E+10 316.8  -1.0 110.0  87.7  0.17150E+12 -0.10000E+01  0.19582E+10  0.40000E+09  63.2
 248 23.00  119.8  100.00  0.18936E+10 317.4  -1.0 110.0  87.7  0.16907E+12 -0.10000E+01  0.19578E+10  0.40000E+09  63.3
 249 23.00  120.2  100.00  0.18931E+10 317.9  -1.0 110.0  87.8  0.16665E+12 -0.10000E+01  0.19574E+10  0.40000E+09  63.4
 250 23.00  120.5  100.00  0.18925E+10 318.5  -1.0 110.0  87.8  0.16425E+12 -0.10000E+01  0.19570E+10  0.40000E+09  63.5
 251 23.00  120.9  100.00  0.18919E+10 319.1  -1.0 110.0  87.8  0.16187E+12 -0.10000E+01  0.19565E+10  0.40000E+09  63.6
 252 23.00  121.3  100.00  0.18914E+10 319.7  -1.0 110.0  87.8  0.15951E+12 -0.10000E+01  0.19561E+10  0.40000E+09  63.7
 253 23.00  121.7  100.00  0.18908E+10 320.2  -1.0 110.0  87.8  0.15717E+12 -0.10000E+01  0.19557E+10  0.40000E+09  63.8
 254 23.00  122.1  100.00  0.18903E+10 320.8  -1.0 110.0  87.8  0.15484E+12 -0.10000E+01  0.19553E+10  0.40000E+09  63.8
 255 23.00  122.5  100.00  0.18898E+10 321.4  -1.0 110.0  87.8  0.15253E+12 -0.10000E+01  0.19549E+10  0.40000E+09  63.9
 256 23.00  122.9  100.00  0.18893E+10 322.0  -1.0 110.0  87.8  0.15023E+12 -0.10000E+01  0.19544E+10  0.40000E+09  64.0
 257 23.00  123.3  100.00  0.18887E+10 322.6  -1.0 110.0  87.8  0.14796E+12 -0.10000E+01  0.19540E+10  0.40000E+09  64.1
 258 23.00  123.7  100.00  0.18882E+10 323.1  -1.0 110.0  87.8  0.14570E+12 -0.10000E+01  0.19536E+10  0.40000E+09  64.1
 259 23.00  124.1  100.00  0.18878E+10 323.5  -1.0 110.0  87.8  0.14401E+12 -0.10000E+01  0.19533E+10  0.40000E+09  64.2
 260 23.00  124.5  100.00  0.18874E+10 323.8  -1.0 110.0  87.8  0.14233E+12 -0.10000E+01  0.19529E+10  0.40000E+09  64.2
 261 23.00  124.9  100.00  0.18869E+10 324.1  -1.0 110.0  87.8  0.14066E+12 -0.10000E+01  0.19526E+10  0.40000E+09  64.3
 262 23.00  125.3  100.00  0.18865E+10 324.5  -1.0 110.0  87.9  0.13901E+12 -0.10000E+01  0.19522E+10  0.40000E+09  64.3
 263 23.00  125.7  100.00  0.18861E+10 324.8  -1.0 110.0  87.9  0.13736E+12 -0.10000E+01  0.19519E+10  0.40000E+09  64.4
 264 23.00  126.1  100.00  0.18857E+10 325.1  -1.0 110.0  87.9  0.13572E+12 -0.10000E+01  0.19516E+10  0.40000E+09  64.4
 265 23.00  126.5  100.00  0.18853E+10 325.5  -1.0 110.0  87.9  0.13409E+12 -0.10000E+01  0.19512E+10  0.40000E+09  64.5
 266 23.00  126.9  100.00  0.18849E+10 325.8  -1.0 110.0  87.9  0.13247E+12 -0.10000E+01  0.19509E+10  0.40000E+09  64.5
 267 23.00  127.3  100.00  0.18845E+10 326.1  -1.0 110.0  87.9  0.13086E+12 -0.10000E+01  0.19506E+10  0.40000E+09  64.6
 268 23.00  127.6  100.00  0.18841E+10 326.5  -1.0 110.0  87.9  0.12926E+12 -0.10000E+01  0.19502E+10  0.40000E+09  64.6
 269 23.00  128.0  100.00  0.18837E+10 326.8  -1.0 110.0  87.9  0.12767E+12 -0.10000E+01  0.19499E+10  0.40000E+09  64.6
 270 23.00  128.4  100.00  0.18833E+10 327.1  -1.0 110.0  87.9  0.12609E+12 -0.10000E+01  0.19496E+10  0.40000E+09  64.7
 271 23.00  128.8  100.00  0.18830E+10 327.5  -1.0 110.0  87.9  0.12452E+12 -0.10000E+01  0.19492E+10  0.40000E+09  64.7
 272 23.00  129.2  100.00  0.18826E+10 327.8  -1.0 110.0  87.9  0.12296E+12 -0.10000E+01  0.19489E+10  0.40000E+09  64.7
 273 23.00  129.6  100.00  0.18822E+10 328.1  -1.0 110.0  87.9  0.12141E+12 -0.10000E+01  0.19485E+10  0.40000E+09  64.8
 274 23.00  130.0  100.00  0.18818E+10 328.5  -1.0 110.0  87.9  0.11987E+12 -0.10000E+01  0.19482E+10  0.40000E+09  64.8
 275 23.00  130.4  100.00  0.18815E+10 328.8  -1.0 110.0  87.9  0.11834E+12 -0.10000E+01  0.19479E+10  0.40000E+09  64.8
 276 23.00  130.8  100.00  0.18811E+10 329.1  -1.0 110.0  87.9  0.11682E+12 -0.10000E+01  0.19475E+10  0.40000E+09  64.9
 277 23.00  131.2  100.00  0.18807E+10 329.5  -1.0 110.0  87.9  0.11530E+12 -0.10000E+01  0.19472E+10  0.40000E+09  64.9
 278 23.00  131.6  100.00  0.18804E+10 329.8  -1.0 110.0  87.9  0.11380E+12 -0.10000E+01  0.19469E+10  0.40000E+09  64.9
 279 23.00  132.0  100.00  0.18800E+10 330.1  -1.0 110.0  87.9  0.11231E+12 -0.10000E+01  0.19465E+10  0.40000E+09  64.9
 280 23.00  132.4  100.00  0.18797E+10 330.5  -1.0 110.0  87.9  0.11083E+12 -0.10000E+01  0.19462E+10  0.40000E+09  65.0
 281 23.00  132.8  100.00  0.18793E+10 330.8  -1.0 110.0  87.9  0.10936E+12 -0.10000E+01  0.19458E+10  0.40000E+09  65.0
 282 23.00  133.1  100.00  0.18790E+10 331.1  -1.0 110.0  87.9  0.10790E+12 -0.10000E+01  0.19455E+10  0.40000E+09  65.0
 283 23.00  133.5  100.00  0.18786E+10 331.4  -1.0 110.0  87.9  0.10644E+12 -0.10000E+01  0.19452E+10  0.40000E+09  65.0
 284 23.00  133.9  100.00  0.18783E+10 331.8  -1.0 110.0  87.9  0.10500E+12 -0.10000E+01  0.19448E+10  0.40000E+09  65.0
 285 23.00  134.3  100.00  0.18779E+10 332.1  -1.0 110.0  87.9  0.10357E+12 -0.10000E+01  0.19445E+10  0.40000E+09  65.1
 286 23.00  134.7  100.00  0.18776E+10 332.4  -1.0 110.0  87.9  0.10215E+12 -0.10000E+01  0.19442E+10  0.40000E+09  65.1
 287 23.00  135.0  100.00  0.18772E+10 332.7  -1.0 110.0  87.9  0.10073E+12 -0.10000E+01  0.19438E+10  0.40000E+09  65.1
 288 23.00  135.4  100.00  0.18769E+10 333.1  -1.0 110.0  87.9  0.99331E+11 -0.10000E+01  0.19435E+10  0.40000E+09  65.1
 289 23.00  135.8  100.00  0.18766E+10 333.1  -1.0 110.0  87.9  0.98331E+11 -0.10000E+01  0.19432E+10  0.40000E+09  65.1
 290 23.00  136.1  100.00  0.18763E+10 333.0  -1.0 110.0  88.0  0.97335E+11 -0.10000E+01  0.19429E+10  0.40000E+09  65.1
 291 23.00  136.5  100.00  0.18760E+10 333.0  -1.0 110.0  88.0  0.96345E+11 -0.10000E+01  0.19427E+10  0.40000E+09  65.2
 292 23.00  136.9  100.00  0.18758E+10 333.0  -1.0 110.0  88.0  0.95359E+11 -0.10000E+01  0.19424E+10  0.40000E+09  65.2
 293 23.00  137.2  100.00  0.18755E+10 333.0  -1.0 110.0  88.0  0.94379E+11 -0.10000E+01  0.19421E+10  0.40000E+09  65.2
 294 23.00  137.6  100.00  0.18752E+10 333.0  -1.0 110.0  88.0  0.93404E+11 -0.10000E+01  0.19418E+10  0.40000E+09  65.2
 295 23.00  137.9  100.00  0.18749E+10 333.0  -1.0 110.0  88.0  0.92433E+11 -0.10000E+01  0.19415E+10  0.40000E+09  65.2
 296 23.00  138.3  100.00  0.18746E+10 332.9  -1.0 110.0  88.0  0.91468E+11 -0.10000E+01  0.19413E+10  0.40000E+09  65.2
 297 23.00  138.6  100.00  0.18744E+10 332.9  -1.0 110.0  88.0  0.90508E+11 -0.10000E+01  0.19410E+10  0.40000E+09  65.2
 298 23.00  138.9  100.00  0.18741E+10 332.9  -1.0 110.0  88.0  0.89553E+11 -0.10000E+01  0.19407E+10  0.40000E+09  65.2
 299 23.00  139.3  100.00  0.18738E+10 332.9  -1.0 110.0  88.0  0.88603E+11 -0.10000E+01  0.19404E+10  0.40000E+09  65.3
 300 23.00  139.6  100.00  0.18735E+10 332.9  -1.0 110.0  88.0  0.87658E+11 -0.10000E+01  0.19401E+10  0.40000E+09  65.3
 301 23.00  139.9  100.00  0.18733E+10 332.8  -1.0 110.0  88.0  0.86718E+11 -0.10000E+01  0.19399E+10  0.40000E+09  65.3
 302 23.00  140.2  100.00  0.18730E+10 332.8  -1.0 110.0  88.0  0.85783E+11 -0.10000E+01  0.19396E+10  0.40000E+09  65.3
 303 23.00  140.6  100.00  0.18727E+10 332.8  -1.0 110.0  88.0  0.84854E+11 -0.10000E+01  0.19393E+10  0.40000E+09  65.3
 304 23.00  140.9  100.00  0.18725E+10 332.8  -1.0 110.0  88.0  0.83929E+11 -0.10000E+01  0.19390E+10  0.40000E+09  65.3
 305 23.00  141.2  100.00  0.18722E+10 332.8  -1.0 110.0  88.0  0.83010E+11 -0.10000E+01  0.19387E+10  0.40000E+09  65.3
 306 23.00  141.5  100.00  0.18719E+10 332.7  -1.0 110.0  88.0  0.82095E+11 -0.10000E+01  0.19385E+10  0.40000E+09  65.3
 307 23.00  141.8  100.00  0.18717E+10 332.7  -1.0 110.0  88.0  0.81186E+11 -0.10000E+01  0.19382E+10  0.40000E+09  65.3
 308 23.00  142.1  100.00  0.18714E+10 332.7  -1.0 110.0  88.0  0.80281E+11 -0.10000E+01  0.19379E+10  0.40000E+09  65.3
 309 23.00  142.4  100.00  0.18711E+10 332.6  -1.0 110.0  88.0  0.79382E+11 -0.10000E+01  0.19376E+10  0.40000E+09  65.3
 310 23.00  142.6  100.00  0.18709E+10 332.6  -1.0 110.0  88.0  0.78488E+11 -0.10000E+01  0.19374E+10  0.40000E+09  65.3
 311 23.00  142.9  100.00  0.18706E+10 332.6  -1.0 110.0  88.0  0.77598E+11 -0.10000E+01  0.19371E+10  0.40000E+09  65.3
 312 23.00  143.2  100.00  0.18703E+10 332.6  -1.0 110.0  88.0  0.76714E+11 -0.10000E+01  0.19368E+10  0.40000E+09  65.3
 313 23.00  143.5  100.00  0.18701E+10 332.5  -1.0 110.0  88.0  0.75835E+11 -0.10000E+01  0.19365E+10  0.40000E+09  65.3
 314 23.00  143.7  100.00  0.18698E+10 332.5  -1.0 110.0  88.0  0.74961E+11 -0.10000E+01  0.19362E+10  0.40000E+09  65.4
 315 23.00  144.0  100.00  0.18695E+10 332.5  -1.0 110.0  88.0  0.74092E+11 -0.10000E+01  0.19360E+10  0.40000E+09  65.4
 316 23.00  144.2  100.00  0.18693E+10 332.4  -1.0 110.0  88.0  0.73229E+11 -0.10000E+01  0.19357E+10  0.40000E+09  65.4
 317 23.00  144.5  100.00  0.18690E+10 332.4  -1.0 110.0  88.0  0.72370E+11 -0.10000E+01  0.19354E+10  0.40000E+09  65.4
 318 23.00  144.7  100.00  0.18688E+10 332.4  -1.0 110.0  88.0  0.71516E+11 -0.10000E+01  0.19351E+10  0.40000E+09  65.4
 319 23.00  144.9  100.00  0.18685E+10 332.3  -1.0 110.0  88.0  0.70667E+11 -0.10000E+01  0.19348E+10  0.40000E+09  65.4
 320 23.00  145.2  100.00  0.18681E+10 331.9  -1.0 110.0  88.0  0.70660E+11 -0.10000E+01  0.19345E+10  0.40000E+09  65.4
 321 23.00  145.4  100.00  0.18678E+10 331.5  -1.0 110.0  88.0  0.70653E+11 -0.10000E+01  0.19341E+10  0.40000E+09  65.4
 322 23.00  145.6  100.00  0.18674E+10 331.0  -1.0 110.0  88.0  0.70646E+11 -0.10000E+01  0.19337E+10  0.40000E+09  65.4
 323 23.00  145.8  100.00  0.18671E+10 330.6  -1.0 110.0  88.0  0.70639E+11 -0.10000E+01  0.19333E+10  0.40000E+09  65.4
 324 23.00  146.0  100.00  0.18667E+10 330.2  -1.0 110.0  88.0  0.70632E+11 -0.10000E+01  0.19329E+10  0.40000E+09  65.4
 325 23.00  146.2  100.00  0.18664E+10 329.8  -1.0 110.0  88.0  0.70625E+11 -0.10000E+01  0.19325E+10  0.40000E+09  65.4
 326 23.00  146.4  100.00  0.18660E+10 329.3  -1.0 110.0  88.0  0.70618E+11 -0.10000E+01  0.19322E+10  0.40000E+09  65.4
 327 23.00  146.6  100.00  0.18657E+10 328.9  -1.0 110.0  88.0  0.70611E+11 -0.10000E+01  0.19318E+10  0.40000E+09  65.4
 328 23.00  146.7  100.00  0.18653E+10 328.5  -1.0 110.0  88.0  0.70603E+11 -0.10000E+01  0.19314E+10  0.40000E+09  65.4
 329 23.00  146.9  100.00  0.18649E+10 328.1  -1.0 110.0  88.0  0.70596E+11 -0.10000E+01  0.19310E+10  0.40000E+09  65.4
 330 23.00  147.1  100.00  0.18646E+10 327.7  -1.0 110.0  88.0  0.70589E+11 -0.10000E+01  0.19306E+10  0.40000E+09  65.4
 331 23.00  147.2  100.00  0.18642E+10 327.2  -1.0 110.0  88.0  0.70582E+11 -0.10000E+01  0.19302E+10  0.40000E+09  65.4
 332 23.00  147.3  100.00  0.18639E+10 326.8  -1.0 110.0  88.0  0.70575E+11 -0.10000E+01  0.19298E+10  0.40000E+09  65.4
 333 23.00  147.5  100.00  0.18635E+10 326.4  -1.0 110.0  88.0  0.70568E+11 -0.10000E+01  0.19295E+10  0.40000E+09  65.4
 334 23.00  147.6  100.00  0.18632E+10 326.0  -1.0 110.0  88.0  0.70561E+11 -0.10000E+01  0.19291E+10  0.40000E+09  65.4
 335 23.00  147.7  100.00  0.18628E+10 325.6  -1.0 110.0  88.0  0.70554E+11 -0.10000E+01  0.19287E+10  0.40000E+09  65.4
 336 23.00  147.8  100.00  0.18625E+10 325.2  -1.0 110.0  88.0  0.70547E+11 -0.10000E+01  0.19283E+10  0.40000E+09  65.4
 337 23.00  147.9  100.00  0.18621E+10 324.7  -1.0 110.0  88.0  0.70540E+11 -0.10000E+01  0.19279E+10  0.40000E+09  65.4
 338 23.00  148.0  100.00  0.18618E+10 324.3  -1.0 110.0  88.0  0.70532E+11 -0.10000E+01  0.19275E+10  0.40000E+09  65.4
 339 23.00  148.1  100.00  0.18614E+10 323.9  -1.0 110.0  88.0  0.70526E+11 -0.10000E+01  0.19272E+10  0.40000E+09  65.4
 340 23.00  148.2  100.00  0.18611E+10 323.5  -1.0 110.0  88.0  0.70519E+11 -0.10000E+01  0.19268E+10  0.40000E+09  65.4
 341 23.00  148.3  100.00  0.18607E+10 323.1  -1.0 110.0  88.0  0.70511E+11 -0.10000E+01  0.19264E+10  0.40000E+09  65.4
 342 23.00  148.4  100.00  0.18604E+10 322.7  -1.0 110.0  88.0  0.70504E+11 -0.10000E+01  0.19260E+10  0.40000E+09  65.4
 343 23.00  148.4  100.00  0.18600E+10 322.3  -1.0 110.0  88.0  0.70497E+11 -0.10000E+01  0.19256E+10  0.40000E+09  65.4
 344 23.00  148.5  100.00  0.18597E+10 321.9  -1.0 110.0  88.0  0.70490E+11 -0.10000E+01  0.19252E+10  0.40000E+09  65.4
 345 23.00  148.5  100.00  0.18593E+10 321.5  -1.0 110.0  88.0  0.70483E+11 -0.10000E+01  0.19249E+10  0.40000E+09  65.4
 346 23.00  148.5  100.00  0.18590E+10 321.0  -1.0 110.0  88.0  0.70476E+11 -0.10000E+01  0.19245E+10  0.40000E+09  65.4
 347 23.00  148.6  100.00  0.18587E+10 320.6  -1.0 110.0  88.0  0.70469E+11 -0.10000E+01  0.19241E+10  0.40000E+09  65.4
 348 23.00  148.6  100.00  0.18583E+10 320.2  -1.0 110.0  88.0  0.70462E+11 -0.10000E+01  0.19237E+10  0.40000E+09  65.4
 349 23.00  148.6  100.00  0.18580E+10 319.8  -1.0 110.0  88.0  0.70455E+11 -0.10000E+01  0.19233E+10  0.40000E+09  65.4
 350 23.00  148.6  100.00  0.18576E+10 319.5  -1.0 110.0  88.0  0.69926E+11 -0.10000E+01  0.19230E+10  0.40000E+09  65.4
 351 23.00  148.6  100.00  0.18573E+10 319.2  -1.0 110.0  88.0  0.69398E+11 -0.10000E+01  0.19226E+10  0.40000E+09  65.4
 352 23.00  148.6  100.00  0.18570E+10 319.0  -1.0 110.0  88.0  0.68873E+11 -0.10000E+01  0.19222E+10  0.40000E+09  65.4
 353 23.00  148.6  100.00  0.18566E+10 318.7  -1.0 110.0  88.0  0.68350E+11 -0.10000E+01  0.19218E+10  0.40000E+09  65.4
 354 23.00  148.5  100.00  0.18563E+10 318.4  -1.0 110.0  88.0  0.67829E+11 -0.10000E+01  0.19215E+10  0.40000E+09  65.4
 355 23.00  148.5  100.00  0.18560E+10 318.1  -1.0 110.0  88.0  0.67310E+11 -0.10000E+01  0.19211E+10  0.40000E+09  65.4
 356 23.00  148.5  100.00  0.18556E+10 317.8  -1.0 110.0  88.0  0.66793E+11 -0.10000E+01  0.19207E+10  0.40000E+09  65.4
 357 23.00  148.4  100.00  0.18553E+10 317.5  -1.0 110.0  88.0  0.66277E+11 -0.10000E+01  0.19204E+10  0.40000E+09  65.4
 358 23.00  148.3  100.00  0.18550E+10 317.2  -1.0 110.0  88.0  0.65764E+11 -0.10000E+01  0.19200E+10  0.40000E+09  65.4
 359 23.00  148.3  100.00  0.18546E+10 317.0  -1.0 110.0  88.0  0.65253E+11 -0.10000E+01  0.19196E+10  0.40000E+09  65.4
 360 23.00  148.2  100.00  0.18543E+10 316.7  -1.0 110.0  88.0  0.64744E+11 -0.10000E+01  0.19192E+10  0.40000E+09  65.4
 361 23.00  148.1  100.00  0.18540E+10 316.4  -1.0 110.0  88.0  0.64237E+11 -0.10000E+01  0.19189E+10  0.40000E+09  65.4
 362 23.00  148.0  100.00  0.18536E+10 316.1  -1.0 110.0  88.0  0.63732E+11 -0.10000E+01  0.19185E+10  0.40000E+09  65.4
 363 23.00  147.9  100.00  0.18533E+10 315.8  -1.0 110.0  88.0  0.63228E+11 -0.10000E+01  0.19181E+10  0.40000E+09  65.4
 364 23.00  147.8  100.00  0.18530E+10 315.5  -1.0 110.0  88.0  0.62727E+11 -0.10000E+01  0.19178E+10  0.40000E+09  65.4
 365 23.00  147.7  100.00  0.18526E+10 315.2  -1.0 110.0  88.0  0.62228E+11 -0.10000E+01  0.19174E+10  0.40000E+09  65.4
