  95  0.00  120.7  100.00  0.19682E+10 342.9  -1.0 110.0  87.9  0.13777E+12 -0.10000E+01  0.20431E+10  0.40000E+09  64.7
  95  0.25  120.6  100.00  0.19688E+10 344.4  -1.0 110.0  87.9  0.13420E+12 -0.10000E+01  0.20431E+10  0.40000E+09  64.5
  95  0.50  120.4  100.00  0.19695E+10 345.6  -1.0 110.0  87.8  0.13086E+12 -0.10000E+01  0.20431E+10  0.40000E+09  64.2
  95  0.75  120.0  100.00  0.19704E+10 346.5  -1.0 110.0  87.8  0.12763E+12 -0.10000E+01  0.20431E+10  0.40000E+09  63.8
  95  1.00  119.4  100.00  0.19715E+10 347.2  -1.0 110.0  87.7  0.12439E+12 -0.10000E+01  0.20431E+10  0.40000E+09  63.3
  95  1.25  118.7  100.00  0.19729E+10 347.5  -1.0 110.0  87.7  0.12107E+12 -0.10000E+01  0.20431E+10  0.40000E+09  62.7
  95  1.50  117.8  100.00  0.19746E+10 347.4  -1.0 110.0  87.6  0.11762E+12 -0.10000E+01  0.20431E+10  0.40000E+09  61.9
  95  1.75  116.8  100.00  0.19767E+10 347.0  -1.0 110.0  87.5  0.11405E+12 -0.10000E+01  0.20431E+10  0.40000E+09  61.0
  95  2.00  115.7  100.00  0.19791E+10 346.1  -1.0 110.0  87.3  0.11040E+12 -0.10000E+01  0.20431E+10  0.40000E+09  59.8
  95  2.25  114.4  100.00  0.19819E+10 344.7  -1.0 110.0  87.1  0.10676E+12 -0.10000E+01  0.20431E+10  0.40000E+09  58.4
  95  2.50  113.0  100.00  0.19852E+10 343.0  -1.0 110.0  86.9  0.10326E+12 -0.10000E+01  0.20431E+10  0.40000E+09  56.8
  95  2.75  111.4  100.00  0.19887E+10 340.7  -1.0 110.0  86.7  0.10007E+12 -0.10000E+01  0.20431E+10  0.40000E+09  54.8
  95  3.00  109.8  100.00  0.19926E+10 338.1  -1.0 110.0  86.4  0.97390E+11 -0.10000E+01  0.20431E+10  0.40000E+09  52.6
  95  3.25  108.1  100.00  0.19966E+10 335.0  -1.0 110.0  86.1  0.95418E+11 -0.10000E+01  0.20431E+10  0.40000E+09  50.0
  95  3.50  106.3  100.00  0.20007E+10 331.6  -1.0 110.0  85.7  0.94360E+11 -0.10000E+01  0.20431E+10  0.40000E+09  47.3
  95  3.75  104.4  100.00  0.20092E+10 328.0  -1.0 110.0  85.3  0.94412E+11 -0.10000E+01  0.20479E+10  0.40000E+09  44.3
  95  4.00  102.5  100.00  0.25500E+10 322.8  -1.0 110.0  84.9  0.95757E+11 -0.10000E+01  0.26115E+10  0.40000E+09  41.3
  95  4.25  100.4  100.00  0.34371E+10 316.9  -1.0 110.0  84.5  0.98557E+11 -0.10000E+01  0.35380E+10  0.40000E+09  38.2
  95  4.50   98.4  100.00  0.48477E+10 310.3  -1.0 110.0  84.0  0.10295E+12 -0.10000E+01  0.50148E+10  0.40000E+09  35.3
  95  4.75   96.3  100.00  0.70212E+10 302.9  -1.0 110.0  83.6  0.10904E+12 -0.10000E+01  0.72956E+10  0.40000E+09  32.5
  95  5.00   94.1  100.00  0.10242E+11 294.8  -1.0 110.0  83.2  0.11690E+12 -0.10000E+01  0.10682E+11  0.40000E+09  29.9
  95  5.25   91.9  100.00  0.14631E+11 285.9  -1.0 110.0  82.8  0.12654E+12 -0.10000E+01  0.15428E+11  0.40000E+09  27.6
  95  5.50   89.7  100.00  0.19827E+11 276.6  -1.0 110.0  82.5  0.13792E+12 -0.10000E+01  0.21548E+11  0.40000E+09  25.6
  95  5.75   87.5  100.00  0.25578E+11 267.5  -1.0 110.0  82.2  0.15092E+12 -0.10000E+01  0.28688E+11  0.40000E+09  23.9
  95  6.00   85.2  100.00  0.31407E+11 259.3  -1.0 110.0  82.0  0.16535E+12 -0.10000E+01  0.36266E+11  0.40000E+09  22.5
  95  6.25   82.9  100.00  0.36969E+11 252.6  -1.0 110.0  81.8  0.18099E+12 -0.10000E+01  0.43778E+11  0.40000E+09  21.3
  95  6.50   80.7  100.00  0.42108E+11 247.4  -1.0 110.0  81.7  0.19756E+12 -0.10000E+01  0.50941E+11  0.40000E+09  20.4
  95  6.75   78.4  100.00  0.46794E+11 243.6  -1.0 110.0  81.5  0.21475E+12 -0.10000E+01  0.57653E+11  0.40000E+09  19.6
  95  7.00   76.2  100.00  0.51050E+11 241.0  -1.0 110.0  81.4  0.23228E+12 -0.10000E+01  0.63905E+11  0.40000E+09  19.0
  95  7.25   73.9  100.00  0.54917E+11 239.4  -1.0 110.0  81.3  0.24988E+12 -0.10000E+01  0.69723E+11  0.40000E+09  18.5
  95  7.50   71.7  100.00  0.58435E+11 238.5  -1.0 110.0  81.3  0.26733E+12 -0.10000E+01  0.75139E+11  0.40000E+09  18.1
  95  7.75   69.5  100.00  0.61640E+11 238.2  -1.0 110.0  81.2  0.28446E+12 -0.10000E+01  0.80184E+11  0.40000E+09  17.8
  95  8.00   67.4  100.00  0.64561E+11 238.4  -1.0 110.0  81.2  0.30115E+12 -0.10000E+01  0.84883E+11  0.40000E+09  17.5
  95  8.25   65.3  100.00  0.67225E+11 239.0  -1.0 110.0  81.1  0.31730E+12 -0.10000E+01  0.89255E+11  0.40000E+09  17.3
  95  8.50   63.2  100.00  0.69650E+11 239.8  -1.0 110.0  81.1  0.33286E+12 -0.10000E+01  0.93316E+11  0.40000E+09  17.2
  95  8.75   61.3  100.00  0.73434E+11 240.9  -1.0 110.0  81.1  0.34773E+12 -0.10000E+01  0.97076E+11  0.43740E+09  17.1
  95  9.00   59.3  100.00  0.77400E+11 242.2  -1.0 110.0  81.1  0.36184E+12 -0.10000E+01  0.10054E+12  0.48605E+09  17.0
  95  9.25   57.5  100.00  0.80813E+11 243.5  -1.0 110.0  81.0  0.37507E+12 -0.10000E+01  0.10373E+12  0.52687E+09  16.9
  95  9.50   55.8  100.00  0.83769E+11 244.8  -1.0 110.0  81.0  0.38727E+12 -0.10000E+01  0.10663E+12  0.56088E+09  16.8
  95  9.75   54.2  100.00  0.86333E+11 246.1  -1.0 110.0  81.0  0.39826E+12 -0.10000E+01  0.10925E+12  0.58907E+09  16.8
  95 10.00   52.6  100.00  0.88551E+11 247.3 172.6 110.0  81.0  0.40787E+12  0.22165E+12  0.11160E+12  0.61232E+09  16.8
  95 10.25   51.3  100.00  0.90458E+11 248.3 172.9 110.0  81.0  0.41590E+12  0.22436E+12  0.11368E+12  0.63139E+09  16.7
  95 10.50   50.0  100.00  0.92078E+11 249.1 173.2 110.0  81.0  0.42224E+12  0.22670E+12  0.11548E+12  0.64690E+09  16.7
  95 10.75   49.0  100.00  0.93430E+11 249.6 173.5 110.0  81.0  0.42678E+12  0.22868E+12  0.11701E+12  0.65934E+09  16.7
  95 11.00   48.1  100.00  0.94527E+11 249.9 173.7 110.0  81.0  0.42954E+12  0.23031E+12  0.11827E+12  0.66910E+09  16.7
  95 11.25   47.3  100.00  0.95381E+11 250.0 173.9 110.0  81.0  0.43059E+12  0.23158E+12  0.11927E+12  0.67647E+09  16.7
  95 11.50   46.8  100.00  0.95997E+11 249.9 174.1 110.0  81.0  0.43011E+12  0.23251E+12  0.11999E+12  0.68168E+09  16.7
  95 11.75   46.5  100.00  0.96383E+11 249.6 174.2 110.0  81.0  0.42835E+12  0.23309E+12  0.12045E+12  0.68489E+09  16.7
  95 12.00   46.3  100.00  0.96540E+11 249.2 174.2 110.0  81.0  0.42564E+12  0.23333E+12  0.12063E+12  0.68618E+09  16.7
  95 12.25   46.4  100.00  0.96469E+11 248.7 174.2 110.0  81.0  0.42231E+12  0.23322E+12  0.12055E+12  0.68560E+09  16.7
  95 12.50   46.6  100.00  0.96171E+11 248.3 174.2 110.0  81.0  0.41871E+12  0.23277E+12  0.12020E+12  0.68313E+09  16.7
  95 12.75   47.1  100.00  0.95642E+11 247.9 174.2 110.0  81.0  0.41519E+12  0.23197E+12  0.11957E+12  0.67869E+09  16.7
  95 13.00   47.8  100.00  0.94879E+11 247.7 174.2 110.0  81.0  0.41202E+12  0.23083E+12  0.11868E+12  0.67216E+09  16.7
  95 13.25   48.6  100.00  0.93876E+11 247.7 174.3 110.0  81.0  0.40943E+12  0.22934E+12  0.11752E+12  0.66335E+09  16.7
  95 13.50   49.6  100.00  0.92622E+11 247.9 174.3 110.0  81.0  0.40758E+12  0.22750E+12  0.11609E+12  0.65197E+09  16.7
  95 13.75   50.8  100.00  0.91107E+11 248.4 174.5 110.0  81.0  0.40654E+12  0.22530E+12  0.11439E+12  0.63769E+09  16.7
  95 14.00   52.1  100.00  0.89313E+11 249.0 174.6 110.0  81.0  0.40632E+12  0.22273E+12  0.11242E+12  0.62005E+09  16.7
  95 14.25   53.6  100.00  0.87218E+11 249.9  -1.0 110.0  81.0  0.40687E+12 -0.10000E+01  0.11018E+12  0.59849E+09  16.8
  95 14.50   55.1  100.00  0.84793E+11 250.9  -1.0 110.0  81.0  0.40809E+12 -0.10000E+01  0.10766E+12  0.57230E+09  16.8
  95 14.75   56.8  100.00  0.81997E+11 252.1  -1.0 110.0  81.0  0.40982E+12 -0.10000E+01  0.10487E+12  0.54067E+09  16.9
  95 15.00   58.6  100.00  0.78772E+11 253.3  -1.0 110.0  81.1  0.41191E+12 -0.10000E+01  0.10180E+12  0.50262E+09  16.9
  95 15.25   60.5  100.00  0.75036E+11 254.5  -1.0 110.0  81.1  0.41415E+12 -0.10000E+01  0.98447E+11  0.45714E+09  17.0
  95 15.50   62.5  100.00  0.70670E+11 255.8  -1.0 110.0  81.1  0.41637E+12 -0.10000E+01  0.94804E+11  0.40330E+09  17.1
  95 15.75   64.5  100.00  0.68192E+11 257.1  -1.0 110.0  81.1  0.41838E+12 -0.10000E+01  0.90866E+11  0.40000E+09  17.3
  95 16.00   66.6  100.00  0.65628E+11 258.4  -1.0 110.0  81.1  0.41999E+12 -0.10000E+01  0.86622E+11  0.40000E+09  17.4
  95 16.25   68.7  100.00  0.62815E+11 259.7  -1.0 110.0  81.2  0.42103E+12 -0.10000E+01  0.82060E+11  0.40000E+09  17.7
  95 16.50   70.9  100.00  0.59729E+11 261.1  -1.0 110.0  81.2  0.42133E+12 -0.10000E+01  0.77161E+11  0.40000E+09  17.9
  95 16.75   73.1  100.00  0.56345E+11 262.5  -1.0 110.0  81.3  0.42072E+12 -0.10000E+01  0.71904E+11  0.40000E+09  18.3
  95 17.00   75.3  100.00  0.52628E+11 264.1  -1.0 110.0  81.4  0.41906E+12 -0.10000E+01  0.66260E+11  0.40000E+09  18.8
  95 17.25   77.5  100.00  0.48541E+11 265.9  -1.0 110.0  81.5  0.41620E+12 -0.10000E+01  0.60197E+11  0.40000E+09  19.3
  95 17.50   79.8  100.00  0.44043E+11 268.0  -1.0 110.0  81.6  0.41201E+12 -0.10000E+01  0.53686E+11  0.40000E+09  20.0
  95 17.75   82.0  100.00  0.39100E+11 270.4  -1.0 110.0  81.7  0.40638E+12 -0.10000E+01  0.46718E+11  0.40000E+09  20.9
  95 18.00   84.3  100.00  0.33715E+11 273.1  -1.0 110.0  81.9  0.39925E+12 -0.10000E+01  0.39347E+11  0.40000E+09  22.0
  95 18.25   86.5  100.00  0.27983E+11 276.3  -1.0 110.0  82.1  0.39059E+12 -0.10000E+01  0.31771E+11  0.40000E+09  23.3
  95 18.50   88.8  100.00  0.22166E+11 279.7  -1.0 110.0  82.4  0.38042E+12 -0.10000E+01  0.24405E+11  0.40000E+09  24.9
  95 18.75   91.0  100.00  0.16702E+11 283.4  -1.0 110.0  82.7  0.36883E+12 -0.10000E+01  0.17826E+11  0.40000E+09  26.7
  95 19.00   93.2  100.00  0.11976E+11 287.1  -1.0 110.0  83.0  0.35597E+12 -0.10000E+01  0.12508E+11  0.40000E+09  28.9
  95 19.25   95.3  100.00  0.82503E+10 290.6  -1.0 110.0  83.4  0.34201E+12 -0.10000E+01  0.85871E+10  0.40000E+09  31.3
  95 19.50   97.5  100.00  0.56772E+10 294.1  -1.0 110.0  83.8  0.32722E+12 -0.10000E+01  0.58845E+10  0.40000E+09  34.0
  95 19.75   99.5  100.00  0.39785E+10 297.5  -1.0 110.0  84.3  0.31185E+12 -0.10000E+01  0.41043E+10  0.40000E+09  36.9
  95 20.00  101.6  100.00  0.28933E+10 300.9  -1.0 110.0  84.7  0.29619E+12 -0.10000E+01  0.29698E+10  0.40000E+09  39.9
  95 20.25  103.5  100.00  0.22205E+10 304.2  -1.0 110.0  85.1  0.28053E+12 -0.10000E+01  0.22680E+10  0.40000E+09  43.0
  95 20.50  105.4  100.00  0.20025E+10 307.2  -1.0 110.0  85.5  0.26512E+12 -0.10000E+01  0.20431E+10  0.40000E+09  45.9
  95 20.75  107.2  100.00  0.19985E+10 310.1  -1.0 110.0  85.9  0.25021E+12 -0.10000E+01  0.20431E+10  0.40000E+09  48.8
  95 21.00  109.0  100.00  0.19944E+10 313.0  -1.0 110.0  86.3  0.23598E+12 -0.10000E+01  0.20431E+10  0.40000E+09  51.4
  95 21.25  110.6  100.00  0.19905E+10 316.0  -1.0 110.0  86.6  0.22259E+12 -0.10000E+01  0.20431E+10  0.40000E+09  53.8
  95 21.50  112.2  100.00  0.19868E+10 319.0  -1.0 110.0  86.8  0.21014E+12 -0.10000E+01  0.20431E+10  0.40000E+09  55.9
  95 21.75  113.6  100.00  0.19834E+10 322.0  -1.0 110.0  87.1  0.19871E+12 -0.10000E+01  0.20431E+10  0.40000E+09  57.7
  95 22.00  114.9  100.00  0.19804E+10 324.8  -1.0 110.0  87.2  0.18832E+12 -0.10000E+01  0.20431E+10  0.40000E+09  59.2
  95 22.25  116.1  100.00  0.19778E+10 327.6  -1.0 110.0  87.4  0.17897E+12 -0.10000E+01  0.20431E+10  0.40000E+09  60.5
  95 22.50  117.2  100.00  0.19756E+10 330.3  -1.0 110.0  87.5  0.17062E+12 -0.10000E+01  0.20431E+10  0.40000E+09  61.5
  95 22.75  118.1  100.00  0.19737E+10 332.8  -1.0 110.0  87.6  0.16324E+12 -0.10000E+01  0.20431E+10  0.40000E+09  62.3
  95 23.00  118.9  100.00  0.19722E+10 335.2  -1.0 110.0  87.7  0.15675E+12 -0.10000E+01  0.20431E+10  0.40000E+09  63.0
  95 23.25  119.5  100.00  0.19709E+10 337.4  -1.0 110.0  87.8  0.15106E+12 -0.10000E+01  0.20431E+10  0.40000E+09  63.5
  95 23.50  119.9  100.00  0.19699E+10 339.4  -1.0 110.0  87.8  0.14607E+12 -0.10000E+01  0.20431E+10  0.40000E+09  64.0
  95 23.75  120.2  100.00  0.19691E+10 341.3  -1.0 110.0  87.9  0.14168E+12 -0.10000E+01  0.20431E+10  0.40000E+09  64.3
  95 24.00  120.3  100.00  0.19685E+10 342.9  -1.0 110.0  87.9  0.13777E+12 -0.10000E+01  0.20431E+10  0.40000E+09  64.6
