   1 22.00  141.8  100.00  0.20113E+10 314.1  -1.0 110.0  87.9  0.71169E+11 -0.10000E+01  0.20918E+10  0.40000E+09  65.1
   2 22.00  141.7  100.00  0.20115E+10 313.9  -1.0 110.0  87.9  0.70901E+11 -0.10000E+01  0.20920E+10  0.40000E+09  65.1
   3 22.00  141.5  100.00  0.20117E+10 313.7  -1.0 110.0  87.9  0.70634E+11 -0.10000E+01  0.20921E+10  0.40000E+09  65.1
   4 22.00  141.4  100.00  0.20118E+10 313.5  -1.0 110.0  87.9  0.70366E+11 -0.10000E+01  0.20923E+10  0.40000E+09  65.0
   5 22.00  141.2  100.00  0.20120E+10 313.3  -1.0 110.0  87.9  0.70100E+11 -0.10000E+01  0.20924E+10  0.40000E+09  65.0
   6 22.00  141.1  100.00  0.20121E+10 313.1  -1.0 110.0  87.9  0.69834E+11 -0.10000E+01  0.20925E+10  0.40000E+09  65.0
   7 22.00  140.9  100.00  0.20123E+10 312.9  -1.0 110.0  87.9  0.69568E+11 -0.10000E+01  0.20927E+10  0.40000E+09  65.0
   8 22.00  140.7  100.00  0.20124E+10 312.7  -1.0 110.0  87.9  0.69303E+11 -0.10000E+01  0.20928E+10  0.40000E+09  65.0
   9 22.00  140.6  100.00  0.20126E+10 312.6  -1.0 110.0  87.9  0.69039E+11 -0.10000E+01  0.20930E+10  0.40000E+09  65.0
  10 22.00  140.4  100.00  0.20128E+10 312.4  -1.0 110.0  87.9  0.68774E+11 -0.10000E+01  0.20931E+10  0.40000E+09  65.0
  11 22.00  140.2  100.00  0.20129E+10 312.2  -1.0 110.0  87.9  0.68511E+11 -0.10000E+01  0.20933E+10  0.40000E+09  65.0
  12 22.00  140.0  100.00  0.20131E+10 312.0  -1.0 110.0  87.9  0.68248E+11 -0.10000E+01  0.20934E+10  0.40000E+09  65.0
  13 22.00  139.8  100.00  0.20132E+10 311.8  -1.0 110.0  87.9  0.67985E+11 -0.10000E+01  0.20935E+10  0.40000E+09  64.9
  14 22.00  139.6  100.00  0.20134E+10 311.6  -1.0 110.0  87.9  0.67723E+11 -0.10000E+01  0.20937E+10  0.40000E+09  64.9
  15 22.00  139.4  100.00  0.20136E+10 311.4  -1.0 110.0  87.9  0.67462E+11 -0.10000E+01  0.20938E+10  0.40000E+09  64.9
  16 22.00  139.2  100.00  0.20131E+10 311.6  -1.0 110.0  87.9  0.68263E+11 -0.10000E+01  0.20933E+10  0.40000E+09  64.9
  17 22.00  139.0  100.00  0.20127E+10 311.8  -1.0 110.0  87.9  0.69070E+11 -0.10000E+01  0.20927E+10  0.40000E+09  64.9
  18 22.00  138.7  100.00  0.20122E+10 311.9  -1.0 110.0  87.9  0.69881E+11 -0.10000E+01  0.20922E+10  0.40000E+09  64.9
  19 22.00  138.5  100.00  0.20118E+10 312.1  -1.0 110.0  87.9  0.70697E+11 -0.10000E+01  0.20917E+10  0.40000E+09  64.8
  20 22.00  138.3  100.00  0.20113E+10 312.3  -1.0 110.0  87.9  0.71518E+11 -0.10000E+01  0.20911E+10  0.40000E+09  64.8
  21 22.00  138.1  100.00  0.20109E+10 312.5  -1.0 110.0  87.9  0.72343E+11 -0.10000E+01  0.20906E+10  0.40000E+09  64.8
  22 22.00  137.8  100.00  0.20105E+10 312.6  -1.0 110.0  87.9  0.73173E+11 -0.10000E+01  0.20900E+10  0.40000E+09  64.8
  23 22.00  137.6  100.00  0.20100E+10 312.8  -1.0 110.0  87.9  0.74008E+11 -0.10000E+01  0.20895E+10  0.40000E+09  64.8
  24 22.00  137.3  100.00  0.20096E+10 313.0  -1.0 110.0  87.9  0.74847E+11 -0.10000E+01  0.20890E+10  0.40000E+09  64.8
  25 22.00  137.1  100.00  0.20092E+10 313.2  -1.0 110.0  87.9  0.75692E+11 -0.10000E+01  0.20884E+10  0.40000E+09  64.7
  26 22.00  136.8  100.00  0.20087E+10 313.3  -1.0 110.0  87.9  0.76541E+11 -0.10000E+01  0.20879E+10  0.40000E+09  64.7
  27 22.00  136.6  100.00  0.20083E+10 313.5  -1.0 110.0  87.9  0.77395E+11 -0.10000E+01  0.20873E+10  0.40000E+09  64.7
  28 22.00  136.3  100.00  0.20079E+10 313.7  -1.0 110.0  87.9  0.78253E+11 -0.10000E+01  0.20868E+10  0.40000E+09  64.7
  29 22.00  136.1  100.00  0.20075E+10 313.8  -1.0 110.0  87.9  0.79116E+11 -0.10000E+01  0.20862E+10  0.40000E+09  64.6
  30 22.00  135.8  100.00  0.20070E+10 314.0  -1.0 110.0  87.9  0.79985E+11 -0.10000E+01  0.20857E+10  0.40000E+09  64.6
  31 22.00  135.5  100.00  0.20066E+10 314.2  -1.0 110.0  87.9  0.80857E+11 -0.10000E+01  0.20852E+10  0.40000E+09  64.6
  32 22.00  135.3  100.00  0.20062E+10 314.3  -1.0 110.0  87.9  0.81735E+11 -0.10000E+01  0.20846E+10  0.40000E+09  64.6
  33 22.00  135.0  100.00  0.20058E+10 314.5  -1.0 110.0  87.9  0.82617E+11 -0.10000E+01  0.20841E+10  0.40000E+09  64.5
  34 22.00  134.7  100.00  0.20054E+10 314.7  -1.0 110.0  87.9  0.83504E+11 -0.10000E+01  0.20835E+10  0.40000E+09  64.5
  35 22.00  134.4  100.00  0.20049E+10 314.8  -1.0 110.0  87.9  0.84396E+11 -0.10000E+01  0.20830E+10  0.40000E+09  64.5
  36 22.00  134.2  100.00  0.20045E+10 315.0  -1.0 110.0  87.9  0.85292E+11 -0.10000E+01  0.20825E+10  0.40000E+09  64.4
  37 22.00  133.9  100.00  0.20041E+10 315.2  -1.0 110.0  87.9  0.86193E+11 -0.10000E+01  0.20819E+10  0.40000E+09  64.4
  38 22.00  133.6  100.00  0.20037E+10 315.3  -1.0 110.0  87.9  0.87099E+11 -0.10000E+01  0.20814E+10  0.40000E+09  64.4
  39 22.00  133.3  100.00  0.20033E+10 315.5  -1.0 110.0  87.9  0.88010E+11 -0.10000E+01  0.20808E+10  0.40000E+09  64.3
  40 22.00  133.0  100.00  0.20029E+10 315.6  -1.0 110.0  87.9  0.88925E+11 -0.10000E+01  0.20803E+10  0.40000E+09  64.3
  41 22.00  132.7  100.00  0.20025E+10 315.8  -1.0 110.0  87.8  0.89845E+11 -0.10000E+01  0.20798E+10  0.40000E+09  64.3
  42 22.00  132.4  100.00  0.20021E+10 316.0  -1.0 110.0  87.8  0.90770E+11 -0.10000E+01  0.20792E+10  0.40000E+09  64.2
  43 22.00  132.1  100.00  0.20017E+10 316.1  -1.0 110.0  87.8  0.91700E+11 -0.10000E+01  0.20787E+10  0.40000E+09  64.2
  44 22.00  131.8  100.00  0.20013E+10 316.3  -1.0 110.0  87.8  0.92634E+11 -0.10000E+01  0.20781E+10  0.40000E+09  64.2
  45 22.00  131.5  100.00  0.20010E+10 316.4  -1.0 110.0  87.8  0.93573E+11 -0.10000E+01  0.20776E+10  0.40000E+09  64.1
  46 22.00  131.2  100.00  0.20003E+10 316.9  -1.0 110.0  87.8  0.95091E+11 -0.10000E+01  0.20768E+10  0.40000E+09  64.1
  47 22.00  130.9  100.00  0.19997E+10 317.4  -1.0 110.0  87.8  0.96621E+11 -0.10000E+01  0.20760E+10  0.40000E+09  64.0
  48 22.00  130.6  100.00  0.19991E+10 317.9  -1.0 110.0  87.8  0.98163E+11 -0.10000E+01  0.20752E+10  0.40000E+09  64.0
  49 22.00  130.3  100.00  0.19984E+10 318.3  -1.0 110.0  87.8  0.99718E+11 -0.10000E+01  0.20743E+10  0.40000E+09  63.9
  50 22.00  129.9  100.00  0.19978E+10 318.8  -1.0 110.0  87.8  0.10128E+12 -0.10000E+01  0.20735E+10  0.40000E+09  63.9
  51 22.00  129.6  100.00  0.19972E+10 319.3  -1.0 110.0  87.8  0.10286E+12 -0.10000E+01  0.20727E+10  0.40000E+09  63.8
  52 22.00  129.3  100.00  0.19966E+10 319.7  -1.0 110.0  87.8  0.10445E+12 -0.10000E+01  0.20719E+10  0.40000E+09  63.8
  53 22.00  129.0  100.00  0.19960E+10 320.2  -1.0 110.0  87.8  0.10606E+12 -0.10000E+01  0.20711E+10  0.40000E+09  63.7
  54 22.00  128.7  100.00  0.19954E+10 320.7  -1.0 110.0  87.8  0.10767E+12 -0.10000E+01  0.20703E+10  0.40000E+09  63.7
  55 22.00  128.4  100.00  0.19948E+10 321.1  -1.0 110.0  87.8  0.10930E+12 -0.10000E+01  0.20695E+10  0.40000E+09  63.6
  56 22.00  128.0  100.00  0.19942E+10 321.6  -1.0 110.0  87.8  0.11094E+12 -0.10000E+01  0.20687E+10  0.40000E+09  63.6
  57 22.00  127.7  100.00  0.19936E+10 322.1  -1.0 110.0  87.8  0.11259E+12 -0.10000E+01  0.20679E+10  0.40000E+09  63.5
  58 22.00  127.4  100.00  0.19930E+10 322.5  -1.0 110.0  87.7  0.11426E+12 -0.10000E+01  0.20670E+10  0.40000E+09  63.5
  59 22.00  127.0  100.00  0.19924E+10 323.0  -1.0 110.0  87.7  0.11594E+12 -0.10000E+01  0.20662E+10  0.40000E+09  63.4
  60 22.00  126.7  100.00  0.19918E+10 323.5  -1.0 110.0  87.7  0.11762E+12 -0.10000E+01  0.20654E+10  0.40000E+09  63.3
  61 22.00  126.4  100.00  0.19912E+10 323.9  -1.0 110.0  87.7  0.11933E+12 -0.10000E+01  0.20646E+10  0.40000E+09  63.3
  62 22.00  126.1  100.00  0.19907E+10 324.4  -1.0 110.0  87.7  0.12104E+12 -0.10000E+01  0.20638E+10  0.40000E+09  63.2
  63 22.00  125.7  100.00  0.19901E+10 324.9  -1.0 110.0  87.7  0.12276E+12 -0.10000E+01  0.20630E+10  0.40000E+09  63.1
  64 22.00  125.4  100.00  0.19895E+10 325.3  -1.0 110.0  87.7  0.12450E+12 -0.10000E+01  0.20622E+10  0.40000E+09  63.1
  65 22.00  125.1  100.00  0.19890E+10 325.8  -1.0 110.0  87.7  0.12625E+12 -0.10000E+01  0.20614E+10  0.40000E+09  63.0
  66 22.00  124.7  100.00  0.19884E+10 326.2  -1.0 110.0  87.7  0.12801E+12 -0.10000E+01  0.20606E+10  0.40000E+09  62.9
  67 22.00  124.4  100.00  0.19879E+10 326.7  -1.0 110.0  87.7  0.12979E+12 -0.10000E+01  0.20597E+10  0.40000E+09  62.8
  68 22.00  124.0  100.00  0.19873E+10 327.2  -1.0 110.0  87.7  0.13158E+12 -0.10000E+01  0.20589E+10  0.40000E+09  62.7
  69 22.00  123.7  100.00  0.19868E+10 327.6  -1.0 110.0  87.7  0.13337E+12 -0.10000E+01  0.20581E+10  0.40000E+09  62.7
  70 22.00  123.4  100.00  0.19862E+10 328.1  -1.0 110.0  87.6  0.13519E+12 -0.10000E+01  0.20573E+10  0.40000E+09  62.6
  71 22.00  123.0  100.00  0.19857E+10 328.6  -1.0 110.0  87.6  0.13701E+12 -0.10000E+01  0.20565E+10  0.40000E+09  62.5
  72 22.00  122.7  100.00  0.19852E+10 329.0  -1.0 110.0  87.6  0.13884E+12 -0.10000E+01  0.20557E+10  0.40000E+09  62.4
  73 22.00  122.3  100.00  0.19846E+10 329.5  -1.0 110.0  87.6  0.14069E+12 -0.10000E+01  0.20549E+10  0.40000E+09  62.3
  74 22.00  122.0  100.00  0.19841E+10 329.9  -1.0 110.0  87.6  0.14255E+12 -0.10000E+01  0.20541E+10  0.40000E+09  62.2
  75 22.00  121.7  100.00  0.19839E+10 329.7  -1.0 110.0  87.6  0.14459E+12 -0.10000E+01  0.20536E+10  0.40000E+09  62.1
  76 22.00  121.3  100.00  0.19836E+10 329.5  -1.0 110.0  87.6  0.14664E+12 -0.10000E+01  0.20530E+10  0.40000E+09  62.0
  77 22.00  121.0  100.00  0.19834E+10 329.2  -1.0 110.0  87.6  0.14870E+12 -0.10000E+01  0.20525E+10  0.40000E+09  61.9
  78 22.00  120.6  100.00  0.19832E+10 329.0  -1.0 110.0  87.5  0.15078E+12 -0.10000E+01  0.20520E+10  0.40000E+09  61.8
  79 22.00  120.3  100.00  0.19830E+10 328.8  -1.0 110.0  87.5  0.15287E+12 -0.10000E+01  0.20515E+10  0.40000E+09  61.7
  80 22.00  120.0  100.00  0.19827E+10 328.5  -1.0 110.0  87.5  0.15498E+12 -0.10000E+01  0.20510E+10  0.40000E+09  61.5
  81 22.00  119.6  100.00  0.19825E+10 328.3  -1.0 110.0  87.5  0.15710E+12 -0.10000E+01  0.20504E+10  0.40000E+09  61.4
  82 22.00  119.3  100.00  0.19823E+10 328.0  -1.0 110.0  87.5  0.15924E+12 -0.10000E+01  0.20499E+10  0.40000E+09  61.3
  83 22.00  119.0  100.00  0.19821E+10 327.8  -1.0 110.0  87.5  0.16139E+12 -0.10000E+01  0.20494E+10  0.40000E+09  61.1
  84 22.00  118.6  100.00  0.19819E+10 327.5  -1.0 110.0  87.5  0.16355E+12 -0.10000E+01  0.20489E+10  0.40000E+09  61.0
  85 22.00  118.3  100.00  0.19818E+10 327.3  -1.0 110.0  87.4  0.16573E+12 -0.10000E+01  0.20483E+10  0.40000E+09  60.9
  86 22.00  117.9  100.00  0.19816E+10 327.1  -1.0 110.0  87.4  0.16793E+12 -0.10000E+01  0.20478E+10  0.40000E+09  60.7
  87 22.00  117.6  100.00  0.19814E+10 326.8  -1.0 110.0  87.4  0.17013E+12 -0.10000E+01  0.20473E+10  0.40000E+09  60.6
  88 22.00  117.3  100.00  0.19813E+10 326.6  -1.0 110.0  87.4  0.17236E+12 -0.10000E+01  0.20468E+10  0.40000E+09  60.4
  89 22.00  116.9  100.00  0.19811E+10 326.3  -1.0 110.0  87.4  0.17459E+12 -0.10000E+01  0.20463E+10  0.40000E+09  60.3
  90 22.00  116.6  100.00  0.19810E+10 326.1  -1.0 110.0  87.4  0.17685E+12 -0.10000E+01  0.20457E+10  0.40000E+09  60.1
  91 22.00  116.3  100.00  0.19808E+10 325.8  -1.0 110.0  87.3  0.17911E+12 -0.10000E+01  0.20452E+10  0.40000E+09  59.9
  92 22.00  115.9  100.00  0.19807E+10 325.6  -1.0 110.0  87.3  0.18139E+12 -0.10000E+01  0.20447E+10  0.40000E+09  59.8
  93 22.00  115.6  100.00  0.19806E+10 325.3  -1.0 110.0  87.3  0.18369E+12 -0.10000E+01  0.20442E+10  0.40000E+09  59.6
  94 22.00  115.3  100.00  0.19805E+10 325.1  -1.0 110.0  87.3  0.18600E+12 -0.10000E+01  0.20437E+10  0.40000E+09  59.4
  95 22.00  114.9  100.00  0.19804E+10 324.8  -1.0 110.0  87.2  0.18832E+12 -0.10000E+01  0.20431E+10  0.40000E+09  59.2
  96 22.00  114.6  100.00  0.19803E+10 324.6  -1.0 110.0  87.2  0.19066E+12 -0.10000E+01  0.20426E+10  0.40000E+09  59.0
  97 22.00  114.3  100.00  0.19802E+10 324.3  -1.0 110.0  87.2  0.19301E+12 -0.10000E+01  0.20421E+10  0.40000E+09  58.8
  98 22.00  114.0  100.00  0.19801E+10 324.1  -1.0 110.0  87.2  0.19538E+12 -0.10000E+01  0.20416E+10  0.40000E+09  58.6
  99 22.00  113.6  100.00  0.19801E+10 323.8  -1.0 110.0  87.1  0.19776E+12 -0.10000E+01  0.20411E+10  0.40000E+09  58.4
 100 22.00  113.3  100.00  0.19800E+10 323.6  -1.0 110.0  87.1  0.20015E+12 -0.10000E+01  0.20405E+10  0.40000E+09  58.1
 101 22.00  113.0  100.00  0.19800E+10 323.4  -1.0 110.0  87.1  0.20256E+12 -0.10000E+01  0.20400E+10  0.40000E+09  57.9
 102 22.00  112.7  100.00  0.19800E+10 323.1  -1.0 110.0  87.1  0.20499E+12 -0.10000E+01  0.20395E+10  0.40000E+09  57.6
 103 22.00  112.3  100.00  0.19799E+10 322.9  -1.0 110.0  87.0  0.20743E+12 -0.10000E+01  0.20390E+10  0.40000E+09  57.4
 104 22.00  112.0  100.00  0.19799E+10 322.6  -1.0 110.0  87.0  0.20988E+12 -0.10000E+01  0.20385E+10  0.40000E+09  57.1
 105 22.00  111.7  100.00  0.19799E+10 322.3  -1.0 110.0  87.0  0.21235E+12 -0.10000E+01  0.20380E+10  0.40000E+09  56.9
 106 22.00  111.4  100.00  0.19799E+10 321.8  -1.0 110.0  86.9  0.21609E+12 -0.10000E+01  0.20374E+10  0.40000E+09  56.6
 107 22.00  111.1  100.00  0.19798E+10 321.3  -1.0 110.0  86.9  0.21987E+12 -0.10000E+01  0.20368E+10  0.40000E+09  56.3
 108 22.00  110.8  100.00  0.19798E+10 320.7  -1.0 110.0  86.9  0.22368E+12 -0.10000E+01  0.20362E+10  0.40000E+09  56.0
 109 22.00  110.5  100.00  0.19797E+10 320.2  -1.0 110.0  86.8  0.22752E+12 -0.10000E+01  0.20356E+10  0.40000E+09  55.7
 110 22.00  110.2  100.00  0.19797E+10 319.6  -1.0 110.0  86.8  0.23139E+12 -0.10000E+01  0.20350E+10  0.40000E+09  55.4
 111 22.00  109.9  100.00  0.19797E+10 319.1  -1.0 110.0  86.8  0.23530E+12 -0.10000E+01  0.20344E+10  0.40000E+09  55.1
 112 22.00  109.6  100.00  0.19797E+10 318.6  -1.0 110.0  86.7  0.23924E+12 -0.10000E+01  0.20339E+10  0.40000E+09  54.7
 113 22.00  109.3  100.00  0.19797E+10 318.0  -1.0 110.0  86.7  0.24321E+12 -0.10000E+01  0.20333E+10  0.40000E+09  54.4
 114 22.00  109.0  100.00  0.19798E+10 317.5  -1.0 110.0  86.6  0.24722E+12 -0.10000E+01  0.20327E+10  0.40000E+09  54.0
 115 22.00  108.7  100.00  0.19798E+10 316.9  -1.0 110.0  86.6  0.25126E+12 -0.10000E+01  0.20321E+10  0.40000E+09  53.7
 116 22.00  108.4  100.00  0.19798E+10 316.4  -1.0 110.0  86.6  0.25533E+12 -0.10000E+01  0.20315E+10  0.40000E+09  53.3
 117 22.00  108.1  100.00  0.19799E+10 315.9  -1.0 110.0  86.5  0.25943E+12 -0.10000E+01  0.20309E+10  0.40000E+09  52.9
 118 22.00  107.8  100.00  0.19799E+10 315.3  -1.0 110.0  86.5  0.26357E+12 -0.10000E+01  0.20303E+10  0.40000E+09  52.5
 119 22.00  107.6  100.00  0.19800E+10 314.8  -1.0 110.0  86.4  0.26774E+12 -0.10000E+01  0.20298E+10  0.40000E+09  52.1
 120 22.00  107.3  100.00  0.19800E+10 314.2  -1.0 110.0  86.4  0.27194E+12 -0.10000E+01  0.20292E+10  0.40000E+09  51.7
 121 22.00  107.0  100.00  0.19801E+10 313.7  -1.0 110.0  86.3  0.27617E+12 -0.10000E+01  0.20286E+10  0.40000E+09  51.3
 122 22.00  106.7  100.00  0.19801E+10 313.2  -1.0 110.0  86.3  0.28044E+12 -0.10000E+01  0.20280E+10  0.40000E+09  50.8
 123 22.00  106.5  100.00  0.19802E+10 312.6  -1.0 110.0  86.2  0.28474E+12 -0.10000E+01  0.20274E+10  0.40000E+09  50.4
 124 22.00  106.2  100.00  0.19803E+10 312.1  -1.0 110.0  86.2  0.28907E+12 -0.10000E+01  0.20268E+10  0.40000E+09  49.9
 125 22.00  105.9  100.00  0.19804E+10 311.6  -1.0 110.0  86.1  0.29344E+12 -0.10000E+01  0.20262E+10  0.40000E+09  49.5
 126 22.00  105.7  100.00  0.19805E+10 311.0  -1.0 110.0  86.1  0.29783E+12 -0.10000E+01  0.20257E+10  0.40000E+09  49.0
 127 22.00  105.4  100.00  0.19805E+10 310.5  -1.0 110.0  86.0  0.30227E+12 -0.10000E+01  0.20251E+10  0.40000E+09  48.5
 128 22.00  105.2  100.00  0.19806E+10 310.0  -1.0 110.0  85.9  0.30673E+12 -0.10000E+01  0.20245E+10  0.40000E+09  48.0
 129 22.00  104.9  100.00  0.19807E+10 309.4  -1.0 110.0  85.9  0.31123E+12 -0.10000E+01  0.20239E+10  0.40000E+09  47.5
 130 22.00  104.7  100.00  0.19808E+10 308.9  -1.0 110.0  85.8  0.31575E+12 -0.10000E+01  0.20233E+10  0.40000E+09  47.0
 131 22.00  104.4  100.00  0.19809E+10 308.4  -1.0 110.0  85.8  0.32032E+12 -0.10000E+01  0.20227E+10  0.40000E+09  46.5
 132 22.00  104.2  100.00  0.20056E+10 307.8  -1.0 110.0  85.7  0.32491E+12 -0.10000E+01  0.20482E+10  0.40000E+09  45.9
 133 22.00  104.0  100.00  0.20569E+10 307.2  -1.0 110.0  85.6  0.32954E+12 -0.10000E+01  0.21017E+10  0.40000E+09  45.4
 134 22.00  103.8  100.00  0.21102E+10 306.6  -1.0 110.0  85.6  0.33420E+12 -0.10000E+01  0.21573E+10  0.40000E+09  44.9
 135 22.00  103.5  100.00  0.21654E+10 306.0  -1.0 110.0  85.5  0.33889E+12 -0.10000E+01  0.22148E+10  0.40000E+09  44.3
 136 22.00  103.3  100.00  0.22225E+10 305.7  -1.0 110.0  85.5  0.34020E+12 -0.10000E+01  0.22743E+10  0.40000E+09  43.8
 137 22.00  103.1  100.00  0.22812E+10 305.4  -1.0 110.0  85.4  0.34150E+12 -0.10000E+01  0.23354E+10  0.40000E+09  43.2
 138 22.00  102.9  100.00  0.23419E+10 305.1  -1.0 110.0  85.3  0.34282E+12 -0.10000E+01  0.23985E+10  0.40000E+09  42.7
 139 22.00  102.7  100.00  0.24039E+10 304.7  -1.0 110.0  85.3  0.34413E+12 -0.10000E+01  0.24631E+10  0.40000E+09  42.2
 140 22.00  102.5  100.00  0.24672E+10 304.4  -1.0 110.0  85.2  0.34545E+12 -0.10000E+01  0.25290E+10  0.40000E+09  41.6
 141 22.00  102.3  100.00  0.25320E+10 304.1  -1.0 110.0  85.1  0.34677E+12 -0.10000E+01  0.25964E+10  0.40000E+09  41.1
 142 22.00  102.1  100.00  0.25977E+10 303.8  -1.0 110.0  85.1  0.34809E+12 -0.10000E+01  0.26647E+10  0.40000E+09  40.5
 143 22.00  102.0  100.00  0.26646E+10 303.4  -1.0 110.0  85.0  0.34941E+12 -0.10000E+01  0.27342E+10  0.40000E+09  40.0
 144 22.00  101.8  100.00  0.27320E+10 303.1  -1.0 110.0  84.9  0.35074E+12 -0.10000E+01  0.28043E+10  0.40000E+09  39.4
 145 22.00  101.6  100.00  0.28000E+10 302.8  -1.0 110.0  84.9  0.35207E+12 -0.10000E+01  0.28749E+10  0.40000E+09  38.9
 146 22.00  101.4  100.00  0.28685E+10 302.5  -1.0 110.0  84.8  0.35340E+12 -0.10000E+01  0.29460E+10  0.40000E+09  38.4
 147 22.00  101.3  100.00  0.29371E+10 302.1  -1.0 110.0  84.8  0.35474E+12 -0.10000E+01  0.30172E+10  0.40000E+09  37.9
 148 22.00  101.1  100.00  0.30056E+10 301.8  -1.0 110.0  84.7  0.35607E+12 -0.10000E+01  0.30882E+10  0.40000E+09  37.4
 149 22.00  101.0  100.00  0.30739E+10 301.5  -1.0 110.0  84.6  0.35741E+12 -0.10000E+01  0.31591E+10  0.40000E+09  36.9
 150 22.00  100.8  100.00  0.31418E+10 301.2  -1.0 110.0  84.6  0.35875E+12 -0.10000E+01  0.32294E+10  0.40000E+09  36.4
 151 22.00  100.7  100.00  0.32087E+10 300.9  -1.0 110.0  84.5  0.36010E+12 -0.10000E+01  0.32988E+10  0.40000E+09  35.9
 152 22.00  100.6  100.00  0.32749E+10 300.5  -1.0 110.0  84.5  0.36145E+12 -0.10000E+01  0.33673E+10  0.40000E+09  35.4
 153 22.00  100.5  100.00  0.33396E+10 300.2  -1.0 110.0  84.4  0.36280E+12 -0.10000E+01  0.34344E+10  0.40000E+09  35.0
 154 22.00  100.3  100.00  0.34032E+10 299.9  -1.0 110.0  84.4  0.36415E+12 -0.10000E+01  0.35002E+10  0.40000E+09  34.6
 155 22.00  100.2  100.00  0.34649E+10 299.6  -1.0 110.0  84.3  0.36550E+12 -0.10000E+01  0.35640E+10  0.40000E+09  34.2
 156 22.00  100.1  100.00  0.35247E+10 299.3  -1.0 110.0  84.3  0.36686E+12 -0.10000E+01  0.36259E+10  0.40000E+09  33.8
 157 22.00  100.0  100.00  0.35824E+10 299.0  -1.0 110.0  84.2  0.36822E+12 -0.10000E+01  0.36856E+10  0.40000E+09  33.4
 158 22.00   99.9  100.00  0.36377E+10 298.7  -1.0 110.0  84.2  0.36958E+12 -0.10000E+01  0.37427E+10  0.40000E+09  33.0
 159 22.00   99.8  100.00  0.36903E+10 298.4  -1.0 110.0  84.1  0.37095E+12 -0.10000E+01  0.37972E+10  0.40000E+09  32.7
 160 22.00   99.8  100.00  0.37402E+10 298.1  -1.0 110.0  84.1  0.37231E+12 -0.10000E+01  0.38487E+10  0.40000E+09  32.4
 161 22.00   99.7  100.00  0.37871E+10 297.8  -1.0 110.0  84.1  0.37368E+12 -0.10000E+01  0.38972E+10  0.40000E+09  32.1
 162 22.00   99.6  100.00  0.38307E+10 297.5  -1.0 110.0  84.0  0.37505E+12 -0.10000E+01  0.39423E+10  0.40000E+09  31.8
 163 22.00   99.5  100.00  0.38709E+10 297.2  -1.0 110.0  84.0  0.37643E+12 -0.10000E+01  0.39838E+10  0.40000E+09  31.6
 164 22.00   99.5  100.00  0.39076E+10 297.0  -1.0 110.0  84.0  0.37781E+12 -0.10000E+01  0.40216E+10  0.40000E+09  31.4
 165 22.00   99.4  100.00  0.39406E+10 296.7  -1.0 110.0  84.0  0.37919E+12 -0.10000E+01  0.40558E+10  0.40000E+09  31.2
 166 22.00   99.4  100.00  0.39697E+10 296.4  -1.0 110.0  83.9  0.38057E+12 -0.10000E+01  0.40858E+10  0.40000E+09  31.0
 167 22.00   99.4  100.00  0.39948E+10 296.3  -1.0 110.0  83.9  0.37894E+12 -0.10000E+01  0.41118E+10  0.40000E+09  30.9
 168 22.00   99.3  100.00  0.40156E+10 296.2  -1.0 110.0  83.9  0.37732E+12 -0.10000E+01  0.41333E+10  0.40000E+09  30.8
 169 22.00   99.3  100.00  0.40325E+10 296.2  -1.0 110.0  83.9  0.37570E+12 -0.10000E+01  0.41508E+10  0.40000E+09  30.7
 170 22.00   99.3  100.00  0.40450E+10 296.1  -1.0 110.0  83.9  0.37409E+12 -0.10000E+01  0.41636E+10  0.40000E+09  30.7
 171 22.00   99.3  100.00  0.40531E+10 296.0  -1.0 110.0  83.9  0.37248E+12 -0.10000E+01  0.41720E+10  0.40000E+09  30.6
 172 22.00   99.3  100.00  0.40569E+10 296.0  -1.0 110.0  83.9  0.37087E+12 -0.10000E+01  0.41760E+10  0.40000E+09  30.6
 173 22.00   99.3  100.00  0.40563E+10 295.9  -1.0 110.0  83.9  0.36926E+12 -0.10000E+01  0.41753E+10  0.40000E+09  30.7
 174 22.00   99.3  100.00  0.40512E+10 295.8  -1.0 110.0  83.9  0.36766E+12 -0.10000E+01  0.41702E+10  0.40000E+09  30.7
 175 22.00   99.3  100.00  0.40418E+10 295.8  -1.0 110.0  83.9  0.36606E+12 -0.10000E+01  0.41604E+10  0.40000E+09  30.8
 176 22.00   99.3  100.00  0.40280E+10 295.7  -1.0 110.0  83.9  0.36447E+12 -0.10000E+01  0.41462E+10  0.40000E+09  30.9
 177 22.00   99.3  100.00  0.40099E+10 295.7  -1.0 110.0  83.9  0.36288E+12 -0.10000E+01  0.41275E+10  0.40000E+09  31.1
 178 22.00   99.4  100.00  0.39875E+10 295.6  -1.0 110.0  83.9  0.36129E+12 -0.10000E+01  0.41044E+10  0.40000E+09  31.2
 179 22.00   99.4  100.00  0.39609E+10 295.6  -1.0 110.0  84.0  0.35971E+12 -0.10000E+01  0.40770E+10  0.40000E+09  31.4
 180 22.00   99.4  100.00  0.39304E+10 295.5  -1.0 110.0  84.0  0.35813E+12 -0.10000E+01  0.40455E+10  0.40000E+09  31.6
 181 22.00   99.5  100.00  0.38959E+10 295.5  -1.0 110.0  84.0  0.35655E+12 -0.10000E+01  0.40099E+10  0.40000E+09  31.8
 182 22.00   99.5  100.00  0.38576E+10 295.5  -1.0 110.0  84.0  0.35498E+12 -0.10000E+01  0.39703E+10  0.40000E+09  32.1
 183 22.00   99.6  100.00  0.38156E+10 295.4  -1.0 110.0  84.1  0.35341E+12 -0.10000E+01  0.39269E+10  0.40000E+09  32.3
 184 22.00   99.7  100.00  0.37702E+10 295.4  -1.0 110.0  84.1  0.35184E+12 -0.10000E+01  0.38799E+10  0.40000E+09  32.6
 185 22.00   99.8  100.00  0.37213E+10 295.4  -1.0 110.0  84.1  0.35028E+12 -0.10000E+01  0.38294E+10  0.40000E+09  32.9
 186 22.00   99.8  100.00  0.36694E+10 295.3  -1.0 110.0  84.2  0.34872E+12 -0.10000E+01  0.37758E+10  0.40000E+09  33.3
 187 22.00   99.9  100.00  0.36147E+10 295.3  -1.0 110.0  84.2  0.34716E+12 -0.10000E+01  0.37191E+10  0.40000E+09  33.6
 188 22.00  100.0  100.00  0.35573E+10 295.3  -1.0 110.0  84.3  0.34561E+12 -0.10000E+01  0.36597E+10  0.40000E+09  34.0
 189 22.00  100.1  100.00  0.34973E+10 295.3  -1.0 110.0  84.3  0.34406E+12 -0.10000E+01  0.35975E+10  0.40000E+09  34.3
 190 22.00  100.3  100.00  0.34352E+10 295.3  -1.0 110.0  84.3  0.34251E+12 -0.10000E+01  0.35332E+10  0.40000E+09  34.7
 191 22.00  100.4  100.00  0.33710E+10 295.2  -1.0 110.0  84.4  0.34097E+12 -0.10000E+01  0.34667E+10  0.40000E+09  35.1
 192 22.00  100.5  100.00  0.33051E+10 295.2  -1.0 110.0  84.4  0.33943E+12 -0.10000E+01  0.33984E+10  0.40000E+09  35.6
 193 22.00  100.6  100.00  0.32377E+10 295.2  -1.0 110.0  84.5  0.33790E+12 -0.10000E+01  0.33285E+10  0.40000E+09  36.0
 194 22.00  100.8  100.00  0.31690E+10 295.2  -1.0 110.0  84.5  0.33636E+12 -0.10000E+01  0.32572E+10  0.40000E+09  36.4
 195 22.00  100.9  100.00  0.30990E+10 295.2  -1.0 110.0  84.6  0.33484E+12 -0.10000E+01  0.31847E+10  0.40000E+09  36.9
 196 22.00  101.0  100.00  0.30286E+10 295.2  -1.0 110.0  84.7  0.33331E+12 -0.10000E+01  0.31115E+10  0.40000E+09  37.4
 197 22.00  101.2  100.00  0.29576E+10 295.3  -1.0 110.0  84.7  0.33161E+12 -0.10000E+01  0.30379E+10  0.40000E+09  37.9
 198 22.00  101.4  100.00  0.28865E+10 295.4  -1.0 110.0  84.8  0.32991E+12 -0.10000E+01  0.29640E+10  0.40000E+09  38.3
 199 22.00  101.5  100.00  0.28152E+10 295.6  -1.0 110.0  84.8  0.32822E+12 -0.10000E+01  0.28899E+10  0.40000E+09  38.8
 200 22.00  101.7  100.00  0.27441E+10 295.7  -1.0 110.0  84.9  0.32653E+12 -0.10000E+01  0.28161E+10  0.40000E+09  39.3
 201 22.00  101.9  100.00  0.26734E+10 295.8  -1.0 110.0  85.0  0.32484E+12 -0.10000E+01  0.27426E+10  0.40000E+09  39.9
 202 22.00  102.1  100.00  0.26035E+10 295.9  -1.0 110.0  85.0  0.32316E+12 -0.10000E+01  0.26698E+10  0.40000E+09  40.4
 203 22.00  102.3  100.00  0.25343E+10 296.0  -1.0 110.0  85.1  0.32148E+12 -0.10000E+01  0.25979E+10  0.40000E+09  40.9
 204 22.00  102.5  100.00  0.24660E+10 296.1  -1.0 110.0  85.1  0.31981E+12 -0.10000E+01  0.25268E+10  0.40000E+09  41.4
 205 22.00  102.7  100.00  0.23992E+10 296.3  -1.0 110.0  85.2  0.31814E+12 -0.10000E+01  0.24573E+10  0.40000E+09  42.0
 206 22.00  102.9  100.00  0.23337E+10 296.4  -1.0 110.0  85.3  0.31648E+12 -0.10000E+01  0.23891E+10  0.40000E+09  42.5
 207 22.00  103.1  100.00  0.22698E+10 296.5  -1.0 110.0  85.3  0.31482E+12 -0.10000E+01  0.23225E+10  0.40000E+09  43.0
 208 22.00  103.3  100.00  0.22073E+10 296.6  -1.0 110.0  85.4  0.31317E+12 -0.10000E+01  0.22575E+10  0.40000E+09  43.6
 209 22.00  103.5  100.00  0.21473E+10 296.7  -1.0 110.0  85.5  0.31152E+12 -0.10000E+01  0.21950E+10  0.40000E+09  44.1
 210 22.00  103.8  100.00  0.20886E+10 296.9  -1.0 110.0  85.5  0.30987E+12 -0.10000E+01  0.21338E+10  0.40000E+09  44.7
 211 22.00  104.0  100.00  0.20322E+10 297.0  -1.0 110.0  85.6  0.30823E+12 -0.10000E+01  0.20750E+10  0.40000E+09  45.2
 212 22.00  104.3  100.00  0.19780E+10 297.1  -1.0 110.0  85.7  0.30659E+12 -0.10000E+01  0.20186E+10  0.40000E+09  45.7
 213 22.00  104.5  100.00  0.19350E+10 297.2  -1.0 110.0  85.7  0.30496E+12 -0.10000E+01  0.19738E+10  0.40000E+09  46.3
 214 22.00  104.8  100.00  0.19339E+10 297.2  -1.0 110.0  85.8  0.30333E+12 -0.10000E+01  0.19733E+10  0.40000E+09  46.8
 215 22.00  105.0  100.00  0.19328E+10 297.3  -1.0 110.0  85.8  0.30171E+12 -0.10000E+01  0.19728E+10  0.40000E+09  47.3
 216 22.00  105.3  100.00  0.19317E+10 297.4  -1.0 110.0  85.9  0.30009E+12 -0.10000E+01  0.19723E+10  0.40000E+09  47.9
 217 22.00  105.6  100.00  0.19306E+10 297.4  -1.0 110.0  86.0  0.29847E+12 -0.10000E+01  0.19718E+10  0.40000E+09  48.4
 218 22.00  105.8  100.00  0.19295E+10 297.5  -1.0 110.0  86.0  0.29686E+12 -0.10000E+01  0.19712E+10  0.40000E+09  48.9
 219 22.00  106.1  100.00  0.19283E+10 297.5  -1.0 110.0  86.1  0.29525E+12 -0.10000E+01  0.19707E+10  0.40000E+09  49.4
 220 22.00  106.4  100.00  0.19272E+10 297.6  -1.0 110.0  86.1  0.29365E+12 -0.10000E+01  0.19702E+10  0.40000E+09  49.9
 221 22.00  106.7  100.00  0.19261E+10 297.6  -1.0 110.0  86.2  0.29205E+12 -0.10000E+01  0.19697E+10  0.40000E+09  50.4
 222 22.00  107.0  100.00  0.19250E+10 297.7  -1.0 110.0  86.3  0.29046E+12 -0.10000E+01  0.19692E+10  0.40000E+09  50.9
 223 22.00  107.3  100.00  0.19239E+10 297.7  -1.0 110.0  86.3  0.28887E+12 -0.10000E+01  0.19687E+10  0.40000E+09  51.3
 224 22.00  107.6  100.00  0.19228E+10 297.8  -1.0 110.0  86.4  0.28728E+12 -0.10000E+01  0.19682E+10  0.40000E+09  51.8
 225 22.00  107.9  100.00  0.19216E+10 297.9  -1.0 110.0  86.4  0.28570E+12 -0.10000E+01  0.19676E+10  0.40000E+09  52.3
 226 22.00  108.2  100.00  0.19205E+10 297.9  -1.0 110.0  86.5  0.28413E+12 -0.10000E+01  0.19671E+10  0.40000E+09  52.7
 227 22.00  108.5  100.00  0.19194E+10 298.0  -1.0 110.0  86.5  0.28256E+12 -0.10000E+01  0.19666E+10  0.40000E+09  53.1
 228 22.00  108.9  100.00  0.19184E+10 298.5  -1.0 110.0  86.6  0.27888E+12 -0.10000E+01  0.19662E+10  0.40000E+09  53.6
 229 22.00  109.2  100.00  0.19174E+10 299.0  -1.0 110.0  86.6  0.27522E+12 -0.10000E+01  0.19658E+10  0.40000E+09  54.0
 230 22.00  109.5  100.00  0.19164E+10 299.6  -1.0 110.0  86.7  0.27159E+12 -0.10000E+01  0.19654E+10  0.40000E+09  54.4
 231 22.00  109.8  100.00  0.19154E+10 300.1  -1.0 110.0  86.7  0.26798E+12 -0.10000E+01  0.19649E+10  0.40000E+09  54.8
 232 22.00  110.2  100.00  0.19145E+10 300.6  -1.0 110.0  86.8  0.26440E+12 -0.10000E+01  0.19645E+10  0.40000E+09  55.2
 233 22.00  110.5  100.00  0.19135E+10 301.2  -1.0 110.0  86.8  0.26084E+12 -0.10000E+01  0.19641E+10  0.40000E+09  55.6
 234 22.00  110.9  100.00  0.19125E+10 301.7  -1.0 110.0  86.9  0.25731E+12 -0.10000E+01  0.19637E+10  0.40000E+09  55.9
 235 22.00  111.2  100.00  0.19116E+10 302.2  -1.0 110.0  86.9  0.25380E+12 -0.10000E+01  0.19633E+10  0.40000E+09  56.3
 236 22.00  111.6  100.00  0.19107E+10 302.8  -1.0 110.0  86.9  0.25032E+12 -0.10000E+01  0.19628E+10  0.40000E+09  56.6
 237 22.00  111.9  100.00  0.19097E+10 303.3  -1.0 110.0  87.0  0.24685E+12 -0.10000E+01  0.19624E+10  0.40000E+09  56.9
 238 22.00  112.3  100.00  0.19088E+10 303.8  -1.0 110.0  87.0  0.24342E+12 -0.10000E+01  0.19620E+10  0.40000E+09  57.3
 239 22.00  112.6  100.00  0.19079E+10 304.4  -1.0 110.0  87.1  0.24000E+12 -0.10000E+01  0.19616E+10  0.40000E+09  57.6
 240 22.00  113.0  100.00  0.19070E+10 304.9  -1.0 110.0  87.1  0.23661E+12 -0.10000E+01  0.19612E+10  0.40000E+09  57.9
 241 22.00  113.3  100.00  0.19061E+10 305.5  -1.0 110.0  87.1  0.23325E+12 -0.10000E+01  0.19607E+10  0.40000E+09  58.2
 242 22.00  113.7  100.00  0.19052E+10 306.0  -1.0 110.0  87.2  0.22991E+12 -0.10000E+01  0.19603E+10  0.40000E+09  58.5
 243 22.00  114.1  100.00  0.19044E+10 306.5  -1.0 110.0  87.2  0.22659E+12 -0.10000E+01  0.19599E+10  0.40000E+09  58.7
 244 22.00  114.4  100.00  0.19035E+10 307.1  -1.0 110.0  87.2  0.22330E+12 -0.10000E+01  0.19595E+10  0.40000E+09  59.0
 245 22.00  114.8  100.00  0.19027E+10 307.6  -1.0 110.0  87.3  0.22003E+12 -0.10000E+01  0.19591E+10  0.40000E+09  59.2
 246 22.00  115.2  100.00  0.19019E+10 308.2  -1.0 110.0  87.3  0.21678E+12 -0.10000E+01  0.19586E+10  0.40000E+09  59.5
 247 22.00  115.6  100.00  0.19011E+10 308.7  -1.0 110.0  87.3  0.21356E+12 -0.10000E+01  0.19582E+10  0.40000E+09  59.7
 248 22.00  116.0  100.00  0.19003E+10 309.3  -1.0 110.0  87.3  0.21037E+12 -0.10000E+01  0.19578E+10  0.40000E+09  60.0
 249 22.00  116.3  100.00  0.18995E+10 309.8  -1.0 110.0  87.4  0.20719E+12 -0.10000E+01  0.19574E+10  0.40000E+09  60.2
 250 22.00  116.7  100.00  0.18987E+10 310.3  -1.0 110.0  87.4  0.20405E+12 -0.10000E+01  0.19570E+10  0.40000E+09  60.4
 251 22.00  117.1  100.00  0.18980E+10 310.9  -1.0 110.0  87.4  0.20092E+12 -0.10000E+01  0.19565E+10  0.40000E+09  60.6
 252 22.00  117.5  100.00  0.18972E+10 311.4  -1.0 110.0  87.4  0.19782E+12 -0.10000E+01  0.19561E+10  0.40000E+09  60.8
 253 22.00  117.9  100.00  0.18965E+10 312.0  -1.0 110.0  87.5  0.19475E+12 -0.10000E+01  0.19557E+10  0.40000E+09  61.0
 254 22.00  118.3  100.00  0.18957E+10 312.5  -1.0 110.0  87.5  0.19169E+12 -0.10000E+01  0.19553E+10  0.40000E+09  61.2
 255 22.00  118.7  100.00  0.18950E+10 313.1  -1.0 110.0  87.5  0.18867E+12 -0.10000E+01  0.19549E+10  0.40000E+09  61.3
 256 22.00  119.0  100.00  0.18943E+10 313.6  -1.0 110.0  87.5  0.18566E+12 -0.10000E+01  0.19544E+10  0.40000E+09  61.5
 257 22.00  119.4  100.00  0.18936E+10 314.2  -1.0 110.0  87.5  0.18268E+12 -0.10000E+01  0.19540E+10  0.40000E+09  61.7
 258 22.00  119.8  100.00  0.18929E+10 314.7  -1.0 110.0  87.6  0.17973E+12 -0.10000E+01  0.19536E+10  0.40000E+09  61.8
 259 22.00  120.2  100.00  0.18923E+10 315.0  -1.0 110.0  87.6  0.17683E+12 -0.10000E+01  0.19533E+10  0.40000E+09  62.0
 260 22.00  120.6  100.00  0.18918E+10 315.3  -1.0 110.0  87.6  0.17395E+12 -0.10000E+01  0.19529E+10  0.40000E+09  62.1
 261 22.00  121.0  100.00  0.18912E+10 315.6  -1.0 110.0  87.6  0.17110E+12 -0.10000E+01  0.19526E+10  0.40000E+09  62.2
 262 22.00  121.4  100.00  0.18906E+10 315.9  -1.0 110.0  87.6  0.16828E+12 -0.10000E+01  0.19522E+10  0.40000E+09  62.4
 263 22.00  121.8  100.00  0.18901E+10 316.2  -1.0 110.0  87.6  0.16547E+12 -0.10000E+01  0.19519E+10  0.40000E+09  62.5
 264 22.00  122.2  100.00  0.18895E+10 316.5  -1.0 110.0  87.6  0.16269E+12 -0.10000E+01  0.19516E+10  0.40000E+09  62.6
 265 22.00  122.6  100.00  0.18890E+10 316.8  -1.0 110.0  87.7  0.15994E+12 -0.10000E+01  0.19512E+10  0.40000E+09  62.7
 266 22.00  123.0  100.00  0.18884E+10 317.1  -1.0 110.0  87.7  0.15721E+12 -0.10000E+01  0.19509E+10  0.40000E+09  62.8
 267 22.00  123.4  100.00  0.18879E+10 317.4  -1.0 110.0  87.7  0.15450E+12 -0.10000E+01  0.19506E+10  0.40000E+09  62.9
 268 22.00  123.8  100.00  0.18874E+10 317.7  -1.0 110.0  87.7  0.15181E+12 -0.10000E+01  0.19502E+10  0.40000E+09  63.0
 269 22.00  124.2  100.00  0.18869E+10 318.0  -1.0 110.0  87.7  0.14915E+12 -0.10000E+01  0.19499E+10  0.40000E+09  63.1
 270 22.00  124.6  100.00  0.18864E+10 318.3  -1.0 110.0  87.7  0.14651E+12 -0.10000E+01  0.19496E+10  0.40000E+09  63.2
 271 22.00  125.0  100.00  0.18859E+10 318.6  -1.0 110.0  87.7  0.14389E+12 -0.10000E+01  0.19492E+10  0.40000E+09  63.3
 272 22.00  125.4  100.00  0.18854E+10 318.9  -1.0 110.0  87.7  0.14130E+12 -0.10000E+01  0.19489E+10  0.40000E+09  63.4
 273 22.00  125.8  100.00  0.18850E+10 319.1  -1.0 110.0  87.8  0.13873E+12 -0.10000E+01  0.19485E+10  0.40000E+09  63.5
 274 22.00  126.1  100.00  0.18845E+10 319.4  -1.0 110.0  87.8  0.13619E+12 -0.10000E+01  0.19482E+10  0.40000E+09  63.6
 275 22.00  126.5  100.00  0.18840E+10 319.7  -1.0 110.0  87.8  0.13367E+12 -0.10000E+01  0.19479E+10  0.40000E+09  63.6
 276 22.00  126.9  100.00  0.18836E+10 320.0  -1.0 110.0  87.8  0.13117E+12 -0.10000E+01  0.19475E+10  0.40000E+09  63.7
 277 22.00  127.3  100.00  0.18831E+10 320.3  -1.0 110.0  87.8  0.12870E+12 -0.10000E+01  0.19472E+10  0.40000E+09  63.8
 278 22.00  127.7  100.00  0.18827E+10 320.6  -1.0 110.0  87.8  0.12625E+12 -0.10000E+01  0.19469E+10  0.40000E+09  63.9
 279 22.00  128.1  100.00  0.18822E+10 320.9  -1.0 110.0  87.8  0.12382E+12 -0.10000E+01  0.19465E+10  0.40000E+09  63.9
 280 22.00  128.5  100.00  0.18818E+10 321.1  -1.0 110.0  87.8  0.12142E+12 -0.10000E+01  0.19462E+10  0.40000E+09  64.0
 281 22.00  128.8  100.00  0.18814E+10 321.4  -1.0 110.0  87.8  0.11904E+12 -0.10000E+01  0.19458E+10  0.40000E+09  64.0
 282 22.00  129.2  100.00  0.18810E+10 321.7  -1.0 110.0  87.8  0.11668E+12 -0.10000E+01  0.19455E+10  0.40000E+09  64.1
 283 22.00  129.6  100.00  0.18805E+10 322.0  -1.0 110.0  87.8  0.11435E+12 -0.10000E+01  0.19452E+10  0.40000E+09  64.1
 284 22.00  130.0  100.00  0.18801E+10 322.3  -1.0 110.0  87.8  0.11204E+12 -0.10000E+01  0.19448E+10  0.40000E+09  64.2
 285 22.00  130.3  100.00  0.18797E+10 322.5  -1.0 110.0  87.8  0.10976E+12 -0.10000E+01  0.19445E+10  0.40000E+09  64.2
 286 22.00  130.7  100.00  0.18793E+10 322.8  -1.0 110.0  87.8  0.10749E+12 -0.10000E+01  0.19442E+10  0.40000E+09  64.3
 287 22.00  131.1  100.00  0.18789E+10 323.1  -1.0 110.0  87.9  0.10526E+12 -0.10000E+01  0.19438E+10  0.40000E+09  64.3
 288 22.00  131.4  100.00  0.18785E+10 323.3  -1.0 110.0  87.9  0.10304E+12 -0.10000E+01  0.19435E+10  0.40000E+09  64.4
 289 22.00  131.8  100.00  0.18782E+10 323.4  -1.0 110.0  87.9  0.10166E+12 -0.10000E+01  0.19432E+10  0.40000E+09  64.4
 290 22.00  132.1  100.00  0.18778E+10 323.5  -1.0 110.0  87.9  0.10029E+12 -0.10000E+01  0.19429E+10  0.40000E+09  64.5
 291 22.00  132.5  100.00  0.18775E+10 323.6  -1.0 110.0  87.9  0.98931E+11 -0.10000E+01  0.19427E+10  0.40000E+09  64.5
 292 22.00  132.8  100.00  0.18772E+10 323.7  -1.0 110.0  87.9  0.97579E+11 -0.10000E+01  0.19424E+10  0.40000E+09  64.5
 293 22.00  133.2  100.00  0.18768E+10 323.8  -1.0 110.0  87.9  0.96237E+11 -0.10000E+01  0.19421E+10  0.40000E+09  64.6
 294 22.00  133.5  100.00  0.18765E+10 323.8  -1.0 110.0  87.9  0.94904E+11 -0.10000E+01  0.19418E+10  0.40000E+09  64.6
 295 22.00  133.9  100.00  0.18762E+10 323.9  -1.0 110.0  87.9  0.93580E+11 -0.10000E+01  0.19415E+10  0.40000E+09  64.6
 296 22.00  134.2  100.00  0.18759E+10 324.0  -1.0 110.0  87.9  0.92266E+11 -0.10000E+01  0.19413E+10  0.40000E+09  64.6
 297 22.00  134.5  100.00  0.18756E+10 324.1  -1.0 110.0  87.9  0.90960E+11 -0.10000E+01  0.19410E+10  0.40000E+09  64.7
 298 22.00  134.8  100.00  0.18753E+10 324.1  -1.0 110.0  87.9  0.89664E+11 -0.10000E+01  0.19407E+10  0.40000E+09  64.7
 299 22.00  135.2  100.00  0.18750E+10 324.2  -1.0 110.0  87.9  0.88378E+11 -0.10000E+01  0.19404E+10  0.40000E+09  64.7
 300 22.00  135.5  100.00  0.18746E+10 324.3  -1.0 110.0  87.9  0.87101E+11 -0.10000E+01  0.19401E+10  0.40000E+09  64.8
 301 22.00  135.8  100.00  0.18743E+10 324.4  -1.0 110.0  87.9  0.85833E+11 -0.10000E+01  0.19399E+10  0.40000E+09  64.8
 302 22.00  136.1  100.00  0.18740E+10 324.4  -1.0 110.0  87.9  0.84574E+11 -0.10000E+01  0.19396E+10  0.40000E+09  64.8
 303 22.00  136.4  100.00  0.18737E+10 324.5  -1.0 110.0  87.9  0.83325E+11 -0.10000E+01  0.19393E+10  0.40000E+09  64.8
 304 22.00  136.7  100.00  0.18734E+10 324.6  -1.0 110.0  87.9  0.82085E+11 -0.10000E+01  0.19390E+10  0.40000E+09  64.8
 305 22.00  137.0  100.00  0.18731E+10 324.6  -1.0 110.0  87.9  0.80854E+11 -0.10000E+01  0.19387E+10  0.40000E+09  64.9
 306 22.00  137.3  100.00  0.18729E+10 324.7  -1.0 110.0  87.9  0.79633E+11 -0.10000E+01  0.19385E+10  0.40000E+09  64.9
 307 22.00  137.5  100.00  0.18726E+10 324.8  -1.0 110.0  87.9  0.78420E+11 -0.10000E+01  0.19382E+10  0.40000E+09  64.9
 308 22.00  137.8  100.00  0.18723E+10 324.8  -1.0 110.0  87.9  0.77217E+11 -0.10000E+01  0.19379E+10  0.40000E+09  64.9
 309 22.00  138.1  100.00  0.18720E+10 324.9  -1.0 110.0  87.9  0.76024E+11 -0.10000E+01  0.19376E+10  0.40000E+09  64.9
 310 22.00  138.3  100.00  0.18717E+10 325.0  -1.0 110.0  87.9  0.74840E+11 -0.10000E+01  0.19374E+10  0.40000E+09  64.9
 311 22.00  138.6  100.00  0.18714E+10 325.0  -1.0 110.0  87.9  0.73665E+11 -0.10000E+01  0.19371E+10  0.40000E+09  65.0
 312 22.00  138.8  100.00  0.18711E+10 325.1  -1.0 110.0  87.9  0.72499E+11 -0.10000E+01  0.19368E+10  0.40000E+09  65.0
 313 22.00  139.1  100.00  0.18708E+10 325.1  -1.0 110.0  87.9  0.71342E+11 -0.10000E+01  0.19365E+10  0.40000E+09  65.0
 314 22.00  139.3  100.00  0.18706E+10 325.2  -1.0 110.0  87.9  0.70195E+11 -0.10000E+01  0.19362E+10  0.40000E+09  65.0
 315 22.00  139.5  100.00  0.18703E+10 325.2  -1.0 110.0  87.9  0.69058E+11 -0.10000E+01  0.19360E+10  0.40000E+09  65.0
 316 22.00  139.8  100.00  0.18700E+10 325.3  -1.0 110.0  87.9  0.67929E+11 -0.10000E+01  0.19357E+10  0.40000E+09  65.0
 317 22.00  140.0  100.00  0.18697E+10 325.3  -1.0 110.0  87.9  0.66810E+11 -0.10000E+01  0.19354E+10  0.40000E+09  65.0
 318 22.00  140.2  100.00  0.18695E+10 325.4  -1.0 110.0  87.9  0.65700E+11 -0.10000E+01  0.19351E+10  0.40000E+09  65.0
 319 22.00  140.4  100.00  0.18692E+10 325.4  -1.0 110.0  87.9  0.64599E+11 -0.10000E+01  0.19348E+10  0.40000E+09  65.1
 320 22.00  140.6  100.00  0.18688E+10 325.0  -1.0 110.0  87.9  0.64560E+11 -0.10000E+01  0.19345E+10  0.40000E+09  65.1
 321 22.00  140.8  100.00  0.18684E+10 324.6  -1.0 110.0  87.9  0.64520E+11 -0.10000E+01  0.19341E+10  0.40000E+09  65.1
 322 22.00  141.0  100.00  0.18681E+10 324.2  -1.0 110.0  87.9  0.64480E+11 -0.10000E+01  0.19337E+10  0.40000E+09  65.1
 323 22.00  141.2  100.00  0.18677E+10 323.8  -1.0 110.0  87.9  0.64441E+11 -0.10000E+01  0.19333E+10  0.40000E+09  65.1
 324 22.00  141.3  100.00  0.18673E+10 323.5  -1.0 110.0  87.9  0.64401E+11 -0.10000E+01  0.19329E+10  0.40000E+09  65.1
 325 22.00  141.5  100.00  0.18670E+10 323.1  -1.0 110.0  87.9  0.64361E+11 -0.10000E+01  0.19325E+10  0.40000E+09  65.1
 326 22.00  141.6  100.00  0.18666E+10 322.7  -1.0 110.0  87.9  0.64322E+11 -0.10000E+01  0.19322E+10  0.40000E+09  65.1
 327 22.00  141.8  100.00  0.18663E+10 322.3  -1.0 110.0  87.9  0.64282E+11 -0.10000E+01  0.19318E+10  0.40000E+09  65.1
 328 22.00  141.9  100.00  0.18659E+10 321.9  -1.0 110.0  87.9  0.64243E+11 -0.10000E+01  0.19314E+10  0.40000E+09  65.1
 329 22.00  142.1  100.00  0.18655E+10 321.5  -1.0 110.0  87.9  0.64203E+11 -0.10000E+01  0.19310E+10  0.40000E+09  65.1
 330 22.00  142.2  100.00  0.18652E+10 321.1  -1.0 110.0  87.9  0.64164E+11 -0.10000E+01  0.19306E+10  0.40000E+09  65.1
 331 22.00  142.3  100.00  0.18648E+10 320.7  -1.0 110.0  87.9  0.64124E+11 -0.10000E+01  0.19302E+10  0.40000E+09  65.1
 332 22.00  142.4  100.00  0.18645E+10 320.3  -1.0 110.0  88.0  0.64084E+11 -0.10000E+01  0.19298E+10  0.40000E+09  65.1
 333 22.00  142.5  100.00  0.18641E+10 319.9  -1.0 110.0  88.0  0.64045E+11 -0.10000E+01  0.19295E+10  0.40000E+09  65.1
 334 22.00  142.6  100.00  0.18638E+10 319.6  -1.0 110.0  88.0  0.64005E+11 -0.10000E+01  0.19291E+10  0.40000E+09  65.1
 335 22.00  142.7  100.00  0.18634E+10 319.2  -1.0 110.0  88.0  0.63966E+11 -0.10000E+01  0.19287E+10  0.40000E+09  65.1
 336 22.00  142.8  100.00  0.18630E+10 318.8  -1.0 110.0  88.0  0.63926E+11 -0.10000E+01  0.19283E+10  0.40000E+09  65.1
 337 22.00  142.9  100.00  0.18627E+10 318.4  -1.0 110.0  88.0  0.63887E+11 -0.10000E+01  0.19279E+10  0.40000E+09  65.2
 338 22.00  142.9  100.00  0.18623E+10 318.0  -1.0 110.0  88.0  0.63847E+11 -0.10000E+01  0.19275E+10  0.40000E+09  65.2
 339 22.00  143.0  100.00  0.18620E+10 317.6  -1.0 110.0  88.0  0.63808E+11 -0.10000E+01  0.19272E+10  0.40000E+09  65.2
 340 22.00  143.1  100.00  0.18616E+10 317.3  -1.0 110.0  88.0  0.63769E+11 -0.10000E+01  0.19268E+10  0.40000E+09  65.2
 341 22.00  143.1  100.00  0.18613E+10 316.9  -1.0 110.0  88.0  0.63729E+11 -0.10000E+01  0.19264E+10  0.40000E+09  65.2
 342 22.00  143.1  100.00  0.18609E+10 316.5  -1.0 110.0  88.0  0.63690E+11 -0.10000E+01  0.19260E+10  0.40000E+09  65.2
 343 22.00  143.2  100.00  0.18606E+10 316.1  -1.0 110.0  88.0  0.63651E+11 -0.10000E+01  0.19256E+10  0.40000E+09  65.2
 344 22.00  143.2  100.00  0.18602E+10 315.7  -1.0 110.0  88.0  0.63611E+11 -0.10000E+01  0.19252E+10  0.40000E+09  65.2
 345 22.00  143.2  100.00  0.18599E+10 315.4  -1.0 110.0  88.0  0.63572E+11 -0.10000E+01  0.19249E+10  0.40000E+09  65.2
 346 22.00  143.2  100.00  0.18595E+10 315.0  -1.0 110.0  88.0  0.63532E+11 -0.10000E+01  0.19245E+10  0.40000E+09  65.2
 347 22.00  143.2  100.00  0.18592E+10 314.6  -1.0 110.0  88.0  0.63493E+11 -0.10000E+01  0.19241E+10  0.40000E+09  65.2
 348 22.00  143.2  100.00  0.18588E+10 314.2  -1.0 110.0  88.0  0.63453E+11 -0.10000E+01  0.19237E+10  0.40000E+09  65.2
 349 22.00  143.2  100.00  0.18585E+10 313.8  -1.0 110.0  88.0  0.63414E+11 -0.10000E+01  0.19233E+10  0.40000E+09  65.2
 350 22.00  143.2  100.00  0.18582E+10 313.6  -1.0 110.0  88.0  0.63017E+11 -0.10000E+01  0.19230E+10  0.40000E+09  65.2
 351 22.00  143.1  100.00  0.18578E+10 313.3  -1.0 110.0  88.0  0.62620E+11 -0.10000E+01  0.19226E+10  0.40000E+09  65.1
 352 22.00  143.1  100.00  0.18575E+10 313.1  -1.0 110.0  88.0  0.62225E+11 -0.10000E+01  0.19222E+10  0.40000E+09  65.1
 353 22.00  143.1  100.00  0.18572E+10 312.8  -1.0 110.0  88.0  0.61831E+11 -0.10000E+01  0.19218E+10  0.40000E+09  65.1
 354 22.00  143.0  100.00  0.18568E+10 312.5  -1.0 110.0  88.0  0.61439E+11 -0.10000E+01  0.19215E+10  0.40000E+09  65.1
 355 22.00  142.9  100.00  0.18565E+10 312.3  -1.0 110.0  88.0  0.61047E+11 -0.10000E+01  0.19211E+10  0.40000E+09  65.1
 356 22.00  142.9  100.00  0.18562E+10 312.0  -1.0 110.0  88.0  0.60657E+11 -0.10000E+01  0.19207E+10  0.40000E+09  65.1
 357 22.00  142.8  100.00  0.18559E+10 311.8  -1.0 110.0  87.9  0.60268E+11 -0.10000E+01  0.19204E+10  0.40000E+09  65.1
 358 22.00  142.7  100.00  0.18555E+10 311.5  -1.0 110.0  87.9  0.59880E+11 -0.10000E+01  0.19200E+10  0.40000E+09  65.1
 359 22.00  142.6  100.00  0.18552E+10 311.2  -1.0 110.0  87.9  0.59494E+11 -0.10000E+01  0.19196E+10  0.40000E+09  65.1
 360 22.00  142.5  100.00  0.18549E+10 311.0  -1.0 110.0  87.9  0.59109E+11 -0.10000E+01  0.19192E+10  0.40000E+09  65.1
 361 22.00  142.4  100.00  0.18546E+10 310.7  -1.0 110.0  87.9  0.58725E+11 -0.10000E+01  0.19189E+10  0.40000E+09  65.1
 362 22.00  142.3  100.00  0.18542E+10 310.5  -1.0 110.0  87.9  0.58342E+11 -0.10000E+01  0.19185E+10  0.40000E+09  65.1
 363 22.00  142.2  100.00  0.18539E+10 310.2  -1.0 110.0  87.9  0.57961E+11 -0.10000E+01  0.19181E+10  0.40000E+09  65.1
 364 22.00  142.1  100.00  0.18536E+10 309.9  -1.0 110.0  87.9  0.57581E+11 -0.10000E+01  0.19178E+10  0.40000E+09  65.1
 365 22.00  142.0  100.00  0.18533E+10 309.7  -1.0 110.0  87.9  0.57202E+11 -0.10000E+01  0.19174E+10  0.40000E+09  65.1
