  36  0.00  142.7  100.00  0.20019E+10 324.7  -1.0 110.0  88.0  0.86686E+11 -0.10000E+01  0.20825E+10  0.40000E+09  65.5
  36  0.25  142.8  100.00  0.20019E+10 324.8  -1.0 110.0  88.0  0.88817E+11 -0.10000E+01  0.20825E+10  0.40000E+09  65.4
  36  0.50  142.6  100.00  0.20020E+10 324.7  -1.0 110.0  88.0  0.91065E+11 -0.10000E+01  0.20825E+10  0.40000E+09  65.4
  36  0.75  142.3  100.00  0.20021E+10 324.5  -1.0 110.0  88.0  0.93240E+11 -0.10000E+01  0.20825E+10  0.40000E+09  65.4
  36  1.00  141.7  100.00  0.20023E+10 324.3  -1.0 110.0  88.0  0.95125E+11 -0.10000E+01  0.20825E+10  0.40000E+09  65.3
  36  1.25  140.9  100.00  0.20025E+10 324.0  -1.0 110.0  88.0  0.96490E+11 -0.10000E+01  0.20825E+10  0.40000E+09  65.2
  36  1.50  139.9  100.00  0.20027E+10 323.7  -1.0 110.0  88.0  0.97122E+11 -0.10000E+01  0.20825E+10  0.40000E+09  65.1
  36  1.75  138.7  100.00  0.20030E+10 323.4  -1.0 110.0  87.9  0.96842E+11 -0.10000E+01  0.20825E+10  0.40000E+09  65.0
  36  2.00  137.3  100.00  0.20034E+10 323.2  -1.0 110.0  87.9  0.95540E+11 -0.10000E+01  0.20825E+10  0.40000E+09  64.9
  36  2.25  135.8  100.00  0.20039E+10 323.0  -1.0 110.0  87.9  0.93188E+11 -0.10000E+01  0.20825E+10  0.40000E+09  64.7
  36  2.50  134.2  100.00  0.20045E+10 322.8  -1.0 110.0  87.9  0.89856E+11 -0.10000E+01  0.20825E+10  0.40000E+09  64.4
  36  2.75  132.4  100.00  0.20053E+10 322.6  -1.0 110.0  87.8  0.85709E+11 -0.10000E+01  0.20825E+10  0.40000E+09  64.1
  36  3.00  130.6  100.00  0.20063E+10 322.3  -1.0 110.0  87.8  0.80991E+11 -0.10000E+01  0.20825E+10  0.40000E+09  63.7
  36  3.25  128.6  100.00  0.20076E+10 321.8  -1.0 110.0  87.7  0.76002E+11 -0.10000E+01  0.20825E+10  0.40000E+09  63.2
  36  3.50  126.6  100.00  0.20091E+10 321.2  -1.0 110.0  87.6  0.71070E+11 -0.10000E+01  0.20825E+10  0.40000E+09  62.6
  36  3.75  124.5  100.00  0.20109E+10 320.2  -1.0 110.0  87.6  0.66514E+11 -0.10000E+01  0.20825E+10  0.40000E+09  61.8
  36  4.00  122.4  100.00  0.20131E+10 318.9  -1.0 110.0  87.4  0.62630E+11 -0.10000E+01  0.20825E+10  0.40000E+09  60.9
  36  4.25  120.2  100.00  0.20157E+10 317.3  -1.0 110.0  87.3  0.59670E+11 -0.10000E+01  0.20825E+10  0.40000E+09  59.7
  36  4.50  118.0  100.00  0.20188E+10 315.3  -1.0 110.0  87.1  0.57847E+11 -0.10000E+01  0.20825E+10  0.40000E+09  58.3
  36  4.75  115.8  100.00  0.20222E+10 312.9  -1.0 110.0  86.9  0.57338E+11 -0.10000E+01  0.20825E+10  0.40000E+09  56.6
  36  5.00  113.5  100.00  0.20260E+10 310.2  -1.0 110.0  86.7  0.58301E+11 -0.10000E+01  0.20825E+10  0.40000E+09  54.6
  36  5.25  111.3  100.00  0.20301E+10 307.0  -1.0 110.0  86.4  0.60885E+11 -0.10000E+01  0.20825E+10  0.40000E+09  52.3
  36  5.50  109.0  100.00  0.20344E+10 303.6  -1.0 110.0  86.0  0.65237E+11 -0.10000E+01  0.20825E+10  0.40000E+09  49.8
  36  5.75  106.8  100.00  0.20386E+10 299.8  -1.0 110.0  85.7  0.71503E+11 -0.10000E+01  0.20825E+10  0.40000E+09  47.0
  36  6.00  104.5  100.00  0.21218E+10 295.4  -1.0 110.0  85.2  0.79817E+11 -0.10000E+01  0.21656E+10  0.40000E+09  44.0
  36  6.25  102.3  100.00  0.27930E+10 289.5  -1.0 110.0  84.8  0.90290E+11 -0.10000E+01  0.28663E+10  0.40000E+09  41.0
  36  6.50  100.0  100.00  0.39086E+10 283.0  -1.0 110.0  84.4  0.10298E+12 -0.10000E+01  0.40341E+10  0.40000E+09  38.0
  36  6.75   97.9  100.00  0.56652E+10 276.0  -1.0 110.0  83.9  0.11790E+12 -0.10000E+01  0.58774E+10  0.40000E+09  35.0
  36  7.00   95.7  100.00  0.82933E+10 268.8  -1.0 110.0  83.5  0.13498E+12 -0.10000E+01  0.86413E+10  0.40000E+09  32.2
  36  7.25   93.6  100.00  0.12008E+11 261.4  -1.0 110.0  83.1  0.15407E+12 -0.10000E+01  0.12554E+11  0.40000E+09  29.7
  36  7.50   91.5  100.00  0.16568E+11 254.1  -1.0 110.0  82.8  0.17497E+12 -0.10000E+01  0.17704E+11  0.40000E+09  27.5
  36  7.75   89.4  100.00  0.21726E+11 247.2  -1.0 110.0  82.5  0.19739E+12 -0.10000E+01  0.23907E+11  0.40000E+09  25.5
  36  8.00   87.4  100.00  0.27140E+11 241.0  -1.0 110.0  82.2  0.22101E+12 -0.10000E+01  0.30720E+11  0.40000E+09  23.8
  36  8.25   85.5  100.00  0.32431E+11 235.9  -1.0 110.0  82.0  0.24548E+12 -0.10000E+01  0.37635E+11  0.40000E+09  22.4
  36  8.50   83.7  100.00  0.37361E+11 231.8  -1.0 110.0  81.8  0.27042E+12 -0.10000E+01  0.44277E+11  0.40000E+09  21.3
  36  8.75   81.9  100.00  0.41831E+11 228.8  -1.0 110.0  81.6  0.29546E+12 -0.10000E+01  0.50451E+11  0.40000E+09  20.3
  36  9.00   80.2  100.00  0.45825E+11 226.5  -1.0 110.0  81.5  0.32021E+12 -0.10000E+01  0.56088E+11  0.40000E+09  19.6
  36  9.25   78.6  100.00  0.49368E+11 225.0  -1.0 110.0  81.4  0.34432E+12 -0.10000E+01  0.61185E+11  0.40000E+09  18.9
  36  9.50   77.1  100.00  0.52496E+11 224.1  -1.0 110.0  81.3  0.36745E+12 -0.10000E+01  0.65765E+11  0.40000E+09  18.5
  36  9.75   75.6  100.00  0.55243E+11 223.7  -1.0 110.0  81.2  0.38928E+12 -0.10000E+01  0.69858E+11  0.40000E+09  18.1
  36 10.00   74.3  100.00  0.57644E+11 223.7  -1.0 110.0  81.2  0.40953E+12 -0.10000E+01  0.73493E+11  0.40000E+09  17.8
  36 10.25   73.1  100.00  0.59727E+11 224.0  -1.0 110.0  81.2  0.42797E+12 -0.10000E+01  0.76693E+11  0.40000E+09  17.5
  36 10.50   72.1  100.00  0.61515E+11 224.5  -1.0 110.0  81.1  0.44442E+12 -0.10000E+01  0.79479E+11  0.40000E+09  17.3
  36 10.75   71.1  100.00  0.63028E+11 225.1  -1.0 110.0  81.1  0.45873E+12 -0.10000E+01  0.81865E+11  0.40000E+09  17.2
  36 11.00   70.3  100.00  0.64283E+11 225.8  -1.0 110.0  81.1  0.47083E+12 -0.10000E+01  0.83865E+11  0.40000E+09  17.1
  36 11.25   69.6  100.00  0.65291E+11 226.4  -1.0 110.0  81.1  0.48072E+12 -0.10000E+01  0.85487E+11  0.40000E+09  17.0
  36 11.50   69.1  100.00  0.66064E+11 227.0  -1.0 110.0  81.1  0.48841E+12 -0.10000E+01  0.86739E+11  0.40000E+09  16.9
  36 11.75   68.7  100.00  0.66609E+11 227.5  -1.0 110.0  81.0  0.49400E+12 -0.10000E+01  0.87626E+11  0.40000E+09  16.9
  36 12.00   68.5  100.00  0.66930E+11 227.8  -1.0 110.0  81.0  0.49760E+12 -0.10000E+01  0.88152E+11  0.40000E+09  16.9
  36 12.25   68.4  100.00  0.67032E+11 228.0  -1.0 110.0  81.0  0.49933E+12 -0.10000E+01  0.88319E+11  0.40000E+09  16.9
  36 12.50   68.5  100.00  0.66914E+11 228.1  -1.0 110.0  81.0  0.49935E+12 -0.10000E+01  0.88126E+11  0.40000E+09  16.9
  36 12.75   68.8  100.00  0.66576E+11 228.1  -1.0 110.0  81.0  0.49778E+12 -0.10000E+01  0.87575E+11  0.40000E+09  16.9
  36 13.00   69.1  100.00  0.66015E+11 228.1  -1.0 110.0  81.1  0.49473E+12 -0.10000E+01  0.86661E+11  0.40000E+09  17.0
  36 13.25   69.7  100.00  0.65225E+11 228.0  -1.0 110.0  81.1  0.49030E+12 -0.10000E+01  0.85383E+11  0.40000E+09  17.0
  36 13.50   70.4  100.00  0.64199E+11 227.9  -1.0 110.0  81.1  0.48456E+12 -0.10000E+01  0.83734E+11  0.40000E+09  17.1
  36 13.75   71.2  100.00  0.62926E+11 228.0  -1.0 110.0  81.1  0.47753E+12 -0.10000E+01  0.81707E+11  0.40000E+09  17.2
  36 14.00   72.1  100.00  0.61394E+11 228.1  -1.0 110.0  81.1  0.46924E+12 -0.10000E+01  0.79293E+11  0.40000E+09  17.4
  36 14.25   73.2  100.00  0.59586E+11 228.4  -1.0 110.0  81.2  0.45971E+12 -0.10000E+01  0.76480E+11  0.40000E+09  17.5
  36 14.50   74.4  100.00  0.57482E+11 229.0  -1.0 110.0  81.2  0.44893E+12 -0.10000E+01  0.73250E+11  0.40000E+09  17.8
  36 14.75   75.7  100.00  0.55058E+11 229.9  -1.0 110.0  81.3  0.43692E+12 -0.10000E+01  0.69585E+11  0.40000E+09  18.1
  36 15.00   77.2  100.00  0.52285E+11 231.0  -1.0 110.0  81.3  0.42372E+12 -0.10000E+01  0.65460E+11  0.40000E+09  18.5
  36 15.25   78.7  100.00  0.49131E+11 232.6  -1.0 110.0  81.4  0.40939E+12 -0.10000E+01  0.60846E+11  0.40000E+09  19.0
  36 15.50   80.3  100.00  0.45559E+11 234.5  -1.0 110.0  81.5  0.39400E+12 -0.10000E+01  0.55715E+11  0.40000E+09  19.6
  36 15.75   82.0  100.00  0.41535E+11 237.0  -1.0 110.0  81.6  0.37769E+12 -0.10000E+01  0.50043E+11  0.40000E+09  20.4
  36 16.00   83.8  100.00  0.37035E+11 239.9  -1.0 110.0  81.8  0.36059E+12 -0.10000E+01  0.43837E+11  0.40000E+09  21.3
  36 16.25   85.7  100.00  0.32080E+11 243.3  -1.0 110.0  82.0  0.34288E+12 -0.10000E+01  0.37173E+11  0.40000E+09  22.5
  36 16.50   87.6  100.00  0.26776E+11 247.3  -1.0 110.0  82.2  0.32473E+12 -0.10000E+01  0.30255E+11  0.40000E+09  23.9
  36 16.75   89.6  100.00  0.21371E+11 251.6  -1.0 110.0  82.5  0.30636E+12 -0.10000E+01  0.23472E+11  0.40000E+09  25.6
  36 17.00   91.6  100.00  0.16249E+11 256.1  -1.0 110.0  82.8  0.28796E+12 -0.10000E+01  0.17331E+11  0.40000E+09  27.6
  36 17.25   93.7  100.00  0.11733E+11 260.5  -1.0 110.0  83.2  0.26973E+12 -0.10000E+01  0.12264E+11  0.40000E+09  29.9
  36 17.50   95.8  100.00  0.80962E+10 264.8  -1.0 110.0  83.6  0.25187E+12 -0.10000E+01  0.84339E+10  0.40000E+09  32.4
  36 17.75   98.0  100.00  0.55328E+10 268.9  -1.0 110.0  84.0  0.23455E+12 -0.10000E+01  0.57384E+10  0.40000E+09  35.2
  36 18.00  100.2  100.00  0.38246E+10 272.6  -1.0 110.0  84.4  0.21795E+12 -0.10000E+01  0.39460E+10  0.40000E+09  38.1
  36 18.25  102.4  100.00  0.27423E+10 276.1  -1.0 110.0  84.8  0.20219E+12 -0.10000E+01  0.28133E+10  0.40000E+09  41.2
  36 18.50  104.6  100.00  0.20930E+10 279.3  -1.0 110.0  85.3  0.18739E+12 -0.10000E+01  0.21355E+10  0.40000E+09  44.2
  36 18.75  106.9  100.00  0.20384E+10 281.7  -1.0 110.0  85.7  0.17364E+12 -0.10000E+01  0.20825E+10  0.40000E+09  47.2
  36 19.00  109.1  100.00  0.20342E+10 284.2  -1.0 110.0  86.0  0.16099E+12 -0.10000E+01  0.20825E+10  0.40000E+09  49.9
  36 19.25  111.4  100.00  0.20299E+10 286.6  -1.0 110.0  86.4  0.14946E+12 -0.10000E+01  0.20825E+10  0.40000E+09  52.5
  36 19.50  113.7  100.00  0.20259E+10 289.1  -1.0 110.0  86.7  0.13906E+12 -0.10000E+01  0.20825E+10  0.40000E+09  54.7
  36 19.75  115.9  100.00  0.20221E+10 291.6  -1.0 110.0  86.9  0.12976E+12 -0.10000E+01  0.20825E+10  0.40000E+09  56.7
  36 20.00  118.1  100.00  0.20186E+10 294.2  -1.0 110.0  87.1  0.12151E+12 -0.10000E+01  0.20825E+10  0.40000E+09  58.3
  36 20.25  120.3  100.00  0.20156E+10 296.8  -1.0 110.0  87.3  0.11425E+12 -0.10000E+01  0.20825E+10  0.40000E+09  59.8
  36 20.50  122.5  100.00  0.20130E+10 299.5  -1.0 110.0  87.4  0.10792E+12 -0.10000E+01  0.20825E+10  0.40000E+09  60.9
  36 20.75  124.6  100.00  0.20108E+10 302.2  -1.0 110.0  87.6  0.10242E+12 -0.10000E+01  0.20825E+10  0.40000E+09  61.9
  36 21.00  126.7  100.00  0.20090E+10 304.9  -1.0 110.0  87.6  0.97701E+11 -0.10000E+01  0.20825E+10  0.40000E+09  62.6
  36 21.25  128.7  100.00  0.20075E+10 307.6  -1.0 110.0  87.7  0.93677E+11 -0.10000E+01  0.20825E+10  0.40000E+09  63.2
  36 21.50  130.6  100.00  0.20063E+10 310.2  -1.0 110.0  87.8  0.90296E+11 -0.10000E+01  0.20825E+10  0.40000E+09  63.7
  36 21.75  132.4  100.00  0.20053E+10 312.7  -1.0 110.0  87.8  0.87511E+11 -0.10000E+01  0.20825E+10  0.40000E+09  64.1
  36 22.00  134.2  100.00  0.20045E+10 315.0  -1.0 110.0  87.9  0.85292E+11 -0.10000E+01  0.20825E+10  0.40000E+09  64.4
  36 22.25  135.8  100.00  0.20039E+10 317.1  -1.0 110.0  87.9  0.83621E+11 -0.10000E+01  0.20825E+10  0.40000E+09  64.7
  36 22.50  137.2  100.00  0.20034E+10 319.0  -1.0 110.0  87.9  0.82493E+11 -0.10000E+01  0.20825E+10  0.40000E+09  64.9
  36 22.75  138.6  100.00  0.20030E+10 320.7  -1.0 110.0  87.9  0.81907E+11 -0.10000E+01  0.20825E+10  0.40000E+09  65.0
  36 23.00  139.7  100.00  0.20027E+10 322.1  -1.0 110.0  88.0  0.81863E+11 -0.10000E+01  0.20825E+10  0.40000E+09  65.1
  36 23.25  140.7  100.00  0.20025E+10 323.1  -1.0 110.0  88.0  0.82355E+11 -0.10000E+01  0.20825E+10  0.40000E+09  65.2
  36 23.50  141.5  100.00  0.20023E+10 323.9  -1.0 110.0  88.0  0.83358E+11 -0.10000E+01  0.20825E+10  0.40000E+09  65.3
  36 23.75  142.0  100.00  0.20021E+10 324.4  -1.0 110.0  88.0  0.84828E+11 -0.10000E+01  0.20825E+10  0.40000E+09  65.4
  36 24.00  142.4  100.00  0.20020E+10 324.7  -1.0 110.0  88.0  0.86686E+11 -0.10000E+01  0.20825E+10  0.40000E+09  65.4
