   1  6.00  108.7  100.00  0.20430E+10 294.1  -1.0 110.0  86.0  0.63963E+11 -0.10000E+01  0.20918E+10  0.40000E+09  49.7
   2  6.00  108.7  100.00  0.20432E+10 294.0  -1.0 110.0  86.0  0.63663E+11 -0.10000E+01  0.20920E+10  0.40000E+09  49.7
   3  6.00  108.7  100.00  0.20434E+10 293.8  -1.0 110.0  86.0  0.63363E+11 -0.10000E+01  0.20921E+10  0.40000E+09  49.7
   4  6.00  108.7  100.00  0.20436E+10 293.7  -1.0 110.0  86.0  0.63065E+11 -0.10000E+01  0.20923E+10  0.40000E+09  49.7
   5  6.00  108.6  100.00  0.20438E+10 293.5  -1.0 110.0  86.0  0.62767E+11 -0.10000E+01  0.20924E+10  0.40000E+09  49.6
   6  6.00  108.6  100.00  0.20440E+10 293.3  -1.0 110.0  86.0  0.62469E+11 -0.10000E+01  0.20925E+10  0.40000E+09  49.6
   7  6.00  108.6  100.00  0.20442E+10 293.2  -1.0 110.0  86.0  0.62173E+11 -0.10000E+01  0.20927E+10  0.40000E+09  49.5
   8  6.00  108.5  100.00  0.20445E+10 293.0  -1.0 110.0  86.0  0.61877E+11 -0.10000E+01  0.20928E+10  0.40000E+09  49.5
   9  6.00  108.5  100.00  0.20447E+10 292.8  -1.0 110.0  86.0  0.61581E+11 -0.10000E+01  0.20930E+10  0.40000E+09  49.4
  10  6.00  108.4  100.00  0.20450E+10 292.7  -1.0 110.0  86.0  0.61287E+11 -0.10000E+01  0.20931E+10  0.40000E+09  49.3
  11  6.00  108.3  100.00  0.20453E+10 292.5  -1.0 110.0  86.0  0.60993E+11 -0.10000E+01  0.20933E+10  0.40000E+09  49.2
  12  6.00  108.3  100.00  0.20456E+10 292.3  -1.0 110.0  85.9  0.60700E+11 -0.10000E+01  0.20934E+10  0.40000E+09  49.1
  13  6.00  108.2  100.00  0.20459E+10 292.2  -1.0 110.0  85.9  0.60408E+11 -0.10000E+01  0.20935E+10  0.40000E+09  49.0
  14  6.00  108.1  100.00  0.20462E+10 292.0  -1.0 110.0  85.9  0.60116E+11 -0.10000E+01  0.20937E+10  0.40000E+09  48.9
  15  6.00  108.0  100.00  0.20466E+10 291.8  -1.0 110.0  85.9  0.59825E+11 -0.10000E+01  0.20938E+10  0.40000E+09  48.8
  16  6.00  107.9  100.00  0.20463E+10 292.0  -1.0 110.0  85.9  0.60712E+11 -0.10000E+01  0.20933E+10  0.40000E+09  48.6
  17  6.00  107.8  100.00  0.20460E+10 292.2  -1.0 110.0  85.9  0.61605E+11 -0.10000E+01  0.20927E+10  0.40000E+09  48.5
  18  6.00  107.7  100.00  0.20457E+10 292.4  -1.0 110.0  85.8  0.62505E+11 -0.10000E+01  0.20922E+10  0.40000E+09  48.3
  19  6.00  107.6  100.00  0.20455E+10 292.6  -1.0 110.0  85.8  0.63411E+11 -0.10000E+01  0.20917E+10  0.40000E+09  48.2
  20  6.00  107.4  100.00  0.20452E+10 292.8  -1.0 110.0  85.8  0.64324E+11 -0.10000E+01  0.20911E+10  0.40000E+09  48.0
  21  6.00  107.3  100.00  0.20450E+10 293.0  -1.0 110.0  85.8  0.65244E+11 -0.10000E+01  0.20906E+10  0.40000E+09  47.8
  22  6.00  107.2  100.00  0.20448E+10 293.2  -1.0 110.0  85.7  0.66169E+11 -0.10000E+01  0.20900E+10  0.40000E+09  47.6
  23  6.00  107.0  100.00  0.20446E+10 293.3  -1.0 110.0  85.7  0.67102E+11 -0.10000E+01  0.20895E+10  0.40000E+09  47.4
  24  6.00  106.9  100.00  0.20444E+10 293.5  -1.0 110.0  85.7  0.68041E+11 -0.10000E+01  0.20890E+10  0.40000E+09  47.2
  25  6.00  106.7  100.00  0.20442E+10 293.7  -1.0 110.0  85.7  0.68986E+11 -0.10000E+01  0.20884E+10  0.40000E+09  47.0
  26  6.00  106.5  100.00  0.20440E+10 293.9  -1.0 110.0  85.6  0.69938E+11 -0.10000E+01  0.20879E+10  0.40000E+09  46.8
  27  6.00  106.4  100.00  0.20439E+10 294.1  -1.0 110.0  85.6  0.70897E+11 -0.10000E+01  0.20873E+10  0.40000E+09  46.5
  28  6.00  106.2  100.00  0.20437E+10 294.2  -1.0 110.0  85.6  0.71862E+11 -0.10000E+01  0.20868E+10  0.40000E+09  46.3
  29  6.00  106.0  100.00  0.20436E+10 294.4  -1.0 110.0  85.5  0.72834E+11 -0.10000E+01  0.20862E+10  0.40000E+09  46.0
  30  6.00  105.8  100.00  0.20434E+10 294.6  -1.0 110.0  85.5  0.73812E+11 -0.10000E+01  0.20857E+10  0.40000E+09  45.8
  31  6.00  105.6  100.00  0.20433E+10 294.8  -1.0 110.0  85.5  0.74796E+11 -0.10000E+01  0.20852E+10  0.40000E+09  45.5
  32  6.00  105.4  100.00  0.20432E+10 294.9  -1.0 110.0  85.4  0.75788E+11 -0.10000E+01  0.20846E+10  0.40000E+09  45.2
  33  6.00  105.2  100.00  0.20431E+10 295.1  -1.0 110.0  85.4  0.76785E+11 -0.10000E+01  0.20841E+10  0.40000E+09  45.0
  34  6.00  105.0  100.00  0.20429E+10 295.3  -1.0 110.0  85.3  0.77790E+11 -0.10000E+01  0.20835E+10  0.40000E+09  44.7
  35  6.00  104.7  100.00  0.20748E+10 295.4  -1.0 110.0  85.3  0.78800E+11 -0.10000E+01  0.21165E+10  0.40000E+09  44.4
  36  6.00  104.5  100.00  0.21218E+10 295.4  -1.0 110.0  85.2  0.79817E+11 -0.10000E+01  0.21656E+10  0.40000E+09  44.0
  37  6.00  104.3  100.00  0.21730E+10 295.4  -1.0 110.0  85.2  0.80842E+11 -0.10000E+01  0.22189E+10  0.40000E+09  43.7
  38  6.00  104.0  100.00  0.22285E+10 295.5  -1.0 110.0  85.2  0.81872E+11 -0.10000E+01  0.22767E+10  0.40000E+09  43.4
  39  6.00  103.8  100.00  0.22893E+10 295.5  -1.0 110.0  85.1  0.82909E+11 -0.10000E+01  0.23401E+10  0.40000E+09  43.1
  40  6.00  103.5  100.00  0.23556E+10 295.5  -1.0 110.0  85.1  0.83952E+11 -0.10000E+01  0.24093E+10  0.40000E+09  42.7
  41  6.00  103.3  100.00  0.24276E+10 295.5  -1.0 110.0  85.0  0.85002E+11 -0.10000E+01  0.24843E+10  0.40000E+09  42.4
  42  6.00  103.0  100.00  0.25057E+10 295.5  -1.0 110.0  85.0  0.86058E+11 -0.10000E+01  0.25659E+10  0.40000E+09  42.0
  43  6.00  102.8  100.00  0.25909E+10 295.4  -1.0 110.0  84.9  0.87121E+11 -0.10000E+01  0.26548E+10  0.40000E+09  41.7
  44  6.00  102.5  100.00  0.26835E+10 295.4  -1.0 110.0  84.9  0.88191E+11 -0.10000E+01  0.27515E+10  0.40000E+09  41.3
  45  6.00  102.2  100.00  0.27837E+10 295.3  -1.0 110.0  84.8  0.89267E+11 -0.10000E+01  0.28562E+10  0.40000E+09  40.9
  46  6.00  101.9  100.00  0.28927E+10 295.1  -1.0 110.0  84.7  0.90659E+11 -0.10000E+01  0.29701E+10  0.40000E+09  40.5
  47  6.00  101.6  100.00  0.30107E+10 294.8  -1.0 110.0  84.7  0.92062E+11 -0.10000E+01  0.30935E+10  0.40000E+09  40.2
  48  6.00  101.3  100.00  0.31387E+10 294.5  -1.0 110.0  84.6  0.93475E+11 -0.10000E+01  0.32273E+10  0.40000E+09  39.8
  49  6.00  101.1  100.00  0.32774E+10 294.2  -1.0 110.0  84.6  0.94900E+11 -0.10000E+01  0.33724E+10  0.40000E+09  39.4
  50  6.00  100.8  100.00  0.34277E+10 293.8  -1.0 110.0  84.5  0.96335E+11 -0.10000E+01  0.35297E+10  0.40000E+09  39.0
  51  6.00  100.5  100.00  0.35903E+10 293.5  -1.0 110.0  84.5  0.97781E+11 -0.10000E+01  0.36999E+10  0.40000E+09  38.6
  52  6.00  100.1  100.00  0.37659E+10 293.1  -1.0 110.0  84.4  0.99237E+11 -0.10000E+01  0.38839E+10  0.40000E+09  38.1
  53  6.00   99.8  100.00  0.39559E+10 292.7  -1.0 110.0  84.3  0.10070E+12 -0.10000E+01  0.40829E+10  0.40000E+09  37.7
  54  6.00   99.5  100.00  0.41611E+10 292.3  -1.0 110.0  84.3  0.10218E+12 -0.10000E+01  0.42980E+10  0.40000E+09  37.3
  55  6.00   99.2  100.00  0.43825E+10 291.9  -1.0 110.0  84.2  0.10367E+12 -0.10000E+01  0.45301E+10  0.40000E+09  36.9
  56  6.00   98.9  100.00  0.46212E+10 291.5  -1.0 110.0  84.2  0.10517E+12 -0.10000E+01  0.47805E+10  0.40000E+09  36.5
  57  6.00   98.6  100.00  0.48785E+10 291.0  -1.0 110.0  84.1  0.10668E+12 -0.10000E+01  0.50505E+10  0.40000E+09  36.1
  58  6.00   98.2  100.00  0.51555E+10 290.6  -1.0 110.0  84.0  0.10820E+12 -0.10000E+01  0.53413E+10  0.40000E+09  35.6
  59  6.00   97.9  100.00  0.54534E+10 290.1  -1.0 110.0  84.0  0.10974E+12 -0.10000E+01  0.56541E+10  0.40000E+09  35.2
  60  6.00   97.6  100.00  0.57734E+10 289.6  -1.0 110.0  83.9  0.11128E+12 -0.10000E+01  0.59903E+10  0.40000E+09  34.8
  61  6.00   97.2  100.00  0.61170E+10 289.0  -1.0 110.0  83.8  0.11283E+12 -0.10000E+01  0.63513E+10  0.40000E+09  34.4
  62  6.00   96.9  100.00  0.64855E+10 288.5  -1.0 110.0  83.8  0.11440E+12 -0.10000E+01  0.67386E+10  0.40000E+09  33.9
  63  6.00   96.5  100.00  0.68802E+10 287.9  -1.0 110.0  83.7  0.11597E+12 -0.10000E+01  0.71537E+10  0.40000E+09  33.5
  64  6.00   96.2  100.00  0.73024E+10 287.3  -1.0 110.0  83.7  0.11756E+12 -0.10000E+01  0.75978E+10  0.40000E+09  33.1
  65  6.00   95.9  100.00  0.77534E+10 286.6  -1.0 110.0  83.6  0.11916E+12 -0.10000E+01  0.80724E+10  0.40000E+09  32.7
  66  6.00   95.5  100.00  0.82345E+10 286.0  -1.0 110.0  83.5  0.12076E+12 -0.10000E+01  0.85787E+10  0.40000E+09  32.2
  67  6.00   95.2  100.00  0.87469E+10 285.3  -1.0 110.0  83.5  0.12238E+12 -0.10000E+01  0.91182E+10  0.40000E+09  31.8
  68  6.00   94.8  100.00  0.92917E+10 284.6  -1.0 110.0  83.4  0.12401E+12 -0.10000E+01  0.96918E+10  0.40000E+09  31.4
  69  6.00   94.5  100.00  0.98699E+10 283.9  -1.0 110.0  83.3  0.12565E+12 -0.10000E+01  0.10301E+11  0.40000E+09  31.0
  70  6.00   94.1  100.00  0.10482E+11 283.1  -1.0 110.0  83.3  0.12730E+12 -0.10000E+01  0.10946E+11  0.40000E+09  30.6
  71  6.00   93.7  100.00  0.11130E+11 282.3  -1.0 110.0  83.2  0.12896E+12 -0.10000E+01  0.11628E+11  0.40000E+09  30.2
  72  6.00   93.4  100.00  0.11812E+11 281.5  -1.0 110.0  83.2  0.13063E+12 -0.10000E+01  0.12348E+11  0.40000E+09  29.8
  73  6.00   93.0  100.00  0.12531E+11 280.6  -1.0 110.0  83.1  0.13232E+12 -0.10000E+01  0.13105E+11  0.40000E+09  29.4
  74  6.00   92.7  100.00  0.13265E+11 279.8  -1.0 110.0  83.0  0.13401E+12 -0.10000E+01  0.13900E+11  0.40000E+09  29.0
  75  6.00   92.3  100.00  0.13998E+11 278.9  -1.0 110.0  83.0  0.13543E+12 -0.10000E+01  0.14733E+11  0.40000E+09  28.7
  76  6.00   91.9  100.00  0.14757E+11 278.1  -1.0 110.0  82.9  0.13685E+12 -0.10000E+01  0.15603E+11  0.40000E+09  28.3
  77  6.00   91.6  100.00  0.15540E+11 277.2  -1.0 110.0  82.9  0.13829E+12 -0.10000E+01  0.16508E+11  0.40000E+09  27.9
  78  6.00   91.2  100.00  0.16346E+11 276.3  -1.0 110.0  82.8  0.13973E+12 -0.10000E+01  0.17447E+11  0.40000E+09  27.6
  79  6.00   90.9  100.00  0.17173E+11 275.3  -1.0 110.0  82.8  0.14118E+12 -0.10000E+01  0.18420E+11  0.40000E+09  27.2
  80  6.00   90.5  100.00  0.18019E+11 274.3  -1.0 110.0  82.7  0.14263E+12 -0.10000E+01  0.19422E+11  0.40000E+09  26.9
  81  6.00   90.1  100.00  0.18882E+11 273.4  -1.0 110.0  82.6  0.14409E+12 -0.10000E+01  0.20453E+11  0.40000E+09  26.5
  82  6.00   89.8  100.00  0.19758E+11 272.4  -1.0 110.0  82.6  0.14556E+12 -0.10000E+01  0.21510E+11  0.40000E+09  26.2
  83  6.00   89.4  100.00  0.20647E+11 271.4  -1.0 110.0  82.5  0.14704E+12 -0.10000E+01  0.22590E+11  0.40000E+09  25.9
  84  6.00   89.1  100.00  0.21545E+11 270.3  -1.0 110.0  82.5  0.14853E+12 -0.10000E+01  0.23690E+11  0.40000E+09  25.5
  85  6.00   88.7  100.00  0.22450E+11 269.3  -1.0 110.0  82.4  0.15002E+12 -0.10000E+01  0.24807E+11  0.40000E+09  25.2
  86  6.00   88.4  100.00  0.23360E+11 268.3  -1.0 110.0  82.4  0.15152E+12 -0.10000E+01  0.25938E+11  0.40000E+09  24.9
  87  6.00   88.0  100.00  0.24272E+11 267.3  -1.0 110.0  82.3  0.15303E+12 -0.10000E+01  0.27079E+11  0.40000E+09  24.6
  88  6.00   87.6  100.00  0.25184E+11 266.2  -1.0 110.0  82.3  0.15454E+12 -0.10000E+01  0.28229E+11  0.40000E+09  24.3
  89  6.00   87.3  100.00  0.26093E+11 265.2  -1.0 110.0  82.3  0.15606E+12 -0.10000E+01  0.29383E+11  0.40000E+09  24.1
  90  6.00   86.9  100.00  0.26999E+11 264.2  -1.0 110.0  82.2  0.15759E+12 -0.10000E+01  0.30540E+11  0.40000E+09  23.8
  91  6.00   86.6  100.00  0.27898E+11 263.2  -1.0 110.0  82.2  0.15913E+12 -0.10000E+01  0.31696E+11  0.40000E+09  23.5
  92  6.00   86.2  100.00  0.28791E+11 262.2  -1.0 110.0  82.1  0.16067E+12 -0.10000E+01  0.32848E+11  0.40000E+09  23.3
  93  6.00   85.9  100.00  0.29674E+11 261.2  -1.0 110.0  82.1  0.16223E+12 -0.10000E+01  0.33996E+11  0.40000E+09  23.0
  94  6.00   85.6  100.00  0.30546E+11 260.3  -1.0 110.0  82.0  0.16379E+12 -0.10000E+01  0.35135E+11  0.40000E+09  22.8
  95  6.00   85.2  100.00  0.31407E+11 259.3  -1.0 110.0  82.0  0.16535E+12 -0.10000E+01  0.36266E+11  0.40000E+09  22.5
  96  6.00   84.9  100.00  0.32256E+11 258.4  -1.0 110.0  82.0  0.16693E+12 -0.10000E+01  0.37385E+11  0.40000E+09  22.3
  97  6.00   84.5  100.00  0.33092E+11 257.5  -1.0 110.0  81.9  0.16851E+12 -0.10000E+01  0.38492E+11  0.40000E+09  22.1
  98  6.00   84.2  100.00  0.33913E+11 256.6  -1.0 110.0  81.9  0.17010E+12 -0.10000E+01  0.39585E+11  0.40000E+09  21.9
  99  6.00   83.9  100.00  0.34720E+11 255.8  -1.0 110.0  81.9  0.17170E+12 -0.10000E+01  0.40663E+11  0.40000E+09  21.7
 100  6.00   83.5  100.00  0.35512E+11 255.0  -1.0 110.0  81.8  0.17330E+12 -0.10000E+01  0.41725E+11  0.40000E+09  21.5
 101  6.00   83.2  100.00  0.36289E+11 254.2  -1.0 110.0  81.8  0.17491E+12 -0.10000E+01  0.42771E+11  0.40000E+09  21.3
 102  6.00   82.9  100.00  0.37050E+11 253.4  -1.0 110.0  81.8  0.17653E+12 -0.10000E+01  0.43799E+11  0.40000E+09  21.1
 103  6.00   82.6  100.00  0.37795E+11 252.7  -1.0 110.0  81.7  0.17816E+12 -0.10000E+01  0.44809E+11  0.40000E+09  20.9
 104  6.00   82.2  100.00  0.38524E+11 252.0  -1.0 110.0  81.7  0.17979E+12 -0.10000E+01  0.45801E+11  0.40000E+09  20.7
 105  6.00   81.9  100.00  0.39237E+11 251.4  -1.0 110.0  81.7  0.18143E+12 -0.10000E+01  0.46775E+11  0.40000E+09  20.5
 106  6.00   81.6  100.00  0.39934E+11 251.2  -1.0 110.0  81.7  0.18353E+12 -0.10000E+01  0.47728E+11  0.40000E+09  20.4
 107  6.00   81.3  100.00  0.40615E+11 251.1  -1.0 110.0  81.6  0.18564E+12 -0.10000E+01  0.48663E+11  0.40000E+09  20.2
 108  6.00   81.0  100.00  0.41280E+11 251.0  -1.0 110.0  81.6  0.18776E+12 -0.10000E+01  0.49579E+11  0.40000E+09  20.1
 109  6.00   80.7  100.00  0.41929E+11 250.9  -1.0 110.0  81.6  0.18989E+12 -0.10000E+01  0.50475E+11  0.40000E+09  19.9
 110  6.00   80.4  100.00  0.42562E+11 250.9  -1.0 110.0  81.6  0.19204E+12 -0.10000E+01  0.51352E+11  0.40000E+09  19.8
 111  6.00   80.1  100.00  0.43180E+11 250.9  -1.0 110.0  81.5  0.19419E+12 -0.10000E+01  0.52210E+11  0.40000E+09  19.7
 112  6.00   79.8  100.00  0.43782E+11 251.0  -1.0 110.0  81.5  0.19636E+12 -0.10000E+01  0.53048E+11  0.40000E+09  19.5
 113  6.00   79.5  100.00  0.44369E+11 251.0  -1.0 110.0  81.5  0.19854E+12 -0.10000E+01  0.53867E+11  0.40000E+09  19.4
 114  6.00   79.2  100.00  0.44940E+11 251.1  -1.0 110.0  81.5  0.20073E+12 -0.10000E+01  0.54667E+11  0.40000E+09  19.3
 115  6.00   78.9  100.00  0.45497E+11 251.3  -1.0 110.0  81.5  0.20294E+12 -0.10000E+01  0.55448E+11  0.40000E+09  19.2
 116  6.00   78.7  100.00  0.46039E+11 251.4  -1.0 110.0  81.4  0.20515E+12 -0.10000E+01  0.56210E+11  0.40000E+09  19.1
 117  6.00   78.4  100.00  0.46566E+11 251.6  -1.0 110.0  81.4  0.20738E+12 -0.10000E+01  0.56954E+11  0.40000E+09  19.0
 118  6.00   78.1  100.00  0.47078E+11 251.8  -1.0 110.0  81.4  0.20962E+12 -0.10000E+01  0.57678E+11  0.40000E+09  18.9
 119  6.00   77.9  100.00  0.47577E+11 252.0  -1.0 110.0  81.4  0.21187E+12 -0.10000E+01  0.58384E+11  0.40000E+09  18.8
 120  6.00   77.6  100.00  0.48061E+11 252.3  -1.0 110.0  81.4  0.21414E+12 -0.10000E+01  0.59072E+11  0.40000E+09  18.7
 121  6.00   77.3  100.00  0.48532E+11 252.6  -1.0 110.0  81.4  0.21641E+12 -0.10000E+01  0.59741E+11  0.40000E+09  18.6
 122  6.00   77.1  100.00  0.48989E+11 252.9  -1.0 110.0  81.3  0.21870E+12 -0.10000E+01  0.60393E+11  0.40000E+09  18.5
 123  6.00   76.8  100.00  0.49432E+11 253.2  -1.0 110.0  81.3  0.22100E+12 -0.10000E+01  0.61026E+11  0.40000E+09  18.4
 124  6.00   76.6  100.00  0.49861E+11 253.6  -1.0 110.0  81.3  0.22332E+12 -0.10000E+01  0.61641E+11  0.40000E+09  18.3
 125  6.00   76.4  100.00  0.50278E+11 254.0  -1.0 110.0  81.3  0.22564E+12 -0.10000E+01  0.62239E+11  0.40000E+09  18.3
 126  6.00   76.1  100.00  0.50681E+11 254.4  -1.0 110.0  81.3  0.22798E+12 -0.10000E+01  0.62819E+11  0.40000E+09  18.2
 127  6.00   75.9  100.00  0.51072E+11 254.8  -1.0 110.0  81.3  0.23033E+12 -0.10000E+01  0.63382E+11  0.40000E+09  18.1
 128  6.00   75.7  100.00  0.51450E+11 255.2  -1.0 110.0  81.3  0.23269E+12 -0.10000E+01  0.63927E+11  0.40000E+09  18.1
 129  6.00   75.5  100.00  0.51815E+11 255.7  -1.0 110.0  81.3  0.23506E+12 -0.10000E+01  0.64455E+11  0.40000E+09  18.0
 130  6.00   75.3  100.00  0.52168E+11 256.1  -1.0 110.0  81.3  0.23744E+12 -0.10000E+01  0.64967E+11  0.40000E+09  17.9
 131  6.00   75.1  100.00  0.52509E+11 256.6  -1.0 110.0  81.2  0.23984E+12 -0.10000E+01  0.65461E+11  0.40000E+09  17.9
 132  6.00   74.9  100.00  0.52837E+11 257.1  -1.0 110.0  81.2  0.24225E+12 -0.10000E+01  0.65938E+11  0.40000E+09  17.8
 133  6.00   74.7  100.00  0.53153E+11 257.6  -1.0 110.0  81.2  0.24467E+12 -0.10000E+01  0.66399E+11  0.40000E+09  17.8
 134  6.00   74.5  100.00  0.53458E+11 258.2  -1.0 110.0  81.2  0.24710E+12 -0.10000E+01  0.66843E+11  0.40000E+09  17.7
 135  6.00   74.3  100.00  0.53751E+11 258.7  -1.0 110.0  81.2  0.24955E+12 -0.10000E+01  0.67271E+11  0.40000E+09  17.7
 136  6.00   74.1  100.00  0.54032E+11 258.7  -1.0 110.0  81.2  0.25054E+12 -0.10000E+01  0.67682E+11  0.40000E+09  17.6
 137  6.00   74.0  100.00  0.54302E+11 258.7  -1.0 110.0  81.2  0.25154E+12 -0.10000E+01  0.68077E+11  0.40000E+09  17.6
 138  6.00   73.8  100.00  0.54561E+11 258.7  -1.0 110.0  81.2  0.25254E+12 -0.10000E+01  0.68456E+11  0.40000E+09  17.6
 139  6.00   73.6  100.00  0.54808E+11 258.7  -1.0 110.0  81.2  0.25354E+12 -0.10000E+01  0.68819E+11  0.40000E+09  17.5
 140  6.00   73.5  100.00  0.55044E+11 258.8  -1.0 110.0  81.2  0.25454E+12 -0.10000E+01  0.69167E+11  0.40000E+09  17.5
 141  6.00   73.3  100.00  0.55270E+11 258.8  -1.0 110.0  81.2  0.25555E+12 -0.10000E+01  0.69498E+11  0.40000E+09  17.4
 142  6.00   73.2  100.00  0.55485E+11 258.9  -1.0 110.0  81.2  0.25655E+12 -0.10000E+01  0.69814E+11  0.40000E+09  17.4
 143  6.00   73.1  100.00  0.55689E+11 259.0  -1.0 110.0  81.2  0.25756E+12 -0.10000E+01  0.70115E+11  0.40000E+09  17.4
 144  6.00   72.9  100.00  0.55882E+11 259.0  -1.0 110.0  81.1  0.25857E+12 -0.10000E+01  0.70400E+11  0.40000E+09  17.3
 145  6.00   72.8  100.00  0.56066E+11 259.2  -1.0 110.0  81.1  0.25958E+12 -0.10000E+01  0.70670E+11  0.40000E+09  17.3
 146  6.00   72.7  100.00  0.56238E+11 259.3  -1.0 110.0  81.1  0.26060E+12 -0.10000E+01  0.70925E+11  0.40000E+09  17.3
 147  6.00   72.6  100.00  0.56401E+11 259.4  -1.0 110.0  81.1  0.26161E+12 -0.10000E+01  0.71165E+11  0.40000E+09  17.3
 148  6.00   72.5  100.00  0.56554E+11 259.6  -1.0 110.0  81.1  0.26263E+12 -0.10000E+01  0.71391E+11  0.40000E+09  17.2
 149  6.00   72.4  100.00  0.56697E+11 259.7  -1.0 110.0  81.1  0.26365E+12 -0.10000E+01  0.71601E+11  0.40000E+09  17.2
 150  6.00   72.3  100.00  0.56830E+11 259.9  -1.0 110.0  81.1  0.26468E+12 -0.10000E+01  0.71797E+11  0.40000E+09  17.2
 151  6.00   72.2  100.00  0.56954E+11 260.1  -1.0 110.0  81.1  0.26570E+12 -0.10000E+01  0.71979E+11  0.40000E+09  17.2
 152  6.00   72.1  100.00  0.57067E+11 260.3  -1.0 110.0  81.1  0.26673E+12 -0.10000E+01  0.72147E+11  0.40000E+09  17.2
 153  6.00   72.1  100.00  0.57172E+11 260.5  -1.0 110.0  81.1  0.26775E+12 -0.10000E+01  0.72300E+11  0.40000E+09  17.1
 154  6.00   72.0  100.00  0.57267E+11 260.7  -1.0 110.0  81.1  0.26878E+12 -0.10000E+01  0.72439E+11  0.40000E+09  17.1
 155  6.00   71.9  100.00  0.57353E+11 261.0  -1.0 110.0  81.1  0.26982E+12 -0.10000E+01  0.72565E+11  0.40000E+09  17.1
 156  6.00   71.9  100.00  0.57429E+11 261.2  -1.0 110.0  81.1  0.27085E+12 -0.10000E+01  0.72676E+11  0.40000E+09  17.1
 157  6.00   71.8  100.00  0.57497E+11 261.5  -1.0 110.0  81.1  0.27189E+12 -0.10000E+01  0.72774E+11  0.40000E+09  17.1
 158  6.00   71.8  100.00  0.57556E+11 261.7  -1.0 110.0  81.1  0.27292E+12 -0.10000E+01  0.72859E+11  0.40000E+09  17.1
 159  6.00   71.8  100.00  0.57606E+11 262.0  -1.0 110.0  81.1  0.27396E+12 -0.10000E+01  0.72930E+11  0.40000E+09  17.1
 160  6.00   71.7  100.00  0.57647E+11 262.3  -1.0 110.0  81.1  0.27501E+12 -0.10000E+01  0.72988E+11  0.40000E+09  17.1
 161  6.00   71.7  100.00  0.57679E+11 262.6  -1.0 110.0  81.1  0.27605E+12 -0.10000E+01  0.73033E+11  0.40000E+09  17.0
 162  6.00   71.7  100.00  0.57703E+11 262.9  -1.0 110.0  81.1  0.27710E+12 -0.10000E+01  0.73065E+11  0.40000E+09  17.0
 163  6.00   71.7  100.00  0.57718E+11 263.2  -1.0 110.0  81.1  0.27814E+12 -0.10000E+01  0.73085E+11  0.40000E+09  17.0
 164  6.00   71.7  100.00  0.57725E+11 263.5  -1.0 110.0  81.1  0.27919E+12 -0.10000E+01  0.73091E+11  0.40000E+09  17.0
 165  6.00   71.6  100.00  0.57724E+11 263.9  -1.0 110.0  81.1  0.28025E+12 -0.10000E+01  0.73085E+11  0.40000E+09  17.0
 166  6.00   71.7  100.00  0.57715E+11 264.2  -1.0 110.0  81.1  0.28130E+12 -0.10000E+01  0.73067E+11  0.40000E+09  17.0
 167  6.00   71.7  100.00  0.57697E+11 263.9  -1.0 110.0  81.1  0.27973E+12 -0.10000E+01  0.73036E+11  0.40000E+09  17.0
 168  6.00   71.7  100.00  0.57671E+11 263.6  -1.0 110.0  81.1  0.27816E+12 -0.10000E+01  0.72993E+11  0.40000E+09  17.0
 169  6.00   71.7  100.00  0.57637E+11 263.3  -1.0 110.0  81.1  0.27659E+12 -0.10000E+01  0.72938E+11  0.40000E+09  17.0
 170  6.00   71.7  100.00  0.57595E+11 263.0  -1.0 110.0  81.1  0.27503E+12 -0.10000E+01  0.72871E+11  0.40000E+09  17.0
 171  6.00   71.7  100.00  0.57545E+11 262.8  -1.0 110.0  81.1  0.27348E+12 -0.10000E+01  0.72792E+11  0.40000E+09  17.0
 172  6.00   71.8  100.00  0.57488E+11 262.5  -1.0 110.0  81.1  0.27193E+12 -0.10000E+01  0.72702E+11  0.40000E+09  17.0
 173  6.00   71.8  100.00  0.57423E+11 262.2  -1.0 110.0  81.1  0.27038E+12 -0.10000E+01  0.72600E+11  0.40000E+09  17.0
 174  6.00   71.9  100.00  0.57350E+11 262.0  -1.0 110.0  81.1  0.26884E+12 -0.10000E+01  0.72486E+11  0.40000E+09  17.0
 175  6.00   71.9  100.00  0.57269E+11 261.7  -1.0 110.0  81.1  0.26730E+12 -0.10000E+01  0.72361E+11  0.40000E+09  17.0
 176  6.00   72.0  100.00  0.57181E+11 261.5  -1.0 110.0  81.1  0.26577E+12 -0.10000E+01  0.72225E+11  0.40000E+09  17.0
 177  6.00   72.0  100.00  0.57086E+11 261.3  -1.0 110.0  81.1  0.26424E+12 -0.10000E+01  0.72078E+11  0.40000E+09  17.0
 178  6.00   72.1  100.00  0.56983E+11 261.0  -1.0 110.0  81.1  0.26271E+12 -0.10000E+01  0.71920E+11  0.40000E+09  17.0
 179  6.00   72.2  100.00  0.56872E+11 260.8  -1.0 110.0  81.1  0.26119E+12 -0.10000E+01  0.71751E+11  0.40000E+09  17.1
 180  6.00   72.2  100.00  0.56755E+11 260.6  -1.0 110.0  81.1  0.25968E+12 -0.10000E+01  0.71571E+11  0.40000E+09  17.1
 181  6.00   72.3  100.00  0.56630E+11 260.4  -1.0 110.0  81.1  0.25816E+12 -0.10000E+01  0.71381E+11  0.40000E+09  17.1
 182  6.00   72.4  100.00  0.56497E+11 260.2  -1.0 110.0  81.1  0.25666E+12 -0.10000E+01  0.71180E+11  0.40000E+09  17.1
 183  6.00   72.5  100.00  0.56358E+11 260.0  -1.0 110.0  81.1  0.25515E+12 -0.10000E+01  0.70968E+11  0.40000E+09  17.1
 184  6.00   72.6  100.00  0.56211E+11 259.9  -1.0 110.0  81.1  0.25366E+12 -0.10000E+01  0.70746E+11  0.40000E+09  17.1
 185  6.00   72.7  100.00  0.56057E+11 259.7  -1.0 110.0  81.1  0.25216E+12 -0.10000E+01  0.70513E+11  0.40000E+09  17.1
 186  6.00   72.8  100.00  0.55895E+11 259.5  -1.0 110.0  81.1  0.25067E+12 -0.10000E+01  0.70271E+11  0.40000E+09  17.2
 187  6.00   72.9  100.00  0.55727E+11 259.4  -1.0 110.0  81.1  0.24919E+12 -0.10000E+01  0.70017E+11  0.40000E+09  17.2
 188  6.00   73.0  100.00  0.55551E+11 259.2  -1.0 110.0  81.1  0.24771E+12 -0.10000E+01  0.69754E+11  0.40000E+09  17.2
 189  6.00   73.1  100.00  0.55369E+11 259.1  -1.0 110.0  81.1  0.24623E+12 -0.10000E+01  0.69481E+11  0.40000E+09  17.2
 190  6.00   73.2  100.00  0.55179E+11 259.0  -1.0 110.0  81.1  0.24476E+12 -0.10000E+01  0.69198E+11  0.40000E+09  17.2
 191  6.00   73.4  100.00  0.54982E+11 258.9  -1.0 110.0  81.1  0.24329E+12 -0.10000E+01  0.68904E+11  0.40000E+09  17.3
 192  6.00   73.5  100.00  0.54778E+11 258.7  -1.0 110.0  81.1  0.24183E+12 -0.10000E+01  0.68601E+11  0.40000E+09  17.3
 193  6.00   73.6  100.00  0.54567E+11 258.6  -1.0 110.0  81.1  0.24037E+12 -0.10000E+01  0.68288E+11  0.40000E+09  17.3
 194  6.00   73.7  100.00  0.54349E+11 258.6  -1.0 110.0  81.2  0.23891E+12 -0.10000E+01  0.67965E+11  0.40000E+09  17.3
 195  6.00   73.9  100.00  0.54124E+11 258.5  -1.0 110.0  81.2  0.23747E+12 -0.10000E+01  0.67633E+11  0.40000E+09  17.4
 196  6.00   74.0  100.00  0.53892E+11 258.4  -1.0 110.0  81.2  0.23602E+12 -0.10000E+01  0.67291E+11  0.40000E+09  17.4
 197  6.00   74.2  100.00  0.53653E+11 258.0  -1.0 110.0  81.2  0.23477E+12 -0.10000E+01  0.66940E+11  0.40000E+09  17.4
 198  6.00   74.3  100.00  0.53408E+11 257.5  -1.0 110.0  81.2  0.23352E+12 -0.10000E+01  0.66581E+11  0.40000E+09  17.5
 199  6.00   74.5  100.00  0.53156E+11 257.1  -1.0 110.0  81.2  0.23228E+12 -0.10000E+01  0.66211E+11  0.40000E+09  17.5
 200  6.00   74.6  100.00  0.52896E+11 256.7  -1.0 110.0  81.2  0.23104E+12 -0.10000E+01  0.65832E+11  0.40000E+09  17.5
 201  6.00   74.8  100.00  0.52630E+11 256.3  -1.0 110.0  81.2  0.22980E+12 -0.10000E+01  0.65444E+11  0.40000E+09  17.6
 202  6.00   74.9  100.00  0.52356E+11 255.9  -1.0 110.0  81.2  0.22856E+12 -0.10000E+01  0.65046E+11  0.40000E+09  17.6
 203  6.00   75.1  100.00  0.52076E+11 255.5  -1.0 110.0  81.2  0.22733E+12 -0.10000E+01  0.64639E+11  0.40000E+09  17.7
 204  6.00   75.3  100.00  0.51788E+11 255.1  -1.0 110.0  81.2  0.22611E+12 -0.10000E+01  0.64223E+11  0.40000E+09  17.7
 205  6.00   75.4  100.00  0.51493E+11 254.8  -1.0 110.0  81.2  0.22488E+12 -0.10000E+01  0.63797E+11  0.40000E+09  17.8
 206  6.00   75.6  100.00  0.51192E+11 254.4  -1.0 110.0  81.2  0.22366E+12 -0.10000E+01  0.63362E+11  0.40000E+09  17.8
 207  6.00   75.8  100.00  0.50883E+11 254.1  -1.0 110.0  81.2  0.22244E+12 -0.10000E+01  0.62918E+11  0.40000E+09  17.9
 208  6.00   76.0  100.00  0.50567E+11 253.8  -1.0 110.0  81.3  0.22123E+12 -0.10000E+01  0.62464E+11  0.40000E+09  17.9
 209  6.00   76.2  100.00  0.50244E+11 253.5  -1.0 110.0  81.3  0.22002E+12 -0.10000E+01  0.62001E+11  0.40000E+09  18.0
 210  6.00   76.3  100.00  0.49914E+11 253.2  -1.0 110.0  81.3  0.21881E+12 -0.10000E+01  0.61530E+11  0.40000E+09  18.0
 211  6.00   76.5  100.00  0.49576E+11 252.9  -1.0 110.0  81.3  0.21761E+12 -0.10000E+01  0.61049E+11  0.40000E+09  18.1
 212  6.00   76.7  100.00  0.49232E+11 252.6  -1.0 110.0  81.3  0.21641E+12 -0.10000E+01  0.60559E+11  0.40000E+09  18.2
 213  6.00   76.9  100.00  0.48881E+11 252.4  -1.0 110.0  81.3  0.21521E+12 -0.10000E+01  0.60060E+11  0.40000E+09  18.2
 214  6.00   77.1  100.00  0.48522E+11 252.1  -1.0 110.0  81.3  0.21401E+12 -0.10000E+01  0.59552E+11  0.40000E+09  18.3
 215  6.00   77.3  100.00  0.48157E+11 251.9  -1.0 110.0  81.3  0.21282E+12 -0.10000E+01  0.59035E+11  0.40000E+09  18.4
 216  6.00   77.5  100.00  0.47784E+11 251.7  -1.0 110.0  81.3  0.21163E+12 -0.10000E+01  0.58509E+11  0.40000E+09  18.4
 217  6.00   77.7  100.00  0.47404E+11 251.4  -1.0 110.0  81.4  0.21045E+12 -0.10000E+01  0.57974E+11  0.40000E+09  18.5
 218  6.00   77.9  100.00  0.47017E+11 251.2  -1.0 110.0  81.4  0.20927E+12 -0.10000E+01  0.57431E+11  0.40000E+09  18.6
 219  6.00   78.1  100.00  0.46623E+11 251.1  -1.0 110.0  81.4  0.20809E+12 -0.10000E+01  0.56878E+11  0.40000E+09  18.7
 220  6.00   78.3  100.00  0.46222E+11 250.9  -1.0 110.0  81.4  0.20692E+12 -0.10000E+01  0.56317E+11  0.40000E+09  18.8
 221  6.00   78.5  100.00  0.45814E+11 250.7  -1.0 110.0  81.4  0.20575E+12 -0.10000E+01  0.55746E+11  0.40000E+09  18.8
 222  6.00   78.7  100.00  0.45399E+11 250.6  -1.0 110.0  81.4  0.20458E+12 -0.10000E+01  0.55167E+11  0.40000E+09  18.9
 223  6.00   79.0  100.00  0.44976E+11 250.4  -1.0 110.0  81.4  0.20341E+12 -0.10000E+01  0.54580E+11  0.40000E+09  19.0
 224  6.00   79.2  100.00  0.44546E+11 250.3  -1.0 110.0  81.5  0.20225E+12 -0.10000E+01  0.53983E+11  0.40000E+09  19.1
 225  6.00   79.4  100.00  0.44110E+11 250.2  -1.0 110.0  81.5  0.20109E+12 -0.10000E+01  0.53378E+11  0.40000E+09  19.2
 226  6.00   79.6  100.00  0.43666E+11 250.1  -1.0 110.0  81.5  0.19994E+12 -0.10000E+01  0.52764E+11  0.40000E+09  19.3
 227  6.00   79.8  100.00  0.43215E+11 250.0  -1.0 110.0  81.5  0.19879E+12 -0.10000E+01  0.52142E+11  0.40000E+09  19.4
 228  6.00   80.0  100.00  0.42758E+11 250.0  -1.0 110.0  81.5  0.19708E+12 -0.10000E+01  0.51512E+11  0.40000E+09  19.5
 229  6.00   80.3  100.00  0.42293E+11 250.0  -1.0 110.0  81.5  0.19537E+12 -0.10000E+01  0.50873E+11  0.40000E+09  19.6
 230  6.00   80.5  100.00  0.41821E+11 250.1  -1.0 110.0  81.6  0.19367E+12 -0.10000E+01  0.50226E+11  0.40000E+09  19.7
 231  6.00   80.7  100.00  0.41342E+11 250.1  -1.0 110.0  81.6  0.19198E+12 -0.10000E+01  0.49570E+11  0.40000E+09  19.9
 232  6.00   80.9  100.00  0.40856E+11 250.2  -1.0 110.0  81.6  0.19030E+12 -0.10000E+01  0.48906E+11  0.40000E+09  20.0
 233  6.00   81.2  100.00  0.40363E+11 250.3  -1.0 110.0  81.6  0.18862E+12 -0.10000E+01  0.48233E+11  0.40000E+09  20.1
 234  6.00   81.4  100.00  0.39863E+11 250.4  -1.0 110.0  81.6  0.18696E+12 -0.10000E+01  0.47552E+11  0.40000E+09  20.2
 235  6.00   81.6  100.00  0.39356E+11 250.5  -1.0 110.0  81.7  0.18530E+12 -0.10000E+01  0.46863E+11  0.40000E+09  20.3
 236  6.00   81.9  100.00  0.38841E+11 250.7  -1.0 110.0  81.7  0.18364E+12 -0.10000E+01  0.46165E+11  0.40000E+09  20.5
 237  6.00   82.1  100.00  0.38320E+11 250.8  -1.0 110.0  81.7  0.18200E+12 -0.10000E+01  0.45459E+11  0.40000E+09  20.6
 238  6.00   82.3  100.00  0.37791E+11 251.0  -1.0 110.0  81.7  0.18036E+12 -0.10000E+01  0.44745E+11  0.40000E+09  20.7
 239  6.00   82.6  100.00  0.37255E+11 251.1  -1.0 110.0  81.7  0.17873E+12 -0.10000E+01  0.44024E+11  0.40000E+09  20.9
 240  6.00   82.8  100.00  0.36713E+11 251.3  -1.0 110.0  81.8  0.17710E+12 -0.10000E+01  0.43294E+11  0.40000E+09  21.0
 241  6.00   83.0  100.00  0.36163E+11 251.5  -1.0 110.0  81.8  0.17549E+12 -0.10000E+01  0.42557E+11  0.40000E+09  21.2
 242  6.00   83.3  100.00  0.35607E+11 251.8  -1.0 110.0  81.8  0.17388E+12 -0.10000E+01  0.41812E+11  0.40000E+09  21.3
 243  6.00   83.5  100.00  0.35044E+11 252.0  -1.0 110.0  81.8  0.17228E+12 -0.10000E+01  0.41060E+11  0.40000E+09  21.5
 244  6.00   83.8  100.00  0.34474E+11 252.3  -1.0 110.0  81.9  0.17068E+12 -0.10000E+01  0.40301E+11  0.40000E+09  21.6
 245  6.00   84.0  100.00  0.33897E+11 252.5  -1.0 110.0  81.9  0.16910E+12 -0.10000E+01  0.39534E+11  0.40000E+09  21.8
 246  6.00   84.3  100.00  0.33314E+11 252.8  -1.0 110.0  81.9  0.16752E+12 -0.10000E+01  0.38762E+11  0.40000E+09  21.9
 247  6.00   84.5  100.00  0.32724E+11 253.1  -1.0 110.0  81.9  0.16595E+12 -0.10000E+01  0.37983E+11  0.40000E+09  22.1
 248  6.00   84.7  100.00  0.32129E+11 253.4  -1.0 110.0  82.0  0.16438E+12 -0.10000E+01  0.37198E+11  0.40000E+09  22.3
 249  6.00   85.0  100.00  0.31527E+11 253.7  -1.0 110.0  82.0  0.16282E+12 -0.10000E+01  0.36407E+11  0.40000E+09  22.4
 250  6.00   85.2  100.00  0.30920E+11 254.1  -1.0 110.0  82.0  0.16127E+12 -0.10000E+01  0.35612E+11  0.40000E+09  22.6
 251  6.00   85.5  100.00  0.30307E+11 254.4  -1.0 110.0  82.1  0.15973E+12 -0.10000E+01  0.34811E+11  0.40000E+09  22.8
 252  6.00   85.7  100.00  0.29689E+11 254.8  -1.0 110.0  82.1  0.15820E+12 -0.10000E+01  0.34007E+11  0.40000E+09  23.0
 253  6.00   86.0  100.00  0.29067E+11 255.1  -1.0 110.0  82.1  0.15667E+12 -0.10000E+01  0.33199E+11  0.40000E+09  23.2
 254  6.00   86.2  100.00  0.28439E+11 255.5  -1.0 110.0  82.1  0.15515E+12 -0.10000E+01  0.32388E+11  0.40000E+09  23.4
 255  6.00   86.5  100.00  0.27808E+11 255.9  -1.0 110.0  82.2  0.15364E+12 -0.10000E+01  0.31574E+11  0.40000E+09  23.5
 256  6.00   86.7  100.00  0.27173E+11 256.3  -1.0 110.0  82.2  0.15213E+12 -0.10000E+01  0.30759E+11  0.40000E+09  23.7
 257  6.00   87.0  100.00  0.26534E+11 256.7  -1.0 110.0  82.2  0.15063E+12 -0.10000E+01  0.29944E+11  0.40000E+09  23.9
 258  6.00   87.2  100.00  0.25894E+11 257.1  -1.0 110.0  82.3  0.14914E+12 -0.10000E+01  0.29128E+11  0.40000E+09  24.1
 259  6.00   87.5  100.00  0.25251E+11 257.9  -1.0 110.0  82.3  0.14798E+12 -0.10000E+01  0.28314E+11  0.40000E+09  24.3
 260  6.00   87.7  100.00  0.24607E+11 258.7  -1.0 110.0  82.3  0.14682E+12 -0.10000E+01  0.27501E+11  0.40000E+09  24.5
 261  6.00   88.0  100.00  0.23962E+11 259.5  -1.0 110.0  82.4  0.14567E+12 -0.10000E+01  0.26691E+11  0.40000E+09  24.8
 262  6.00   88.2  100.00  0.23317E+11 260.3  -1.0 110.0  82.4  0.14452E+12 -0.10000E+01  0.25885E+11  0.40000E+09  25.0
 263  6.00   88.5  100.00  0.22672E+11 261.1  -1.0 110.0  82.4  0.14337E+12 -0.10000E+01  0.25083E+11  0.40000E+09  25.2
 264  6.00   88.8  100.00  0.22029E+11 261.9  -1.0 110.0  82.5  0.14223E+12 -0.10000E+01  0.24288E+11  0.40000E+09  25.4
 265  6.00   89.0  100.00  0.21389E+11 262.7  -1.0 110.0  82.5  0.14109E+12 -0.10000E+01  0.23499E+11  0.40000E+09  25.6
 266  6.00   89.3  100.00  0.20751E+11 263.5  -1.0 110.0  82.5  0.13996E+12 -0.10000E+01  0.22718E+11  0.40000E+09  25.9
 267  6.00   89.5  100.00  0.20117E+11 264.3  -1.0 110.0  82.6  0.13884E+12 -0.10000E+01  0.21945E+11  0.40000E+09  26.1
 268  6.00   89.8  100.00  0.19487E+11 265.1  -1.0 110.0  82.6  0.13771E+12 -0.10000E+01  0.21183E+11  0.40000E+09  26.3
 269  6.00   90.1  100.00  0.18863E+11 265.9  -1.0 110.0  82.6  0.13659E+12 -0.10000E+01  0.20432E+11  0.40000E+09  26.6
 270  6.00   90.3  100.00  0.18246E+11 266.6  -1.0 110.0  82.7  0.13548E+12 -0.10000E+01  0.19693E+11  0.40000E+09  26.8
 271  6.00   90.6  100.00  0.17636E+11 267.4  -1.0 110.0  82.7  0.13437E+12 -0.10000E+01  0.18967E+11  0.40000E+09  27.0
 272  6.00   90.8  100.00  0.17034E+11 268.2  -1.0 110.0  82.8  0.13327E+12 -0.10000E+01  0.18255E+11  0.40000E+09  27.3
 273  6.00   91.1  100.00  0.16441E+11 268.9  -1.0 110.0  82.8  0.13217E+12 -0.10000E+01  0.17557E+11  0.40000E+09  27.5
 274  6.00   91.4  100.00  0.15857E+11 269.7  -1.0 110.0  82.8  0.13107E+12 -0.10000E+01  0.16875E+11  0.40000E+09  27.8
 275  6.00   91.6  100.00  0.15284E+11 270.4  -1.0 110.0  82.9  0.12998E+12 -0.10000E+01  0.16210E+11  0.40000E+09  28.1
 276  6.00   91.9  100.00  0.14722E+11 271.1  -1.0 110.0  82.9  0.12890E+12 -0.10000E+01  0.15561E+11  0.40000E+09  28.3
 277  6.00   92.1  100.00  0.14171E+11 271.8  -1.0 110.0  83.0  0.12781E+12 -0.10000E+01  0.14930E+11  0.40000E+09  28.6
 278  6.00   92.4  100.00  0.13633E+11 272.5  -1.0 110.0  83.0  0.12674E+12 -0.10000E+01  0.14317E+11  0.40000E+09  28.9
 279  6.00   92.7  100.00  0.13108E+11 273.2  -1.0 110.0  83.0  0.12566E+12 -0.10000E+01  0.13722E+11  0.40000E+09  29.1
 280  6.00   92.9  100.00  0.12569E+11 273.9  -1.0 110.0  83.1  0.12460E+12 -0.10000E+01  0.13145E+11  0.40000E+09  29.4
 281  6.00   93.2  100.00  0.12041E+11 274.6  -1.0 110.0  83.1  0.12353E+12 -0.10000E+01  0.12588E+11  0.40000E+09  29.7
 282  6.00   93.5  100.00  0.11530E+11 275.2  -1.0 110.0  83.2  0.12248E+12 -0.10000E+01  0.12049E+11  0.40000E+09  30.0
 283  6.00   93.7  100.00  0.11037E+11 275.9  -1.0 110.0  83.2  0.12142E+12 -0.10000E+01  0.11530E+11  0.40000E+09  30.2
 284  6.00   94.0  100.00  0.10562E+11 276.5  -1.0 110.0  83.3  0.12037E+12 -0.10000E+01  0.11029E+11  0.40000E+09  30.5
 285  6.00   94.2  100.00  0.10105E+11 277.1  -1.0 110.0  83.3  0.11933E+12 -0.10000E+01  0.10548E+11  0.40000E+09  30.8
 286  6.00   94.5  100.00  0.96662E+10 277.7  -1.0 110.0  83.4  0.11829E+12 -0.10000E+01  0.10085E+11  0.40000E+09  31.1
 287  6.00   94.8  100.00  0.92447E+10 278.3  -1.0 110.0  83.4  0.11725E+12 -0.10000E+01  0.96412E+10  0.40000E+09  31.4
 288  6.00   95.0  100.00  0.88404E+10 278.8  -1.0 110.0  83.4  0.11622E+12 -0.10000E+01  0.92154E+10  0.40000E+09  31.7
 289  6.00   95.3  100.00  0.84532E+10 279.4  -1.0 110.0  83.5  0.11495E+12 -0.10000E+01  0.88078E+10  0.40000E+09  32.0
 290  6.00   95.6  100.00  0.80826E+10 279.9  -1.0 110.0  83.5  0.11370E+12 -0.10000E+01  0.84177E+10  0.40000E+09  32.3
 291  6.00   95.8  100.00  0.77284E+10 280.4  -1.0 110.0  83.6  0.11245E+12 -0.10000E+01  0.80449E+10  0.40000E+09  32.6
 292  6.00   96.1  100.00  0.73899E+10 280.9  -1.0 110.0  83.6  0.11121E+12 -0.10000E+01  0.76888E+10  0.40000E+09  32.9
 293  6.00   96.3  100.00  0.70670E+10 281.4  -1.0 110.0  83.7  0.10997E+12 -0.10000E+01  0.73491E+10  0.40000E+09  33.2
 294  6.00   96.6  100.00  0.67590E+10 281.9  -1.0 110.0  83.7  0.10874E+12 -0.10000E+01  0.70253E+10  0.40000E+09  33.5
 295  6.00   96.8  100.00  0.64657E+10 282.3  -1.0 110.0  83.8  0.10752E+12 -0.10000E+01  0.67169E+10  0.40000E+09  33.8
 296  6.00   97.1  100.00  0.61864E+10 282.8  -1.0 110.0  83.8  0.10631E+12 -0.10000E+01  0.64233E+10  0.40000E+09  34.2
 297  6.00   97.4  100.00  0.59207E+10 283.2  -1.0 110.0  83.9  0.10510E+12 -0.10000E+01  0.61441E+10  0.40000E+09  34.5
 298  6.00   97.6  100.00  0.56681E+10 283.7  -1.0 110.0  83.9  0.10390E+12 -0.10000E+01  0.58788E+10  0.40000E+09  34.8
 299  6.00   97.9  100.00  0.54281E+10 284.1  -1.0 110.0  84.0  0.10270E+12 -0.10000E+01  0.56268E+10  0.40000E+09  35.1
 300  6.00   98.1  100.00  0.52003E+10 284.5  -1.0 110.0  84.0  0.10151E+12 -0.10000E+01  0.53876E+10  0.40000E+09  35.4
 301  6.00   98.4  100.00  0.49843E+10 284.9  -1.0 110.0  84.1  0.10033E+12 -0.10000E+01  0.51608E+10  0.40000E+09  35.8
 302  6.00   98.6  100.00  0.47793E+10 285.3  -1.0 110.0  84.1  0.99161E+11 -0.10000E+01  0.49458E+10  0.40000E+09  36.1
 303  6.00   98.9  100.00  0.45852E+10 285.7  -1.0 110.0  84.2  0.97994E+11 -0.10000E+01  0.47422E+10  0.40000E+09  36.4
 304  6.00   99.1  100.00  0.44013E+10 286.0  -1.0 110.0  84.2  0.96834E+11 -0.10000E+01  0.45493E+10  0.40000E+09  36.7
 305  6.00   99.4  100.00  0.42272E+10 286.4  -1.0 110.0  84.3  0.95682E+11 -0.10000E+01  0.43668E+10  0.40000E+09  37.1
 306  6.00   99.6  100.00  0.40625E+10 286.7  -1.0 110.0  84.3  0.94536E+11 -0.10000E+01  0.41942E+10  0.40000E+09  37.4
 307  6.00   99.9  100.00  0.39070E+10 287.1  -1.0 110.0  84.3  0.93397E+11 -0.10000E+01  0.40313E+10  0.40000E+09  37.7
 308  6.00  100.1  100.00  0.37598E+10 287.4  -1.0 110.0  84.4  0.92265E+11 -0.10000E+01  0.38771E+10  0.40000E+09  38.0
 309  6.00  100.4  100.00  0.36209E+10 287.7  -1.0 110.0  84.4  0.91140E+11 -0.10000E+01  0.37317E+10  0.40000E+09  38.4
 310  6.00  100.6  100.00  0.34898E+10 288.0  -1.0 110.0  84.5  0.90021E+11 -0.10000E+01  0.35945E+10  0.40000E+09  38.7
 311  6.00  100.8  100.00  0.33661E+10 288.3  -1.0 110.0  84.5  0.88910E+11 -0.10000E+01  0.34651E+10  0.40000E+09  39.0
 312  6.00  101.1  100.00  0.32495E+10 288.6  -1.0 110.0  84.6  0.87806E+11 -0.10000E+01  0.33431E+10  0.40000E+09  39.3
 313  6.00  101.3  100.00  0.31395E+10 288.9  -1.0 110.0  84.6  0.86708E+11 -0.10000E+01  0.32280E+10  0.40000E+09  39.7
 314  6.00  101.5  100.00  0.30360E+10 289.2  -1.0 110.0  84.7  0.85617E+11 -0.10000E+01  0.31198E+10  0.40000E+09  40.0
 315  6.00  101.8  100.00  0.29385E+10 289.4  -1.0 110.0  84.7  0.84534E+11 -0.10000E+01  0.30180E+10  0.40000E+09  40.3
 316  6.00  102.0  100.00  0.28469E+10 289.7  -1.0 110.0  84.8  0.83457E+11 -0.10000E+01  0.29222E+10  0.40000E+09  40.6
 317  6.00  102.2  100.00  0.27606E+10 289.9  -1.0 110.0  84.8  0.82387E+11 -0.10000E+01  0.28321E+10  0.40000E+09  40.9
 318  6.00  102.4  100.00  0.26796E+10 290.2  -1.0 110.0  84.9  0.81324E+11 -0.10000E+01  0.27475E+10  0.40000E+09  41.2
 319  6.00  102.7  100.00  0.26034E+10 290.4  -1.0 110.0  84.9  0.80268E+11 -0.10000E+01  0.26680E+10  0.40000E+09  41.6
 320  6.00  102.9  100.00  0.25319E+10 290.6  -1.0 110.0  84.9  0.79375E+11 -0.10000E+01  0.25933E+10  0.40000E+09  41.9
 321  6.00  103.1  100.00  0.24648E+10 290.8  -1.0 110.0  85.0  0.78486E+11 -0.10000E+01  0.25233E+10  0.40000E+09  42.2
 322  6.00  103.3  100.00  0.24017E+10 291.0  -1.0 110.0  85.0  0.77603E+11 -0.10000E+01  0.24574E+10  0.40000E+09  42.5
 323  6.00  103.5  100.00  0.23426E+10 291.2  -1.0 110.0  85.1  0.76725E+11 -0.10000E+01  0.23959E+10  0.40000E+09  42.8
 324  6.00  103.7  100.00  0.22872E+10 291.4  -1.0 110.0  85.1  0.75852E+11 -0.10000E+01  0.23381E+10  0.40000E+09  43.1
 325  6.00  103.9  100.00  0.22356E+10 291.5  -1.0 110.0  85.2  0.74983E+11 -0.10000E+01  0.22843E+10  0.40000E+09  43.4
 326  6.00  104.1  100.00  0.21869E+10 291.7  -1.0 110.0  85.2  0.74120E+11 -0.10000E+01  0.22335E+10  0.40000E+09  43.6
 327  6.00  104.3  100.00  0.21415E+10 291.9  -1.0 110.0  85.2  0.73262E+11 -0.10000E+01  0.21862E+10  0.40000E+09  43.9
 328  6.00  104.5  100.00  0.20991E+10 292.0  -1.0 110.0  85.3  0.72408E+11 -0.10000E+01  0.21420E+10  0.40000E+09  44.2
 329  6.00  104.7  100.00  0.20594E+10 292.2  -1.0 110.0  85.3  0.71560E+11 -0.10000E+01  0.21007E+10  0.40000E+09  44.5
 330  6.00  104.9  100.00  0.20221E+10 292.3  -1.0 110.0  85.4  0.70717E+11 -0.10000E+01  0.20618E+10  0.40000E+09  44.7
 331  6.00  105.1  100.00  0.19875E+10 292.4  -1.0 110.0  85.4  0.69878E+11 -0.10000E+01  0.20258E+10  0.40000E+09  45.0
 332  6.00  105.3  100.00  0.19552E+10 292.6  -1.0 110.0  85.4  0.69045E+11 -0.10000E+01  0.19923E+10  0.40000E+09  45.3
 333  6.00  105.5  100.00  0.19250E+10 292.7  -1.0 110.0  85.5  0.68217E+11 -0.10000E+01  0.19608E+10  0.40000E+09  45.5
 334  6.00  105.7  100.00  0.18968E+10 292.8  -1.0 110.0  85.5  0.67394E+11 -0.10000E+01  0.19314E+10  0.40000E+09  45.8
 335  6.00  105.8  100.00  0.18939E+10 292.9  -1.0 110.0  85.5  0.66575E+11 -0.10000E+01  0.19287E+10  0.40000E+09  46.0
 336  6.00  106.0  100.00  0.18933E+10 292.9  -1.0 110.0  85.6  0.65762E+11 -0.10000E+01  0.19283E+10  0.40000E+09  46.2
 337  6.00  106.2  100.00  0.18926E+10 292.9  -1.0 110.0  85.6  0.64954E+11 -0.10000E+01  0.19279E+10  0.40000E+09  46.5
 338  6.00  106.3  100.00  0.18920E+10 293.0  -1.0 110.0  85.6  0.64150E+11 -0.10000E+01  0.19275E+10  0.40000E+09  46.7
 339  6.00  106.5  100.00  0.18914E+10 293.0  -1.0 110.0  85.7  0.63352E+11 -0.10000E+01  0.19272E+10  0.40000E+09  46.9
 340  6.00  106.6  100.00  0.18908E+10 293.1  -1.0 110.0  85.7  0.62559E+11 -0.10000E+01  0.19268E+10  0.40000E+09  47.1
 341  6.00  106.8  100.00  0.18901E+10 293.1  -1.0 110.0  85.7  0.61770E+11 -0.10000E+01  0.19264E+10  0.40000E+09  47.3
 342  6.00  106.9  100.00  0.18895E+10 293.1  -1.0 110.0  85.7  0.60987E+11 -0.10000E+01  0.19260E+10  0.40000E+09  47.5
 343  6.00  107.1  100.00  0.18890E+10 293.2  -1.0 110.0  85.8  0.60209E+11 -0.10000E+01  0.19256E+10  0.40000E+09  47.7
 344  6.00  107.2  100.00  0.18884E+10 293.2  -1.0 110.0  85.8  0.59435E+11 -0.10000E+01  0.19252E+10  0.40000E+09  47.9
 345  6.00  107.3  100.00  0.18878E+10 293.2  -1.0 110.0  85.8  0.58667E+11 -0.10000E+01  0.19249E+10  0.40000E+09  48.0
 346  6.00  107.4  100.00  0.18872E+10 293.2  -1.0 110.0  85.8  0.57904E+11 -0.10000E+01  0.19245E+10  0.40000E+09  48.2
 347  6.00  107.6  100.00  0.18867E+10 293.3  -1.0 110.0  85.9  0.57146E+11 -0.10000E+01  0.19241E+10  0.40000E+09  48.3
 348  6.00  107.7  100.00  0.18861E+10 293.3  -1.0 110.0  85.9  0.56392E+11 -0.10000E+01  0.19237E+10  0.40000E+09  48.5
 349  6.00  107.8  100.00  0.18856E+10 293.3  -1.0 110.0  85.9  0.55644E+11 -0.10000E+01  0.19233E+10  0.40000E+09  48.6
 350  6.00  107.9  100.00  0.18851E+10 293.1  -1.0 110.0  85.9  0.55275E+11 -0.10000E+01  0.19230E+10  0.40000E+09  48.8
 351  6.00  108.0  100.00  0.18846E+10 292.8  -1.0 110.0  85.9  0.54907E+11 -0.10000E+01  0.19226E+10  0.40000E+09  48.9
 352  6.00  108.1  100.00  0.18841E+10 292.6  -1.0 110.0  85.9  0.54540E+11 -0.10000E+01  0.19222E+10  0.40000E+09  49.0
 353  6.00  108.2  100.00  0.18836E+10 292.3  -1.0 110.0  86.0  0.54175E+11 -0.10000E+01  0.19218E+10  0.40000E+09  49.1
 354  6.00  108.2  100.00  0.18831E+10 292.1  -1.0 110.0  86.0  0.53811E+11 -0.10000E+01  0.19215E+10  0.40000E+09  49.2
 355  6.00  108.3  100.00  0.18826E+10 291.8  -1.0 110.0  86.0  0.53448E+11 -0.10000E+01  0.19211E+10  0.40000E+09  49.3
 356  6.00  108.4  100.00  0.18822E+10 291.6  -1.0 110.0  86.0  0.53086E+11 -0.10000E+01  0.19207E+10  0.40000E+09  49.4
 357  6.00  108.4  100.00  0.18817E+10 291.3  -1.0 110.0  86.0  0.52726E+11 -0.10000E+01  0.19204E+10  0.40000E+09  49.5
 358  6.00  108.5  100.00  0.18813E+10 291.1  -1.0 110.0  86.0  0.52366E+11 -0.10000E+01  0.19200E+10  0.40000E+09  49.5
 359  6.00  108.5  100.00  0.18809E+10 290.8  -1.0 110.0  86.0  0.52008E+11 -0.10000E+01  0.19196E+10  0.40000E+09  49.6
 360  6.00  108.6  100.00  0.18805E+10 290.6  -1.0 110.0  86.0  0.51652E+11 -0.10000E+01  0.19192E+10  0.40000E+09  49.6
 361  6.00  108.6  100.00  0.18801E+10 290.3  -1.0 110.0  86.0  0.51296E+11 -0.10000E+01  0.19189E+10  0.40000E+09  49.7
 362  6.00  108.6  100.00  0.18797E+10 290.1  -1.0 110.0  86.0  0.50942E+11 -0.10000E+01  0.19185E+10  0.40000E+09  49.7
 363  6.00  108.7  100.00  0.18793E+10 289.8  -1.0 110.0  86.0  0.50588E+11 -0.10000E+01  0.19181E+10  0.40000E+09  49.7
 364  6.00  108.7  100.00  0.18789E+10 289.6  -1.0 110.0  86.0  0.50237E+11 -0.10000E+01  0.19178E+10  0.40000E+09  49.7
 365  6.00  108.7  100.00  0.18786E+10 289.3  -1.0 110.0  86.0  0.49886E+11 -0.10000E+01  0.19174E+10  0.40000E+09  49.7
